make clean
make[1]: Entering directory '/work/gitlab/tensorrt-cookbook-in-chinese/05-Plugin/loadNpz'
rm -rf ./*.d ./*.o ./*.so ./*.exe ./*.plan ./*.npz
make[1]: Leaving directory '/work/gitlab/tensorrt-cookbook-in-chinese/05-Plugin/loadNpz'
make -j2
make[1]: Entering directory '/work/gitlab/tensorrt-cookbook-in-chinese/05-Plugin/loadNpz'
/usr/local/cuda/bin/nvcc -w -std=c++14 -O3 -UDEBUG -Xcompiler -fPIC -use_fast_math -I. -I/usr/local/cuda/include -I/usr/lib/x86_64-linux-gnu/include -M -MT cnpy.o -o cnpy.d cnpy.cpp
/usr/local/cuda/bin/nvcc -w -std=c++14 -O3 -UDEBUG -Xcompiler -fPIC -gencode=arch=compute_60,code=sm_60 -gencode=arch=compute_61,code=sm_61 -gencode=arch=compute_70,code=sm_70 -gencode=arch=compute_75,code=sm_75 -gencode=arch=compute_80,code=sm_80 -gencode=arch=compute_86,code=sm_86 -I. -I/usr/local/cuda/include -I/usr/lib/x86_64-linux-gnu/include -M -MT LoadNpzPlugin.o -o LoadNpzPlugin.d LoadNpzPlugin.cu
/usr/local/cuda/bin/nvcc -w -std=c++14 -O3 -UDEBUG -Xcompiler -fPIC -use_fast_math -I. -I/usr/local/cuda/include -I/usr/lib/x86_64-linux-gnu/include -o cnpy.o -c cnpy.cpp
/usr/local/cuda/bin/nvcc -w -std=c++14 -O3 -UDEBUG -Xcompiler -fPIC -gencode=arch=compute_60,code=sm_60 -gencode=arch=compute_61,code=sm_61 -gencode=arch=compute_70,code=sm_70 -gencode=arch=compute_75,code=sm_75 -gencode=arch=compute_80,code=sm_80 -gencode=arch=compute_86,code=sm_86 -I. -I/usr/local/cuda/include -I/usr/lib/x86_64-linux-gnu/include -o LoadNpzPlugin.o -c LoadNpzPlugin.cu
/usr/local/cuda/bin/nvcc -shared -L/usr/local/cuda/lib64 -lcudart -L/usr/lib/x86_64-linux-gnu/lib -lnvinfer -lz -o LoadNpzPlugin.so LoadNpzPlugin.o cnpy.o
rm LoadNpzPlugin.o
make[1]: Leaving directory '/work/gitlab/tensorrt-cookbook-in-chinese/05-Plugin/loadNpz'
python3 createData.py
Succeeded Saving .npz data!
python3 ./testLoadNpzPlugin.py
Succeeded Saving .npz data!
Test
Succeeded building engine!
check:True, absDiff=0.000000, relDiff=0.000000
Test finish!

Test all finish!
