[TensorRT-Cookbook] Version: 1.0.0
[07/07/2026-01:46:00] [TRT] [W] ModelImporter.cpp:994: Make sure output z has Int64 binding.
[07/07/2026-01:46:10] [TRT] [I] Loaded engine size: 113 MiB
[07/07/2026-01:46:11] [TRT] [V] Loaded shared library leanRuntime
[07/07/2026-01:46:11] [TRT] [I] Loaded engine size: 113 MiB
[07/07/2026-01:46:11] [TRT] [V] Deserialization required 2846 microseconds.
[07/07/2026-01:46:11] [TRT] [V] Total per-runner device persistent memory is 0
[07/07/2026-01:46:11] [TRT] [V] Total per-runner host persistent memory is 21568
[07/07/2026-01:46:11] [TRT] [V] Allocated device scratch memory of size 1186304
[07/07/2026-01:46:11] [TRT] [V] - Runner scratch: 1186304 bytes
[07/07/2026-01:46:11] [TRT] [I] [MemUsageChange] TensorRT-managed allocation in IExecutionContext creation: CPU +0, GPU +1, now: CPU 0, GPU 13 (MiB)
[07/07/2026-01:46:11] [TRT] [V] CUDA lazy loading is enabled.
[07/07/2026-01:46:11] [TRT] [W] Using default stream in enqueueV3() may lead to performance issues due to additional calls to cudaStreamSynchronize() by TensorRT to ensure correct synchronization. Please use non-default stream instead.
[07/07/2026-01:46:11] [TRT] [I] Loaded engine size: 113 MiB
[07/07/2026-01:46:11] [TRT] [V] Loaded shared library leanRuntime
[07/07/2026-01:46:11] [TRT] [I] Loaded engine size: 113 MiB
[07/07/2026-01:46:11] [TRT] [V] Deserialization required 2754 microseconds.
[07/07/2026-01:46:11] [TRT] [V] Total per-runner device persistent memory is 0
[07/07/2026-01:46:11] [TRT] [V] Total per-runner host persistent memory is 21568
[07/07/2026-01:46:11] [TRT] [V] Allocated device scratch memory of size 1186304
[07/07/2026-01:46:11] [TRT] [V] - Runner scratch: 1186304 bytes
[07/07/2026-01:46:11] [TRT] [I] [MemUsageChange] TensorRT-managed allocation in IExecutionContext creation: CPU +0, GPU +1, now: CPU 0, GPU 13 (MiB)
[07/07/2026-01:46:11] [TRT] [V] CUDA lazy loading is enabled.
[07/07/2026-01:46:11] [TRT] [W] Using default stream in enqueueV3() may lead to performance issues due to additional calls to cudaStreamSynchronize() by TensorRT to ensure correct synchronization. Please use non-default stream instead.
[07/07/2026-01:46:11] [TRT] [I] Loaded engine size: 113 MiB
[07/07/2026-01:46:11] [TRT] [V] Loaded shared library leanRuntime
[07/07/2026-01:46:11] [TRT] [I] Loaded engine size: 113 MiB
[07/07/2026-01:46:11] [TRT] [V] Deserialization required 2811 microseconds.
[07/07/2026-01:46:11] [TRT] [V] Total per-runner device persistent memory is 0
[07/07/2026-01:46:11] [TRT] [V] Total per-runner host persistent memory is 21568
[07/07/2026-01:46:11] [TRT] [V] Allocated device scratch memory of size 1186304
[07/07/2026-01:46:11] [TRT] [V] - Runner scratch: 1186304 bytes
[07/07/2026-01:46:11] [TRT] [I] [MemUsageChange] TensorRT-managed allocation in IExecutionContext creation: CPU +0, GPU +1, now: CPU 0, GPU 13 (MiB)
[07/07/2026-01:46:11] [TRT] [V] CUDA lazy loading is enabled.
[07/07/2026-01:46:11] [TRT] [W] Using default stream in enqueueV3() may lead to performance issues due to additional calls to cudaStreamSynchronize() by TensorRT to ensure correct synchronization. Please use non-default stream instead.
============================== Start [case_build,(),{}]
============================== End   [case_build]
============================== Start [case_normal,(),{}]
Input ->DataType.FLOAT, (-1, 1, 28, 28), (1, 1, 28, 28), x
Output->DataType.FLOAT, (-1, 10), (1, 10), y
Output->DataType.INT64, (-1,), (1,), z
x
[[[[  0.   0.   0.   0.   0.   0.   0.   0.   1.   0.   2.   1.   0.
      0.   1.   0.   0.   2.   0.   1.   1.   1.   0.   0.   0.   0.
      0.   0.]
   [  0.   0.   0.   0.   0.   0.   0.   0.   2.   2.   0.   0.   0.
      0.   1.   0.   1.   0.   0.   0.   0.   0.   0.   1.   0.   0.
      0.   0.]
   [  0.   0.   0.   0.   0.   0.   0.   0.   0.   2.   0.   2.   2.
      0.   0.   0.   0.   1.   0.   0.   2.   1.   6.   0.   0.   0.
      0.   0.]
   [  0.   0.   0.   0.   0.   0.   0.   0.   0.   1.   0.   0.   0.
      3.   0.   0.   0.   0.   2.   1.   0.   0.   0.   0.   0.   0.
      0.   0.]
   [  0.   0.   0.   0.   0.   0.   0.   0.   0.   1.   0.   3.   2.
      0.   4.  53. 129. 208. 173. 136.  10.   0.   0.   2.   0.   0.
      0.   0.]
   [  0.   0.   0.   0.   0.   0.   0.   0.   3.   0.   0.   0.   1.
     56. 173. 245. 250. 255. 251. 253. 169.   6.   0.   1.   0.   0.
      0.   0.]
   [  0.   0.   0.   0.   0.   0.   0.   0.   0.   0.   2.   3.  52.
    238. 255. 216. 109.  75. 116. 255. 250.  79.   0.   0.   0.   0.
      0.   0.]
   [  0.   0.   0.   0.   0.   0.   0.   0.   0.   0.   2.  40. 240.
    252. 128.  11.   0.   1.  51. 255. 251.  78.   0.   1.   0.   0.
      0.   0.]
   [  0.   0.   0.   0.   0.   0.   0.   0.   1.   0.  10. 181. 253.
    138.   0.   0.   0.  32. 216. 253. 203.  18.   1.   0.   0.   0.
      0.   0.]
   [  0.   0.   0.   0.   0.   0.   0.   0.   0.   3.   6. 204. 255.
     58.   1.   0. 104. 252. 254. 220.  27.   0.   3.   1.   0.   0.
      0.   0.]
   [  0.   0.   0.   0.   0.   0.   0.   0.   1.   0.   1. 172. 252.
     65.  34. 126. 239. 255. 201.  56.   3.   1.   0.   0.   0.   0.
      0.   0.]
   [  0.   0.   0.   0.   0.   0.   0.   0.   0.   2.   0. 178. 255.
    222. 228. 249. 255. 251. 192. 146.  26.   4.   0.   1.   0.   0.
      0.   0.]
   [  0.   0.   0.   0.   0.   0.   0.   0.   1.   1.   0. 140. 252.
    249. 253. 250. 185. 234. 136.  10.   2.   0.   0.   2.   0.   0.
      0.   0.]
   [  0.   0.   0.   0.   0.   0.   0.   0.   0.   1.   0.  70. 245.
    255. 252. 251. 191.  26.   2.   0.   1.   1.   3.   0.   0.   0.
      0.   0.]
   [  0.   0.   0.   0.   0.   0.   0.   0.   1.   0.   3.  38. 167.
    255. 255. 238.  17.   0.   1.   1.   0.   1.   0.   4.   0.   0.
      0.   0.]
   [  0.   0.   0.   0.   0.   0.   0.   0.   0.   0. 107. 243. 250.
    206. 202. 254. 226.  28.   0.   0.   2.   1.   1.   0.   0.   0.
      0.   0.]
   [  0.   0.   3.   1.   0.   0.   3.   0.   0. 102. 242. 253. 195.
     46.  41. 242. 253. 149.   0.   0.   2.   0.   0.   3.   0.   0.
      0.   0.]
   [  1.   1.   0.   1.   0.   1.   0.   9. 155. 253. 247. 116.  15.
      0.   0.  73. 250. 251.  52.   3.   0.   3.   3.   0.   0.   0.
      0.   0.]
   [  0.   3.   2.   0.   0.   0.   0.  41. 252. 255. 122.   0.   0.
      1.   3.  17. 254. 251.  62.   0.   0.   1.   0.   3.   0.   0.
      0.   0.]
   [  3.   0.   2.   0.   2.   4.   0. 198. 254. 220.  13.   0.   0.
      1.   0.  45. 255. 243.  42.   2.   2.   1.   0.   3.   0.   0.
      0.   0.]
   [  1.   1.   0.   0.   0.   0.  71. 248. 253.  67.   2.   1.   0.
     12. 101. 232. 251. 128.   0.   0.   0.   0.   1.   0.   0.   0.
      0.   0.]
   [  0.   2.   0.   0.   4.   0.  76. 254. 254.  80.  16.  79. 169.
    202. 254. 253. 169.   4.   0.   3.   1.   3.   1.   1.   0.   0.
      0.   0.]
   [  0.   0.   0.   3.   0.   1.  39. 227. 253. 253. 236. 255. 252.
    253. 196. 109.   6.   1.   3.   0.   0.   0.   1.   0.   0.   0.
      0.   0.]
   [  0.   1.   0.   0.   1.   1.   0.  48. 229. 255. 253. 223. 101.
     59.   0.   0.   0.   2.   0.   1.   2.   0.   1.   1.   0.   0.
      0.   0.]
   [  0.   0.   0.   0.   0.   0.   0.   0.   0.   0.   0.   0.   0.
      0.   0.   0.   0.   0.   0.   0.   0.   0.   0.   0.   0.   0.
      0.   0.]
   [  0.   0.   0.   0.   0.   0.   0.   0.   0.   0.   0.   0.   0.
      0.   0.   0.   0.   0.   0.   0.   0.   0.   0.   0.   0.   0.
      0.   0.]
   [  0.   0.   0.   0.   0.   0.   0.   0.   0.   0.   0.   0.   0.
      0.   0.   0.   0.   0.   0.   0.   0.   0.   0.   0.   0.   0.
      0.   0.]
   [  0.   0.   0.   0.   0.   0.   0.   0.   0.   0.   0.   0.   0.
      0.   0.   0.   0.   0.   0.   0.   0.   0.   0.   0.   0.   0.
      0.   0.]]]]
y
[[-5.0876403  -2.3532038   6.908944    7.529      -9.480986   -0.21920437
  -4.018884   -2.3059018  18.148575    0.6612866 ]]
z
[8]
============================== End   [case_normal]
============================== Start [case_lean,(),{}]
x
[[[[  0.   0.   0.   0.   0.   0.   0.   0.   1.   0.   2.   1.   0.
      0.   1.   0.   0.   2.   0.   1.   1.   1.   0.   0.   0.   0.
      0.   0.]
   [  0.   0.   0.   0.   0.   0.   0.   0.   2.   2.   0.   0.   0.
      0.   1.   0.   1.   0.   0.   0.   0.   0.   0.   1.   0.   0.
      0.   0.]
   [  0.   0.   0.   0.   0.   0.   0.   0.   0.   2.   0.   2.   2.
      0.   0.   0.   0.   1.   0.   0.   2.   1.   6.   0.   0.   0.
      0.   0.]
   [  0.   0.   0.   0.   0.   0.   0.   0.   0.   1.   0.   0.   0.
      3.   0.   0.   0.   0.   2.   1.   0.   0.   0.   0.   0.   0.
      0.   0.]
   [  0.   0.   0.   0.   0.   0.   0.   0.   0.   1.   0.   3.   2.
      0.   4.  53. 129. 208. 173. 136.  10.   0.   0.   2.   0.   0.
      0.   0.]
   [  0.   0.   0.   0.   0.   0.   0.   0.   3.   0.   0.   0.   1.
     56. 173. 245. 250. 255. 251. 253. 169.   6.   0.   1.   0.   0.
      0.   0.]
   [  0.   0.   0.   0.   0.   0.   0.   0.   0.   0.   2.   3.  52.
    238. 255. 216. 109.  75. 116. 255. 250.  79.   0.   0.   0.   0.
      0.   0.]
   [  0.   0.   0.   0.   0.   0.   0.   0.   0.   0.   2.  40. 240.
    252. 128.  11.   0.   1.  51. 255. 251.  78.   0.   1.   0.   0.
      0.   0.]
   [  0.   0.   0.   0.   0.   0.   0.   0.   1.   0.  10. 181. 253.
    138.   0.   0.   0.  32. 216. 253. 203.  18.   1.   0.   0.   0.
      0.   0.]
   [  0.   0.   0.   0.   0.   0.   0.   0.   0.   3.   6. 204. 255.
     58.   1.   0. 104. 252. 254. 220.  27.   0.   3.   1.   0.   0.
      0.   0.]
   [  0.   0.   0.   0.   0.   0.   0.   0.   1.   0.   1. 172. 252.
     65.  34. 126. 239. 255. 201.  56.   3.   1.   0.   0.   0.   0.
      0.   0.]
   [  0.   0.   0.   0.   0.   0.   0.   0.   0.   2.   0. 178. 255.
    222. 228. 249. 255. 251. 192. 146.  26.   4.   0.   1.   0.   0.
      0.   0.]
   [  0.   0.   0.   0.   0.   0.   0.   0.   1.   1.   0. 140. 252.
    249. 253. 250. 185. 234. 136.  10.   2.   0.   0.   2.   0.   0.
      0.   0.]
   [  0.   0.   0.   0.   0.   0.   0.   0.   0.   1.   0.  70. 245.
    255. 252. 251. 191.  26.   2.   0.   1.   1.   3.   0.   0.   0.
      0.   0.]
   [  0.   0.   0.   0.   0.   0.   0.   0.   1.   0.   3.  38. 167.
    255. 255. 238.  17.   0.   1.   1.   0.   1.   0.   4.   0.   0.
      0.   0.]
   [  0.   0.   0.   0.   0.   0.   0.   0.   0.   0. 107. 243. 250.
    206. 202. 254. 226.  28.   0.   0.   2.   1.   1.   0.   0.   0.
      0.   0.]
   [  0.   0.   3.   1.   0.   0.   3.   0.   0. 102. 242. 253. 195.
     46.  41. 242. 253. 149.   0.   0.   2.   0.   0.   3.   0.   0.
      0.   0.]
   [  1.   1.   0.   1.   0.   1.   0.   9. 155. 253. 247. 116.  15.
      0.   0.  73. 250. 251.  52.   3.   0.   3.   3.   0.   0.   0.
      0.   0.]
   [  0.   3.   2.   0.   0.   0.   0.  41. 252. 255. 122.   0.   0.
      1.   3.  17. 254. 251.  62.   0.   0.   1.   0.   3.   0.   0.
      0.   0.]
   [  3.   0.   2.   0.   2.   4.   0. 198. 254. 220.  13.   0.   0.
      1.   0.  45. 255. 243.  42.   2.   2.   1.   0.   3.   0.   0.
      0.   0.]
   [  1.   1.   0.   0.   0.   0.  71. 248. 253.  67.   2.   1.   0.
     12. 101. 232. 251. 128.   0.   0.   0.   0.   1.   0.   0.   0.
      0.   0.]
   [  0.   2.   0.   0.   4.   0.  76. 254. 254.  80.  16.  79. 169.
    202. 254. 253. 169.   4.   0.   3.   1.   3.   1.   1.   0.   0.
      0.   0.]
   [  0.   0.   0.   3.   0.   1.  39. 227. 253. 253. 236. 255. 252.
    253. 196. 109.   6.   1.   3.   0.   0.   0.   1.   0.   0.   0.
      0.   0.]
   [  0.   1.   0.   0.   1.   1.   0.  48. 229. 255. 253. 223. 101.
     59.   0.   0.   0.   2.   0.   1.   2.   0.   1.   1.   0.   0.
      0.   0.]
   [  0.   0.   0.   0.   0.   0.   0.   0.   0.   0.   0.   0.   0.
      0.   0.   0.   0.   0.   0.   0.   0.   0.   0.   0.   0.   0.
      0.   0.]
   [  0.   0.   0.   0.   0.   0.   0.   0.   0.   0.   0.   0.   0.
      0.   0.   0.   0.   0.   0.   0.   0.   0.   0.   0.   0.   0.
      0.   0.]
   [  0.   0.   0.   0.   0.   0.   0.   0.   0.   0.   0.   0.   0.
      0.   0.   0.   0.   0.   0.   0.   0.   0.   0.   0.   0.   0.
      0.   0.]
   [  0.   0.   0.   0.   0.   0.   0.   0.   0.   0.   0.   0.   0.
      0.   0.   0.   0.   0.   0.   0.   0.   0.   0.   0.   0.   0.
      0.   0.]]]]
y
[[-5.0876403  -2.3532038   6.908944    7.529      -9.480986   -0.21920437
  -4.018884   -2.3059018  18.148575    0.6612866 ]]
z
[8]
============================== End   [case_lean]
============================== Start [case_dispatch,(),{}]
x
[[[[  0.   0.   0.   0.   0.   0.   0.   0.   1.   0.   2.   1.   0.
      0.   1.   0.   0.   2.   0.   1.   1.   1.   0.   0.   0.   0.
      0.   0.]
   [  0.   0.   0.   0.   0.   0.   0.   0.   2.   2.   0.   0.   0.
      0.   1.   0.   1.   0.   0.   0.   0.   0.   0.   1.   0.   0.
      0.   0.]
   [  0.   0.   0.   0.   0.   0.   0.   0.   0.   2.   0.   2.   2.
      0.   0.   0.   0.   1.   0.   0.   2.   1.   6.   0.   0.   0.
      0.   0.]
   [  0.   0.   0.   0.   0.   0.   0.   0.   0.   1.   0.   0.   0.
      3.   0.   0.   0.   0.   2.   1.   0.   0.   0.   0.   0.   0.
      0.   0.]
   [  0.   0.   0.   0.   0.   0.   0.   0.   0.   1.   0.   3.   2.
      0.   4.  53. 129. 208. 173. 136.  10.   0.   0.   2.   0.   0.
      0.   0.]
   [  0.   0.   0.   0.   0.   0.   0.   0.   3.   0.   0.   0.   1.
     56. 173. 245. 250. 255. 251. 253. 169.   6.   0.   1.   0.   0.
      0.   0.]
   [  0.   0.   0.   0.   0.   0.   0.   0.   0.   0.   2.   3.  52.
    238. 255. 216. 109.  75. 116. 255. 250.  79.   0.   0.   0.   0.
      0.   0.]
   [  0.   0.   0.   0.   0.   0.   0.   0.   0.   0.   2.  40. 240.
    252. 128.  11.   0.   1.  51. 255. 251.  78.   0.   1.   0.   0.
      0.   0.]
   [  0.   0.   0.   0.   0.   0.   0.   0.   1.   0.  10. 181. 253.
    138.   0.   0.   0.  32. 216. 253. 203.  18.   1.   0.   0.   0.
      0.   0.]
   [  0.   0.   0.   0.   0.   0.   0.   0.   0.   3.   6. 204. 255.
     58.   1.   0. 104. 252. 254. 220.  27.   0.   3.   1.   0.   0.
      0.   0.]
   [  0.   0.   0.   0.   0.   0.   0.   0.   1.   0.   1. 172. 252.
     65.  34. 126. 239. 255. 201.  56.   3.   1.   0.   0.   0.   0.
      0.   0.]
   [  0.   0.   0.   0.   0.   0.   0.   0.   0.   2.   0. 178. 255.
    222. 228. 249. 255. 251. 192. 146.  26.   4.   0.   1.   0.   0.
      0.   0.]
   [  0.   0.   0.   0.   0.   0.   0.   0.   1.   1.   0. 140. 252.
    249. 253. 250. 185. 234. 136.  10.   2.   0.   0.   2.   0.   0.
      0.   0.]
   [  0.   0.   0.   0.   0.   0.   0.   0.   0.   1.   0.  70. 245.
    255. 252. 251. 191.  26.   2.   0.   1.   1.   3.   0.   0.   0.
      0.   0.]
   [  0.   0.   0.   0.   0.   0.   0.   0.   1.   0.   3.  38. 167.
    255. 255. 238.  17.   0.   1.   1.   0.   1.   0.   4.   0.   0.
      0.   0.]
   [  0.   0.   0.   0.   0.   0.   0.   0.   0.   0. 107. 243. 250.
    206. 202. 254. 226.  28.   0.   0.   2.   1.   1.   0.   0.   0.
      0.   0.]
   [  0.   0.   3.   1.   0.   0.   3.   0.   0. 102. 242. 253. 195.
     46.  41. 242. 253. 149.   0.   0.   2.   0.   0.   3.   0.   0.
      0.   0.]
   [  1.   1.   0.   1.   0.   1.   0.   9. 155. 253. 247. 116.  15.
      0.   0.  73. 250. 251.  52.   3.   0.   3.   3.   0.   0.   0.
      0.   0.]
   [  0.   3.   2.   0.   0.   0.   0.  41. 252. 255. 122.   0.   0.
      1.   3.  17. 254. 251.  62.   0.   0.   1.   0.   3.   0.   0.
      0.   0.]
   [  3.   0.   2.   0.   2.   4.   0. 198. 254. 220.  13.   0.   0.
      1.   0.  45. 255. 243.  42.   2.   2.   1.   0.   3.   0.   0.
      0.   0.]
   [  1.   1.   0.   0.   0.   0.  71. 248. 253.  67.   2.   1.   0.
     12. 101. 232. 251. 128.   0.   0.   0.   0.   1.   0.   0.   0.
      0.   0.]
   [  0.   2.   0.   0.   4.   0.  76. 254. 254.  80.  16.  79. 169.
    202. 254. 253. 169.   4.   0.   3.   1.   3.   1.   1.   0.   0.
      0.   0.]
   [  0.   0.   0.   3.   0.   1.  39. 227. 253. 253. 236. 255. 252.
    253. 196. 109.   6.   1.   3.   0.   0.   0.   1.   0.   0.   0.
      0.   0.]
   [  0.   1.   0.   0.   1.   1.   0.  48. 229. 255. 253. 223. 101.
     59.   0.   0.   0.   2.   0.   1.   2.   0.   1.   1.   0.   0.
      0.   0.]
   [  0.   0.   0.   0.   0.   0.   0.   0.   0.   0.   0.   0.   0.
      0.   0.   0.   0.   0.   0.   0.   0.   0.   0.   0.   0.   0.
      0.   0.]
   [  0.   0.   0.   0.   0.   0.   0.   0.   0.   0.   0.   0.   0.
      0.   0.   0.   0.   0.   0.   0.   0.   0.   0.   0.   0.   0.
      0.   0.]
   [  0.   0.   0.   0.   0.   0.   0.   0.   0.   0.   0.   0.   0.
      0.   0.   0.   0.   0.   0.   0.   0.   0.   0.   0.   0.   0.
      0.   0.]
   [  0.   0.   0.   0.   0.   0.   0.   0.   0.   0.   0.   0.   0.
      0.   0.   0.   0.   0.   0.   0.   0.   0.   0.   0.   0.   0.
      0.   0.]]]]
y
[[-5.0876403  -2.3532038   6.908944    7.529      -9.480986   -0.21920437
  -4.018884   -2.3059018  18.148575    0.6612866 ]]
z
[8]
============================== End   [case_dispatch]
Finish
