./ScaleLayer/ModeChannel.py:43: DeprecationWarning: Use set_input_shape instead.
  context.set_binding_shape(0, data.shape)
./ScaleLayer/ModeChannel.py:44: DeprecationWarning: Use get_tensor_mode instead.
  nInput = np.sum([engine.binding_is_input(i) for i in range(engine.num_bindings)])
./ScaleLayer/ModeChannel.py:50: DeprecationWarning: Use get_tensor_shape instead.
  bufferH.append(np.empty(context.get_binding_shape(nInput + i), dtype=trt.nptype(engine.get_binding_dtype(nInput + i))))
./ScaleLayer/ModeChannel.py:50: DeprecationWarning: Use get_tensor_dtype instead.
  bufferH.append(np.empty(context.get_binding_shape(nInput + i), dtype=trt.nptype(engine.get_binding_dtype(nInput + i))))
scaleLayer-> (1, 3, 3, 3)
Input 0: (1, 3, 3, 3) 
 [[[[ 1.  2.  3.]
   [ 4.  5.  6.]
   [ 7.  8.  9.]]

  [[10. 11. 12.]
   [13. 14. 15.]
   [16. 17. 18.]]

  [[19. 20. 21.]
   [22. 23. 24.]
   [25. 26. 27.]]]]
Output 0: (1, 3, 3, 3) 
 [[[[-2.  -1.5 -1. ]
   [-0.5  0.   0.5]
   [ 1.   1.5  2. ]]

  [[-2.  -1.5 -1. ]
   [-0.5  0.   0.5]
   [ 1.   1.5  2. ]]

  [[-2.  -1.5 -1. ]
   [-0.5  0.   0.5]
   [ 1.   1.5  2. ]]]]
