[ResourceWriter] write shared resource: seed=2026, nElement=24, writeCount=1
[ResourceReader] read shared resource: seed=2026, writeCount=1

inputT0: f, (2, 3, 4)
 0.000  1.000  2.000  3.000
 4.000  5.000  6.000  7.000
 8.000  9.000 10.000 11.000

12.000 13.000 14.000 15.000
16.000 17.000 18.000 19.000
20.000 21.000 22.000 23.000



outputT0: f, (2, 3, 4)
 0.000  1.000  2.000  3.000
 4.000  5.000  6.000  7.000
 8.000  9.000 10.000 11.000

12.000 13.000 14.000 15.000
16.000 17.000 18.000 19.000
20.000 21.000 22.000 23.000


[ResourceWriter] write shared resource: seed=2026, nElement=24, writeCount=2
[ResourceReader] read shared resource: seed=2026, writeCount=2

inputT0: f, (2, 3, 4)
 0.000  1.000  2.000  3.000
 4.000  5.000  6.000  7.000
 8.000  9.000 10.000 11.000

12.000 13.000 14.000 15.000
16.000 17.000 18.000 19.000
20.000 21.000 22.000 23.000



outputT0: f, (2, 3, 4)
 0.000  1.000  2.000  3.000
 4.000  5.000  6.000  7.000
 8.000  9.000 10.000 11.000

12.000 13.000 14.000 15.000
16.000 17.000 18.000 19.000
20.000 21.000 22.000 23.000
