[TensorRT-Cookbook] Version: 0.1.0
[04/25/2026-00:38:56] [TRT] [W] Using default stream in enqueueV3() may lead to performance issues due to additional calls to cudaStreamSynchronize() by TensorRT to ensure correct synchronization. Please use non-default stream instead.
[04/25/2026-00:38:57] [TRT] [W] Using default stream in enqueueV3() may lead to performance issues due to additional calls to cudaStreamSynchronize() by TensorRT to ensure correct synchronization. Please use non-default stream instead.
[04/25/2026-00:38:57] [TRT] [W] Using default stream in enqueueV3() may lead to performance issues due to additional calls to cudaStreamSynchronize() by TensorRT to ensure correct synchronization. Please use non-default stream instead.
[04/25/2026-00:38:57] [TRT] [W] Using default stream in enqueueV3() may lead to performance issues due to additional calls to cudaStreamSynchronize() by TensorRT to ensure correct synchronization. Please use non-default stream instead.
============================== Start [case_simple,(),{}]
Input ->DataType.FLOAT, (1, 3, 3, 3), (1, 3, 3, 3), tensor
Output->DataType.FLOAT, (1, 3, 3, 3), (1, 3, 3, 3), (Unnamed Layer* 0) [Scale]_output
tensor
[[[[ 1.  2.  3.]
   [ 4.  5.  6.]
   [ 7.  8.  9.]]

  [[10. 11. 12.]
   [13. 14. 15.]
   [16. 17. 18.]]

  [[19. 20. 21.]
   [22. 23. 24.]
   [25. 26. 27.]]]]
(Unnamed Layer* 0) [Scale]_output
[[[[-6.5 -6.  -5.5]
   [-5.  -4.5 -4. ]
   [-3.5 -3.  -2.5]]

  [[-2.  -1.5 -1. ]
   [-0.5  0.   0.5]
   [ 1.   1.5  2. ]]

  [[ 2.5  3.   3.5]
   [ 4.   4.5  5. ]
   [ 5.5  6.   6.5]]]]
============================== End   [case_simple]
============================== Start [case_channel,(),{}]
Input ->DataType.FLOAT, (1, 3, 3, 3), (1, 3, 3, 3), tensor
Output->DataType.FLOAT, (1, 3, 3, 3), (1, 3, 3, 3), (Unnamed Layer* 0) [Scale]_output
tensor
[[[[ 1.  2.  3.]
   [ 4.  5.  6.]
   [ 7.  8.  9.]]

  [[10. 11. 12.]
   [13. 14. 15.]
   [16. 17. 18.]]

  [[19. 20. 21.]
   [22. 23. 24.]
   [25. 26. 27.]]]]
(Unnamed Layer* 0) [Scale]_output
[[[[-2.  -1.5 -1. ]
   [-0.5  0.   0.5]
   [ 1.   1.5  2. ]]

  [[-2.  -1.5 -1. ]
   [-0.5  0.   0.5]
   [ 1.   1.5  2. ]]

  [[-2.  -1.5 -1. ]
   [-0.5  0.   0.5]
   [ 1.   1.5  2. ]]]]
============================== End   [case_channel]
============================== Start [case_element,(),{}]
Input ->DataType.FLOAT, (1, 3, 3, 3), (1, 3, 3, 3), tensor
Output->DataType.FLOAT, (1, 3, 3, 3), (1, 3, 3, 3), (Unnamed Layer* 0) [Scale]_output
tensor
[[[[ 1.  2.  3.]
   [ 4.  5.  6.]
   [ 7.  8.  9.]]

  [[10. 11. 12.]
   [13. 14. 15.]
   [16. 17. 18.]]

  [[19. 20. 21.]
   [22. 23. 24.]
   [25. 26. 27.]]]]
(Unnamed Layer* 0) [Scale]_output
[[[[-6.5 -6.  -5.5]
   [-5.  -4.5 -4. ]
   [-3.5 -3.  -2.5]]

  [[-2.  -1.5 -1. ]
   [-0.5  0.   0.5]
   [ 1.   1.5  2. ]]

  [[ 2.5  3.   3.5]
   [ 4.   4.5  5. ]
   [ 5.5  6.   6.5]]]]
============================== End   [case_element]
============================== Start [case_scale_channel_axis,(),{}]
Input ->DataType.FLOAT, (1, 3, 3, 3), (1, 3, 3, 3), tensor
Output->DataType.FLOAT, (1, 3, 3, 3), (1, 3, 3, 3), (Unnamed Layer* 0) [Scale]_output
tensor
[[[[ 1.  2.  3.]
   [ 4.  5.  6.]
   [ 7.  8.  9.]]

  [[10. 11. 12.]
   [13. 14. 15.]
   [16. 17. 18.]]

  [[19. 20. 21.]
   [22. 23. 24.]
   [25. 26. 27.]]]]
(Unnamed Layer* 0) [Scale]_output
[[[[-2.  -1.5 -1. ]
   [-0.5  0.   0.5]
   [ 1.   1.5  2. ]]

  [[-2.  -1.5 -1. ]
   [-0.5  0.   0.5]
   [ 1.   1.5  2. ]]

  [[-2.  -1.5 -1. ]
   [-0.5  0.   0.5]
   [ 1.   1.5  2. ]]]]
============================== End   [case_scale_channel_axis]
Finish
