Input 0: (1, 3, 3, 3) 
 [[[[ 1.  2.  3.]
   [ 4.  5.  6.]
   [ 7.  8.  9.]]

  [[10. 11. 12.]
   [13. 14. 15.]
   [16. 17. 18.]]

  [[19. 20. 21.]
   [22. 23. 24.]
   [25. 26. 27.]]]]
Output 0: (1, 3, 3, 3) 
 [[[[0.00000002 0.00000002 0.00000002]
   [0.00000002 0.00000002 0.00000002]
   [0.00000002 0.00000002 0.00000002]]

  [[0.00012339 0.00012339 0.00012339]
   [0.00012339 0.00012339 0.00012339]
   [0.00012339 0.00012339 0.00012339]]

  [[0.9998766  0.9998766  0.9998766 ]
   [0.9998766  0.9998766  0.9998766 ]
   [0.9998766  0.9998766  0.9998766 ]]]]
