[TensorRT-Cookbook] Version: 0.1.0
0x7b6b6c0a82c0[PassHostDataPluginCreator]
0x7b6b6c0a82c0[getPluginName]
0x7b6b6c0a82c0[getPluginName]
0x7b6b6c0a82c0[getPluginNamespace]
0x7b6b6c0a82c0[getPluginVersion]
0x7b6b6c0a82c0[getPluginName]
0x7b6b6c0a82c0[getPluginNamespace]
0x7b6b6c0a82c0[getPluginVersion]
0x7b6b6c0a82c0[getPluginNamespace]
0x7b6b6c0a82c0[getPluginNamespace]
0x7b6b6c0a82c0[createPlugin]
    0x4abb4aa0[PassHostDataPlugin]
    0x4abb4aa0[initFieldsToSerialize]
    0x4abb4aa0[getCapabilityInterface]
    0x4abb4aa0[getCapabilityInterface]
    0x4abb4aa0[getNbOutputs]
    0x4abb4aa0[getCapabilityInterface]
    0x4abb4aa0[getOutputDataTypes]
    0x4abb4aa0[getCapabilityInterface]
    0x4abb4aa0[getNbOutputs]
    0x4abb4aa0[getCapabilityInterface]
    0x4abb4aa0[getNbOutputs]
    0x4abb4aa0[clone]
    0x4abb7670[initFieldsToSerialize]
    0x4abb4aa0[getCapabilityInterface]
    0x4abb4aa0[getCapabilityInterface]
    0x4abb4aa0[getPluginName]
    0x4abb7670[getCapabilityInterface]
    0x4abb7670[getNbOutputs]
    0x4abb7670[getCapabilityInterface]
    0x4abb7670[getOutputDataTypes]
    0x4abb7670[getCapabilityInterface]
    0x4abb7670[getOutputShapes]
    0x4abb7670[clone]
    0x57023b60[initFieldsToSerialize]
    0x57023b60[getCapabilityInterface]
    0x57023b60[getOutputShapes]
    0x57023b60[getCapabilityInterface]
    0x57023b60[getOutputShapes]
    0x57023b60[getCapabilityInterface]
    0x57023b60[getCapabilityInterface]
    0x57023b60[clone]
    0x55dbdc00[initFieldsToSerialize]
    0x55dbdc00[getCapabilityInterface]
    0x55dbdc00[getCapabilityInterface]
    0x55dbdc00[supportsFormatCombination]
    pos=0:[FP32 ,Unknown,Unknown,],[LINE ,None ,None ,]->res=1
    0x55dbdc00[getCapabilityInterface]
    0x55dbdc00[supportsFormatCombination]
    pos=1:[FP32 ,INT64,Unknown,],[LINE ,LINE ,None ,]->res=1
    0x55dbdc00[getCapabilityInterface]
    0x55dbdc00[supportsFormatCombination]
    pos=2:[FP32 ,INT64,FP32 ,],[LINE ,LINE ,LINE ,]->res=1
    0x55dbdc00[getCapabilityInterface]
    0x55dbdc00[getFormatCombinationLimit]
    0x55dbdc00[getCapabilityInterface]
    0x55dbdc00[supportsFormatCombination]
    pos=2:[FP32 ,INT64,FP32 ,],[LINE ,LINE ,CHW32,]->res=0
    0x55dbdc00[getCapabilityInterface]
    0x55dbdc00[supportsFormatCombination]
    pos=2:[FP32 ,INT64,FP32 ,],[LINE ,LINE ,HWC  ,]->res=0
    0x55dbdc00[getCapabilityInterface]
    0x55dbdc00[supportsFormatCombination]
    pos=0:[FP32 ,Unknown,Unknown,],[CHW32,None ,None ,]->res=0
    0x55dbdc00[getCapabilityInterface]
    0x55dbdc00[supportsFormatCombination]
    pos=0:[FP32 ,Unknown,Unknown,],[HWC  ,None ,None ,]->res=0
    0x55dbdc00[getCapabilityInterface]
    0x55dbdc00[getTimingCacheID]
    0x55dbdc00[getCapabilityInterface]
    0x55dbdc00[getCapabilityInterface]
    0x55dbdc00[supportsFormatCombination]
    pos=0:[FP32 ,Unknown,Unknown,],[LINE ,None ,None ,]->res=1
    0x55dbdc00[getCapabilityInterface]
    0x55dbdc00[supportsFormatCombination]
    pos=1:[FP32 ,INT64,Unknown,],[LINE ,LINE ,None ,]->res=1
    0x55dbdc00[getCapabilityInterface]
    0x55dbdc00[supportsFormatCombination]
    pos=2:[FP32 ,INT64,FP32 ,],[LINE ,LINE ,LINE ,]->res=1
    0x55dbdc00[getCapabilityInterface]
    0x55dbdc00[getFormatCombinationLimit]
    0x55dbdc00[getCapabilityInterface]
    0x55dbdc00[supportsFormatCombination]
    pos=2:[FP32 ,INT64,FP32 ,],[LINE ,LINE ,CHW32,]->res=0
    0x55dbdc00[getCapabilityInterface]
    0x55dbdc00[supportsFormatCombination]
    pos=2:[FP32 ,INT64,FP32 ,],[LINE ,LINE ,HWC  ,]->res=0
    0x55dbdc00[getCapabilityInterface]
    0x55dbdc00[supportsFormatCombination]
    pos=0:[FP32 ,Unknown,Unknown,],[CHW32,None ,None ,]->res=0
    0x55dbdc00[getCapabilityInterface]
    0x55dbdc00[supportsFormatCombination]
    pos=0:[FP32 ,Unknown,Unknown,],[HWC  ,None ,None ,]->res=0
    0x55dbdc00[getCapabilityInterface]
    0x55dbdc00[attachToContext]
    0x55dbdc00[clone]
    0x55e33070[initFieldsToSerialize]
    0x55e33070[getCapabilityInterface]
    0x55e33070[configurePlugin]
    0x55e33070[getCapabilityInterface]
    0x55e33070[getNbTactics]
    0x55e33070[getCapabilityInterface]
    0x55e33070[getValidTactics]
    0x55dbdc00[getCapabilityInterface]
    0x55dbdc00[getTimingCacheID]
    0x55dbdc00[getCapabilityInterface]
    0x55dbdc00[attachToContext]
    0x55dbdc00[clone]
    0x55e31c00[initFieldsToSerialize]
    0x55e31c00[getCapabilityInterface]
    0x55e31c00[configurePlugin]
    0x55e31c00[getCapabilityInterface]
    0x55e31c00[setTactic]
    0x55e31c00[getCapabilityInterface]
    0x55e31c00[getWorkspaceSize]
    0x55e31c00[getCapabilityInterface]
    0x55e31c00[getWorkspaceSize]
    0x55e31c00[getCapabilityInterface]
    0x55e31c00[getWorkspaceSize]
    0x55e31c00[getCapabilityInterface]
    0x55e31c00[getWorkspaceSize]
    0x55e31c00[getCapabilityInterface]
    0x55e31c00[getPluginName]
    0x55e31c00[getCapabilityInterface]
    0x55e31c00[getPluginVersion]
    0x55e31c00[getCapabilityInterface]
    0x55e31c00[getMetadataString]
    0x55e31c00[getCapabilityInterface]
    0x55e31c00[getCapabilityInterface]
    0x55e31c00[getPluginName]
    0x55e31c00[getCapabilityInterface]
    0x55e31c00[getPluginVersion]
    0x55e31c00[getCapabilityInterface]
    0x55e31c00[getPluginNamespace]
    0x55e31c00[getCapabilityInterface]
    0x55e31c00[getFieldsToSerialize]
    0x55e31c00[getCapabilityInterface]
    0x55e31c00[getCapabilityInterface]
    0x55e31c00[getCapabilityInterface]
    0x55e31c00[getPluginName]
    0x55e31c00[getCapabilityInterface]
    0x55e31c00[getPluginVersion]
    0x55e31c00[getCapabilityInterface]
    0x55e31c00[getPluginNamespace]
    0x55e31c00[getCapabilityInterface]
    0x55e31c00[getFieldsToSerialize]
    0x55e31c00[getCapabilityInterface]
0x7b6b6c0a82c0[getPluginVersion]
0x7b6b6c0a82c0[getPluginNamespace]
0x7b6b6c0a82c0[getPluginNamespace]
0x7b6b6c0a82c0[createPlugin]
    0x55e30b20[PassHostDataPlugin]
    0x55e30b20[initFieldsToSerialize]
    0x55e30b20[getCapabilityInterface]
    0x55e30b20[setTactic]
    0x55e30b20[getCapabilityInterface]
    0x55e30b20[attachToContext]
    0x55e30b20[clone]
    0x4abb7620[initFieldsToSerialize]
[04/25/2026-04:18:14] [TRT] [W] Using default stream in enqueueV3() may lead to performance issues due to additional calls to cudaStreamSynchronize() by TensorRT to ensure correct synchronization. Please use non-default stream instead.
    0x4abb7620[getCapabilityInterface]
    0x4abb7620[onShapeChange]
    0x55e30b20[getCapabilityInterface]
    0x4abb7620[getCapabilityInterface]
    0x4abb7620[enqueue]
[Plugin]ppData = 0x36113230
[Plugin]pData  = 0x3d487680
Print host data: 0.0,  1.0,  2.0,  3.0,  4.0,  5.0,  6.0,  7.0,  8.0,  9.0,
0x7b6b6c0a82c0[getPluginName]
0x7b6b6c0a82c0[getPluginName]
0x7b6b6c0a82c0[getPluginNamespace]
0x7b6b6c0a82c0[getPluginVersion]
0x7b6b6c0a82c0[getPluginVersion]
0x7b6b6c0a82c0[getPluginVersion]
0x7b6b6c0a82c0[getPluginNamespace]
0x7b6b6c0a82c0[getPluginNamespace]
0x7b6b6c0a82c0[createPlugin]
    0x4abb7620[PassHostDataPlugin]
    0x4abb7620[initFieldsToSerialize]
    0x4abb7620[getCapabilityInterface]
    0x4abb7620[setTactic]
    0x4abb7620[getCapabilityInterface]
    0x4abb7620[attachToContext]
    0x4abb7620[clone]
    0x556f8f70[initFieldsToSerialize]
[04/25/2026-04:18:14] [TRT] [W] Using default stream in enqueueV3() may lead to performance issues due to additional calls to cudaStreamSynchronize() by TensorRT to ensure correct synchronization. Please use non-default stream instead.
    0x556f8f70[getCapabilityInterface]
    0x556f8f70[onShapeChange]
    0x4abb7620[getCapabilityInterface]
    0x556f8f70[getCapabilityInterface]
    0x556f8f70[enqueue]
[Plugin]ppData = 0x36113230
[Plugin]pData  = 0x3d487680
Print host data: 0.0,  1.0,  2.0,  3.0,  4.0,  5.0,  6.0,  7.0,  8.0,  9.0,
[Python]pData  = 0x3d487680
[Python]ppData = 0x36113230
[Python]pData  = 0x3d487680
[Python]ppData = 0x36113230
Finish
