./RNNv2Layer/BidirectionLSTM.py:43: DeprecationWarning: Use addLoop instead.
  rnnV2Layer = network.add_rnn_v2(inputT0, 1, nHidden, nH, trt.RNNOperation.LSTM)  # 基于单输入初始示例代码
Input 0: (3, 4, 7) 
 [[[1. 1. 1. 1. 1. 1. 1.]
  [1. 1. 1. 1. 1. 1. 1.]
  [1. 1. 1. 1. 1. 1. 1.]
  [1. 1. 1. 1. 1. 1. 1.]]

 [[1. 1. 1. 1. 1. 1. 1.]
  [1. 1. 1. 1. 1. 1. 1.]
  [1. 1. 1. 1. 1. 1. 1.]
  [1. 1. 1. 1. 1. 1. 1.]]

 [[1. 1. 1. 1. 1. 1. 1.]
  [1. 1. 1. 1. 1. 1. 1.]
  [1. 1. 1. 1. 1. 1. 1.]
  [1. 1. 1. 1. 1. 1. 1.]]]
Input 1: (3, 1, 5) 
 [[[0. 0. 0. 0. 0.]]

 [[0. 0. 0. 0. 0.]]

 [[0. 0. 0. 0. 0.]]]
Input 2: (3, 1, 5) 
 [[[0. 0. 0. 0. 0.]]

 [[0. 0. 0. 0. 0.]]

 [[0. 0. 0. 0. 0.]]]
Output 0: (1, 3, 4, 10) 
 [[[[0.7605172  0.7605172  0.7605172  0.7605172  0.7605172  0.99932164 0.99932164 0.99932164 0.99932164 0.99932164]
   [0.9639405  0.9639405  0.9639405  0.9639405  0.9639405  0.9950378  0.9950378  0.9950378  0.9950378  0.9950378 ]
   [0.9950378  0.9950378  0.9950378  0.9950378  0.9950378  0.9639405  0.9639405  0.9639405  0.9639405  0.9639405 ]
   [0.99932164 0.99932164 0.99932164 0.99932164 0.99932164 0.7605172  0.7605172  0.7605172  0.7605172  0.7605172 ]]

  [[0.7605172  0.7605172  0.7605172  0.7605172  0.7605172  0.99932164 0.99932164 0.99932164 0.99932164 0.99932164]
   [0.9639405  0.9639405  0.9639405  0.9639405  0.9639405  0.9950378  0.9950378  0.9950378  0.9950378  0.9950378 ]
   [0.9950378  0.9950378  0.9950378  0.9950378  0.9950378  0.9639405  0.9639405  0.9639405  0.9639405  0.9639405 ]
   [0.99932164 0.99932164 0.99932164 0.99932164 0.99932164 0.7605172  0.7605172  0.7605172  0.7605172  0.7605172 ]]

  [[0.7605172  0.7605172  0.7605172  0.7605172  0.7605172  0.99932164 0.99932164 0.99932164 0.99932164 0.99932164]
   [0.9639405  0.9639405  0.9639405  0.9639405  0.9639405  0.9950378  0.9950378  0.9950378  0.9950378  0.9950378 ]
   [0.9950378  0.9950378  0.9950378  0.9950378  0.9950378  0.9639405  0.9639405  0.9639405  0.9639405  0.9639405 ]
   [0.99932164 0.99932164 0.99932164 0.99932164 0.99932164 0.7605172  0.7605172  0.7605172  0.7605172  0.7605172 ]]]]
Output 1: (1, 3, 2, 5) 
 [[[[0.99932164 0.99932164 0.99932164 0.99932164 0.99932164]
   [0.99932164 0.99932164 0.99932164 0.99932164 0.99932164]]

  [[0.99932164 0.99932164 0.99932164 0.99932164 0.99932164]
   [0.99932164 0.99932164 0.99932164 0.99932164 0.99932164]]

  [[0.99932164 0.99932164 0.99932164 0.99932164 0.99932164]
   [0.99932164 0.99932164 0.99932164 0.99932164 0.99932164]]]]
Output 2: (1, 3, 2, 5) 
 [[[[3.998999 3.998999 3.998999 3.998999 3.998999]
   [3.998999 3.998999 3.998999 3.998999 3.998999]]

  [[3.998999 3.998999 3.998999 3.998999 3.998999]
   [3.998999 3.998999 3.998999 3.998999 3.998999]]

  [[3.998999 3.998999 3.998999 3.998999 3.998999]
   [3.998999 3.998999 3.998999 3.998999 3.998999]]]]
