./RNNv2Layer/ReLURNN.py:39: DeprecationWarning: Use addLoop instead.
  rnnV2Layer = network.add_rnn_v2(inputT0, 1, nHidden, nH, trt.RNNOperation.RELU)  # 1 层 ReLU 型 RNN，隐藏层元素宽 nHidden，序列长度 nH，单词编码宽度 nW，batchSize 为 nC
Input 0: (3, 4, 7) 
 [[[1. 1. 1. 1. 1. 1. 1.]
  [1. 1. 1. 1. 1. 1. 1.]
  [1. 1. 1. 1. 1. 1. 1.]
  [1. 1. 1. 1. 1. 1. 1.]]

 [[1. 1. 1. 1. 1. 1. 1.]
  [1. 1. 1. 1. 1. 1. 1.]
  [1. 1. 1. 1. 1. 1. 1.]
  [1. 1. 1. 1. 1. 1. 1.]]

 [[1. 1. 1. 1. 1. 1. 1.]
  [1. 1. 1. 1. 1. 1. 1.]
  [1. 1. 1. 1. 1. 1. 1.]
  [1. 1. 1. 1. 1. 1. 1.]]]
Output 0: (1, 3, 4, 5) 
 [[[[   7.    7.    7.    7.    7.]
   [  42.   42.   42.   42.   42.]
   [ 217.  217.  217.  217.  217.]
   [1092. 1092. 1092. 1092. 1092.]]

  [[   7.    7.    7.    7.    7.]
   [  42.   42.   42.   42.   42.]
   [ 217.  217.  217.  217.  217.]
   [1092. 1092. 1092. 1092. 1092.]]

  [[   7.    7.    7.    7.    7.]
   [  42.   42.   42.   42.   42.]
   [ 217.  217.  217.  217.  217.]
   [1092. 1092. 1092. 1092. 1092.]]]]
Output 1: (1, 3, 1, 5) 
 [[[[1092. 1092. 1092. 1092. 1092.]]

  [[1092. 1092. 1092. 1092. 1092.]]

  [[1092. 1092. 1092. 1092. 1092.]]]]
