./RNNv2Layer/DoubleRNN.py:39: DeprecationWarning: Use addLoop instead.
  rnnV2Layer = network.add_rnn_v2(inputT0, 2, nHidden, nH, trt.RNNOperation.RELU)  # 2 层 ReLU 型 RNN
Input 0: (3, 4, 7) 
 [[[1. 1. 1. 1. 1. 1. 1.]
  [1. 1. 1. 1. 1. 1. 1.]
  [1. 1. 1. 1. 1. 1. 1.]
  [1. 1. 1. 1. 1. 1. 1.]]

 [[1. 1. 1. 1. 1. 1. 1.]
  [1. 1. 1. 1. 1. 1. 1.]
  [1. 1. 1. 1. 1. 1. 1.]
  [1. 1. 1. 1. 1. 1. 1.]]

 [[1. 1. 1. 1. 1. 1. 1.]
  [1. 1. 1. 1. 1. 1. 1.]
  [1. 1. 1. 1. 1. 1. 1.]
  [1. 1. 1. 1. 1. 1. 1.]]]
Output 0: (1, 3, 4, 5) 
 [[[[   35.    35.    35.    35.    35.]
   [  385.   385.   385.   385.   385.]
   [ 3010.  3010.  3010.  3010.  3010.]
   [20510. 20510. 20510. 20510. 20510.]]

  [[   35.    35.    35.    35.    35.]
   [  385.   385.   385.   385.   385.]
   [ 3010.  3010.  3010.  3010.  3010.]
   [20510. 20510. 20510. 20510. 20510.]]

  [[   35.    35.    35.    35.    35.]
   [  385.   385.   385.   385.   385.]
   [ 3010.  3010.  3010.  3010.  3010.]
   [20510. 20510. 20510. 20510. 20510.]]]]
Output 1: (1, 3, 2, 5) 
 [[[[ 1092.  1092.  1092.  1092.  1092.]
   [20510. 20510. 20510. 20510. 20510.]]

  [[ 1092.  1092.  1092.  1092.  1092.]
   [20510. 20510. 20510. 20510. 20510.]]

  [[ 1092.  1092.  1092.  1092.  1092.]
   [20510. 20510. 20510. 20510. 20510.]]]]
