./RNNv2Layer/InputMode.py:38: DeprecationWarning: Use addLoop instead.
  rnnV2Layer = network.add_rnn_v2(inputT0, 1, nHidden, nH, trt.RNNOperation.RELU)
Input 0: (3, 4, 5) 
 [[[1. 1. 1. 1. 1.]
  [1. 1. 1. 1. 1.]
  [1. 1. 1. 1. 1.]
  [1. 1. 1. 1. 1.]]

 [[1. 1. 1. 1. 1.]
  [1. 1. 1. 1. 1.]
  [1. 1. 1. 1. 1.]
  [1. 1. 1. 1. 1.]]

 [[1. 1. 1. 1. 1.]
  [1. 1. 1. 1. 1.]
  [1. 1. 1. 1. 1.]
  [1. 1. 1. 1. 1.]]]
Output 0: (1, 3, 4, 5) 
 [[[[  1.   1.   1.   1.   1.]
   [  6.   6.   6.   6.   6.]
   [ 31.  31.  31.  31.  31.]
   [156. 156. 156. 156. 156.]]

  [[  1.   1.   1.   1.   1.]
   [  6.   6.   6.   6.   6.]
   [ 31.  31.  31.  31.  31.]
   [156. 156. 156. 156. 156.]]

  [[  1.   1.   1.   1.   1.]
   [  6.   6.   6.   6.   6.]
   [ 31.  31.  31.  31.  31.]
   [156. 156. 156. 156. 156.]]]]
Output 1: (1, 3, 1, 5) 
 [[[[156. 156. 156. 156. 156.]]

  [[156. 156. 156. 156. 156.]]

  [[156. 156. 156. 156. 156.]]]]
