./RNNv2Layer/Hidden_state.py:41: DeprecationWarning: Use addLoop instead.
  rnnV2Layer = network.add_rnn_v2(inputT0, 1, nHidden, nH, trt.RNNOperation.RELU)  # 基于单输入初始示例代码
Input 0: (3, 4, 7) 
 [[[1. 1. 1. 1. 1. 1. 1.]
  [1. 1. 1. 1. 1. 1. 1.]
  [1. 1. 1. 1. 1. 1. 1.]
  [1. 1. 1. 1. 1. 1. 1.]]

 [[1. 1. 1. 1. 1. 1. 1.]
  [1. 1. 1. 1. 1. 1. 1.]
  [1. 1. 1. 1. 1. 1. 1.]
  [1. 1. 1. 1. 1. 1. 1.]]

 [[1. 1. 1. 1. 1. 1. 1.]
  [1. 1. 1. 1. 1. 1. 1.]
  [1. 1. 1. 1. 1. 1. 1.]
  [1. 1. 1. 1. 1. 1. 1.]]]
Output 0: (1, 3, 4, 5) 
 [[[[  12.   12.   12.   12.   12.]
   [  67.   67.   67.   67.   67.]
   [ 342.  342.  342.  342.  342.]
   [1717. 1717. 1717. 1717. 1717.]]

  [[  12.   12.   12.   12.   12.]
   [  67.   67.   67.   67.   67.]
   [ 342.  342.  342.  342.  342.]
   [1717. 1717. 1717. 1717. 1717.]]

  [[  12.   12.   12.   12.   12.]
   [  67.   67.   67.   67.   67.]
   [ 342.  342.  342.  342.  342.]
   [1717. 1717. 1717. 1717. 1717.]]]]
Output 1: (1, 3, 1, 5) 
 [[[[1717. 1717. 1717. 1717. 1717.]]

  [[1717. 1717. 1717. 1717. 1717.]]

  [[1717. 1717. 1717. 1717. 1717.]]]]
