./RNNv2Layer/Num_layers+Hidden_size+Max_seq_length+Data_length+Op.py:39: DeprecationWarning: Use addLoop instead.
  rnnV2Layer = network.add_rnn_v2(inputT0, 1, nHidden, nH, trt.RNNOperation.LSTM)
num_layers=1
hidden_size=5
max_seq_length=4
data_length=7

Input 0: (3, 4, 7) 
 [[[1. 1. 1. 1. 1. 1. 1.]
  [1. 1. 1. 1. 1. 1. 1.]
  [1. 1. 1. 1. 1. 1. 1.]
  [1. 1. 1. 1. 1. 1. 1.]]

 [[1. 1. 1. 1. 1. 1. 1.]
  [1. 1. 1. 1. 1. 1. 1.]
  [1. 1. 1. 1. 1. 1. 1.]
  [1. 1. 1. 1. 1. 1. 1.]]

 [[1. 1. 1. 1. 1. 1. 1.]
  [1. 1. 1. 1. 1. 1. 1.]
  [1. 1. 1. 1. 1. 1. 1.]
  [1. 1. 1. 1. 1. 1. 1.]]]
Output 0: (1, 3, 4, 5) 
 [[[[   7.    7.    7.    7.    7.]
   [  42.   42.   42.   42.   42.]
   [ 217.  217.  217.  217.  217.]
   [1092. 1092. 1092. 1092. 1092.]]

  [[   7.    7.    7.    7.    7.]
   [  42.   42.   42.   42.   42.]
   [ 217.  217.  217.  217.  217.]
   [1092. 1092. 1092. 1092. 1092.]]

  [[   7.    7.    7.    7.    7.]
   [  42.   42.   42.   42.   42.]
   [ 217.  217.  217.  217.  217.]
   [1092. 1092. 1092. 1092. 1092.]]]]
Output 1: (1, 3, 1, 5) 
 [[[[1092. 1092. 1092. 1092. 1092.]]

  [[1092. 1092. 1092. 1092. 1092.]]

  [[1092. 1092. 1092. 1092. 1092.]]]]
