./RNNv2Layer/Direction.py:43: DeprecationWarning: Use addLoop instead.
  rnnV2Layer = network.add_rnn_v2(inputT0, 1, nHidden, nH, trt.RNNOperation.RELU)
Input 0: (3, 4, 7) 
 [[[1. 1. 1. 1. 1. 1. 1.]
  [1. 1. 1. 1. 1. 1. 1.]
  [1. 1. 1. 1. 1. 1. 1.]
  [1. 1. 1. 1. 1. 1. 1.]]

 [[1. 1. 1. 1. 1. 1. 1.]
  [1. 1. 1. 1. 1. 1. 1.]
  [1. 1. 1. 1. 1. 1. 1.]
  [1. 1. 1. 1. 1. 1. 1.]]

 [[1. 1. 1. 1. 1. 1. 1.]
  [1. 1. 1. 1. 1. 1. 1.]
  [1. 1. 1. 1. 1. 1. 1.]
  [1. 1. 1. 1. 1. 1. 1.]]]
Output 0: (1, 3, 4, 10) 
 [[[[   7.    7.    7.    7.    7. 1092. 1092. 1092. 1092. 1092.]
   [  42.   42.   42.   42.   42.  217.  217.  217.  217.  217.]
   [ 217.  217.  217.  217.  217.   42.   42.   42.   42.   42.]
   [1092. 1092. 1092. 1092. 1092.    7.    7.    7.    7.    7.]]

  [[   7.    7.    7.    7.    7. 1092. 1092. 1092. 1092. 1092.]
   [  42.   42.   42.   42.   42.  217.  217.  217.  217.  217.]
   [ 217.  217.  217.  217.  217.   42.   42.   42.   42.   42.]
   [1092. 1092. 1092. 1092. 1092.    7.    7.    7.    7.    7.]]

  [[   7.    7.    7.    7.    7. 1092. 1092. 1092. 1092. 1092.]
   [  42.   42.   42.   42.   42.  217.  217.  217.  217.  217.]
   [ 217.  217.  217.  217.  217.   42.   42.   42.   42.   42.]
   [1092. 1092. 1092. 1092. 1092.    7.    7.    7.    7.    7.]]]]
Output 1: (1, 3, 2, 5) 
 [[[[1092. 1092. 1092. 1092. 1092.]
   [1092. 1092. 1092. 1092. 1092.]]

  [[1092. 1092. 1092. 1092. 1092.]
   [1092. 1092. 1092. 1092. 1092.]]

  [[1092. 1092. 1092. 1092. 1092.]
   [1092. 1092. 1092. 1092. 1092.]]]]
