./MatrixMultiplyLayer/Op0+Op1.py:44: DeprecationWarning: Use get_tensor_mode instead.
  nInput = np.sum([engine.binding_is_input(i) for i in range(engine.num_bindings)])
./MatrixMultiplyLayer/Op0+Op1.py:50: DeprecationWarning: Use get_tensor_shape instead.
  bufferH.append(np.empty(context.get_binding_shape(nInput + i), dtype=trt.nptype(engine.get_binding_dtype(nInput + i))))
./MatrixMultiplyLayer/Op0+Op1.py:50: DeprecationWarning: Use get_tensor_dtype instead.
  bufferH.append(np.empty(context.get_binding_shape(nInput + i), dtype=trt.nptype(engine.get_binding_dtype(nInput + i))))
Input 0: (1, 3, 4, 5) 
 [[[[ 0.  1.  2.  3.  4.]
   [ 5.  6.  7.  8.  9.]
   [10. 11. 12. 13. 14.]
   [15. 16. 17. 18. 19.]]

  [[20. 21. 22. 23. 24.]
   [25. 26. 27. 28. 29.]
   [30. 31. 32. 33. 34.]
   [35. 36. 37. 38. 39.]]

  [[40. 41. 42. 43. 44.]
   [45. 46. 47. 48. 49.]
   [50. 51. 52. 53. 54.]
   [55. 56. 57. 58. 59.]]]]
Output 0: (1, 3, 4, 4) 
 [[[[ 10.  10.  10.  10.]
   [ 35.  35.  35.  35.]
   [ 60.  60.  60.  60.]
   [ 85.  85.  85.  85.]]

  [[110. 110. 110. 110.]
   [135. 135. 135. 135.]
   [160. 160. 160. 160.]
   [185. 185. 185. 185.]]

  [[210. 210. 210. 210.]
   [235. 235. 235. 235.]
   [260. 260. 260. 260.]
   [285. 285. 285. 285.]]]]
