0x7f39a2831200[AddScalarPluginCreator]
0x7f39a2831200[getPluginName]
0x7f39a2831200[getPluginName]
0x7f39a2831200[getPluginNamespace]
0x7f39a2831200[getPluginVersion]
0x7f39a2831200[getPluginName]
0x7f39a2831200[getPluginName]
0x7f39a2831200[createPlugin]
0x55e718eccb50[AddScalarPlugin]
0x55e718eccb50[getNbOutputs]
0x55e718eccb50[getOutputDataType]
0x55e718eccb50[getNbOutputs]
0x55e718eccb50[clone]
0x55e718efc3e0[AddScalarPlugin]
0x55e718efc3e0[setPluginNamespace]
0x55e718eccb50[getPluginType]
0x55e718eccb50[~AddScalarPlugin]
0x55e718efc3e0[getOutputDataType]
0x55e718efc3e0[getOutputDimensions]
0x55e718efc3e0[clone]
0x55e718eccb50[AddScalarPlugin]
0x55e718eccb50[setPluginNamespace]
0x55e718eccb50[getOutputDimensions]
0x55e718eccb50[getPluginType]
0x55e718eccb50[clone]
0x55e72ed9fb40[AddScalarPlugin]
0x55e72ed9fb40[setPluginNamespace]
0x55e72ed9fb40[supportsFormatCombination]
0x55e72ed9fb40[supportsFormatCombination]
0x55e72ed9fb40[clone]
0x55e72eda0ad0[AddScalarPlugin]
0x55e72eda0ad0[setPluginNamespace]
0x55e72eda0ad0[configurePlugin]
0x55e72eda0ad0[getWorkspaceSize]
0x55e72eda0ad0[getWorkspaceSize]
0x55e72eda0ad0[getWorkspaceSize]
0x55e72eda0ad0[getWorkspaceSize]
0x55e72ed9fb40[destroy]
0x55e72ed9fb40[~AddScalarPlugin]
0x55e718eccb50[clone]
0x55e72ed9fb40[AddScalarPlugin]
0x55e72ed9fb40[setPluginNamespace]
0x55e72ed9fb40[supportsFormatCombination]
0x55e72ed9fb40[supportsFormatCombination]
0x55e72ed9fb40[clone]
0x55e72eda0b50[AddScalarPlugin]
0x55e72eda0b50[setPluginNamespace]
0x55e72eda0b50[configurePlugin]
0x55e72eda0b50[getWorkspaceSize]
0x55e72eda0b50[getWorkspaceSize]
0x55e72eda0b50[getWorkspaceSize]
0x55e72eda0b50[getWorkspaceSize]
0x55e72ed9fb40[destroy]
0x55e72ed9fb40[~AddScalarPlugin]
0x55e72eda0ad0[initialize]
0x55e72eda0b50[initialize]
0x55e718eccb50[destroy]
0x55e718eccb50[~AddScalarPlugin]
0x55e72eda0ad0[getPluginType]
0x55e72eda0ad0[getPluginVersion]
0x55e72eda0ad0[getPluginNamespace]
0x55e72eda0ad0[getSerializationSize]
0x55e72eda0ad0[serialize]
0x55e72eda0b50[getPluginType]
0x55e72eda0b50[getPluginVersion]
0x55e72eda0b50[getPluginNamespace]
0x55e72eda0b50[getSerializationSize]
0x55e72eda0b50[serialize]
0x55e72eda0ad0[getPluginType]
0x55e72eda0ad0[getPluginVersion]
0x55e72eda0ad0[getPluginNamespace]
0x55e72eda0ad0[getSerializationSize]
0x55e72eda0ad0[serialize]
0x55e72eda0b50[getPluginType]
0x55e72eda0b50[getPluginVersion]
0x55e72eda0b50[getPluginNamespace]
0x55e72eda0b50[getSerializationSize]
0x55e72eda0b50[serialize]
0x55e72eda0ad0[terminate]
0x55e72eda0ad0[destroy]
0x55e72eda0ad0[~AddScalarPlugin]
0x55e72eda0b50[terminate]
0x55e72eda0b50[destroy]
0x55e72eda0b50[~AddScalarPlugin]
0x7f39a2831200[getPluginVersion]
0x7f39a2831200[getPluginNamespace]
0x7f39a2831200[getPluginNamespace]
0x7f39a2831200[deserializePlugin]
0x55e72eda09c0[AddScalarPlugin]
0x7f39a2831200[getPluginVersion]
0x7f39a2831200[getPluginNamespace]
0x7f39a2831200[getPluginNamespace]
0x7f39a2831200[deserializePlugin]
0x55e72eda11d0[AddScalarPlugin]
0x55e72eda09c0[initialize]
0x55e72eda11d0[initialize]
0x55e72eda09c0[clone]
0x55e72eda0080[AddScalarPlugin]
0x55e72eda0080[setPluginNamespace]
0x55e72eda11d0[clone]
0x55e72eda04d0[AddScalarPlugin]
0x55e72eda04d0[setPluginNamespace]
0x55e72eda04d0[attachToContext]
0x55e72eda0080[attachToContext]
0x55e72eda0080[configurePlugin]
0x55e72eda0080[enqueue]
FP32 kernel!
0x55e72eda04d0[configurePlugin]
0x55e72eda04d0[enqueue]
FP32 kernel!
0x55e72eda04d0[detachFromContext]
0x55e72eda0080[detachFromContext]
0x55e72eda04d0[destroy]
0x55e72eda04d0[~AddScalarPlugin]
0x55e72eda0080[destroy]
0x55e72eda0080[~AddScalarPlugin]
0x55e72eda09c0[terminate]
0x55e72eda09c0[destroy]
0x55e72eda09c0[~AddScalarPlugin]
0x55e72eda11d0[terminate]
0x55e72eda11d0[destroy]
0x55e72eda11d0[~AddScalarPlugin]
0x7f39a2831200[getPluginVersion]
0x7f39a2831200[getPluginNamespace]
0x7f39a2831200[getPluginNamespace]
0x7f39a2831200[deserializePlugin]
0x55e72ed94bf0[AddScalarPlugin]
0x7f39a2831200[getPluginVersion]
0x7f39a2831200[getPluginNamespace]
0x7f39a2831200[getPluginNamespace]
0x7f39a2831200[deserializePlugin]
0x55e72ed94d10[AddScalarPl
Test <shape0:[8, 8],scalar=1.000000>
Succeeded building engine!
Context0 binding all? Yes
0 Input  (-1, -1) (8, 8)
1 Output (-1, -1) (8, 8)
2 Input  (-1, -1) (-1, -1)
3 Output (-1, -1) (-1, -1)
Context1 binding all? Yes
0 Input  (-1, -1) (-1, -1)
1 Output (-1, -1) (-1, -1)
2 Input  (-1, -1) (16, 16)
3 Output (-1, -1) (16, 16)
Use Profile 0
Use Profile 1
check result of context 0: True
check result of context 1: True

Test <shape0:[8, 8],scalar=1.000000>
Succeeded loading engine!
Context0 binding all? Yes
0 Input  (-1, -1) (8, 8)
1 Output (-1, -1) (8, 8)
2 Input  (-1, -1) (-1, -1)
3 Output (-1, -1) (-1, -1)
Context1 binding all? Yes
0 Input  (-1, -1) (-1, -1)
1 Output (-1, -1) (-1, -1)
2 Input  (-1, -1) (16, 16)
3 Output (-1, -1) (16, 16)
Use Profile 0
Use Profile 1
check result of context 0: True
check result of context 1: True
test finish!
ugin]
0x55e72ed94bf0[initialize]
0x55e72ed94d10[initialize]
0x55e72ed94bf0[clone]
0x55e72eda0bd0[AddScalarPlugin]
0x55e72eda0bd0[setPluginNamespace]
0x55e72ed94d10[clone]
0x55e718eccb50[AddScalarPlugin]
0x55e718eccb50[setPluginNamespace]
0x55e718eccb50[attachToContext]
0x55e72eda0bd0[attachToContext]
0x55e72eda0bd0[configurePlugin]
0x55e72eda0bd0[enqueue]
FP32 kernel!
0x55e718eccb50[configurePlugin]
0x55e718eccb50[enqueue]
FP32 kernel!
0x55e718eccb50[detachFromContext]
0x55e72eda0bd0[detachFromContext]
0x55e718eccb50[destroy]
0x55e718eccb50[~AddScalarPlugin]
0x55e72eda0bd0[destroy]
0x55e72eda0bd0[~AddScalarPlugin]
0x55e72ed94bf0[terminate]
0x55e72ed94bf0[destroy]
0x55e72ed94bf0[~AddScalarPlugin]
0x55e72ed94d10[terminate]
0x55e72ed94d10[destroy]
0x55e72ed94d10[~AddScalarPlugin]
0x7f39a2831200[~AddScalarPluginCreator]
