[ 0]Input -> DataType.FLOAT (1, 1, 2, 6, 9) (1, 1, 2, 6, 9) inputT0
[ 1]Output-> DataType.FLOAT (1, 1, 1, 4, 7) (1, 1, 1, 4, 7) (Unnamed Layer* 0) [Convolution]_output
inputT0
[[[[[1. 2. 3. 1. 2. 3. 1. 2. 3.]
    [4. 5. 6. 4. 5. 6. 4. 5. 6.]
    [7. 8. 9. 7. 8. 9. 7. 8. 9.]
    [1. 2. 3. 1. 2. 3. 1. 2. 3.]
    [4. 5. 6. 4. 5. 6. 4. 5. 6.]
    [7. 8. 9. 7. 8. 9. 7. 8. 9.]]

   [[1. 2. 3. 1. 2. 3. 1. 2. 3.]
    [4. 5. 6. 4. 5. 6. 4. 5. 6.]
    [7. 8. 9. 7. 8. 9. 7. 8. 9.]
    [1. 2. 3. 1. 2. 3. 1. 2. 3.]
    [4. 5. 6. 4. 5. 6. 4. 5. 6.]
    [7. 8. 9. 7. 8. 9. 7. 8. 9.]]]]]
(Unnamed Layer* 0) [Convolution]_output
[[[[[-0.00018907  0.00053437 -0.00014376 -0.00018907  0.00053437 -0.00014376 -0.00018907]
    [ 0.00176249 -0.00044376  0.00083124  0.00176249 -0.00044376  0.00083124  0.00176249]
    [-0.00185    -0.00015     0.0089375  -0.00185    -0.00015     0.0089375  -0.00185   ]
    [-0.00018907  0.00053437 -0.00014376 -0.00018907  0.00053437 -0.00014376 -0.00018907]]]]]
