[TensorRT-Cookbook] Version: 1.0.0
[07/02/2026-03:25:30] [TRT] [W] Using default stream in enqueueV3() may lead to performance issues due to additional calls to cudaStreamSynchronize() by TensorRT to ensure correct synchronization. Please use non-default stream instead.
[07/02/2026-03:25:31] [TRT] [W] Using default stream in enqueueV3() may lead to performance issues due to additional calls to cudaStreamSynchronize() by TensorRT to ensure correct synchronization. Please use non-default stream instead.
[07/02/2026-03:25:33] [TRT] [W] Using default stream in enqueueV3() may lead to performance issues due to additional calls to cudaStreamSynchronize() by TensorRT to ensure correct synchronization. Please use non-default stream instead.
[07/02/2026-03:25:35] [TRT] [W] Using default stream in enqueueV3() may lead to performance issues due to additional calls to cudaStreamSynchronize() by TensorRT to ensure correct synchronization. Please use non-default stream instead.
============================== Start [case_simple,(),{}]

================ Public members of <tensorrt.tensorrt.IMatrixMultiplyLayer object at 0x71a843d462f0> (instance)
 0 Callback members: []
 0 Callable methods: []
 2 Non-callable attributions: ['op0', 'op1']
Input ->DataType.FLOAT, (1, 3, 4, 5), (1, 3, 4, 5), tensor
Output->DataType.FLOAT, (1, 3, 4, 4), (1, 3, 4, 4), (Unnamed Layer* 1) [Matrix Multiply]_output
tensor
[[[[ 0.  1.  2.  3.  4.]
   [ 5.  6.  7.  8.  9.]
   [10. 11. 12. 13. 14.]
   [15. 16. 17. 18. 19.]]

  [[20. 21. 22. 23. 24.]
   [25. 26. 27. 28. 29.]
   [30. 31. 32. 33. 34.]
   [35. 36. 37. 38. 39.]]

  [[40. 41. 42. 43. 44.]
   [45. 46. 47. 48. 49.]
   [50. 51. 52. 53. 54.]
   [55. 56. 57. 58. 59.]]]]
(Unnamed Layer* 1) [Matrix Multiply]_output
[[[[ 10.  10.  10.  10.]
   [ 35.  35.  35.  35.]
   [ 60.  60.  60.  60.]
   [ 85.  85.  85.  85.]]

  [[110. 110. 110. 110.]
   [135. 135. 135. 135.]
   [160. 160. 160. 160.]
   [185. 185. 185. 185.]]

  [[210. 210. 210. 210.]
   [235. 235. 235. 235.]
   [260. 260. 260. 260.]
   [285. 285. 285. 285.]]]]
============================== End   [case_simple]
============================== Start [case_transpose,(),{}]
Input ->DataType.FLOAT, (1, 3, 4, 5), (1, 3, 4, 5), tensor
Output->DataType.FLOAT, (1, 3, 4, 4), (1, 3, 4, 4), (Unnamed Layer* 1) [Matrix Multiply]_output
tensor
[[[[ 0.  1.  2.  3.  4.]
   [ 5.  6.  7.  8.  9.]
   [10. 11. 12. 13. 14.]
   [15. 16. 17. 18. 19.]]

  [[20. 21. 22. 23. 24.]
   [25. 26. 27. 28. 29.]
   [30. 31. 32. 33. 34.]
   [35. 36. 37. 38. 39.]]

  [[40. 41. 42. 43. 44.]
   [45. 46. 47. 48. 49.]
   [50. 51. 52. 53. 54.]
   [55. 56. 57. 58. 59.]]]]
(Unnamed Layer* 1) [Matrix Multiply]_output
[[[[ 10.  10.  10.  10.]
   [ 35.  35.  35.  35.]
   [ 60.  60.  60.  60.]
   [ 85.  85.  85.  85.]]

  [[110. 110. 110. 110.]
   [135. 135. 135. 135.]
   [160. 160. 160. 160.]
   [185. 185. 185. 185.]]

  [[210. 210. 210. 210.]
   [235. 235. 235. 235.]
   [260. 260. 260. 260.]
   [285. 285. 285. 285.]]]]
============================== End   [case_transpose]
============================== Start [case_vector,(),{}]
Input ->DataType.FLOAT, (1, 3, 4, 5), (1, 3, 4, 5), tensor
Output->DataType.FLOAT, (1, 3, 4), (1, 3, 4), (Unnamed Layer* 1) [Matrix Multiply]_output
tensor
[[[[ 0.  1.  2.  3.  4.]
   [ 5.  6.  7.  8.  9.]
   [10. 11. 12. 13. 14.]
   [15. 16. 17. 18. 19.]]

  [[20. 21. 22. 23. 24.]
   [25. 26. 27. 28. 29.]
   [30. 31. 32. 33. 34.]
   [35. 36. 37. 38. 39.]]

  [[40. 41. 42. 43. 44.]
   [45. 46. 47. 48. 49.]
   [50. 51. 52. 53. 54.]
   [55. 56. 57. 58. 59.]]]]
(Unnamed Layer* 1) [Matrix Multiply]_output
[[[ 10.  35.  60.  85.]
  [110. 135. 160. 185.]
  [210. 235. 260. 285.]]]
============================== End   [case_vector]
============================== Start [case_broadcast,(),{}]
Input ->DataType.FLOAT, (1, 3, 4, 5), (1, 3, 4, 5), tensor
Output->DataType.FLOAT, (1, 3, 4, 4), (1, 3, 4, 4), (Unnamed Layer* 1) [Matrix Multiply]_output
tensor
[[[[ 0.  1.  2.  3.  4.]
   [ 5.  6.  7.  8.  9.]
   [10. 11. 12. 13. 14.]
   [15. 16. 17. 18. 19.]]

  [[20. 21. 22. 23. 24.]
   [25. 26. 27. 28. 29.]
   [30. 31. 32. 33. 34.]
   [35. 36. 37. 38. 39.]]

  [[40. 41. 42. 43. 44.]
   [45. 46. 47. 48. 49.]
   [50. 51. 52. 53. 54.]
   [55. 56. 57. 58. 59.]]]]
(Unnamed Layer* 1) [Matrix Multiply]_output
[[[[ 10.  10.  10.  10.]
   [ 35.  35.  35.  35.]
   [ 60.  60.  60.  60.]
   [ 85.  85.  85.  85.]]

  [[110. 110. 110. 110.]
   [135. 135. 135. 135.]
   [160. 160. 160. 160.]
   [185. 185. 185. 185.]]

  [[210. 210. 210. 210.]
   [235. 235. 235. 235.]
   [260. 260. 260. 260.]
   [285. 285. 285. 285.]]]]
============================== End   [case_broadcast]
Members of tensorrt.tensorrt.MatrixOperation:
 0 -> NONE
 1 -> TRANSPOSE
 2 -> VECTOR
Finish
