Input 0: (1, 3, 4, 5) 
 [[[[ 0.  1.  2.  3.  4.]
   [ 5.  6.  7.  8.  9.]
   [10. 11. 12. 13. 14.]
   [15. 16. 17. 18. 19.]]

  [[20. 21. 22. 23. 24.]
   [25. 26. 27. 28. 29.]
   [30. 31. 32. 33. 34.]
   [35. 36. 37. 38. 39.]]

  [[40. 41. 42. 43. 44.]
   [45. 46. 47. 48. 49.]
   [50. 51. 52. 53. 54.]
   [55. 56. 57. 58. 59.]]]]
Output 0: (1, 3, 4, 5) 
 [[[[ 0.  2.  4.  6.  8.]
   [11. 13. 15. 17. 19.]
   [21. 23. 25. 28. 30.]
   [32. 34. 36. 38. 40.]]

  [[21. 22. 23. 24. 25.]
   [26. 28. 29. 30. 31.]
   [32. 33. 34. 35. 36.]
   [37. 38. 39. 40. 41.]]

  [[21. 22. 22. 23. 23.]
   [24. 24. 25. 25. 26.]
   [26. 27. 28. 28. 29.]
   [29. 30. 30. 31. 31.]]]]
