./QuantizeDequantizeLayer/Set_input+ZeroPt.py:50: DeprecationWarning: Use get_tensor_mode instead.
  nInput = np.sum([engine.binding_is_input(i) for i in range(engine.num_bindings)])
./QuantizeDequantizeLayer/Set_input+ZeroPt.py:56: DeprecationWarning: Use get_tensor_shape instead.
  bufferH.append(np.empty(context.get_binding_shape(nInput + i), dtype=trt.nptype(engine.get_binding_dtype(nInput + i))))
./QuantizeDequantizeLayer/Set_input+ZeroPt.py:56: DeprecationWarning: Use get_tensor_dtype instead.
  bufferH.append(np.empty(context.get_binding_shape(nInput + i), dtype=trt.nptype(engine.get_binding_dtype(nInput + i))))
Input 0: (1, 3, 4, 5) 
 [[[[ 0.  1.  2.  3.  4.]
   [ 5.  6.  7.  8.  9.]
   [10. 11. 12. 13. 14.]
   [15. 16. 17. 18. 19.]]

  [[20. 21. 22. 23. 24.]
   [25. 26. 27. 28. 29.]
   [30. 31. 32. 33. 34.]
   [35. 36. 37. 38. 39.]]

  [[40. 41. 42. 43. 44.]
   [45. 46. 47. 48. 49.]
   [50. 51. 52. 53. 54.]
   [55. 56. 57. 58. 59.]]]]
Output 0: (1, 3, 4, 5) 
 [[[[  0.   6.  13.  19.  25.]
   [ 32.  38.  44.  51.  57.]
   [ 64.  70.  76.  83.  89.]
   [ 95. 102. 108. 114. 121.]]

  [[ 64.  67.  70.  73.  76.]
   [ 79.  83.  86.  89.  92.]
   [ 95.  98. 102. 105. 108.]
   [111. 114. 117. 121. 124.]]

  [[ 85.  87.  89.  91.  93.]
   [ 95.  97.  99. 102. 104.]
   [106. 108. 110. 112. 114.]
   [116. 119. 121. 123. 125.]]]]
