Context0 binding all? Yes
0 Input  (-1, -1, -1, -1) (2, 6, 10, 10)
1 Output (-1, -1, -1, -1) (2, 6, 10, 10)
graph0, test0: (2, 6, 10, 10)
[[[[ -0.  -1.  -2.  -3.  -4.]
   [ -5.  -6.  -7.  -8.  -9.]
   [-10. -11. -12. -13. -14.]
   [-15. -16. -17. -18. -19.]
   [-20. -21. -22. -23. -24.]]

  [[-25. -26. -27. -28. -29.]
   [-30. -31. -32. -33. -34.]
   [-35. -36. -37. -38. -39.]
   [-40. -41. -42. -43. -44.]
   [-45. -46. -47. -48. -49.]]

  [[-50. -51. -52. -53. -54.]
   [-55. -56. -57. -58. -59.]
   [-60. -61. -62. -63. -64.]
   [-65. -66. -67. -68. -69.]
   [-70. -71. -72. -73. -74.]]]]
graph1, test1: (2, 6, 10, 10)
[[[[   -0.    -2.    -4. ...   -14.   -16.   -18.]
   [  -20.   -22.   -24. ...   -34.   -36.   -38.]
   [  -40.   -42.   -44. ...   -54.   -56.   -58.]
   ...
   [ -140.  -142.  -144. ...  -154.  -156.  -158.]
   [ -160.  -162.  -164. ...  -174.  -176.  -178.]
   [ -180.  -182.  -184. ...  -194.  -196.  -198.]]

  [[ -200.  -202.  -204. ...  -214.  -216.  -218.]
   [ -220.  -222.  -224. ...  -234.  -236.  -238.]
   [ -240.  -242.  -244. ...  -254.  -256.  -258.]
   ...
   [ -340.  -342.  -344. ...  -354.  -356.  -358.]
   [ -360.  -362.  -364. ...  -374.  -376.  -378.]
   [ -380.  -382.  -384. ...  -394.  -396.  -398.]]

  [[ -400.  -402.  -404. ...  -414.  -416.  -418.]
   [ -420.  -422.  -424. ...  -434.  -436.  -438.]
   [ -440.  -442.  -444. ...  -454.  -456.  -458.]
   ...
   [ -540.  -542.  -544. ...  -554.  -556.  -558.]
   [ -560.  -562.  -564. ...  -574.  -576.  -578.]
   [ -580.  -582.  -584. ...  -594.  -596.  -598.]]

  [[ -600.  -602.  -604. ...  -614.  -616.  -618.]
   [ -620.  -622.  -624. ...  -634.  -636.  -638.]
   [ -640.  -642.  -644. ...  -654.  -656.  -658.]
   ...
   [ -740.  -742.  -744. ...  -754.  -756.  -758.]
   [ -760.  -762.  -764. ...  -774.  -776.  -778.]
   [ -780.  -782.  -784. ...  -794.  -796.  -798.]]

  [[ -800.  -802.  -804. ...  -814.  -816.  -818.]
   [ -820.  -822.  -824. ...  -834.  -836.  -838.]
   [ -840.  -842.  -844. ...  -854.  -856.  -858.]
   ...
   [ -940.  -942.  -944. ...  -954.  -956.  -958.]
   [ -960.  -962.  -964. ...  -974.  -976.  -978.]
   [ -980.  -982.  -984. ...  -994.  -996.  -998.]]

  [[-1000. -1002. -1004. ... -1014. -1016. -1018.]
   [-1020. -1022. -1024. ... -1034. -1036. -1038.]
   [-1040. -1042. -1044. ... -1054. -1056. -1058.]
   ...
   [-1140. -1142. -1144. ... -1154. -1156. -1158.]
   [-1160. -1162. -1164. ... -1174. -1176. -1178.]
   [-1180. -1182. -1184. ... -1194. -1196. -1198.]]]


 [[[-1200. -1202. -1204. ... -1214. -1216. -1218.]
   [-1220. -1222. -1224. ... -1234. -1236. -1238.]
   [-1240. -1242. -1244. ... -1254. -1256. -1258.]
   ...
   [-1340. -1342. -1344. ... -1354. -1356. -1358.]
   [-1360. -1362. -1364. ... -1374. -1376. -1378.]
   [-1380. -1382. -1384. ... -1394. -1396. -1398.]]

  [[-1400. -1402. -1404. ... -1414. -1416. -1418.]
   [-1420. -1422. -1424. ... -1434. -1436. -1438.]
   [-1440. -1442. -1444. ... -1454. -1456. -1458.]
   ...
   [-1540. -1542. -1544. ... -1554. -1556. -1558.]
   [-1560. -1562. -1564. ... -1574. -1576. -1578.]
   [-1580. -1582. -1584. ... -1594. -1596. -1598.]]

  [[-1600. -1602. -1604. ... -1614. -1616. -1618.]
   [-1620. -1622. -1624. ... -1634. -1636. -1638.]
   [-1640. -1642. -1644. ... -1654. -1656. -1658.]
   ...
   [-1740. -1742. -1744. ... -1754. -1756. -1758.]
   [-1760. -1762. -1764. ... -1774. -1776. -1778.]
   [-1780. -1782. -1784. ... -1794. -1796. -1798.]]

  [[-1800. -1802. -1804. ... -1814. -1816. -1818.]
   [-1820. -1822. -1824. ... -1834. -1836. -1838.]
   [-1840. -1842. -1844. ... -1854. -1856. -1858.]
   ...
   [-1940. -1942. -1944. ... -1954. -1956. -1958.]
   [-1960. -1962. -1964. ... -1974. -1976. -1978.]
   [-1980. -1982. -1984. ... -1994. -1996. -1998.]]

  [[-2000. -2002. -2004. ... -2014. -2016. -2018.]
   [-2020. -2022. -2024. ... -2034. -2036. -2038.]
   [-2040. -2042. -2044. ... -2054. -2056. -2058.]
   ...
   [-2140. -2142. -2144. ... -2154. -2156. -2158.]
   [-2160. -2162. -2164. ... -2174. -2176. -2178.]
   [-2180. -2182. -2184. ... -2194. -2196. -2198.]]

  [[-2200. -2202. -2204. ... -2214. -2216. -2218.]
   [-2220. -2222. -2224. ... -2234. -2236. -2238.]
   [-2240. -2242. -2244. ... -2254. -2256. -2258.]
   ...
   [-2340. -2342. -2344. ... -2354. -2356. -2358.]
   [-2360. -2362. -2364. ... -2374. -2376. -2378.]
   [-2380. -2382. -2384. ... -2394. -2396. -2398.]]]]
graph0, test2: (2, 6, 10, 10)
[[[[  -0.   -3.   -6.   -9.  -12.]
   [ -15.  -18.  -21.  -24.  -27.]
   [ -30.  -33.  -36.  -39.  -42.]
   [ -45.  -48.  -51.  -54.  -57.]
   [ -60.  -63.  -66.  -69.  -72.]]

  [[ -75.  -78.  -81.  -84.  -87.]
   [ -90.  -93.  -96.  -99. -102.]
   [-105. -108. -111. -114. -117.]
   [-120. -123. -126. -129. -132.]
   [-135. -138. -141. -144. -147.]]

  [[-150. -153. -156. -159. -162.]
   [-165. -168. -171. -174. -177.]
   [-180. -183. -186. -189. -192.]
   [-195. -198. -201. -204. -207.]
   [-210. -213. -216. -219. -222.]]]]
graph1, test3: (2, 6, 10, 10)
[[[[   -0.    -4.    -8. ...   -28.   -32.   -36.]
   [  -40.   -44.   -48. ...   -68.   -72.   -76.]
   [  -80.   -84.   -88. ...  -108.  -112.  -116.]
   ...
   [ -280.  -284.  -288. ...  -308.  -312.  -316.]
   [ -320.  -324.  -328. ...  -348.  -352.  -356.]
   [ -360.  -364.  -368. ...  -388.  -392.  -396.]]

  [[ -400.  -404.  -408. ...  -428.  -432.  -436.]
   [ -440.  -444.  -448. ...  -468.  -472.  -476.]
   [ -480.  -484.  -488. ...  -508.  -512.  -516.]
   ...
   [ -680.  -684.  -688. ...  -708.  -712.  -716.]
   [ -720.  -724.  -728. ...  -748.  -752.  -756.]
   [ -760.  -764.  -768. ...  -788.  -792.  -796.]]

  [[ -800.  -804.  -808. ...  -828.  -832.  -836.]
   [ -840.  -844.  -848. ...  -868.  -872.  -876.]
   [ -880.  -884.  -888. ...  -908.  -912.  -916.]
   ...
   [-1080. -1084. -1088. ... -1108. -1112. -1116.]
   [-1120. -1124. -1128. ... -1148. -1152. -1156.]
   [-1160. -1164. -1168. ... -1188. -1192. -1196.]]

  [[-1200. -1204. -1208. ... -1228. -1232. -1236.]
   [-1240. -1244. -1248. ... -1268. -1272. -1276.]
   [-1280. -1284. -1288. ... -1308. -1312. -1316.]
   ...
   [-1480. -1484. -1488. ... -1508. -1512. -1516.]
   [-1520. -1524. -1528. ... -1548. -1552. -1556.]
   [-1560. -1564. -1568. ... -1588. -1592. -1596.]]

  [[-1600. -1604. -1608. ... -1628. -1632. -1636.]
   [-1640. -1644. -1648. ... -1668. -1672. -1676.]
   [-1680. -1684. -1688. ... -1708. -1712. -1716.]
   ...
   [-1880. -1884. -1888. ... -1908. -1912. -1916.]
   [-1920. -1924. -1928. ... -1948. -1952. -1956.]
   [-1960. -1964. -1968. ... -1988. -1992. -1996.]]

  [[-2000. -2004. -2008. ... -2028. -2032. -2036.]
   [-2040. -2044. -2048. ... -2068. -2072. -2076.]
   [-2080. -2084. -2088. ... -2108. -2112. -2116.]
   ...
   [-2280. -2284. -2288. ... -2308. -2312. -2316.]
   [-2320. -2324. -2328. ... -2348. -2352. -2356.]
   [-2360. -2364. -2368. ... -2388. -2392. -2396.]]]


 [[[-2400. -2404. -2408. ... -2428. -2432. -2436.]
   [-2440. -2444. -2448. ... -2468. -2472. -2476.]
   [-2480. -2484. -2488. ... -2508. -2512. -2516.]
   ...
   [-2680. -2684. -2688. ... -2708. -2712. -2716.]
   [-2720. -2724. -2728. ... -2748. -2752. -2756.]
   [-2760. -2764. -2768. ... -2788. -2792. -2796.]]

  [[-2800. -2804. -2808. ... -2828. -2832. -2836.]
   [-2840. -2844. -2848. ... -2868. -2872. -2876.]
   [-2880. -2884. -2888. ... -2908. -2912. -2916.]
   ...
   [-3080. -3084. -3088. ... -3108. -3112. -3116.]
   [-3120. -3124. -3128. ... -3148. -3152. -3156.]
   [-3160. -3164. -3168. ... -3188. -3192. -3196.]]

  [[-3200. -3204. -3208. ... -3228. -3232. -3236.]
   [-3240. -3244. -3248. ... -3268. -3272. -3276.]
   [-3280. -3284. -3288. ... -3308. -3312. -3316.]
   ...
   [-3480. -3484. -3488. ... -3508. -3512. -3516.]
   [-3520. -3524. -3528. ... -3548. -3552. -3556.]
   [-3560. -3564. -3568. ... -3588. -3592. -3596.]]

  [[-3600. -3604. -3608. ... -3628. -3632. -3636.]
   [-3640. -3644. -3648. ... -3668. -3672. -3676.]
   [-3680. -3684. -3688. ... -3708. -3712. -3716.]
   ...
   [-3880. -3884. -3888. ... -3908. -3912. -3916.]
   [-3920. -3924. -3928. ... -3948. -3952. -3956.]
   [-3960. -3964. -3968. ... -3988. -3992. -3996.]]

  [[-4000. -4004. -4008. ... -4028. -4032. -4036.]
   [-4040. -4044. -4048. ... -4068. -4072. -4076.]
   [-4080. -4084. -4088. ... -4108. -4112. -4116.]
   ...
   [-4280. -4284. -4288. ... -4308. -4312. -4316.]
   [-4320. -4324. -4328. ... -4348. -4352. -4356.]
   [-4360. -4364. -4368. ... -4388. -4392. -4396.]]

  [[-4400. -4404. -4408. ... -4428. -4432. -4436.]
   [-4440. -4444. -4448. ... -4468. -4472. -4476.]
   [-4480. -4484. -4488. ... -4508. -4512. -4516.]
   ...
   [-4680. -4684. -4688. ... -4708. -4712. -4716.]
   [-4720. -4724. -4728. ... -4748. -4752. -4756.]
   [-4760. -4764. -4768. ... -4788. -4792. -4796.]]]]
