[TensorRT-Cookbook] Version: 0.1.0
0x78d737424320[CuBLASGemmPluginCreator]
0x78d737424320[getPluginName]
0x78d737424320[getPluginName]
0x78d737424320[getPluginNamespace]
0x78d737424320[getPluginVersion]
0x78d737424320[getPluginName]
0x78d737424320[getPluginNamespace]
0x78d737424320[getPluginVersion]
0x78d737424320[getPluginNamespace]
0x78d737424320[getPluginNamespace]
0x78d737424320[createPlugin]
    0x469f7b30[CuBLASGemmPlugin]
    0x469f7b30[getCapabilityInterface]
    0x469f7b30[getCapabilityInterface]
    0x469f7b30[getNbOutputs]
    0x469f7b30[getCapabilityInterface]
    0x469f7b30[getOutputDataTypes]
    0x469f7b30[getCapabilityInterface]
    0x469f7b30[getNbOutputs]
    0x469f7b30[getCapabilityInterface]
    0x469f7b30[getNbOutputs]
    0x469f7b30[clone]
    0x46a280a0[CuBLASGemmPlugin]
    0x469f7b30[getCapabilityInterface]
    0x469f7b30[getCapabilityInterface]
    0x469f7b30[getPluginName]
    0x469f7b30[~CuBLASGemmPlugin]
    0x46a280a0[getCapabilityInterface]
    0x46a280a0[getNbOutputs]
    0x46a280a0[getCapabilityInterface]
    0x46a280a0[getOutputDataTypes]
    0x46a280a0[getCapabilityInterface]
    0x46a280a0[getOutputShapes]
    0x46a280a0[clone]
    0x528db4b0[CuBLASGemmPlugin]
    0x528db4b0[getCapabilityInterface]
    0x528db4b0[getOutputShapes]
    0x528db4b0[getCapabilityInterface]
    0x528db4b0[getOutputShapes]
    0x528db4b0[getCapabilityInterface]
    0x528db4b0[getCapabilityInterface]
    0x528db4b0[clone]
    0x51c409b0[CuBLASGemmPlugin]
    0x51c409b0[getCapabilityInterface]
    0x51c409b0[getCapabilityInterface]
    0x51c409b0[supportsFormatCombination]
    pos=0:[FP32 ,Unknown,],[LINE ,None ,]->res=1
    0x51c409b0[getCapabilityInterface]
    0x51c409b0[supportsFormatCombination]
    pos=1:[FP32 ,FP32 ,],[LINE ,LINE ,]->res=1
    0x51c409b0[getCapabilityInterface]
    0x51c409b0[getFormatCombinationLimit]
    0x51c409b0[getCapabilityInterface]
    0x51c409b0[supportsFormatCombination]
    pos=1:[FP32 ,FP32 ,],[LINE ,CHW32,]->res=0
    0x51c409b0[getCapabilityInterface]
    0x51c409b0[supportsFormatCombination]
    pos=1:[FP32 ,FP32 ,],[LINE ,HWC  ,]->res=0
    0x51c409b0[getCapabilityInterface]
    0x51c409b0[supportsFormatCombination]
    pos=0:[FP32 ,Unknown,],[CHW32,None ,]->res=0
    0x51c409b0[getCapabilityInterface]
    0x51c409b0[supportsFormatCombination]
    pos=0:[FP32 ,Unknown,],[HWC  ,None ,]->res=0
    0x51c409b0[getCapabilityInterface]
    0x51c409b0[getTimingCacheID]
    0x51c409b0[getCapabilityInterface]
    0x51c409b0[getCapabilityInterface]
    0x51c409b0[supportsFormatCombination]
    pos=0:[FP32 ,Unknown,],[LINE ,None ,]->res=1
    0x51c409b0[getCapabilityInterface]
    0x51c409b0[supportsFormatCombination]
    pos=1:[FP32 ,FP32 ,],[LINE ,LINE ,]->res=1
    0x51c409b0[getCapabilityInterface]
    0x51c409b0[getFormatCombinationLimit]
    0x51c409b0[getCapabilityInterface]
    0x51c409b0[supportsFormatCombination]
    pos=1:[FP32 ,FP32 ,],[LINE ,CHW32,]->res=0
    0x51c409b0[getCapabilityInterface]
    0x51c409b0[supportsFormatCombination]
    pos=1:[FP32 ,FP32 ,],[LINE ,HWC  ,]->res=0
    0x51c409b0[getCapabilityInterface]
    0x51c409b0[supportsFormatCombination]
    pos=0:[FP32 ,Unknown,],[CHW32,None ,]->res=0
    0x51c409b0[getCapabilityInterface]
    0x51c409b0[supportsFormatCombination]
    pos=0:[FP32 ,Unknown,],[HWC  ,None ,]->res=0
    0x51c409b0[getCapabilityInterface]
    0x51c409b0[attachToContext]
    0x51c409b0[clone]
    0x523fdc70[CuBLASGemmPlugin]
    0x523fdc70[initializeContext]
    0x523fdc70[getCapabilityInterface]
    0x523fdc70[configurePlugin]
    0x523fdc70[getCapabilityInterface]
    0x523fdc70[getNbTactics]
    0x523fdc70[getCapabilityInterface]
    0x523fdc70[getValidTactics]
    0x51c409b0[getCapabilityInterface]
    0x51c409b0[getTimingCacheID]
    0x523fdc70[~CuBLASGemmPlugin]
    0x51c409b0[getCapabilityInterface]
    0x51c409b0[attachToContext]
    0x51c409b0[clone]
    0x51c3f4e0[CuBLASGemmPlugin]
    0x51c3f4e0[initializeContext]
    0x51c3f4e0[getCapabilityInterface]
    0x51c3f4e0[configurePlugin]
    0x51c3f4e0[getCapabilityInterface]
    0x51c3f4e0[setTactic]
    0x51c3f4e0[getCapabilityInterface]
    0x51c3f4e0[getWorkspaceSize]
    0x51c3f4e0[getCapabilityInterface]
    0x51c3f4e0[getWorkspaceSize]
    0x51c3f4e0[getCapabilityInterface]
    0x51c3f4e0[getWorkspaceSize]
    0x51c3f4e0[getCapabilityInterface]
    0x51c3f4e0[getWorkspaceSize]
    0x51c3f4e0[getCapabilityInterface]
    0x51c3f4e0[getPluginName]
    0x51c3f4e0[getCapabilityInterface]
    0x51c3f4e0[getPluginVersion]
    0x51c3f4e0[getCapabilityInterface]
    0x51c3f4e0[getMetadataString]
    0x51c409b0[~CuBLASGemmPlugin]
    0x528db4b0[~CuBLASGemmPlugin]
    0x51c3f4e0[getCapabilityInterface]
    0x51c3f4e0[getCapabilityInterface]
    0x51c3f4e0[getPluginName]
    0x51c3f4e0[getCapabilityInterface]
    0x51c3f4e0[getPluginVersion]
    0x51c3f4e0[getCapabilityInterface]
    0x51c3f4e0[getPluginNamespace]
    0x51c3f4e0[getCapabilityInterface]
    0x51c3f4e0[getFieldsToSerialize]
    0x51c3f4e0[getCapabilityInterface]
    0x51c3f4e0[getCapabilityInterface]
    0x51c3f4e0[getCapabilityInterface]
    0x51c3f4e0[getPluginName]
    0x51c3f4e0[getCapabilityInterface]
    0x51c3f4e0[getPluginVersion]
    0x51c3f4e0[getCapabilityInterface]
    0x51c3f4e0[getPluginNamespace]
    0x51c3f4e0[getCapabilityInterface]
    0x51c3f4e0[getFieldsToSerialize]
    0x51c3f4e0[getCapabilityInterface]
    0x51c3f4e0[~CuBLASGemmPlugin]
0x78d737424320[getPluginVersion]
0x78d737424320[getPluginNamespace]
0x78d737424320[getPluginNamespace]
0x78d737424320[createPlugin]
    0x51c3f4e0[CuBLASGemmPlugin]
    0x51c3f4e0[getCapabilityInterface]
    0x51c3f4e0[setTactic]
    0x51c3f4e0[getCapabilityInterface]
    0x51c3f4e0[attachToContext]
    0x51c3f4e0[clone]
    0x52a6dcd0[CuBLASGemmPlugin]
    0x52a6dcd0[initializeContext]
[04/24/2026-02:16:46] [TRT] [W] Using default stream in enqueueV3() may lead to performance issues due to additional calls to cudaStreamSynchronize() by TensorRT to ensure correct synchronization. Please use non-default stream instead.
    0x52a6dcd0[getCapabilityInterface]
    0x52a6dcd0[onShapeChange]
    0x51c3f4e0[getCapabilityInterface]
    0x52a6dcd0[getCapabilityInterface]
    0x52a6dcd0[enqueue]
    0x52a6dcd0[~CuBLASGemmPlugin]
    0x51c3f4e0[~CuBLASGemmPlugin]
    0x46a280a0[~CuBLASGemmPlugin]
0x78d737424320[getPluginName]
0x78d737424320[getPluginName]
0x78d737424320[getPluginNamespace]
0x78d737424320[getPluginVersion]
0x78d737424320[getPluginVersion]
0x78d737424320[getPluginVersion]
0x78d737424320[getPluginNamespace]
0x78d737424320[getPluginNamespace]
0x78d737424320[createPlugin]
    0x469f7b30[CuBLASGemmPlugin]
    0x469f7b30[getCapabilityInterface]
    0x469f7b30[setTactic]
    0x469f7b30[getCapabilityInterface]
    0x469f7b30[attachToContext]
    0x469f7b30[clone]
    0x523fdc70[CuBLASGemmPlugin]
    0x523fdc70[initializeContext]
[04/24/2026-02:16:46] [TRT] [W] Using default stream in enqueueV3() may lead to performance issues due to additional calls to cudaStreamSynchronize() by TensorRT to ensure correct synchronization. Please use non-default stream instead.
    0x523fdc70[getCapabilityInterface]
    0x523fdc70[onShapeChange]
    0x469f7b30[getCapabilityInterface]
    0x523fdc70[getCapabilityInterface]
    0x523fdc70[enqueue]
    0x523fdc70[~CuBLASGemmPlugin]
    0x469f7b30[~CuBLASGemmPlugin]
Input ->DataType.FLOAT, (-1, -1, 3), (5, 2, 3), inputT0
Output->DataType.FLOAT, (-1, -1, 4), (5, 2, 4), outputT0
[check]:True,maxAbsDiff=1.19e-07,meanAbsDiff=1.63e-08,maxRelDiff=8.01e-07,meanRelDiff=7.98e-08
    worstPair=(1.4850053787231445:1.485005259513855)@[3, 1, 3]
Input ->DataType.FLOAT, (-1, -1, 3), (5, 2, 3), inputT0
Output->DataType.FLOAT, (-1, -1, 4), (5, 2, 4), outputT0
[check]:True,maxAbsDiff=1.19e-07,meanAbsDiff=1.63e-08,maxRelDiff=8.01e-07,meanRelDiff=7.98e-08
    worstPair=(1.4850053787231445:1.485005259513855)@[3, 1, 3]
Test all finish!
