[TensorRT-Cookbook] Version: 0.1.0
[04/25/2026-00:39:07] [TRT] [W] Using default stream in enqueueV3() may lead to performance issues due to additional calls to cudaStreamSynchronize() by TensorRT to ensure correct synchronization. Please use non-default stream instead.
[04/25/2026-00:39:08] [TRT] [W] Using default stream in enqueueV3() may lead to performance issues due to additional calls to cudaStreamSynchronize() by TensorRT to ensure correct synchronization. Please use non-default stream instead.
[04/25/2026-00:39:08] [TRT] [W] Using default stream in enqueueV3() may lead to performance issues due to additional calls to cudaStreamSynchronize() by TensorRT to ensure correct synchronization. Please use non-default stream instead.
[04/25/2026-00:39:08] [TRT] [W] Profile kMIN values are not self-consistent. IShuffleLayer (Unnamed Layer* 0) [Shuffle]: reshaping failed for tensor: tensor reshape would change volume 60 to 1 In executeReshape at runtime/core/shapeMachine.cpp:347 Instruction: RESHAPEinput dims{1 3 4 5} reshape dims{1 1 1 1}. In executeContinuation at runtime/core/shapeMachine.cpp:1101
[04/25/2026-00:39:08] [TRT] [W] Using default stream in enqueueV3() may lead to performance issues due to additional calls to cudaStreamSynchronize() by TensorRT to ensure correct synchronization. Please use non-default stream instead.
[04/25/2026-00:39:09] [TRT] [W] Using default stream in enqueueV3() may lead to performance issues due to additional calls to cudaStreamSynchronize() by TensorRT to ensure correct synchronization. Please use non-default stream instead.
[04/25/2026-00:39:09] [TRT] [W] Using default stream in enqueueV3() may lead to performance issues due to additional calls to cudaStreamSynchronize() by TensorRT to ensure correct synchronization. Please use non-default stream instead.
[04/25/2026-00:39:09] [TRT] [W] Using default stream in enqueueV3() may lead to performance issues due to additional calls to cudaStreamSynchronize() by TensorRT to ensure correct synchronization. Please use non-default stream instead.
============================== Start [case_simple,(),{}]
Input ->DataType.FLOAT, (1, 3, 4, 5), (1, 3, 4, 5), tensor
Output->DataType.FLOAT, (1, 5, 4, 3), (1, 5, 4, 3), (Unnamed Layer* 0) [Shuffle]_output
tensor
[[[[  0.   1.   2.   3.   4.]
   [ 10.  11.  12.  13.  14.]
   [ 20.  21.  22.  23.  24.]
   [ 30.  31.  32.  33.  34.]]

  [[100. 101. 102. 103. 104.]
   [110. 111. 112. 113. 114.]
   [120. 121. 122. 123. 124.]
   [130. 131. 132. 133. 134.]]

  [[200. 201. 202. 203. 204.]
   [210. 211. 212. 213. 214.]
   [220. 221. 222. 223. 224.]
   [230. 231. 232. 233. 234.]]]]
(Unnamed Layer* 0) [Shuffle]_output
[[[[  0.   1.   2.]
   [ 10.  11.  12.]
   [ 20.  21.  22.]
   [ 30.  31.  32.]]

  [[  3.   4. 100.]
   [ 13.  14. 110.]
   [ 23.  24. 120.]
   [ 33.  34. 130.]]

  [[101. 102. 103.]
   [111. 112. 113.]
   [121. 122. 123.]
   [131. 132. 133.]]

  [[104. 200. 201.]
   [114. 210. 211.]
   [124. 220. 221.]
   [134. 230. 231.]]

  [[202. 203. 204.]
   [212. 213. 214.]
   [222. 223. 224.]
   [232. 233. 234.]]]]
============================== End   [case_simple]
============================== Start [case_dynamic,(),{}]
Input ->DataType.FLOAT, (1, 3, 4, 5), (1, 3, 4, 5), tensor
Output->DataType.FLOAT, (1, 3, 4, 5), (1, 3, 4, 5), (Unnamed Layer* 6) [Shuffle]_output
tensor
[[[[  0.   1.   2.   3.   4.]
   [ 10.  11.  12.  13.  14.]
   [ 20.  21.  22.  23.  24.]
   [ 30.  31.  32.  33.  34.]]

  [[100. 101. 102. 103. 104.]
   [110. 111. 112. 113. 114.]
   [120. 121. 122. 123. 124.]
   [130. 131. 132. 133. 134.]]

  [[200. 201. 202. 203. 204.]
   [210. 211. 212. 213. 214.]
   [220. 221. 222. 223. 224.]
   [230. 231. 232. 233. 234.]]]]
(Unnamed Layer* 6) [Shuffle]_output
[[[[  0.   1.   2.   3.   4.]
   [ 10.  11.  12.  13.  14.]
   [ 20.  21.  22.  23.  24.]
   [ 30.  31.  32.  33.  34.]]

  [[100. 101. 102. 103. 104.]
   [110. 111. 112. 113. 114.]
   [120. 121. 122. 123. 124.]
   [130. 131. 132. 133. 134.]]

  [[200. 201. 202. 203. 204.]
   [210. 211. 212. 213. 214.]
   [220. 221. 222. 223. 224.]
   [230. 231. 232. 233. 234.]]]]
============================== End   [case_dynamic]
============================== Start [case_static_shape,(),{}]
Input ->DataType.FLOAT, (1, 3, 4, 5), (1, 3, 4, 5), tensor
Output->DataType.FLOAT, (1, 4, 5, 3), (1, 4, 5, 3), (Unnamed Layer* 1) [Resize]_output
tensor
[[[[  0.   1.   2.   3.   4.]
   [ 10.  11.  12.  13.  14.]
   [ 20.  21.  22.  23.  24.]
   [ 30.  31.  32.  33.  34.]]

  [[100. 101. 102. 103. 104.]
   [110. 111. 112. 113. 114.]
   [120. 121. 122. 123. 124.]
   [130. 131. 132. 133. 134.]]

  [[200. 201. 202. 203. 204.]
   [210. 211. 212. 213. 214.]
   [220. 221. 222. 223. 224.]
   [230. 231. 232. 233. 234.]]]]
(Unnamed Layer* 1) [Resize]_output
[[[[  0.   1.   3.]
   [  0.   1.   3.]
   [ 10.  11.  13.]
   [ 20.  21.  23.]
   [ 30.  31.  33.]]

  [[  0.   1.   3.]
   [  0.   1.   3.]
   [ 10.  11.  13.]
   [ 20.  21.  23.]
   [ 30.  31.  33.]]

  [[100. 101. 103.]
   [100. 101. 103.]
   [110. 111. 113.]
   [120. 121. 123.]
   [130. 131. 133.]]

  [[200. 201. 203.]
   [200. 201. 203.]
   [210. 211. 213.]
   [220. 221. 223.]
   [230. 231. 233.]]]]
============================== End   [case_static_shape]
============================== Start [case_shape_input,(),{}]
Input ->DataType.FLOAT, (1, 3, 4, 5), (1, 3, 4, 5), tensor
Input ->DataType.INT32, (4,), (4,), tensor1
Output->DataType.FLOAT, (1, -1, -1, -1), (1, 4, 5, 3), (Unnamed Layer* 0) [Shuffle]_output
tensor
[[[[  0.   1.   2.   3.   4.]
   [ 10.  11.  12.  13.  14.]
   [ 20.  21.  22.  23.  24.]
   [ 30.  31.  32.  33.  34.]]

  [[100. 101. 102. 103. 104.]
   [110. 111. 112. 113. 114.]
   [120. 121. 122. 123. 124.]
   [130. 131. 132. 133. 134.]]

  [[200. 201. 202. 203. 204.]
   [210. 211. 212. 213. 214.]
   [220. 221. 222. 223. 224.]
   [230. 231. 232. 233. 234.]]]]
tensor1
[1 4 5 3]
(Unnamed Layer* 0) [Shuffle]_output
[[[[  0.   1.   2.]
   [  3.   4.  10.]
   [ 11.  12.  13.]
   [ 14.  20.  21.]
   [ 22.  23.  24.]]

  [[ 30.  31.  32.]
   [ 33.  34. 100.]
   [101. 102. 103.]
   [104. 110. 111.]
   [112. 113. 114.]]

  [[120. 121. 122.]
   [123. 124. 130.]
   [131. 132. 133.]
   [134. 200. 201.]
   [202. 203. 204.]]

  [[210. 211. 212.]
   [213. 214. 220.]
   [221. 222. 223.]
   [224. 230. 231.]
   [232. 233. 234.]]]]
============================== End   [case_shape_input]
============================== Start [case_zero,(),{}]
Input ->DataType.FLOAT, (1, 3, 4, 5), (1, 3, 4, 5), tensor
Output->DataType.FLOAT, (1, 3, 20), (1, 3, 20), (Unnamed Layer* 0) [Shuffle]_output
tensor
[[[[  0.   1.   2.   3.   4.]
   [ 10.  11.  12.  13.  14.]
   [ 20.  21.  22.  23.  24.]
   [ 30.  31.  32.  33.  34.]]

  [[100. 101. 102. 103. 104.]
   [110. 111. 112. 113. 114.]
   [120. 121. 122. 123. 124.]
   [130. 131. 132. 133. 134.]]

  [[200. 201. 202. 203. 204.]
   [210. 211. 212. 213. 214.]
   [220. 221. 222. 223. 224.]
   [230. 231. 232. 233. 234.]]]]
(Unnamed Layer* 0) [Shuffle]_output
[[[  0.   1.   2.   3.   4.  10.  11.  12.  13.  14.  20.  21.  22.  23.
    24.  30.  31.  32.  33.  34.]
  [100. 101. 102. 103. 104. 110. 111. 112. 113. 114. 120. 121. 122. 123.
   124. 130. 131. 132. 133. 134.]
  [200. 201. 202. 203. 204. 210. 211. 212. 213. 214. 220. 221. 222. 223.
   224. 230. 231. 232. 233. 234.]]]
============================== End   [case_zero]
============================== Start [case_zero_is_placeholder,(),{}]
Input ->DataType.FLOAT, (1, 3, 4, 5), (1, 3, 4, 5), tensor
Output->DataType.FLOAT, (1, 3, 4, 5), (1, 3, 4, 5), (Unnamed Layer* 0) [Shuffle]_output
tensor
[[[[  0.   1.   2.   3.   4.]
   [ 10.  11.  12.  13.  14.]
   [ 20.  21.  22.  23.  24.]
   [ 30.  31.  32.  33.  34.]]

  [[100. 101. 102. 103. 104.]
   [110. 111. 112. 113. 114.]
   [120. 121. 122. 123. 124.]
   [130. 131. 132. 133. 134.]]

  [[200. 201. 202. 203. 204.]
   [210. 211. 212. 213. 214.]
   [220. 221. 222. 223. 224.]
   [230. 231. 232. 233. 234.]]]]
(Unnamed Layer* 0) [Shuffle]_output
[[[[  0.   1.   2.   3.   4.]
   [ 10.  11.  12.  13.  14.]
   [ 20.  21.  22.  23.  24.]
   [ 30.  31.  32.  33.  34.]]

  [[100. 101. 102. 103. 104.]
   [110. 111. 112. 113. 114.]
   [120. 121. 122. 123. 124.]
   [130. 131. 132. 133. 134.]]

  [[200. 201. 202. 203. 204.]
   [210. 211. 212. 213. 214.]
   [220. 221. 222. 223. 224.]
   [230. 231. 232. 233. 234.]]]]
============================== End   [case_zero_is_placeholder]
============================== Start [case_zero_is_placeholder_2,(),{}]
Input ->DataType.FLOAT, (1, 3, 4, 5), (1, 3, 4, 5), tensor
Output->DataType.FLOAT, (1, 3, 4, 5), (1, 3, 4, 5), (Unnamed Layer* 2) [Concatenation]_output
tensor
[[[[  0.   1.   2.   3.   4.]
   [ 10.  11.  12.  13.  14.]
   [ 20.  21.  22.  23.  24.]
   [ 30.  31.  32.  33.  34.]]

  [[100. 101. 102. 103. 104.]
   [110. 111. 112. 113. 114.]
   [120. 121. 122. 123. 124.]
   [130. 131. 132. 133. 134.]]

  [[200. 201. 202. 203. 204.]
   [210. 211. 212. 213. 214.]
   [220. 221. 222. 223. 224.]
   [230. 231. 232. 233. 234.]]]]
(Unnamed Layer* 2) [Concatenation]_output
[[[[  0.   1.   2.   3.   4.]
   [ 10.  11.  12.  13.  14.]
   [ 20.  21.  22.  23.  24.]
   [ 30.  31.  32.  33.  34.]]

  [[100. 101. 102. 103. 104.]
   [110. 111. 112. 113. 114.]
   [120. 121. 122. 123. 124.]
   [130. 131. 132. 133. 134.]]

  [[200. 201. 202. 203. 204.]
   [210. 211. 212. 213. 214.]
   [220. 221. 222. 223. 224.]
   [230. 231. 232. 233. 234.]]]]
============================== End   [case_zero_is_placeholder_2]
Finish
