[TensorRT-Cookbook] Version: 1.0.0
[07/07/2026-01:32:02] [TRT] [W] Using default stream in enqueueV3() may lead to performance issues due to additional calls to cudaStreamSynchronize() by TensorRT to ensure correct synchronization. Please use non-default stream instead.
[07/07/2026-01:32:02] [TRT] [W] Using default stream in enqueueV3() may lead to performance issues due to additional calls to cudaStreamSynchronize() by TensorRT to ensure correct synchronization. Please use non-default stream instead.
[07/07/2026-01:32:03] [TRT] [W] Using default stream in enqueueV3() may lead to performance issues due to additional calls to cudaStreamSynchronize() by TensorRT to ensure correct synchronization. Please use non-default stream instead.
[07/07/2026-01:32:04] [TRT] [W] Using default stream in enqueueV3() may lead to performance issues due to additional calls to cudaStreamSynchronize() by TensorRT to ensure correct synchronization. Please use non-default stream instead.
[07/07/2026-01:32:05] [TRT] [W] Using default stream in enqueueV3() may lead to performance issues due to additional calls to cudaStreamSynchronize() by TensorRT to ensure correct synchronization. Please use non-default stream instead.
[07/07/2026-01:32:11] [TRT] [W] Using default stream in enqueueV3() may lead to performance issues due to additional calls to cudaStreamSynchronize() by TensorRT to ensure correct synchronization. Please use non-default stream instead.
============================== Start [case_for,(),{}]

================ Public members of <tensorrt.tensorrt.ILoop object at 0x7cc92e9d8370> (instance)
 0 Callback members: []
 4 Callable methods: ['add_iterator', 'add_loop_output', 'add_recurrence', 'add_trip_limit']
 1 Non-callable attributions: ['name']
Input ->DataType.FLOAT, (1, 2, 3, 4), (1, 2, 3, 4), tensor
Output->DataType.FLOAT, (1, 2, 3, 4), (1, 2, 3, 4), (Unnamed Layer* 4) [LoopOutput]_output
Output->DataType.FLOAT, (6, 1, 2, 3, 4), (6, 1, 2, 3, 4), (Unnamed Layer* 5) [LoopOutput]_output
tensor
[[[[1. 1. 1. 1.]
   [1. 1. 1. 1.]
   [1. 1. 1. 1.]]

  [[1. 1. 1. 1.]
   [1. 1. 1. 1.]
   [1. 1. 1. 1.]]]]
(Unnamed Layer* 4) [LoopOutput]_output
[[[[32. 32. 32. 32.]
   [32. 32. 32. 32.]
   [32. 32. 32. 32.]]

  [[32. 32. 32. 32.]
   [32. 32. 32. 32.]
   [32. 32. 32. 32.]]]]
(Unnamed Layer* 5) [LoopOutput]_output
[[[[[ 2.  2.  2.  2.]
    [ 2.  2.  2.  2.]
    [ 2.  2.  2.  2.]]

   [[ 2.  2.  2.  2.]
    [ 2.  2.  2.  2.]
    [ 2.  2.  2.  2.]]]]



 [[[[ 4.  4.  4.  4.]
    [ 4.  4.  4.  4.]
    [ 4.  4.  4.  4.]]

   [[ 4.  4.  4.  4.]
    [ 4.  4.  4.  4.]
    [ 4.  4.  4.  4.]]]]



 [[[[ 8.  8.  8.  8.]
    [ 8.  8.  8.  8.]
    [ 8.  8.  8.  8.]]

   [[ 8.  8.  8.  8.]
    [ 8.  8.  8.  8.]
    [ 8.  8.  8.  8.]]]]



 [[[[16. 16. 16. 16.]
    [16. 16. 16. 16.]
    [16. 16. 16. 16.]]

   [[16. 16. 16. 16.]
    [16. 16. 16. 16.]
    [16. 16. 16. 16.]]]]



 [[[[32. 32. 32. 32.]
    [32. 32. 32. 32.]
    [32. 32. 32. 32.]]

   [[32. 32. 32. 32.]
    [32. 32. 32. 32.]
    [32. 32. 32. 32.]]]]



 [[[[ 0.  0.  0.  0.]
    [ 0.  0.  0.  0.]
    [ 0.  0.  0.  0.]]

   [[ 0.  0.  0.  0.]
    [ 0.  0.  0.  0.]
    [ 0.  0.  0.  0.]]]]]
============================== End   [case_for]
============================== Start [case_reverse,(),{}]
Input ->DataType.FLOAT, (1, 2, 3, 4), (1, 2, 3, 4), tensor
Output->DataType.FLOAT, (1, 3, 4), (1, 3, 4), (Unnamed Layer* 6) [LoopOutput]_output
Output->DataType.FLOAT, (2, 1, 3, 4), (2, 1, 3, 4), (Unnamed Layer* 7) [LoopOutput]_output
tensor
[[[[1. 1. 1. 1.]
   [1. 1. 1. 1.]
   [1. 1. 1. 1.]]

  [[1. 1. 1. 1.]
   [1. 1. 1. 1.]
   [1. 1. 1. 1.]]]]
(Unnamed Layer* 6) [LoopOutput]_output
[[[3. 3. 3. 3.]
  [3. 3. 3. 3.]
  [3. 3. 3. 3.]]]
(Unnamed Layer* 7) [LoopOutput]_output
[[[[3. 3. 3. 3.]
   [3. 3. 3. 3.]
   [3. 3. 3. 3.]]]


 [[[2. 2. 2. 2.]
   [2. 2. 2. 2.]
   [2. 2. 2. 2.]]]]
============================== End   [case_reverse]
============================== Start [case_for_set_input,(),{}]
Input ->DataType.FLOAT, (1, 2, 3, 4), (1, 2, 3, 4), tensor
Input ->DataType.INT32, (), (), tensor1
Output->DataType.FLOAT, (1, 2, 3, 4), (1, 2, 3, 4), (Unnamed Layer* 3) [LoopOutput]_output
Output->DataType.FLOAT, (-1, 1, 2, 3, 4), (5, 1, 2, 3, 4), (Unnamed Layer* 4) [LoopOutput]_output
tensor
[[[[1. 1. 1. 1.]
   [1. 1. 1. 1.]
   [1. 1. 1. 1.]]

  [[1. 1. 1. 1.]
   [1. 1. 1. 1.]
   [1. 1. 1. 1.]]]]
tensor1
[5]
(Unnamed Layer* 3) [LoopOutput]_output
[[[[32. 32. 32. 32.]
   [32. 32. 32. 32.]
   [32. 32. 32. 32.]]

  [[32. 32. 32. 32.]
   [32. 32. 32. 32.]
   [32. 32. 32. 32.]]]]
(Unnamed Layer* 4) [LoopOutput]_output
[[[[[ 2.  2.  2.  2.]
    [ 2.  2.  2.  2.]
    [ 2.  2.  2.  2.]]

   [[ 2.  2.  2.  2.]
    [ 2.  2.  2.  2.]
    [ 2.  2.  2.  2.]]]]



 [[[[ 4.  4.  4.  4.]
    [ 4.  4.  4.  4.]
    [ 4.  4.  4.  4.]]

   [[ 4.  4.  4.  4.]
    [ 4.  4.  4.  4.]
    [ 4.  4.  4.  4.]]]]



 [[[[ 8.  8.  8.  8.]
    [ 8.  8.  8.  8.]
    [ 8.  8.  8.  8.]]

   [[ 8.  8.  8.  8.]
    [ 8.  8.  8.  8.]
    [ 8.  8.  8.  8.]]]]



 [[[[16. 16. 16. 16.]
    [16. 16. 16. 16.]
    [16. 16. 16. 16.]]

   [[16. 16. 16. 16.]
    [16. 16. 16. 16.]
    [16. 16. 16. 16.]]]]



 [[[[32. 32. 32. 32.]
    [32. 32. 32. 32.]
    [32. 32. 32. 32.]]

   [[32. 32. 32. 32.]
    [32. 32. 32. 32.]
    [32. 32. 32. 32.]]]]]
============================== End   [case_for_set_input]
============================== Start [case_while,(),{}]
Input ->DataType.FLOAT, (1, 2, 3, 4), (1, 2, 3, 4), tensor
Output->DataType.FLOAT, (1, 2, 3, 4), (1, 2, 3, 4), (Unnamed Layer* 10) [LoopOutput]_output
Output->DataType.FLOAT, (6, 1, 2, 3, 4), (6, 1, 2, 3, 4), (Unnamed Layer* 11) [LoopOutput]_output
tensor
[[[[1. 1. 1. 1.]
   [1. 1. 1. 1.]
   [1. 1. 1. 1.]]

  [[1. 1. 1. 1.]
   [1. 1. 1. 1.]
   [1. 1. 1. 1.]]]]
(Unnamed Layer* 10) [LoopOutput]_output
[[[[32. 32. 32. 32.]
   [32. 32. 32. 32.]
   [32. 32. 32. 32.]]

  [[32. 32. 32. 32.]
   [32. 32. 32. 32.]
   [32. 32. 32. 32.]]]]
(Unnamed Layer* 11) [LoopOutput]_output
[[[[[ 1.  1.  1.  1.]
    [ 1.  1.  1.  1.]
    [ 1.  1.  1.  1.]]

   [[ 1.  1.  1.  1.]
    [ 1.  1.  1.  1.]
    [ 1.  1.  1.  1.]]]]



 [[[[ 2.  2.  2.  2.]
    [ 2.  2.  2.  2.]
    [ 2.  2.  2.  2.]]

   [[ 2.  2.  2.  2.]
    [ 2.  2.  2.  2.]
    [ 2.  2.  2.  2.]]]]



 [[[[ 4.  4.  4.  4.]
    [ 4.  4.  4.  4.]
    [ 4.  4.  4.  4.]]

   [[ 4.  4.  4.  4.]
    [ 4.  4.  4.  4.]
    [ 4.  4.  4.  4.]]]]



 [[[[ 8.  8.  8.  8.]
    [ 8.  8.  8.  8.]
    [ 8.  8.  8.  8.]]

   [[ 8.  8.  8.  8.]
    [ 8.  8.  8.  8.]
    [ 8.  8.  8.  8.]]]]



 [[[[16. 16. 16. 16.]
    [16. 16. 16. 16.]
    [16. 16. 16. 16.]]

   [[16. 16. 16. 16.]
    [16. 16. 16. 16.]
    [16. 16. 16. 16.]]]]



 [[[[ 0.  0.  0.  0.]
    [ 0.  0.  0.  0.]
    [ 0.  0.  0.  0.]]

   [[ 0.  0.  0.  0.]
    [ 0.  0.  0.  0.]
    [ 0.  0.  0.  0.]]]]]
============================== End   [case_while]
============================== Start [case_iterator,(),{}]
iterator.reverse=False
Input ->DataType.FLOAT, (1, 2, 3, 4), (1, 2, 3, 4), tensor
Output->DataType.FLOAT, (1, 3, 4), (1, 3, 4), (Unnamed Layer* 6) [LoopOutput]_output
Output->DataType.FLOAT, (2, 1, 3, 4), (2, 1, 3, 4), (Unnamed Layer* 7) [LoopOutput]_output
tensor
[[[[1. 1. 1. 1.]
   [1. 1. 1. 1.]
   [1. 1. 1. 1.]]

  [[1. 1. 1. 1.]
   [1. 1. 1. 1.]
   [1. 1. 1. 1.]]]]
(Unnamed Layer* 6) [LoopOutput]_output
[[[3. 3. 3. 3.]
  [3. 3. 3. 3.]
  [3. 3. 3. 3.]]]
(Unnamed Layer* 7) [LoopOutput]_output
[[[[2. 2. 2. 2.]
   [2. 2. 2. 2.]
   [2. 2. 2. 2.]]]


 [[[3. 3. 3. 3.]
   [3. 3. 3. 3.]
   [3. 3. 3. 3.]]]]
============================== End   [case_iterator]
============================== Start [case_unidirectional_lstm,(),{}]
Input ->DataType.FLOAT, (-1, -1, 7), (3, 4, 7), x
Input ->DataType.FLOAT, (-1, 5), (3, 5), h0
Input ->DataType.FLOAT, (-1, 5), (3, 5), c0
Output->DataType.FLOAT, (-1, 5), (3, 5), y
Output->DataType.FLOAT, (-1, -1, 5), (3, 4, 5), h1
Output->DataType.FLOAT, (-1, 5), (3, 5), c1
x
[[[1. 1. 1. 1. 1. 1. 1.]
  [1. 1. 1. 1. 1. 1. 1.]
  [1. 1. 1. 1. 1. 1. 1.]
  [1. 1. 1. 1. 1. 1. 1.]]

 [[1. 1. 1. 1. 1. 1. 1.]
  [1. 1. 1. 1. 1. 1. 1.]
  [1. 1. 1. 1. 1. 1. 1.]
  [1. 1. 1. 1. 1. 1. 1.]]

 [[1. 1. 1. 1. 1. 1. 1.]
  [1. 1. 1. 1. 1. 1. 1.]
  [1. 1. 1. 1. 1. 1. 1.]
  [1. 1. 1. 1. 1. 1. 1.]]]
h0
[[1. 1. 1. 1. 1.]
 [1. 1. 1. 1. 1.]
 [1. 1. 1. 1. 1.]]
c0
[[0. 0. 0. 0. 0.]
 [0. 0. 0. 0. 0.]
 [0. 0. 0. 0. 0.]]
y
[[0.99932283 0.99932283 0.99932283 0.99932283 0.99932283]
 [0.99932283 0.99932283 0.99932283 0.99932283 0.99932283]
 [0.99932283 0.99932283 0.99932283 0.99932283 0.99932283]]
h1
[[[0.76158684 0.76158684 0.76158684 0.76158684 0.76158684]
  [0.96400476 0.96400476 0.96400476 0.96400476 0.96400476]
  [0.99504673 0.99504673 0.99504673 0.99504673 0.99504673]
  [0.99932283 0.99932283 0.99932283 0.99932283 0.99932283]]

 [[0.76158684 0.76158684 0.76158684 0.76158684 0.76158684]
  [0.96400476 0.96400476 0.96400476 0.96400476 0.96400476]
  [0.99504673 0.99504673 0.99504673 0.99504673 0.99504673]
  [0.99932283 0.99932283 0.99932283 0.99932283 0.99932283]]

 [[0.76158684 0.76158684 0.76158684 0.76158684 0.76158684]
  [0.96400476 0.96400476 0.96400476 0.96400476 0.96400476]
  [0.99504673 0.99504673 0.99504673 0.99504673 0.99504673]
  [0.99932283 0.99932283 0.99932283 0.99932283 0.99932283]]]
c1
[[3.9999058 3.9999058 3.9999058 3.9999058 3.9999058]
 [3.9999058 3.9999058 3.9999058 3.9999058 3.9999058]
 [3.9999058 3.9999058 3.9999058 3.9999058 3.9999058]]
============================== End   [case_unidirectional_lstm]
Members of tensorrt.tensorrt.ActivationType:
 0 -> RELU
 1 -> SIGMOID
 2 -> TANH
 3 -> LEAKY_RELU
 4 -> ELU
 5 -> SELU
 6 -> SOFTSIGN
 7 -> SOFTPLUS
 8 -> CLIP
 9 -> HARD_SIGMOID
10 -> SCALED_TANH
11 -> THRESHOLDED_RELU
12 -> GELU_ERF
13 -> GELU_TANH
Members of tensorrt.tensorrt.ElementWiseOperation:
 0 -> SUM
 1 -> PROD
 2 -> MAX
 3 -> MIN
 4 -> SUB
 5 -> DIV
 6 -> POW
 7 -> FLOOR_DIV
 8 -> AND
 9 -> OR
10 -> XOR
11 -> EQUAL
12 -> GREATER
13 -> LESS
Members of tensorrt.tensorrt.LoopOutput:
 0 -> LAST_VALUE
 1 -> CONCATENATE
 2 -> REVERSE
Members of tensorrt.tensorrt.MatrixOperation:
 0 -> NONE
 1 -> TRANSPOSE
 2 -> VECTOR
Members of tensorrt.tensorrt.TripLimit:
 0 -> COUNT
 1 -> WHILE
Finish
