Input 0: (3, 4, 7) 
 [[[1. 1. 1. 1. 1. 1. 1.]
  [1. 1. 1. 1. 1. 1. 1.]
  [1. 1. 1. 1. 1. 1. 1.]
  [1. 1. 1. 1. 1. 1. 1.]]

 [[1. 1. 1. 1. 1. 1. 1.]
  [1. 1. 1. 1. 1. 1. 1.]
  [1. 1. 1. 1. 1. 1. 1.]
  [1. 1. 1. 1. 1. 1. 1.]]

 [[1. 1. 1. 1. 1. 1. 1.]
  [1. 1. 1. 1. 1. 1. 1.]
  [1. 1. 1. 1. 1. 1. 1.]
  [1. 1. 1. 1. 1. 1. 1.]]]
Output 0: (3, 5) 
 [[0.99932283 0.99932283 0.99932283 0.99932283 0.99932283]
 [0.99932283 0.99932283 0.99932283 0.99932283 0.99932283]
 [0.99932283 0.99932283 0.99932283 0.99932283 0.99932283]]
Output 1: (3, 4, 5) 
 [[[0.76158684 0.76158684 0.76158684 0.76158684 0.76158684]
  [0.96400476 0.96400476 0.96400476 0.96400476 0.96400476]
  [0.99504673 0.99504673 0.99504673 0.99504673 0.99504673]
  [0.99932283 0.99932283 0.99932283 0.99932283 0.99932283]]

 [[0.76158684 0.76158684 0.76158684 0.76158684 0.76158684]
  [0.96400476 0.96400476 0.96400476 0.96400476 0.96400476]
  [0.99504673 0.99504673 0.99504673 0.99504673 0.99504673]
  [0.99932283 0.99932283 0.99932283 0.99932283 0.99932283]]

 [[0.76158684 0.76158684 0.76158684 0.76158684 0.76158684]
  [0.96400476 0.96400476 0.96400476 0.96400476 0.96400476]
  [0.99504673 0.99504673 0.99504673 0.99504673 0.99504673]
  [0.99932283 0.99932283 0.99932283 0.99932283 0.99932283]]]
Output 2: (3, 5) 
 [[3.999906 3.999906 3.999906 3.999906 3.999906]
 [3.999906 3.999906 3.999906 3.999906 3.999906]
 [3.999906 3.999906 3.999906 3.999906 3.999906]]
