Input 0: (1, 3, 4, 5) 
 [[[[1. 1. 1. 1. 1.]
   [1. 1. 1. 1. 1.]
   [1. 1. 1. 1. 1.]
   [1. 1. 1. 1. 1.]]

  [[1. 1. 1. 1. 1.]
   [1. 1. 1. 1. 1.]
   [1. 1. 1. 1. 1.]
   [1. 1. 1. 1. 1.]]

  [[1. 1. 1. 1. 1.]
   [1. 1. 1. 1. 1.]
   [1. 1. 1. 1. 1.]
   [1. 1. 1. 1. 1.]]]]
Input 1: (1,) 
 [0]
Output 0: (1, 3, 4, 5) 
 [[[[64. 64. 64. 64. 64.]
   [64. 64. 64. 64. 64.]
   [64. 64. 64. 64. 64.]
   [64. 64. 64. 64. 64.]]

  [[64. 64. 64. 64. 64.]
   [64. 64. 64. 64. 64.]
   [64. 64. 64. 64. 64.]
   [64. 64. 64. 64. 64.]]

  [[64. 64. 64. 64. 64.]
   [64. 64. 64. 64. 64.]
   [64. 64. 64. 64. 64.]
   [64. 64. 64. 64. 64.]]]]
Output 1: (6, 1, 3, 4, 5) 
 [[[[[ 2.  2.  2.  2.  2.]
    [ 2.  2.  2.  2.  2.]
    [ 2.  2.  2.  2.  2.]
    [ 2.  2.  2.  2.  2.]]

   [[ 2.  2.  2.  2.  2.]
    [ 2.  2.  2.  2.  2.]
    [ 2.  2.  2.  2.  2.]
    [ 2.  2.  2.  2.  2.]]

   [[ 2.  2.  2.  2.  2.]
    [ 2.  2.  2.  2.  2.]
    [ 2.  2.  2.  2.  2.]
    [ 2.  2.  2.  2.  2.]]]]



 [[[[ 4.  4.  4.  4.  4.]
    [ 4.  4.  4.  4.  4.]
    [ 4.  4.  4.  4.  4.]
    [ 4.  4.  4.  4.  4.]]

   [[ 4.  4.  4.  4.  4.]
    [ 4.  4.  4.  4.  4.]
    [ 4.  4.  4.  4.  4.]
    [ 4.  4.  4.  4.  4.]]

   [[ 4.  4.  4.  4.  4.]
    [ 4.  4.  4.  4.  4.]
    [ 4.  4.  4.  4.  4.]
    [ 4.  4.  4.  4.  4.]]]]



 [[[[ 8.  8.  8.  8.  8.]
    [ 8.  8.  8.  8.  8.]
    [ 8.  8.  8.  8.  8.]
    [ 8.  8.  8.  8.  8.]]

   [[ 8.  8.  8.  8.  8.]
    [ 8.  8.  8.  8.  8.]
    [ 8.  8.  8.  8.  8.]
    [ 8.  8.  8.  8.  8.]]

   [[ 8.  8.  8.  8.  8.]
    [ 8.  8.  8.  8.  8.]
    [ 8.  8.  8.  8.  8.]
    [ 8.  8.  8.  8.  8.]]]]



 [[[[16. 16. 16. 16. 16.]
    [16. 16. 16. 16. 16.]
    [16. 16. 16. 16. 16.]
    [16. 16. 16. 16. 16.]]

   [[16. 16. 16. 16. 16.]
    [16. 16. 16. 16. 16.]
    [16. 16. 16. 16. 16.]
    [16. 16. 16. 16. 16.]]

   [[16. 16. 16. 16. 16.]
    [16. 16. 16. 16. 16.]
    [16. 16. 16. 16. 16.]
    [16. 16. 16. 16. 16.]]]]



 [[[[32. 32. 32. 32. 32.]
    [32. 32. 32. 32. 32.]
    [32. 32. 32. 32. 32.]
    [32. 32. 32. 32. 32.]]

   [[32. 32. 32. 32. 32.]
    [32. 32. 32. 32. 32.]
    [32. 32. 32. 32. 32.]
    [32. 32. 32. 32. 32.]]

   [[32. 32. 32. 32. 32.]
    [32. 32. 32. 32. 32.]
    [32. 32. 32. 32. 32.]
    [32. 32. 32. 32. 32.]]]]



 [[[[64. 64. 64. 64. 64.]
    [64. 64. 64. 64. 64.]
    [64. 64. 64. 64. 64.]
    [64. 64. 64. 64. 64.]]

   [[64. 64. 64. 64. 64.]
    [64. 64. 64. 64. 64.]
    [64. 64. 64. 64. 64.]
    [64. 64. 64. 64. 64.]]

   [[64. 64. 64. 64. 64.]
    [64. 64. 64. 64. 64.]
    [64. 64. 64. 64. 64.]
    [64. 64. 64. 64. 64.]]]]]
