False
Input 0: (1, 3, 4, 5) 
 [[[[1. 1. 1. 1. 1.]
   [1. 1. 1. 1. 1.]
   [1. 1. 1. 1. 1.]
   [1. 1. 1. 1. 1.]]

  [[2. 2. 2. 2. 2.]
   [2. 2. 2. 2. 2.]
   [2. 2. 2. 2. 2.]
   [2. 2. 2. 2. 2.]]

  [[3. 3. 3. 3. 3.]
   [3. 3. 3. 3. 3.]
   [3. 3. 3. 3. 3.]
   [3. 3. 3. 3. 3.]]]]
Output 0: (1, 4, 5) 
 [[[7. 7. 7. 7. 7.]
  [7. 7. 7. 7. 7.]
  [7. 7. 7. 7. 7.]
  [7. 7. 7. 7. 7.]]]
Output 1: (3, 1, 4, 5) 
 [[[[2. 2. 2. 2. 2.]
   [2. 2. 2. 2. 2.]
   [2. 2. 2. 2. 2.]
   [2. 2. 2. 2. 2.]]]


 [[[4. 4. 4. 4. 4.]
   [4. 4. 4. 4. 4.]
   [4. 4. 4. 4. 4.]
   [4. 4. 4. 4. 4.]]]


 [[[7. 7. 7. 7. 7.]
   [7. 7. 7. 7. 7.]
   [7. 7. 7. 7. 7.]
   [7. 7. 7. 7. 7.]]]]
