./LoopStructure/Iterator4.py:55: DeprecationWarning: Use get_tensor_mode instead.
  nInput = np.sum([engine.binding_is_input(i) for i in range(engine.num_bindings)])
./LoopStructure/Iterator4.py:61: DeprecationWarning: Use get_tensor_shape instead.
  bufferH.append(np.empty(context.get_binding_shape(nInput + i), dtype=trt.nptype(engine.get_binding_dtype(nInput + i))))
./LoopStructure/Iterator4.py:61: DeprecationWarning: Use get_tensor_dtype instead.
  bufferH.append(np.empty(context.get_binding_shape(nInput + i), dtype=trt.nptype(engine.get_binding_dtype(nInput + i))))
Input 0: (1, 3, 4, 5) 
 [[[[1. 1. 1. 1. 1.]
   [1. 1. 1. 1. 1.]
   [1. 1. 1. 1. 1.]
   [1. 1. 1. 1. 1.]]

  [[2. 2. 2. 2. 2.]
   [2. 2. 2. 2. 2.]
   [2. 2. 2. 2. 2.]
   [2. 2. 2. 2. 2.]]

  [[3. 3. 3. 3. 3.]
   [3. 3. 3. 3. 3.]
   [3. 3. 3. 3. 3.]
   [3. 3. 3. 3. 3.]]]]
Output 0: (1, 4, 5) 
 [[[7. 7. 7. 7. 7.]
  [7. 7. 7. 7. 7.]
  [7. 7. 7. 7. 7.]
  [7. 7. 7. 7. 7.]]]
Output 1: (3, 1, 4, 5) 
 [[[[4. 4. 4. 4. 4.]
   [4. 4. 4. 4. 4.]
   [4. 4. 4. 4. 4.]
   [4. 4. 4. 4. 4.]]]


 [[[6. 6. 6. 6. 6.]
   [6. 6. 6. 6. 6.]
   [6. 6. 6. 6. 6.]
   [6. 6. 6. 6. 6.]]]


 [[[7. 7. 7. 7. 7.]
   [7. 7. 7. 7. 7.]
   [7. 7. 7. 7. 7.]
   [7. 7. 7. 7. 7.]]]]
