./LoopStructure/Iterator3.py:56: DeprecationWarning: Use get_tensor_mode instead.
  nInput = np.sum([engine.binding_is_input(i) for i in range(engine.num_bindings)])
./LoopStructure/Iterator3.py:62: DeprecationWarning: Use get_tensor_shape instead.
  bufferH.append(np.empty(context.get_binding_shape(nInput + i), dtype=trt.nptype(engine.get_binding_dtype(nInput + i))))
./LoopStructure/Iterator3.py:62: DeprecationWarning: Use get_tensor_dtype instead.
  bufferH.append(np.empty(context.get_binding_shape(nInput + i), dtype=trt.nptype(engine.get_binding_dtype(nInput + i))))
Input 0: (1, 3, 4, 5) 
 [[[[1. 1. 1. 1. 1.]
   [1. 1. 1. 1. 1.]
   [1. 1. 1. 1. 1.]
   [1. 1. 1. 1. 1.]]

  [[2. 2. 2. 2. 2.]
   [2. 2. 2. 2. 2.]
   [2. 2. 2. 2. 2.]
   [2. 2. 2. 2. 2.]]

  [[3. 3. 3. 3. 3.]
   [3. 3. 3. 3. 3.]
   [3. 3. 3. 3. 3.]
   [3. 3. 3. 3. 3.]]]]
Output 0: (1, 3, 4) 
 [[[ 6.  6.  6.  6.]
  [11. 11. 11. 11.]
  [16. 16. 16. 16.]]]
Output 1: (5, 1, 3, 4) 
 [[[[ 2.  2.  2.  2.]
   [ 3.  3.  3.  3.]
   [ 4.  4.  4.  4.]]]


 [[[ 3.  3.  3.  3.]
   [ 5.  5.  5.  5.]
   [ 7.  7.  7.  7.]]]


 [[[ 4.  4.  4.  4.]
   [ 7.  7.  7.  7.]
   [10. 10. 10. 10.]]]


 [[[ 5.  5.  5.  5.]
   [ 9.  9.  9.  9.]
   [13. 13. 13. 13.]]]


 [[[ 6.  6.  6.  6.]
   [11. 11. 11. 11.]
   [16. 16. 16. 16.]]]]
