[ 0]Input -> DataType.FLOAT (1, 3, 4, 5) (1, 3, 4, 5) inputT0
[ 1]Output-> DataType.FLOAT (1, 3, 4, 5) (1, 3, 4, 5) (Unnamed Layer* 4) [LoopOutput]_output
[ 2]Output-> DataType.FLOAT (6, 1, 3, 4, 5) (6, 1, 3, 4, 5) (Unnamed Layer* 5) [LoopOutput]_output
inputT0
[[[[1. 1. 1. 1. 1.]
   [1. 1. 1. 1. 1.]
   [1. 1. 1. 1. 1.]
   [1. 1. 1. 1. 1.]]

  [[1. 1. 1. 1. 1.]
   [1. 1. 1. 1. 1.]
   [1. 1. 1. 1. 1.]
   [1. 1. 1. 1. 1.]]

  [[1. 1. 1. 1. 1.]
   [1. 1. 1. 1. 1.]
   [1. 1. 1. 1. 1.]
   [1. 1. 1. 1. 1.]]]]
(Unnamed Layer* 4) [LoopOutput]_output
[[[[64. 64. 64. 64. 64.]
   [64. 64. 64. 64. 64.]
   [64. 64. 64. 64. 64.]
   [64. 64. 64. 64. 64.]]

  [[64. 64. 64. 64. 64.]
   [64. 64. 64. 64. 64.]
   [64. 64. 64. 64. 64.]
   [64. 64. 64. 64. 64.]]

  [[64. 64. 64. 64. 64.]
   [64. 64. 64. 64. 64.]
   [64. 64. 64. 64. 64.]
   [64. 64. 64. 64. 64.]]]]
(Unnamed Layer* 5) [LoopOutput]_output
[[[[[ 2.  2.  2.  2.  2.]
    [ 2.  2.  2.  2.  2.]
    [ 2.  2.  2.  2.  2.]
    [ 2.  2.  2.  2.  2.]]

   [[ 2.  2.  2.  2.  2.]
    [ 2.  2.  2.  2.  2.]
    [ 2.  2.  2.  2.  2.]
    [ 2.  2.  2.  2.  2.]]

   [[ 2.  2.  2.  2.  2.]
    [ 2.  2.  2.  2.  2.]
    [ 2.  2.  2.  2.  2.]
    [ 2.  2.  2.  2.  2.]]]]



 [[[[ 4.  4.  4.  4.  4.]
    [ 4.  4.  4.  4.  4.]
    [ 4.  4.  4.  4.  4.]
    [ 4.  4.  4.  4.  4.]]

   [[ 4.  4.  4.  4.  4.]
    [ 4.  4.  4.  4.  4.]
    [ 4.  4.  4.  4.  4.]
    [ 4.  4.  4.  4.  4.]]

   [[ 4.  4.  4.  4.  4.]
    [ 4.  4.  4.  4.  4.]
    [ 4.  4.  4.  4.  4.]
    [ 4.  4.  4.  4.  4.]]]]



 [[[[ 8.  8.  8.  8.  8.]
    [ 8.  8.  8.  8.  8.]
    [ 8.  8.  8.  8.  8.]
    [ 8.  8.  8.  8.  8.]]

   [[ 8.  8.  8.  8.  8.]
    [ 8.  8.  8.  8.  8.]
    [ 8.  8.  8.  8.  8.]
    [ 8.  8.  8.  8.  8.]]

   [[ 8.  8.  8.  8.  8.]
    [ 8.  8.  8.  8.  8.]
    [ 8.  8.  8.  8.  8.]
    [ 8.  8.  8.  8.  8.]]]]



 [[[[16. 16. 16. 16. 16.]
    [16. 16. 16. 16. 16.]
    [16. 16. 16. 16. 16.]
    [16. 16. 16. 16. 16.]]

   [[16. 16. 16. 16. 16.]
    [16. 16. 16. 16. 16.]
    [16. 16. 16. 16. 16.]
    [16. 16. 16. 16. 16.]]

   [[16. 16. 16. 16. 16.]
    [16. 16. 16. 16. 16.]
    [16. 16. 16. 16. 16.]
    [16. 16. 16. 16. 16.]]]]



 [[[[32. 32. 32. 32. 32.]
    [32. 32. 32. 32. 32.]
    [32. 32. 32. 32. 32.]
    [32. 32. 32. 32. 32.]]

   [[32. 32. 32. 32. 32.]
    [32. 32. 32. 32. 32.]
    [32. 32. 32. 32. 32.]
    [32. 32. 32. 32. 32.]]

   [[32. 32. 32. 32. 32.]
    [32. 32. 32. 32. 32.]
    [32. 32. 32. 32. 32.]
    [32. 32. 32. 32. 32.]]]]



 [[[[64. 64. 64. 64. 64.]
    [64. 64. 64. 64. 64.]
    [64. 64. 64. 64. 64.]
    [64. 64. 64. 64. 64.]]

   [[64. 64. 64. 64. 64.]
    [64. 64. 64. 64. 64.]
    [64. 64. 64. 64. 64.]
    [64. 64. 64. 64. 64.]]

   [[64. 64. 64. 64. 64.]
    [64. 64. 64. 64. 64.]
    [64. 64. 64. 64. 64.]
    [64. 64. 64. 64. 64.]]]]]
