Input 0: (1, 3, 4, 5) 
 [[[[1. 1. 1. 1. 1.]
   [1. 1. 1. 1. 1.]
   [1. 1. 1. 1. 1.]
   [1. 1. 1. 1. 1.]]

  [[1. 1. 1. 1. 1.]
   [1. 1. 1. 1. 1.]
   [1. 1. 1. 1. 1.]
   [1. 1. 1. 1. 1.]]

  [[1. 1. 1. 1. 1.]
   [1. 1. 1. 1. 1.]
   [1. 1. 1. 1. 1.]
   [1. 1. 1. 1. 1.]]]]
Output 0: (1, 3, 4, 5) 
 [[[[6. 6. 6. 6. 6.]
   [6. 6. 6. 6. 6.]
   [6. 6. 6. 6. 6.]
   [6. 6. 6. 6. 6.]]

  [[6. 6. 6. 6. 6.]
   [6. 6. 6. 6. 6.]
   [6. 6. 6. 6. 6.]
   [6. 6. 6. 6. 6.]]

  [[6. 6. 6. 6. 6.]
   [6. 6. 6. 6. 6.]
   [6. 6. 6. 6. 6.]
   [6. 6. 6. 6. 6.]]]]
Output 1: (7, 1, 3, 4, 5) 
 [[[[[1. 1. 1. 1. 1.]
    [1. 1. 1. 1. 1.]
    [1. 1. 1. 1. 1.]
    [1. 1. 1. 1. 1.]]

   [[1. 1. 1. 1. 1.]
    [1. 1. 1. 1. 1.]
    [1. 1. 1. 1. 1.]
    [1. 1. 1. 1. 1.]]

   [[1. 1. 1. 1. 1.]
    [1. 1. 1. 1. 1.]
    [1. 1. 1. 1. 1.]
    [1. 1. 1. 1. 1.]]]]



 [[[[2. 2. 2. 2. 2.]
    [2. 2. 2. 2. 2.]
    [2. 2. 2. 2. 2.]
    [2. 2. 2. 2. 2.]]

   [[2. 2. 2. 2. 2.]
    [2. 2. 2. 2. 2.]
    [2. 2. 2. 2. 2.]
    [2. 2. 2. 2. 2.]]

   [[2. 2. 2. 2. 2.]
    [2. 2. 2. 2. 2.]
    [2. 2. 2. 2. 2.]
    [2. 2. 2. 2. 2.]]]]



 [[[[3. 3. 3. 3. 3.]
    [3. 3. 3. 3. 3.]
    [3. 3. 3. 3. 3.]
    [3. 3. 3. 3. 3.]]

   [[3. 3. 3. 3. 3.]
    [3. 3. 3. 3. 3.]
    [3. 3. 3. 3. 3.]
    [3. 3. 3. 3. 3.]]

   [[3. 3. 3. 3. 3.]
    [3. 3. 3. 3. 3.]
    [3. 3. 3. 3. 3.]
    [3. 3. 3. 3. 3.]]]]



 [[[[4. 4. 4. 4. 4.]
    [4. 4. 4. 4. 4.]
    [4. 4. 4. 4. 4.]
    [4. 4. 4. 4. 4.]]

   [[4. 4. 4. 4. 4.]
    [4. 4. 4. 4. 4.]
    [4. 4. 4. 4. 4.]
    [4. 4. 4. 4. 4.]]

   [[4. 4. 4. 4. 4.]
    [4. 4. 4. 4. 4.]
    [4. 4. 4. 4. 4.]
    [4. 4. 4. 4. 4.]]]]



 [[[[5. 5. 5. 5. 5.]
    [5. 5. 5. 5. 5.]
    [5. 5. 5. 5. 5.]
    [5. 5. 5. 5. 5.]]

   [[5. 5. 5. 5. 5.]
    [5. 5. 5. 5. 5.]
    [5. 5. 5. 5. 5.]
    [5. 5. 5. 5. 5.]]

   [[5. 5. 5. 5. 5.]
    [5. 5. 5. 5. 5.]
    [5. 5. 5. 5. 5.]
    [5. 5. 5. 5. 5.]]]]



 [[[[0. 0. 0. 0. 0.]
    [0. 0. 0. 0. 0.]
    [0. 0. 0. 0. 0.]
    [0. 0. 0. 0. 0.]]

   [[0. 0. 0. 0. 0.]
    [0. 0. 0. 0. 0.]
    [0. 0. 0. 0. 0.]
    [0. 0. 0. 0. 0.]]

   [[0. 0. 0. 0. 0.]
    [0. 0. 0. 0. 0.]
    [0. 0. 0. 0. 0.]
    [0. 0. 0. 0. 0.]]]]



 [[[[0. 0. 0. 0. 0.]
    [0. 0. 0. 0. 0.]
    [0. 0. 0. 0. 0.]
    [0. 0. 0. 0. 0.]]

   [[0. 0. 0. 0. 0.]
    [0. 0. 0. 0. 0.]
    [0. 0. 0. 0. 0.]
    [0. 0. 0. 0. 0.]]

   [[0. 0. 0. 0. 0.]
    [0. 0. 0. 0. 0.]
    [0. 0. 0. 0. 0.]
    [0. 0. 0. 0. 0.]]]]]
