Input 0: (3, 4, 7) 
 [[[1. 1. 1. 1. 1. 1. 1.]
  [1. 1. 1. 1. 1. 1. 1.]
  [1. 1. 1. 1. 1. 1. 1.]
  [1. 1. 1. 1. 1. 1. 1.]]

 [[1. 1. 1. 1. 1. 1. 1.]
  [1. 1. 1. 1. 1. 1. 1.]
  [1. 1. 1. 1. 1. 1. 1.]
  [1. 1. 1. 1. 1. 1. 1.]]

 [[1. 1. 1. 1. 1. 1. 1.]
  [1. 1. 1. 1. 1. 1. 1.]
  [1. 1. 1. 1. 1. 1. 1.]
  [1. 1. 1. 1. 1. 1. 1.]]]
Output 0: (3, 5) 
 [[1717. 1717. 1717. 1717. 1717.]
 [1717. 1717. 1717. 1717. 1717.]
 [1717. 1717. 1717. 1717. 1717.]]
Output 1: (3, 4, 5) 
 [[[  12.   12.   12.   12.   12.]
  [  67.   67.   67.   67.   67.]
  [ 342.  342.  342.  342.  342.]
  [1717. 1717. 1717. 1717. 1717.]]

 [[  12.   12.   12.   12.   12.]
  [  67.   67.   67.   67.   67.]
  [ 342.  342.  342.  342.  342.]
  [1717. 1717. 1717. 1717. 1717.]]

 [[  12.   12.   12.   12.   12.]
  [  67.   67.   67.   67.   67.]
  [ 342.  342.  342.  342.  342.]
  [1717. 1717. 1717. 1717. 1717.]]]
