./LoopStructure/DynamicUnidirectionalLSTM.py:98: DeprecationWarning: Use set_input_shape instead.
  context.set_binding_shape(0, x.shape)
./LoopStructure/DynamicUnidirectionalLSTM.py:99: DeprecationWarning: Use set_input_shape instead.
  context.set_binding_shape(1, h0.shape)
./LoopStructure/DynamicUnidirectionalLSTM.py:100: DeprecationWarning: Use set_input_shape instead.
  context.set_binding_shape(2, c0.shape)
./LoopStructure/DynamicUnidirectionalLSTM.py:101: DeprecationWarning: Use get_tensor_mode instead.
  nInput = np.sum([engine.binding_is_input(i) for i in range(engine.num_bindings)])
./LoopStructure/DynamicUnidirectionalLSTM.py:109: DeprecationWarning: Use get_tensor_shape instead.
  bufferH.append(np.empty(context.get_binding_shape(nInput + i), dtype=trt.nptype(engine.get_binding_dtype(nInput + i))))
./LoopStructure/DynamicUnidirectionalLSTM.py:109: DeprecationWarning: Use get_tensor_dtype instead.
  bufferH.append(np.empty(context.get_binding_shape(nInput + i), dtype=trt.nptype(engine.get_binding_dtype(nInput + i))))
Input 0: (3, 4, 7) 
 [[[1. 1. 1. 1. 1. 1. 1.]
  [1. 1. 1. 1. 1. 1. 1.]
  [1. 1. 1. 1. 1. 1. 1.]
  [1. 1. 1. 1. 1. 1. 1.]]

 [[1. 1. 1. 1. 1. 1. 1.]
  [1. 1. 1. 1. 1. 1. 1.]
  [1. 1. 1. 1. 1. 1. 1.]
  [1. 1. 1. 1. 1. 1. 1.]]

 [[1. 1. 1. 1. 1. 1. 1.]
  [1. 1. 1. 1. 1. 1. 1.]
  [1. 1. 1. 1. 1. 1. 1.]
  [1. 1. 1. 1. 1. 1. 1.]]]
Input 1: (3, 5) 
 [[1. 1. 1. 1. 1.]
 [1. 1. 1. 1. 1.]
 [1. 1. 1. 1. 1.]]
Input 2: (3, 5) 
 [[0. 0. 0. 0. 0.]
 [0. 0. 0. 0. 0.]
 [0. 0. 0. 0. 0.]]
Output 0: (3, 5) 
 [[0.99932283 0.99932283 0.99932283 0.99932283 0.99932283]
 [0.99932283 0.99932283 0.99932283 0.99932283 0.99932283]
 [0.99932283 0.99932283 0.99932283 0.99932283 0.99932283]]
Output 1: (3, 4, 5) 
 [[[0.76158684 0.76158684 0.76158684 0.76158684 0.76158684]
  [0.96400476 0.96400476 0.96400476 0.96400476 0.96400476]
  [0.99504673 0.99504673 0.99504673 0.99504673 0.99504673]
  [0.99932283 0.99932283 0.99932283 0.99932283 0.99932283]]

 [[0.76158684 0.76158684 0.76158684 0.76158684 0.76158684]
  [0.96400476 0.96400476 0.96400476 0.96400476 0.96400476]
  [0.99504673 0.99504673 0.99504673 0.99504673 0.99504673]
  [0.99932283 0.99932283 0.99932283 0.99932283 0.99932283]]

 [[0.76158684 0.76158684 0.76158684 0.76158684 0.76158684]
  [0.96400476 0.96400476 0.96400476 0.96400476 0.96400476]
  [0.99504673 0.99504673 0.99504673 0.99504673 0.99504673]
  [0.99932283 0.99932283 0.99932283 0.99932283 0.99932283]]]
Output 2: (3, 5) 
 [[3.999906 3.999906 3.999906 3.999906 3.999906]
 [3.999906 3.999906 3.999906 3.999906 3.999906]
 [3.999906 3.999906 3.999906 3.999906 3.999906]]
