[TensorRT-Cookbook] Version: 1.0.0
[07/02/2026-03:26:45] [TRT] [W] Using default stream in enqueueV3() may lead to performance issues due to additional calls to cudaStreamSynchronize() by TensorRT to ensure correct synchronization. Please use non-default stream instead.
[07/02/2026-03:26:46] [TRT] [W] Using default stream in enqueueV3() may lead to performance issues due to additional calls to cudaStreamSynchronize() by TensorRT to ensure correct synchronization. Please use non-default stream instead.
[07/02/2026-03:26:46] [TRT] [W] Using default stream in enqueueV3() may lead to performance issues due to additional calls to cudaStreamSynchronize() by TensorRT to ensure correct synchronization. Please use non-default stream instead.
[07/02/2026-03:26:46] [TRT] [W] [RemoveDeadLayers] Input Tensor tensor3 is unused or used only at compile-time, but is not being removed.
[07/02/2026-03:26:46] [TRT] [W] Profile kMAX values are not self-consistent. (Unnamed Layer* 0) [Slice]: ISliceLayer has out of bounds access on axis 1 Condition '<' violated: 4 >= 3. In operator() at /_src/runtime/core/shapeMachine.cpp:628 Instruction: CHECK_LESS 4 3. In executeContinuation at /_src/runtime/core/shapeMachine.cpp:1103
[07/02/2026-03:26:46] [TRT] [W] Using default stream in enqueueV3() may lead to performance issues due to additional calls to cudaStreamSynchronize() by TensorRT to ensure correct synchronization. Please use non-default stream instead.
============================== Start [case_simple,(),{}]

================ Public members of <tensorrt.tensorrt.ISliceLayer object at 0x7f0b582493f0> (instance)
 0 Callback members: []
 0 Callable methods: []
 5 Non-callable attributions: ['axes', 'mode', 'shape', 'start', 'stride']

================ Usage coverage in this script
 4/ 5 used members: ['mode', 'shape', 'start', 'stride']
 1 uncovered members: ['axes']

Input ->DataType.FLOAT, (1, 3, 4, 5), (1, 3, 4, 5), tensor
Output->DataType.FLOAT, (1, 2, 3, 4), (1, 2, 3, 4), (Unnamed Layer* 0) [Slice]_output
tensor
[[[[  0.   1.   2.   3.   4.]
   [ 10.  11.  12.  13.  14.]
   [ 20.  21.  22.  23.  24.]
   [ 30.  31.  32.  33.  34.]]

  [[100. 101. 102. 103. 104.]
   [110. 111. 112. 113. 114.]
   [120. 121. 122. 123. 124.]
   [130. 131. 132. 133. 134.]]

  [[200. 201. 202. 203. 204.]
   [210. 211. 212. 213. 214.]
   [220. 221. 222. 223. 224.]
   [230. 231. 232. 233. 234.]]]]
(Unnamed Layer* 0) [Slice]_output
[[[[  0.   1.   2.   3.]
   [ 10.  11.  12.  13.]
   [ 20.  21.  22.  23.]]

  [[100. 101. 102. 103.]
   [110. 111. 112. 113.]
   [120. 121. 122. 123.]]]]
============================== End   [case_simple]
============================== Start [case_pad,(),{}]
Input ->DataType.FLOAT, (1, 3, 4, 5), (1, 3, 4, 5), tensor
Output->DataType.FLOAT, (1, 2, 3, 4), (1, 2, 3, 4), (Unnamed Layer* 1) [Slice]_output
tensor
[[[[  0.   1.   2.   3.   4.]
   [ 10.  11.  12.  13.  14.]
   [ 20.  21.  22.  23.  24.]
   [ 30.  31.  32.  33.  34.]]

  [[100. 101. 102. 103. 104.]
   [110. 111. 112. 113. 114.]
   [120. 121. 122. 123. 124.]
   [130. 131. 132. 133. 134.]]

  [[200. 201. 202. 203. 204.]
   [210. 211. 212. 213. 214.]
   [220. 221. 222. 223. 224.]
   [230. 231. 232. 233. 234.]]]]
(Unnamed Layer* 1) [Slice]_output
[[[[  0.   2.   4.  -1.]
   [ 20.  22.  24.  -1.]
   [ -1.  -1.  -1.  -1.]]

  [[200. 202. 204.  -1.]
   [220. 222. 224.  -1.]
   [ -1.  -1.  -1.  -1.]]]]
============================== End   [case_pad]
============================== Start [case_set_input,(),{}]
Input ->DataType.FLOAT, (1, 3, 4, 5), (1, 3, 4, 5), tensor
Output->DataType.FLOAT, (1, 2, 3, 4), (1, 2, 3, 4), (Unnamed Layer* 3) [Slice]_output
tensor
[[[[  0.   1.   2.   3.   4.]
   [ 10.  11.  12.  13.  14.]
   [ 20.  21.  22.  23.  24.]
   [ 30.  31.  32.  33.  34.]]

  [[100. 101. 102. 103. 104.]
   [110. 111. 112. 113. 114.]
   [120. 121. 122. 123. 124.]
   [130. 131. 132. 133. 134.]]

  [[200. 201. 202. 203. 204.]
   [210. 211. 212. 213. 214.]
   [220. 221. 222. 223. 224.]
   [230. 231. 232. 233. 234.]]]]
(Unnamed Layer* 3) [Slice]_output
[[[[  0.   1.   2.   3.]
   [ 10.  11.  12.  13.]
   [ 20.  21.  22.  23.]]

  [[100. 101. 102. 103.]
   [110. 111. 112. 113.]
   [120. 121. 122. 123.]]]]
============================== End   [case_set_input]
============================== Start [case_shape_input,(),{}]
Input ->DataType.FLOAT, (1, 3, 4, 5), (1, 3, 4, 5), tensor
Input ->DataType.INT32, (4,), (4,), tensor1
Input ->DataType.INT32, (4,), (4,), tensor2
Input ->DataType.INT32, (4,), (4,), tensor3
Output->DataType.FLOAT, (1, -1, -1, -1), (1, 2, 3, 4), (Unnamed Layer* 0) [Slice]_output
tensor
[[[[  0.   1.   2.   3.   4.]
   [ 10.  11.  12.  13.  14.]
   [ 20.  21.  22.  23.  24.]
   [ 30.  31.  32.  33.  34.]]

  [[100. 101. 102. 103. 104.]
   [110. 111. 112. 113. 114.]
   [120. 121. 122. 123. 124.]
   [130. 131. 132. 133. 134.]]

  [[200. 201. 202. 203. 204.]
   [210. 211. 212. 213. 214.]
   [220. 221. 222. 223. 224.]
   [230. 231. 232. 233. 234.]]]]
tensor1
[0 0 0 0]
tensor2
[1 2 3 4]
tensor3
[1 1 1 1]
(Unnamed Layer* 0) [Slice]_output
[[[[  0.   1.   2.   3.]
   [ 10.  11.  12.  13.]
   [ 20.  21.  22.  23.]]

  [[100. 101. 102. 103.]
   [110. 111. 112. 113.]
   [120. 121. 122. 123.]]]]
============================== End   [case_shape_input]
Members of tensorrt.tensorrt.SampleMode:
 0 -> STRICT_BOUNDS
 1 -> WRAP
 2 -> CLAMP
 3 -> FILL
 4 -> REFLECT
Members of tensorrt.tensorrt.ElementWiseOperation:
 0 -> SUM
 1 -> PROD
 2 -> MAX
 3 -> MIN
 4 -> SUB
 5 -> DIV
 6 -> POW
 7 -> FLOOR_DIV
 8 -> AND
 9 -> OR
10 -> XOR
11 -> EQUAL
12 -> GREATER
13 -> LESS
Finish
