[07/02/2026-03:36:05] [TRT] [W] Functionality provided through tensorrt.plugin module is experimental.
[TensorRT-Cookbook] Version: 1.0.0
[07/02/2026-03:36:07] [TRT] [W] Using default stream in enqueueV3() may lead to performance issues due to additional calls to cudaStreamSynchronize() by TensorRT to ensure correct synchronization. Please use non-default stream instead.
[07/02/2026-03:36:08] [TRT] [W] Using default stream in enqueueV3() may lead to performance issues due to additional calls to cudaStreamSynchronize() by TensorRT to ensure correct synchronization. Please use non-default stream instead.
[07/02/2026-03:36:08] [TRT] [W] Using default stream in enqueueV3() may lead to performance issues due to additional calls to cudaStreamSynchronize() by TensorRT to ensure correct synchronization. Please use non-default stream instead.
[07/02/2026-03:36:08] [TRT] [W] Using default stream in enqueueV3() may lead to performance issues due to additional calls to cudaStreamSynchronize() by TensorRT to ensure correct synchronization. Please use non-default stream instead.
[07/02/2026-03:36:09] [TRT] [W] Using default stream in enqueueV3() may lead to performance issues due to additional calls to cudaStreamSynchronize() by TensorRT to ensure correct synchronization. Please use non-default stream instead.
============================== Start [case_add,(),{}]
Input ->DataType.FLOAT, (-1, -1, -1), (3, 4, 5), inputT0
Output->DataType.FLOAT, (-1, -1, -1), (3, 4, 5), (Unnamed Layer* 0) [PluginV3_V3QUICK]_output
inputT0
[[[ 0.  1.  2.  3.  4.]
  [ 5.  6.  7.  8.  9.]
  [10. 11. 12. 13. 14.]
  [15. 16. 17. 18. 19.]]

 [[20. 21. 22. 23. 24.]
  [25. 26. 27. 28. 29.]
  [30. 31. 32. 33. 34.]
  [35. 36. 37. 38. 39.]]

 [[40. 41. 42. 43. 44.]
  [45. 46. 47. 48. 49.]
  [50. 51. 52. 53. 54.]
  [55. 56. 57. 58. 59.]]]
(Unnamed Layer* 0) [PluginV3_V3QUICK]_output
[[[ 1.  2.  3.  4.  5.]
  [ 6.  7.  8.  9. 10.]
  [11. 12. 13. 14. 15.]
  [16. 17. 18. 19. 20.]]

 [[21. 22. 23. 24. 25.]
  [26. 27. 28. 29. 30.]
  [31. 32. 33. 34. 35.]
  [36. 37. 38. 39. 40.]]

 [[41. 42. 43. 44. 45.]
  [46. 47. 48. 49. 50.]
  [51. 52. 53. 54. 55.]
  [56. 57. 58. 59. 60.]]]
============================== End   [case_add]
============================== Start [case_inplace_add,(),{}]
inputT0 before inference
tensor([[[ 0.,  1.,  2.,  3.,  4.],
         [ 5.,  6.,  7.,  8.,  9.],
         [10., 11., 12., 13., 14.],
         [15., 16., 17., 18., 19.]],

        [[20., 21., 22., 23., 24.],
         [25., 26., 27., 28., 29.],
         [30., 31., 32., 33., 34.],
         [35., 36., 37., 38., 39.]],

        [[40., 41., 42., 43., 44.],
         [45., 46., 47., 48., 49.],
         [50., 51., 52., 53., 54.],
         [55., 56., 57., 58., 59.]]], device='cuda:0')
inputT0 after inference
tensor([[[ 2.,  5.,  8., 11., 14.],
         [17., 20., 23., 26., 29.],
         [32., 35., 38., 41., 44.],
         [47., 50., 53., 56., 59.]],

        [[ 3.,  6.,  9., 12., 15.],
         [18., 21., 24., 27., 30.],
         [33., 36., 39., 42., 45.],
         [48., 51., 54., 57., 60.]],

        [[ 4.,  7., 10., 13., 16.],
         [19., 22., 25., 28., 31.],
         [34., 37., 40., 43., 46.],
         [49., 52., 55., 58., 61.]]], device='cuda:0')
============================== End   [case_inplace_add]
============================== Start [case_pad,(False,),{}]
Input ->DataType.FLOAT, (1, 3, 32, 32), (1, 3, 32, 32), inputT0
Output->DataType.FLOAT, (1, 3, 34, 34), (1, 3, 34, 34), outputT0
inputT0
[[[[ 0.  1.  2. ...  1.  2.  3.]
   [ 4.  5.  6. ...  5.  6.  7.]
   [ 8.  9. 10. ...  9. 10. 11.]
   ...
   [20. 21. 22. ... 21. 22. 23.]
   [24. 25. 26. ... 25. 26. 27.]
   [28. 29. 30. ... 29. 30. 31.]]

  [[ 0.  1.  2. ...  1.  2.  3.]
   [ 4.  5.  6. ...  5.  6.  7.]
   [ 8.  9. 10. ...  9. 10. 11.]
   ...
   [20. 21. 22. ... 21. 22. 23.]
   [24. 25. 26. ... 25. 26. 27.]
   [28. 29. 30. ... 29. 30. 31.]]

  [[ 0.  1.  2. ...  1.  2.  3.]
   [ 4.  5.  6. ...  5.  6.  7.]
   [ 8.  9. 10. ...  9. 10. 11.]
   ...
   [20. 21. 22. ... 21. 22. 23.]
   [24. 25. 26. ... 25. 26. 27.]
   [28. 29. 30. ... 29. 30. 31.]]]]
outputT0
[[[[31. 28. 29. ... 30. 31. 28.]
   [ 3.  0.  1. ...  2.  3.  0.]
   [ 7.  4.  5. ...  6.  7.  4.]
   ...
   [27. 24. 25. ... 26. 27. 24.]
   [31. 28. 29. ... 30. 31. 28.]
   [ 3.  0.  1. ...  2.  3.  0.]]

  [[31. 28. 29. ... 30. 31. 28.]
   [ 3.  0.  1. ...  2.  3.  0.]
   [ 7.  4.  5. ...  6.  7.  4.]
   ...
   [27. 24. 25. ... 26. 27. 24.]
   [31. 28. 29. ... 30. 31. 28.]
   [ 3.  0.  1. ...  2.  3.  0.]]

  [[31. 28. 29. ... 30. 31. 28.]
   [ 3.  0.  1. ...  2.  3.  0.]
   [ 7.  4.  5. ...  6.  7.  4.]
   ...
   [27. 24. 25. ... 26. 27. 24.]
   [31. 28. 29. ... 30. 31. 28.]
   [ 3.  0.  1. ...  2.  3.  0.]]]]
res=True
============================== End   [case_pad]
============================== Start [case_pad,(True,),{}]
Input ->DataType.FLOAT, (1, 3, 32, 32), (1, 3, 32, 32), inputT0
Output->DataType.FLOAT, (1, 3, 34, 34), (1, 3, 34, 34), outputT0
inputT0
[[[[ 0.  1.  2. ...  1.  2.  3.]
   [ 4.  5.  6. ...  5.  6.  7.]
   [ 8.  9. 10. ...  9. 10. 11.]
   ...
   [20. 21. 22. ... 21. 22. 23.]
   [24. 25. 26. ... 25. 26. 27.]
   [28. 29. 30. ... 29. 30. 31.]]

  [[ 0.  1.  2. ...  1.  2.  3.]
   [ 4.  5.  6. ...  5.  6.  7.]
   [ 8.  9. 10. ...  9. 10. 11.]
   ...
   [20. 21. 22. ... 21. 22. 23.]
   [24. 25. 26. ... 25. 26. 27.]
   [28. 29. 30. ... 29. 30. 31.]]

  [[ 0.  1.  2. ...  1.  2.  3.]
   [ 4.  5.  6. ...  5.  6.  7.]
   [ 8.  9. 10. ...  9. 10. 11.]
   ...
   [20. 21. 22. ... 21. 22. 23.]
   [24. 25. 26. ... 25. 26. 27.]
   [28. 29. 30. ... 29. 30. 31.]]]]
outputT0
[[[[31. 28. 29. ... 30. 31. 28.]
   [ 3.  0.  1. ...  2.  3.  0.]
   [ 7.  4.  5. ...  6.  7.  4.]
   ...
   [27. 24. 25. ... 26. 27. 24.]
   [31. 28. 29. ... 30. 31. 28.]
   [ 3.  0.  1. ...  2.  3.  0.]]

  [[31. 28. 29. ... 30. 31. 28.]
   [ 3.  0.  1. ...  2.  3.  0.]
   [ 7.  4.  5. ...  6.  7.  4.]
   ...
   [27. 24. 25. ... 26. 27. 24.]
   [31. 28. 29. ... 30. 31. 28.]
   [ 3.  0.  1. ...  2.  3.  0.]]

  [[31. 28. 29. ... 30. 31. 28.]
   [ 3.  0.  1. ...  2.  3.  0.]
   [ 7.  4.  5. ...  6.  7.  4.]
   ...
   [27. 24. 25. ... 26. 27. 24.]
   [31. 28. 29. ... 30. 31. 28.]
   [ 3.  0.  1. ...  2.  3.  0.]]]]
res=True
============================== End   [case_pad]
============================== Start [case_non_zero,(),{}]
Input ->DataType.FLOAT, (128, 128), (128, 128), inputT0
Output->DataType.INT32, (-1, 2), (-1, 2), Y
inputT0
[[0. 0. 0. ... 0. 0. 0.]
 [0. 0. 0. ... 0. 0. 0.]
 [0. 0. 0. ... 0. 1. 0.]
 ...
 [0. 1. 0. ... 0. 0. 0.]
 [0. 0. 0. ... 0. 0. 0.]
 [0. 0. 0. ... 0. 0. 0.]]
Y
[[  0  26]
 [  0  31]
 [  0  36]
 ...
 [127 115]
 [127 119]
 [127 122]]
============================== End   [case_non_zero]
Finish
