[TensorRT-Cookbook] Version: 1.0.0
[07/07/2026-01:55:49] [TRT] [E] ModelImporter.cpp:138: While parsing node number 0 [Unique -> "output_0"]:
[07/07/2026-01:55:49] [TRT] [E] ModelImporter.cpp:140: --- Begin node ---
input: "x"
output: "output_0"
name: "node__unique2__0"
op_type: "Unique"
attribute {
  name: "sorted"
  i: 1
  type: INT
}

[07/07/2026-01:55:49] [TRT] [E] ModelImporter.cpp:141: --- End node ---
[07/07/2026-01:55:49] [TRT] [E] ModelImporter.cpp:149: ERROR: onnxOpCheckers.cpp:1183 In function checkUnique:
[8] false
[07/07/2026-01:55:50] [TRT] [E] IBuilder::buildSerializedNetwork: Error Code 4: API Usage Error (Network must have at least one output. In validate at /_src/optimizer/api/network.cpp:3679)
============================== Start [case_static_repeat_interlace,(),{}]
[I] Folding Constants | Pass 1
[I]     Total Nodes | Original:     2, After Folding:     2 |     0 Nodes Folded

================================================================================
SUPPORT SUMMARY
================================================================================
[Torch              ] SUPPORTED     | Succeeded
[ONNX Export        ] SUPPORTED     | Succeeded
[ONNX Runtime       ] SUPPORTED     | Succeeded
[Polygraphy sanitize] SUPPORTED     | Succeeded
[TensorRT           ] SUPPORTED     | Succeeded
================================================================================
============================== End   [case_static_repeat_interlace]
============================== Start [case_dynamic_repeat_interlace,(),{}]
[I] Folding Constants | Pass 1
[I]     Total Nodes | Original:    15, After Folding:    15 |     0 Nodes Folded

================================================================================
SUPPORT SUMMARY
================================================================================
[Torch              ] SUPPORTED     | Succeeded
[ONNX Export        ] SUPPORTED     | Succeeded
[ONNX Runtime       ] SUPPORTED     | Succeeded
[Polygraphy sanitize] SUPPORTED     | Succeeded
[TensorRT           ] SUPPORTED     | Succeeded
================================================================================
============================== End   [case_dynamic_repeat_interlace]
============================== Start [case_not_supported_trt,(),{}]
[I] Folding Constants | Pass 1
[I]     Total Nodes | Original:     1, After Folding:     1 |     0 Nodes Folded
In node 0 with name: node__unique2__0 and operator: Unique (checkUnique): UNSUPPORTED_NODE: false

================================================================================
SUPPORT SUMMARY
================================================================================
[Torch              ] SUPPORTED     | Succeeded
[ONNX Export        ] SUPPORTED     | Succeeded
[ONNX Runtime       ] SUPPORTED     | Succeeded
[Polygraphy sanitize] SUPPORTED     | Succeeded
[TensorRT           ] NOT SUPPORTED | Engine build failed
================================================================================
============================== End   [case_not_supported_trt]
============================== Start [case_not_supported_onnx,(),{}]
[I] Folding Constants | Pass 1
[I]     Total Nodes | Original:    16, After Folding:    16 |     0 Nodes Folded

================================================================================
SUPPORT SUMMARY
================================================================================
[Torch              ] SUPPORTED     | Succeeded
[ONNX Export        ] SUPPORTED     | Succeeded
[ONNX Runtime       ] SUPPORTED     | Succeeded
[Polygraphy sanitize] SUPPORTED     | Succeeded
[TensorRT           ] SUPPORTED     | Succeeded
================================================================================
============================== End   [case_not_supported_onnx]
Finish
