[TensorRT-Cookbook] Version: 1.0.0
[07/02/2026-03:37:04] [TRT] [W] Using default stream in enqueueV3() may lead to performance issues due to additional calls to cudaStreamSynchronize() by TensorRT to ensure correct synchronization. Please use non-default stream instead.
============================== Start [case_dali_to_tensorrt,(),{}]
Input ->DataType.FLOAT, (1, 3, 224, 224), (1, 3, 224, 224), inputT0
Output->DataType.FLOAT, (1, 3, 224, 224), (1, 3, 224, 224), outputT0
inputT0
[[[[0.541679   0.631946   0.47039834 ... 0.09961195 0.4556004
    0.57201636]
   [0.22661202 0.6580311  0.883074   ... 0.8974324  0.04084771
    0.6618711 ]
   [0.07390771 0.00448162 0.12474988 ... 0.6196326  0.34107894
    0.29624736]
   ...
   [0.2543308  0.28032434 0.8253633  ... 0.14959095 0.5435028
    0.2862404 ]
   [0.75810397 0.21597393 0.23649107 ... 0.46726245 0.07469581
    0.64122504]
   [0.8772215  0.03708329 0.35969383 ... 0.10915981 0.49121496
    0.50258136]]

  [[0.9331631  0.45777544 0.68143064 ... 0.9881829  0.61270195
    0.84633875]
   [0.49520954 0.06689257 0.6948454  ... 0.23076735 0.66668665
    0.39871067]
   [0.9686474  0.26541293 0.42556238 ... 0.00397243 0.42825755
    0.73995274]
   ...
   [0.38026738 0.6213064  0.59395516 ... 0.16139553 0.40610233
    0.91776454]
   [0.44603026 0.3251668  0.01831497 ... 0.6190619  0.7569483
    0.37151313]
   [0.5270793  0.18606155 0.17506917 ... 0.37659353 0.8934088
    0.54382885]]

  [[0.5333832  0.8146846  0.02893961 ... 0.21647106 0.4937957
    0.89669174]
   [0.05640861 0.89985496 0.3953841  ... 0.21615015 0.10943247
    0.93065846]
   [0.6331842  0.6870918  0.8348673  ... 0.9924797  0.91006446
    0.88907963]
   ...
   [0.274676   0.26728064 0.9822611  ... 0.12233932 0.62008655
    0.829508  ]
   [0.14427172 0.28866303 0.6725485  ... 0.90554774 0.9324212
    0.76109713]
   [0.85113144 0.13166432 0.6582765  ... 0.8781974  0.5857649
    0.7109494 ]]]]
outputT0
[[[[0.541679   0.631946   0.47039834 ... 0.09961195 0.4556004
    0.57201636]
   [0.22661202 0.6580311  0.883074   ... 0.8974324  0.04084771
    0.6618711 ]
   [0.07390771 0.00448162 0.12474988 ... 0.6196326  0.34107894
    0.29624736]
   ...
   [0.2543308  0.28032434 0.8253633  ... 0.14959095 0.5435028
    0.2862404 ]
   [0.75810397 0.21597393 0.23649107 ... 0.46726245 0.07469581
    0.64122504]
   [0.8772215  0.03708329 0.35969383 ... 0.10915981 0.49121496
    0.50258136]]

  [[0.9331631  0.45777544 0.68143064 ... 0.9881829  0.61270195
    0.84633875]
   [0.49520954 0.06689257 0.6948454  ... 0.23076735 0.66668665
    0.39871067]
   [0.9686474  0.26541293 0.42556238 ... 0.00397243 0.42825755
    0.73995274]
   ...
   [0.38026738 0.6213064  0.59395516 ... 0.16139553 0.40610233
    0.91776454]
   [0.44603026 0.3251668  0.01831497 ... 0.6190619  0.7569483
    0.37151313]
   [0.5270793  0.18606155 0.17506917 ... 0.37659353 0.8934088
    0.54382885]]

  [[0.5333832  0.8146846  0.02893961 ... 0.21647106 0.4937957
    0.89669174]
   [0.05640861 0.89985496 0.3953841  ... 0.21615015 0.10943247
    0.93065846]
   [0.6331842  0.6870918  0.8348673  ... 0.9924797  0.91006446
    0.88907963]
   ...
   [0.274676   0.26728064 0.9822611  ... 0.12233932 0.62008655
    0.829508  ]
   [0.14427172 0.28866303 0.6725485  ... 0.90554774 0.9324212
    0.76109713]
   [0.85113144 0.13166432 0.6582765  ... 0.8781974  0.5857649
    0.7109494 ]]]]
DALI -> TensorRT inference check passed
============================== End   [case_dali_to_tensorrt]
Finish
