polygraphy
в”њв”Ђ backend
в”‚  в”њв”Ђ base
в”‚  в”‚  в”њв”Ђ BaseLoader
в”‚  в”‚  в”‚  в””в”Ђ call_impl(self, *args, **kwargs)
в”‚  в”‚  в”њв”Ђ BaseRunner
в”‚  в”‚  в”‚  в”њв”Ђ RUNNER_COUNTS: defaultdict(<class 'int'>, {})
в”‚  в”‚  в”‚  в”њв”Ђ activate(self)
в”‚  в”‚  в”‚  в”њв”Ђ activate_impl(self)
в”‚  в”‚  в”‚  в”њв”Ђ deactivate(self)
в”‚  в”‚  в”‚  в”њв”Ђ deactivate_impl(self)
в”‚  в”‚  в”‚  в”њв”Ђ get_input_metadata(self, use_numpy_dtypes=None)
в”‚  в”‚  в”‚  в”њв”Ђ get_input_metadata_impl(self)
в”‚  в”‚  в”‚  в”њв”Ђ infer(self, feed_dict, check_inputs=True, *args, **kwargs)
в”‚  в”‚  в”‚  в”њв”Ђ infer_impl(self, feed_dict)
в”‚  в”‚  в”‚  в””в”Ђ last_inference_time(self)
в”‚  в”‚  в”њв”Ђ loader
в”‚  в”‚  в”‚  в”њв”Ђ BaseLoader: <visited>
в”‚  в”‚  в”‚  в”њв”Ђ func
в”‚  в”‚  в”‚  в”‚  в”њв”Ђ constantmethod(func)
в”‚  в”‚  в”‚  в”‚  в”њв”Ђ extend(extend_func)
в”‚  в”‚  в”‚  в”‚  в””в”Ђ func
в”‚  в”‚  в”‚  в”‚     в”њв”Ђ G_LOGGER: <Logger>
в”‚  в”‚  в”‚  в”‚     в”њв”Ђ config
в”‚  в”‚  в”‚  в”‚     в”‚  в”њв”Ђ ARRAY_SWAP_THRESHOLD_MB: -1
в”‚  в”‚  в”‚  в”‚     в”‚  в”њв”Ђ ASK_BEFORE_INSTALL: False
в”‚  в”‚  в”‚  в”‚     в”‚  в”њв”Ђ AUTOINSTALL_DEPS: False
в”‚  в”‚  в”‚  в”‚     в”‚  в”њв”Ђ INSTALL_CMD: ['/usr/bin/python', '-m', 'pip', 'install']
в”‚  в”‚  в”‚  в”‚     в”‚  в”њв”Ђ INTERNAL_CORRECTNESS_CHECKS: False
в”‚  в”‚  в”‚  в”‚     в”‚  в””в”Ђ USE_TENSORRT_RTX: False
в”‚  в”‚  в”‚  в”‚     в”њв”Ђ constantmethod(func)
в”‚  в”‚  в”‚  в”‚     в”њв”Ђ copy: <module>
в”‚  в”‚  в”‚  в”‚     в”њв”Ђ extend(extend_func)
в”‚  в”‚  в”‚  в”‚     в”њв”Ђ functools: <module>
в”‚  в”‚  в”‚  в”‚     в”њв”Ђ inspect: <module>
в”‚  в”‚  в”‚  в”‚     в”њв”Ђ make_iterable(obj)
в”‚  в”‚  в”‚  в”‚     в””в”Ђ mod
в”‚  в”‚  в”‚  в”‚        в”њв”Ђ G_LOGGER: <Logger>
в”‚  в”‚  в”‚  в”‚        в”њв”Ђ LATEST_VERSION: '==latest'
в”‚  в”‚  в”‚  в”‚        в”њв”Ђ List: <_SpecialGenericAlias>
в”‚  в”‚  в”‚  в”‚        в”њв”Ђ autoinstall(lazy_mod)
в”‚  в”‚  в”‚  в”‚        в”њв”Ђ config: <visited>
в”‚  в”‚  в”‚  в”‚        в”њв”Ђ constants
в”‚  в”‚  в”‚  в”‚        в”‚  в”њв”Ђ AUTOINSTALL_DEPS: False
в”‚  в”‚  в”‚  в”‚        в”‚  в”њв”Ђ DEFAULT_SEED: 1
в”‚  в”‚  в”‚  в”‚        в”‚  в”њв”Ђ DEFAULT_SHAPE_VALUE: 1
в”‚  в”‚  в”‚  в”‚        в”‚  в”њв”Ђ INTERNAL_CORRECTNESS_CHECKS: False
в”‚  в”‚  в”‚  в”‚        в”‚  в”њв”Ђ LEGACY_TYPE_MARKER: 'polygraphy_serialized_json_type'
в”‚  в”‚  в”‚  в”‚        в”‚  в”њв”Ђ MARK_ALL: 'mark-all'
в”‚  в”‚  в”‚  в”‚        в”‚  в”њв”Ђ TAB: '    '
в”‚  в”‚  в”‚  в”‚        в”‚  в””в”Ђ TYPE_MARKER: 'polygraphy_class'
в”‚  в”‚  в”‚  в”‚        в”њв”Ђ contextlib: <module>
в”‚  в”‚  в”‚  в”‚        в”њв”Ђ dedent(text)
в”‚  в”‚  в”‚  в”‚        в”њв”Ђ deprecate(remove_in, use_instead, module_name=None, name=None)
в”‚  в”‚  в”‚  в”‚        в”њв”Ђ export(funcify=False, func_name=None)
в”‚  в”‚  в”‚  в”‚        в”њв”Ђ export_deprecated_alias(name, remove_in, use_instead=None)
в”‚  в”‚  в”‚  в”‚        в”њв”Ђ exporter
в”‚  в”‚  в”‚  в”‚        в”‚  в”њв”Ђ G_LOGGER: <Logger>
в”‚  в”‚  в”‚  в”‚        в”‚  в”њв”Ђ _add_to_all(symbol, module)
в”‚  в”‚  в”‚  в”‚        в”‚  в”њв”Ђ _define_in_module(name, symbol, module)
в”‚  в”‚  в”‚  в”‚        в”‚  в”њв”Ђ config: <visited>
в”‚  в”‚  в”‚  в”‚        в”‚  в”њв”Ђ dedent(text)
в”‚  в”‚  в”‚  в”‚        в”‚  в”њв”Ђ deprecate(remove_in, use_instead, module_name=None, name=None)
в”‚  в”‚  в”‚  в”‚        в”‚  в”њв”Ђ export(funcify=False, func_name=None)
в”‚  в”‚  в”‚  в”‚        в”‚  в”њв”Ђ export_deprecated_alias(name, remove_in, use_instead=None)
в”‚  в”‚  в”‚  в”‚        в”‚  в”њв”Ђ inspect: <module>
в”‚  в”‚  в”‚  в”‚        в”‚  в”њв”Ђ polygraphy: <visited>
в”‚  в”‚  в”‚  в”‚        в”‚  в”њв”Ђ version(version_str)
в”‚  в”‚  в”‚  в”‚        в”‚  в””в”Ђ warn_deprecated(name, use_instead, remove_in, module_name=None, always_show_warning=False)
в”‚  в”‚  в”‚  в”‚        в”њв”Ђ has_mod(modname)
в”‚  в”‚  в”‚  в”‚        в”њв”Ђ import_from_script(path, name)
в”‚  в”‚  в”‚  в”‚        в”њв”Ђ importer
в”‚  в”‚  в”‚  в”‚        в”‚  в”њв”Ђ LATEST_VERSION: '==latest'
в”‚  в”‚  в”‚  в”‚        в”‚  в”њв”Ђ List: <_SpecialGenericAlias>
в”‚  в”‚  в”‚  в”‚        в”‚  в”њв”Ђ _EXTRA_FLAGS_FOR_MODULE: {'onnx_graphsurgeon': ['--extra-index-url=https://pypi.ngc.nvidia.com']}
в”‚  в”‚  в”‚  в”‚        в”‚  в”њв”Ђ _PKG_NAME_FROM_MODULE: {}
в”‚  в”‚  в”‚  в”‚        в”‚  в”њв”Ђ _all_external_lazy_imports: {'onnxruntime.tools.symbolic_shape_infer', 'msvcrt', 'tensorflow', 'onnxmltools', 'tensorrt', 'onnxruntime', 'fcntl', 'numpy', 'tf2onnx', 'onnx.numpy_helper', '...
в”‚  в”‚  в”‚  в”‚        в”‚  в”њв”Ђ _version_ok(ver, preferred)
в”‚  в”‚  в”‚  в”‚        в”‚  в”њв”Ђ autoinstall(lazy_mod)
в”‚  в”‚  в”‚  в”‚        в”‚  в”њв”Ђ constants: <visited>
в”‚  в”‚  в”‚  в”‚        в”‚  в”њв”Ђ contextlib: <module>
в”‚  в”‚  в”‚  в”‚        в”‚  в”њв”Ђ has_mod(modname)
в”‚  в”‚  в”‚  в”‚        в”‚  в”њв”Ђ import_from_script(path, name)
в”‚  в”‚  в”‚  в”‚        в”‚  в”њв”Ђ importlib: <module>
в”‚  в”‚  в”‚  в”‚        в”‚  в”њв”Ђ lazy_import(name: str, log: bool = None, pkg_name: str = None, install_flags: List[str] = None, requires: List[str] = None)
в”‚  в”‚  в”‚  в”‚        в”‚  в”њв”Ђ mod_util
в”‚  в”‚  в”‚  в”‚        в”‚  в”‚  в””в”Ђ version(version_str)
в”‚  в”‚  в”‚  в”‚        в”‚  в””в”Ђ sp: <module>
в”‚  в”‚  в”‚  в”‚        в”њв”Ђ importlib: <module>
в”‚  в”‚  в”‚  в”‚        в”њв”Ђ inspect: <module>
в”‚  в”‚  в”‚  в”‚        в”њв”Ђ lazy_import(name: str, log: bool = None, pkg_name: str = None, install_flags: List[str] = None, requires: List[str] = None)
в”‚  в”‚  в”‚  в”‚        в”њв”Ђ mod_util: <visited>
в”‚  в”‚  в”‚  в”‚        в”њв”Ђ polygraphy: <visited>
в”‚  в”‚  в”‚  в”‚        в”њв”Ђ sp: <module>
в”‚  в”‚  в”‚  в”‚        в”њв”Ђ trt_importer
в”‚  в”‚  в”‚  в”‚        в”‚  в”њв”Ђ config: <visited>
в”‚  в”‚  в”‚  в”‚        в”‚  в”њв”Ђ lazy_import_trt()
в”‚  в”‚  в”‚  в”‚        в”‚  в”њв”Ђ mod: <visited>
в”‚  в”‚  в”‚  в”‚        в”‚  в””в”Ђ tensorrt_module_and_version_string()
в”‚  в”‚  в”‚  в”‚        в”њв”Ђ util: <visited>
в”‚  в”‚  в”‚  в”‚        в”њв”Ђ version(version_str)
в”‚  в”‚  в”‚  в”‚        в””в”Ђ warn_deprecated(name, use_instead, remove_in, module_name=None, always_show_warning=False)
в”‚  в”‚  в”‚  в””в”Ђ mod: <visited>
в”‚  в”‚  в”њв”Ђ runner
в”‚  в”‚  в”‚  в”њв”Ђ BaseRunner: <visited>
в”‚  в”‚  в”‚  в”њв”Ђ DataType
в”‚  в”‚  в”‚  в”‚  в”њв”Ђ BFLOAT16: <DataTypeEntry>
в”‚  в”‚  в”‚  в”‚  в”њв”Ђ BOOL: <DataTypeEntry>
в”‚  в”‚  в”‚  в”‚  в”њв”Ђ FLOAT16: <DataTypeEntry>
в”‚  в”‚  в”‚  в”‚  в”њв”Ђ FLOAT32: <DataTypeEntry>
в”‚  в”‚  в”‚  в”‚  в”њв”Ђ FLOAT4: <DataTypeEntry>
в”‚  в”‚  в”‚  в”‚  в”њв”Ђ FLOAT64: <DataTypeEntry>
в”‚  в”‚  в”‚  в”‚  в”њв”Ђ FLOAT8E4M3FN: <DataTypeEntry>
в”‚  в”‚  в”‚  в”‚  в”њв”Ђ FLOAT8E4M3FNUZ: <DataTypeEntry>
в”‚  в”‚  в”‚  в”‚  в”њв”Ђ FLOAT8E5M2: <DataTypeEntry>
в”‚  в”‚  в”‚  в”‚  в”њв”Ђ FLOAT8E5M2FNUZ: <DataTypeEntry>
в”‚  в”‚  в”‚  в”‚  в”њв”Ђ INT16: <DataTypeEntry>
в”‚  в”‚  в”‚  в”‚  в”њв”Ђ INT32: <DataTypeEntry>
в”‚  в”‚  в”‚  в”‚  в”њв”Ђ INT4: <DataTypeEntry>
в”‚  в”‚  в”‚  в”‚  в”њв”Ђ INT64: <DataTypeEntry>
в”‚  в”‚  в”‚  в”‚  в”њв”Ђ INT8: <DataTypeEntry>
в”‚  в”‚  в”‚  в”‚  в”њв”Ђ STRING: <DataTypeEntry>
в”‚  в”‚  в”‚  в”‚  в”њв”Ђ UINT16: <DataTypeEntry>
в”‚  в”‚  в”‚  в”‚  в”њв”Ђ UINT32: <DataTypeEntry>
в”‚  в”‚  в”‚  в”‚  в”њв”Ђ UINT64: <DataTypeEntry>
в”‚  в”‚  в”‚  в”‚  в”њв”Ђ UINT8: <DataTypeEntry>
в”‚  в”‚  в”‚  в”‚  в”њв”Ђ _EXPORTER_FUNCS: {'numpy': <function from_datatype at 0x7a4e6c2427a0>, 'onnx': <function from_datatype at 0x7a4e6c242fc0>, 'onnxruntime': <function from_datatype at 0x7a4e6c2432...
в”‚  в”‚  в”‚  в”‚  в”њв”Ђ _IMPORTER_FUNCS: {'numpy': <function from_numpy at 0x7a4e6c242660>, 'onnx': <function from_onnx at 0x7a4e6c242e80>, 'onnxruntime': <function from_onnxrt at 0x7a4e6c243100>, 'ten...
в”‚  в”‚  в”‚  в”‚  в”њв”Ђ from_dtype(dtype, source_module=None)
в”‚  в”‚  в”‚  в”‚  в””в”Ђ to_dtype(dtype, target_module)
в”‚  в”‚  в”‚  в”њв”Ђ G_LOGGER: <Logger>
в”‚  в”‚  в”‚  в”њв”Ђ LogMode
в”‚  в”‚  в”‚  в”‚  в”њв”Ђ EACH: <LogMode.EACH: 0>
в”‚  в”‚  в”‚  в”‚  в”њв”Ђ ONCE: <LogMode.ONCE: 1>
в”‚  в”‚  в”‚  в”‚  в”њв”Ђ as_integer_ratio(self, /)
в”‚  в”‚  в”‚  в”‚  в”њв”Ђ bit_count(self, /)
в”‚  в”‚  в”‚  в”‚  в”њв”Ђ bit_length(self, /)
в”‚  в”‚  в”‚  в”‚  в”њв”Ђ conjugate(...)
в”‚  в”‚  в”‚  в”‚  в”њв”Ђ denominator: <getset_descriptor>
в”‚  в”‚  в”‚  в”‚  в”њв”Ђ from_bytes(bytes, byteorder='big', *, signed=False)
в”‚  в”‚  в”‚  в”‚  в”њв”Ђ imag: <getset_descriptor>
в”‚  в”‚  в”‚  в”‚  в”њв”Ђ is_integer(self, /)
в”‚  в”‚  в”‚  в”‚  в”њв”Ђ numerator: <getset_descriptor>
в”‚  в”‚  в”‚  в”‚  в”њв”Ђ real: <getset_descriptor>
в”‚  в”‚  в”‚  в”‚  в””в”Ђ to_bytes(self, /, length=1, byteorder='big', *, signed=False)
в”‚  в”‚  в”‚  в”њв”Ђ base_util
в”‚  в”‚  в”‚  в”‚  в”њв”Ђ G_LOGGER: <Logger>
в”‚  в”‚  в”‚  в”‚  в”њв”Ђ check_inputs(feed_dict, input_metadata)
в”‚  в”‚  в”‚  в”‚  в””в”Ђ util
в”‚  в”‚  в”‚  в”‚     в”њв”Ђ LockFile
в”‚  в”‚  в”‚  в”‚     в”њв”Ђ NamedTemporaryFile
в”‚  в”‚  в”‚  в”‚     в”њв”Ђ TempAttrChange
в”‚  в”‚  в”‚  в”‚     в”њв”Ђ add_file_suffix(path: 'str', suffix: 'str')
в”‚  в”‚  в”‚  в”‚     в”њв”Ђ array
в”‚  в”‚  в”‚  в”‚     в”‚  в”њв”Ђ DataType: <visited>
в”‚  в”‚  в”‚  в”‚     в”‚  в”њв”Ђ G_LOGGER: <Logger>
в”‚  в”‚  в”‚  в”‚     в”‚  в”њв”Ђ abs()
в”‚  в”‚  в”‚  в”‚     в”‚  в”њв”Ђ all()
в”‚  в”‚  в”‚  в”‚     в”‚  в”њв”Ђ allclose()
в”‚  в”‚  в”‚  в”‚     в”‚  в”њв”Ђ any()
в”‚  в”‚  в”‚  в”‚     в”‚  в”њв”Ђ argmax()
в”‚  в”‚  в”‚  в”‚     в”‚  в”њв”Ђ argmin()
в”‚  в”‚  в”‚  в”‚     в”‚  в”њв”Ђ argwhere()
в”‚  в”‚  в”‚  в”‚     в”‚  в”њв”Ђ builtins: <module>
в”‚  в”‚  в”‚  в”‚     в”‚  в”њв”Ђ cast()
в”‚  в”‚  в”‚  в”‚     в”‚  в”њв”Ђ data_ptr()
в”‚  в”‚  в”‚  в”‚     в”‚  в”њв”Ђ dispatch(num_arrays=1)
в”‚  в”‚  в”‚  в”‚     в”‚  в”њв”Ђ divide()
в”‚  в”‚  в”‚  в”‚     в”‚  в”њв”Ђ dtype()
в”‚  в”‚  в”‚  в”‚     в”‚  в”њв”Ђ equal()
в”‚  в”‚  в”‚  в”‚     в”‚  в”њв”Ђ functools: <module>
в”‚  в”‚  в”‚  в”‚     в”‚  в”њв”Ђ greater()
в”‚  в”‚  в”‚  в”‚     в”‚  в”њв”Ђ histogram()
в”‚  в”‚  в”‚  в”‚     в”‚  в”њв”Ђ is_contiguous()
в”‚  в”‚  в”‚  в”‚     в”‚  в”њв”Ђ is_device_view(obj)
в”‚  в”‚  в”‚  в”‚     в”‚  в”њв”Ђ is_numpy(obj)
в”‚  в”‚  в”‚  в”‚     в”‚  в”њв”Ђ is_on_cpu()
в”‚  в”‚  в”‚  в”‚     в”‚  в”њв”Ђ is_on_gpu()
в”‚  в”‚  в”‚  в”‚     в”‚  в”њв”Ђ is_torch(obj)
в”‚  в”‚  в”‚  в”‚     в”‚  в”њв”Ђ isfinite()
в”‚  в”‚  в”‚  в”‚     в”‚  в”њв”Ђ isinf()
в”‚  в”‚  в”‚  в”‚     в”‚  в”њв”Ђ isnan()
в”‚  в”‚  в”‚  в”‚     в”‚  в”њв”Ђ logical_and()
в”‚  в”‚  в”‚  в”‚     в”‚  в”њв”Ђ logical_not()
в”‚  в”‚  в”‚  в”‚     в”‚  в”њв”Ђ logical_xor()
в”‚  в”‚  в”‚  в”‚     в”‚  в”њв”Ђ make_contiguous()
в”‚  в”‚  в”‚  в”‚     в”‚  в”њв”Ђ math: <module>
в”‚  в”‚  в”‚  в”‚     в”‚  в”њв”Ђ max()
в”‚  в”‚  в”‚  в”‚     в”‚  в”њв”Ђ mean()
в”‚  в”‚  в”‚  в”‚     в”‚  в”њв”Ђ median()
в”‚  в”‚  в”‚  в”‚     в”‚  в”њв”Ђ min()
в”‚  в”‚  в”‚  в”‚     в”‚  в”њв”Ђ mod: <visited>
в”‚  в”‚  в”‚  в”‚     в”‚  в”њв”Ђ multiply()
в”‚  в”‚  в”‚  в”‚     в”‚  в”њв”Ђ nbytes()
в”‚  в”‚  в”‚  в”‚     в”‚  в”њв”Ђ np: <LazyModule>
в”‚  в”‚  в”‚  в”‚     в”‚  в”њв”Ђ numbers: <module>
в”‚  в”‚  в”‚  в”‚     в”‚  в”њв”Ђ power()
в”‚  в”‚  в”‚  в”‚     в”‚  в”њв”Ђ quantile()
в”‚  в”‚  в”‚  в”‚     в”‚  в”њв”Ђ ravel()
в”‚  в”‚  в”‚  в”‚     в”‚  в”њв”Ђ resize_or_reallocate()
в”‚  в”‚  в”‚  в”‚     в”‚  в”њв”Ђ shape()
в”‚  в”‚  в”‚  в”‚     в”‚  в”њв”Ђ size()
в”‚  в”‚  в”‚  в”‚     в”‚  в”њв”Ђ sqrt()
в”‚  в”‚  в”‚  в”‚     в”‚  в”њв”Ђ std()
в”‚  в”‚  в”‚  в”‚     в”‚  в”њв”Ђ subtract()
в”‚  в”‚  в”‚  в”‚     в”‚  в”њв”Ђ sum()
в”‚  в”‚  в”‚  в”‚     в”‚  в”њв”Ђ to_numpy()
в”‚  в”‚  в”‚  в”‚     в”‚  в”њв”Ђ to_torch()
в”‚  в”‚  в”‚  в”‚     в”‚  в”њв”Ђ topk()
в”‚  в”‚  в”‚  в”‚     в”‚  в”њв”Ђ torch: <LazyModule>
в”‚  в”‚  в”‚  в”‚     в”‚  в”њв”Ђ unravel_index(index, shape)
в”‚  в”‚  в”‚  в”‚     в”‚  в”њв”Ђ var()
в”‚  в”‚  в”‚  в”‚     в”‚  в”њв”Ђ view(obj, dtype, shape)
в”‚  в”‚  в”‚  в”‚     в”‚  в””в”Ђ where()
в”‚  в”‚  в”‚  в”‚     в”њв”Ђ check_called_by(expected_caller_name)
в”‚  в”‚  в”‚  в”‚     в”њв”Ђ check_sequence_contains(sequence, items, name=None, items_name=None, log_func=None, check_missing=None, check_extra=None)
в”‚  в”‚  в”‚  в”‚     в”њв”Ђ contains_wildcard(target)
в”‚  в”‚  в”‚  в”‚     в”њв”Ђ default(value, default)
в”‚  в”‚  в”‚  в”‚     в”њв”Ђ find_in_dirs(name_glob, dirs)
в”‚  в”‚  в”‚  в”‚     в”њв”Ђ find_str_in_iterable(name, seq, index=None)
в”‚  в”‚  в”‚  в”‚     в”њв”Ђ get_file_size(src)
в”‚  в”‚  в”‚  в”‚     в”њв”Ђ getattr_nested(obj, attr)
в”‚  в”‚  в”‚  в”‚     в”њв”Ђ indent_block(block, level=1)
в”‚  в”‚  в”‚  в”‚     в”њв”Ђ invert_dict(dct)
в”‚  в”‚  в”‚  в”‚     в”њв”Ђ invoke_if_callable(func, *args, **kwargs)
в”‚  в”‚  в”‚  в”‚     в”њв”Ђ is_empty_shape(shape)
в”‚  в”‚  в”‚  в”‚     в”њв”Ђ is_inf(obj)
в”‚  в”‚  в”‚  в”‚     в”њв”Ђ is_nan(obj)
в”‚  в”‚  в”‚  в”‚     в”њв”Ђ is_sequence(obj)
в”‚  в”‚  в”‚  в”‚     в”њв”Ђ is_shape_dynamic(shape)
в”‚  в”‚  в”‚  в”‚     в”њв”Ђ is_valid_shape_override(new_shape, original_shape)
в”‚  в”‚  в”‚  в”‚     в”њв”Ђ load_file(src, mode='rb', description=None)
в”‚  в”‚  в”‚  в”‚     в”њв”Ђ make_repr(type_str, *args, **kwargs)
в”‚  в”‚  в”‚  в”‚     в”њв”Ђ makedirs(path)
в”‚  в”‚  в”‚  в”‚     в”њв”Ђ match_keys(keys, targets)
в”‚  в”‚  в”‚  в”‚     в”њв”Ђ override_dynamic_shape(shape, default_shape_value=None)
в”‚  в”‚  в”‚  в”‚     в”њв”Ђ polygraphy: <visited>
в”‚  в”‚  в”‚  в”‚     в”њв”Ђ sanitize_filename(path)
в”‚  в”‚  в”‚  в”‚     в”њв”Ђ save_file(contents, dest, mode='wb', description=None)
в”‚  в”‚  в”‚  в”‚     в”њв”Ђ str_from_layer(prefix, index, name, op, input_names, input_meta, output_names, output_meta)
в”‚  в”‚  в”‚  в”‚     в”њв”Ђ try_getattr(obj, attr, default=None)
в”‚  в”‚  в”‚  в”‚     в”њв”Ђ try_match_shape(arr, shape)
в”‚  в”‚  в”‚  в”‚     в”њв”Ђ try_receive_on_queue(queue, timeout=None)
в”‚  в”‚  в”‚  в”‚     в”њв”Ђ try_send_on_queue(queue, obj)
в”‚  в”‚  в”‚  в”‚     в”њв”Ђ unique_list(sequence)
в”‚  в”‚  в”‚  в”‚     в”њв”Ђ unpack_args(args, num)
в”‚  в”‚  в”‚  в”‚     в”њв”Ђ util
в”‚  в”‚  в”‚  в”‚     в”‚  в”њв”Ђ Compressed
в”‚  в”‚  в”‚  в”‚     в”‚  в”њв”Ђ G_LOGGER: <Logger>
в”‚  в”‚  в”‚  в”‚     в”‚  в”њв”Ђ LockFile: <visited>
в”‚  в”‚  в”‚  в”‚     в”‚  в”њв”Ђ NamedTemporaryFile: <visited>
в”‚  в”‚  в”‚  в”‚     в”‚  в”њв”Ђ OrderedDict: <type>
в”‚  в”‚  в”‚  в”‚     в”‚  в”њв”Ђ PIPE_MAX_SEND_BYTES: 2147483648
в”‚  в”‚  в”‚  в”‚     в”‚  в”њв”Ђ TempAttrChange: <visited>
в”‚  в”‚  в”‚  в”‚     в”‚  в”њв”Ђ Union: <_SpecialForm>
в”‚  в”‚  в”‚  в”‚     в”‚  в”њв”Ђ _get_num_bytes(contents: 'Union[str, bytes, trt.IHostMemory]') -> 'int'
в”‚  в”‚  в”‚  в”‚     в”‚  в”њв”Ђ add_file_suffix(path: 'str', suffix: 'str')
в”‚  в”‚  в”‚  в”‚     в”‚  в”њв”Ђ annotations: <_Feature>
в”‚  в”‚  в”‚  в”‚     в”‚  в”њв”Ђ apply_repr(obj)
в”‚  в”‚  в”‚  в”‚     в”‚  в”њв”Ђ check_called_by(expected_caller_name)
в”‚  в”‚  в”‚  в”‚     в”‚  в”њв”Ђ check_sequence_contains(sequence, items, name=None, items_name=None, log_func=None, check_missing=None, check_extra=None)
в”‚  в”‚  в”‚  в”‚     в”‚  в”њв”Ђ compress(obj)
в”‚  в”‚  в”‚  в”‚     в”‚  в”њв”Ђ constants: <visited>
в”‚  в”‚  в”‚  в”‚     в”‚  в”њв”Ђ contains_wildcard(target)
в”‚  в”‚  в”‚  в”‚     в”‚  в”њв”Ђ copy: <module>
в”‚  в”‚  в”‚  в”‚     в”‚  в”њв”Ђ decompress(compressed)
в”‚  в”‚  в”‚  в”‚     в”‚  в”њв”Ђ default(value, default)
в”‚  в”‚  в”‚  в”‚     в”‚  в”њв”Ђ fcntl: <LazyModule>
в”‚  в”‚  в”‚  в”‚     в”‚  в”њв”Ђ find_in_dirs(name_glob, dirs)
в”‚  в”‚  в”‚  в”‚     в”‚  в”њв”Ђ find_str_in_iterable(name, seq, index=None)
в”‚  в”‚  в”‚  в”‚     в”‚  в”њв”Ђ fnmatch(name, pat)
в”‚  в”‚  в”‚  в”‚     в”‚  в”њв”Ђ functools: <module>
в”‚  в”‚  в”‚  в”‚     в”‚  в”њв”Ђ get_file_size(src)
в”‚  в”‚  в”‚  в”‚     в”‚  в”њв”Ђ getattr_nested(obj, attr)
в”‚  в”‚  в”‚  в”‚     в”‚  в”њв”Ђ glob: <module>
в”‚  в”‚  в”‚  в”‚     в”‚  в”њв”Ђ handle_special_repr(obj)
в”‚  в”‚  в”‚  в”‚     в”‚  в”њв”Ђ indent_block(block, level=1)
в”‚  в”‚  в”‚  в”‚     в”‚  в”њв”Ђ inspect: <module>
в”‚  в”‚  в”‚  в”‚     в”‚  в”њв”Ђ invert_dict(dct)
в”‚  в”‚  в”‚  в”‚     в”‚  в”њв”Ђ invoke_if_callable(func, *args, **kwargs)
в”‚  в”‚  в”‚  в”‚     в”‚  в”њв”Ђ is_compressed(obj)
в”‚  в”‚  в”‚  в”‚     в”‚  в”њв”Ђ is_dimension_dynamic(dim)
в”‚  в”‚  в”‚  в”‚     в”‚  в”њв”Ђ is_empty_shape(shape)
в”‚  в”‚  в”‚  в”‚     в”‚  в”њв”Ђ is_file_like(obj)
в”‚  в”‚  в”‚  в”‚     в”‚  в”њв”Ђ is_inf(obj)
в”‚  в”‚  в”‚  в”‚     в”‚  в”њв”Ђ is_nan(obj)
в”‚  в”‚  в”‚  в”‚     в”‚  в”њв”Ђ is_sequence(obj)
в”‚  в”‚  в”‚  в”‚     в”‚  в”њв”Ђ is_shape_dynamic(shape)
в”‚  в”‚  в”‚  в”‚     в”‚  в”њв”Ђ is_valid_shape_override(new_shape, original_shape)
в”‚  в”‚  в”‚  в”‚     в”‚  в”њв”Ђ lazy_import_trt()
в”‚  в”‚  в”‚  в”‚     в”‚  в”њв”Ђ load_file(src, mode='rb', description=None)
в”‚  в”‚  в”‚  в”‚     в”‚  в”њв”Ђ make_repr(type_str, *args, **kwargs)
в”‚  в”‚  в”‚  в”‚     в”‚  в”њв”Ђ makedirs(path)
в”‚  в”‚  в”‚  в”‚     в”‚  в”њв”Ђ match_keys(keys, targets)
в”‚  в”‚  в”‚  в”‚     в”‚  в”њв”Ђ math: <module>
в”‚  в”‚  в”‚  в”‚     в”‚  в”њв”Ђ mod: <visited>
в”‚  в”‚  в”‚  в”‚     в”‚  в”њв”Ђ msvcrt: <LazyModule>
в”‚  в”‚  в”‚  в”‚     в”‚  в”њв”Ђ np: <LazyModule>
в”‚  в”‚  в”‚  в”‚     в”‚  в”њв”Ђ num_dynamic_dimensions(shape)
в”‚  в”‚  в”‚  в”‚     в”‚  в”њв”Ђ override_dynamic_shape(shape, default_shape_value=None)
в”‚  в”‚  в”‚  в”‚     в”‚  в”њв”Ђ receive_on_queue(queue, timeout=None)
в”‚  в”‚  в”‚  в”‚     в”‚  в”њв”Ђ sanitize_filename(path)
в”‚  в”‚  в”‚  в”‚     в”‚  в”њв”Ђ save_file(contents, dest, mode='wb', description=None)
в”‚  в”‚  в”‚  в”‚     в”‚  в”њв”Ђ send_on_queue(queue, obj)
в”‚  в”‚  в”‚  в”‚     в”‚  в”њв”Ђ str_from_layer(prefix, index, name, op, input_names, input_meta, output_names, output_meta)
в”‚  в”‚  в”‚  в”‚     в”‚  в”њв”Ђ tempfile: <module>
в”‚  в”‚  в”‚  в”‚     в”‚  в”њв”Ђ trt: <LazyModule>
в”‚  в”‚  в”‚  в”‚     в”‚  в”њв”Ђ try_getattr(obj, attr, default=None)
в”‚  в”‚  в”‚  в”‚     в”‚  в”њв”Ђ try_match_shape(arr, shape)
в”‚  в”‚  в”‚  в”‚     в”‚  в”њв”Ђ try_receive_on_queue(queue, timeout=None)
в”‚  в”‚  в”‚  в”‚     в”‚  в”њв”Ђ try_send_on_queue(queue, obj)
в”‚  в”‚  в”‚  в”‚     в”‚  в”њв”Ђ unique_list(sequence)
в”‚  в”‚  в”‚  в”‚     в”‚  в”њв”Ђ unpack_args(args, num)
в”‚  в”‚  в”‚  в”‚     в”‚  в”њв”Ђ value_or_from_dict(obj, key, default=None)
в”‚  в”‚  в”‚  в”‚     в”‚  в”њв”Ђ volume(obj)
в”‚  в”‚  в”‚  в”‚     в”‚  в”њв”Ђ warn_if_wrong_mode(file_like, mode)
в”‚  в”‚  в”‚  в”‚     в”‚  в””в”Ђ zlib: <module>
в”‚  в”‚  в”‚  в”‚     в”њв”Ђ value_or_from_dict(obj, key, default=None)
в”‚  в”‚  в”‚  в”‚     в””в”Ђ volume(obj)
в”‚  в”‚  в”‚  в”њв”Ђ config: <visited>
в”‚  в”‚  в”‚  в”њв”Ђ copy: <module>
в”‚  в”‚  в”‚  в”њв”Ђ defaultdict: <type>
в”‚  в”‚  в”‚  в”њв”Ђ func: <visited>
в”‚  в”‚  в”‚  в”њв”Ђ mod: <visited>
в”‚  в”‚  в”‚  в”њв”Ђ np: <LazyModule>
в”‚  в”‚  в”‚  в”њв”Ђ time: <module>
в”‚  в”‚  в”‚  в””в”Ђ util: <visited>
в”‚  в”‚  в””в”Ђ util: <visited>
в”‚  в””в”Ђ onnx
в”‚     в”њв”Ђ BytesFromOnnx
в”‚     в”‚  в””в”Ђ call_impl(self)
в”‚     в”њв”Ђ ConvertToFp16
в”‚     в”‚  в”њв”Ђ call_impl(self)
в”‚     в”‚  в””в”Ђ load(self)
в”‚     в”њв”Ђ ExtractSubgraph
в”‚     в”‚  в””в”Ђ call_impl(self)
в”‚     в”њв”Ђ FoldConstants
в”‚     в”‚  в”њв”Ђ call_impl(self)
в”‚     в”‚  в””в”Ђ load(self)
в”‚     в”њв”Ђ GsFromOnnx
в”‚     в”‚  в””в”Ђ call_impl(self)
в”‚     в”њв”Ђ InferShapes
в”‚     в”‚  в”њв”Ђ _run_onnx_shape_inference(self, model, external_data_dir)
в”‚     в”‚  в”њв”Ђ _run_onnxruntime_shape_inference(self, model, external_data_dir)
в”‚     в”‚  в””в”Ђ call_impl(self)
в”‚     в”њв”Ђ ModifyOutputs
в”‚     в”‚  в”њв”Ђ call_impl(self)
в”‚     в”‚  в””в”Ђ load(self)
в”‚     в”њв”Ђ OnnxFromBytes
в”‚     в”‚  в””в”Ђ call_impl(self)
в”‚     в”њв”Ђ OnnxFromPath
в”‚     в”‚  в””в”Ђ call_impl(self)
в”‚     в”њв”Ђ OnnxFromTfGraph
в”‚     в”‚  в””в”Ђ call_impl(self)
в”‚     в”њв”Ђ SaveOnnx
в”‚     в”‚  в””в”Ђ call_impl(self)
в”‚     в”њв”Ђ SetUpperBound
в”‚     в”‚  в”њв”Ђ call_impl(self)
в”‚     в”‚  в””в”Ђ load(self)
в”‚     в”њв”Ђ bytes_from_onnx(model)
в”‚     в”њв”Ђ convert_to_fp16(model, copy=None)
в”‚     в”њв”Ђ extract_subgraph(model, input_metadata=None, output_metadata=None, check_meta=None)
в”‚     в”њв”Ђ fold_constants(model, num_passes=None, do_shape_inference=None, partitioning=None, fold_shapes=None, copy=None, error_ok=None, size_threshold=None, allow_onnxruntime_shape_inference=None)
в”‚     в”њв”Ђ gs_from_onnx(model)
в”‚     в”њв”Ђ infer_shapes(model, error_ok=None, external_data_dir=None, save_to_disk_threshold_bytes=None, allow_onnxruntime=None)
в”‚     в”њв”Ђ loader
в”‚     в”‚  в”њв”Ђ BaseLoadOnnxCopy
в”‚     в”‚  в”‚  в”њв”Ђ call_impl(self, *args, **kwargs)
в”‚     в”‚  в”‚  в””в”Ђ load(self)
в”‚     в”‚  в”њв”Ђ BaseLoader: <visited>
в”‚     в”‚  в”њв”Ђ BytesFromOnnx: <visited>
в”‚     в”‚  в”њв”Ђ ConvertToFp16: <visited>
в”‚     в”‚  в”њв”Ђ DataType: <visited>
в”‚     в”‚  в”њв”Ђ ExtractSubgraph: <visited>
в”‚     в”‚  в”њв”Ђ FoldConstants: <visited>
в”‚     в”‚  в”њв”Ђ G_LOGGER: <Logger>
в”‚     в”‚  в”њв”Ђ GsFromOnnx: <visited>
в”‚     в”‚  в”њв”Ђ InferShapes: <visited>
в”‚     в”‚  в”њв”Ђ LARGE_MODEL_THRESHOLD: 536870912
в”‚     в”‚  в”њв”Ђ LogMode: <visited>
в”‚     в”‚  в”њв”Ђ ModifyOutputs: <visited>
в”‚     в”‚  в”њв”Ђ OnnxFromBytes: <visited>
в”‚     в”‚  в”њв”Ђ OnnxFromPath: <visited>
в”‚     в”‚  в”њв”Ђ OnnxFromTfGraph: <visited>
в”‚     в”‚  в”њв”Ђ PROTOBUF_THRESHOLD: 2000000000.0
в”‚     в”‚  в”њв”Ђ SaveOnnx: <visited>
в”‚     в”‚  в”њв”Ђ SetUpperBound: <visited>
в”‚     в”‚  в”њв”Ђ _GSGraphManager
в”‚     в”‚  в”њв”Ђ bytes_from_onnx(model)
в”‚     в”‚  в”њв”Ђ constants: <visited>
в”‚     в”‚  в”њв”Ђ convert_to_fp16(model, copy=None)
в”‚     в”‚  в”њв”Ђ copy: <module>
в”‚     в”‚  в”њв”Ђ extract_subgraph(model, input_metadata=None, output_metadata=None, check_meta=None)
в”‚     в”‚  в”њв”Ђ fold_constants(model, num_passes=None, do_shape_inference=None, partitioning=None, fold_shapes=None, copy=None, error_ok=None, size_threshold=None, allow_onnxruntime_shape_inference=None)
в”‚     в”‚  в”њв”Ђ gs: <LazyModule>
в”‚     в”‚  в”њв”Ђ gs_from_onnx(model)
в”‚     в”‚  в”њв”Ђ infer_shapes(model, error_ok=None, external_data_dir=None, save_to_disk_threshold_bytes=None, allow_onnxruntime=None)
в”‚     в”‚  в”њв”Ђ mod: <visited>
в”‚     в”‚  в”њв”Ђ modify_outputs(model, outputs=None, exclude_outputs=None, copy=None)
в”‚     в”‚  в”њв”Ђ np: <LazyModule>
в”‚     в”‚  в”њв”Ђ onnx: <LazyModule>
в”‚     в”‚  в”њв”Ђ onnx_from_bytes(serialized_onnx)
в”‚     в”‚  в”њв”Ђ onnx_from_path(path, external_data_dir=None, ignore_external_data=None)
в”‚     в”‚  в”њв”Ђ onnx_from_tf_graph(graph, opset=None, optimize=None)
в”‚     в”‚  в”њв”Ђ onnx_util
в”‚     в”‚  в”‚  в”њв”Ђ DataType: <visited>
в”‚     в”‚  в”‚  в”њв”Ђ G_LOGGER: <Logger>
в”‚     в”‚  в”‚  в”њв”Ђ LogMode: <visited>
в”‚     в”‚  в”‚  в”њв”Ђ OrderedDict: <type>
в”‚     в”‚  в”‚  в”њв”Ђ TensorMetadata
в”‚     в”‚  в”‚  в”‚  в”њв”Ђ _check_types(self, key, val)
в”‚     в”‚  в”‚  в”‚  в”њв”Ђ add(self, name, dtype, shape, min_shape=None, max_shape=None, docstring=None)
в”‚     в”‚  в”‚  в”‚  в”њв”Ђ from_feed_dict(feed_dict)
в”‚     в”‚  в”‚  в”‚  в”њв”Ђ items(self)
в”‚     в”‚  в”‚  в”‚  в”њв”Ђ keys(self)
в”‚     в”‚  в”‚  в”‚  в”њв”Ђ update(self, other)
в”‚     в”‚  в”‚  в”‚  в””в”Ђ values(self)
в”‚     в”‚  в”‚  в”њв”Ђ _check_has_tensors(model, outputs)
в”‚     в”‚  в”‚  в”њв”Ђ all_tensor_names(model, include_inputs=None)
в”‚     в”‚  в”‚  в”њв”Ђ copy: <module>
в”‚     в”‚  в”‚  в”њв”Ђ get_dtype(tensor)
в”‚     в”‚  в”‚  в”њв”Ђ get_input_metadata(graph)
в”‚     в”‚  в”‚  в”њв”Ђ get_num_nodes(model)
в”‚     в”‚  в”‚  в”њв”Ђ get_output_metadata(graph)
в”‚     в”‚  в”‚  в”њв”Ђ get_shape(tensor)
в”‚     в”‚  в”‚  в”њв”Ђ get_tensor_metadata(tensors)
в”‚     в”‚  в”‚  в”њв”Ђ get_unbounded_dds_tensors(graph)
в”‚     в”‚  в”‚  в”њв”Ђ get_values(tensor)
в”‚     в”‚  в”‚  в”њв”Ђ gs: <LazyModule>
в”‚     в”‚  в”‚  в”њв”Ђ lower_constant_nodes(graph)
в”‚     в”‚  в”‚  в”њв”Ђ mark_layerwise(model)
в”‚     в”‚  в”‚  в”њв”Ђ mark_outputs(model, outputs)
в”‚     в”‚  в”‚  в”њв”Ђ meta_from_gs_tensors(tensors)
в”‚     в”‚  в”‚  в”њв”Ђ mod: <visited>
в”‚     в”‚  в”‚  в”њв”Ђ onnx: <LazyModule>
в”‚     в”‚  в”‚  в”њв”Ђ onnx_numpy_helper: <LazyModule>
в”‚     в”‚  в”‚  в”њв”Ђ set_shapes_from_layerwise_meta(graph, layerwise_meta)
в”‚     в”‚  в”‚  в”њв”Ђ str_from_onnx(model, show_layers=None, show_attrs=None, show_weights=None)
в”‚     в”‚  в”‚  в”њв”Ђ str_from_onnx_graph(graph, tensors, show_layers, show_attrs, show_weights, indent_level=0)
в”‚     в”‚  в”‚  в”њв”Ђ unmark_outputs(model, outputs)
в”‚     в”‚  в”‚  в””в”Ђ util: <visited>
в”‚     в”‚  в”њв”Ђ onnxmltools: <LazyModule>
в”‚     в”‚  в”њв”Ђ onnxrt: <LazyModule>
в”‚     в”‚  в”њв”Ђ onnxrt_symbolic_shape_inference: <LazyModule>
в”‚     в”‚  в”њв”Ђ save_onnx(model, path, external_data_path=None, size_threshold=None, all_tensors_to_one_file=None)
в”‚     в”‚  в”њв”Ђ set_upper_bound(model, upper_bounds, copy=None)
в”‚     в”‚  в”њв”Ђ tempfile: <module>
в”‚     в”‚  в”њв”Ђ tf: <LazyModule>
в”‚     в”‚  в”њв”Ђ tf2onnx: <LazyModule>
в”‚     в”‚  в”њв”Ђ tf_util: <LazyModule>
в”‚     в”‚  в””в”Ђ util: <visited>
в”‚     в”њв”Ђ modify_outputs(model, outputs=None, exclude_outputs=None, copy=None)
в”‚     в”њв”Ђ onnx_from_bytes(serialized_onnx)
в”‚     в”њв”Ђ onnx_from_path(path, external_data_dir=None, ignore_external_data=None)
в”‚     в”њв”Ђ onnx_from_tf_graph(graph, opset=None, optimize=None)
в”‚     в”њв”Ђ save_onnx(model, path, external_data_path=None, size_threshold=None, all_tensors_to_one_file=None)
в”‚     в”њв”Ђ set_upper_bound(model, upper_bounds, copy=None)
в”‚     в””в”Ђ util: <visited>
в”њв”Ђ common
в”‚  в”њв”Ђ DataTypeConversionException
в”‚  в”‚  в”њв”Ђ add_note(...)
в”‚  в”‚  в”њв”Ђ args: <getset_descriptor>
в”‚  в”‚  в””в”Ђ with_traceback(...)
в”‚  в”њв”Ђ FormattedArray
в”‚  в”‚  в”њв”Ђ from_json(src)
в”‚  в”‚  в”њв”Ђ load(src)
в”‚  в”‚  в”њв”Ђ save(self, dest)
в”‚  в”‚  в””в”Ђ to_json(self)
в”‚  в”њв”Ђ PolygraphyException
в”‚  в”‚  в”њв”Ђ add_note(...)
в”‚  в”‚  в”њв”Ђ args: <getset_descriptor>
в”‚  в”‚  в””в”Ђ with_traceback(...)
в”‚  в”њв”Ђ PolygraphyInternalException
в”‚  в”‚  в”њв”Ђ add_note(...)
в”‚  в”‚  в”њв”Ђ args: <getset_descriptor>
в”‚  в”‚  в””в”Ђ with_traceback(...)
в”‚  в”њв”Ђ TensorMetadata: <visited>
в”‚  в”њв”Ђ exception
в”‚  в”‚  в”њв”Ђ DataTypeConversionException: <visited>
в”‚  в”‚  в”њв”Ђ PolygraphyException: <visited>
в”‚  в”‚  в”њв”Ђ PolygraphyInternalException: <visited>
в”‚  в”‚  в””в”Ђ mod: <visited>
в”‚  в”њв”Ђ interface
в”‚  в”‚  в”њв”Ђ G_LOGGER: <Logger>
в”‚  в”‚  в”њв”Ђ OrderedDict: <type>
в”‚  в”‚  в”њв”Ђ TypedDict(key_type_func, value_type_func)
в”‚  в”‚  в”њв”Ђ TypedList(elem_type_func)
в”‚  в”‚  в”њв”Ђ copy: <module>
в”‚  в”‚  в””в”Ђ util: <visited>
в”‚  в””в”Ђ struct
в”‚     в”њв”Ђ BoundedShape
в”‚     в”‚  в”њв”Ђ append(self, object, /)
в”‚     в”‚  в”њв”Ђ clear(self, /)
в”‚     в”‚  в”њв”Ђ copy(self, /)
в”‚     в”‚  в”њв”Ђ count(self, value, /)
в”‚     в”‚  в”њв”Ђ extend(self, iterable, /)
в”‚     в”‚  в”њв”Ђ index(self, value, start=0, stop=9223372036854775807, /)
в”‚     в”‚  в”њв”Ђ insert(self, index, object, /)
в”‚     в”‚  в”њв”Ђ pop(self, index=-1, /)
в”‚     в”‚  в”њв”Ђ remove(self, value, /)
в”‚     в”‚  в”њв”Ђ reverse(self, /)
в”‚     в”‚  в””в”Ђ sort(self, /, *, key=None, reverse=False)
в”‚     в”њв”Ђ DataType: <visited>
в”‚     в”њв”Ђ Decoder
в”‚     в”‚  в”њв”Ђ polygraphy_registered: {'__polygraphy_encoded_FormattedArray': <function BaseCustomImpl.register.<locals>.register_impl.<locals>.wrapped at 0x7a4e6c29ac00>, 'FormattedArray': <functio...
в”‚     в”‚  в””в”Ђ register(typ, alias=None)
в”‚     в”њв”Ђ Encoder
в”‚     в”‚  в”њв”Ђ default(self, o)
в”‚     в”‚  в”њв”Ђ encode(self, o)
в”‚     в”‚  в”њв”Ђ item_separator: ', '
в”‚     в”‚  в”њв”Ђ iterencode(self, o, _one_shot=False)
в”‚     в”‚  в”њв”Ђ key_separator: ': '
в”‚     в”‚  в”њв”Ђ polygraphy_registered: {<class 'polygraphy.common.struct.FormattedArray'>: <function BaseCustomImpl.register.<locals>.register_impl.<locals>.wrapped at 0x7a4e6c29aa20>}
в”‚     в”‚  в””в”Ђ register(typ, alias=None)
в”‚     в”њв”Ђ FormattedArray: <visited>
в”‚     в”њв”Ђ MetadataTuple
в”‚     в”‚  в””в”Ђ dtype: <property>
в”‚     в”њв”Ђ TensorMetadata: <visited>
в”‚     в”њв”Ђ TypedDict(key_type_func, value_type_func)
в”‚     в”њв”Ђ add_json_methods(description=None)
в”‚     в”њв”Ђ decode: None
в”‚     в”њв”Ђ encode(obj)
в”‚     в”њв”Ђ mod: <visited>
в”‚     в””в”Ђ util: <visited>
в”њв”Ђ config: <visited>
в”њв”Ђ constants: <visited>
в”њв”Ђ datatype
в”‚  в”њв”Ђ DataType: <visited>
в”‚  в”њв”Ђ DataTypeEntry
в”‚  в”‚  в”њв”Ђ is_floating: <property>
в”‚  в”‚  в”њв”Ђ is_integral: <property>
в”‚  в”‚  в”њв”Ђ numpy(self)
в”‚  в”‚  в”њв”Ђ onnx(self)
в”‚  в”‚  в”њв”Ђ onnxruntime(self)
в”‚  в”‚  в””в”Ђ torch(self)
в”‚  в”њв”Ђ datatype
в”‚  в”‚  в”њв”Ђ DataType: <visited>
в”‚  в”‚  в”њв”Ђ DataTypeConversionException: <visited>
в”‚  в”‚  в”њв”Ђ DataTypeEntry: <visited>
в”‚  в”‚  в”њв”Ђ G_LOGGER: <Logger>
в”‚  в”‚  в”њв”Ђ LogMode: <visited>
в”‚  в”‚  в”њв”Ђ _DataTypeKind
в”‚  в”‚  в”‚  в”њв”Ђ FLOATING_POINT: <_DataTypeKind>
в”‚  в”‚  в”‚  в”њв”Ђ INTEGRAL: <_DataTypeKind>
в”‚  в”‚  в”‚  в””в”Ђ _OTHER: <_DataTypeKind>
в”‚  в”‚  в”њв”Ђ _SkipImporterException
в”‚  в”‚  в”‚  в”њв”Ђ add_note(...)
в”‚  в”‚  в”‚  в”њв”Ђ args: <getset_descriptor>
в”‚  в”‚  в”‚  в””в”Ђ with_traceback(...)
в”‚  в”‚  в”њв”Ђ dedent(text)
в”‚  в”‚  в”њв”Ђ enum: <module>
в”‚  в”‚  в”њв”Ђ functools: <module>
в”‚  в”‚  в”њв”Ђ mod: <visited>
в”‚  в”‚  в”њв”Ђ name: 'FLOAT8E5M2FNUZ'
в”‚  в”‚  в”њв”Ђ register_dtype_exporter(target_module)
в”‚  в”‚  в”њв”Ђ register_dtype_importer(source_module)
в”‚  в”‚  в””в”Ђ value: <DataTypeEntry>
в”‚  в”њв”Ђ from_datatype(self)
в”‚  в”њв”Ђ from_numpy(numpy_type)
в”‚  в”њв”Ђ from_onnx(onnx_type)
в”‚  в”њв”Ђ from_onnxrt(onnxrt_type)
в”‚  в”њв”Ђ from_tensorrt(tensorrt_type)
в”‚  в”њв”Ђ from_torch(torch_type)
в”‚  в”њв”Ђ lazy_import_trt()
в”‚  в”њв”Ђ mod: <visited>
в”‚  в”њв”Ђ np: <LazyModule>
в”‚  в”њв”Ђ numpy
в”‚  в”‚  в”њв”Ђ DataType: <visited>
в”‚  в”‚  в”њв”Ђ _get_mapping()
в”‚  в”‚  в”њв”Ђ from_datatype(self)
в”‚  в”‚  в”њв”Ђ from_numpy(numpy_type)
в”‚  в”‚  в”њв”Ђ mod: <visited>
в”‚  в”‚  в”њв”Ђ np: <LazyModule>
в”‚  в”‚  в”њв”Ђ register_dtype_exporter(target_module)
в”‚  в”‚  в”њв”Ђ register_dtype_importer(source_module)
в”‚  в”‚  в””в”Ђ util: <visited>
в”‚  в”њв”Ђ onnx: <LazyModule>
в”‚  в”њв”Ђ onnxrt
в”‚  в”‚  в”њв”Ђ DataType: <visited>
в”‚  в”‚  в”њв”Ђ from_datatype(self)
в”‚  в”‚  в”њв”Ђ from_onnxrt(onnxrt_type)
в”‚  в”‚  в”њв”Ђ register_dtype_exporter(target_module)
в”‚  в”‚  в”њв”Ђ register_dtype_importer(source_module)
в”‚  в”‚  в””в”Ђ util: <visited>
в”‚  в”њв”Ђ register_dtype_exporter(target_module)
в”‚  в”њв”Ђ register_dtype_importer(source_module)
в”‚  в”њв”Ђ torch: <LazyModule>
в”‚  в”њв”Ђ trt: <LazyModule>
в”‚  в””в”Ђ util: <visited>
в”њв”Ђ exception
в”‚  в”њв”Ђ DataTypeConversionException: <visited>
в”‚  в”њв”Ђ PolygraphyException: <visited>
в”‚  в”њв”Ђ PolygraphyInternalException: <visited>
в”‚  в””в”Ђ exception: <visited>
в”њв”Ђ func: <visited>
в”њв”Ђ json
в”‚  в”њв”Ђ Decoder: <visited>
в”‚  в”њв”Ђ Encoder: <visited>
в”‚  в”њв”Ђ add_json_methods(description=None)
в”‚  в”њв”Ђ from_json(src)
в”‚  в”њв”Ђ load_json(src, description=None)
в”‚  в”њв”Ђ save_json(obj, dest, description=None)
в”‚  в”њв”Ђ serde
в”‚  в”‚  в”њв”Ђ BaseCustomImpl
в”‚  в”‚  в”‚  в””в”Ђ register(typ, alias=None)
в”‚  в”‚  в”њв”Ђ COMMON_REGISTRATION_SUCCESS: False
в”‚  в”‚  в”њв”Ђ Decoder: <visited>
в”‚  в”‚  в”њв”Ђ Encoder: <visited>
в”‚  в”‚  в”њв”Ђ G_LOGGER: <Logger>
в”‚  в”‚  в”њв”Ђ NUMPY_REGISTRATION_SUCCESS: False
в”‚  в”‚  в”њв”Ђ OrderedDict: <type>
в”‚  в”‚  в”њв”Ђ TORCH_REGISTRATION_SUCCESS: False
в”‚  в”‚  в”њв”Ђ add_json_methods(description=None)
в”‚  в”‚  в”њв”Ђ base64: <module>
в”‚  в”‚  в”њв”Ђ constants: <visited>
в”‚  в”‚  в”њв”Ђ from_json(src)
в”‚  в”‚  в”њв”Ђ functools: <module>
в”‚  в”‚  в”њв”Ђ io: <module>
в”‚  в”‚  в”њв”Ђ json: <module>
в”‚  в”‚  в”њв”Ђ legacy_str_from_type(typ)
в”‚  в”‚  в”њв”Ђ load_json(src, description=None)
в”‚  в”‚  в”њв”Ђ mod: <visited>
в”‚  в”‚  в”њв”Ђ np: <LazyModule>
в”‚  в”‚  в”њв”Ђ save_json(obj, dest, description=None)
в”‚  в”‚  в”њв”Ђ str_from_type(typ)
в”‚  в”‚  в”њв”Ђ to_json(obj)
в”‚  в”‚  в”њв”Ђ torch: <LazyModule>
в”‚  в”‚  в”њв”Ђ try_register_common_json(func)
в”‚  в”‚  в””в”Ђ util: <visited>
в”‚  в””в”Ђ to_json(obj)
в”њв”Ђ logger
в”‚  в”њв”Ђ G_LOGGER: <Logger>
в”‚  в”њв”Ђ LogMode: <visited>
в”‚  в””в”Ђ logger
в”‚     в”њв”Ђ COLORED_MODULE_PRESENT: None
в”‚     в”њв”Ђ G_LOGGER: <Logger>
в”‚     в”њв”Ђ LogMode: <visited>
в”‚     в”њв”Ђ Logger
в”‚     в”‚  в”њв”Ђ CRITICAL: 50
в”‚     в”‚  в”њв”Ђ ERROR: 40
в”‚     в”‚  в”њв”Ђ EXTRA_VERBOSE: 0
в”‚     в”‚  в”њв”Ђ FINISH: 28
в”‚     в”‚  в”њв”Ђ INFO: 20
в”‚     в”‚  в”њв”Ђ SEVERITY_COLOR_MAPPING: {-20: 'dark_gray', -10: 'medium_violet_red', 0: 'medium_purple', 10: 'light_magenta', 20: None, 22: 'light_cyan', 28: 'light_green', 30: 'light_yellow', 40: 'li...
в”‚     в”‚  в”њв”Ђ SEVERITY_LETTER_MAPPING: {-20: '[U]', -10: '[S]', 0: '[X]', 10: '[V]', 20: '[I]', 22: '[I]', 28: '[I]', 30: '[W]', 40: '[E]', 50: '[!]'}
в”‚     в”‚  в”њв”Ђ START: 22
в”‚     в”‚  в”њв”Ђ SUPER_VERBOSE: -10
в”‚     в”‚  в”њв”Ђ ULTRA_VERBOSE: -20
в”‚     в”‚  в”њв”Ђ VERBOSE: 10
в”‚     в”‚  в”њв”Ђ WARNING: 30
в”‚     в”‚  в”њв”Ђ _run_callbacks(self)
в”‚     в”‚  в”њв”Ђ _str_from_module_info(self, module, name=None)
в”‚     в”‚  в”њв”Ђ backtrace(self, depth=0, limit=None, severity=40)
в”‚     в”‚  в”њв”Ђ critical(self, message, ExceptionType=None)
в”‚     в”‚  в”њв”Ђ error(self, message, mode=<LogMode.EACH: 0>)
в”‚     в”‚  в”њв”Ђ extra_verbose(self, message, mode=<LogMode.EACH: 0>)
в”‚     в”‚  в”њв”Ђ finish(self, message, mode=<LogMode.EACH: 0>)
в”‚     в”‚  в”њв”Ђ indent(self, level=1)
в”‚     в”‚  в”њв”Ђ info(self, message, mode=<LogMode.EACH: 0>)
в”‚     в”‚  в”њв”Ђ internal_error(self, message)
в”‚     в”‚  в”њв”Ђ log(self, message, severity, mode=<LogMode.EACH: 0>, stack_depth=2, error_ok=False)
в”‚     в”‚  в”њв”Ђ log_exception(self, func)
в”‚     в”‚  в”њв”Ђ log_file: <property>
в”‚     в”‚  в”њв”Ђ module_info(self, module, name=None, severity=10)
в”‚     в”‚  в”њв”Ђ module_path(self, path)
в”‚     в”‚  в”њв”Ђ module_severity: <property>
в”‚     в”‚  в”њв”Ђ register_callback(self, callback)
в”‚     в”‚  в”њв”Ђ severity: <property>
в”‚     в”‚  в”њв”Ђ start(self, message, mode=<LogMode.EACH: 0>)
в”‚     в”‚  в”њв”Ђ super_verbose(self, message, mode=<LogMode.EACH: 0>)
в”‚     в”‚  в”њв”Ђ ultra_verbose(self, message, mode=<LogMode.EACH: 0>)
в”‚     в”‚  в”њв”Ђ use_python_logging_system: <property>
в”‚     в”‚  в”њв”Ђ verbose(self, message, mode=<LogMode.EACH: 0>)
в”‚     в”‚  в”њв”Ђ verbosity(self, severity=50)
в”‚     в”‚  в””в”Ђ warning(self, message, mode=<LogMode.EACH: 0>)
в”‚     в”њв”Ђ LoggerIndent
в”‚     в”њв”Ђ LoggerVerbosity
в”‚     в”њв”Ђ SeverityTrie
в”‚     в”‚  в”њв”Ђ _split_path(self, path)
в”‚     в”‚  в””в”Ђ get(self, path=None)
в”‚     в”њв”Ђ copy: <module>
в”‚     в”њв”Ђ enum: <module>
в”‚     в”њв”Ђ functools: <module>
в”‚     в”њв”Ђ has_colors()
в”‚     в”њв”Ђ logging: <module>
в”‚     в”њв”Ђ time: <module>
в”‚     в””в”Ђ traceback: <module>
в”њв”Ђ mod: <visited>
в”њв”Ђ polygraphy: <visited>
в””в”Ђ util: <visited>
