tensorrt
в”њв”Ђ APILanguage
в”‚  в”њв”Ђ CPP: <APILanguage>, value: 0
в”‚  в”њв”Ђ PYTHON: <APILanguage>, value: 1
в”‚  в”њв”Ђ name: <property>
в”‚  в””в”Ђ value: <property>
в”њв”Ђ ActivationType
в”‚  в”њв”Ђ CLIP: <ActivationType>, value: 8
в”‚  в”њв”Ђ ELU: <ActivationType>, value: 4
в”‚  в”њв”Ђ GELU_ERF: <ActivationType>, value: 12
в”‚  в”њв”Ђ GELU_TANH: <ActivationType>, value: 13
в”‚  в”њв”Ђ HARD_SIGMOID: <ActivationType>, value: 9
в”‚  в”њв”Ђ LEAKY_RELU: <ActivationType>, value: 3
в”‚  в”њв”Ђ RELU: <ActivationType>, value: 0
в”‚  в”њв”Ђ SCALED_TANH: <ActivationType>, value: 10
в”‚  в”њв”Ђ SELU: <ActivationType>, value: 5
в”‚  в”њв”Ђ SIGMOID: <ActivationType>, value: 1
в”‚  в”њв”Ђ SOFTPLUS: <ActivationType>, value: 7
в”‚  в”њв”Ђ SOFTSIGN: <ActivationType>, value: 6
в”‚  в”њв”Ђ TANH: <ActivationType>, value: 2
в”‚  в”њв”Ђ THRESHOLDED_RELU: <ActivationType>, value: 11
в”‚  в”њв”Ђ name: <property>
в”‚  в””в”Ђ value: <property>
в”њв”Ђ AllocatorFlag
в”‚  в”њв”Ђ RESIZABLE: <AllocatorFlag>, value: 0
в”‚  в”њв”Ђ name: <property>
в”‚  в””в”Ђ value: <property>
в”њв”Ђ BoundingBoxFormat
в”‚  в”њв”Ђ CENTER_SIZES: <BoundingBoxFormat>, value: 1
в”‚  в”њв”Ђ CORNER_PAIRS: <BoundingBoxFormat>, value: 0
в”‚  в”њв”Ђ name: <property>
в”‚  в””в”Ђ value: <property>
в”њв”Ђ Builder
в”‚  в”њв”Ђ build_serialized_network(...)
в”‚  в”њв”Ђ create_builder_config(...)
в”‚  в”њв”Ђ create_network(...)
в”‚  в”њв”Ђ create_optimization_profile(...)
в”‚  в”њв”Ђ error_recorder: <property>
в”‚  в”њв”Ђ get_plugin_registry(...)
в”‚  в”њв”Ђ gpu_allocator: <property>
в”‚  в”њв”Ђ is_network_supported(...)
в”‚  в”њв”Ђ logger: <property>
в”‚  в”њв”Ђ max_DLA_batch_size: <property>
в”‚  в”њв”Ђ max_threads: <property>
в”‚  в”њв”Ђ num_DLA_cores: <property>
в”‚  в”њв”Ђ platform_has_fast_fp16: <property>
в”‚  в”њв”Ђ platform_has_fast_int8: <property>
в”‚  в”њв”Ђ platform_has_tf32: <property>
в”‚  в””в”Ђ reset(...)
в”њв”Ђ BuilderFlag
в”‚  в”њв”Ђ BF16: <BuilderFlag>, value: 17
в”‚  в”њв”Ђ DEBUG: <BuilderFlag>, value: 2
в”‚  в”њв”Ђ DIRECT_IO: <BuilderFlag>, value: 11
в”‚  в”њв”Ђ DISABLE_COMPILATION_CACHE: <BuilderFlag>, value: 18
в”‚  в”њв”Ђ DISABLE_TIMING_CACHE: <BuilderFlag>, value: 5
в”‚  в”њв”Ђ ERROR_ON_TIMING_CACHE_MISS: <BuilderFlag>, value: 16
в”‚  в”њв”Ђ EXCLUDE_LEAN_RUNTIME: <BuilderFlag>, value: 14
в”‚  в”њв”Ђ FP16: <BuilderFlag>, value: 0
в”‚  в”њв”Ђ FP8: <BuilderFlag>, value: 15
в”‚  в”њв”Ђ GPU_FALLBACK: <BuilderFlag>, value: 3
в”‚  в”њв”Ђ INT4: <BuilderFlag>, value: 22
в”‚  в”њв”Ђ INT8: <BuilderFlag>, value: 1
в”‚  в”њв”Ђ OBEY_PRECISION_CONSTRAINTS: <BuilderFlag>, value: 9
в”‚  в”њв”Ђ PREFER_PRECISION_CONSTRAINTS: <BuilderFlag>, value: 10
в”‚  в”њв”Ђ REFIT: <BuilderFlag>, value: 4
в”‚  в”њв”Ђ REFIT_IDENTICAL: <BuilderFlag>, value: 20
в”‚  в”њв”Ђ REFIT_INDIVIDUAL: <BuilderFlag>, value: 23
в”‚  в”њв”Ђ REJECT_EMPTY_ALGORITHMS: <BuilderFlag>, value: 12
в”‚  в”њв”Ђ SAFETY_SCOPE: <BuilderFlag>, value: 8
в”‚  в”њв”Ђ SPARSE_WEIGHTS: <BuilderFlag>, value: 7
в”‚  в”њв”Ђ STRIP_PLAN: <BuilderFlag>, value: 19
в”‚  в”њв”Ђ TF32: <BuilderFlag>, value: 6
в”‚  в”њв”Ђ VERSION_COMPATIBLE: <BuilderFlag>, value: 13
в”‚  в”њв”Ђ WEIGHTLESS: <BuilderFlag>, value: 19
в”‚  в”њв”Ђ WEIGHT_STREAMING: <BuilderFlag>, value: 21
в”‚  в”њв”Ђ name: <property>
в”‚  в””в”Ђ value: <property>
в”њв”Ђ CalibrationAlgoType
в”‚  в”њв”Ђ ENTROPY_CALIBRATION: <CalibrationAlgoType>, value: 1
в”‚  в”њв”Ђ ENTROPY_CALIBRATION_2: <CalibrationAlgoType>, value: 2
в”‚  в”њв”Ђ LEGACY_CALIBRATION: <CalibrationAlgoType>, value: 0
в”‚  в”њв”Ђ MINMAX_CALIBRATION: <CalibrationAlgoType>, value: 3
в”‚  в”њв”Ђ name: <property>
в”‚  в””в”Ђ value: <property>
в”њв”Ђ DataType
в”‚  в”њв”Ђ BF16: <DataType>, value: 7
в”‚  в”њв”Ђ BOOL: <DataType>, value: 4
в”‚  в”њв”Ђ FLOAT: <DataType>, value: 0
в”‚  в”њв”Ђ FP8: <DataType>, value: 6
в”‚  в”њв”Ђ HALF: <DataType>, value: 1
в”‚  в”њв”Ђ INT32: <DataType>, value: 3
в”‚  в”њв”Ђ INT4: <DataType>, value: 9
в”‚  в”њв”Ђ INT64: <DataType>, value: 8
в”‚  в”њв”Ђ INT8: <DataType>, value: 2
в”‚  в”њв”Ђ UINT8: <DataType>, value: 5
в”‚  в”њв”Ђ itemsize: <property>
в”‚  в”њв”Ђ name: <property>
в”‚  в””в”Ђ value: <property>
в”њв”Ђ DeviceType
в”‚  в”њв”Ђ DLA: <DeviceType>, value: 1
в”‚  в”њв”Ђ GPU: <DeviceType>, value: 0
в”‚  в”њв”Ђ name: <property>
в”‚  в””в”Ђ value: <property>
в”њв”Ђ DimensionOperation
в”‚  в”њв”Ђ CEIL_DIV: <DimensionOperation>, value: 8
в”‚  в”њв”Ђ EQUAL: <DimensionOperation>, value: 5
в”‚  в”њв”Ђ FLOOR_DIV: <DimensionOperation>, value: 7
в”‚  в”њв”Ђ LESS: <DimensionOperation>, value: 6
в”‚  в”њв”Ђ MAX: <DimensionOperation>, value: 2
в”‚  в”њв”Ђ MIN: <DimensionOperation>, value: 3
в”‚  в”њв”Ђ PROD: <DimensionOperation>, value: 1
в”‚  в”њв”Ђ SUB: <DimensionOperation>, value: 4
в”‚  в”њв”Ђ SUM: <DimensionOperation>, value: 0
в”‚  в”њв”Ђ name: <property>
в”‚  в””в”Ђ value: <property>
в”њв”Ђ Dims
в”‚  в””в”Ђ MAX_DIMS: 8
в”њв”Ђ Dims2
в”‚  в””в”Ђ MAX_DIMS: 8
в”њв”Ђ Dims3
в”‚  в””в”Ђ MAX_DIMS: 8
в”њв”Ђ Dims4
в”‚  в””в”Ђ MAX_DIMS: 8
в”њв”Ђ DimsExprs
в”њв”Ђ DimsHW
в”‚  в”њв”Ђ MAX_DIMS: 8
в”‚  в”њв”Ђ h: <property>
в”‚  в””в”Ђ w: <property>
в”њв”Ђ DynamicPluginTensorDesc
в”‚  в”њв”Ђ desc: <property>
в”‚  в”њв”Ђ max: <property>
в”‚  в”њв”Ђ min: <property>
в”‚  в””в”Ђ opt: <property>
в”њв”Ђ ElementWiseOperation
в”‚  в”њв”Ђ AND: <ElementWiseOperation>, value: 8
в”‚  в”њв”Ђ DIV: <ElementWiseOperation>, value: 5
в”‚  в”њв”Ђ EQUAL: <ElementWiseOperation>, value: 11
в”‚  в”њв”Ђ FLOOR_DIV: <ElementWiseOperation>, value: 7
в”‚  в”њв”Ђ GREATER: <ElementWiseOperation>, value: 12
в”‚  в”њв”Ђ LESS: <ElementWiseOperation>, value: 13
в”‚  в”њв”Ђ MAX: <ElementWiseOperation>, value: 2
в”‚  в”њв”Ђ MIN: <ElementWiseOperation>, value: 3
в”‚  в”њв”Ђ OR: <ElementWiseOperation>, value: 9
в”‚  в”њв”Ђ POW: <ElementWiseOperation>, value: 6
в”‚  в”њв”Ђ PROD: <ElementWiseOperation>, value: 1
в”‚  в”њв”Ђ SUB: <ElementWiseOperation>, value: 4
в”‚  в”њв”Ђ SUM: <ElementWiseOperation>, value: 0
в”‚  в”њв”Ђ XOR: <ElementWiseOperation>, value: 10
в”‚  в”њв”Ђ name: <property>
в”‚  в””в”Ђ value: <property>
в”њв”Ђ EngineCapability
в”‚  в”њв”Ђ DLA_STANDALONE: <EngineCapability>, value: 2
в”‚  в”њв”Ђ SAFETY: <EngineCapability>, value: 1
в”‚  в”њв”Ђ STANDARD: <EngineCapability>, value: 0
в”‚  в”њв”Ђ name: <property>
в”‚  в””в”Ђ value: <property>
в”њв”Ђ EngineInspector
в”‚  в”њв”Ђ error_recorder: <property>
в”‚  в”њв”Ђ execution_context: <property>
в”‚  в”њв”Ђ get_engine_information(...)
в”‚  в””в”Ђ get_layer_information(...)
в”њв”Ђ ErrorCode
в”‚  в”њв”Ђ INTERNAL_ERROR: <ErrorCode>, value: 1
в”‚  в”њв”Ђ INVALID_GRAPH: <ErrorCode>, value: 5
в”‚  в”њв”Ђ INVALID_NODE: <ErrorCode>, value: 6
в”‚  в”њв”Ђ INVALID_VALUE: <ErrorCode>, value: 4
в”‚  в”њв”Ђ MEM_ALLOC_FAILED: <ErrorCode>, value: 2
в”‚  в”њв”Ђ MODEL_DESERIALIZE_FAILED: <ErrorCode>, value: 3
в”‚  в”њв”Ђ REFIT_FAILED: <ErrorCode>, value: 14
в”‚  в”њв”Ђ SUCCESS: <ErrorCode>, value: 0
в”‚  в”њв”Ђ UNSUPPORTED_GRAPH: <ErrorCode>, value: 7
в”‚  в”њв”Ђ UNSUPPORTED_NODE: <ErrorCode>, value: 8
в”‚  в”њв”Ђ UNSUPPORTED_NODE_ATTR: <ErrorCode>, value: 9
в”‚  в”њв”Ђ UNSUPPORTED_NODE_DATATYPE: <ErrorCode>, value: 11
в”‚  в”њв”Ђ UNSUPPORTED_NODE_DYNAMIC: <ErrorCode>, value: 12
в”‚  в”њв”Ђ UNSUPPORTED_NODE_INPUT: <ErrorCode>, value: 10
в”‚  в”њв”Ђ UNSUPPORTED_NODE_SHAPE: <ErrorCode>, value: 13
в”‚  в”њв”Ђ name(...)
в”‚  в””в”Ђ value: <property>
в”њв”Ђ ErrorCodeTRT
в”‚  в”њв”Ђ FAILED_ALLOCATION: <ErrorCodeTRT>, value: 5
в”‚  в”њв”Ђ FAILED_COMPUTATION: <ErrorCodeTRT>, value: 8
в”‚  в”њв”Ђ FAILED_EXECUTION: <ErrorCodeTRT>, value: 7
в”‚  в”њв”Ђ FAILED_INITIALIZATION: <ErrorCodeTRT>, value: 6
в”‚  в”њв”Ђ INTERNAL_ERROR: <ErrorCodeTRT>, value: 2
в”‚  в”њв”Ђ INVALID_ARGUMENT: <ErrorCodeTRT>, value: 3
в”‚  в”њв”Ђ INVALID_CONFIG: <ErrorCodeTRT>, value: 4
в”‚  в”њв”Ђ INVALID_STATE: <ErrorCodeTRT>, value: 9
в”‚  в”њв”Ђ SUCCESS: <ErrorCodeTRT>, value: 0
в”‚  в”њв”Ђ UNSPECIFIED_ERROR: <ErrorCodeTRT>, value: 1
в”‚  в”њв”Ђ UNSUPPORTED_STATE: <ErrorCodeTRT>, value: 10
в”‚  в”њв”Ђ name: <property>
в”‚  в””в”Ђ value: <property>
в”њв”Ђ ExecutionContextAllocationStrategy
в”‚  в”њв”Ђ ON_PROFILE_CHANGE: <ExecutionContextAllocationStrategy>, value: 1
в”‚  в”њв”Ђ STATIC: <ExecutionContextAllocationStrategy>, value: 0
в”‚  в”њв”Ђ USER_MANAGED: <ExecutionContextAllocationStrategy>, value: 2
в”‚  в”њв”Ђ name: <property>
в”‚  в””в”Ђ value: <property>
в”њв”Ђ FallbackString
в”њв”Ђ FillOperation
в”‚  в”њв”Ђ LINSPACE: <FillOperation>, value: 0
в”‚  в”њв”Ђ RANDOM_NORMAL: <FillOperation>, value: 2
в”‚  в”њв”Ђ RANDOM_UNIFORM: <FillOperation>, value: 1
в”‚  в”њв”Ђ name: <property>
в”‚  в””в”Ђ value: <property>
в”њв”Ђ GatherMode
в”‚  в”њв”Ђ DEFAULT: <GatherMode>, value: 0
в”‚  в”њв”Ђ ELEMENT: <GatherMode>, value: 1
в”‚  в”њв”Ђ ND: <GatherMode>, value: 2
в”‚  в”њв”Ђ name: <property>
в”‚  в””в”Ђ value: <property>
в”њв”Ђ HardwareCompatibilityLevel
в”‚  в”њв”Ђ AMPERE_PLUS: <HardwareCompatibilityLevel>, value: 1
в”‚  в”њв”Ђ NONE: <HardwareCompatibilityLevel>, value: 0
в”‚  в”њв”Ђ name: <property>
в”‚  в””в”Ђ value: <property>
в”њв”Ђ IActivationLayer
в”‚  в”њв”Ђ alpha: <property>
в”‚  в”њв”Ђ beta: <property>
в”‚  в”њв”Ђ get_input(...)
в”‚  в”њв”Ђ get_output(...)
в”‚  в”њв”Ђ get_output_type(...)
в”‚  в”њв”Ђ metadata: <property>
в”‚  в”њв”Ђ name: <property>
в”‚  в”њв”Ђ num_inputs: <property>
в”‚  в”њв”Ђ num_outputs: <property>
в”‚  в”њв”Ђ output_type_is_set(...)
в”‚  в”њв”Ђ precision: <property>
в”‚  в”њв”Ђ precision_is_set: <property>
в”‚  в”њв”Ђ reset_output_type(...)
в”‚  в”њв”Ђ reset_precision(...)
в”‚  в”њв”Ђ set_input(...)
в”‚  в”њв”Ђ set_output_type(...)
в”‚  в””в”Ђ type: <property>
в”њв”Ђ IAlgorithm
в”‚  в”њв”Ђ algorithm_variant: <property>
в”‚  в”њв”Ђ get_algorithm_io_info(...)
в”‚  в”њв”Ђ timing_msec: <property>
в”‚  в””в”Ђ workspace_size: <property>
в”њв”Ђ IAlgorithmContext
в”‚  в”њв”Ђ get_shape(...)
в”‚  в”њв”Ђ name: <property>
в”‚  в”њв”Ђ num_inputs: <property>
в”‚  в””в”Ђ num_outputs: <property>
в”њв”Ђ IAlgorithmIOInfo
в”‚  в”њв”Ђ components_per_element: <property>
в”‚  в”њв”Ђ dtype: <property>
в”‚  в”њв”Ђ strides: <property>
в”‚  в””в”Ђ vectorized_dim: <property>
в”њв”Ђ IAlgorithmSelector
в”‚  в”њв”Ђ report_algorithms(...)
в”‚  в””в”Ђ select_algorithms(...)
в”њв”Ђ IAlgorithmVariant
в”‚  в”њв”Ђ implementation: <property>
в”‚  в””в”Ђ tactic: <property>
в”њв”Ђ IAssertionLayer
в”‚  в”њв”Ђ get_input(...)
в”‚  в”њв”Ђ get_output(...)
в”‚  в”њв”Ђ get_output_type(...)
в”‚  в”њв”Ђ message: <property>
в”‚  в”њв”Ђ metadata: <property>
в”‚  в”њв”Ђ name: <property>
в”‚  в”њв”Ђ num_inputs: <property>
в”‚  в”њв”Ђ num_outputs: <property>
в”‚  в”њв”Ђ output_type_is_set(...)
в”‚  в”њв”Ђ precision: <property>
в”‚  в”њв”Ђ precision_is_set: <property>
в”‚  в”њв”Ђ reset_output_type(...)
в”‚  в”њв”Ђ reset_precision(...)
в”‚  в”њв”Ђ set_input(...)
в”‚  в”њв”Ђ set_output_type(...)
в”‚  в””в”Ђ type: <property>
в”њв”Ђ IBuilderConfig
в”‚  в”њв”Ђ DLA_core: <property>
в”‚  в”њв”Ђ add_optimization_profile(...)
в”‚  в”њв”Ђ algorithm_selector: <property>
в”‚  в”њв”Ђ avg_timing_iterations: <property>
в”‚  в”њв”Ђ builder_optimization_level: <property>
в”‚  в”њв”Ђ can_run_on_DLA(...)
в”‚  в”њв”Ђ clear_flag(...)
в”‚  в”њв”Ђ clear_quantization_flag(...)
в”‚  в”њв”Ђ create_timing_cache(...)
в”‚  в”њв”Ђ default_device_type: <property>
в”‚  в”њв”Ђ engine_capability: <property>
в”‚  в”њв”Ђ flags: <property>
в”‚  в”њв”Ђ get_calibration_profile(...)
в”‚  в”њв”Ђ get_device_type(...)
в”‚  в”њв”Ђ get_flag(...)
в”‚  в”њв”Ђ get_memory_pool_limit(...)
в”‚  в”њв”Ђ get_preview_feature(...)
в”‚  в”њв”Ђ get_quantization_flag(...)
в”‚  в”њв”Ђ get_tactic_sources(...)
в”‚  в”њв”Ђ get_timing_cache(...)
в”‚  в”њв”Ђ hardware_compatibility_level: <property>
в”‚  в”њв”Ђ int8_calibrator: <property>
в”‚  в”њв”Ђ is_device_type_set(...)
в”‚  в”њв”Ђ max_aux_streams: <property>
в”‚  в”њв”Ђ num_optimization_profiles: <property>
в”‚  в”њв”Ђ plugins_to_serialize: <property>
в”‚  в”њв”Ђ profile_stream: <property>
в”‚  в”њв”Ђ profiling_verbosity: <property>
в”‚  в”њв”Ђ progress_monitor: <property>
в”‚  в”њв”Ђ quantization_flags: <property>
в”‚  в”њв”Ђ reset(...)
в”‚  в”њв”Ђ reset_device_type(...)
в”‚  в”њв”Ђ runtime_platform: <property>
в”‚  в”њв”Ђ set_calibration_profile(...)
в”‚  в”њв”Ђ set_device_type(...)
в”‚  в”њв”Ђ set_flag(...)
в”‚  в”њв”Ђ set_memory_pool_limit(...)
в”‚  в”њв”Ђ set_preview_feature(...)
в”‚  в”њв”Ђ set_quantization_flag(...)
в”‚  в”њв”Ђ set_tactic_sources(...)
в”‚  в””в”Ђ set_timing_cache(...)
в”њв”Ђ ICastLayer
в”‚  в”њв”Ђ get_input(...)
в”‚  в”њв”Ђ get_output(...)
в”‚  в”њв”Ђ get_output_type(...)
в”‚  в”њв”Ђ metadata: <property>
в”‚  в”њв”Ђ name: <property>
в”‚  в”њв”Ђ num_inputs: <property>
в”‚  в”њв”Ђ num_outputs: <property>
в”‚  в”њв”Ђ output_type_is_set(...)
в”‚  в”њв”Ђ precision: <property>
в”‚  в”њв”Ђ precision_is_set: <property>
в”‚  в”њв”Ђ reset_output_type(...)
в”‚  в”њв”Ђ reset_precision(...)
в”‚  в”њв”Ђ set_input(...)
в”‚  в”њв”Ђ set_output_type(...)
в”‚  в”њв”Ђ to_type: <property>
в”‚  в””в”Ђ type: <property>
в”њв”Ђ IConcatenationLayer
в”‚  в”њв”Ђ axis: <property>
в”‚  в”њв”Ђ get_input(...)
в”‚  в”њв”Ђ get_output(...)
в”‚  в”њв”Ђ get_output_type(...)
в”‚  в”њв”Ђ metadata: <property>
в”‚  в”њв”Ђ name: <property>
в”‚  в”њв”Ђ num_inputs: <property>
в”‚  в”њв”Ђ num_outputs: <property>
в”‚  в”њв”Ђ output_type_is_set(...)
в”‚  в”њв”Ђ precision: <property>
в”‚  в”њв”Ђ precision_is_set: <property>
в”‚  в”њв”Ђ reset_output_type(...)
в”‚  в”њв”Ђ reset_precision(...)
в”‚  в”њв”Ђ set_input(...)
в”‚  в”њв”Ђ set_output_type(...)
в”‚  в””в”Ђ type: <property>
в”њв”Ђ IConditionLayer
в”‚  в”њв”Ђ conditional: <property>
в”‚  в”њв”Ђ get_input(...)
в”‚  в”њв”Ђ get_output(...)
в”‚  в”њв”Ђ get_output_type(...)
в”‚  в”њв”Ђ metadata: <property>
в”‚  в”њв”Ђ name: <property>
в”‚  в”њв”Ђ num_inputs: <property>
в”‚  в”њв”Ђ num_outputs: <property>
в”‚  в”њв”Ђ output_type_is_set(...)
в”‚  в”њв”Ђ precision: <property>
в”‚  в”њв”Ђ precision_is_set: <property>
в”‚  в”њв”Ђ reset_output_type(...)
в”‚  в”њв”Ђ reset_precision(...)
в”‚  в”њв”Ђ set_input(...)
в”‚  в”њв”Ђ set_output_type(...)
в”‚  в””в”Ђ type: <property>
в”њв”Ђ IConstantLayer
в”‚  в”њв”Ђ get_input(...)
в”‚  в”њв”Ђ get_output(...)
в”‚  в”њв”Ђ get_output_type(...)
в”‚  в”њв”Ђ metadata: <property>
в”‚  в”њв”Ђ name: <property>
в”‚  в”њв”Ђ num_inputs: <property>
в”‚  в”њв”Ђ num_outputs: <property>
в”‚  в”њв”Ђ output_type_is_set(...)
в”‚  в”њв”Ђ precision: <property>
в”‚  в”њв”Ђ precision_is_set: <property>
в”‚  в”њв”Ђ reset_output_type(...)
в”‚  в”њв”Ђ reset_precision(...)
в”‚  в”њв”Ђ set_input(...)
в”‚  в”њв”Ђ set_output_type(...)
в”‚  в”њв”Ђ shape: <property>
в”‚  в”њв”Ђ type: <property>
в”‚  в””в”Ђ weights: <property>
в”њв”Ђ IConvolutionLayer
в”‚  в”њв”Ђ bias: <property>
в”‚  в”њв”Ђ dilation_nd: <property>
в”‚  в”њв”Ђ get_input(...)
в”‚  в”њв”Ђ get_output(...)
в”‚  в”њв”Ђ get_output_type(...)
в”‚  в”њв”Ђ kernel: <property>
в”‚  в”њв”Ђ kernel_size_nd: <property>
в”‚  в”њв”Ђ metadata: <property>
в”‚  в”њв”Ђ name: <property>
в”‚  в”њв”Ђ num_groups: <property>
в”‚  в”њв”Ђ num_inputs: <property>
в”‚  в”њв”Ђ num_output_maps: <property>
в”‚  в”њв”Ђ num_outputs: <property>
в”‚  в”њв”Ђ output_type_is_set(...)
в”‚  в”њв”Ђ padding_mode: <property>
в”‚  в”њв”Ђ padding_nd: <property>
в”‚  в”њв”Ђ post_padding: <property>
в”‚  в”њв”Ђ pre_padding: <property>
в”‚  в”њв”Ђ precision: <property>
в”‚  в”њв”Ђ precision_is_set: <property>
в”‚  в”њв”Ђ reset_output_type(...)
в”‚  в”њв”Ђ reset_precision(...)
в”‚  в”њв”Ђ set_input(...)
в”‚  в”њв”Ђ set_output_type(...)
в”‚  в”њв”Ђ stride_nd: <property>
в”‚  в””в”Ђ type: <property>
в”њв”Ђ ICudaEngine
в”‚  в”њв”Ђ create_engine_inspector(...)
в”‚  в”њв”Ђ create_execution_context(...)
в”‚  в”њв”Ђ create_execution_context_without_device_memory(...)
в”‚  в”њв”Ђ create_serialization_config(...)
в”‚  в”њв”Ђ device_memory_size: <property>
в”‚  в”њв”Ђ device_memory_size_v2: <property>
в”‚  в”њв”Ђ engine_capability: <property>
в”‚  в”њв”Ђ error_recorder: <property>
в”‚  в”њв”Ђ get_device_memory_size_for_profile(...)
в”‚  в”њв”Ђ get_device_memory_size_for_profile_v2(...)
в”‚  в”њв”Ђ get_tensor_bytes_per_component(...)
в”‚  в”њв”Ђ get_tensor_components_per_element(...)
в”‚  в”њв”Ђ get_tensor_dtype(...)
в”‚  в”њв”Ђ get_tensor_format(...)
в”‚  в”њв”Ђ get_tensor_format_desc(...)
в”‚  в”њв”Ђ get_tensor_location(...)
в”‚  в”њв”Ђ get_tensor_mode(...)
в”‚  в”њв”Ђ get_tensor_name(...)
в”‚  в”њв”Ђ get_tensor_profile_shape(...)
в”‚  в”њв”Ђ get_tensor_profile_values(...)
в”‚  в”њв”Ђ get_tensor_shape(...)
в”‚  в”њв”Ђ get_tensor_vectorized_dim(...)
в”‚  в”њв”Ђ get_weight_streaming_automatic_budget(...)
в”‚  в”њв”Ђ hardware_compatibility_level: <property>
в”‚  в”њв”Ђ has_implicit_batch_dimension: <property>
в”‚  в”њв”Ђ is_debug_tensor(...)
в”‚  в”њв”Ђ is_shape_inference_io(...)
в”‚  в”њв”Ђ minimum_weight_streaming_budget: <property>
в”‚  в”њв”Ђ name: <property>
в”‚  в”њв”Ђ num_aux_streams: <property>
в”‚  в”њв”Ђ num_io_tensors: <property>
в”‚  в”њв”Ђ num_layers: <property>
в”‚  в”њв”Ђ num_optimization_profiles: <property>
в”‚  в”њв”Ђ profiling_verbosity: <property>
в”‚  в”њв”Ђ refittable: <property>
в”‚  в”њв”Ђ serialize(...)
в”‚  в”њв”Ђ serialize_with_config(...)
в”‚  в”њв”Ђ streamable_weights_size: <property>
в”‚  в”њв”Ђ tactic_sources: <property>
в”‚  в”њв”Ђ weight_streaming_budget: <property>
в”‚  в”њв”Ђ weight_streaming_budget_v2: <property>
в”‚  в””в”Ђ weight_streaming_scratch_memory_size: <property>
в”њв”Ђ IDebugListener
в”‚  в””в”Ђ process_debug_tensor(...)
в”њв”Ђ IDeconvolutionLayer
в”‚  в”њв”Ђ bias: <property>
в”‚  в”њв”Ђ dilation_nd: <property>
в”‚  в”њв”Ђ get_input(...)
в”‚  в”њв”Ђ get_output(...)
в”‚  в”њв”Ђ get_output_type(...)
в”‚  в”њв”Ђ kernel: <property>
в”‚  в”њв”Ђ kernel_size_nd: <property>
в”‚  в”њв”Ђ metadata: <property>
в”‚  в”њв”Ђ name: <property>
в”‚  в”њв”Ђ num_groups: <property>
в”‚  в”њв”Ђ num_inputs: <property>
в”‚  в”њв”Ђ num_output_maps: <property>
в”‚  в”њв”Ђ num_outputs: <property>
в”‚  в”њв”Ђ output_type_is_set(...)
в”‚  в”њв”Ђ padding_mode: <property>
в”‚  в”њв”Ђ padding_nd: <property>
в”‚  в”њв”Ђ post_padding: <property>
в”‚  в”њв”Ђ pre_padding: <property>
в”‚  в”њв”Ђ precision: <property>
в”‚  в”њв”Ђ precision_is_set: <property>
в”‚  в”њв”Ђ reset_output_type(...)
в”‚  в”њв”Ђ reset_precision(...)
в”‚  в”њв”Ђ set_input(...)
в”‚  в”њв”Ђ set_output_type(...)
в”‚  в”њв”Ђ stride_nd: <property>
в”‚  в””в”Ђ type: <property>
в”њв”Ђ IDequantizeLayer
в”‚  в”њв”Ђ axis: <property>
в”‚  в”њв”Ђ get_input(...)
в”‚  в”њв”Ђ get_output(...)
в”‚  в”њв”Ђ get_output_type(...)
в”‚  в”њв”Ђ metadata: <property>
в”‚  в”њв”Ђ name: <property>
в”‚  в”њв”Ђ num_inputs: <property>
в”‚  в”њв”Ђ num_outputs: <property>
в”‚  в”њв”Ђ output_type_is_set(...)
в”‚  в”њв”Ђ precision: <property>
в”‚  в”њв”Ђ precision_is_set: <property>
в”‚  в”њв”Ђ reset_output_type(...)
в”‚  в”њв”Ђ reset_precision(...)
в”‚  в”њв”Ђ set_input(...)
в”‚  в”њв”Ђ set_output_type(...)
в”‚  в”њв”Ђ to_type: <property>
в”‚  в””в”Ђ type: <property>
в”њв”Ђ IDimensionExpr
в”‚  в”њв”Ђ get_constant_value(...)
в”‚  в”њв”Ђ is_constant(...)
в”‚  в””в”Ђ is_size_tensor(...)
в”њв”Ђ IEinsumLayer
в”‚  в”њв”Ђ equation: <property>
в”‚  в”њв”Ђ get_input(...)
в”‚  в”њв”Ђ get_output(...)
в”‚  в”њв”Ђ get_output_type(...)
в”‚  в”њв”Ђ metadata: <property>
в”‚  в”њв”Ђ name: <property>
в”‚  в”њв”Ђ num_inputs: <property>
в”‚  в”њв”Ђ num_outputs: <property>
в”‚  в”њв”Ђ output_type_is_set(...)
в”‚  в”њв”Ђ precision: <property>
в”‚  в”њв”Ђ precision_is_set: <property>
в”‚  в”њв”Ђ reset_output_type(...)
в”‚  в”њв”Ђ reset_precision(...)
в”‚  в”њв”Ђ set_input(...)
в”‚  в”њв”Ђ set_output_type(...)
в”‚  в””в”Ђ type: <property>
в”њв”Ђ IElementWiseLayer
в”‚  в”њв”Ђ get_input(...)
в”‚  в”њв”Ђ get_output(...)
в”‚  в”њв”Ђ get_output_type(...)
в”‚  в”њв”Ђ metadata: <property>
в”‚  в”њв”Ђ name: <property>
в”‚  в”њв”Ђ num_inputs: <property>
в”‚  в”њв”Ђ num_outputs: <property>
в”‚  в”њв”Ђ op: <property>
в”‚  в”њв”Ђ output_type_is_set(...)
в”‚  в”њв”Ђ precision: <property>
в”‚  в”њв”Ђ precision_is_set: <property>
в”‚  в”њв”Ђ reset_output_type(...)
в”‚  в”њв”Ђ reset_precision(...)
в”‚  в”њв”Ђ set_input(...)
в”‚  в”њв”Ђ set_output_type(...)
в”‚  в””в”Ђ type: <property>
в”њв”Ђ IErrorRecorder
в”‚  в”њв”Ђ MAX_DESC_LENGTH: <property>
в”‚  в”њв”Ђ clear(...)
в”‚  в”њв”Ђ get_error_code(...)
в”‚  в”њв”Ђ get_error_desc(...)
в”‚  в”њв”Ђ has_overflowed(...)
в”‚  в”њв”Ђ num_errors(...)
в”‚  в””в”Ђ report_error(...)
в”њв”Ђ IExecutionContext
в”‚  в”њв”Ђ active_optimization_profile: <property>
в”‚  в”њв”Ђ all_binding_shapes_specified: <property>
в”‚  в”њв”Ђ all_shape_inputs_specified: <property>
в”‚  в”њв”Ђ debug_sync: <property>
в”‚  в”њв”Ђ device_memory: <property>
в”‚  в”њв”Ђ engine: <property>
в”‚  в”њв”Ђ enqueue_emits_profile: <property>
в”‚  в”њв”Ђ error_recorder: <property>
в”‚  в”њв”Ђ execute_async_v3(...)
в”‚  в”њв”Ђ execute_v2(...)
в”‚  в”њв”Ђ get_debug_listener(...)
в”‚  в”њв”Ђ get_debug_state(...)
в”‚  в”њв”Ђ get_input_consumed_event(...)
в”‚  в”њв”Ђ get_max_output_size(...)
в”‚  в”њв”Ђ get_output_allocator(...)
в”‚  в”њв”Ђ get_tensor_address(...)
в”‚  в”њв”Ђ get_tensor_shape(...)
в”‚  в”њв”Ђ get_tensor_strides(...)
в”‚  в”њв”Ђ infer_shapes(...)
в”‚  в”њв”Ђ name: <property>
в”‚  в”њв”Ђ nvtx_verbosity: <property>
в”‚  в”њв”Ђ persistent_cache_limit: <property>
в”‚  в”њв”Ђ profiler: <property>
в”‚  в”њв”Ђ report_to_profiler(...)
в”‚  в”њв”Ђ set_all_tensors_debug_state(...)
в”‚  в”њв”Ђ set_aux_streams(...)
в”‚  в”њв”Ђ set_debug_listener(...)
в”‚  в”њв”Ђ set_device_memory(...)
в”‚  в”њв”Ђ set_input_consumed_event(...)
в”‚  в”њв”Ђ set_input_shape(...)
в”‚  в”њв”Ђ set_optimization_profile_async(...)
в”‚  в”њв”Ђ set_output_allocator(...)
в”‚  в”њв”Ђ set_tensor_address(...)
в”‚  в”њв”Ђ set_tensor_debug_state(...)
в”‚  в”њв”Ђ temporary_allocator: <property>
в”‚  в””в”Ђ update_device_memory_size_for_shapes(...)
в”њв”Ђ IExprBuilder
в”‚  в”њв”Ђ constant(...)
в”‚  в”њв”Ђ declare_size_tensor(...)
в”‚  в””в”Ђ operation(...)
в”њв”Ђ IFillLayer
в”‚  в”њв”Ђ alpha: <property>
в”‚  в”њв”Ђ beta: <property>
в”‚  в”њв”Ђ get_input(...)
в”‚  в”њв”Ђ get_output(...)
в”‚  в”њв”Ђ get_output_type(...)
в”‚  в”њв”Ђ is_alpha_beta_int64(...)
в”‚  в”њв”Ђ metadata: <property>
в”‚  в”њв”Ђ name: <property>
в”‚  в”њв”Ђ num_inputs: <property>
в”‚  в”њв”Ђ num_outputs: <property>
в”‚  в”њв”Ђ operation: <property>
в”‚  в”њв”Ђ output_type_is_set(...)
в”‚  в”њв”Ђ precision: <property>
в”‚  в”њв”Ђ precision_is_set: <property>
в”‚  в”њв”Ђ reset_output_type(...)
в”‚  в”њв”Ђ reset_precision(...)
в”‚  в”њв”Ђ set_input(...)
в”‚  в”њв”Ђ set_output_type(...)
в”‚  в”њв”Ђ shape: <property>
в”‚  в”њв”Ђ to_type: <property>
в”‚  в””в”Ђ type: <property>
в”њв”Ђ IGatherLayer
в”‚  в”њв”Ђ axis: <property>
в”‚  в”њв”Ђ get_input(...)
в”‚  в”њв”Ђ get_output(...)
в”‚  в”њв”Ђ get_output_type(...)
в”‚  в”њв”Ђ metadata: <property>
в”‚  в”њв”Ђ mode: <property>
в”‚  в”њв”Ђ name: <property>
в”‚  в”њв”Ђ num_elementwise_dims: <property>
в”‚  в”њв”Ђ num_inputs: <property>
в”‚  в”њв”Ђ num_outputs: <property>
в”‚  в”њв”Ђ output_type_is_set(...)
в”‚  в”њв”Ђ precision: <property>
в”‚  в”њв”Ђ precision_is_set: <property>
в”‚  в”њв”Ђ reset_output_type(...)
в”‚  в”њв”Ђ reset_precision(...)
в”‚  в”њв”Ђ set_input(...)
в”‚  в”њв”Ђ set_output_type(...)
в”‚  в””в”Ђ type: <property>
в”њв”Ђ IGpuAllocator
в”‚  в”њв”Ђ allocate(...)
в”‚  в”њв”Ђ allocate_async(...)
в”‚  в”њв”Ђ api_language: <property>
в”‚  в”њв”Ђ deallocate(...)
в”‚  в”њв”Ђ deallocate_async(...)
в”‚  в”њв”Ђ interface_info: <property>
в”‚  в””в”Ђ reallocate(...)
в”њв”Ђ IGpuAsyncAllocator
в”‚  в”њв”Ђ allocate(...)
в”‚  в”њв”Ђ allocate_async(...)
в”‚  в”њв”Ђ api_language: <property>
в”‚  в”њв”Ђ deallocate(...)
в”‚  в”њв”Ђ deallocate_async(...)
в”‚  в”њв”Ђ interface_info: <property>
в”‚  в””в”Ђ reallocate(...)
в”њв”Ђ IGridSampleLayer
в”‚  в”њв”Ђ align_corners: <property>
в”‚  в”њв”Ђ get_input(...)
в”‚  в”њв”Ђ get_output(...)
в”‚  в”њв”Ђ get_output_type(...)
в”‚  в”њв”Ђ interpolation_mode: <property>
в”‚  в”њв”Ђ metadata: <property>
в”‚  в”њв”Ђ name: <property>
в”‚  в”њв”Ђ num_inputs: <property>
в”‚  в”њв”Ђ num_outputs: <property>
в”‚  в”њв”Ђ output_type_is_set(...)
в”‚  в”њв”Ђ precision: <property>
в”‚  в”њв”Ђ precision_is_set: <property>
в”‚  в”њв”Ђ reset_output_type(...)
в”‚  в”њв”Ђ reset_precision(...)
в”‚  в”њв”Ђ sample_mode: <property>
в”‚  в”њв”Ђ set_input(...)
в”‚  в”њв”Ђ set_output_type(...)
в”‚  в””в”Ђ type: <property>
в”њв”Ђ IHostMemory
в”‚  в”њв”Ђ dtype: <property>
в”‚  в””в”Ђ nbytes: <property>
в”њв”Ђ IIdentityLayer
в”‚  в”њв”Ђ get_input(...)
в”‚  в”њв”Ђ get_output(...)
в”‚  в”њв”Ђ get_output_type(...)
в”‚  в”њв”Ђ metadata: <property>
в”‚  в”њв”Ђ name: <property>
в”‚  в”њв”Ђ num_inputs: <property>
в”‚  в”њв”Ђ num_outputs: <property>
в”‚  в”њв”Ђ output_type_is_set(...)
в”‚  в”њв”Ђ precision: <property>
в”‚  в”њв”Ђ precision_is_set: <property>
в”‚  в”њв”Ђ reset_output_type(...)
в”‚  в”њв”Ђ reset_precision(...)
в”‚  в”њв”Ђ set_input(...)
в”‚  в”њв”Ђ set_output_type(...)
в”‚  в””в”Ђ type: <property>
в”њв”Ђ IIfConditional
в”‚  в”њв”Ђ add_input(...)
в”‚  в”њв”Ђ add_output(...)
в”‚  в”њв”Ђ name: <property>
в”‚  в””в”Ђ set_condition(...)
в”њв”Ђ IIfConditionalBoundaryLayer
в”‚  в”њв”Ђ conditional: <property>
в”‚  в”њв”Ђ get_input(...)
в”‚  в”њв”Ђ get_output(...)
в”‚  в”њв”Ђ get_output_type(...)
в”‚  в”њв”Ђ metadata: <property>
в”‚  в”њв”Ђ name: <property>
в”‚  в”њв”Ђ num_inputs: <property>
в”‚  в”њв”Ђ num_outputs: <property>
в”‚  в”њв”Ђ output_type_is_set(...)
в”‚  в”њв”Ђ precision: <property>
в”‚  в”њв”Ђ precision_is_set: <property>
в”‚  в”њв”Ђ reset_output_type(...)
в”‚  в”њв”Ђ reset_precision(...)
в”‚  в”њв”Ђ set_input(...)
в”‚  в”њв”Ђ set_output_type(...)
в”‚  в””в”Ђ type: <property>
в”њв”Ђ IIfConditionalInputLayer
в”‚  в”њв”Ђ conditional: <property>
в”‚  в”њв”Ђ get_input(...)
в”‚  в”њв”Ђ get_output(...)
в”‚  в”њв”Ђ get_output_type(...)
в”‚  в”њв”Ђ metadata: <property>
в”‚  в”њв”Ђ name: <property>
в”‚  в”њв”Ђ num_inputs: <property>
в”‚  в”њв”Ђ num_outputs: <property>
в”‚  в”њв”Ђ output_type_is_set(...)
в”‚  в”њв”Ђ precision: <property>
в”‚  в”њв”Ђ precision_is_set: <property>
в”‚  в”њв”Ђ reset_output_type(...)
в”‚  в”њв”Ђ reset_precision(...)
в”‚  в”њв”Ђ set_input(...)
в”‚  в”њв”Ђ set_output_type(...)
в”‚  в””в”Ђ type: <property>
в”њв”Ђ IIfConditionalOutputLayer
в”‚  в”њв”Ђ conditional: <property>
в”‚  в”њв”Ђ get_input(...)
в”‚  в”њв”Ђ get_output(...)
в”‚  в”њв”Ђ get_output_type(...)
в”‚  в”њв”Ђ metadata: <property>
в”‚  в”њв”Ђ name: <property>
в”‚  в”њв”Ђ num_inputs: <property>
в”‚  в”њв”Ђ num_outputs: <property>
в”‚  в”њв”Ђ output_type_is_set(...)
в”‚  в”њв”Ђ precision: <property>
в”‚  в”њв”Ђ precision_is_set: <property>
в”‚  в”њв”Ђ reset_output_type(...)
в”‚  в”њв”Ђ reset_precision(...)
в”‚  в”њв”Ђ set_input(...)
в”‚  в”њв”Ђ set_output_type(...)
в”‚  в””в”Ђ type: <property>
в”њв”Ђ IInt8Calibrator
в”‚  в”њв”Ђ get_algorithm(...)
в”‚  в”њв”Ђ get_batch(...)
в”‚  в”њв”Ђ get_batch_size(...)
в”‚  в”њв”Ђ read_calibration_cache(...)
в”‚  в””в”Ђ write_calibration_cache(...)
в”њв”Ђ IInt8EntropyCalibrator
в”‚  в”њв”Ђ get_algorithm(...)
в”‚  в”њв”Ђ get_batch(...)
в”‚  в”њв”Ђ get_batch_size(...)
в”‚  в”њв”Ђ read_calibration_cache(...)
в”‚  в””в”Ђ write_calibration_cache(...)
в”њв”Ђ IInt8EntropyCalibrator2
в”‚  в”њв”Ђ get_algorithm(...)
в”‚  в”њв”Ђ get_batch(...)
в”‚  в”њв”Ђ get_batch_size(...)
в”‚  в”њв”Ђ read_calibration_cache(...)
в”‚  в””в”Ђ write_calibration_cache(...)
в”њв”Ђ IInt8LegacyCalibrator
в”‚  в”њв”Ђ get_algorithm(...)
в”‚  в”њв”Ђ get_batch(...)
в”‚  в”њв”Ђ get_batch_size(...)
в”‚  в”њв”Ђ read_calibration_cache(...)
в”‚  в””в”Ђ write_calibration_cache(...)
в”њв”Ђ IInt8MinMaxCalibrator
в”‚  в”њв”Ђ get_algorithm(...)
в”‚  в”њв”Ђ get_batch(...)
в”‚  в”њв”Ђ get_batch_size(...)
в”‚  в”њв”Ђ read_calibration_cache(...)
в”‚  в””в”Ђ write_calibration_cache(...)
в”њв”Ђ IIteratorLayer
в”‚  в”њв”Ђ axis: <property>
в”‚  в”њв”Ђ get_input(...)
в”‚  в”њв”Ђ get_output(...)
в”‚  в”њв”Ђ get_output_type(...)
в”‚  в”њв”Ђ loop: <property>
в”‚  в”њв”Ђ metadata: <property>
в”‚  в”њв”Ђ name: <property>
в”‚  в”њв”Ђ num_inputs: <property>
в”‚  в”њв”Ђ num_outputs: <property>
в”‚  в”њв”Ђ output_type_is_set(...)
в”‚  в”њв”Ђ precision: <property>
в”‚  в”њв”Ђ precision_is_set: <property>
в”‚  в”њв”Ђ reset_output_type(...)
в”‚  в”њв”Ђ reset_precision(...)
в”‚  в”њв”Ђ reverse: <property>
в”‚  в”њв”Ђ set_input(...)
в”‚  в”њв”Ђ set_output_type(...)
в”‚  в””в”Ђ type: <property>
в”њв”Ђ ILRNLayer
в”‚  в”њв”Ђ alpha: <property>
в”‚  в”њв”Ђ beta: <property>
в”‚  в”њв”Ђ get_input(...)
в”‚  в”њв”Ђ get_output(...)
в”‚  в”њв”Ђ get_output_type(...)
в”‚  в”њв”Ђ k: <property>
в”‚  в”њв”Ђ metadata: <property>
в”‚  в”њв”Ђ name: <property>
в”‚  в”њв”Ђ num_inputs: <property>
в”‚  в”њв”Ђ num_outputs: <property>
в”‚  в”њв”Ђ output_type_is_set(...)
в”‚  в”њв”Ђ precision: <property>
в”‚  в”њв”Ђ precision_is_set: <property>
в”‚  в”њв”Ђ reset_output_type(...)
в”‚  в”њв”Ђ reset_precision(...)
в”‚  в”њв”Ђ set_input(...)
в”‚  в”њв”Ђ set_output_type(...)
в”‚  в”њв”Ђ type: <property>
в”‚  в””в”Ђ window_size: <property>
в”њв”Ђ ILayer
в”‚  в”њв”Ђ get_input(...)
в”‚  в”њв”Ђ get_output(...)
в”‚  в”њв”Ђ get_output_type(...)
в”‚  в”њв”Ђ metadata: <property>
в”‚  в”њв”Ђ name: <property>
в”‚  в”њв”Ђ num_inputs: <property>
в”‚  в”њв”Ђ num_outputs: <property>
в”‚  в”њв”Ђ output_type_is_set(...)
в”‚  в”њв”Ђ precision: <property>
в”‚  в”њв”Ђ precision_is_set: <property>
в”‚  в”њв”Ђ reset_output_type(...)
в”‚  в”њв”Ђ reset_precision(...)
в”‚  в”њв”Ђ set_input(...)
в”‚  в”њв”Ђ set_output_type(...)
в”‚  в””в”Ђ type: <property>
в”њв”Ђ ILogger
в”‚  в”њв”Ђ ERROR: <Severity>
в”‚  в”њв”Ђ INFO: <Severity>
в”‚  в”њв”Ђ INTERNAL_ERROR: <Severity>
в”‚  в”њв”Ђ Severity
в”‚  в”‚  в”њв”Ђ ERROR: <Severity>, value: 1
в”‚  в”‚  в”њв”Ђ INFO: <Severity>, value: 3
в”‚  в”‚  в”њв”Ђ INTERNAL_ERROR: <Severity>, value: 0
в”‚  в”‚  в”њв”Ђ VERBOSE: <Severity>, value: 4
в”‚  в”‚  в”њв”Ђ WARNING: <Severity>, value: 2
в”‚  в”‚  в”њв”Ђ name: <property>
в”‚  в”‚  в””в”Ђ value: <property>
в”‚  в”њв”Ђ VERBOSE: <Severity>
в”‚  в”њв”Ђ WARNING: <Severity>
в”‚  в””в”Ђ log(...)
в”њв”Ђ ILoop
в”‚  в”њв”Ђ add_iterator(...)
в”‚  в”њв”Ђ add_loop_output(...)
в”‚  в”њв”Ђ add_recurrence(...)
в”‚  в”њв”Ђ add_trip_limit(...)
в”‚  в””в”Ђ name: <property>
в”њв”Ђ ILoopBoundaryLayer
в”‚  в”њв”Ђ get_input(...)
в”‚  в”њв”Ђ get_output(...)
в”‚  в”њв”Ђ get_output_type(...)
в”‚  в”њв”Ђ loop: <property>
в”‚  в”њв”Ђ metadata: <property>
в”‚  в”њв”Ђ name: <property>
в”‚  в”њв”Ђ num_inputs: <property>
в”‚  в”њв”Ђ num_outputs: <property>
в”‚  в”њв”Ђ output_type_is_set(...)
в”‚  в”њв”Ђ precision: <property>
в”‚  в”њв”Ђ precision_is_set: <property>
в”‚  в”њв”Ђ reset_output_type(...)
в”‚  в”њв”Ђ reset_precision(...)
в”‚  в”њв”Ђ set_input(...)
в”‚  в”њв”Ђ set_output_type(...)
в”‚  в””в”Ђ type: <property>
в”њв”Ђ ILoopOutputLayer
в”‚  в”њв”Ђ axis: <property>
в”‚  в”њв”Ђ get_input(...)
в”‚  в”њв”Ђ get_output(...)
в”‚  в”њв”Ђ get_output_type(...)
в”‚  в”њв”Ђ kind: <property>
в”‚  в”њв”Ђ loop: <property>
в”‚  в”њв”Ђ metadata: <property>
в”‚  в”њв”Ђ name: <property>
в”‚  в”њв”Ђ num_inputs: <property>
в”‚  в”њв”Ђ num_outputs: <property>
в”‚  в”њв”Ђ output_type_is_set(...)
в”‚  в”њв”Ђ precision: <property>
в”‚  в”њв”Ђ precision_is_set: <property>
в”‚  в”њв”Ђ reset_output_type(...)
в”‚  в”њв”Ђ reset_precision(...)
в”‚  в”њв”Ђ set_input(...)
в”‚  в”њв”Ђ set_output_type(...)
в”‚  в””в”Ђ type: <property>
в”њв”Ђ IMatrixMultiplyLayer
в”‚  в”њв”Ђ get_input(...)
в”‚  в”њв”Ђ get_output(...)
в”‚  в”њв”Ђ get_output_type(...)
в”‚  в”њв”Ђ metadata: <property>
в”‚  в”њв”Ђ name: <property>
в”‚  в”њв”Ђ num_inputs: <property>
в”‚  в”њв”Ђ num_outputs: <property>
в”‚  в”њв”Ђ op0: <property>
в”‚  в”њв”Ђ op1: <property>
в”‚  в”њв”Ђ output_type_is_set(...)
в”‚  в”њв”Ђ precision: <property>
в”‚  в”њв”Ђ precision_is_set: <property>
в”‚  в”њв”Ђ reset_output_type(...)
в”‚  в”њв”Ђ reset_precision(...)
в”‚  в”њв”Ђ set_input(...)
в”‚  в”њв”Ђ set_output_type(...)
в”‚  в””в”Ђ type: <property>
в”њв”Ђ INMSLayer
в”‚  в”њв”Ђ bounding_box_format: <property>
в”‚  в”њв”Ђ get_input(...)
в”‚  в”њв”Ђ get_output(...)
в”‚  в”њв”Ђ get_output_type(...)
в”‚  в”њв”Ђ metadata: <property>
в”‚  в”њв”Ђ name: <property>
в”‚  в”њв”Ђ num_inputs: <property>
в”‚  в”њв”Ђ num_outputs: <property>
в”‚  в”њв”Ђ output_type_is_set(...)
в”‚  в”њв”Ђ precision: <property>
в”‚  в”њв”Ђ precision_is_set: <property>
в”‚  в”њв”Ђ reset_output_type(...)
в”‚  в”њв”Ђ reset_precision(...)
в”‚  в”њв”Ђ set_input(...)
в”‚  в”њв”Ђ set_output_type(...)
в”‚  в”њв”Ђ topk_box_limit: <property>
в”‚  в””в”Ђ type: <property>
в”њв”Ђ INetworkDefinition
в”‚  в”њв”Ђ add_activation(...)
в”‚  в”њв”Ђ add_assertion(...)
в”‚  в”њв”Ђ add_cast(...)
в”‚  в”њв”Ђ add_concatenation(...)
в”‚  в”њв”Ђ add_constant(...)
в”‚  в”њв”Ђ add_convolution_nd(...)
в”‚  в”њв”Ђ add_deconvolution_nd(...)
в”‚  в”њв”Ђ add_dequantize(...)
в”‚  в”њв”Ђ add_einsum(...)
в”‚  в”њв”Ђ add_elementwise(...)
в”‚  в”њв”Ђ add_fill(...)
в”‚  в”њв”Ђ add_gather(...)
в”‚  в”њв”Ђ add_gather_v2(...)
в”‚  в”њв”Ђ add_grid_sample(...)
в”‚  в”њв”Ђ add_identity(...)
в”‚  в”њв”Ђ add_if_conditional(...)
в”‚  в”њв”Ђ add_input(...)
в”‚  в”њв”Ђ add_loop(...)
в”‚  в”њв”Ђ add_lrn(...)
в”‚  в”њв”Ђ add_matrix_multiply(...)
в”‚  в”њв”Ђ add_nms(...)
в”‚  в”њв”Ђ add_non_zero(...)
в”‚  в”њв”Ђ add_normalization(...)
в”‚  в”њв”Ђ add_one_hot(...)
в”‚  в”њв”Ђ add_padding_nd(...)
в”‚  в”њв”Ђ add_parametric_relu(...)
в”‚  в”њв”Ђ add_plugin_v2(...)
в”‚  в”њв”Ђ add_plugin_v3(...)
в”‚  в”њв”Ђ add_pooling_nd(...)
в”‚  в”њв”Ђ add_quantize(...)
в”‚  в”њв”Ђ add_ragged_softmax(...)
в”‚  в”њв”Ђ add_reduce(...)
в”‚  в”њв”Ђ add_resize(...)
в”‚  в”њв”Ђ add_reverse_sequence(...)
в”‚  в”њв”Ђ add_scale(...)
в”‚  в”њв”Ђ add_scale_nd(...)
в”‚  в”њв”Ђ add_scatter(...)
в”‚  в”њв”Ђ add_select(...)
в”‚  в”њв”Ђ add_shape(...)
в”‚  в”њв”Ђ add_shuffle(...)
в”‚  в”њв”Ђ add_slice(...)
в”‚  в”њв”Ђ add_softmax(...)
в”‚  в”њв”Ђ add_topk(...)
в”‚  в”њв”Ђ add_unary(...)
в”‚  в”њв”Ђ are_weights_marked_refittable(...)
в”‚  в”њв”Ђ builder: <property>
в”‚  в”њв”Ђ error_recorder: <property>
в”‚  в”њв”Ђ flags: <property>
в”‚  в”њв”Ђ get_flag(...)
в”‚  в”њв”Ђ get_input(...)
в”‚  в”њв”Ђ get_layer(...)
в”‚  в”њв”Ђ get_output(...)
в”‚  в”њв”Ђ has_implicit_batch_dimension: <property>
в”‚  в”њв”Ђ is_debug_tensor(...)
в”‚  в”њв”Ђ mark_debug(...)
в”‚  в”њв”Ђ mark_output(...)
в”‚  в”њв”Ђ mark_output_for_shapes(...)
в”‚  в”њв”Ђ mark_weights_refittable(...)
в”‚  в”њв”Ђ name: <property>
в”‚  в”њв”Ђ num_inputs: <property>
в”‚  в”њв”Ђ num_layers: <property>
в”‚  в”њв”Ђ num_outputs: <property>
в”‚  в”њв”Ђ remove_tensor(...)
в”‚  в”њв”Ђ set_weights_name(...)
в”‚  в”њв”Ђ unmark_debug(...)
в”‚  в”њв”Ђ unmark_output(...)
в”‚  в”њв”Ђ unmark_output_for_shapes(...)
в”‚  в””в”Ђ unmark_weights_refittable(...)
в”њв”Ђ INonZeroLayer
в”‚  в”њв”Ђ get_input(...)
в”‚  в”њв”Ђ get_output(...)
в”‚  в”њв”Ђ get_output_type(...)
в”‚  в”њв”Ђ metadata: <property>
в”‚  в”њв”Ђ name: <property>
в”‚  в”њв”Ђ num_inputs: <property>
в”‚  в”њв”Ђ num_outputs: <property>
в”‚  в”њв”Ђ output_type_is_set(...)
в”‚  в”њв”Ђ precision: <property>
в”‚  в”њв”Ђ precision_is_set: <property>
в”‚  в”њв”Ђ reset_output_type(...)
в”‚  в”њв”Ђ reset_precision(...)
в”‚  в”њв”Ђ set_input(...)
в”‚  в”њв”Ђ set_output_type(...)
в”‚  в””в”Ђ type: <property>
в”њв”Ђ INormalizationLayer
в”‚  в”њв”Ђ axes: <property>
в”‚  в”њв”Ђ compute_precision: <property>
в”‚  в”њв”Ђ epsilon: <property>
в”‚  в”њв”Ђ get_input(...)
в”‚  в”њв”Ђ get_output(...)
в”‚  в”њв”Ђ get_output_type(...)
в”‚  в”њв”Ђ metadata: <property>
в”‚  в”њв”Ђ name: <property>
в”‚  в”њв”Ђ num_groups: <property>
в”‚  в”њв”Ђ num_inputs: <property>
в”‚  в”њв”Ђ num_outputs: <property>
в”‚  в”њв”Ђ output_type_is_set(...)
в”‚  в”њв”Ђ precision: <property>
в”‚  в”њв”Ђ precision_is_set: <property>
в”‚  в”њв”Ђ reset_output_type(...)
в”‚  в”њв”Ђ reset_precision(...)
в”‚  в”њв”Ђ set_input(...)
в”‚  в”њв”Ђ set_output_type(...)
в”‚  в””в”Ђ type: <property>
в”њв”Ђ IOneHotLayer
в”‚  в”њв”Ђ axis: <property>
в”‚  в”њв”Ђ get_input(...)
в”‚  в”њв”Ђ get_output(...)
в”‚  в”њв”Ђ get_output_type(...)
в”‚  в”њв”Ђ metadata: <property>
в”‚  в”њв”Ђ name: <property>
в”‚  в”њв”Ђ num_inputs: <property>
в”‚  в”њв”Ђ num_outputs: <property>
в”‚  в”њв”Ђ output_type_is_set(...)
в”‚  в”њв”Ђ precision: <property>
в”‚  в”њв”Ђ precision_is_set: <property>
в”‚  в”њв”Ђ reset_output_type(...)
в”‚  в”њв”Ђ reset_precision(...)
в”‚  в”њв”Ђ set_input(...)
в”‚  в”њв”Ђ set_output_type(...)
в”‚  в””в”Ђ type: <property>
в”њв”Ђ IOptimizationProfile
в”‚  в”њв”Ђ extra_memory_target: <property>
в”‚  в”њв”Ђ get_shape(...)
в”‚  в”њв”Ђ get_shape_input(...)
в”‚  в”њв”Ђ set_shape(...)
в”‚  в””в”Ђ set_shape_input(...)
в”њв”Ђ IOutputAllocator
в”њв”Ђ IPaddingLayer
в”‚  в”њв”Ђ get_input(...)
в”‚  в”њв”Ђ get_output(...)
в”‚  в”њв”Ђ get_output_type(...)
в”‚  в”њв”Ђ metadata: <property>
в”‚  в”њв”Ђ name: <property>
в”‚  в”њв”Ђ num_inputs: <property>
в”‚  в”њв”Ђ num_outputs: <property>
в”‚  в”њв”Ђ output_type_is_set(...)
в”‚  в”њв”Ђ post_padding_nd: <property>
в”‚  в”њв”Ђ pre_padding_nd: <property>
в”‚  в”њв”Ђ precision: <property>
в”‚  в”њв”Ђ precision_is_set: <property>
в”‚  в”њв”Ђ reset_output_type(...)
в”‚  в”њв”Ђ reset_precision(...)
в”‚  в”њв”Ђ set_input(...)
в”‚  в”њв”Ђ set_output_type(...)
в”‚  в””в”Ђ type: <property>
в”њв”Ђ IParametricReLULayer
в”‚  в”њв”Ђ get_input(...)
в”‚  в”њв”Ђ get_output(...)
в”‚  в”њв”Ђ get_output_type(...)
в”‚  в”њв”Ђ metadata: <property>
в”‚  в”њв”Ђ name: <property>
в”‚  в”њв”Ђ num_inputs: <property>
в”‚  в”њв”Ђ num_outputs: <property>
в”‚  в”њв”Ђ output_type_is_set(...)
в”‚  в”њв”Ђ precision: <property>
в”‚  в”њв”Ђ precision_is_set: <property>
в”‚  в”њв”Ђ reset_output_type(...)
в”‚  в”њв”Ђ reset_precision(...)
в”‚  в”њв”Ђ set_input(...)
в”‚  в”њв”Ђ set_output_type(...)
в”‚  в””в”Ђ type: <property>
в”њв”Ђ IPluginCapability
в”‚  в”њв”Ђ api_language: <property>
в”‚  в””в”Ђ interface_info: <property>
в”њв”Ђ IPluginCreator
в”‚  в”њв”Ђ api_language: <property>
в”‚  в”њв”Ђ create_plugin(...)
в”‚  в”њв”Ђ deserialize_plugin(...)
в”‚  в”њв”Ђ field_names: <property>
в”‚  в”њв”Ђ interface_info: <property>
в”‚  в”њв”Ђ name: <property>
в”‚  в”њв”Ђ plugin_namespace: <property>
в”‚  в””в”Ђ plugin_version: <property>
в”њв”Ђ IPluginCreatorInterface
в”‚  в”њв”Ђ api_language: <property>
в”‚  в””в”Ђ interface_info: <property>
в”њв”Ђ IPluginCreatorV3One
в”‚  в”њв”Ђ api_language: <property>
в”‚  в”њв”Ђ create_plugin(...)
в”‚  в”њв”Ђ field_names: <property>
в”‚  в”њв”Ђ interface_info: <property>
в”‚  в”њв”Ђ name: <property>
в”‚  в”њв”Ђ plugin_namespace: <property>
в”‚  в””в”Ђ plugin_version: <property>
в”њв”Ђ IPluginRegistry
в”‚  в”њв”Ђ acquire_plugin_resource(...)
в”‚  в”њв”Ђ all_creators: <property>
в”‚  в”њв”Ђ deregister_creator(...)
в”‚  в”њв”Ђ deregister_library(...)
в”‚  в”њв”Ђ error_recorder: <property>
в”‚  в”њв”Ђ get_creator(...)
в”‚  в”њв”Ђ get_plugin_creator(...)
в”‚  в”њв”Ђ load_library(...)
в”‚  в”њв”Ђ parent_search_enabled: <property>
в”‚  в”њв”Ђ plugin_creator_list: <property>
в”‚  в”њв”Ђ register_creator(...)
в”‚  в””в”Ђ release_plugin_resource(...)
в”њв”Ђ IPluginResource
в”‚  в”њв”Ђ api_language: <property>
в”‚  в”њв”Ђ clone(...)
в”‚  в”њв”Ђ interface_info: <property>
в”‚  в””в”Ђ release(...)
в”њв”Ђ IPluginResourceContext
в”‚  в”њв”Ђ error_recorder: <property>
в”‚  в””в”Ђ gpu_allocator: <property>
в”њв”Ђ IPluginV2
в”‚  в”њв”Ђ clone(...)
в”‚  в”њв”Ђ configure_with_format(...)
в”‚  в”њв”Ђ destroy(...)
в”‚  в”њв”Ђ execute_async(...)
в”‚  в”њв”Ђ get_output_shape(...)
в”‚  в”њв”Ђ get_workspace_size(...)
в”‚  в”њв”Ђ initialize(...)
в”‚  в”њв”Ђ num_outputs: <property>
в”‚  в”њв”Ђ plugin_namespace: <property>
в”‚  в”њв”Ђ plugin_type: <property>
в”‚  в”њв”Ђ plugin_version: <property>
в”‚  в”њв”Ђ serialization_size: <property>
в”‚  в”њв”Ђ serialize(...)
в”‚  в”њв”Ђ supports_format(...)
в”‚  в”њв”Ђ tensorrt_version: <property>
в”‚  в””в”Ђ terminate(...)
в”њв”Ђ IPluginV2DynamicExt
в”‚  в”њв”Ђ FORMAT_COMBINATION_LIMIT: 100
в”‚  в”њв”Ђ clone(...)
в”‚  в”њв”Ђ configure_plugin(...)
в”‚  в”њв”Ђ configure_with_format(...)
в”‚  в”њв”Ђ destroy(...)
в”‚  в”њв”Ђ enqueue(...)
в”‚  в”њв”Ђ execute_async(...)
в”‚  в”њв”Ђ get_output_datatype(...)
в”‚  в”њв”Ђ get_output_dimensions(...)
в”‚  в”њв”Ђ get_output_shape(...)
в”‚  в”њв”Ђ get_serialization_size(...)
в”‚  в”њв”Ђ get_workspace_size(...)
в”‚  в”њв”Ђ initialize(...)
в”‚  в”њв”Ђ num_outputs: <property>
в”‚  в”њв”Ђ plugin_namespace: <property>
в”‚  в”њв”Ђ plugin_type: <property>
в”‚  в”њв”Ђ plugin_version: <property>
в”‚  в”њв”Ђ serialization_size: <property>
в”‚  в”њв”Ђ serialize(...)
в”‚  в”њв”Ђ supports_format(...)
в”‚  в”њв”Ђ supports_format_combination(...)
в”‚  в”њв”Ђ tensorrt_version: <property>
в”‚  в””в”Ђ terminate(...)
в”њв”Ђ IPluginV2DynamicExtBase
в”‚  в”њв”Ђ clone(...)
в”‚  в”њв”Ђ configure_with_format(...)
в”‚  в”њв”Ђ destroy(...)
в”‚  в”њв”Ђ execute_async(...)
в”‚  в”њв”Ђ get_output_shape(...)
в”‚  в”њв”Ђ get_workspace_size(...)
в”‚  в”њв”Ђ initialize(...)
в”‚  в”њв”Ђ num_outputs: <property>
в”‚  в”њв”Ђ plugin_namespace: <property>
в”‚  в”њв”Ђ plugin_type: <property>
в”‚  в”њв”Ђ plugin_version: <property>
в”‚  в”њв”Ђ serialization_size: <property>
в”‚  в”њв”Ђ serialize(...)
в”‚  в”њв”Ђ supports_format(...)
в”‚  в”њв”Ђ tensorrt_version: <property>
в”‚  в””в”Ђ terminate(...)
в”њв”Ђ IPluginV2Ext
в”‚  в”њв”Ђ attach_to_context(...)
в”‚  в”њв”Ђ clone(...)
в”‚  в”њв”Ђ configure_plugin(...)
в”‚  в”њв”Ђ configure_with_format(...)
в”‚  в”њв”Ђ destroy(...)
в”‚  в”њв”Ђ detach_from_context(...)
в”‚  в”њв”Ђ execute_async(...)
в”‚  в”њв”Ђ get_output_data_type(...)
в”‚  в”њв”Ђ get_output_shape(...)
в”‚  в”њв”Ђ get_workspace_size(...)
в”‚  в”њв”Ђ initialize(...)
в”‚  в”њв”Ђ num_outputs: <property>
в”‚  в”њв”Ђ plugin_namespace: <property>
в”‚  в”њв”Ђ plugin_type: <property>
в”‚  в”њв”Ђ plugin_version: <property>
в”‚  в”њв”Ђ serialization_size: <property>
в”‚  в”њв”Ђ serialize(...)
в”‚  в”њв”Ђ supports_format(...)
в”‚  в”њв”Ђ tensorrt_version: <property>
в”‚  в””в”Ђ terminate(...)
в”њв”Ђ IPluginV2Layer
в”‚  в”њв”Ђ get_input(...)
в”‚  в”њв”Ђ get_output(...)
в”‚  в”њв”Ђ get_output_type(...)
в”‚  в”њв”Ђ metadata: <property>
в”‚  в”њв”Ђ name: <property>
в”‚  в”њв”Ђ num_inputs: <property>
в”‚  в”њв”Ђ num_outputs: <property>
в”‚  в”њв”Ђ output_type_is_set(...)
в”‚  в”њв”Ђ plugin: <property>
в”‚  в”њв”Ђ precision: <property>
в”‚  в”њв”Ђ precision_is_set: <property>
в”‚  в”њв”Ђ reset_output_type(...)
в”‚  в”њв”Ђ reset_precision(...)
в”‚  в”њв”Ђ set_input(...)
в”‚  в”њв”Ђ set_output_type(...)
в”‚  в””в”Ђ type: <property>
в”њв”Ђ IPluginV3
в”‚  в”њв”Ђ api_language: <property>
в”‚  в”њв”Ђ clone(...)
в”‚  в”њв”Ђ destroy(...)
в”‚  в”њв”Ђ get_capability_interface(...)
в”‚  в””в”Ђ interface_info: <property>
в”њв”Ђ IPluginV3Layer
в”‚  в”њв”Ђ get_input(...)
в”‚  в”њв”Ђ get_output(...)
в”‚  в”њв”Ђ get_output_type(...)
в”‚  в”њв”Ђ metadata: <property>
в”‚  в”њв”Ђ name: <property>
в”‚  в”њв”Ђ num_inputs: <property>
в”‚  в”њв”Ђ num_outputs: <property>
в”‚  в”њв”Ђ output_type_is_set(...)
в”‚  в”њв”Ђ plugin: <property>
в”‚  в”њв”Ђ precision: <property>
в”‚  в”њв”Ђ precision_is_set: <property>
в”‚  в”њв”Ђ reset_output_type(...)
в”‚  в”њв”Ђ reset_precision(...)
в”‚  в”њв”Ђ set_input(...)
в”‚  в”њв”Ђ set_output_type(...)
в”‚  в””в”Ђ type: <property>
в”њв”Ђ IPluginV3OneBuild
в”‚  в”њв”Ђ DEFAULT_FORMAT_COMBINATION_LIMIT: 100
в”‚  в”њв”Ђ api_language: <property>
в”‚  в”њв”Ђ configure_plugin(...)
в”‚  в”њв”Ђ format_combination_limit: <property>
в”‚  в”њв”Ђ get_output_data_types(...)
в”‚  в”њв”Ђ get_output_shapes(...)
в”‚  в”њв”Ђ get_valid_tactics(...)
в”‚  в”њв”Ђ get_workspace_size(...)
в”‚  в”њв”Ђ interface_info: <property>
в”‚  в”њв”Ђ metadata_string: <property>
в”‚  в”њв”Ђ num_outputs: <property>
в”‚  в”њв”Ђ supports_format_combination(...)
в”‚  в””в”Ђ timing_cache_id: <property>
в”њв”Ђ IPluginV3OneBuildV2
в”‚  в”њв”Ђ DEFAULT_FORMAT_COMBINATION_LIMIT: 100
в”‚  в”њв”Ђ api_language: <property>
в”‚  в”њв”Ђ configure_plugin(...)
в”‚  в”њв”Ђ format_combination_limit: <property>
в”‚  в”њв”Ђ get_aliased_input(...)
в”‚  в”њв”Ђ get_output_data_types(...)
в”‚  в”њв”Ђ get_output_shapes(...)
в”‚  в”њв”Ђ get_valid_tactics(...)
в”‚  в”њв”Ђ get_workspace_size(...)
в”‚  в”њв”Ђ interface_info: <property>
в”‚  в”њв”Ђ metadata_string: <property>
в”‚  в”њв”Ђ num_outputs: <property>
в”‚  в”њв”Ђ supports_format_combination(...)
в”‚  в””в”Ђ timing_cache_id: <property>
в”њв”Ђ IPluginV3OneCore
в”‚  в”њв”Ђ api_language: <property>
в”‚  в”њв”Ђ interface_info: <property>
в”‚  в”њв”Ђ plugin_name: <property>
в”‚  в”њв”Ђ plugin_namespace: <property>
в”‚  в””в”Ђ plugin_version: <property>
в”њв”Ђ IPluginV3OneRuntime
в”‚  в”њв”Ђ api_language: <property>
в”‚  в”њв”Ђ attach_to_context(...)
в”‚  в”њв”Ђ enqueue(...)
в”‚  в”њв”Ђ get_fields_to_serialize(...)
в”‚  в”њв”Ђ interface_info: <property>
в”‚  в”њв”Ђ on_shape_change(...)
в”‚  в””в”Ђ set_tactic(...)
в”њв”Ђ IPoolingLayer
в”‚  в”њв”Ђ average_count_excludes_padding: <property>
в”‚  в”њв”Ђ blend_factor: <property>
в”‚  в”њв”Ђ get_input(...)
в”‚  в”њв”Ђ get_output(...)
в”‚  в”њв”Ђ get_output_type(...)
в”‚  в”њв”Ђ metadata: <property>
в”‚  в”њв”Ђ name: <property>
в”‚  в”њв”Ђ num_inputs: <property>
в”‚  в”њв”Ђ num_outputs: <property>
в”‚  в”њв”Ђ output_type_is_set(...)
в”‚  в”њв”Ђ padding_mode: <property>
в”‚  в”њв”Ђ padding_nd: <property>
в”‚  в”њв”Ђ post_padding: <property>
в”‚  в”њв”Ђ pre_padding: <property>
в”‚  в”њв”Ђ precision: <property>
в”‚  в”њв”Ђ precision_is_set: <property>
в”‚  в”њв”Ђ reset_output_type(...)
в”‚  в”њв”Ђ reset_precision(...)
в”‚  в”њв”Ђ set_input(...)
в”‚  в”њв”Ђ set_output_type(...)
в”‚  в”њв”Ђ stride_nd: <property>
в”‚  в”њв”Ђ type: <property>
в”‚  в””в”Ђ window_size_nd: <property>
в”њв”Ђ IProfiler
в”‚  в””в”Ђ report_layer_time(...)
в”њв”Ђ IProgressMonitor
в”‚  в”њв”Ђ phase_finish(...)
в”‚  в”њв”Ђ phase_start(...)
в”‚  в””в”Ђ step_complete(...)
в”њв”Ђ IQuantizeLayer
в”‚  в”њв”Ђ axis: <property>
в”‚  в”њв”Ђ get_input(...)
в”‚  в”њв”Ђ get_output(...)
в”‚  в”њв”Ђ get_output_type(...)
в”‚  в”њв”Ђ metadata: <property>
в”‚  в”њв”Ђ name: <property>
в”‚  в”њв”Ђ num_inputs: <property>
в”‚  в”њв”Ђ num_outputs: <property>
в”‚  в”њв”Ђ output_type_is_set(...)
в”‚  в”њв”Ђ precision: <property>
в”‚  в”њв”Ђ precision_is_set: <property>
в”‚  в”њв”Ђ reset_output_type(...)
в”‚  в”њв”Ђ reset_precision(...)
в”‚  в”њв”Ђ set_input(...)
в”‚  в”њв”Ђ set_output_type(...)
в”‚  в”њв”Ђ to_type: <property>
в”‚  в””в”Ђ type: <property>
в”њв”Ђ IRaggedSoftMaxLayer
в”‚  в”њв”Ђ get_input(...)
в”‚  в”њв”Ђ get_output(...)
в”‚  в”њв”Ђ get_output_type(...)
в”‚  в”њв”Ђ metadata: <property>
в”‚  в”њв”Ђ name: <property>
в”‚  в”њв”Ђ num_inputs: <property>
в”‚  в”њв”Ђ num_outputs: <property>
в”‚  в”њв”Ђ output_type_is_set(...)
в”‚  в”њв”Ђ precision: <property>
в”‚  в”њв”Ђ precision_is_set: <property>
в”‚  в”њв”Ђ reset_output_type(...)
в”‚  в”њв”Ђ reset_precision(...)
в”‚  в”њв”Ђ set_input(...)
в”‚  в”њв”Ђ set_output_type(...)
в”‚  в””в”Ђ type: <property>
в”њв”Ђ IRecurrenceLayer
в”‚  в”њв”Ђ get_input(...)
в”‚  в”њв”Ђ get_output(...)
в”‚  в”њв”Ђ get_output_type(...)
в”‚  в”њв”Ђ loop: <property>
в”‚  в”њв”Ђ metadata: <property>
в”‚  в”њв”Ђ name: <property>
в”‚  в”њв”Ђ num_inputs: <property>
в”‚  в”њв”Ђ num_outputs: <property>
в”‚  в”њв”Ђ output_type_is_set(...)
в”‚  в”њв”Ђ precision: <property>
в”‚  в”њв”Ђ precision_is_set: <property>
в”‚  в”њв”Ђ reset_output_type(...)
в”‚  в”њв”Ђ reset_precision(...)
в”‚  в”њв”Ђ set_input(...)
в”‚  в”њв”Ђ set_output_type(...)
в”‚  в””в”Ђ type: <property>
в”њв”Ђ IReduceLayer
в”‚  в”њв”Ђ axes: <property>
в”‚  в”њв”Ђ get_input(...)
в”‚  в”њв”Ђ get_output(...)
в”‚  в”њв”Ђ get_output_type(...)
в”‚  в”њв”Ђ keep_dims: <property>
в”‚  в”њв”Ђ metadata: <property>
в”‚  в”њв”Ђ name: <property>
в”‚  в”њв”Ђ num_inputs: <property>
в”‚  в”њв”Ђ num_outputs: <property>
в”‚  в”њв”Ђ op: <property>
в”‚  в”њв”Ђ output_type_is_set(...)
в”‚  в”њв”Ђ precision: <property>
в”‚  в”њв”Ђ precision_is_set: <property>
в”‚  в”њв”Ђ reset_output_type(...)
в”‚  в”њв”Ђ reset_precision(...)
в”‚  в”њв”Ђ set_input(...)
в”‚  в”њв”Ђ set_output_type(...)
в”‚  в””в”Ђ type: <property>
в”њв”Ђ IResizeLayer
в”‚  в”њв”Ђ coordinate_transformation: <property>
в”‚  в”њв”Ђ cubic_coeff: <property>
в”‚  в”њв”Ђ exclude_outside: <property>
в”‚  в”њв”Ђ get_input(...)
в”‚  в”њв”Ђ get_output(...)
в”‚  в”њв”Ђ get_output_type(...)
в”‚  в”њв”Ђ metadata: <property>
в”‚  в”њв”Ђ name: <property>
в”‚  в”њв”Ђ nearest_rounding: <property>
в”‚  в”њв”Ђ num_inputs: <property>
в”‚  в”њв”Ђ num_outputs: <property>
в”‚  в”њв”Ђ output_type_is_set(...)
в”‚  в”њв”Ђ precision: <property>
в”‚  в”њв”Ђ precision_is_set: <property>
в”‚  в”њв”Ђ reset_output_type(...)
в”‚  в”њв”Ђ reset_precision(...)
в”‚  в”њв”Ђ resize_mode: <property>
в”‚  в”њв”Ђ scales: <property>
в”‚  в”њв”Ђ selector_for_single_pixel: <property>
в”‚  в”њв”Ђ set_input(...)
в”‚  в”њв”Ђ set_output_type(...)
в”‚  в”њв”Ђ shape: <property>
в”‚  в””в”Ђ type: <property>
в”њв”Ђ IReverseSequenceLayer
в”‚  в”њв”Ђ batch_axis: <property>
в”‚  в”њв”Ђ get_input(...)
в”‚  в”њв”Ђ get_output(...)
в”‚  в”њв”Ђ get_output_type(...)
в”‚  в”њв”Ђ metadata: <property>
в”‚  в”њв”Ђ name: <property>
в”‚  в”њв”Ђ num_inputs: <property>
в”‚  в”њв”Ђ num_outputs: <property>
в”‚  в”њв”Ђ output_type_is_set(...)
в”‚  в”њв”Ђ precision: <property>
в”‚  в”њв”Ђ precision_is_set: <property>
в”‚  в”њв”Ђ reset_output_type(...)
в”‚  в”њв”Ђ reset_precision(...)
в”‚  в”њв”Ђ sequence_axis: <property>
в”‚  в”њв”Ђ set_input(...)
в”‚  в”њв”Ђ set_output_type(...)
в”‚  в””в”Ђ type: <property>
в”њв”Ђ IScaleLayer
в”‚  в”њв”Ђ channel_axis: <property>
в”‚  в”њв”Ђ get_input(...)
в”‚  в”њв”Ђ get_output(...)
в”‚  в”њв”Ђ get_output_type(...)
в”‚  в”њв”Ђ metadata: <property>
в”‚  в”њв”Ђ mode: <property>
в”‚  в”њв”Ђ name: <property>
в”‚  в”њв”Ђ num_inputs: <property>
в”‚  в”њв”Ђ num_outputs: <property>
в”‚  в”њв”Ђ output_type_is_set(...)
в”‚  в”њв”Ђ power: <property>
в”‚  в”њв”Ђ precision: <property>
в”‚  в”њв”Ђ precision_is_set: <property>
в”‚  в”њв”Ђ reset_output_type(...)
в”‚  в”њв”Ђ reset_precision(...)
в”‚  в”њв”Ђ scale: <property>
в”‚  в”њв”Ђ set_input(...)
в”‚  в”њв”Ђ set_output_type(...)
в”‚  в”њв”Ђ shift: <property>
в”‚  в””в”Ђ type: <property>
в”њв”Ђ IScatterLayer
в”‚  в”њв”Ђ axis: <property>
в”‚  в”њв”Ђ get_input(...)
в”‚  в”њв”Ђ get_output(...)
в”‚  в”њв”Ђ get_output_type(...)
в”‚  в”њв”Ђ metadata: <property>
в”‚  в”њв”Ђ mode: <property>
в”‚  в”њв”Ђ name: <property>
в”‚  в”њв”Ђ num_inputs: <property>
в”‚  в”њв”Ђ num_outputs: <property>
в”‚  в”њв”Ђ output_type_is_set(...)
в”‚  в”њв”Ђ precision: <property>
в”‚  в”њв”Ђ precision_is_set: <property>
в”‚  в”њв”Ђ reset_output_type(...)
в”‚  в”њв”Ђ reset_precision(...)
в”‚  в”њв”Ђ set_input(...)
в”‚  в”њв”Ђ set_output_type(...)
в”‚  в””в”Ђ type: <property>
в”њв”Ђ ISelectLayer
в”‚  в”њв”Ђ get_input(...)
в”‚  в”њв”Ђ get_output(...)
в”‚  в”њв”Ђ get_output_type(...)
в”‚  в”њв”Ђ metadata: <property>
в”‚  в”њв”Ђ name: <property>
в”‚  в”њв”Ђ num_inputs: <property>
в”‚  в”њв”Ђ num_outputs: <property>
в”‚  в”њв”Ђ output_type_is_set(...)
в”‚  в”њв”Ђ precision: <property>
в”‚  в”њв”Ђ precision_is_set: <property>
в”‚  в”њв”Ђ reset_output_type(...)
в”‚  в”њв”Ђ reset_precision(...)
в”‚  в”њв”Ђ set_input(...)
в”‚  в”њв”Ђ set_output_type(...)
в”‚  в””в”Ђ type: <property>
в”њв”Ђ ISerializationConfig
в”‚  в”њв”Ђ clear_flag(...)
в”‚  в”њв”Ђ flags: <property>
в”‚  в”њв”Ђ get_flag(...)
в”‚  в””в”Ђ set_flag(...)
в”њв”Ђ IShapeLayer
в”‚  в”њв”Ђ get_input(...)
в”‚  в”њв”Ђ get_output(...)
в”‚  в”њв”Ђ get_output_type(...)
в”‚  в”њв”Ђ metadata: <property>
в”‚  в”њв”Ђ name: <property>
в”‚  в”њв”Ђ num_inputs: <property>
в”‚  в”њв”Ђ num_outputs: <property>
в”‚  в”њв”Ђ output_type_is_set(...)
в”‚  в”њв”Ђ precision: <property>
в”‚  в”њв”Ђ precision_is_set: <property>
в”‚  в”њв”Ђ reset_output_type(...)
в”‚  в”њв”Ђ reset_precision(...)
в”‚  в”њв”Ђ set_input(...)
в”‚  в”њв”Ђ set_output_type(...)
в”‚  в””в”Ђ type: <property>
в”њв”Ђ IShuffleLayer
в”‚  в”њв”Ђ first_transpose: <property>
в”‚  в”њв”Ђ get_input(...)
в”‚  в”њв”Ђ get_output(...)
в”‚  в”њв”Ђ get_output_type(...)
в”‚  в”њв”Ђ metadata: <property>
в”‚  в”њв”Ђ name: <property>
в”‚  в”њв”Ђ num_inputs: <property>
в”‚  в”њв”Ђ num_outputs: <property>
в”‚  в”њв”Ђ output_type_is_set(...)
в”‚  в”њв”Ђ precision: <property>
в”‚  в”њв”Ђ precision_is_set: <property>
в”‚  в”њв”Ђ reset_output_type(...)
в”‚  в”њв”Ђ reset_precision(...)
в”‚  в”њв”Ђ reshape_dims: <property>
в”‚  в”њв”Ђ second_transpose: <property>
в”‚  в”њв”Ђ set_input(...)
в”‚  в”њв”Ђ set_output_type(...)
в”‚  в”њв”Ђ type: <property>
в”‚  в””в”Ђ zero_is_placeholder: <property>
в”њв”Ђ ISliceLayer
в”‚  в”њв”Ђ axes: <property>
в”‚  в”њв”Ђ get_input(...)
в”‚  в”њв”Ђ get_output(...)
в”‚  в”њв”Ђ get_output_type(...)
в”‚  в”њв”Ђ metadata: <property>
в”‚  в”њв”Ђ mode: <property>
в”‚  в”њв”Ђ name: <property>
в”‚  в”њв”Ђ num_inputs: <property>
в”‚  в”њв”Ђ num_outputs: <property>
в”‚  в”њв”Ђ output_type_is_set(...)
в”‚  в”њв”Ђ precision: <property>
в”‚  в”њв”Ђ precision_is_set: <property>
в”‚  в”њв”Ђ reset_output_type(...)
в”‚  в”њв”Ђ reset_precision(...)
в”‚  в”њв”Ђ set_input(...)
в”‚  в”њв”Ђ set_output_type(...)
в”‚  в”њв”Ђ shape: <property>
в”‚  в”њв”Ђ start: <property>
в”‚  в”њв”Ђ stride: <property>
в”‚  в””в”Ђ type: <property>
в”њв”Ђ ISoftMaxLayer
в”‚  в”њв”Ђ axes: <property>
в”‚  в”њв”Ђ get_input(...)
в”‚  в”њв”Ђ get_output(...)
в”‚  в”њв”Ђ get_output_type(...)
в”‚  в”њв”Ђ metadata: <property>
в”‚  в”њв”Ђ name: <property>
в”‚  в”њв”Ђ num_inputs: <property>
в”‚  в”њв”Ђ num_outputs: <property>
в”‚  в”њв”Ђ output_type_is_set(...)
в”‚  в”њв”Ђ precision: <property>
в”‚  в”њв”Ђ precision_is_set: <property>
в”‚  в”њв”Ђ reset_output_type(...)
в”‚  в”њв”Ђ reset_precision(...)
в”‚  в”њв”Ђ set_input(...)
в”‚  в”њв”Ђ set_output_type(...)
в”‚  в””в”Ђ type: <property>
в”њв”Ђ IStreamReader
в”‚  в””в”Ђ read(...)
в”њв”Ђ ITensor
в”‚  в”њв”Ђ allowed_formats: <property>
в”‚  в”њв”Ђ broadcast_across_batch: <property>
в”‚  в”њв”Ђ dtype: <property>
в”‚  в”њв”Ђ dynamic_range: <property>
в”‚  в”њв”Ђ get_dimension_name(...)
в”‚  в”њв”Ђ is_execution_tensor: <property>
в”‚  в”њв”Ђ is_network_input: <property>
в”‚  в”њв”Ђ is_network_output: <property>
в”‚  в”њв”Ђ is_shape_tensor: <property>
в”‚  в”њв”Ђ location: <property>
в”‚  в”њв”Ђ name: <property>
в”‚  в”њв”Ђ reset_dynamic_range(...)
в”‚  в”њв”Ђ set_dimension_name(...)
в”‚  в”њв”Ђ set_dynamic_range(...)
в”‚  в””в”Ђ shape: <property>
в”њв”Ђ ITimingCache
в”‚  в”њв”Ђ combine(...)
в”‚  в”њв”Ђ reset(...)
в”‚  в””в”Ђ serialize(...)
в”њв”Ђ ITopKLayer
в”‚  в”њв”Ђ axes: <property>
в”‚  в”њв”Ђ get_input(...)
в”‚  в”њв”Ђ get_output(...)
в”‚  в”њв”Ђ get_output_type(...)
в”‚  в”њв”Ђ k: <property>
в”‚  в”њв”Ђ metadata: <property>
в”‚  в”њв”Ђ name: <property>
в”‚  в”њв”Ђ num_inputs: <property>
в”‚  в”њв”Ђ num_outputs: <property>
в”‚  в”њв”Ђ op: <property>
в”‚  в”њв”Ђ output_type_is_set(...)
в”‚  в”њв”Ђ precision: <property>
в”‚  в”њв”Ђ precision_is_set: <property>
в”‚  в”њв”Ђ reset_output_type(...)
в”‚  в”њв”Ђ reset_precision(...)
в”‚  в”њв”Ђ set_input(...)
в”‚  в”њв”Ђ set_output_type(...)
в”‚  в””в”Ђ type: <property>
в”њв”Ђ ITripLimitLayer
в”‚  в”њв”Ђ get_input(...)
в”‚  в”њв”Ђ get_output(...)
в”‚  в”њв”Ђ get_output_type(...)
в”‚  в”њв”Ђ kind: <property>
в”‚  в”њв”Ђ loop: <property>
в”‚  в”њв”Ђ metadata: <property>
в”‚  в”њв”Ђ name: <property>
в”‚  в”њв”Ђ num_inputs: <property>
в”‚  в”њв”Ђ num_outputs: <property>
в”‚  в”њв”Ђ output_type_is_set(...)
в”‚  в”њв”Ђ precision: <property>
в”‚  в”њв”Ђ precision_is_set: <property>
в”‚  в”њв”Ђ reset_output_type(...)
в”‚  в”њв”Ђ reset_precision(...)
в”‚  в”њв”Ђ set_input(...)
в”‚  в”њв”Ђ set_output_type(...)
в”‚  в””в”Ђ type: <property>
в”њв”Ђ IUnaryLayer
в”‚  в”њв”Ђ get_input(...)
в”‚  в”њв”Ђ get_output(...)
в”‚  в”њв”Ђ get_output_type(...)
в”‚  в”њв”Ђ metadata: <property>
в”‚  в”њв”Ђ name: <property>
в”‚  в”њв”Ђ num_inputs: <property>
в”‚  в”њв”Ђ num_outputs: <property>
в”‚  в”њв”Ђ op: <property>
в”‚  в”њв”Ђ output_type_is_set(...)
в”‚  в”њв”Ђ precision: <property>
в”‚  в”њв”Ђ precision_is_set: <property>
в”‚  в”њв”Ђ reset_output_type(...)
в”‚  в”њв”Ђ reset_precision(...)
в”‚  в”њв”Ђ set_input(...)
в”‚  в”њв”Ђ set_output_type(...)
в”‚  в””в”Ђ type: <property>
в”њв”Ђ IVersionedInterface
в”‚  в”њв”Ђ api_language: <property>
в”‚  в””в”Ђ interface_info: <property>
в”њв”Ђ InterfaceInfo
в”‚  в”њв”Ђ kind: <property>
в”‚  в”њв”Ђ major: <property>
в”‚  в””в”Ђ minor: <property>
в”њв”Ђ InterpolationMode
в”‚  в”њв”Ђ CUBIC: <InterpolationMode>, value: 2
в”‚  в”њв”Ђ LINEAR: <InterpolationMode>, value: 1
в”‚  в”њв”Ђ NEAREST: <InterpolationMode>, value: 0
в”‚  в”њв”Ђ name: <property>
в”‚  в””в”Ђ value: <property>
в”њв”Ђ LayerInformationFormat
в”‚  в”њв”Ђ JSON: <LayerInformationFormat>, value: 1
в”‚  в”њв”Ђ ONELINE: <LayerInformationFormat>, value: 0
в”‚  в”њв”Ђ name: <property>
в”‚  в””в”Ђ value: <property>
в”њв”Ђ LayerType
в”‚  в”њв”Ђ ACTIVATION: <LayerType>, value: 2
в”‚  в”њв”Ђ ASSERTION: <LayerType>, value: 39
в”‚  в”њв”Ђ CAST: <LayerType>, value: 1
в”‚  в”њв”Ђ CONCATENATION: <LayerType>, value: 8
в”‚  в”њв”Ђ CONDITION: <LayerType>, value: 34
в”‚  в”њв”Ђ CONDITIONAL_INPUT: <LayerType>, value: 35
в”‚  в”њв”Ђ CONDITIONAL_OUTPUT: <LayerType>, value: 36
в”‚  в”њв”Ђ CONSTANT: <LayerType>, value: 19
в”‚  в”њв”Ђ CONVOLUTION: <LayerType>, value: 0
в”‚  в”њв”Ђ DECONVOLUTION: <LayerType>, value: 7
в”‚  в”њв”Ђ DEQUANTIZE: <LayerType>, value: 33
в”‚  в”њв”Ђ EINSUM: <LayerType>, value: 38
в”‚  в”њв”Ђ ELEMENTWISE: <LayerType>, value: 9
в”‚  в”њв”Ђ FILL: <LayerType>, value: 31
в”‚  в”њв”Ђ GATHER: <LayerType>, value: 16
в”‚  в”њв”Ђ GRID_SAMPLE: <LayerType>, value: 42
в”‚  в”њв”Ђ IDENTITY: <LayerType>, value: 20
в”‚  в”њв”Ђ ITERATOR: <LayerType>, value: 28
в”‚  в”њв”Ђ LOOP_OUTPUT: <LayerType>, value: 29
в”‚  в”њв”Ђ LRN: <LayerType>, value: 4
в”‚  в”њв”Ђ MATRIX_MULTIPLY: <LayerType>, value: 17
в”‚  в”њв”Ђ NMS: <LayerType>, value: 43
в”‚  в”њв”Ђ NON_ZERO: <LayerType>, value: 41
в”‚  в”њв”Ђ NORMALIZATION: <LayerType>, value: 45
в”‚  в”њв”Ђ ONE_HOT: <LayerType>, value: 40
в”‚  в”њв”Ђ PADDING: <LayerType>, value: 12
в”‚  в”њв”Ђ PARAMETRIC_RELU: <LayerType>, value: 24
в”‚  в”њв”Ђ PLUGIN: <LayerType>, value: 10
в”‚  в”њв”Ђ PLUGIN_V2: <LayerType>, value: 21
в”‚  в”њв”Ђ PLUGIN_V3: <LayerType>, value: 46
в”‚  в”њв”Ђ POOLING: <LayerType>, value: 3
в”‚  в”њв”Ђ QUANTIZE: <LayerType>, value: 32
в”‚  в”њв”Ђ RAGGED_SOFTMAX: <LayerType>, value: 18
в”‚  в”њв”Ђ RECURRENCE: <LayerType>, value: 27
в”‚  в”њв”Ђ REDUCE: <LayerType>, value: 14
в”‚  в”њв”Ђ RESIZE: <LayerType>, value: 25
в”‚  в”њв”Ђ REVERSE_SEQUENCE: <LayerType>, value: 44
в”‚  в”њв”Ђ SCALE: <LayerType>, value: 5
в”‚  в”њв”Ђ SCATTER: <LayerType>, value: 37
в”‚  в”њв”Ђ SELECT: <LayerType>, value: 30
в”‚  в”њв”Ђ SHAPE: <LayerType>, value: 23
в”‚  в”њв”Ђ SHUFFLE: <LayerType>, value: 13
в”‚  в”њв”Ђ SLICE: <LayerType>, value: 22
в”‚  в”њв”Ђ SOFTMAX: <LayerType>, value: 6
в”‚  в”њв”Ђ TOPK: <LayerType>, value: 15
в”‚  в”њв”Ђ TRIP_LIMIT: <LayerType>, value: 26
в”‚  в”њв”Ђ UNARY: <LayerType>, value: 11
в”‚  в”њв”Ђ name: <property>
в”‚  в””в”Ђ value: <property>
в”њв”Ђ Logger
в”‚  в”њв”Ђ ERROR: <Severity>
в”‚  в”њв”Ђ INFO: <Severity>
в”‚  в”њв”Ђ INTERNAL_ERROR: <Severity>
в”‚  в”њв”Ђ Severity: <visited>
в”‚  в”њв”Ђ VERBOSE: <Severity>
в”‚  в”њв”Ђ WARNING: <Severity>
в”‚  в”њв”Ђ log(...)
в”‚  в””в”Ђ min_severity: <property>
в”њв”Ђ LoopOutput
в”‚  в”њв”Ђ CONCATENATE: <LoopOutput>, value: 1
в”‚  в”њв”Ђ LAST_VALUE: <LoopOutput>, value: 0
в”‚  в”њв”Ђ REVERSE: <LoopOutput>, value: 2
в”‚  в”њв”Ђ name: <property>
в”‚  в””в”Ђ value: <property>
в”њв”Ђ MatrixOperation
в”‚  в”њв”Ђ NONE: <MatrixOperation>, value: 0
в”‚  в”њв”Ђ TRANSPOSE: <MatrixOperation>, value: 1
в”‚  в”њв”Ђ VECTOR: <MatrixOperation>, value: 2
в”‚  в”њв”Ђ name: <property>
в”‚  в””в”Ђ value: <property>
в”њв”Ђ MemoryPoolType
в”‚  в”њв”Ђ DLA_GLOBAL_DRAM: <MemoryPoolType>, value: 3
в”‚  в”њв”Ђ DLA_LOCAL_DRAM: <MemoryPoolType>, value: 2
в”‚  в”њв”Ђ DLA_MANAGED_SRAM: <MemoryPoolType>, value: 1
в”‚  в”њв”Ђ TACTIC_DRAM: <MemoryPoolType>, value: 4
в”‚  в”њв”Ђ TACTIC_SHARED_MEMORY: <MemoryPoolType>, value: 5
в”‚  в”њв”Ђ WORKSPACE: <MemoryPoolType>, value: 0
в”‚  в”њв”Ђ name: <property>
в”‚  в””в”Ђ value: <property>
в”њв”Ђ NetworkDefinitionCreationFlag
в”‚  в”њв”Ђ EXPLICIT_BATCH: <NetworkDefinitionCreationFlag>, value: 0
в”‚  в”њв”Ђ STRONGLY_TYPED: <NetworkDefinitionCreationFlag>, value: 1
в”‚  в”њв”Ђ name: <property>
в”‚  в””в”Ђ value: <property>
в”њв”Ђ NodeIndices
в”‚  в”њв”Ђ append(...)
в”‚  в”њв”Ђ clear(...)
в”‚  в”њв”Ђ count(...)
в”‚  в”њв”Ђ extend(...)
в”‚  в”њв”Ђ insert(...)
в”‚  в”њв”Ђ pop(...)
в”‚  в””в”Ђ remove(...)
в”њв”Ђ OnnxParser
в”‚  в”њв”Ђ clear_errors(...)
в”‚  в”њв”Ђ clear_flag(...)
в”‚  в”њв”Ђ flags: <property>
в”‚  в”њв”Ђ get_error(...)
в”‚  в”њв”Ђ get_flag(...)
в”‚  в”њв”Ђ get_layer_output_tensor(...)
в”‚  в”њв”Ђ get_subgraph_nodes(...)
в”‚  в”њв”Ђ get_used_vc_plugin_libraries(...)
в”‚  в”њв”Ђ is_subgraph_supported(...)
в”‚  в”њв”Ђ num_errors: <property>
в”‚  в”њв”Ђ num_subgraphs: <property>
в”‚  в”њв”Ђ parse(...)
в”‚  в”њв”Ђ parse_from_file(...)
в”‚  в”њв”Ђ parse_with_weight_descriptors(...)
в”‚  в”њв”Ђ set_flag(...)
в”‚  в”њв”Ђ supports_model(...)
в”‚  в”њв”Ђ supports_model_v2(...)
в”‚  в””в”Ђ supports_operator(...)
в”њв”Ђ OnnxParserFlag
в”‚  в”њв”Ђ NATIVE_INSTANCENORM: <OnnxParserFlag>, value: 0
в”‚  в”њв”Ђ name: <property>
в”‚  в””в”Ђ value: <property>
в”њв”Ђ OnnxParserRefitter
в”‚  в”њв”Ђ clear_errors(...)
в”‚  в”њв”Ђ get_error(...)
в”‚  в”њв”Ђ num_errors: <property>
в”‚  в”њв”Ђ refit_from_bytes(...)
в”‚  в””в”Ђ refit_from_file(...)
в”њв”Ђ PaddingMode
в”‚  в”њв”Ђ EXPLICIT_ROUND_DOWN: <PaddingMode>, value: 0
в”‚  в”њв”Ђ EXPLICIT_ROUND_UP: <PaddingMode>, value: 1
в”‚  в”њв”Ђ SAME_LOWER: <PaddingMode>, value: 3
в”‚  в”њв”Ђ SAME_UPPER: <PaddingMode>, value: 2
в”‚  в”њв”Ђ name: <property>
в”‚  в””в”Ђ value: <property>
в”њв”Ђ ParserError
в”‚  в”њв”Ђ code(...)
в”‚  в”њв”Ђ desc(...)
в”‚  в”њв”Ђ file(...)
в”‚  в”њв”Ђ func(...)
в”‚  в”њв”Ђ line(...)
в”‚  в”њв”Ђ local_function_stack(...)
в”‚  в”њв”Ђ local_function_stack_size(...)
в”‚  в”њв”Ђ node(...)
в”‚  в”њв”Ђ node_name(...)
в”‚  в””в”Ђ node_operator(...)
в”њв”Ђ Permutation
в”њв”Ђ PluginCapabilityType
в”‚  в”њв”Ђ BUILD: <PluginCapabilityType>, value: 1
в”‚  в”њв”Ђ CORE: <PluginCapabilityType>, value: 0
в”‚  в”њв”Ђ RUNTIME: <PluginCapabilityType>, value: 2
в”‚  в”њв”Ђ name: <property>
в”‚  в””в”Ђ value: <property>
в”њв”Ђ PluginCreatorVersion
в”‚  в”њв”Ђ V1: <PluginCreatorVersion>, value: 0
в”‚  в”њв”Ђ V1_PYTHON: <PluginCreatorVersion>, value: 64
в”‚  в”њв”Ђ name: <property>
в”‚  в””в”Ђ value: <property>
в”њв”Ђ PluginField
в”‚  в”њв”Ђ data: <property>
в”‚  в”њв”Ђ name: <property>
в”‚  в”њв”Ђ size: <property>
в”‚  в””в”Ђ type: <property>
в”њв”Ђ PluginFieldCollection
в”‚  в”њв”Ђ append(...)
в”‚  в”њв”Ђ clear(...)
в”‚  в”њв”Ђ extend(...)
в”‚  в”њв”Ђ insert(...)
в”‚  в””в”Ђ pop(...)
в”њв”Ђ PluginFieldCollection_
в”њв”Ђ PluginFieldType
в”‚  в”њв”Ђ BF16: <PluginFieldType>, value: 9
в”‚  в”њв”Ђ CHAR: <PluginFieldType>, value: 6
в”‚  в”њв”Ђ DIMS: <PluginFieldType>, value: 7
в”‚  в”њв”Ђ FLOAT16: <PluginFieldType>, value: 0
в”‚  в”њв”Ђ FLOAT32: <PluginFieldType>, value: 1
в”‚  в”њв”Ђ FLOAT64: <PluginFieldType>, value: 2
в”‚  в”њв”Ђ FP8: <PluginFieldType>, value: 11
в”‚  в”њв”Ђ INT16: <PluginFieldType>, value: 4
в”‚  в”њв”Ђ INT32: <PluginFieldType>, value: 5
в”‚  в”њв”Ђ INT4: <PluginFieldType>, value: 12
в”‚  в”њв”Ђ INT64: <PluginFieldType>, value: 10
в”‚  в”њв”Ђ INT8: <PluginFieldType>, value: 3
в”‚  в”њв”Ђ UNKNOWN: <PluginFieldType>, value: 8
в”‚  в”њв”Ђ name: <property>
в”‚  в””в”Ђ value: <property>
в”њв”Ђ PluginTensorDesc
в”‚  в”њв”Ђ dims: <property>
в”‚  в”њв”Ђ format: <property>
в”‚  в”њв”Ђ scale: <property>
в”‚  в””в”Ђ type: <property>
в”њв”Ђ PoolingType
в”‚  в”њв”Ђ AVERAGE: <PoolingType>, value: 1
в”‚  в”њв”Ђ MAX: <PoolingType>, value: 0
в”‚  в”њв”Ђ MAX_AVERAGE_BLEND: <PoolingType>, value: 2
в”‚  в”њв”Ђ name: <property>
в”‚  в””в”Ђ value: <property>
в”њв”Ђ PreviewFeature
в”‚  в”њв”Ђ ALIASED_PLUGIN_IO_10_03: <PreviewFeature>, value: 1
в”‚  в”њв”Ђ PROFILE_SHARING_0806: <PreviewFeature>, value: 0
в”‚  в”њв”Ђ name: <property>
в”‚  в””в”Ђ value: <property>
в”њв”Ђ Profiler
в”‚  в””в”Ђ report_layer_time(...)
в”њв”Ђ ProfilingVerbosity
в”‚  в”њв”Ђ DETAILED: <ProfilingVerbosity>, value: 2
в”‚  в”њв”Ђ LAYER_NAMES_ONLY: <ProfilingVerbosity>, value: 0
в”‚  в”њв”Ђ NONE: <ProfilingVerbosity>, value: 1
в”‚  в”њв”Ђ name: <property>
в”‚  в””в”Ђ value: <property>
в”њв”Ђ QuantizationFlag
в”‚  в”њв”Ђ CALIBRATE_BEFORE_FUSION: <QuantizationFlag>, value: 0
в”‚  в”њв”Ђ name: <property>
в”‚  в””в”Ђ value: <property>
в”њв”Ђ ReduceOperation
в”‚  в”њв”Ђ AVG: <ReduceOperation>, value: 4
в”‚  в”њв”Ђ MAX: <ReduceOperation>, value: 2
в”‚  в”њв”Ђ MIN: <ReduceOperation>, value: 3
в”‚  в”њв”Ђ PROD: <ReduceOperation>, value: 1
в”‚  в”њв”Ђ SUM: <ReduceOperation>, value: 0
в”‚  в”њв”Ђ name: <property>
в”‚  в””в”Ђ value: <property>
в”њв”Ђ Refitter
в”‚  в”њв”Ђ error_recorder: <property>
в”‚  в”њв”Ђ get_all(...)
в”‚  в”њв”Ђ get_all_weights(...)
в”‚  в”њв”Ђ get_dynamic_range(...)
в”‚  в”њв”Ђ get_missing(...)
в”‚  в”њв”Ђ get_missing_weights(...)
в”‚  в”њв”Ђ get_named_weights(...)
в”‚  в”њв”Ђ get_tensors_with_dynamic_range(...)
в”‚  в”њв”Ђ get_weights_location(...)
в”‚  в”њв”Ђ get_weights_prototype(...)
в”‚  в”њв”Ђ logger: <property>
в”‚  в”њв”Ђ max_threads: <property>
в”‚  в”њв”Ђ refit_cuda_engine(...)
в”‚  в”њв”Ђ refit_cuda_engine_async(...)
в”‚  в”њв”Ђ set_dynamic_range(...)
в”‚  в”њв”Ђ set_named_weights(...)
в”‚  в”њв”Ђ set_weights(...)
в”‚  в”њв”Ђ unset_named_weights(...)
в”‚  в””в”Ђ weights_validation: <property>
в”њв”Ђ ResizeCoordinateTransformation
в”‚  в”њв”Ђ ALIGN_CORNERS: <ResizeCoordinateTransformation>, value: 0
в”‚  в”њв”Ђ ASYMMETRIC: <ResizeCoordinateTransformation>, value: 1
в”‚  в”њв”Ђ HALF_PIXEL: <ResizeCoordinateTransformation>, value: 2
в”‚  в”њв”Ђ name: <property>
в”‚  в””в”Ђ value: <property>
в”њв”Ђ ResizeRoundMode
в”‚  в”њв”Ђ CEIL: <ResizeRoundMode>, value: 3
в”‚  в”њв”Ђ FLOOR: <ResizeRoundMode>, value: 2
в”‚  в”њв”Ђ HALF_DOWN: <ResizeRoundMode>, value: 1
в”‚  в”њв”Ђ HALF_UP: <ResizeRoundMode>, value: 0
в”‚  в”њв”Ђ name: <property>
в”‚  в””в”Ђ value: <property>
в”њв”Ђ ResizeSelector
в”‚  в”њв”Ђ FORMULA: <ResizeSelector>, value: 0
в”‚  в”њв”Ђ UPPER: <ResizeSelector>, value: 1
в”‚  в”њв”Ђ name: <property>
в”‚  в””в”Ђ value: <property>
в”њв”Ђ Runtime
в”‚  в”њв”Ђ DLA_core: <property>
в”‚  в”њв”Ђ deserialize_cuda_engine(...)
в”‚  в”њв”Ђ engine_host_code_allowed: <property>
в”‚  в”њв”Ђ error_recorder: <property>
в”‚  в”њв”Ђ get_plugin_registry(...)
в”‚  в”њв”Ђ gpu_allocator: <property>
в”‚  в”њв”Ђ load_runtime(...)
в”‚  в”њв”Ђ logger: <property>
в”‚  в”њв”Ђ max_threads: <property>
в”‚  в”њв”Ђ num_DLA_cores: <property>
в”‚  в”њв”Ђ tempfile_control_flags: <property>
в”‚  в””в”Ђ temporary_directory: <property>
в”њв”Ђ RuntimePlatform
в”‚  в”њв”Ђ SAME_AS_BUILD: <RuntimePlatform>, value: 0
в”‚  в”њв”Ђ WINDOWS_AMD64: <RuntimePlatform>, value: 1
в”‚  в”њв”Ђ name: <property>
в”‚  в””в”Ђ value: <property>
в”њв”Ђ SampleMode
в”‚  в”њв”Ђ CLAMP: <SampleMode>, value: 2
в”‚  в”њв”Ђ FILL: <SampleMode>, value: 3
в”‚  в”њв”Ђ REFLECT: <SampleMode>, value: 4
в”‚  в”њв”Ђ STRICT_BOUNDS: <SampleMode>, value: 0
в”‚  в”њв”Ђ WRAP: <SampleMode>, value: 1
в”‚  в”њв”Ђ name: <property>
в”‚  в””в”Ђ value: <property>
в”њв”Ђ ScaleMode
в”‚  в”њв”Ђ CHANNEL: <ScaleMode>, value: 1
в”‚  в”њв”Ђ ELEMENTWISE: <ScaleMode>, value: 2
в”‚  в”њв”Ђ UNIFORM: <ScaleMode>, value: 0
в”‚  в”њв”Ђ name: <property>
в”‚  в””в”Ђ value: <property>
в”њв”Ђ ScatterMode
в”‚  в”њв”Ђ ELEMENT: <ScatterMode>, value: 0
в”‚  в”њв”Ђ ND: <ScatterMode>, value: 1
в”‚  в”њв”Ђ name: <property>
в”‚  в””в”Ђ value: <property>
в”њв”Ђ SerializationFlag
в”‚  в”њв”Ђ EXCLUDE_LEAN_RUNTIME: <SerializationFlag>, value: 1
в”‚  в”њв”Ђ EXCLUDE_WEIGHTS: <SerializationFlag>, value: 0
в”‚  в”њв”Ђ name: <property>
в”‚  в””в”Ђ value: <property>
в”њв”Ђ SubGraphCollection
в”‚  в”њв”Ђ append(...)
в”‚  в”њв”Ђ clear(...)
в”‚  в”њв”Ђ count(...)
в”‚  в”њв”Ђ extend(...)
в”‚  в”њв”Ђ insert(...)
в”‚  в”њв”Ђ pop(...)
в”‚  в””в”Ђ remove(...)
в”њв”Ђ TacticSource
в”‚  в”њв”Ђ CUBLAS: <TacticSource>, value: 0
в”‚  в”њв”Ђ CUBLAS_LT: <TacticSource>, value: 1
в”‚  в”њв”Ђ CUDNN: <TacticSource>, value: 2
в”‚  в”њв”Ђ EDGE_MASK_CONVOLUTIONS: <TacticSource>, value: 3
в”‚  в”њв”Ђ JIT_CONVOLUTIONS: <TacticSource>, value: 4
в”‚  в”њв”Ђ name: <property>
в”‚  в””в”Ђ value: <property>
в”њв”Ђ TempfileControlFlag
в”‚  в”њв”Ђ ALLOW_IN_MEMORY_FILES: <TempfileControlFlag>, value: 0
в”‚  в”њв”Ђ ALLOW_TEMPORARY_FILES: <TempfileControlFlag>, value: 1
в”‚  в”њв”Ђ name: <property>
в”‚  в””в”Ђ value: <property>
в”њв”Ђ TensorFormat
в”‚  в”њв”Ђ CDHW32: <TensorFormat>, value: 7
в”‚  в”њв”Ђ CHW16: <TensorFormat>, value: 4
в”‚  в”њв”Ђ CHW2: <TensorFormat>, value: 1
в”‚  в”њв”Ђ CHW32: <TensorFormat>, value: 5
в”‚  в”њв”Ђ CHW4: <TensorFormat>, value: 3
в”‚  в”њв”Ђ DHWC: <TensorFormat>, value: 12
в”‚  в”њв”Ђ DHWC8: <TensorFormat>, value: 6
в”‚  в”њв”Ђ DLA_HWC4: <TensorFormat>, value: 10
в”‚  в”њв”Ђ DLA_LINEAR: <TensorFormat>, value: 9
в”‚  в”њв”Ђ HWC: <TensorFormat>, value: 8
в”‚  в”њв”Ђ HWC16: <TensorFormat>, value: 11
в”‚  в”њв”Ђ HWC8: <TensorFormat>, value: 2
в”‚  в”њв”Ђ LINEAR: <TensorFormat>, value: 0
в”‚  в”њв”Ђ name: <property>
в”‚  в””в”Ђ value: <property>
в”њв”Ђ TensorIOMode
в”‚  в”њв”Ђ INPUT: <TensorIOMode>, value: 1
в”‚  в”њв”Ђ NONE: <TensorIOMode>, value: 0
в”‚  в”њв”Ђ OUTPUT: <TensorIOMode>, value: 2
в”‚  в”њв”Ђ name: <property>
в”‚  в””в”Ђ value: <property>
в”њв”Ђ TensorLocation
в”‚  в”њв”Ђ DEVICE: <TensorLocation>, value: 0
в”‚  в”њв”Ђ HOST: <TensorLocation>, value: 1
в”‚  в”њв”Ђ name: <property>
в”‚  в””в”Ђ value: <property>
в”њв”Ђ TensorRTPhase
в”‚  в”њв”Ђ BUILD: <TensorRTPhase>, value: 0
в”‚  в”њв”Ђ RUNTIME: <TensorRTPhase>, value: 1
в”‚  в”њв”Ђ name: <property>
в”‚  в””в”Ђ value: <property>
в”њв”Ђ TopKOperation
в”‚  в”њв”Ђ MAX: <TopKOperation>, value: 0
в”‚  в”њв”Ђ MIN: <TopKOperation>, value: 1
в”‚  в”њв”Ђ name: <property>
в”‚  в””в”Ђ value: <property>
в”њв”Ђ TripLimit
в”‚  в”њв”Ђ COUNT: <TripLimit>, value: 0
в”‚  в”њв”Ђ WHILE: <TripLimit>, value: 1
в”‚  в”њв”Ђ name: <property>
в”‚  в””в”Ђ value: <property>
в”њв”Ђ UnaryOperation
в”‚  в”њв”Ђ ABS: <UnaryOperation>, value: 4
в”‚  в”њв”Ђ ACOS: <UnaryOperation>, value: 12
в”‚  в”њв”Ђ ACOSH: <UnaryOperation>, value: 15
в”‚  в”њв”Ђ ASIN: <UnaryOperation>, value: 11
в”‚  в”њв”Ђ ASINH: <UnaryOperation>, value: 14
в”‚  в”њв”Ђ ATAN: <UnaryOperation>, value: 13
в”‚  в”њв”Ђ ATANH: <UnaryOperation>, value: 16
в”‚  в”њв”Ђ CEIL: <UnaryOperation>, value: 17
в”‚  в”њв”Ђ COS: <UnaryOperation>, value: 7
в”‚  в”њв”Ђ COSH: <UnaryOperation>, value: 10
в”‚  в”њв”Ђ ERF: <UnaryOperation>, value: 19
в”‚  в”њв”Ђ EXP: <UnaryOperation>, value: 0
в”‚  в”њв”Ђ FLOOR: <UnaryOperation>, value: 18
в”‚  в”њв”Ђ ISINF: <UnaryOperation>, value: 23
в”‚  в”њв”Ђ ISNAN: <UnaryOperation>, value: 24
в”‚  в”њв”Ђ LOG: <UnaryOperation>, value: 1
в”‚  в”њв”Ђ NEG: <UnaryOperation>, value: 5
в”‚  в”њв”Ђ NOT: <UnaryOperation>, value: 20
в”‚  в”њв”Ђ RECIP: <UnaryOperation>, value: 3
в”‚  в”њв”Ђ ROUND: <UnaryOperation>, value: 22
в”‚  в”њв”Ђ SIGN: <UnaryOperation>, value: 21
в”‚  в”њв”Ђ SIN: <UnaryOperation>, value: 6
в”‚  в”њв”Ђ SINH: <UnaryOperation>, value: 9
в”‚  в”њв”Ђ SQRT: <UnaryOperation>, value: 2
в”‚  в”њв”Ђ TAN: <UnaryOperation>, value: 8
в”‚  в”њв”Ђ name: <property>
в”‚  в””в”Ђ value: <property>
в”њв”Ђ Weights
в”‚  в”њв”Ђ dtype: <property>
в”‚  в”њв”Ђ nbytes: <property>
в”‚  в”њв”Ђ numpy(...)
в”‚  в””в”Ђ size: <property>
в”њв”Ђ WeightsRole
в”‚  в”њв”Ђ ANY: <WeightsRole>, value: 5
в”‚  в”њв”Ђ BIAS: <WeightsRole>, value: 1
в”‚  в”њв”Ђ CONSTANT: <WeightsRole>, value: 4
в”‚  в”њв”Ђ KERNEL: <WeightsRole>, value: 0
в”‚  в”њв”Ђ SCALE: <WeightsRole>, value: 3
в”‚  в”њв”Ђ SHIFT: <WeightsRole>, value: 2
в”‚  в”њв”Ђ name: <property>
в”‚  в””в”Ђ value: <property>
в”њв”Ђ _itemsize(trt_type)
в”њв”Ђ attr: 'VERBOSE'
в”њв”Ђ bfloat16: <DataType>
в”њв”Ђ bool: <DataType>
в”њв”Ђ common_enter(this)
в”њв”Ђ common_exit(this, exc_type, exc_value, traceback)
в”њв”Ђ float16: <DataType>
в”њв”Ђ float32: <DataType>
в”њв”Ђ fp8: <DataType>
в”њв”Ђ get_builder_plugin_registry(...)
в”њв”Ђ get_nv_onnx_parser_version(...)
в”њв”Ђ get_plugin_registry(...)
в”њв”Ђ init_libnvinfer_plugins(...)
в”њв”Ђ int32: <DataType>
в”њв”Ђ int4: <DataType>
в”њв”Ђ int64: <DataType>
в”њв”Ђ int8: <DataType>
в”њв”Ђ nptype(trt_type)
в”њв”Ђ uint8: <DataType>
в”њв”Ђ value: <Severity>
в””в”Ђ volume(iterable)
