[TensorRT-Cookbook] Version: 1.0.0
[07/07/2026-06:27:34] [TRT] [W] inputT1: shape values set for non-shape input in profile 0.
[07/07/2026-06:27:40] [TRT] [E] IExecutionContext::setCommunicator: Error Code 3: API Usage Error (Parameter check failed, condition: mIsMdEngine == true. The engine is not a multi-device engine. In setCommunicator at /_src/runtime/api/executionContext.cpp:3004)
[07/07/2026-06:27:40] [TRT] [W] Using default stream in enqueueV3() may lead to performance issues due to additional calls to cudaStreamSynchronize() by TensorRT to ensure correct synchronization. Please use non-default stream instead.

================ Public members of <tensorrt.tensorrt.IExecutionContext object at 0x77dce8fc0230> (instance)
 1 Callback members: ['error_recorder']
25 Callable methods: ['execute_async_v3', 'execute_v2', 'get_debug_listener', 'get_debug_state', 'get_input_consumed_event', 'get_max_output_size', 'get_output_allocator', 'get_runtime_config', 'get_tensor_address', 'get_tensor_shape', 'get_tensor_strides', 'infer_shapes', 'report_to_profiler', 'set_all_tensors_debug_state', 'set_aux_streams', 'set_communicator', 'set_debug_listener', 'set_device_memory', 'set_input_consumed_event', 'set_input_shape', 'set_optimization_profile_async', 'set_output_allocator', 'set_tensor_address', 'set_tensor_debug_state', 'update_device_memory_size_for_shapes']
12 Non-callable attributions: ['active_optimization_profile', 'all_binding_shapes_specified', 'all_shape_inputs_specified', 'debug_sync', 'engine', 'enqueue_emits_profile', 'name', 'nvtx_verbosity', 'persistent_cache_limit', 'profiler', 'temporary_allocator', 'unfused_tensors_debug_state']

================ Usage coverage in this script
26/38 used members: ['active_optimization_profile', 'all_binding_shapes_specified', 'all_shape_inputs_specified', 'debug_sync', 'engine', 'enqueue_emits_profile', 'error_recorder', 'execute_async_v3', 'execute_v2', 'get_max_output_size', 'get_runtime_config', 'get_tensor_address', 'get_tensor_shape', 'get_tensor_strides', 'infer_shapes', 'name', 'nvtx_verbosity', 'persistent_cache_limit', 'profiler', 'set_aux_streams', 'set_communicator', 'set_device_memory', 'set_input_shape', 'set_optimization_profile_async', 'set_tensor_address', 'update_device_memory_size_for_shapes']
12 uncovered members: ['get_debug_listener', 'get_debug_state', 'get_input_consumed_event', 'get_output_allocator', 'report_to_profiler', 'set_all_tensors_debug_state', 'set_debug_listener', 'set_input_consumed_event', 'set_output_allocator', 'set_tensor_debug_state', 'temporary_allocator', 'unfused_tensors_debug_state']


================================================================ Usage show
context.error_recorder = None

================================================================ Meta data related
context.active_optimization_profile  = 0
context.engine = <tensorrt.tensorrt.ICudaEngine object at 0x77dce87ee570>
context.enqueue_emits_profile = True
context.get_runtime_config() = None
context.name  = ''
context.persistent_cache_limit  = 0
context.profiler  = None
context.nvtx_verbosity  = <ProfilingVerbosity.LAYER_NAMES_ONLY: 0>
context.set_communicator(...) = False

================================================================ Before setting shape
context.infer_shapes() = ['inputT0']
Members of tensorrt.tensorrt.TensorIOMode:
 0 -> NONE
 1 -> INPUT
 2 -> OUTPUT
Members of tensorrt.tensorrt.TensorLocation:
 0 -> DEVICE
 1 -> HOST
inputT0 (Input ) -> runtime_shape=(-1, -1, 5), runtime_strides=None, max_output_size=None, runtime_address=0
inputT1 (Input ) -> runtime_shape=(3,), runtime_strides=None, max_output_size=None, runtime_address=0
outputT0 (Output) -> runtime_shape=(-1, -1, 5), runtime_strides=None, max_output_size=None, runtime_address=0
outputT1 (Output) -> runtime_shape=(3,), runtime_strides=None, max_output_size=None, runtime_address=0

================================================================ After setting shape
context.infer_shapes() = []
inputT0 (Input ) -> runtime_shape=(3, 4, 5), runtime_strides=(20, 5, 1), max_output_size=None, runtime_address=131778318699008
inputT1 (Input ) -> runtime_shape=(3,), runtime_strides=(1,), max_output_size=None, runtime_address=131778318699520
outputT0 (Output) -> runtime_shape=(3, 4, 5), runtime_strides=(20, 5, 1), max_output_size=512, runtime_address=131778318700032
outputT1 (Output) -> runtime_shape=(3,), runtime_strides=(1,), max_output_size=512, runtime_address=131778318700544
context.all_binding_shapes_specified = True
context.all_shape_inputs_specified = True
context.debug_sync = False
context.update_device_memory_size_for_shapes() = 512
Finish
