[TensorRT-Cookbook] Version: 0.1.0
[04/25/2026-00:37:32] [TRT] [W] Using default stream in enqueueV3() may lead to performance issues due to additional calls to cudaStreamSynchronize() by TensorRT to ensure correct synchronization. Please use non-default stream instead.
============================== Start [case_simple,(),{}]
Input ->DataType.FLOAT, (3, 4, 5), (3, 4, 5), tensor
Output->DataType.FLOAT, (3, 4, 5), (3, 4, 5), (Unnamed Layer* 1) [Cumulative]_output
tensor
[[[ 0.  1.  2.  3.  4.]
  [ 5.  6.  7.  8.  9.]
  [10. 11. 12. 13. 14.]
  [15. 16. 17. 18. 19.]]

 [[20. 21. 22. 23. 24.]
  [25. 26. 27. 28. 29.]
  [30. 31. 32. 33. 34.]
  [35. 36. 37. 38. 39.]]

 [[40. 41. 42. 43. 44.]
  [45. 46. 47. 48. 49.]
  [50. 51. 52. 53. 54.]
  [55. 56. 57. 58. 59.]]]
(Unnamed Layer* 1) [Cumulative]_output
[[[  0.   1.   2.   3.   4.]
  [  5.   7.   9.  11.  13.]
  [ 15.  18.  21.  24.  27.]
  [ 30.  34.  38.  42.  46.]]

 [[ 20.  21.  22.  23.  24.]
  [ 45.  47.  49.  51.  53.]
  [ 75.  78.  81.  84.  87.]
  [110. 114. 118. 122. 126.]]

 [[ 40.  41.  42.  43.  44.]
  [ 85.  87.  89.  91.  93.]
  [135. 138. 141. 144. 147.]
  [190. 194. 198. 202. 206.]]]
============================== End   [case_simple]
Finish
