[TensorRT-Cookbook] Version: 0.1.0

================ Public members of <class 'tensorrt.tensorrt.Builder'> (class)
 3 Callback members: {'error_recorder', 'logger', 'gpu_allocator'}
10 Callable methods: {'is_network_supported', 'build_serialized_network', 'create_optimization_profile', '_pybind11_conduit_v1_', 'get_plugin_registry', 'build_engine_with_config', 'create_network', 'create_builder_config', 'build_serialized_network_to_stream', 'reset'}
 6 Non-callable attributions: {'platform_has_tf32', 'platform_has_fast_int8', 'max_threads', 'max_DLA_batch_size', 'num_DLA_cores', 'platform_has_fast_fp16'}

================ Public members of <tensorrt.tensorrt.Builder object at 0x721d37ae9cb0> (instance)
 3 Callback members: {'error_recorder', 'logger', 'gpu_allocator'}
10 Callable methods: {'is_network_supported', 'build_serialized_network', 'create_optimization_profile', '_pybind11_conduit_v1_', 'get_plugin_registry', 'build_engine_with_config', 'create_network', 'create_builder_config', 'build_serialized_network_to_stream', 'reset'}
 6 Non-callable attributions: {'platform_has_tf32', 'platform_has_fast_int8', 'max_threads', 'max_DLA_batch_size', 'num_DLA_cores', 'platform_has_fast_fp16'}

================ Class and Object has the same members


================ Usage coverage in this script
18/19 used members: ['build_engine_with_config', 'build_serialized_network', 'build_serialized_network_to_stream', 'create_builder_config', 'create_network', 'create_optimization_profile', 'error_recorder', 'get_plugin_registry', 'gpu_allocator', 'is_network_supported', 'logger', 'max_DLA_batch_size', 'max_threads', 'num_DLA_cores', 'platform_has_fast_fp16', 'platform_has_fast_int8', 'platform_has_tf32', 'reset']
 1 uncovered members: ['_pybind11_conduit_v1_']


================================================================ Usage show
builder.error_recorder = None
builder.logger = <tensorrt.tensorrt.Logger object at 0x721ead9e8d70>

---------------------------------------------------------------- Device related
builder.platform_has_tf32 = True
builder.platform_has_fast_fp16 = True
builder.platform_has_fast_int8 = True
builder.num_DLA_cores = 0
builder.max_DLA_batch_size = 268435456

---------------------------------------------------------------- Engine related
builder.is_network_supported(network, config) = True
builder.get_plugin_registry() = <tensorrt.tensorrt.IPluginRegistry object at 0x721d379f83b0>
Finish
