[W] In JIT build, strongly typed is enabled by default.
[V] Compiler backend convergence mode enabled
[V] Original: 1 layers
[V] After dead-layer removal: 1 layers
[V] SYMBOLIC CHECKS
[V] GRAPH NODES
[V] IDENTITY (Unnamed Layer* 0) [Identity]
[V]     Input 0
[V]         [1,6]	(# 0 (SHAPE inputT0))
[V]         [1,8]	(# 1 (SHAPE inputT0))
[V]         [1,10]	(# 2 (SHAPE inputT0))
[V]     Output 0
[V]         [1,6]	(# 0 (SHAPE inputT0))
[V]         [1,8]	(# 1 (SHAPE inputT0))
[V]         [1,10]	(# 2 (SHAPE inputT0))
[V] Graph construction completed in 0.000201013 seconds.
[V] Running: IdentityToCastTransform on (Unnamed Layer* 0) [Identity]
[V] Swap the layer type of (Unnamed Layer* 0) [Identity] from IDENTITY to CAST
[V] InternalBuildFlags::kENABLE_INTERNAL_MYELIN_TESTING is enabled, or BackendStrategy is to prefer Myelin, or weight streaming is enabled, so all operators supported by Myelin will be offloaded to Myelin.
[V] After Myelin optimization: 1 layers
[V] After adding DebugOutput nodes: 1 layers
[V] Applying ScaleNodes fusions.
[V] After scale fusion: 1 layers
[V] After dupe layer removal: 1 layers
[V] After final dead-layer removal: 1 layers
[V] After tensor merging: 1 layers
[V] After vertical fusions: 1 layers
[V] After dupe layer removal: 1 layers
[V] After final dead-layer removal: 1 layers
[V] After tensor merging: 1 layers
[V] After slice removal: 1 layers
[V] After concat removal: 1 layers
[V] Trying to split Reshape and strided tensor
[V] Graph optimization time: 0.000291705 seconds.
[V] Building graph using backend strategy 3
[I] Local timing cache in use. Profiling results in this builder pass will not be stored.
[V] Constructing optimization profile number 0 [1/1].
[V] Applying generic optimizations to the graph for inference.
[V] Reserving memory for host IO tensors. Host: 0 bytes
[V] =============== Computing costs for {ForeignNode[(Unnamed Layer* 0) [Identity]]}
[V] ForeignNode {ForeignNode[(Unnamed Layer* 0) [Identity]]} metadata:
[V] *************** Autotuning format combination: Float((* (# 1 (SHAPE inputT0)) (# 2 (SHAPE inputT0))),(# 2 (SHAPE inputT0)),1) -> Float((* (# 1 (SHAPE inputT0)) (# 2 (SHAPE inputT0))),(# 2 (SHAPE inputT0)),1) where E0=(* (# 1 (SHAPE inputT0)) (# 2 (SHAPE inputT0))) ***************
[V] --------------- Timing Runner: {ForeignNode[(Unnamed Layer* 0) [Identity]]} (Myelin[0x80000023])
[V] >>>>>>>>>>>>>>> Chose Runner Type: Myelin Tactic: 0x0000000000000000
[V] =============== Computing reformatting costs for available format set
[V] =============== Computing reformatting costs for available format set
[V] Formats and tactics selection completed in 0.000256514 seconds.
[V] After reformat layers: 1 layers
[V] Total number of blocks in pre-optimized block assignment: 1
[I] Detected 1 inputs and 1 output network tensors.
[I] Compiler backend is used during engine build.
[V] Subgraph compilation completed in 0.025 seconds.
[V] Layer: {ForeignNode[(Unnamed Layer* 0) [Identity]]} Host Persistent: 80 bytes Device Persistent: 0 bytes Scratch Memory: 0 bytes
[V] Skipped printing memory information for 0 layers with 0 memory size i.e. Host Persistent + Device Persistent + Scratch Memory == 0.
[I] Total Host Persistent Memory: 80 bytes
[I] Total Device Persistent Memory: 0 bytes
[I] Max Scratch Memory: 0 bytes
[V] Total number of blocks in optimized block assignment: 0
[I] Total Activation Memory: 0 bytes
[I] Total Weights Memory: 0 bytes
[I] Compiler backend is used during engine execution.
[V] Disabling unused tactic source: EDGE_MASK_CONVOLUTIONS
[V] Disabling unused tactic source: JIT_CONVOLUTIONS
[I] Engine generation completed in 0.0373652 seconds.
[V] Engine Layer Information:
Layer(Myelin): {ForeignNode[(Unnamed Layer* 0) [Identity]]}, Tactic: 0x0000000000000000, inputT0 (Float[-1,-1,-1]) -> (Unnamed Layer* 0) [Identity]_output (Float[-1,-1,-1])
[I] [MemUsageStats] Peak memory usage of TRT CPU/GPU memory allocators: CPU 0 MiB, GPU 0 MiB
[V] Adding 1 engine(s) to plan file.
[V] Adding 1 engine weights(s) to plan file.
[I] Loaded engine size: 0 MiB
[V] Deserialization required 104 microseconds.
[V] Total per-runner device persistent memory is 0
[V] Total per-runner host persistent memory is 80
[V] Allocated device scratch memory of size 0
[V] - Runner scratch: 0 bytes
[I] [MemUsageChange] TensorRT-managed allocation in IExecutionContext creation: CPU +0, GPU +0, now: CPU 0, GPU 0 (MiB)
[W] Using default stream in enqueueV3() may lead to performance issues due to additional calls to cudaStreamSynchronize() by TensorRT to ensure correct synchronization. Please use non-default stream instead.
[I] Loaded engine size: 0 MiB
[V] Deserialization required 63 microseconds.
[V] Total per-runner device persistent memory is 0
[V] Total per-runner host persistent memory is 80
[V] Allocated device scratch memory of size 0
[V] - Runner scratch: 0 bytes
[I] [MemUsageChange] TensorRT-managed allocation in IExecutionContext creation: CPU +0, GPU +0, now: CPU 0, GPU 0 (MiB)
[W] Using default stream in enqueueV3() may lead to performance issues due to additional calls to cudaStreamSynchronize() by TensorRT to ensure correct synchronization. Please use non-default stream instead.
Succeed building engine
Succeed saving engine (model.trt)
Succeed getting engine for inference
Input ->DataType.FLOAT, (-1, -1, -1), (3, 4, 5), inputT0
Output->DataType.FLOAT, (-1, -1, -1), (3, 4, 5), (Unnamed Layer* 0) [Identity]_output
inputT0
[[[ 0.  1.  2.  3.  4.]
  [ 5.  6.  7.  8.  9.]
  [10. 11. 12. 13. 14.]
  [15. 16. 17. 18. 19.]]

 [[20. 21. 22. 23. 24.]
  [25. 26. 27. 28. 29.]
  [30. 31. 32. 33. 34.]
  [35. 36. 37. 38. 39.]]

 [[40. 41. 42. 43. 44.]
  [45. 46. 47. 48. 49.]
  [50. 51. 52. 53. 54.]
  [55. 56. 57. 58. 59.]]]
(Unnamed Layer* 0) [Identity]_output
[[[ 0.  1.  2.  3.  4.]
  [ 5.  6.  7.  8.  9.]
  [10. 11. 12. 13. 14.]
  [15. 16. 17. 18. 19.]]

 [[20. 21. 22. 23. 24.]
  [25. 26. 27. 28. 29.]
  [30. 31. 32. 33. 34.]
  [35. 36. 37. 38. 39.]]

 [[40. 41. 42. 43. 44.]
  [45. 46. 47. 48. 49.]
  [50. 51. 52. 53. 54.]
  [55. 56. 57. 58. 59.]]]
Succeed getting serialized engine
Succeed getting engine for inference
Input ->DataType.FLOAT, (-1, -1, -1), (3, 4, 5), inputT0
Output->DataType.FLOAT, (-1, -1, -1), (3, 4, 5), (Unnamed Layer* 0) [Identity]_output
inputT0
[[[ 0.  1.  2.  3.  4.]
  [ 5.  6.  7.  8.  9.]
  [10. 11. 12. 13. 14.]
  [15. 16. 17. 18. 19.]]

 [[20. 21. 22. 23. 24.]
  [25. 26. 27. 28. 29.]
  [30. 31. 32. 33. 34.]
  [35. 36. 37. 38. 39.]]

 [[40. 41. 42. 43. 44.]
  [45. 46. 47. 48. 49.]
  [50. 51. 52. 53. 54.]
  [55. 56. 57. 58. 59.]]]
(Unnamed Layer* 0) [Identity]_output
[[[ 0.  1.  2.  3.  4.]
  [ 5.  6.  7.  8.  9.]
  [10. 11. 12. 13. 14.]
  [15. 16. 17. 18. 19.]]

 [[20. 21. 22. 23. 24.]
  [25. 26. 27. 28. 29.]
  [30. 31. 32. 33. 34.]
  [35. 36. 37. 38. 39.]]

 [[40. 41. 42. 43. 44.]
  [45. 46. 47. 48. 49.]
  [50. 51. 52. 53. 54.]
  [55. 56. 57. 58. 59.]]]
Finish
