[I] [MemUsageChange] Init CUDA: CPU +27, GPU +0, now: CPU 44, GPU 41272 (MiB)
[V] CUDA lazy loading is enabled.
[V] Trying to load shared library libnvinfer_builder_resource_sm89.so.10.16.0
[V] Loaded shared library libnvinfer_builder_resource_sm89.so.10.16.0
[I] [MemUsageChange] Init builder kernel library: CPU +206, GPU +7, now: CPU 447, GPU 41279 (MiB)
[V] Original: 1 layers
[V] After dead-layer removal: 1 layers
[V] SYMBOLIC CHECKS
[V] GRAPH NODES
[V] IDENTITY (Unnamed Layer* 0) [Identity]
[V]     Input 0
[V]         [1,6]	(# 0 (SHAPE inputT0))
[V]         [1,8]	(# 1 (SHAPE inputT0))
[V]         [1,10]	(# 2 (SHAPE inputT0))
[V]     Output 0
[V]         [1,6]	(# 0 (SHAPE inputT0))
[V]         [1,8]	(# 1 (SHAPE inputT0))
[V]         [1,10]	(# 2 (SHAPE inputT0))
[V] Graph construction completed in 0.000980996 seconds.
[V] Running: IdentityToCastTransform on (Unnamed Layer* 0) [Identity]
[V] Swap the layer type of (Unnamed Layer* 0) [Identity] from IDENTITY to CAST
[V] After adding DebugOutput nodes: 1 layers
[V] After Myelin optimization: 1 layers
[V] Applying ScaleNodes fusions.
[V] After scale fusion: 1 layers
[V] Running: CastToCopyTransform on (Unnamed Layer* 0) [Identity]
[V] Swap the layer type of (Unnamed Layer* 0) [Identity] from CAST to CAST
[V] After dupe layer removal: 1 layers
[V] After final dead-layer removal: 1 layers
[V] After tensor merging: 1 layers
[V] After vertical fusions: 1 layers
[V] After dupe layer removal: 1 layers
[V] After final dead-layer removal: 1 layers
[V] After tensor merging: 1 layers
[V] After slice removal: 1 layers
[V] After concat removal: 1 layers
[V] Trying to split Reshape and strided tensor
[V] Graph optimization time: 0.000890134 seconds.
[V] Building graph using backend strategy 2
[I] Local timing cache in use. Profiling results in this builder pass will not be stored.
[V] Constructing optimization profile number 0 [1/1].
[V] Applying generic optimizations to the graph for inference.
[V] Reserving memory for host IO tensors. Host: 0 bytes
[V] =============== Computing reformatting costs for available format set
[V] =============== Computing reformatting costs: (Unnamed Layer* 0) [Identity]
[V] *************** Autotuning format combination: Float((* (# 1 (SHAPE inputT0)) (# 2 (SHAPE inputT0))),(# 2 (SHAPE inputT0)),1) -> Float((* (# 1 (SHAPE inputT0)) (# 2 (SHAPE inputT0))),(# 2 (SHAPE inputT0)),1) where E0=(* (# 1 (SHAPE inputT0)) (# 2 (SHAPE inputT0))) ***************
[V] --------------- Timing Runner: (Unnamed Layer* 0) [Identity] (Reformat[0x80000006])
[V] Tactic: 0x00000000000003e8 Time: 0.00304621
[V] Tactic: 0x00000000000003ea Time: 0.00799479
[V] Tactic: 0x0000000000000000 Time: 0.00321016
[V] (Unnamed Layer* 0) [Identity] (Reformat[0x80000006]) profiling completed in 0.0202583 seconds. Fastest Tactic: 0x00000000000003e8 Time: 0.00304621
[V] --------------- Timing Runner: (Unnamed Layer* 0) [Identity] (MyelinReformat[0x80000035])
[I] Compiler backend is used during engine build.
[V]  (foreignNode) Set user's cuda kernel library
[V] Subgraph compilation completed in 0.109 seconds.
[V] Tactic: 0x0000000000000000 Time: 0.00457337
[V] (Unnamed Layer* 0) [Identity] (MyelinReformat[0x80000035]) profiling completed in 0.125429 seconds. Fastest Tactic: 0x0000000000000000 Time: 0.00457337
[V] >>>>>>>>>>>>>>> Chose Runner Type: Reformat Tactic: 0x00000000000003e8
[V] Formats and tactics selection completed in 0.147019 seconds.
[V] After reformat layers: 1 layers
[V] Total number of blocks in pre-optimized block assignment: 1
[I] Detected 1 inputs and 1 output network tensors.
[V] Skipped printing memory information for 1 layers with 0 memory size i.e. Host Persistent + Device Persistent + Scratch Memory == 0.
[I] Total Host Persistent Memory: 0 bytes
[I] Total Device Persistent Memory: 0 bytes
[I] Max Scratch Memory: 0 bytes
[V] Total number of blocks in optimized block assignment: 0
[I] Total Activation Memory: 0 bytes
[I] Total Weights Memory: 0 bytes
[V] Total number of generated kernels selected for the engine: 0
[V] Disabling unused tactic source: EDGE_MASK_CONVOLUTIONS
[V] Disabling unused tactic source: JIT_CONVOLUTIONS
[I] Engine generation completed in 0.148476 seconds.
[V] Engine Layer Information:
Layer(Reformat): (Unnamed Layer* 0) [Identity], Tactic: 0x00000000000003e8, inputT0 (Float[-1,-1,-1]) -> (Unnamed Layer* 0) [Identity]_output (Float[-1,-1,-1])
[I] [MemUsageStats] Peak memory usage of TRT CPU/GPU memory allocators: CPU 0 MiB, GPU 1 MiB
[V] Adding 1 engine(s) to plan file.
[V] Adding 1 engine weights(s) to plan file.
[I] Loaded engine size: 0 MiB
[V] Deserialization required 44 microseconds.
[V] Total per-runner device persistent memory is 0
[V] Total per-runner host persistent memory is 0
[V] Allocated device scratch memory of size 0
[V] - Runner scratch: 0 bytes
[I] [MemUsageChange] TensorRT-managed allocation in IExecutionContext creation: CPU +0, GPU +0, now: CPU 0, GPU 0 (MiB)
[V] CUDA lazy loading is enabled.
[W] Using default stream in enqueueV3() may lead to performance issues due to additional calls to cudaStreamSynchronize() by TensorRT to ensure correct synchronization. Please use non-default stream instead.
[I] Loaded engine size: 0 MiB
[V] Deserialization required 409 microseconds.
[V] Total per-runner device persistent memory is 0
[V] Total per-runner host persistent memory is 0
[V] Allocated device scratch memory of size 0
[V] - Runner scratch: 0 bytes
[I] [MemUsageChange] TensorRT-managed allocation in IExecutionContext creation: CPU +0, GPU +0, now: CPU 0, GPU 0 (MiB)
[V] CUDA lazy loading is enabled.
[W] Using default stream in enqueueV3() may lead to performance issues due to additional calls to cudaStreamSynchronize() by TensorRT to ensure correct synchronization. Please use non-default stream instead.
Succeed building engine
Succeed saving engine (model.trt)
Succeed getting engine for inference
Input ->DataType.FLOAT, (-1, -1, -1), (3, 4, 5), inputT0
Output->DataType.FLOAT, (-1, -1, -1), (3, 4, 5), (Unnamed Layer* 0) [Identity]_output
inputT0
[[[ 0.  1.  2.  3.  4.]
  [ 5.  6.  7.  8.  9.]
  [10. 11. 12. 13. 14.]
  [15. 16. 17. 18. 19.]]

 [[20. 21. 22. 23. 24.]
  [25. 26. 27. 28. 29.]
  [30. 31. 32. 33. 34.]
  [35. 36. 37. 38. 39.]]

 [[40. 41. 42. 43. 44.]
  [45. 46. 47. 48. 49.]
  [50. 51. 52. 53. 54.]
  [55. 56. 57. 58. 59.]]]
(Unnamed Layer* 0) [Identity]_output
[[[ 0.  1.  2.  3.  4.]
  [ 5.  6.  7.  8.  9.]
  [10. 11. 12. 13. 14.]
  [15. 16. 17. 18. 19.]]

 [[20. 21. 22. 23. 24.]
  [25. 26. 27. 28. 29.]
  [30. 31. 32. 33. 34.]
  [35. 36. 37. 38. 39.]]

 [[40. 41. 42. 43. 44.]
  [45. 46. 47. 48. 49.]
  [50. 51. 52. 53. 54.]
  [55. 56. 57. 58. 59.]]]
Succeed getting serialized engine
Succeed getting engine for inference
Input ->DataType.FLOAT, (-1, -1, -1), (3, 4, 5), inputT0
Output->DataType.FLOAT, (-1, -1, -1), (3, 4, 5), (Unnamed Layer* 0) [Identity]_output
inputT0
[[[ 0.  1.  2.  3.  4.]
  [ 5.  6.  7.  8.  9.]
  [10. 11. 12. 13. 14.]
  [15. 16. 17. 18. 19.]]

 [[20. 21. 22. 23. 24.]
  [25. 26. 27. 28. 29.]
  [30. 31. 32. 33. 34.]
  [35. 36. 37. 38. 39.]]

 [[40. 41. 42. 43. 44.]
  [45. 46. 47. 48. 49.]
  [50. 51. 52. 53. 54.]
  [55. 56. 57. 58. 59.]]]
(Unnamed Layer* 0) [Identity]_output
[[[ 0.  1.  2.  3.  4.]
  [ 5.  6.  7.  8.  9.]
  [10. 11. 12. 13. 14.]
  [15. 16. 17. 18. 19.]]

 [[20. 21. 22. 23. 24.]
  [25. 26. 27. 28. 29.]
  [30. 31. 32. 33. 34.]
  [35. 36. 37. 38. 39.]]

 [[40. 41. 42. 43. 44.]
  [45. 46. 47. 48. 49.]
  [50. 51. 52. 53. 54.]
  [55. 56. 57. 58. 59.]]]
Finish
