[MyGpuAllocator::__init__]()
[MyGpuAllocator::allocate](1024,512,1)
[MyGpuAllocator::reallocate](140553385949184,512,2048)
[MyGpuAllocator::allocate](2048,512,1)
[MyGpuAllocator::deallocate](140553385949184)
[MyGpuAllocator::deallocate](140553385950208)
[MyGpuAllocator::allocate](1024,512,1)
[MyGpuAllocator::reallocate](140553385949184,512,2048)
[MyGpuAllocator::allocate](2048,512,1)
[MyGpuAllocator::deallocate](140553385949184)
[MyGpuAllocator::deallocate](140553385950208)
[MyGpuAllocator::allocate](4194304,512,1)
[MyGpuAllocator::allocate](5120,512,0)
[MyGpuAllocator::allocate](128,512,0)
[MyGpuAllocator::deallocate](140553385954304)
[MyGpuAllocator::deallocate](140553385949184)
[MyGpuAllocator::allocate](5120,512,0)
[MyGpuAllocator::deallocate](140553385949184)
[MyGpuAllocator::allocate](5120,512,0)
[MyGpuAllocator::allocate](128,512,0)
[MyGpuAllocator::deallocate](140553385954304)
[MyGpuAllocator::deallocate](140553385949184)
[MyGpuAllocator::allocate](5120,512,0)
[MyGpuAllocator::deallocate](140553385949184)
[MyGpuAllocator::allocate](5120,512,0)
[MyGpuAllocator::allocate](128,512,0)
[MyGpuAllocator::deallocate](140553385954304)
[MyGpuAllocator::deallocate](140553385949184)
[MyGpuAllocator::allocate](5120,512,0)
[MyGpuAllocator::deallocate](140553385949184)
[MyGpuAllocator::allocate](5120,512,0)
[MyGpuAllocator::allocate](128,512,0)
[MyGpuAllocator::deallocate](140553385954304)
[MyGpuAllocator::deallocate](140553385949184)
[MyGpuAllocator::allocate](5120,512,0)
[MyGpuAllocator::deallocate](140553385949184)
[MyGpuAllocator::allocate](5120,512,0)
[MyGpuAllocator::allocate](128,512,0)
[MyGpuAllocator::deallocate](140553385954304)
[MyGpuAllocator::deallocate](140553385949184)
[MyGpuAllocator::allocate](5120,512,0)
[MyGpuAllocator::deallocate](140553385949184)
[MyGpuAllocator::allocate](5120,512,0)
[MyGpuAllocator::allocate](128,512,0)
[MyGpuAllocator::deallocate](140553385954304)
[MyGpuAllocator::deallocate](140553385949184)
[MyGpuAllocator::allocate](5120,512,0)
[MyGpuAllocator::deallocate](140553385949184)
[MyGpuAllocator::allocate](5120,512,0)
[MyGpuAllocator::allocate](128,512,0)
[MyGpuAllocator::deallocate](140553385954304)
[MyGpuAllocator::deallocate](140553385949184)
[MyGpuAllocator::allocate](5120,512,0)
[MyGpuAllocator::deallocate](140553385949184)
[MyGpuAllocator::allocate](5120,512,0)
[MyGpuAllocator::allocate](128,512,0)
[MyGpuAllocator::deallocate](140553385954304)
[MyGpuAllocator::deallocate](140553385949184)
[MyGpuAllocator::allocate](5120,512,0)
[MyGpuAllocator::deallocate](140553385949184)
[MyGpuAllocator::allocate](5120,512,0)
[MyGpuAllocator::allocate](128,512,0)
[MyGpuAllocator::deallocate](140553385954304)
[MyGpuAllocator::deallocate](140553385949184)
[MyGpuAllocator::allocate](5120,512,0)
[MyGpuAllocator::deallocate](140553385949184)
[MyGpuAllocator::allocate](5120,512,0)
[MyGpuAllocator::allocate](128,512,0)
[MyGpuAllocator::deallocate](140553385954304)
[MyGpuAllocator::deallocate](140553385949184)
[MyGpuAllocator::allocate](5120,512,0)
[MyGpuAllocator::deallocate](140553385949184)
[MyGpuAllocator::allocate](5120,512,0)
[MyGpuAllocator::allocate](128,512,0)
[MyGpuAllocator::deallocate](140553385954304)
[MyGpuAllocator::deallocate](140553385949184)
[MyGpuAllocator::allocate](5120,512,0)
[MyGpuAllocator::deallocate](140553385949184)
[MyGpuAllocator::allocate](5120,512,0)
[MyGpuAllocator::allocate](128,512,0)
[MyGpuAllocator::deallocate](140553385954304)
[MyGpuAllocator::deallocate](140553385949184)
[MyGpuAllocator::allocate](5120,512,0)
[MyGpuAllocator::deallocate](140553385949184)
[MyGpuAllocator::allocate](5120,512,0)
[MyGpuAllocator::allocate](128,512,0)
[MyGpuAllocator::deallocate](140553385954304)
[MyGpuAllocator::deallocate](140553385949184)
[MyGpuAllocator::allocate](5120,512,0)
[MyGpuAllocator::deallocate](140553385949184)
[MyGpuAllocator::allocate](5120,512,0)
[MyGpuAllocator::allocate](128,512,0)
[MyGpuAllocator::deallocate](140553385954304)
[MyGpuAllocator::deallocate](140553385949184)
[MyGpuAllocator::allocate](5120,512,0)
[MyGpuAllocator::deallocate](140553385949184)
[MyGpuAllocator::allocate](5120,512,0)
[MyGpuAllocator::allocate](128,512,0)
[MyGpuAllocator::deallocate](140553385954304)
[MyGpuAllocator::deallocate](140553385949184)
[MyGpuAllocator::allocate](5120,512,0)
[MyGpuAllocator::deallocate](140553385949184)
[MyGpuAllocator::allocate](5120,512,0)
[MyGpuAllocator::allocate](128,512,0)
[MyGpuAllocator::deallocate](140553385954304)
[MyGpuAllocator::deallocate](140553385949184)
[MyGpuAllocator::allocate](5120,512,0)
[MyGpuAllocator::deallocate](140553385949184)
[MyGpuAllocator::allocate](5120,512,0)
[MyGpuAllocator::allocate](128,512,0)
[MyGpuAllocator::deallocate](140553385954304)
[MyGpuAllocator::deallocate](140553385949184)
[MyGpuAllocator::allocate](5120,512,0)
[MyGpuAllocator::deallocate](140553385949184)
[MyGpuAllocator::allocate](5120,512,0)
[MyGpuAllocator::allocate](128,512,0)
[MyGpuAllocator::deallocate](140553385954304)
[MyGpuAllocator::deallocate](140553385949184)
[MyGpuAllocator::allocate](5120,512,0)
[MyGpuAllocator::deallocate](140553385949184)
[MyGpuAllocator::reallocate](140553402449920,512,19922944)
[MyGpuAllocator::allocate](19922944,512,1)
[MyGpuAllocator::deallocate](140553402449920)
[MyGpuAllocator::allocate](1536,512,0)
[MyGpuAllocator::allocate](256,512,0)
[MyGpuAllocator::deallocate](140553385950720)
[MyGpuAllocator::deallocate](140553385949184)
[MyGpuAllocator::allocate](1536,512,0)
[MyGpuAllocator::deallocate](140553385949184)
[MyGpuAllocator::allocate](1536,512,0)
[MyGpuAllocator::allocate](256,512,0)
[MyGpuAllocator::deallocate](140553385950720)
[MyGpuAllocator::deallocate](140553385949184)
[MyGpuAllocator::allocate](1536,512,0)
[MyGpuAllocator::deallocate](140553385949184)
[MyGpuAllocator::allocate](1536,512,0)
[MyGpuAllocator::allocate](256,512,0)
[MyGpuAllocator::deallocate](140553385950720)
[MyGpuAllocator::deallocate](140553385949184)
[MyGpuAllocator::allocate](1536,512,0)
[MyGpuAllocator::deallocate](140553385949184)
[MyGpuAllocator::allocate](1536,512,0)
[MyGpuAllocator::allocate](256,512,0)
[MyGpuAllocator::deallocate](140553385950720)
[MyGpuAllocator::deallocate](140553385949184)
[MyGpuAllocator::allocate](1536,512,0)
[MyGpuAllocator::deallocate](140553385949184)
[MyGpuAllocator::allocate](1536,512,0)
[MyGpuAllocator::allocate](256,512,0)
[MyGpuAllocator::deallocate](140553385950720)
[MyGpuAllocator::deallocate](140553385949184)
[MyGpuAllocator::allocate](1536,512,0)
[MyGpuAllocator::deallocate](140553385949184)
[MyGpuAllocator::allocate](1536,512,0)
[MyGpuAllocator::allocate](256,512,0)
[MyGpuAllocator::deallocate](140553385950720)
[MyGpuAllocator::deallocate](140553385949184)
[MyGpuAllocator::allocate](1536,512,0)
[MyGpuAllocator::deallocate](140553385949184)
[MyGpuAllocator::allocate](1536,512,0)
[MyGpuAllocator::allocate](256,512,0)
[MyGpuAllocator::deallocate](140553385950720)
[MyGpuAllocator::deallocate](140553385949184)
[MyGpuAllocator::allocate](1536,512,0)
[MyGpuAllocator::deallocate](140553385949184)
[MyGpuAllocator::allocate](1536,512,0)
[MyGpuAllocator::allocate](256,512,0)
[MyGpuAllocator::deallocate](140553385950720)
[MyGpuAllocator::deallocate](140553385949184)
[MyGpuAllocator::allocate](1536,512,0)
[MyGpuAllocator::deallocate](140553385949184)
[MyGpuAllocator::allocate](1536,512,0)
[MyGpuAllocator::allocate](256,512,0)
[MyGpuAllocator::deallocate](140553385950720)
[MyGpuAllocator::deallocate](140553385949184)
[MyGpuAllocator::allocate](1536,512,0)
[MyGpuAllocator::deallocate](140553385949184)
[MyGpuAllocator::allocate](1536,512,0)
[MyGpuAllocator::allocate](256,512,0)
[MyGpuAllocator::deallocate](140553385950720)
[MyGpuAllocator::deallocate](140553385949184)
[MyGpuAllocator::allocate](1536,512,0)
[MyGpuAllocator::deallocate](140553385949184)
[MyGpuAllocator::allocate](1536,512,0)
[MyGpuAllocator::allocate](256,512,0)
[MyGpuAllocator::deallocate](140553385950720)
[MyGpuAllocator::deallocate](140553385949184)
[MyGpuAllocator::allocate](1536,512,0)
[MyGpuAllocator::deallocate](140553385949184)
[MyGpuAllocator::allocate](1536,512,0)
[MyGpuAllocator::allocate](256,512,0)
[MyGpuAllocator::deallocate](140553385950720)
[MyGpuAllocator::deallocate](140553385949184)
[MyGpuAllocator::allocate](1536,512,0)
[MyGpuAllocator::deallocate](140553385949184)
[MyGpuAllocator::allocate](1536,512,0)
[MyGpuAllocator::allocate](256,512,0)
[MyGpuAllocator::deallocate](140553385950720)
[MyGpuAllocator::deallocate](140553385949184)
[MyGpuAllocator::allocate](1536,512,0)
[MyGpuAllocator::deallocate](140553385949184)
[MyGpuAllocator::allocate](1536,512,0)
[MyGpuAllocator::allocate](256,512,0)
[MyGpuAllocator::deallocate](140553385950720)
[MyGpuAllocator::deallocate](140553385949184)
[MyGpuAllocator::allocate](1536,512,0)
[MyGpuAllocator::deallocate](140553385949184)
[MyGpuAllocator::allocate](1536,512,0)
[MyGpuAllocator::allocate](256,512,0)
[MyGpuAllocator::deallocate](140553385950720)
[MyGpuAllocator::deallocate](140553385949184)
[MyGpuAllocator::allocate](1536,512,0)
[MyGpuAllocator::deallocate](140553385949184)
[MyGpuAllocator::allocate](1536,512,0)
[MyGpuAllocator::allocate](256,512,0)
[MyGpuAllocator::deallocate](140553385950720)
[MyGpuAllocator::deallocate](140553385949184)
[MyGpuAllocator::allocate](1536,512,0)
[MyGpuAllocator::deallocate](140553385949184)
[MyGpuAllocator::allocate](1536,512,0)
[MyGpuAllocator::allocate](256,512,0)
[MyGpuAllocator::deallocate](140553385950720)
[MyGpuAllocator::deallocate](140553385949184)
[MyGpuAllocator::allocate](1536,512,0)
[MyGpuAllocator::deallocate](140553385949184)
[MyGpuAllocator::allocate](1536,512,0)
[MyGpuAllocator::allocate](256,512,0)
[MyGpuAllocator::deallocate](140553385950720)
[MyGpuAllocator::deallocate](140553385949184)
[MyGpuAllocator::allocate](1536,512,0)
[MyGpuAllocator::deallocate](140553385949184)
[MyGpuAllocator::allocate](1536,512,0)
[MyGpuAllocator::allocate](256,512,0)
[MyGpuAllocator::deallocate](140553385950720)
[MyGpuAllocator::deallocate](140553385949184)
[MyGpuAllocator::allocate](1536,512,0)
[MyGpuAllocator::deallocate](140553385949184)
[MyGpuAllocator::allocate](1536,512,0)
[MyGpuAllocator::allocate](256,512,0)
[MyGpuAllocator::deallocate](140553385950720)
[MyGpuAllocator::deallocate](140553385949184)
[MyGpuAllocator::allocate](1536,512,0)
[MyGpuAllocator::deallocate](140553385949184)
[MyGpuAllocator::reallocate](140553417129984,512,450887680)
[MyGpuAllocator::allocate](450887680,512,1)
[MyGpuAllocator::deallocate](140553417129984)
[MyGpuAllocator::allocate](512,512,0)
[MyGpuAllocator::allocate](4096,512,0)
[MyGpuAllocator::deallocate](140553385949696)
[MyGpuAllocator::deallocate](140553385949184)
[MyGpuAllocator::allocate](512,512,0)
[MyGpuAllocator::deallocate](140553385949184)
[MyGpuAllocator::allocate](512,512,0)
[MyGpuAllocator::allocate](4096,512,0)
[MyGpuAllocator::deallocate](140553385949696)
[MyGpuAllocator::deallocate](140553385949184)
[MyGpuAllocator::allocate](512,512,0)
[MyGpuAllocator::deallocate](140553385949184)
[MyGpuAllocator::allocate](512,512,0)
[MyGpuAllocator::allocate](4096,512,0)
[MyGpuAllocator::deallocate](140553385949696)
[MyGpuAllocator::deallocate](140553385949184)
[MyGpuAllocator::allocate](512,512,0)
[MyGpuAllocator::deallocate](140553385949184)
[MyGpuAllocator::allocate](512,512,0)
[MyGpuAllocator::allocate](4096,512,0)
[MyGpuAllocator::deallocate](140553385949696)
[MyGpuAllocator::deallocate](140553385949184)
[MyGpuAllocator::allocate](512,512,0)
[MyGpuAllocator::deallocate](140553385949184)
[MyGpuAllocator::allocate](512,512,0)
[MyGpuAllocator::allocate](4096,512,0)
[MyGpuAllocator::deallocate](140553385949696)
[MyGpuAllocator::deallocate](140553385949184)
[MyGpuAllocator::allocate](512,512,0)
[MyGpuAllocator::deallocate](140553385949184)
[MyGpuAllocator::allocate](512,512,0)
[MyGpuAllocator::allocate](4096,512,0)
[MyGpuAllocator::deallocate](140553385949696)
[MyGpuAllocator::deallocate](140553385949184)
[MyGpuAllocator::allocate](512,512,0)
[MyGpuAllocator::deallocate](140553385949184)
[MyGpuAllocator::allocate](512,512,0)
[MyGpuAllocator::allocate](4096,512,0)
[MyGpuAllocator::deallocate](140553385949696)
[MyGpuAllocator::deallocate](140553385949184)
[MyGpuAllocator::allocate](512,512,0)
[MyGpuAllocator::deallocate](140553385949184)
[MyGpuAllocator::allocate](512,512,0)
[MyGpuAllocator::allocate](4096,512,0)
[MyGpuAllocator::deallocate](140553385949696)
[MyGpuAllocator::deallocate](140553385949184)
[MyGpuAllocator::allocate](512,512,0)
[MyGpuAllocator::deallocate](140553385949184)
[MyGpuAllocator::allocate](512,512,0)
[MyGpuAllocator::allocate](4096,512,0)
[MyGpuAllocator::deallocate](140553385949696)
[MyGpuAllocator::deallocate](140553385949184)
[MyGpuAllocator::allocate](512,512,0)
[MyGpuAllocator::deallocate](140553385949184)
[MyGpuAllocator::allocate](512,512,0)
[MyGpuAllocator::allocate](4096,512,0)
[MyGpuAllocator::deallocate](140553385949696)
[MyGpuAllocator::deallocate](140553385949184)
[MyGpuAllocator::allocate](512,512,0)
[MyGpuAllocator::deallocate](140553385949184)
[MyGpuAllocator::allocate](512,512,0)
[MyGpuAllocator::allocate](4096,512,0)
[MyGpuAllocator::deallocate](140553385949696)
[MyGpuAllocator::deallocate](140553385949184)
[MyGpuAllocator::allocate](512,512,0)
[MyGpuAllocator::deallocate](140553385949184)
[MyGpuAllocator::allocate](512,512,0)
[MyGpuAllocator::allocate](4096,512,0)
[MyGpuAllocator::deallocate](140553385949696)
[MyGpuAllocator::deallocate](140553385949184)
[MyGpuAllocator::allocate](512,512,0)
[MyGpuAllocator::deallocate](140553385949184)
[MyGpuAllocator::allocate](512,512,0)
[MyGpuAllocator::allocate](4096,512,0)
[MyGpuAllocator::deallocate](140553385949696)
[MyGpuAllocator::deallocate](140553385949184)
[MyGpuAllocator::allocate](512,512,0)
[MyGpuAllocator::deallocate](140553385949184)
[MyGpuAllocator::allocate](512,512,0)
[MyGpuAllocator::allocate](4096,512,0)
[MyGpuAllocator::deallocate](140553385949696)
[MyGpuAllocator::deallocate](140553385949184)
[MyGpuAllocator::allocate](512,512,0)
[MyGpuAllocator::deallocate](140553385949184)
[MyGpuAllocator::allocate](512,512,0)
[MyGpuAllocator::allocate](4096,512,0)
[MyGpuAllocator::deallocate](140553385949696)
[MyGpuAllocator::deallocate](140553385949184)
[MyGpuAllocator::allocate](512,512,0)
[MyGpuAllocator::deallocate](140553385949184)
[MyGpuAllocator::allocate](512,512,0)
[MyGpuAllocator::allocate](4096,512,0)
[MyGpuAllocator::deallocate](140553385949696)
[MyGpuAllocator::deallocate](140553385949184)
[MyGpuAllocator::allocate](512,512,0)
[MyGpuAllocator::deallocate](140553385949184)
[MyGpuAllocator::allocate](512,512,0)
[MyGpuAllocator::allocate](4096,512,0)
[MyGpuAllocator::deallocate](140553385949696)
[MyGpuAllocator::deallocate](140553385949184)
[MyGpuAllocator::allocate](512,512,0)
[MyGpuAllocator::deallocate](140553385949184)
[MyGpuAllocator::allocate](512,512,0)
[MyGpuAllocator::allocate](4096,512,0)
[MyGpuAllocator::deallocate](140553385949696)
[MyGpuAllocator::deallocate](140553385949184)
[MyGpuAllocator::allocate](512,512,0)
[MyGpuAllocator::deallocate](140553385949184)
[MyGpuAllocator::allocate](512,512,0)
[MyGpuAllocator::allocate](4096,512,0)
[MyGpuAllocator::deallocate](140553385949696)
[MyGpuAllocator::deallocate](140553385949184)
[MyGpuAllocator::allocate](512,512,0)
[MyGpuAllocator::deallocate](140553385949184)
[MyGpuAllocator::allocate](512,512,0)
[MyGpuAllocator::allocate](4096,512,0)
[MyGpuAllocator::deallocate](140553385949696)
[MyGpuAllocator::deallocate](140553385949184)
[MyGpuAllocator::allocate](512,512,0)
[MyGpuAllocator::deallocate](140553385949184)
[MyGpuAllocator::allocate](512,512,0)
[MyGpuAllocator::allocate](4096,512,0)
[MyGpuAllocator::deallocate](140553385949696)
[MyGpuAllocator::deallocate](140553385949184)
[MyGpuAllocator::allocate](512,512,0)
[MyGpuAllocator::deallocate](140553385949184)
[MyGpuAllocator::allocate](512,512,0)
[MyGpuAllocator::allocate](4096,512,0)
[MyGpuAllocator::deallocate](140553385949696)
[MyGpuAllocator::deallocate](140553385949184)
[MyGpuAllocator::allocate](512,512,0)
[MyGpuAllocator::deallocate](140553385949184)
[MyGpuAllocator::allocate](512,512,0)
[MyGpuAllocator::allocate](40,512,0)
[MyGpuAllocator::deallocate](140553385949696)
[MyGpuAllocator::deallocate](140553385949184)
[MyGpuAllocator::allocate](512,512,0)
[MyGpuAllocator::deallocate](140553385949184)
[MyGpuAllocator::allocate](512,512,0)
[MyGpuAllocator::allocate](40,512,0)
[MyGpuAllocator::deallocate](140553385949696)
[MyGpuAllocator::deallocate](140553385949184)
[MyGpuAllocator::allocate](512,512,0)
[MyGpuAllocator::deallocate](140553385949184)
[MyGpuAllocator::allocate](512,512,0)
[MyGpuAllocator::allocate](40,512,0)
[MyGpuAllocator::deallocate](140553385949696)
[MyGpuAllocator::deallocate](140553385949184)
[MyGpuAllocator::allocate](512,512,0)
[MyGpuAllocator::deallocate](140553385949184)
[MyGpuAllocator::allocate](512,512,0)
[MyGpuAllocator::allocate](40,512,0)
[MyGpuAllocator::deallocate](140553385949696)
[MyGpuAllocator::deallocate](140553385949184)
[MyGpuAllocator::allocate](512,512,0)
[MyGpuAllocator::deallocate](140553385949184)
[MyGpuAllocator::allocate](512,512,0)
[MyGpuAllocator::allocate](40,512,0)
[MyGpuAllocator::deallocate](140553385949696)
[MyGpuAllocator::deallocate](140553385949184)
[MyGpuAllocator::allocate](512,512,0)
[MyGpuAllocator::deallocate](140553385949184)
[MyGpuAllocator::allocate](512,512,0)
[MyGpuAllocator::allocate](40,512,0)
[MyGpuAllocator::deallocate](140553385949696)
[MyGpuAllocator::deallocate](140553385949184)
[MyGpuAllocator::allocate](512,512,0)
[MyGpuAllocator::deallocate](140553385949184)
[MyGpuAllocator::allocate](512,512,0)
[MyGpuAllocator::allocate](40,512,0)
[MyGpuAllocator::deallocate](140553385949696)
[MyGpuAllocator::deallocate](140553385949184)
[MyGpuAllocator::allocate](512,512,0)
[MyGpuAllocator::deallocate](140553385949184)
[MyGpuAllocator::allocate](512,512,0)
[MyGpuAllocator::allocate](40,512,0)
[MyGpuAllocator::deallocate](140553385949696)
[MyGpuAllocator::deallocate](140553385949184)
[MyGpuAllocator::allocate](512,512,0)
[MyGpuAllocator::deallocate](140553385949184)
[MyGpuAllocator::allocate](512,512,0)
[MyGpuAllocator::allocate](40,512,0)
[MyGpuAllocator::deallocate](140553385949696)
[MyGpuAllocator::deallocate](140553385949184)
[MyGpuAllocator::allocate](512,512,0)
[MyGpuAllocator::deallocate](140553385949184)
[MyGpuAllocator::allocate](512,512,0)
[MyGpuAllocator::allocate](40,512,0)
[MyGpuAllocator::deallocate](140553385949696)
[MyGpuAllocator::deallocate](140553385949184)
[MyGpuAllocator::allocate](512,512,0)
[MyGpuAllocator::deallocate](140553385949184)
[MyGpuAllocator::allocate](512,512,0)
[MyGpuAllocator::allocate](40,512,0)
[MyGpuAllocator::deallocate](140553385949696)
[MyGpuAllocator::deallocate](140553385949184)
[MyGpuAllocator::allocate](512,512,0)
[MyGpuAllocator::deallocate](140553385949184)
[MyGpuAllocator::allocate](512,512,0)
[MyGpuAllocator::allocate](40,512,0)
[MyGpuAllocator::deallocate](140553385949696)
[MyGpuAllocator::deallocate](140553385949184)
[MyGpuAllocator::allocate](512,512,0)
[MyGpuAllocator::deallocate](140553385949184)
[MyGpuAllocator::allocate](512,512,0)
[MyGpuAllocator::allocate](40,512,0)
[MyGpuAllocator::deallocate](140553385949696)
[MyGpuAllocator::deallocate](140553385949184)
[MyGpuAllocator::allocate](512,512,0)
[MyGpuAllocator::deallocate](140553385949184)
[MyGpuAllocator::allocate](512,512,0)
[MyGpuAllocator::allocate](40,512,0)
[MyGpuAllocator::deallocate](140553385949696)
[MyGpuAllocator::deallocate](140553385949184)
[MyGpuAllocator::allocate](512,512,0)
[MyGpuAllocator::deallocate](140553385949184)
[MyGpuAllocator::allocate](512,512,0)
[MyGpuAllocator::allocate](40,512,0)
[MyGpuAllocator::deallocate](140553385949696)
[MyGpuAllocator::deallocate](140553385949184)
[MyGpuAllocator::allocate](512,512,0)
[MyGpuAllocator::deallocate](140553385949184)
[MyGpuAllocator::allocate](512,512,0)
[MyGpuAllocator::allocate](40,512,0)
[MyGpuAllocator::deallocate](140553385949696)
[MyGpuAllocator::deallocate](140553385949184)
[MyGpuAllocator::allocate](512,512,0)
[MyGpuAllocator::deallocate](140553385949184)
[MyGpuAllocator::allocate](512,512,0)
[MyGpuAllocator::allocate](40,512,0)
[MyGpuAllocator::deallocate](140553385949696)
[MyGpuAllocator::deallocate](140553385949184)
[MyGpuAllocator::allocate](512,512,0)
[MyGpuAllocator::deallocate](140553385949184)
[MyGpuAllocator::allocate](512,512,0)
[MyGpuAllocator::allocate](40,512,0)
[MyGpuAllocator::deallocate](140553385949696)
[MyGpuAllocator::deallocate](140553385949184)
[MyGpuAllocator::allocate](512,512,0)
[MyGpuAllocator::deallocate](140553385949184)
[MyGpuAllocator::deallocate](140551932346368)
[MyGpuAllocator::allocate](5120,512,0)
[MyGpuAllocator::allocate](4194304,512,1)
[MyGpuAllocator::allocate](128,512,0)
[MyGpuAllocator::deallocate](140553385954304)
[MyGpuAllocator::deallocate](140553385949184)
[MyGpuAllocator::reallocate](140553402449920,512,13631488)
[MyGpuAllocator::allocate](13631488,512,1)
[MyGpuAllocator::deallocate](140553402449920)
[MyGpuAllocator::allocate](5120,512,0)
[MyGpuAllocator::deallocate](140553417129984)
[MyGpuAllocator::deallocate](140553386081280)
[MyGpuAllocator::__init__]()
[MyGpuAllocator::allocate](13099048,512,0)
[MyGpuAllocator::allocate](5120,512,0)
[MyGpuAllocator::allocate](5120,512,0)
[MyGpuAllocator::allocate](251392,512,0)
Bind[ 0]:i[ 0]-> DataType.FLOAT (-1, 1, 28, 28) (1, 1, 28, 28) inputT0
Bind[ 1]:o[ 0]-> DataType.INT32 (-1, 1) (1, 1) (Unnamed Layer* 17) [TopK]_output_2
inputT0
[ 0.674  0.94  -0.106 -0.431  0.542 -0.402  0.953  0.858 -0.591 -0.31  -0.575 -0.402 -0.313  0.82  -0.729 -0.61  -0.678 -0.776 -0.17  -0.397 -0.727  0.531  0.205  0.234  0.334  0.482 -0.189 -0.651
 -0.655 -0.341  0.275  0.882 -0.464 -0.83   0.993 -0.986  0.873 -0.274  0.642 -0.746 -0.167  0.732 -0.628  0.329 -0.006 -0.665  0.835 -0.473  0.515  0.764 -0.495  0.712 -0.823 -0.122  0.825  0.998
  0.898  0.05   0.26  -0.465 -0.354  0.007 -0.811 -0.9   -0.288 -0.609 -0.822  0.809 -0.021  0.621 -0.798 -0.111 -0.241  0.252 -0.545 -0.775 -0.324  0.076 -0.57   0.697  0.204  0.809 -0.945 -0.627
  0.507 -0.725  0.012  0.826 -0.116 -0.51  -0.518 -0.356  0.414  0.058 -0.953  0.499 -0.611  0.826  0.368 -0.24  -0.543  0.975  0.258 -0.373 -0.363  0.47   0.886  0.382 -0.947  0.74  -0.462 -0.169
  0.008  0.997 -0.14   0.185 -0.356 -0.895 -0.27  -0.996  0.073  0.394  0.384 -0.409  0.248 -0.443 -0.444 -0.641  0.32   0.341  0.403 -0.361 -0.117  0.997  0.467  0.873 -0.243 -0.294 -0.814 -0.13
  0.684 -0.755  0.843  0.576  0.943  0.97  -0.354 -0.511  0.673 -0.894 -0.268  0.692  0.045  0.862  0.936  0.72  -0.72  -0.61   0.218 -0.603 -0.719 -0.198  0.903 -0.263  0.421  0.168 -0.372 -0.357
  0.483 -0.382 -0.474  0.213 -0.314 -0.294  0.209  0.264 -0.665 -0.171  0.119  0.413 -0.087 -0.246 -0.725  0.896 -0.632  0.305  0.319 -0.812  0.281 -0.111 -0.523  0.522 -0.093  0.703 -0.059 -0.753
 -0.253 -0.876 -0.962  0.518  0.952 -0.455 -0.834  0.118  0.339  0.522  0.635  0.435 -0.407  0.656  0.553 -0.541  0.138 -0.213  0.357 -0.849 -0.472 -0.118  0.683 -0.221 -0.679  0.887 -0.265  0.624
  0.474 -0.93   0.021 -0.07  -0.678 -0.44   0.632  0.842 -0.478 -0.119  0.992 -0.583  0.28  -0.058  0.669  0.8    0.949  0.078  0.936  0.35   0.135 -0.678  0.395 -0.321 -0.752  0.795 -0.881 -0.63
  0.74   0.612  0.51   0.735  0.37   0.813  0.247  0.023 -0.009  0.935 -0.806  0.152 -0.192  0.977  0.431  0.947  0.635 -0.986 -0.238 -0.161  0.918 -0.257  0.523  0.002  0.483  0.173 -0.394 -0.51
  0.638  0.469 -0.553 -0.918  0.539 -0.052  0.132 -0.556  0.202  0.484  0.614  0.342 -0.353  0.441  0.229 -0.174 -0.53   0.227  0.686 -0.934 -0.25   0.934 -0.858 -0.118  0.905 -0.292  0.597  0.293
  0.341 -0.16  -0.049 -0.002  0.676  0.643 -0.269  0.099 -0.499  0.272  0.618  0.798 -0.682  0.192  0.486  0.266 -0.148  0.205 -0.02   0.052 -0.231 -0.326 -0.288 -0.935  0.315 -0.443  0.815  0.15
  0.611 -0.459  0.265  0.031 -0.032  0.916 -0.547  0.944  0.845 -0.784  0.975 -0.771  0.599  0.164  0.416 -0.747  0.024  0.813  0.476  0.068  0.495  0.115  0.181  0.035 -0.415 -0.585 -0.284  0.691
 -0.683  0.444 -0.702  0.746  0.955  0.005  0.535 -0.134  0.942  0.176 -0.592 -0.846 -0.38   0.655  0.505 -0.783 -0.324  0.483 -0.308 -0.617 -0.9    0.975 -0.953 -0.346 -0.829  0.04  -0.574  0.943
 -0.252 -0.446  0.029  0.039  0.2    0.573  0.655  0.312 -0.443 -0.622 -0.405  0.882 -0.943 -0.983 -0.833 -0.868  0.376  0.792 -0.721  0.536 -0.733 -0.217 -0.961  0.915 -0.744  0.277 -0.707 -0.272
  0.209  0.475  0.042  0.84  -0.493  0.545  0.32  -0.656 -0.798 -0.547 -0.018 -0.006 -0.353 -0.66  -0.275 -0.623  0.437  0.839  0.483 -0.104 -0.592  0.729 -0.055  0.646  0.962  0.573 -0.214  0.741
 -0.17  -0.271  0.712 -0.631  0.139  0.554 -0.178 -0.442 -0.725 -0.12  -0.395 -0.798  0.131 -0.881  0.356 -0.897  0.514  0.991 -0.642  0.9    0.611  0.588  0.396  0.159  0.658  0.531 -0.567 -0.697
 -0.14  -0.854 -0.147 -0.67   0.605  0.366 -0.285  0.25   0.677 -0.465  0.317 -0.1   -0.185  0.575  0.943  0.15   0.656 -0.542  0.058  0.322  0.975 -0.43   0.614  0.25  -0.306  0.241  0.798 -0.168
  0.19  -0.386  0.381 -0.178  0.664  0.8    0.642 -0.151 -0.866 -0.918  0.254 -0.23  -0.151  0.407  0.992 -0.025  0.094 -0.762  0.112  0.461 -0.226  0.969  0.957  0.677  0.669 -0.064  0.337 -0.294
  0.218 -0.659  0.025  0.346  0.409 -0.79   0.022 -0.237 -0.301 -0.789 -0.577 -0.137 -0.298  0.834  0.661  0.68  -0.124 -0.17  -0.813 -0.266 -0.464  0.639 -0.518  0.553  0.948 -0.275 -0.334 -0.502
  0.154 -0.055  0.938 -0.435  0.073  0.749 -0.668  0.343  0.669  0.438  0.321  0.721 -0.37   0.798 -0.607 -0.546 -0.923 -0.679  0.171 -0.995  0.256 -0.507 -0.837 -0.733  0.376 -0.288 -0.391  0.871
 -0.141  0.67   0.687 -0.958 -0.415 -0.804 -0.972 -0.87   0.735  0.085  0.206  0.188 -0.077  0.885  0.763 -0.858 -0.965 -0.256  0.828 -0.626  0.319 -0.704  0.189 -0.516 -0.956 -0.373 -0.478  0.383
 -0.686 -0.883  0.987  0.096  0.669  0.35  -0.282  0.687  0.509  0.296 -0.205  0.703 -0.843 -0.684  0.796 -0.107  0.414 -0.471  0.621  0.704 -0.147  0.073 -0.214  0.709  0.106  0.881 -0.559 -0.465
  0.252  0.701  0.494  0.834 -0.658 -0.508  0.42   0.35   0.951  0.775 -0.72   0.011 -0.791  0.535  0.377 -0.09   0.789  0.712 -0.71  -0.881 -0.601 -0.375 -0.721  0.368 -0.545 -0.143 -0.776 -0.498
  0.272  0.323 -0.835 -0.558 -0.197 -0.753  0.782 -0.391 -0.634 -0.214  0.742  0.428  0.861 -0.108  0.563 -0.874 -0.805  0.687 -0.145  0.545 -0.403  0.512  0.708 -0.293 -0.077 -0.336 -0.057  0.2
  0.907 -0.711 -0.248 -0.739  0.324 -0.575 -0.075  0.733  0.226  0.831  0.258 -0.742  0.12   0.144 -0.595  0.622 -0.861  0.454  0.474  0.91  -0.662  0.129 -0.641  0.134 -0.777  0.941 -0.683  0.032
  0.192  0.216  0.334  0.916  0.053  0.012 -0.625  0.167 -0.857 -0.54   0.077  0.091  0.106  0.711  0.222  0.763 -0.466 -0.647 -0.873 -0.098 -0.532  0.739 -0.211  0.566  0.816  0.051 -0.924 -0.929
 -0.166  0.074 -0.245  0.237 -0.578 -0.954  0.373 -0.104  0.545  0.492 -0.3   -0.757 -0.969  0.645  0.787 -0.609  0.548 -0.874  0.325  0.234  0.609 -0.719  0.378  0.8   -0.171  0.73  -0.819 -0.145]
(Unnamed Layer* 17) [TopK]_output_2
[[0]]
