[I] RUNNING | Command: /usr/local/bin/polygraphy debug reduce /cookbook/00-Data/model/model-unknown.onnx --output reduced.onnx --model-input-shapes x:[1,1,28,28] --check polygraphy run --trt
[I] Loading model: /cookbook/00-Data/model/model-unknown.onnx
[W] Falling back to `onnx.shape_inference` because `onnxruntime.tools.symbolic_shape_infer` either could not be loaded or did not run successfully.
    Note that using ONNX-Runtime for shape inference may be faster and require less memory.
    Consider installing ONNX-Runtime or setting POLYGRAPHY_AUTOINSTALL_DEPS=1 in your environment variables to allow Polygraphy to do so automatically.
[I] Loading model: /tmp/tmp_polygraphy_bd26c72efde58cd42c42729727332be8545867bbb2231c97.onnx
[I] Overriding input shapes to:
    {x [dtype=float32, shape=(1, 1, 28, 28)]}
[W] ONNX shape inference was unable to infer some shapes in this model.
    You may want to use `--force-fallback-shape-inference` to freeze the shapes of intermediate tensors to prevent unexpected behavior.
[I] Reducing model outputs
[I]     RUNNING | Iteration 1 | Approximately 3 iteration(s) remaining
[I]         Marking model outputs: [Variable (UnknownModel-V-2-Identity-0): (shape=None, dtype=float32)]
[I]         Saving ONNX model to: polygraphy_debug.onnx
[I]     Running check command: polygraphy run --trt
[I]     ========== CAPTURED STDOUT ==========
        [I] RUNNING | Command: /usr/local/bin/polygraphy run --trt
        [E] FAILED | Runtime: 0.027s | Command: /usr/local/bin/polygraphy run --trt
[E]     ========== CAPTURED STDERR ==========
        [!] One or more runners was specified, but no model file was provided. Make sure you've specified the model path, and also that it's not being consumed as an argument for another parameter
[I]     Saving debug replay to polygraphy_debug_replay.json
[E]     FAILED | Iteration 1 | Duration 0.12380218505859375s
[I]     RUNNING | Iteration 2 | Approximately 2 iteration(s) remaining
[I]         Marking model outputs: [Variable (UnknownModel-V-1-UnknownNode1-0): (shape=None, dtype=float32)]
[I]         Saving ONNX model to: polygraphy_debug.onnx
[I]     Running check command: polygraphy run --trt
[I]     ========== CAPTURED STDOUT ==========
        [I] RUNNING | Command: /usr/local/bin/polygraphy run --trt
        [E] FAILED | Runtime: 0.027s | Command: /usr/local/bin/polygraphy run --trt
[E]     ========== CAPTURED STDERR ==========
        [!] One or more runners was specified, but no model file was provided. Make sure you've specified the model path, and also that it's not being consumed as an argument for another parameter
[I]     Saving debug replay to polygraphy_debug_replay.json
[E]     FAILED | Iteration 2 | Duration 0.12021589279174805s
[I] Finished 2 iteration(s) | Passed: 0/2 | Pass Rate: 0.0%
[I] Finished reducing model outputs
[I] Marking model outputs: [Variable (UnknownModel-V-1-UnknownNode1-0): (shape=None, dtype=float32)]
[I] Reducing model inputs
[I]     RUNNING | Iteration 1 | Approximately 1 iteration(s) remaining
[I]         Marking model inputs: [Variable (UnknownModel-V-0-Identity-0): (shape=[1, 1, 28, 28], dtype=float32)]
[I]         Saving ONNX model to: polygraphy_debug.onnx
[I]     Running check command: polygraphy run --trt
[I]     ========== CAPTURED STDOUT ==========
        [I] RUNNING | Command: /usr/local/bin/polygraphy run --trt
        [E] FAILED | Runtime: 0.027s | Command: /usr/local/bin/polygraphy run --trt
[E]     ========== CAPTURED STDERR ==========
        [!] One or more runners was specified, but no model file was provided. Make sure you've specified the model path, and also that it's not being consumed as an argument for another parameter
[I]     Saving debug replay to polygraphy_debug_replay.json
[E]     FAILED | Iteration 1 | Duration 0.12200188636779785s
[I] Finished 1 iteration(s) | Passed: 0/1 | Pass Rate: 0.0%
[I] Finished reducing model inputs
[I] Marking model inputs: [Variable (UnknownModel-V-0-Identity-0): (shape=[1, 1, 28, 28], dtype=float32)]
[I] Minimum Bad Model:
    Name: onnx_graphsurgeon_graph | ONNX Opset: 11

    ---- 1 Graph Input(s) ----
    {UnknownModel-V-0-Identity-0 [dtype=float32, shape=(1, 1, 28, 28)]}

    ---- 1 Graph Output(s) ----
    {UnknownModel-V-1-UnknownNode1-0 [dtype=float32, shape=()]}

    ---- 0 Initializer(s) ----

    ---- 1 Node(s) ----

[I] Saving ONNX model to: reduced.onnx
[I] PASSED | Runtime: 1.650s | Command: /usr/local/bin/polygraphy debug reduce /cookbook/00-Data/model/model-unknown.onnx --output reduced.onnx --model-input-shapes x:[1,1,28,28] --check polygraphy run --trt
