[I] RUNNING | Command: /usr/local/bin/polygraphy run /cookbook/00-Data/model/model-trained.onnx --onnxrt --onnx-outputs mark all --save-inputs model-trained-input.json --save-outputs model-trained-output.json
[I] onnxrt-runner-N0-04/24/26-02:22:31  | Activating and starting inference
[I] Loading model: /cookbook/00-Data/model/model-trained.onnx
[I] Creating ONNX-Runtime Inference Session with providers: ['CPUExecutionProvider']
[W] Input tensor: x [shape=BoundedShape(['nBS', 1, 28, 28], min=None, max=None)] | Will generate data of shape: [1, 1, 28, 28].
    If this is incorrect, please provide a custom data loader.
[I] Saving inference input data to model-trained-input.json
[I] onnxrt-runner-N0-04/24/26-02:22:31
    ---- Inference Input(s) ----
    {x [dtype=float32, shape=(1, 1, 28, 28)]}
[I] onnxrt-runner-N0-04/24/26-02:22:31
    ---- Inference Output(s) ----
    {conv2d [dtype=float32, shape=(1, 32, 28, 28)],
     relu [dtype=float32, shape=(1, 32, 28, 28)],
     max_pool2d [dtype=float32, shape=(1, 32, 14, 14)],
     conv2d_1 [dtype=float32, shape=(1, 64, 14, 14)],
     relu_1 [dtype=float32, shape=(1, 64, 14, 14)],
     max_pool2d_1 [dtype=float32, shape=(1, 64, 7, 7)],
     view [dtype=float32, shape=(1, 3136)],
     linear [dtype=float32, shape=(1, 1024)],
     relu_2 [dtype=float32, shape=(1, 1024)],
     y [dtype=float32, shape=(1, 10)],
     softmax [dtype=float32, shape=(1, 10)],
     z [dtype=int64, shape=(1,)]}
[I] onnxrt-runner-N0-04/24/26-02:22:31  | Completed 1 iteration(s) in 1.149 ms | Average inference time: 1.149 ms.
[I] Saving inference results to model-trained-output.json
[I] PASSED | Runtime: 1.061s | Command: /usr/local/bin/polygraphy run /cookbook/00-Data/model/model-trained.onnx --onnxrt --onnx-outputs mark all --save-inputs model-trained-input.json --save-outputs model-trained-output.json
