[I] RUNNING | Command: /usr/local/bin/polygraphy run /work/trt-samples-for-hackathon-cn/cookbook/00-Data/model/model-trained.onnx --onnxrt --validate --fail-fast --verbose
[V] Loaded Module: polygraphy | Version: 0.49.26 | Path: ['/usr/local/lib/python3.12/dist-packages/polygraphy']
[V] Loaded extension modules: []
[I] onnxrt-runner-N0-07/07/26-02:09:57  | Activating and starting inference
[V] Loaded Module: onnxruntime | Version: 1.24.4 | Path: ['/home/wili/.local/lib/python3.12/site-packages/onnxruntime']
[I] Creating ONNX-Runtime Inference Session with providers: ['CPUExecutionProvider']
[V] Loading inputs from data loader
[V] Generating data using numpy seed: 1
[V] Loaded Module: numpy | Version: 2.1.0 | Path: ['/usr/local/lib/python3.12/dist-packages/numpy']
[W] Input tensor: x [shape=BoundedShape(['nBS', 1, 28, 28], min=None, max=None)] | Will generate data of shape: [1, 1, 28, 28].
    If this is incorrect, please provide a custom data loader.
[V] Input tensor: x | Generating input data in range: [0.0, 1.0]
[I] onnxrt-runner-N0-07/07/26-02:09:57
    ---- Inference Input(s) ----
    {x [dtype=float32, shape=(1, 1, 28, 28)]}
[V] onnxrt-runner-N0-07/07/26-02:09:57  | Input metadata is: {x [dtype=float32, shape=('nBS', 1, 28, 28)]}
[V] Loaded Module: torch | Version: 2.12.0a0+5aff3928d8.nv26.05 | Path: ['/usr/local/lib/python3.12/dist-packages/torch']
[I] onnxrt-runner-N0-07/07/26-02:09:57
    ---- Inference Output(s) ----
    {y [dtype=float32, shape=(1, 10)],
     z [dtype=int64, shape=(1,)]}
[I] onnxrt-runner-N0-07/07/26-02:09:57  | Completed 1 iteration(s) in 1.59 ms | Average inference time: 1.59 ms.
[V] Successfully ran: ['onnxrt-runner-N0-07/07/26-02:09:57']
[I] Output Validation | Runners: ['onnxrt-runner-N0-07/07/26-02:09:57']
[I]     onnxrt-runner-N0-07/07/26-02:09:57  | Validating output: y (check_inf=True, check_nan=True)
[I]         mean=-0.0052072, std-dev=0.032513, var=0.0010571, median=0.0030958, min=-0.071973 at (0, 6), max=0.053192 at (0, 3), avg-magnitude=0.022946, p90=0.017002, p95=0.035097, p99=0.049573
[V]             ---- Values ----
                    [[ 1.2981241e-02 -2.6457533e-02  1.0728563e-02  5.3192362e-02
                      -4.2333938e-02  9.7868964e-05 -7.1973182e-02  4.9780486e-03
                       5.5009434e-03  1.2135142e-03]]
[V]             ---- Histogram ----
                Bin Range            |  Num Elems | Visualization
                (-0.072  , -0.0595 ) |          1 | ##########
                (-0.0595 , -0.0469 ) |          0 |
                (-0.0469 , -0.0344 ) |          1 | ##########
                (-0.0344 , -0.0219 ) |          1 | ##########
                (-0.0219 , -0.00939) |          0 |
                (-0.00939, 0.00313 ) |          2 | ####################
                (0.00313 , 0.0156  ) |          4 | ########################################
                (0.0156  , 0.0282  ) |          0 |
                (0.0282  , 0.0407  ) |          0 |
                (0.0407  , 0.0532  ) |          1 | ##########
[I]         PASSED | Output: y is valid
[I]     onnxrt-runner-N0-07/07/26-02:09:57  | Validating output: z (check_inf=True, check_nan=True)
[I]         mean=3, std-dev=0, var=0, median=3, min=3 at (0,), max=3 at (0,), avg-magnitude=3, p90=3, p95=3, p99=3
[V]             ---- Values ----
                    [3]
[V]             ---- Histogram ----
                Bin Range  |  Num Elems | Visualization
                (2.5, 2.6) |          0 |
                (2.6, 2.7) |          0 |
                (2.7, 2.8) |          0 |
                (2.8, 2.9) |          0 |
                (2.9, 3  ) |          0 |
                (3  , 3.1) |          1 | ########################################
                (3.1, 3.2) |          0 |
                (3.2, 3.3) |          0 |
                (3.3, 3.4) |          0 |
                (3.4, 3.5) |          0 |
[I]         PASSED | Output: z is valid
[I]     PASSED | Output Validation
[I] PASSED | Runtime: 1.204s | Command: /usr/local/bin/polygraphy run /work/trt-samples-for-hackathon-cn/cookbook/00-Data/model/model-trained.onnx --onnxrt --validate --fail-fast --verbose
/usr/local/lib/python3.12/dist-packages/numpy/_core/_methods.py:194: RuntimeWarning: invalid value encountered in subtract
  x = asanyarray(arr - arrmean)
/usr/local/lib/python3.12/dist-packages/numpy/lib/_function_base_impl.py:4620: RuntimeWarning: invalid value encountered in subtract
  diff_b_a = subtract(b, a)
[I] RUNNING | Command: /usr/local/bin/polygraphy run /work/trt-samples-for-hackathon-cn/cookbook/00-Data/model/model-invalid.onnx --onnxrt --validate --fail-fast --verbose
[V] Loaded Module: polygraphy | Version: 0.49.26 | Path: ['/usr/local/lib/python3.12/dist-packages/polygraphy']
[V] Loaded extension modules: []
[I] onnxrt-runner-N0-07/07/26-02:09:59  | Activating and starting inference
[V] Loaded Module: onnxruntime | Version: 1.24.4 | Path: ['/home/wili/.local/lib/python3.12/site-packages/onnxruntime']
[I] Creating ONNX-Runtime Inference Session with providers: ['CPUExecutionProvider']
[V] Loading inputs from data loader
[V] Generating data using numpy seed: 1
[V] Loaded Module: numpy | Version: 2.1.0 | Path: ['/usr/local/lib/python3.12/dist-packages/numpy']
[W] Input tensor: inputT0 [shape=BoundedShape(['nBS'], min=None, max=None)] | Will generate data of shape: [1].
    If this is incorrect, please provide a custom data loader.
[V] Input tensor: inputT0 | Generating input data in range: [0.0, 1.0]
[I] onnxrt-runner-N0-07/07/26-02:09:59
    ---- Inference Input(s) ----
    {inputT0 [dtype=float32, shape=(1,)]}
[V] onnxrt-runner-N0-07/07/26-02:09:59  | Input metadata is: {inputT0 [dtype=float32, shape=('nBS',)]}
[V] Loaded Module: torch | Version: 2.12.0a0+5aff3928d8.nv26.05 | Path: ['/usr/local/lib/python3.12/dist-packages/torch']
[I] onnxrt-runner-N0-07/07/26-02:09:59
    ---- Inference Output(s) ----
    {InvalidModel-V-0-Div-0 [dtype=float32, shape=(1,)]}
[I] onnxrt-runner-N0-07/07/26-02:09:59  | Completed 1 iteration(s) in 0.2677 ms | Average inference time: 0.2677 ms.
[V] Successfully ran: ['onnxrt-runner-N0-07/07/26-02:09:59']
[I] Output Validation | Runners: ['onnxrt-runner-N0-07/07/26-02:09:59']
[I]     onnxrt-runner-N0-07/07/26-02:09:59  | Validating output: InvalidModel-V-0-Div-0 (check_inf=True, check_nan=True)
[I]         mean=inf, std-dev=nan, var=nan, median=inf, min=inf at (0,), max=inf at (0,), avg-magnitude=inf, p90=nan, p95=nan, p99=nan
[V]             ---- Values ----
                    [inf]
[V]             Could not generate histogram. Note: Error was: autodetected range of [inf, inf] is not finite
[V]
[E]         Inf Detected | One or more non-finite values were encountered in this output
[I]         Note: Use -vv or set logging verbosity to EXTRA_VERBOSE to display non-finite values
[E]         FAILED | Errors detected in output: InvalidModel-V-0-Div-0
[E]     FAILED | Output Validation
[E] FAILED | Runtime: 1.210s | Command: /usr/local/bin/polygraphy run /work/trt-samples-for-hackathon-cn/cookbook/00-Data/model/model-invalid.onnx --onnxrt --validate --fail-fast --verbose
