[I] RUNNING | Command: /usr/local/bin/polygraphy run model-trained.trt --model-type engine --trt --input-shapes x:[4,1,28,28] --verbose
[V] Loaded Module: polygraphy | Version: 0.49.26 | Path: ['/usr/local/lib/python3.12/dist-packages/polygraphy']
[V] Loaded extension modules: []
[I] Will generate inference input data according to provided TensorMetadata: {x [shape=(4, 1, 28, 28)]}
[I] trt-runner-N0-07/07/26-02:08:46     | Activating and starting inference
[I] Loading bytes from /work/trt-samples-for-hackathon-cn/cookbook/07-Tool/Polygraphy/Run/model-trained.trt
[V] Loaded Module: tensorrt | Version: 10.16.2.5 | Path: ['/home/wili/.local/lib/python3.12/site-packages/tensorrt']
[V] Loaded engine size: 6 MiB
[V] [MemUsageChange] TensorRT-managed allocation in IExecutionContext creation: CPU +0, GPU +2, now: CPU 0, GPU 8 (MiB)
[V] Found candidate CUDA libraries: ['/usr/local/cuda/lib64/libcudart.so.13.2.75', '/usr/local/cuda/lib64/libcudart.so.13', '/usr/local/cuda/lib64/libcudart.so']
[V] Loading inputs from data loader
[V] Generating data using numpy seed: 1
[V] Loaded Module: numpy | Version: 2.1.0 | Path: ['/usr/local/lib/python3.12/dist-packages/numpy']
[V] Input tensor: x | Generating input data in range: [0.0, 1.0]
[I] trt-runner-N0-07/07/26-02:08:46
    ---- Inference Input(s) ----
    {x [dtype=float32, shape=(4, 1, 28, 28)]}
[V] trt-runner-N0-07/07/26-02:08:46     | Input metadata is: {x [dtype=float32, shape=(-1, 1, 28, 28)]}
[V] Loaded Module: torch | Version: 2.12.0a0+5aff3928d8.nv26.05 | Path: ['/usr/local/lib/python3.12/dist-packages/torch']
[I] trt-runner-N0-07/07/26-02:08:46
    ---- Inference Output(s) ----
    {y [dtype=float32, shape=(4, 10)],
     z [dtype=int64, shape=(4,)]}
[I] trt-runner-N0-07/07/26-02:08:46     | Completed 1 iteration(s) in 1028 ms | Average inference time: 1028 ms.
[V] Successfully ran: ['trt-runner-N0-07/07/26-02:08:46']
[I] PASSED | Runtime: 1.451s | Command: /usr/local/bin/polygraphy run model-trained.trt --model-type engine --trt --input-shapes x:[4,1,28,28] --verbose
