[TensorRT-Cookbook] Version: 0.1.0
[04/25/2026-00:39:41] [TRT] [W] Tensor Formats are determined at build time for tensors not marked as input or output.
[04/25/2026-00:39:41] [TRT] [W] getBroadcastAcrossBatch is deprecated and always return false.
[04/25/2026-00:39:41] [TRT] [W] getBroadcastAcrossBatch is deprecated and always return false.

================ Public members of <class 'tensorrt.tensorrt.ITensor'> (class)
 0 Callback members: []
 4 Callable methods: ['get_dimension_name', 'reset_dynamic_range', 'set_dimension_name', 'set_dynamic_range']
11 Non-callable attributions: ['allowed_formats', 'broadcast_across_batch', 'dtype', 'dynamic_range', 'is_execution_tensor', 'is_network_input', 'is_network_output', 'is_shape_tensor', 'location', 'name', 'shape']

================ Public members of <tensorrt.tensorrt.ITensor object at 0x7b45e0f12470> (instance)
 0 Callback members: []
 4 Callable methods: ['get_dimension_name', 'reset_dynamic_range', 'set_dimension_name', 'set_dynamic_range']
11 Non-callable attributions: ['allowed_formats', 'broadcast_across_batch', 'dtype', 'dynamic_range', 'is_execution_tensor', 'is_network_input', 'is_network_output', 'is_shape_tensor', 'location', 'name', 'shape']

================ Class and Object has the same members


================================================================ Usage show
tensor.name = 'Identity Layer Output Tensor 0'
tensor.shape = (-1, -1, -1, -1)
tensor.location = <TensorLocation.DEVICE: 0>
tensor.dtype = <DataType.FLOAT: 0>
tensor.broadcast_across_batch = False
tensor.allowed_formats = LINEAR,CHW2,HWC8,CHW4,CHW16,CHW32,DHWC8,CDHW32,HWC,DLA_LINEAR,DLA_HWC4,DHWC16,DHWC
tensor.is_execution_tensor = False
tensor.is_shape_tensor = False
tensor.is_network_input = False
tensor.is_network_output = False
inputT0.get_dimension_name(0) = 'Batch Size'
tensor.dynamic_range = (0.0, 1.0)
Finish
