[TensorRT-Cookbook] Version: 0.1.0
[04/24/2026-01:37:22] [TRT] [W] Using default stream in enqueueV3() may lead to performance issues due to additional calls to cudaStreamSynchronize() by TensorRT to ensure correct synchronization. Please use non-default stream instead.
[04/24/2026-01:37:22] [TRT] [W] Using default stream in enqueueV3() may lead to performance issues due to additional calls to cudaStreamSynchronize() by TensorRT to ensure correct synchronization. Please use non-default stream instead.
============================== Start [case_simple,(),{}]
Output->DataType.FLOAT, (3, 4, 5), (3, 4, 5), (Unnamed Layer* 0) [Constant]_output
(Unnamed Layer* 0) [Constant]_output
[[[ 0.  1.  2.  3.  4.]
  [ 5.  6.  7.  8.  9.]
  [10. 11. 12. 13. 14.]
  [15. 16. 17. 18. 19.]]

 [[20. 21. 22. 23. 24.]
  [25. 26. 27. 28. 29.]
  [30. 31. 32. 33. 34.]
  [35. 36. 37. 38. 39.]]

 [[40. 41. 42. 43. 44.]
  [45. 46. 47. 48. 49.]
  [50. 51. 52. 53. 54.]
  [55. 56. 57. 58. 59.]]]
============================== End   [case_simple]
============================== Start [case_datatype_int4,(),{}]
Output->DataType.FLOAT, (4, 8), (4, 8), (Unnamed Layer* 2) [Dequantize]_output
(Unnamed Layer* 2) [Dequantize]_output
[[ 0.  1.  2.  3.  4.  5.  6.  7.]
 [-1. -2. -3. -4. -5. -6. -7. -8.]
 [ 7.  6.  5.  4.  3.  2.  1.  0.]
 [-7. -6. -5. -4. -3. -2. -1.  0.]]
============================== End   [case_datatype_int4]
Finish
