[W] --mode is deprecated and will be removed in Polygraphy 0.40.0. Use --show instead.
[I] Loading model: /work/gitlab/tensorrt-cookbook-in-chinese/08-Tool/Polygraphy/inspectExample/model.onnx
[I] ==== ONNX Model ====
    Name: onnx_graphsurgeon_graph | ONNX Opset: 11
    
    ---- 1 Graph Input(s) ----
    {tensor-0 [dtype=float32, shape=('B', 1, 28, 28)]}
    
    ---- 1 Graph Output(s) ----
    {tensor-15 [dtype=int32, shape=()]}
    
    ---- 9 Initializer(s) ----
    Initializer | constant32x1 [dtype=float32, shape=[32, 1, 5, 5]] | Values:
        [[[[ 0.88181734 -0.15867966  0.69133365  0.73221505  0.06398487]
           [-0.6471117   0.18859577 -0.16973966  0.6070843   0.39243066]
           [ 0.6730759  -0.21473539  0.9472408   0.3560635   0.09307539]
           [-0.35662413 -0.19957584  0.6933322  -0.6650383   0.7641175 ]
           [ 0.16152442  0.77772224 -0.7988163  -0.91943955  0.9245318 ]]]
        
        
         [[[ 0.6797786   0.26199687 -0.8683958   0.78750885 -0.49783212]
           [ 0.07337487 -0.9867282  -0.642951    0.12024534 -0.29101908]
           [-0.6780348   0.6392741   0.8131428  -0.4158731  -0.6911864 ]
           [-0.34897125  0.33216095  0.07676232  0.52565837 -0.7413942 ]
           [-0.7137643   0.66393006  0.8660705   0.42349267 -0.4559601 ]]]
        
        
         [[[ 0.9929205   0.9206369   0.01480067 -0.27378905  0.68003964]
           [-0.17799234 -0.6775323   0.8854811  -0.5632153   0.25614226]
           [ 0.24850607 -0.07223076  0.56797266 -0.14029193  0.39095926]
           [-0.6428115   0.60208404  0.31641388  0.11365616  0.7894734 ]
           [-0.46384    -0.12938267  0.7986113  -0.73029184  0.25424397]]]
        
        
         [[[-0.33869243 -0.09231716 -0.4675153   0.64899707  0.72082794]
           [-0.62754476  0.61245227  0.99267495 -0.7723527  -0.22339278]
           [-0.9116214   0.36867905 -0.78499734  0.76741004  0.25442111]
           [ 0.85928357  0.22613204  0.56778705 -0.98959744  0.11169338]
           [ 0.9253856  -0.75181913 -0.05101109 -0.27138275  0.6720954 ]]]
        
        
         [[[-0.11830401  0.60549295  0.11820304  0.7446834   0.460456  ]
           [-0.09739995  0.11178315  0.09736001  0.77535784  0.46096516]
           [ 0.44416583  0.41740477 -0.9236857  -0.74769855  0.39378917]
           [ 0.71008384  0.48096955 -0.3404348  -0.00245684 -0.16453153]
           [-0.7047591   0.7591337   0.81473243 -0.6570251  -0.7290596 ]]]
        
        
         [[[-0.19905502 -0.3149147  -0.06445318  0.3644923  -0.03332061]
           [ 0.15978968 -0.6927687  -0.02101398 -0.45408165  0.6085874 ]
           [ 0.774886    0.06047094  0.0735805   0.32313824  0.03619933]
           [-0.64915395 -0.76276803  0.36120248 -0.8824098  -0.7647835 ]
           [-0.6480361  -0.9166016   0.6413325   0.36138225  0.4932574 ]]]
        
        
         [[[-0.46336544 -0.7058858   0.13143504 -0.71421885  0.16241312]
           [-0.67700374  0.5119822   0.05299175 -0.02539927  0.92066693]
           [ 0.59328127  0.03606129 -0.2553708  -0.8132519  -0.6658956 ]
           [ 0.44797862 -0.86976403 -0.7271879   0.45837283  0.8081809 ]
           [-0.89049745 -0.5438067  -0.5089917   0.9038335   0.264691  ]]]
        
        
         [[[ 0.48371434 -0.9794739   0.23979115  0.74676394 -0.93342215]
           [-0.3338229  -0.34466517 -0.30414945 -0.16857797 -0.6930401 ]
           [ 0.20182085 -0.21881849  0.67247283 -0.12698936 -0.28748763]
           [ 0.48113    -0.09930938  0.88558865  0.43361008  0.7453557 ]
           [-0.2792474  -0.43266737 -0.8809618  -0.9256371   0.8933717 ]]]
        
        
         [[[ 0.13887703  0.2033869   0.05199707 -0.9418322   0.594635  ]
           [-0.81552106  0.00254607  0.20537269 -0.21341419  0.18074048]
           [ 0.9846854  -0.91716754 -0.69417894 -0.12445754  0.90998745]
           [ 0.1304251  -0.52946496 -0.95361316  0.43505967 -0.7271339 ]
           [ 0.9517988   0.76419723  0.02239251  0.71004784 -0.23207188]]]
        
        
         [[[ 0.486598   -0.74550116 -0.14110178 -0.24445212  0.592325  ]
           [ 0.24806368 -0.87275696 -0.39816487 -0.4761492  -0.2328353 ]
           [-0.5395379   0.90251327  0.18125796 -0.06589299  0.17758465]
           [-0.93651015  0.6341089  -0.22548014  0.29787242  0.8895868 ]
           [-0.48479283  0.12168348 -0.2546643   0.92724764  0.5270792 ]]]
        
        
         [[[-0.83680844 -0.29016513 -0.06544608 -0.6513752  -0.75464153]
           [ 0.0801357  -0.9693275  -0.46998298  0.9952289  -0.5468582 ]
           [-0.5331595  -0.91974103  0.6973065   0.12138271 -0.17374593]
           [ 0.98762286 -0.56803805 -0.7660934  -0.73667145  0.45128942]
           [ 0.22149062 -0.99960554 -0.08813328 -0.24658954 -0.9268272 ]]]
        
        
         [[[ 0.17491424 -0.3281018  -0.26417863 -0.5630105  -0.20296955]
           [ 0.9976473  -0.31469238  0.9286157   0.21474934 -0.3694958 ]
           [-0.6993197   0.16824102  0.2513466  -0.40281385  0.6527966 ]
           [ 0.23553121 -0.6036226  -0.9733938   0.9038849   0.242306  ]
           [ 0.95135427 -0.20496547 -0.7730622  -0.04508561 -0.40738463]]]
        
        
         [[[-0.6870053   0.52964187 -0.48923445 -0.02068746 -0.30201328]
           [-0.72793764  0.35901642  0.79369164 -0.5880835  -0.37053615]
           [ 0.29713368  0.761346    0.53949213  0.867072   -0.45582175]
           [-0.9103951   0.96613336 -0.9242432  -0.44226432 -0.72677314]
           [-0.81621933 -0.2767431   0.91470075 -0.53192395 -0.42042112]]]
        
        
         [[[-0.2542516   0.3867241   0.98773    -0.39485848  0.337906  ]
           [-0.33604002  0.06040227  0.04202056 -0.65631306  0.50883865]
           [-0.44677252  0.63016343  0.5149369   0.51041305 -0.37452507]
           [ 0.26006615  0.69590914 -0.23355126  0.9432192  -0.78641576]
           [ 0.7484964   0.4233296  -0.41530067 -0.27325934 -0.89165133]]]
        
        
         [[[ 0.41331553  0.9306017   0.09341598 -0.22741097 -0.9296042 ]
           [-0.93349147  0.23821175 -0.30593902 -0.19480884  0.35660267]
           [ 0.7111933   0.11776698  0.16353464  0.62218857 -0.7279424 ]
           [-0.7547562   0.83911276  0.10835171 -0.32741493 -0.8198666 ]
           [-0.85126364  0.2045213   0.22257388  0.64469576  0.08334816]]]
        
        
         [[[ 0.9448538   0.9091158  -0.24899387  0.01768196 -0.22820681]
           [ 0.96813476 -0.22881413 -0.33445275  0.40194273  0.27959692]
           [ 0.12614512 -0.45354897 -0.1692558   0.75290525  0.48793662]
           [ 0.75681114 -0.18335867 -0.4767387   0.93679655 -0.93966126]
           [-0.46588612 -0.71016777  0.6735252  -0.93168694 -0.69813865]]]
        
        
         [[[ 0.87700427 -0.50806284  0.29712844  0.93396175  0.18817663]
           [ 0.11930346 -0.0786131   0.8860527   0.9664146  -0.22412741]
           [ 0.06547165  0.69707894 -0.96856153 -0.36180794 -0.09111995]
           [ 0.80838823  0.07116854  0.369905   -0.76526284 -0.06514442]
           [-0.9651594  -0.5037153   0.9224099   0.3575636  -0.54409677]]]
        
        
         [[[-0.20454657 -0.19459748 -0.9919409   0.36918175 -0.08538026]
           [-0.89303935  0.4190668  -0.39131296  0.6227939  -0.46239054]
           [ 0.41626215 -0.21557212 -0.9593838   0.79550505  0.22642231]
           [ 0.5184684  -0.7571013   0.44089258 -0.72186184 -0.8524711 ]
           [-0.09982175  0.5780519   0.7929156   0.14406228 -0.21261793]]]
        
        
         [[[-0.8246208  -0.27878934 -0.13140255  0.46174228 -0.90482384]
           [-0.62507623 -0.5947959   0.45336413  0.992625   -0.6604134 ]
           [ 0.8362769  -0.8462349   0.4092723  -0.7763549   0.5395498 ]
           [ 0.4229449   0.93807626 -0.9744971   0.5052906  -0.12169862]
           [-0.209607    0.9156165  -0.5056107   0.31883228  0.18661034]]]
        
        
         [[[-0.5385693   0.58190405  0.3798082  -0.48094875 -0.20420676]
           [-0.40483636  0.5853125   0.6719135   0.09333789 -0.44266206]
           [-0.19591355 -0.51028275  0.55309594 -0.2794354  -0.2858839 ]
           [-0.04333496  0.12038267  0.7804347   0.55323577 -0.02825177]
           [-0.38209367 -0.26213622 -0.5596038   0.54803324  0.53053725]]]
        
        
         [[[ 0.1751424   0.99433875 -0.98347783 -0.45662034  0.7709936 ]
           [ 0.72513366  0.7066026   0.17340446 -0.6114381  -0.19445366]
           [-0.90057135  0.13262177  0.00230491  0.7941227   0.5342456 ]
           [ 0.44558072 -0.12384218 -0.80945385 -0.5323976   0.2409966 ]
           [-0.86575776 -0.95828927  0.4197185  -0.74604785 -0.5732292 ]]]
        
        
         [[[-0.16549039 -0.71763134 -0.95456     0.7835437  -0.10858881]
           [-0.27186674  0.05602849  0.23974717  0.8862301  -0.16246194]
           [-0.16869974  0.9033654   0.6111119  -0.47382337  0.5395274 ]
           [-0.7035694   0.9246582   0.19956374  0.08783567  0.6467198 ]
           [-0.37979418 -0.96346986  0.5483761   0.6824808  -0.0064258 ]]]
        
        
         [[[ 0.15429401  0.53577447 -0.8098644   0.84914577  0.53680587]
           [ 0.23723125  0.86081576 -0.66272795  0.70021224  0.6758187 ]
           [ 0.54917514  0.25771308  0.05781162  0.75206006  0.48140657]
           [ 0.59750164  0.7928693  -0.01962382  0.74239254 -0.87761587]
           [-0.05108446  0.9037796   0.20906019 -0.4581645   0.04594266]]]
        
        
         [[[ 0.258209    0.01530778  0.09724557 -0.8982079  -0.17886525]
           [-0.03648549  0.3873192  -0.10398328 -0.54295117 -0.19041443]
           [-0.90333766 -0.04007447 -0.09355581  0.01502335  0.4453839 ]
           [ 0.84786594  0.5034286   0.1852448   0.05644882  0.91888154]
           [ 0.6118095  -0.987445    0.01888156  0.3493681  -0.7918215 ]]]
        
        
         [[[ 0.7894639  -0.3945741   0.02581441  0.3131448  -0.08216429]
           [-0.78312826 -0.53662014  0.46703935  0.52414036 -0.5667063 ]
           [ 0.5293381   0.9165615   0.90646994  0.00991547  0.59590936]
           [-0.8215327   0.49131572  0.20910728 -0.47309053  0.47394717]
           [-0.94259286  0.89838827  0.80655754  0.02470005 -0.49305278]]]
        
        
         [[[ 0.3544917   0.72651863  0.5071901  -0.38646328 -0.60111845]
           [-0.6905348  -0.7398552   0.29301512 -0.96973306  0.6618531 ]
           [ 0.28080618  0.7123388   0.78999686  0.39780962  0.8666917 ]
           [-0.63529134 -0.1250866   0.17588663 -0.63015574 -0.02135801]
           [-0.07648355  0.01275814 -0.7125181  -0.44633615  0.2011298 ]]]
        
        
         [[[ 0.89442956  0.47075415 -0.49432397  0.461092   -0.29012376]
           [ 0.56340766  0.07757461 -0.5551126  -0.7171002  -0.58108944]
           [ 0.5668155   0.72378993 -0.08437628  0.4172132  -0.8394346 ]
           [ 0.89631855  0.78528714  0.58187866  0.4591267  -0.71197534]
           [ 0.5479506   0.2829244   0.7168418  -0.04680854 -0.6642257 ]]]
        
        
         [[[ 0.1831069  -0.10544604 -0.57748514 -0.10565901 -0.58957356]
           [ 0.13743687 -0.7144141   0.9178277  -0.14027661 -0.44797832]
           [ 0.8113347  -0.79684645 -0.19399893  0.04463828  0.4665774 ]
           [-0.24109906  0.94206166 -0.9335177  -0.5197001   0.07649314]
           [ 0.04369164  0.6656712  -0.8263545   0.8863634  -0.213584  ]]]
        
        
         [[[ 0.91475487 -0.14198613 -0.7499648   0.8333262   0.03123391]
           [-0.50099957  0.01070702 -0.9488758   0.21219552 -0.10391676]
           [ 0.7609235  -0.64656603 -0.9799071   0.774618    0.37480664]
           [-0.31639326  0.08409083 -0.523639   -0.08480525 -0.2370851 ]
           [-0.12163389 -0.06263208 -0.42038453  0.30652285 -0.8435862 ]]]
        
        
         [[[-0.07780242  0.26901567  0.509532   -0.9911869  -0.10287422]
           [-0.63211906 -0.07360935  0.3607515   0.31007016 -0.2904933 ]
           [ 0.34679878 -0.29497045  0.7181494  -0.7723092  -0.25470954]
           [ 0.74278224  0.2626338  -0.0160203  -0.6211932  -0.3512181 ]
           [ 0.4640149  -0.64028215  0.37149656  0.2503202   0.3065405 ]]]
        
        
         [[[-0.7936195  -0.61469007  0.33430684 -0.48908174 -0.6360477 ]
           [ 0.9436383   0.34514892 -0.57004917 -0.7041819  -0.5897653 ]
           [-0.7833688  -0.7091949  -0.42645866 -0.97020906  0.9212216 ]
           [ 0.3119681   0.53650594  0.69554806 -0.7108978  -0.17242187]
           [-0.00515682  0.28290784  0.5739541   0.05322242  0.26107073]]]
        
        
         [[[-0.33698887  0.9251714  -0.8353151   0.45875323  0.57283306]
           [-0.2727756  -0.8738687   0.5849763   0.9652585   0.5076715 ]
           [-0.5891284   0.64401805  0.22870374  0.32598054 -0.37487018]
           [-0.81741226  0.7188523   0.17841196  0.18853712 -0.17631918]
           [ 0.56326795  0.42011607 -0.4583791  -0.81287694  0.7713884 ]]]]
    
    Initializer | constant32 [dtype=float32, shape=[32]] | Values:
        [-0.61257684  0.10142803 -0.4645027  -0.8479997   0.26953232 -0.68755555
          0.88471305  0.5484086  -0.11272097  0.20097291 -0.15488565 -0.4758644
         -0.18403369  0.4216175   0.27436304  0.9916992   0.71274304 -0.8982073
         -0.12972152  0.00648069  0.73778653  0.47980034  0.49666893  0.73547757
         -0.934693   -0.28130305  0.27207112  0.29011154 -0.39960998 -0.8562543
         -0.9191693  -0.23687643]
    
    Initializer | constant64x32 [dtype=float32, shape=[64, 32, 5, 5]] | Values:
        [[[[ 0.23739576  0.1927762  -0.6512897   0.48524702  0.9458597 ]
           [ 0.74827623 -0.71039635  0.36247075 -0.01001477 -0.5117427 ]
           [ 0.18817616 -0.49975765  0.39599168 -0.7525331   0.68853426]
           [-0.99021804  0.23723698  0.43398654 -0.3566764  -0.9040205 ]
           [-0.64098775 -0.98334306 -0.36886674  0.41755295 -0.10503769]]
        
          [[ 0.1368705   0.19446087 -0.3421002  -0.24036324  0.9190042 ]
           [ 0.8458986   0.31767917  0.80534685  0.5339478   0.9540787 ]
           [ 0.5749836   0.65441966 -0.57292134  0.5335306   0.47431397]
           [-0.34416693 -0.15462685  0.61714756 -0.3900563  -0.43644333]
           [ 0.13250875  0.48738146 -0.49650156 -0.20431453  0.12428236]]
        
          [[ 0.68141174  0.436718    0.48042357 -0.1174441  -0.4691831 ]
           [ 0.7223449  -0.4615981   0.59847224 -0.45758337  0.7217318 ]
           [-0.367782    0.86025965  0.41914105 -0.8907211   0.8783767 ]
           [-0.01793951  0.6048405   0.91390467  0.5584738   0.53795624]
           [-0.43097043  0.3970251   0.7182405  -0.5653181   0.44404805]]
        
          ...
        
          [[-0.06006444 -0.8820249  -0.23062134  0.8190814   0.8068    ]
           [ 0.8961098  -0.6141672  -0.25218683  0.14082325  0.30330944]
           [ 0.87128925 -0.6230525   0.3885771  -0.38112295 -0.8788367 ]
           [-0.83801186  0.88763523  0.15976465  0.9681443  -0.29655975]
           [ 0.742635   -0.64097065  0.62409794  0.9138013  -0.90924525]]
        
          [[ 0.9009092  -0.6735519  -0.2038148   0.8329505   0.25107586]
           [ 0.57090354  0.55114555  0.82730365  0.7824019  -0.5435492 ]
           [-0.9394423  -0.3469668  -0.09634662  0.1996752   0.26618254]
           [ 0.96744645  0.06911528  0.508155    0.97555506 -0.87324965]
           [-0.83442676 -0.4171201  -0.45370162 -0.819143   -0.9669345 ]]
        
          [[ 0.86087406  0.5925716   0.78681433  0.9429327  -0.81648535]
           [-0.42717844  0.8808315   0.22662413  0.907331    0.96984744]
           [ 0.80904686  0.4557531   0.23870015 -0.41602266 -0.1577875 ]
           [ 0.7909819  -0.56377876  0.80496347 -0.1605112   0.8144572 ]
           [-0.69519913  0.23654437 -0.78401625 -0.6537242   0.2625326 ]]]
        
        
         [[[-0.8528175   0.38376904  0.61399233 -0.00658715  0.7167455 ]
           [-0.94281536  0.70350206 -0.8619982  -0.3496756  -0.6533433 ]
           [ 0.53521657 -0.18447149  0.19229424  0.7812611  -0.8139716 ]
           [-0.16947001  0.5529138  -0.5187694  -0.9813597  -0.75544447]
           [ 0.7565448   0.31303382  0.19778681  0.2558645  -0.69991785]]
        
          [[-0.6617514   0.43538475  0.45281792 -0.00165838  0.16412878]
           [ 0.5650735   0.14823198  0.86126816  0.7463827  -0.08863145]
           [ 0.79576504 -0.8886609  -0.72003984 -0.36590272  0.7218658 ]
           [-0.26186997  0.4903667   0.24036562  0.47534728 -0.7253743 ]
           [ 0.9429877   0.53503346  0.4294088   0.42560327 -0.3632872 ]]
        
          [[-0.36067218  0.11129689  0.499753   -0.742136   -0.62981236]
           [-0.23319042  0.24290454  0.49275684 -0.33352262  0.22943068]
           [-0.71106577  0.10987675 -0.26425695 -0.7036545  -0.23954493]
           [-0.43051648 -0.6305346   0.08255148  0.7894962  -0.21067065]
           [ 0.00247526  0.56632996 -0.91374743 -0.1505245  -0.16428518]]
        
          ...
        
          [[ 0.25975525 -0.6032461   0.9103378  -0.20263499  0.30655468]
           [ 0.32470715  0.20827723  0.03338277  0.9493332  -0.8515072 ]
           [ 0.5868125  -0.65854806 -0.6147097   0.96074533 -0.01697797]
           [ 0.9847379   0.4268105   0.80598605 -0.4167652  -0.98326546]
           [-0.5587934  -0.22727    -0.0454542  -0.01415843  0.00131226]]
        
          [[-0.66749156 -0.55430293  0.5675633   0.8087292   0.6339998 ]
           [ 0.794351    0.5424484   0.1162498   0.49857426  0.38807857]
           [ 0.5550128   0.63491213 -0.6977513   0.5086502   0.63930345]
           [-0.2868846  -0.90455604 -0.17691416 -0.6288713  -0.84741676]
           [ 0.73938966  0.8904929   0.11921763 -0.9691573   0.50013304]]
        
          [[-0.16337556  0.4853742  -0.22246039  0.5354817  -0.5488474 ]
           [ 0.545225    0.13136065 -0.6469927   0.48995352  0.5129552 ]
           [-0.5943223  -0.82088876 -0.70292294  0.0135324   0.5221118 ]
           [ 0.7188859   0.85579395 -0.5193423  -0.60515475 -0.64565825]
           [ 0.34236634  0.7423861   0.60100806  0.948429    0.50869083]]]
        
        
         [[[-0.8499423   0.50927055  0.8190967  -0.7438499  -0.7024273 ]
           [ 0.5399966  -0.8708331   0.22082245 -0.08269203  0.76974416]
           [ 0.0050621  -0.7758678   0.39335036 -0.15019298  0.22150242]
           [ 0.8385762  -0.770281    0.77366054  0.36523044  0.24566817]
           [ 0.41943097  0.3994205   0.18501246 -0.7384504  -0.6535268 ]]
        
          [[ 0.69295526  0.16725671  0.72702324  0.21808171 -0.7196392 ]
           [-0.46652186  0.49083602  0.51943755 -0.20664042  0.8985127 ]
           [ 0.01895356 -0.1049521  -0.6600795  -0.40536553  0.11421156]
           [-0.4207309   0.7829671   0.96579695  0.9711064  -0.6007607 ]
           [ 0.12791383 -0.685624    0.8896756   0.75590885 -0.63131773]]
        
          [[-0.49543977  0.12399936 -0.5759945   0.6349877  -0.77443   ]
           [-0.18641752  0.79932296  0.7948822  -0.12135392  0.899539  ]
           [ 0.6903472  -0.9544956  -0.4485789  -0.20856255 -0.55518603]
           [-0.14567041 -0.8403007   0.26595867 -0.9639039  -0.10625285]
           [ 0.21781194 -0.8397179  -0.72094214 -0.54110974  0.77523863]]
        
          ...
        
          [[ 0.9306787   0.5518111   0.567647    0.8923627  -0.75526553]
           [ 0.66298854  0.94669473 -0.52566606  0.22602546 -0.2775674 ]
           [-0.07475042  0.79136217  0.69498587  0.06469524  0.3592633 ]
           [-0.36342812 -0.90371597  0.9551586   0.7360631  -0.60854626]
           [-0.37319005 -0.29893684 -0.33477986  0.32624447 -0.5989927 ]]
        
          [[-0.6002095   0.02758646  0.82196236  0.01647305  0.52148426]
           [ 0.5745225  -0.34625798 -0.5877146  -0.998943    0.14729762]
           [-0.5628401   0.7708148   0.5640013  -0.34826612  0.14490879]
           [-0.9061014   0.29486322 -0.6115721   0.7314149  -0.46014273]
           [-0.34642977 -0.79671526 -0.8281524  -0.13191366  0.31646514]]
        
          [[ 0.1234926   0.65773344  0.08840477 -0.18932772 -0.8517346 ]
           [-0.72607714  0.17095125  0.24944448 -0.833279    0.54991484]
           [-0.86994076  0.32603407  0.8199494  -0.75989205  0.36867368]
           [-0.8626081  -0.8795134   0.6301695   0.53566754  0.9217675 ]
           [ 0.09858441 -0.77958465  0.35837352 -0.91167265  0.5417918 ]]]
        
        
         ...
        
        
         [[[-0.6097926  -0.57875156  0.99985766  0.48979783  0.03392875]
           [-0.5528295   0.5853751   0.18914723 -0.5447254  -0.9707134 ]
           [ 0.3454994  -0.5636313  -0.95497715  0.09806335 -0.0562858 ]
           [-0.57840383 -0.68703604 -0.2718683  -0.8290778   0.38993537]
           [ 0.9707544   0.6140611  -0.7035307  -0.36943656 -0.4446264 ]]
        
          [[-0.2746852   0.48448336  0.14024258 -0.52321064  0.96060467]
           [ 0.1733048  -0.8907859   0.49563897  0.6398809  -0.46075046]
           [-0.10508746 -0.04761094 -0.47400367  0.7362107  -0.327843  ]
           [-0.62741303  0.6073953  -0.27724254 -0.4846241   0.8232337 ]
           [ 0.2499187   0.621611    0.4213878   0.6257771   0.7445619 ]]
        
          [[ 0.7498088   0.04886508 -0.88904107  0.78570783  0.5728692 ]
           [-0.8807844  -0.49345678  0.8509891  -0.21845675  0.3435905 ]
           [ 0.68829906  0.79682076  0.99084973 -0.25562847  0.35057533]
           [ 0.47316802  0.84588575 -0.5691085   0.39362597  0.8094585 ]
           [ 0.7461103  -0.26695037 -0.52818674  0.13536513  0.9827298 ]]
        
          ...
        
          [[-0.2136808  -0.02252877 -0.39382124 -0.64342433 -0.20545238]
           [ 0.99078643  0.24547803  0.12691581  0.24208784 -0.9529959 ]
           [-0.947748    0.84987915  0.5632025   0.6266066  -0.7261511 ]
           [ 0.3347466  -0.7074743   0.4555813  -0.7514351   0.959905  ]
           [-0.61074567  0.76808274  0.3554548   0.3446436  -0.37955552]]
        
          [[ 0.4758258  -0.00495648 -0.44060266 -0.02635878 -0.23561293]
           [ 0.27106237 -0.54123795 -0.8166162  -0.59056205  0.8187716 ]
           [-0.0204888   0.83445585 -0.8289177   0.37534714  0.7565366 ]
           [ 0.7283491   0.45550072 -0.5906166  -0.1112141   0.82326686]
           [ 0.53754497  0.07602     0.66397893  0.75258243 -0.59820354]]
        
          [[-0.99990135 -0.8476062   0.07252467 -0.49557108  0.8429669 ]
           [-0.2420848   0.7594396   0.13154173  0.2910508   0.05909121]
           [ 0.25723672  0.2692666   0.96455264  0.24333966  0.29438102]
           [ 0.06553757 -0.56401503 -0.43559396  0.6257715   0.08643436]
           [-0.8039384  -0.36591673  0.28497672  0.41620815  0.746487  ]]]
        
        
         [[[ 0.42208898  0.4572593   0.1610111   0.88914204  0.31807482]
           [ 0.4475615  -0.15629172 -0.9453668   0.43264973  0.9209448 ]
           [ 0.08918297 -0.40152943 -0.12315381  0.48145998  0.22598326]
           [ 0.39550745 -0.93791676 -0.84431726 -0.6621405  -0.26766926]
           [ 0.24342895 -0.6678508  -0.75336975 -0.57750833  0.39695084]]
        
          [[-0.43111175  0.13085544 -0.46627033  0.8350092   0.16753006]
           [-0.2957244  -0.15731823 -0.55664134  0.13358128 -0.2276609 ]
           [ 0.0199132  -0.7572144  -0.33388972 -0.2621531   0.5765747 ]
           [-0.41621608  0.76303077 -0.11313826 -0.37698495 -0.28245687]
           [-0.34073436  0.33331192  0.6478621  -0.47335148 -0.36291993]]
        
          [[-0.05846703  0.33191836  0.1040411  -0.04739028  0.2084539 ]
           [-0.37254983 -0.9283297   0.10529244 -0.98124176 -0.6220332 ]
           [ 0.01617634  0.7480283   0.06165171  0.8312359   0.05575311]
           [-0.6609927   0.01928949 -0.80494374  0.08214211 -0.19077784]
           [ 0.49782467 -0.3600222   0.8391154  -0.17203999  0.3592682 ]]
        
          ...
        
          [[-0.3311091  -0.4246912   0.730113   -0.03274852 -0.13685119]
           [ 0.7288866  -0.14752686 -0.4574107  -0.13407326 -0.4285431 ]
           [-0.40400004 -0.7283344   0.4256686  -0.5171813   0.2835437 ]
           [ 0.9364462  -0.22894591 -0.59419996  0.2633294  -0.93798786]
           [ 0.28106487 -0.8269892   0.7700912   0.09432483  0.6222136 ]]
        
          [[ 0.95111156  0.73725164  0.6140295   0.02983761  0.4454323 ]
           [ 0.08283579  0.41727364  0.84725094 -0.11382186 -0.5331769 ]
           [-0.7029036   0.9786221  -0.24009597  0.00675762  0.13709033]
           [ 0.5314125   0.3774209   0.30364084 -0.8536591   0.58009017]
           [-0.5653349   0.01753592 -0.22943592  0.1709634  -0.80203694]]
        
          [[ 0.32876146  0.02750623  0.90645564  0.1837411   0.07753694]
           [ 0.8597878   0.95700884  0.5244069  -0.6367302  -0.43269622]
           [ 0.8786454  -0.64146364 -0.352808    0.14787614 -0.93843025]
           [-0.23178142  0.27907455 -0.71554005 -0.25305527 -0.7131626 ]
           [-0.5339476  -0.33837223 -0.9506414  -0.22441542  0.8921108 ]]]
        
        
         [[[ 0.8904582  -0.73589134  0.26413476  0.6830635   0.6934527 ]
           [-0.8421654  -0.6625842  -0.63920325 -0.13269281 -0.2678187 ]
           [-0.93028593  0.9952836   0.2593503   0.54148674 -0.65460646]
           [ 0.49772036  0.5085076   0.83689    -0.7242201   0.72776246]
           [-0.1816032   0.8234395   0.71134186  0.8094567  -0.79565567]]
        
          [[ 0.96484673 -0.31674778  0.13974845 -0.11715883  0.03504002]
           [-0.8534092   0.6080847  -0.7901686  -0.54367864  0.02107322]
           [-0.2411592  -0.57561445  0.95917857 -0.77376544  0.06012595]
           [-0.36300653  0.88188493  0.49544108  0.4655019  -0.34174   ]
           [-0.4053269   0.20374918  0.80218697 -0.23252153 -0.83828497]]
        
          [[-0.82102627 -0.11660838  0.15728402  0.5150044  -0.5510713 ]
           [-0.564884   -0.9774889  -0.43013704 -0.15463787  0.61584496]
           [ 0.4949541  -0.6285229   0.24814296 -0.47063994  0.85377383]
           [ 0.15450513  0.7067139   0.16058624 -0.9636606   0.9651786 ]
           [ 0.19397235 -0.49395663  0.79279244 -0.82025635 -0.7194294 ]]
        
          ...
        
          [[ 0.03331435  0.7734653  -0.88049436  0.49133492  0.5043653 ]
           [-0.53569067 -0.5684782   0.31335413  0.9424604  -0.04683143]
           [-0.3063404  -0.5389848   0.7677926  -0.2550975  -0.02475822]
           [-0.5649076  -0.87683725  0.86985826 -0.56180155  0.032848  ]
           [ 0.67764425  0.7985616   0.21170938  0.22982359  0.00935388]]
        
          [[ 0.98346937 -0.17093587 -0.85698247 -0.61150503 -0.8133402 ]
           [ 0.87013793 -0.9277974  -0.28710437 -0.4550072   0.40173316]
           [ 0.9173186   0.5100757   0.80088985 -0.8805891   0.00475073]
           [-0.6282762   0.62495375 -0.16265005  0.03802216 -0.34550917]
           [-0.33971226  0.8000257   0.63029826 -0.59909356  0.23554492]]
        
          [[ 0.35387707  0.07995129 -0.40734643 -0.4098854   0.26806283]
           [-0.5792227   0.8696445   0.12723792  0.90291774  0.08652568]
           [ 0.96883726  0.17932737 -0.12752038 -0.09405595 -0.9849181 ]
           [-0.5018395   0.58584607 -0.6524382   0.04021835 -0.63566566]
           [-0.7176037  -0.67707425  0.59933734 -0.37653363  0.79666317]]]]
    
    Initializer | constant64 [dtype=float32, shape=[64]] | Values:
        [ 0.4779116   0.6259366   0.37831855  0.1378187   0.02629757 -0.54848397
          0.9267911   0.5723257  -0.7008742   0.5653559  -0.9017494  -0.07386059
         -0.7773196   0.92022145 -0.25299495 -0.88838786  0.05533195 -0.29674464
         -0.9761723  -0.8146599  -0.9447272  -0.89072895 -0.34040463  0.03256905
         -0.0092473  -0.44214886  0.359998   -0.44827867 -0.39378577 -0.32638824
         -0.33857274 -0.23967582  0.8346814  -0.6236165  -0.14385712  0.2865342
         -0.6488453  -0.08585799  0.5608232  -0.50652206  0.35528398  0.61339974
          0.8634442   0.00146389 -0.26458412 -0.8724214   0.07829273 -0.14299297
         -0.445813    0.819911   -0.10897791  0.0112195   0.8630997   0.53518236
          0.4782735  -0.80146605 -0.30557084  0.5810454  -0.7897572   0.5837388
          0.7239944   0.13705933  0.75012565  0.9287654 ]
    
    Initializer | constantM1Comma3136 [dtype=int64, shape=[2]] | Values:
        [  -1 3136]
    
    Initializer | constant3136x1024 [dtype=float32, shape=[3136, 1024]] | Values:
        [[-0.20193195  0.37187195 -0.31183404 ... -0.8476691   0.5885563
          -0.3215763 ]
         [ 0.84569037 -0.11024332 -0.10281777 ...  0.26850796 -0.47470874
           0.3093953 ]
         [ 0.23445845  0.29286206 -0.5133927  ...  0.39302456  0.677716
          -0.31889445]
         ...
         [-0.69148624  0.5090146  -0.14854157 ... -0.38723016  0.6590649
          -0.64146125]
         [-0.676605    0.6621953   0.86409473 ...  0.5151788   0.51474583
          -0.16797704]
         [ 0.65950286  0.50346005  0.62953854 ...  0.2661103   0.69276726
          -0.45915234]]
    
    Initializer | constant1024 [dtype=float32, shape=[1024]] | Values:
        [ 0.3933357  -0.70764744 -0.31071883 ... -0.19123065 -0.6153399
         -0.5037576 ]
    
    Initializer | constant1024x10 [dtype=float32, shape=[1024, 10]] | Values:
        [[ 0.49426186  0.04636252 -0.713876   ... -0.539202   -0.5136265
           0.08680904]
         [ 0.2500298  -0.86851215  0.28317904 ... -0.04977179 -0.58089507
          -0.28094804]
         [ 0.3454051   0.68460584  0.49836147 ... -0.24546528 -0.7649337
          -0.7308872 ]
         ...
         [ 0.03036225  0.8442625  -0.8659028  ... -0.7305     -0.04181176
          -0.3852564 ]
         [-0.10405523 -0.37319022 -0.7560538  ... -0.7370781  -0.8824335
           0.8158742 ]
         [ 0.49842215 -0.90274554 -0.40869558 ... -0.650002    0.03681016
           0.0435735 ]]
    
    Initializer | constant10 [dtype=float32, shape=[10]] | Values:
        [ 0.6490561  -0.98661387 -0.21109003 -0.25262725  0.27501333  0.34861588
          0.26537192  0.03226888 -0.3564939   0.34949374]
    
    ---- 15 Node(s) ----
    Node 0    | Conv-1 [Op: Conv]
        {tensor-0 [dtype=float32, shape=('B', 1, 28, 28)],
         Initializer | constant32x1 [dtype=float32, shape=(32, 1, 5, 5)],
         Initializer | constant32 [dtype=float32, shape=(32,)]}
         -> {tensor-1 [dtype=float32, shape=()]}
        ---- Attributes ----
        Conv-1.kernel_shape = [5, 5]
        Conv-1.pads = [2, 2, 2, 2]
    
    Node 1    | ReLU-2 [Op: Relu]
        {tensor-1 [dtype=float32, shape=()]}
         -> {tensor-2 [dtype=float32, shape=()]}
    
    Node 2    | MaxPool-3 [Op: MaxPool]
        {tensor-2 [dtype=float32, shape=()]}
         -> {tensor-3 [dtype=float32, shape=()]}
        ---- Attributes ----
        MaxPool-3.kernel_shape = [2, 2]
        MaxPool-3.pads = [0, 0, 0, 0]
        MaxPool-3.strides = [2, 2]
    
    Node 3    | Conv-4 [Op: Conv]
        {tensor-3 [dtype=float32, shape=()],
         Initializer | constant64x32 [dtype=float32, shape=(64, 32, 5, 5)],
         Initializer | constant64 [dtype=float32, shape=(64,)]}
         -> {tensor-4 [dtype=float32, shape=()]}
        ---- Attributes ----
        Conv-4.kernel_shape = [5, 5]
        Conv-4.pads = [2, 2, 2, 2]
    
    Node 4    | ReLU-5 [Op: Relu]
        {tensor-4 [dtype=float32, shape=()]}
         -> {tensor-5 [dtype=float32, shape=()]}
    
    Node 5    | MaxPool-6 [Op: MaxPool]
        {tensor-5 [dtype=float32, shape=()]}
         -> {tensor-6 [dtype=float32, shape=()]}
        ---- Attributes ----
        MaxPool-6.kernel_shape = [2, 2]
        MaxPool-6.pads = [0, 0, 0, 0]
        MaxPool-6.strides = [2, 2]
    
    Node 6    | Transpose-7 [Op: Transpose]
        {tensor-6 [dtype=float32, shape=()]}
         -> {tensor-7 [dtype=float32, shape=()]}
        ---- Attributes ----
        Transpose-7.perm = [0, 2, 3, 1]
    
    Node 7    | Reshape-7 [Op: Reshape]
        {tensor-7 [dtype=float32, shape=()],
         Initializer | constantM1Comma3136 [dtype=int64, shape=(2,)]}
         -> {tensor-8 [dtype=float32, shape=()]}
    
    Node 8    | MatMul-9 [Op: MatMul]
        {tensor-8 [dtype=float32, shape=()],
         Initializer | constant3136x1024 [dtype=float32, shape=(3136, 1024)]}
         -> {tensor-9 [dtype=float32, shape=()]}
    
    Node 9    | Add-10 [Op: Add]
        {tensor-9 [dtype=float32, shape=()],
         Initializer | constant1024 [dtype=float32, shape=(1024,)]}
         -> {tensor-10 [dtype=float32, shape=()]}
    
    Node 10   | ReLU-11 [Op: Relu]
        {tensor-10 [dtype=float32, shape=()]}
         -> {tensor-11 [dtype=float32, shape=()]}
    
    Node 11   | MatMul-12 [Op: MatMul]
        {tensor-11 [dtype=float32, shape=()],
         Initializer | constant1024x10 [dtype=float32, shape=(1024, 10)]}
         -> {tensor-12 [dtype=float32, shape=()]}
    
    Node 12   | Add-13 [Op: Add]
        {tensor-12 [dtype=float32, shape=()],
         Initializer | constant10 [dtype=float32, shape=(10,)]}
         -> {tensor-13 [dtype=float32, shape=()]}
    
    Node 13   | Softmax-14 [Op: Softmax]
        {tensor-13 [dtype=float32, shape=()]}
         -> {tensor-14 [dtype=float32, shape=()]}
        ---- Attributes ----
        Softmax-14.axis = 1
    
    Node 14   | ArgMax-15 [Op: ArgMax]
        {tensor-14 [dtype=float32, shape=()]}
         -> {tensor-15 [dtype=int32, shape=()]}
        ---- Attributes ----
        ArgMax-15.axis = 1
        ArgMax-15.keepdims = 0
