[TensorRT-Cookbook] Version: 0.1.0
[04/25/2026-00:55:18] [TRT] [W] Using default stream in enqueueV3() may lead to performance issues due to additional calls to cudaStreamSynchronize() by TensorRT to ensure correct synchronization. Please use non-default stream instead.
[04/25/2026-00:55:18] [TRT] [W] Using default stream in enqueueV3() may lead to performance issues due to additional calls to cudaStreamSynchronize() by TensorRT to ensure correct synchronization. Please use non-default stream instead.
[04/25/2026-00:55:19] [TRT] [W] Using default stream in enqueueV3() may lead to performance issues due to additional calls to cudaStreamSynchronize() by TensorRT to ensure correct synchronization. Please use non-default stream instead.
[04/25/2026-00:55:19] [TRT] [W] Using default stream in enqueueV3() may lead to performance issues due to additional calls to cudaStreamSynchronize() by TensorRT to ensure correct synchronization. Please use non-default stream instead.
[04/25/2026-00:55:19] [TRT] [W] Using default stream in enqueueV3() may lead to performance issues due to additional calls to cudaStreamSynchronize() by TensorRT to ensure correct synchronization. Please use non-default stream instead.
[04/25/2026-00:55:19] [TRT] [W] Using default stream in enqueueV3() may lead to performance issues due to additional calls to cudaStreamSynchronize() by TensorRT to ensure correct synchronization. Please use non-default stream instead.
[04/25/2026-00:55:20] [TRT] [W] Using default stream in enqueueV3() may lead to performance issues due to additional calls to cudaStreamSynchronize() by TensorRT to ensure correct synchronization. Please use non-default stream instead.
[04/25/2026-00:55:20] [TRT] [W] Using default stream in enqueueV3() may lead to performance issues due to additional calls to cudaStreamSynchronize() by TensorRT to ensure correct synchronization. Please use non-default stream instead.
[04/25/2026-00:55:20] [TRT] [W] Using default stream in enqueueV3() may lead to performance issues due to additional calls to cudaStreamSynchronize() by TensorRT to ensure correct synchronization. Please use non-default stream instead.
============================== Start [case_,([1, 2, 3, 4], <DataType.FLOAT: 0>, <TensorFormat.LINEAR: 0>),{}]
inputT0
[[[[ 1.  2.  3.  4.]
   [ 5.  6.  7.  8.]
   [ 9. 10. 11. 12.]]

  [[13. 14. 15. 16.]
   [17. 18. 19. 20.]
   [21. 22. 23. 24.]]]]
outputT0
[[[[ 1.  2.  3.  4.]
   [ 5.  6.  7.  8.]
   [ 9. 10. 11. 12.]]

  [[13. 14. 15. 16.]
   [17. 18. 19. 20.]
   [21. 22. 23. 24.]]]]
[check]:True,maxAbsDiff=0.00e+00,meanAbsDiff=0.00e+00,maxRelDiff=0.00e+00,meanRelDiff=0.00e+00
    worstPair=(1.0:1.0)@[0, 0, 0, 0]
[check]:True,maxAbsDiff=0.00e+00,meanAbsDiff=0.00e+00,maxRelDiff=0.00e+00,meanRelDiff=0.00e+00
    worstPair=(1.0:1.0)@[0, 0, 0, 0]
============================== End   [case_]
============================== Start [case_,([1, 4, 2, 3], <DataType.HALF: 1>, <TensorFormat.CHW2: 1>),{}]
inputT0
[[[[ 1.  2.  3.]
   [ 4.  5.  6.]]

  [[ 7.  8.  9.]
   [10. 11. 12.]]

  [[13. 14. 15.]
   [16. 17. 18.]]

  [[19. 20. 21.]
   [22. 23. 24.]]]]
outputT0
[[[[ 1.  7.  2.]
   [ 8.  3.  9.]]

  [[ 4. 10.  5.]
   [11.  6. 12.]]

  [[13. 19. 14.]
   [20. 15. 21.]]

  [[16. 22. 17.]
   [23. 18. 24.]]]]
[check]:True,maxAbsDiff=0.00e+00,meanAbsDiff=0.00e+00,maxRelDiff=0.00e+00,meanRelDiff=0.00e+00
    worstPair=(1.0:1.0)@[0, 0, 0, 0]
[check]:True,maxAbsDiff=0.00e+00,meanAbsDiff=0.00e+00,maxRelDiff=0.00e+00,meanRelDiff=0.00e+00
    worstPair=(1.0:1.0)@[0, 0, 0, 0]
============================== End   [case_]
============================== Start [case_,([1, 3, 2, 3], <DataType.HALF: 1>, <TensorFormat.CHW2: 1>),{}]
inputT0
[[[[ 1.  2.  3.]
   [ 4.  5.  6.]]

  [[ 7.  8.  9.]
   [10. 11. 12.]]

  [[13. 14. 15.]
   [16. 17. 18.]]]]
outputT0
[[[[ 1.  7.  2.]
   [ 8.  3.  9.]]

  [[ 4. 10.  5.]
   [11.  6. 12.]]

  [[13.  0. 14.]
   [ 0. 15.  0.]]]]
[check]:True,maxAbsDiff=0.00e+00,meanAbsDiff=0.00e+00,maxRelDiff=0.00e+00,meanRelDiff=0.00e+00
    worstPair=(1.0:1.0)@[0, 0, 0, 0]
[check]:True,maxAbsDiff=0.00e+00,meanAbsDiff=0.00e+00,maxRelDiff=0.00e+00,meanRelDiff=0.00e+00
    worstPair=(1.0:1.0)@[0]
============================== End   [case_]
============================== Start [case_,([1, 8, 2, 3], <DataType.HALF: 1>, <TensorFormat.HWC8: 2>),{}]
inputT0
[[[[ 1.  2.  3.]
   [ 4.  5.  6.]]

  [[ 7.  8.  9.]
   [10. 11. 12.]]

  [[13. 14. 15.]
   [16. 17. 18.]]

  [[19. 20. 21.]
   [22. 23. 24.]]

  [[25. 26. 27.]
   [28. 29. 30.]]

  [[31. 32. 33.]
   [34. 35. 36.]]

  [[37. 38. 39.]
   [40. 41. 42.]]

  [[43. 44. 45.]
   [46. 47. 48.]]]]
outputT0
[[[[ 1.  7. 13.]
   [19. 25. 31.]]

  [[37. 43.  2.]
   [ 8. 14. 20.]]

  [[26. 32. 38.]
   [44.  3.  9.]]

  [[15. 21. 27.]
   [33. 39. 45.]]

  [[ 4. 10. 16.]
   [22. 28. 34.]]

  [[40. 46.  5.]
   [11. 17. 23.]]

  [[29. 35. 41.]
   [47.  6. 12.]]

  [[18. 24. 30.]
   [36. 42. 48.]]]]
[check]:True,maxAbsDiff=0.00e+00,meanAbsDiff=0.00e+00,maxRelDiff=0.00e+00,meanRelDiff=0.00e+00
    worstPair=(1.0:1.0)@[0, 0, 0, 0]
[check]:True,maxAbsDiff=0.00e+00,meanAbsDiff=0.00e+00,maxRelDiff=0.00e+00,meanRelDiff=0.00e+00
    worstPair=(1.0:1.0)@[0, 0, 0, 0]
============================== End   [case_]
============================== Start [case_,([1, 7, 2, 3], <DataType.HALF: 1>, <TensorFormat.HWC8: 2>),{}]
inputT0
[[[[ 1.  2.  3.]
   [ 4.  5.  6.]]

  [[ 7.  8.  9.]
   [10. 11. 12.]]

  [[13. 14. 15.]
   [16. 17. 18.]]

  [[19. 20. 21.]
   [22. 23. 24.]]

  [[25. 26. 27.]
   [28. 29. 30.]]

  [[31. 32. 33.]
   [34. 35. 36.]]

  [[37. 38. 39.]
   [40. 41. 42.]]]]
outputT0
[[[[ 1.  7. 13.]
   [19. 25. 31.]]

  [[37.  0.  2.]
   [ 8. 14. 20.]]

  [[26. 32. 38.]
   [ 0.  3.  9.]]

  [[15. 21. 27.]
   [33. 39.  0.]]

  [[ 4. 10. 16.]
   [22. 28. 34.]]

  [[40.  0.  5.]
   [11. 17. 23.]]

  [[29. 35. 41.]
   [ 0.  6. 12.]]]]
[check]:True,maxAbsDiff=0.00e+00,meanAbsDiff=0.00e+00,maxRelDiff=0.00e+00,meanRelDiff=0.00e+00
    worstPair=(1.0:1.0)@[0, 0, 0, 0]
[check]:True,maxAbsDiff=0.00e+00,meanAbsDiff=0.00e+00,maxRelDiff=0.00e+00,meanRelDiff=0.00e+00
    worstPair=(1.0:1.0)@[0]
============================== End   [case_]
============================== Start [case_,([1, 4, 2, 3], <DataType.HALF: 1>, <TensorFormat.CHW4: 3>),{}]
inputT0
[[[[ 1.  2.  3.]
   [ 4.  5.  6.]]

  [[ 7.  8.  9.]
   [10. 11. 12.]]

  [[13. 14. 15.]
   [16. 17. 18.]]

  [[19. 20. 21.]
   [22. 23. 24.]]]]
outputT0
[[[[ 1.  7. 13.]
   [19.  2.  8.]]

  [[14. 20.  3.]
   [ 9. 15. 21.]]

  [[ 4. 10. 16.]
   [22.  5. 11.]]

  [[17. 23.  6.]
   [12. 18. 24.]]]]
[check]:True,maxAbsDiff=0.00e+00,meanAbsDiff=0.00e+00,maxRelDiff=0.00e+00,meanRelDiff=0.00e+00
    worstPair=(1.0:1.0)@[0, 0, 0, 0]
[check]:True,maxAbsDiff=0.00e+00,meanAbsDiff=0.00e+00,maxRelDiff=0.00e+00,meanRelDiff=0.00e+00
    worstPair=(1.0:1.0)@[0, 0, 0, 0]
============================== End   [case_]
============================== Start [case_,([1, 3, 2, 3], <DataType.HALF: 1>, <TensorFormat.CHW4: 3>),{}]
inputT0
[[[[ 1.  2.  3.]
   [ 4.  5.  6.]]

  [[ 7.  8.  9.]
   [10. 11. 12.]]

  [[13. 14. 15.]
   [16. 17. 18.]]]]
outputT0
[[[[ 1.  7. 13.]
   [ 0.  2.  8.]]

  [[14.  0.  3.]
   [ 9. 15.  0.]]

  [[ 4. 10. 16.]
   [ 0.  5. 11.]]]]
[check]:True,maxAbsDiff=0.00e+00,meanAbsDiff=0.00e+00,maxRelDiff=0.00e+00,meanRelDiff=0.00e+00
    worstPair=(1.0:1.0)@[0, 0, 0, 0]
[check]:True,maxAbsDiff=0.00e+00,meanAbsDiff=0.00e+00,maxRelDiff=0.00e+00,meanRelDiff=0.00e+00
    worstPair=(1.0:1.0)@[0]
============================== End   [case_]
============================== Start [case_,([1, 16, 2, 3], <DataType.HALF: 1>, <TensorFormat.CHW16: 4>),{}]
inputT0
[[[[ 1.  2.  3.]
   [ 4.  5.  6.]]

  [[ 7.  8.  9.]
   [10. 11. 12.]]

  [[13. 14. 15.]
   [16. 17. 18.]]

  [[19. 20. 21.]
   [22. 23. 24.]]

  [[25. 26. 27.]
   [28. 29. 30.]]

  [[31. 32. 33.]
   [34. 35. 36.]]

  [[37. 38. 39.]
   [40. 41. 42.]]

  [[43. 44. 45.]
   [46. 47. 48.]]

  [[49. 50. 51.]
   [52. 53. 54.]]

  [[55. 56. 57.]
   [58. 59. 60.]]

  [[61. 62. 63.]
   [64. 65. 66.]]

  [[67. 68. 69.]
   [70. 71. 72.]]

  [[73. 74. 75.]
   [76. 77. 78.]]

  [[79. 80. 81.]
   [82. 83. 84.]]

  [[85. 86. 87.]
   [88. 89. 90.]]

  [[91. 92. 93.]
   [94. 95. 96.]]]]
outputT0
[[[[ 1.  7. 13.]
   [19. 25. 31.]]

  [[37. 43. 49.]
   [55. 61. 67.]]

  [[73. 79. 85.]
   [91.  2.  8.]]

  [[14. 20. 26.]
   [32. 38. 44.]]

  [[50. 56. 62.]
   [68. 74. 80.]]

  [[86. 92.  3.]
   [ 9. 15. 21.]]

  [[27. 33. 39.]
   [45. 51. 57.]]

  [[63. 69. 75.]
   [81. 87. 93.]]

  [[ 4. 10. 16.]
   [22. 28. 34.]]

  [[40. 46. 52.]
   [58. 64. 70.]]

  [[76. 82. 88.]
   [94.  5. 11.]]

  [[17. 23. 29.]
   [35. 41. 47.]]

  [[53. 59. 65.]
   [71. 77. 83.]]

  [[89. 95.  6.]
   [12. 18. 24.]]

  [[30. 36. 42.]
   [48. 54. 60.]]

  [[66. 72. 78.]
   [84. 90. 96.]]]]
[check]:True,maxAbsDiff=0.00e+00,meanAbsDiff=0.00e+00,maxRelDiff=0.00e+00,meanRelDiff=0.00e+00
    worstPair=(1.0:1.0)@[0, 0, 0, 0]
[check]:True,maxAbsDiff=0.00e+00,meanAbsDiff=0.00e+00,maxRelDiff=0.00e+00,meanRelDiff=0.00e+00
    worstPair=(1.0:1.0)@[0, 0, 0, 0]
============================== End   [case_]
============================== Start [case_,([1, 15, 2, 3], <DataType.HALF: 1>, <TensorFormat.CHW16: 4>),{}]
inputT0
[[[[ 1.  2.  3.]
   [ 4.  5.  6.]]

  [[ 7.  8.  9.]
   [10. 11. 12.]]

  [[13. 14. 15.]
   [16. 17. 18.]]

  [[19. 20. 21.]
   [22. 23. 24.]]

  [[25. 26. 27.]
   [28. 29. 30.]]

  [[31. 32. 33.]
   [34. 35. 36.]]

  [[37. 38. 39.]
   [40. 41. 42.]]

  [[43. 44. 45.]
   [46. 47. 48.]]

  [[49. 50. 51.]
   [52. 53. 54.]]

  [[55. 56. 57.]
   [58. 59. 60.]]

  [[61. 62. 63.]
   [64. 65. 66.]]

  [[67. 68. 69.]
   [70. 71. 72.]]

  [[73. 74. 75.]
   [76. 77. 78.]]

  [[79. 80. 81.]
   [82. 83. 84.]]

  [[85. 86. 87.]
   [88. 89. 90.]]]]
outputT0
[[[[ 1.  7. 13.]
   [19. 25. 31.]]

  [[37. 43. 49.]
   [55. 61. 67.]]

  [[73. 79. 85.]
   [ 0.  2.  8.]]

  [[14. 20. 26.]
   [32. 38. 44.]]

  [[50. 56. 62.]
   [68. 74. 80.]]

  [[86.  0.  3.]
   [ 9. 15. 21.]]

  [[27. 33. 39.]
   [45. 51. 57.]]

  [[63. 69. 75.]
   [81. 87.  0.]]

  [[ 4. 10. 16.]
   [22. 28. 34.]]

  [[40. 46. 52.]
   [58. 64. 70.]]

  [[76. 82. 88.]
   [ 0.  5. 11.]]

  [[17. 23. 29.]
   [35. 41. 47.]]

  [[53. 59. 65.]
   [71. 77. 83.]]

  [[89.  0.  6.]
   [12. 18. 24.]]

  [[30. 36. 42.]
   [48. 54. 60.]]]]
[04/25/2026-00:55:21] [TRT] [W] Using default stream in enqueueV3() may lead to performance issues due to additional calls to cudaStreamSynchronize() by TensorRT to ensure correct synchronization. Please use non-default stream instead.
[04/25/2026-00:55:21] [TRT] [W] Using default stream in enqueueV3() may lead to performance issues due to additional calls to cudaStreamSynchronize() by TensorRT to ensure correct synchronization. Please use non-default stream instead.
[04/25/2026-00:55:21] [TRT] [W] Using default stream in enqueueV3() may lead to performance issues due to additional calls to cudaStreamSynchronize() by TensorRT to ensure correct synchronization. Please use non-default stream instead.
[04/25/2026-00:55:22] [TRT] [W] Using default stream in enqueueV3() may lead to performance issues due to additional calls to cudaStreamSynchronize() by TensorRT to ensure correct synchronization. Please use non-default stream instead.
[check]:True,maxAbsDiff=0.00e+00,meanAbsDiff=0.00e+00,maxRelDiff=0.00e+00,meanRelDiff=0.00e+00
    worstPair=(1.0:1.0)@[0, 0, 0, 0]
[check]:True,maxAbsDiff=0.00e+00,meanAbsDiff=0.00e+00,maxRelDiff=0.00e+00,meanRelDiff=0.00e+00
    worstPair=(1.0:1.0)@[0]
============================== End   [case_]
============================== Start [case_,([1, 32, 2, 3], <DataType.FLOAT: 0>, <TensorFormat.CHW32: 5>),{}]
inputT0
[[[[  1.   2.   3.]
   [  4.   5.   6.]]

  [[  7.   8.   9.]
   [ 10.  11.  12.]]

  [[ 13.  14.  15.]
   [ 16.  17.  18.]]

  [[ 19.  20.  21.]
   [ 22.  23.  24.]]

  [[ 25.  26.  27.]
   [ 28.  29.  30.]]

  [[ 31.  32.  33.]
   [ 34.  35.  36.]]

  [[ 37.  38.  39.]
   [ 40.  41.  42.]]

  [[ 43.  44.  45.]
   [ 46.  47.  48.]]

  [[ 49.  50.  51.]
   [ 52.  53.  54.]]

  [[ 55.  56.  57.]
   [ 58.  59.  60.]]

  [[ 61.  62.  63.]
   [ 64.  65.  66.]]

  [[ 67.  68.  69.]
   [ 70.  71.  72.]]

  [[ 73.  74.  75.]
   [ 76.  77.  78.]]

  [[ 79.  80.  81.]
   [ 82.  83.  84.]]

  [[ 85.  86.  87.]
   [ 88.  89.  90.]]

  [[ 91.  92.  93.]
   [ 94.  95.  96.]]

  [[ 97.  98.  99.]
   [100. 101. 102.]]

  [[103. 104. 105.]
   [106. 107. 108.]]

  [[109. 110. 111.]
   [112. 113. 114.]]

  [[115. 116. 117.]
   [118. 119. 120.]]

  [[121. 122. 123.]
   [124. 125. 126.]]

  [[127. 128. 129.]
   [130. 131. 132.]]

  [[133. 134. 135.]
   [136. 137. 138.]]

  [[139. 140. 141.]
   [142. 143. 144.]]

  [[145. 146. 147.]
   [148. 149. 150.]]

  [[151. 152. 153.]
   [154. 155. 156.]]

  [[157. 158. 159.]
   [160. 161. 162.]]

  [[163. 164. 165.]
   [166. 167. 168.]]

  [[169. 170. 171.]
   [172. 173. 174.]]

  [[175. 176. 177.]
   [178. 179. 180.]]

  [[181. 182. 183.]
   [184. 185. 186.]]

  [[187. 188. 189.]
   [190. 191. 192.]]]]
outputT0
[[[[  1.   7.  13.]
   [ 19.  25.  31.]]

  [[ 37.  43.  49.]
   [ 55.  61.  67.]]

  [[ 73.  79.  85.]
   [ 91.  97. 103.]]

  [[109. 115. 121.]
   [127. 133. 139.]]

  [[145. 151. 157.]
   [163. 169. 175.]]

  [[181. 187.   2.]
   [  8.  14.  20.]]

  [[ 26.  32.  38.]
   [ 44.  50.  56.]]

  [[ 62.  68.  74.]
   [ 80.  86.  92.]]

  [[ 98. 104. 110.]
   [116. 122. 128.]]

  [[134. 140. 146.]
   [152. 158. 164.]]

  [[170. 176. 182.]
   [188.   3.   9.]]

  [[ 15.  21.  27.]
   [ 33.  39.  45.]]

  [[ 51.  57.  63.]
   [ 69.  75.  81.]]

  [[ 87.  93.  99.]
   [105. 111. 117.]]

  [[123. 129. 135.]
   [141. 147. 153.]]

  [[159. 165. 171.]
   [177. 183. 189.]]

  [[  4.  10.  16.]
   [ 22.  28.  34.]]

  [[ 40.  46.  52.]
   [ 58.  64.  70.]]

  [[ 76.  82.  88.]
   [ 94. 100. 106.]]

  [[112. 118. 124.]
   [130. 136. 142.]]

  [[148. 154. 160.]
   [166. 172. 178.]]

  [[184. 190.   5.]
   [ 11.  17.  23.]]

  [[ 29.  35.  41.]
   [ 47.  53.  59.]]

  [[ 65.  71.  77.]
   [ 83.  89.  95.]]

  [[101. 107. 113.]
   [119. 125. 131.]]

  [[137. 143. 149.]
   [155. 161. 167.]]

  [[173. 179. 185.]
   [191.   6.  12.]]

  [[ 18.  24.  30.]
   [ 36.  42.  48.]]

  [[ 54.  60.  66.]
   [ 72.  78.  84.]]

  [[ 90.  96. 102.]
   [108. 114. 120.]]

  [[126. 132. 138.]
   [144. 150. 156.]]

  [[162. 168. 174.]
   [180. 186. 192.]]]]
[check]:True,maxAbsDiff=0.00e+00,meanAbsDiff=0.00e+00,maxRelDiff=0.00e+00,meanRelDiff=0.00e+00
    worstPair=(1.0:1.0)@[0, 0, 0, 0]
[check]:True,maxAbsDiff=0.00e+00,meanAbsDiff=0.00e+00,maxRelDiff=0.00e+00,meanRelDiff=0.00e+00
    worstPair=(1.0:1.0)@[0, 0, 0, 0]
============================== End   [case_]
============================== Start [case_,([1, 31, 2, 3], <DataType.FLOAT: 0>, <TensorFormat.CHW32: 5>),{}]
inputT0
[[[[  1.   2.   3.]
   [  4.   5.   6.]]

  [[  7.   8.   9.]
   [ 10.  11.  12.]]

  [[ 13.  14.  15.]
   [ 16.  17.  18.]]

  [[ 19.  20.  21.]
   [ 22.  23.  24.]]

  [[ 25.  26.  27.]
   [ 28.  29.  30.]]

  [[ 31.  32.  33.]
   [ 34.  35.  36.]]

  [[ 37.  38.  39.]
   [ 40.  41.  42.]]

  [[ 43.  44.  45.]
   [ 46.  47.  48.]]

  [[ 49.  50.  51.]
   [ 52.  53.  54.]]

  [[ 55.  56.  57.]
   [ 58.  59.  60.]]

  [[ 61.  62.  63.]
   [ 64.  65.  66.]]

  [[ 67.  68.  69.]
   [ 70.  71.  72.]]

  [[ 73.  74.  75.]
   [ 76.  77.  78.]]

  [[ 79.  80.  81.]
   [ 82.  83.  84.]]

  [[ 85.  86.  87.]
   [ 88.  89.  90.]]

  [[ 91.  92.  93.]
   [ 94.  95.  96.]]

  [[ 97.  98.  99.]
   [100. 101. 102.]]

  [[103. 104. 105.]
   [106. 107. 108.]]

  [[109. 110. 111.]
   [112. 113. 114.]]

  [[115. 116. 117.]
   [118. 119. 120.]]

  [[121. 122. 123.]
   [124. 125. 126.]]

  [[127. 128. 129.]
   [130. 131. 132.]]

  [[133. 134. 135.]
   [136. 137. 138.]]

  [[139. 140. 141.]
   [142. 143. 144.]]

  [[145. 146. 147.]
   [148. 149. 150.]]

  [[151. 152. 153.]
   [154. 155. 156.]]

  [[157. 158. 159.]
   [160. 161. 162.]]

  [[163. 164. 165.]
   [166. 167. 168.]]

  [[169. 170. 171.]
   [172. 173. 174.]]

  [[175. 176. 177.]
   [178. 179. 180.]]

  [[181. 182. 183.]
   [184. 185. 186.]]]]
outputT0
[[[[  1.   7.  13.]
   [ 19.  25.  31.]]

  [[ 37.  43.  49.]
   [ 55.  61.  67.]]

  [[ 73.  79.  85.]
   [ 91.  97. 103.]]

  [[109. 115. 121.]
   [127. 133. 139.]]

  [[145. 151. 157.]
   [163. 169. 175.]]

  [[181.   0.   2.]
   [  8.  14.  20.]]

  [[ 26.  32.  38.]
   [ 44.  50.  56.]]

  [[ 62.  68.  74.]
   [ 80.  86.  92.]]

  [[ 98. 104. 110.]
   [116. 122. 128.]]

  [[134. 140. 146.]
   [152. 158. 164.]]

  [[170. 176. 182.]
   [  0.   3.   9.]]

  [[ 15.  21.  27.]
   [ 33.  39.  45.]]

  [[ 51.  57.  63.]
   [ 69.  75.  81.]]

  [[ 87.  93.  99.]
   [105. 111. 117.]]

  [[123. 129. 135.]
   [141. 147. 153.]]

  [[159. 165. 171.]
   [177. 183.   0.]]

  [[  4.  10.  16.]
   [ 22.  28.  34.]]

  [[ 40.  46.  52.]
   [ 58.  64.  70.]]

  [[ 76.  82.  88.]
   [ 94. 100. 106.]]

  [[112. 118. 124.]
   [130. 136. 142.]]

  [[148. 154. 160.]
   [166. 172. 178.]]

  [[184.   0.   5.]
   [ 11.  17.  23.]]

  [[ 29.  35.  41.]
   [ 47.  53.  59.]]

  [[ 65.  71.  77.]
   [ 83.  89.  95.]]

  [[101. 107. 113.]
   [119. 125. 131.]]

  [[137. 143. 149.]
   [155. 161. 167.]]

  [[173. 179. 185.]
   [  0.   6.  12.]]

  [[ 18.  24.  30.]
   [ 36.  42.  48.]]

  [[ 54.  60.  66.]
   [ 72.  78.  84.]]

  [[ 90.  96. 102.]
   [108. 114. 120.]]

  [[126. 132. 138.]
   [144. 150. 156.]]]]
[check]:True,maxAbsDiff=0.00e+00,meanAbsDiff=0.00e+00,maxRelDiff=0.00e+00,meanRelDiff=0.00e+00
    worstPair=(1.0:1.0)@[0, 0, 0, 0]
[check]:True,maxAbsDiff=0.00e+00,meanAbsDiff=0.00e+00,maxRelDiff=0.00e+00,meanRelDiff=0.00e+00
    worstPair=(1.0:1.0)@[0]
============================== End   [case_]
============================== Start [case_,([1, 8, 1, 2, 3], <DataType.HALF: 1>, <TensorFormat.DHWC8: 6>),{}]
inputT0
[[[[[ 1.  2.  3.]
    [ 4.  5.  6.]]]


  [[[ 7.  8.  9.]
    [10. 11. 12.]]]


  [[[13. 14. 15.]
    [16. 17. 18.]]]


  [[[19. 20. 21.]
    [22. 23. 24.]]]


  [[[25. 26. 27.]
    [28. 29. 30.]]]


  [[[31. 32. 33.]
    [34. 35. 36.]]]


  [[[37. 38. 39.]
    [40. 41. 42.]]]


  [[[43. 44. 45.]
    [46. 47. 48.]]]]]
outputT0
[[[[[ 1.  7. 13.]
    [19. 25. 31.]]]


  [[[37. 43.  2.]
    [ 8. 14. 20.]]]


  [[[26. 32. 38.]
    [44.  3.  9.]]]


  [[[15. 21. 27.]
    [33. 39. 45.]]]


  [[[ 4. 10. 16.]
    [22. 28. 34.]]]


  [[[40. 46.  5.]
    [11. 17. 23.]]]


  [[[29. 35. 41.]
    [47.  6. 12.]]]


  [[[18. 24. 30.]
    [36. 42. 48.]]]]]
[check]:True,maxAbsDiff=0.00e+00,meanAbsDiff=0.00e+00,maxRelDiff=0.00e+00,meanRelDiff=0.00e+00
    worstPair=(1.0:1.0)@[0, 0, 0, 0, 0]
[check]:True,maxAbsDiff=0.00e+00,meanAbsDiff=0.00e+00,maxRelDiff=0.00e+00,meanRelDiff=0.00e+00
    worstPair=(1.0:1.0)@[0, 0, 0, 0, 0]
============================== End   [case_]
============================== Start [case_,([1, 7, 1, 2, 3], <DataType.HALF: 1>, <TensorFormat.DHWC8: 6>),{}]
inputT0
[[[[[ 1.  2.  3.]
    [ 4.  5.  6.]]]


  [[[ 7.  8.  9.]
    [10. 11. 12.]]]


  [[[13. 14. 15.]
    [16. 17. 18.]]]


  [[[19. 20. 21.]
    [22. 23. 24.]]]


  [[[25. 26. 27.]
    [28. 29. 30.]]]


  [[[31. 32. 33.]
    [34. 35. 36.]]]


  [[[37. 38. 39.]
    [40. 41. 42.]]]]]
outputT0
[04/25/2026-00:55:22] [TRT] [W] Using default stream in enqueueV3() may lead to performance issues due to additional calls to cudaStreamSynchronize() by TensorRT to ensure correct synchronization. Please use non-default stream instead.
[04/25/2026-00:55:22] [TRT] [W] Using default stream in enqueueV3() may lead to performance issues due to additional calls to cudaStreamSynchronize() by TensorRT to ensure correct synchronization. Please use non-default stream instead.
[04/25/2026-00:55:22] [TRT] [W] Using default stream in enqueueV3() may lead to performance issues due to additional calls to cudaStreamSynchronize() by TensorRT to ensure correct synchronization. Please use non-default stream instead.
[04/25/2026-00:55:23] [TRT] [W] Using default stream in enqueueV3() may lead to performance issues due to additional calls to cudaStreamSynchronize() by TensorRT to ensure correct synchronization. Please use non-default stream instead.
[[[[[ 1.  7. 13.]
    [19. 25. 31.]]]


  [[[37.  0.  2.]
    [ 8. 14. 20.]]]


  [[[26. 32. 38.]
    [ 0.  3.  9.]]]


  [[[15. 21. 27.]
    [33. 39.  0.]]]


  [[[ 4. 10. 16.]
    [22. 28. 34.]]]


  [[[40.  0.  5.]
    [11. 17. 23.]]]


  [[[29. 35. 41.]
    [ 0.  6. 12.]]]]]
[check]:True,maxAbsDiff=0.00e+00,meanAbsDiff=0.00e+00,maxRelDiff=0.00e+00,meanRelDiff=0.00e+00
    worstPair=(1.0:1.0)@[0, 0, 0, 0, 0]
[check]:True,maxAbsDiff=0.00e+00,meanAbsDiff=0.00e+00,maxRelDiff=0.00e+00,meanRelDiff=0.00e+00
    worstPair=(1.0:1.0)@[0]
============================== End   [case_]
============================== Start [case_,([1, 32, 1, 2, 3], <DataType.HALF: 1>, <TensorFormat.CDHW32: 7>),{}]
inputT0
[[[[[  1.   2.   3.]
    [  4.   5.   6.]]]


  [[[  7.   8.   9.]
    [ 10.  11.  12.]]]


  [[[ 13.  14.  15.]
    [ 16.  17.  18.]]]


  [[[ 19.  20.  21.]
    [ 22.  23.  24.]]]


  [[[ 25.  26.  27.]
    [ 28.  29.  30.]]]


  [[[ 31.  32.  33.]
    [ 34.  35.  36.]]]


  [[[ 37.  38.  39.]
    [ 40.  41.  42.]]]


  [[[ 43.  44.  45.]
    [ 46.  47.  48.]]]


  [[[ 49.  50.  51.]
    [ 52.  53.  54.]]]


  [[[ 55.  56.  57.]
    [ 58.  59.  60.]]]


  [[[ 61.  62.  63.]
    [ 64.  65.  66.]]]


  [[[ 67.  68.  69.]
    [ 70.  71.  72.]]]


  [[[ 73.  74.  75.]
    [ 76.  77.  78.]]]


  [[[ 79.  80.  81.]
    [ 82.  83.  84.]]]


  [[[ 85.  86.  87.]
    [ 88.  89.  90.]]]


  [[[ 91.  92.  93.]
    [ 94.  95.  96.]]]


  [[[ 97.  98.  99.]
    [100. 101. 102.]]]


  [[[103. 104. 105.]
    [106. 107. 108.]]]


  [[[109. 110. 111.]
    [112. 113. 114.]]]


  [[[115. 116. 117.]
    [118. 119. 120.]]]


  [[[121. 122. 123.]
    [124. 125. 126.]]]


  [[[127. 128. 129.]
    [130. 131. 132.]]]


  [[[133. 134. 135.]
    [136. 137. 138.]]]


  [[[139. 140. 141.]
    [142. 143. 144.]]]


  [[[145. 146. 147.]
    [148. 149. 150.]]]


  [[[151. 152. 153.]
    [154. 155. 156.]]]


  [[[157. 158. 159.]
    [160. 161. 162.]]]


  [[[163. 164. 165.]
    [166. 167. 168.]]]


  [[[169. 170. 171.]
    [172. 173. 174.]]]


  [[[175. 176. 177.]
    [178. 179. 180.]]]


  [[[181. 182. 183.]
    [184. 185. 186.]]]


  [[[187. 188. 189.]
    [190. 191. 192.]]]]]
outputT0
[[[[[  1.   7.  13.]
    [ 19.  25.  31.]]]


  [[[ 37.  43.  49.]
    [ 55.  61.  67.]]]


  [[[ 73.  79.  85.]
    [ 91.  97. 103.]]]


  [[[109. 115. 121.]
    [127. 133. 139.]]]


  [[[145. 151. 157.]
    [163. 169. 175.]]]


  [[[181. 187.   2.]
    [  8.  14.  20.]]]


  [[[ 26.  32.  38.]
    [ 44.  50.  56.]]]


  [[[ 62.  68.  74.]
    [ 80.  86.  92.]]]


  [[[ 98. 104. 110.]
    [116. 122. 128.]]]


  [[[134. 140. 146.]
    [152. 158. 164.]]]


  [[[170. 176. 182.]
    [188.   3.   9.]]]


  [[[ 15.  21.  27.]
    [ 33.  39.  45.]]]


  [[[ 51.  57.  63.]
    [ 69.  75.  81.]]]


  [[[ 87.  93.  99.]
    [105. 111. 117.]]]


  [[[123. 129. 135.]
    [141. 147. 153.]]]


  [[[159. 165. 171.]
    [177. 183. 189.]]]


  [[[  4.  10.  16.]
    [ 22.  28.  34.]]]


  [[[ 40.  46.  52.]
    [ 58.  64.  70.]]]


  [[[ 76.  82.  88.]
    [ 94. 100. 106.]]]


  [[[112. 118. 124.]
    [130. 136. 142.]]]


  [[[148. 154. 160.]
    [166. 172. 178.]]]


  [[[184. 190.   5.]
    [ 11.  17.  23.]]]


  [[[ 29.  35.  41.]
    [ 47.  53.  59.]]]


  [[[ 65.  71.  77.]
    [ 83.  89.  95.]]]


  [[[101. 107. 113.]
    [119. 125. 131.]]]


  [[[137. 143. 149.]
    [155. 161. 167.]]]


  [[[173. 179. 185.]
    [191.   6.  12.]]]


  [[[ 18.  24.  30.]
    [ 36.  42.  48.]]]


  [[[ 54.  60.  66.]
    [ 72.  78.  84.]]]


  [[[ 90.  96. 102.]
    [108. 114. 120.]]]


  [[[126. 132. 138.]
    [144. 150. 156.]]]


  [[[162. 168. 174.]
    [180. 186. 192.]]]]]
[check]:True,maxAbsDiff=0.00e+00,meanAbsDiff=0.00e+00,maxRelDiff=0.00e+00,meanRelDiff=0.00e+00
    worstPair=(1.0:1.0)@[0, 0, 0, 0, 0]
[check]:True,maxAbsDiff=0.00e+00,meanAbsDiff=0.00e+00,maxRelDiff=0.00e+00,meanRelDiff=0.00e+00
    worstPair=(1.0:1.0)@[0, 0, 0, 0, 0]
============================== End   [case_]
============================== Start [case_,([1, 31, 1, 2, 3], <DataType.HALF: 1>, <TensorFormat.CDHW32: 7>),{}]
inputT0
[[[[[  1.   2.   3.]
    [  4.   5.   6.]]]


  [[[  7.   8.   9.]
    [ 10.  11.  12.]]]


  [[[ 13.  14.  15.]
    [ 16.  17.  18.]]]


  [[[ 19.  20.  21.]
    [ 22.  23.  24.]]]


  [[[ 25.  26.  27.]
    [ 28.  29.  30.]]]


  [[[ 31.  32.  33.]
    [ 34.  35.  36.]]]


  [[[ 37.  38.  39.]
    [ 40.  41.  42.]]]


  [[[ 43.  44.  45.]
    [ 46.  47.  48.]]]


  [[[ 49.  50.  51.]
    [ 52.  53.  54.]]]


  [[[ 55.  56.  57.]
    [ 58.  59.  60.]]]


  [[[ 61.  62.  63.]
    [ 64.  65.  66.]]]


  [[[ 67.  68.  69.]
    [ 70.  71.  72.]]]


  [[[ 73.  74.  75.]
    [ 76.  77.  78.]]]


  [[[ 79.  80.  81.]
    [ 82.  83.  84.]]]


  [[[ 85.  86.  87.]
    [ 88.  89.  90.]]]


  [[[ 91.  92.  93.]
    [ 94.  95.  96.]]]


  [[[ 97.  98.  99.]
    [100. 101. 102.]]]


  [[[103. 104. 105.]
    [106. 107. 108.]]]


  [[[109. 110. 111.]
    [112. 113. 114.]]]


  [[[115. 116. 117.]
    [118. 119. 120.]]]


  [[[121. 122. 123.]
    [124. 125. 126.]]]


  [[[127. 128. 129.]
    [130. 131. 132.]]]


  [[[133. 134. 135.]
    [136. 137. 138.]]]


  [[[139. 140. 141.]
    [142. 143. 144.]]]


  [[[145. 146. 147.]
    [148. 149. 150.]]]


  [[[151. 152. 153.]
    [154. 155. 156.]]]


  [[[157. 158. 159.]
    [160. 161. 162.]]]


  [[[163. 164. 165.]
    [166. 167. 168.]]]


  [[[169. 170. 171.]
    [172. 173. 174.]]]


  [[[175. 176. 177.]
    [178. 179. 180.]]]


  [[[181. 182. 183.]
    [184. 185. 186.]]]]]
outputT0
[[[[[  1.   7.  13.]
    [ 19.  25.  31.]]]


  [[[ 37.  43.  49.]
    [ 55.  61.  67.]]]


  [[[ 73.  79.  85.]
    [ 91.  97. 103.]]]


  [[[109. 115. 121.]
    [127. 133. 139.]]]


  [[[145. 151. 157.]
    [163. 169. 175.]]]


  [[[181.   0.   2.]
    [  8.  14.  20.]]]


  [[[ 26.  32.  38.]
    [ 44.  50.  56.]]]


  [[[ 62.  68.  74.]
    [ 80.  86.  92.]]]


  [[[ 98. 104. 110.]
    [116. 122. 128.]]]


  [[[134. 140. 146.]
    [152. 158. 164.]]]


  [[[170. 176. 182.]
    [  0.   3.   9.]]]


  [[[ 15.  21.  27.]
    [ 33.  39.  45.]]]


  [[[ 51.  57.  63.]
    [ 69.  75.  81.]]]


  [[[ 87.  93.  99.]
    [105. 111. 117.]]]


  [[[123. 129. 135.]
    [141. 147. 153.]]]


  [[[159. 165. 171.]
    [177. 183.   0.]]]


  [[[  4.  10.  16.]
    [ 22.  28.  34.]]]


  [[[ 40.  46.  52.]
    [ 58.  64.  70.]]]


  [[[ 76.  82.  88.]
    [ 94. 100. 106.]]]


  [[[112. 118. 124.]
    [130. 136. 142.]]]


  [[[148. 154. 160.]
    [166. 172. 178.]]]


  [[[184.   0.   5.]
    [ 11.  17.  23.]]]


  [[[ 29.  35.  41.]
    [ 47.  53.  59.]]]


  [[[ 65.  71.  77.]
    [ 83.  89.  95.]]]


  [[[101. 107. 113.]
    [119. 125. 131.]]]


  [[[137. 143. 149.]
    [155. 161. 167.]]]


  [[[173. 179. 185.]
    [  0.   6.  12.]]]


  [[[ 18.  24.  30.]
    [ 36.  42.  48.]]]


  [[[ 54.  60.  66.]
    [ 72.  78.  84.]]]


  [[[ 90.  96. 102.]
    [108. 114. 120.]]]


  [[[126. 132. 138.]
    [144. 150. 156.]]]]]
[check]:True,maxAbsDiff=0.00e+00,meanAbsDiff=0.00e+00,maxRelDiff=0.00e+00,meanRelDiff=0.00e+00
    worstPair=(1.0:1.0)@[0, 0, 0, 0, 0]
[check]:True,maxAbsDiff=0.00e+00,meanAbsDiff=0.00e+00,maxRelDiff=0.00e+00,meanRelDiff=0.00e+00
    worstPair=(1.0:1.0)@[0]
============================== End   [case_]
============================== Start [case_,([1, 2, 3, 4], <DataType.FLOAT: 0>, <TensorFormat.HWC: 8>),{}]
inputT0
[[[[ 1.  2.  3.  4.]
   [ 5.  6.  7.  8.]
   [ 9. 10. 11. 12.]]

  [[13. 14. 15. 16.]
   [17. 18. 19. 20.]
   [21. 22. 23. 24.]]]]
outputT0
[[[[ 1. 13.  2. 14.]
   [ 3. 15.  4. 16.]
   [ 5. 17.  6. 18.]]

  [[ 7. 19.  8. 20.]
   [ 9. 21. 10. 22.]
   [11. 23. 12. 24.]]]]
[check]:True,maxAbsDiff=0.00e+00,meanAbsDiff=0.00e+00,maxRelDiff=0.00e+00,meanRelDiff=0.00e+00
    worstPair=(1.0:1.0)@[0, 0, 0, 0]
[check]:True,maxAbsDiff=0.00e+00,meanAbsDiff=0.00e+00,maxRelDiff=0.00e+00,meanRelDiff=0.00e+00
    worstPair=(1.0:1.0)@[0, 0, 0, 0]
============================== End   [case_]
============================== Start [case_,([1, 16, 2, 3], <DataType.HALF: 1>, <TensorFormat.HWC16: 11>),{}]
inputT0
[04/25/2026-00:55:23] [TRT] [W] Using default stream in enqueueV3() may lead to performance issues due to additional calls to cudaStreamSynchronize() by TensorRT to ensure correct synchronization. Please use non-default stream instead.
[04/25/2026-00:55:23] [TRT] [W] Using default stream in enqueueV3() may lead to performance issues due to additional calls to cudaStreamSynchronize() by TensorRT to ensure correct synchronization. Please use non-default stream instead.
[[[[ 1.  2.  3.]
   [ 4.  5.  6.]]

  [[ 7.  8.  9.]
   [10. 11. 12.]]

  [[13. 14. 15.]
   [16. 17. 18.]]

  [[19. 20. 21.]
   [22. 23. 24.]]

  [[25. 26. 27.]
   [28. 29. 30.]]

  [[31. 32. 33.]
   [34. 35. 36.]]

  [[37. 38. 39.]
   [40. 41. 42.]]

  [[43. 44. 45.]
   [46. 47. 48.]]

  [[49. 50. 51.]
   [52. 53. 54.]]

  [[55. 56. 57.]
   [58. 59. 60.]]

  [[61. 62. 63.]
   [64. 65. 66.]]

  [[67. 68. 69.]
   [70. 71. 72.]]

  [[73. 74. 75.]
   [76. 77. 78.]]

  [[79. 80. 81.]
   [82. 83. 84.]]

  [[85. 86. 87.]
   [88. 89. 90.]]

  [[91. 92. 93.]
   [94. 95. 96.]]]]
outputT0
[[[[ 1.  7. 13.]
   [19. 25. 31.]]

  [[37. 43. 49.]
   [55. 61. 67.]]

  [[73. 79. 85.]
   [91.  2.  8.]]

  [[14. 20. 26.]
   [32. 38. 44.]]

  [[50. 56. 62.]
   [68. 74. 80.]]

  [[86. 92.  3.]
   [ 9. 15. 21.]]

  [[27. 33. 39.]
   [45. 51. 57.]]

  [[63. 69. 75.]
   [81. 87. 93.]]

  [[ 4. 10. 16.]
   [22. 28. 34.]]

  [[40. 46. 52.]
   [58. 64. 70.]]

  [[76. 82. 88.]
   [94.  5. 11.]]

  [[17. 23. 29.]
   [35. 41. 47.]]

  [[53. 59. 65.]
   [71. 77. 83.]]

  [[89. 95.  6.]
   [12. 18. 24.]]

  [[30. 36. 42.]
   [48. 54. 60.]]

  [[66. 72. 78.]
   [84. 90. 96.]]]]
[check]:True,maxAbsDiff=0.00e+00,meanAbsDiff=0.00e+00,maxRelDiff=0.00e+00,meanRelDiff=0.00e+00
    worstPair=(1.0:1.0)@[0, 0, 0, 0]
[check]:True,maxAbsDiff=0.00e+00,meanAbsDiff=0.00e+00,maxRelDiff=0.00e+00,meanRelDiff=0.00e+00
    worstPair=(1.0:1.0)@[0, 0, 0, 0]
============================== End   [case_]
============================== Start [case_,([1, 15, 2, 3], <DataType.HALF: 1>, <TensorFormat.HWC16: 11>),{}]
inputT0
[[[[ 1.  2.  3.]
   [ 4.  5.  6.]]

  [[ 7.  8.  9.]
   [10. 11. 12.]]

  [[13. 14. 15.]
   [16. 17. 18.]]

  [[19. 20. 21.]
   [22. 23. 24.]]

  [[25. 26. 27.]
   [28. 29. 30.]]

  [[31. 32. 33.]
   [34. 35. 36.]]

  [[37. 38. 39.]
   [40. 41. 42.]]

  [[43. 44. 45.]
   [46. 47. 48.]]

  [[49. 50. 51.]
   [52. 53. 54.]]

  [[55. 56. 57.]
   [58. 59. 60.]]

  [[61. 62. 63.]
   [64. 65. 66.]]

  [[67. 68. 69.]
   [70. 71. 72.]]

  [[73. 74. 75.]
   [76. 77. 78.]]

  [[79. 80. 81.]
   [82. 83. 84.]]

  [[85. 86. 87.]
   [88. 89. 90.]]]]
outputT0
[[[[ 1.  7. 13.]
   [19. 25. 31.]]

  [[37. 43. 49.]
   [55. 61. 67.]]

  [[73. 79. 85.]
   [ 0.  2.  8.]]

  [[14. 20. 26.]
   [32. 38. 44.]]

  [[50. 56. 62.]
   [68. 74. 80.]]

  [[86.  0.  3.]
   [ 9. 15. 21.]]

  [[27. 33. 39.]
   [45. 51. 57.]]

  [[63. 69. 75.]
   [81. 87.  0.]]

  [[ 4. 10. 16.]
   [22. 28. 34.]]

  [[40. 46. 52.]
   [58. 64. 70.]]

  [[76. 82. 88.]
   [ 0.  5. 11.]]

  [[17. 23. 29.]
   [35. 41. 47.]]

  [[53. 59. 65.]
   [71. 77. 83.]]

  [[89.  0.  6.]
   [12. 18. 24.]]

  [[30. 36. 42.]
   [48. 54. 60.]]]]
[check]:True,maxAbsDiff=0.00e+00,meanAbsDiff=0.00e+00,maxRelDiff=0.00e+00,meanRelDiff=0.00e+00
    worstPair=(1.0:1.0)@[0, 0, 0, 0]
[check]:True,maxAbsDiff=0.00e+00,meanAbsDiff=0.00e+00,maxRelDiff=0.00e+00,meanRelDiff=0.00e+00
    worstPair=(1.0:1.0)@[0]
============================== End   [case_]
============================== Start [case_,([1, 2, 3, 4, 5], <DataType.FLOAT: 0>, <TensorFormat.DHWC: 12>),{}]
inputT0
[[[[[  1.   2.   3.   4.   5.]
    [  6.   7.   8.   9.  10.]
    [ 11.  12.  13.  14.  15.]
    [ 16.  17.  18.  19.  20.]]

   [[ 21.  22.  23.  24.  25.]
    [ 26.  27.  28.  29.  30.]
    [ 31.  32.  33.  34.  35.]
    [ 36.  37.  38.  39.  40.]]

   [[ 41.  42.  43.  44.  45.]
    [ 46.  47.  48.  49.  50.]
    [ 51.  52.  53.  54.  55.]
    [ 56.  57.  58.  59.  60.]]]


  [[[ 61.  62.  63.  64.  65.]
    [ 66.  67.  68.  69.  70.]
    [ 71.  72.  73.  74.  75.]
    [ 76.  77.  78.  79.  80.]]

   [[ 81.  82.  83.  84.  85.]
    [ 86.  87.  88.  89.  90.]
    [ 91.  92.  93.  94.  95.]
    [ 96.  97.  98.  99. 100.]]

   [[101. 102. 103. 104. 105.]
    [106. 107. 108. 109. 110.]
    [111. 112. 113. 114. 115.]
    [116. 117. 118. 119. 120.]]]]]
outputT0
[[[[[  1.  61.   2.  62.   3.]
    [ 63.   4.  64.   5.  65.]
    [  6.  66.   7.  67.   8.]
    [ 68.   9.  69.  10.  70.]]

   [[ 11.  71.  12.  72.  13.]
    [ 73.  14.  74.  15.  75.]
    [ 16.  76.  17.  77.  18.]
    [ 78.  19.  79.  20.  80.]]

   [[ 21.  81.  22.  82.  23.]
    [ 83.  24.  84.  25.  85.]
    [ 26.  86.  27.  87.  28.]
    [ 88.  29.  89.  30.  90.]]]


  [[[ 31.  91.  32.  92.  33.]
    [ 93.  34.  94.  35.  95.]
    [ 36.  96.  37.  97.  38.]
    [ 98.  39.  99.  40. 100.]]

   [[ 41. 101.  42. 102.  43.]
    [103.  44. 104.  45. 105.]
    [ 46. 106.  47. 107.  48.]
    [108.  49. 109.  50. 110.]]

   [[ 51. 111.  52. 112.  53.]
    [113.  54. 114.  55. 115.]
    [ 56. 116.  57. 117.  58.]
    [118.  59. 119.  60. 120.]]]]]
[check]:True,maxAbsDiff=0.00e+00,meanAbsDiff=0.00e+00,maxRelDiff=0.00e+00,meanRelDiff=0.00e+00
    worstPair=(1.0:1.0)@[0, 0, 0, 0, 0]
[check]:True,maxAbsDiff=0.00e+00,meanAbsDiff=0.00e+00,maxRelDiff=0.00e+00,meanRelDiff=0.00e+00
    worstPair=(1.0:1.0)@[0, 0, 0, 0, 0]
============================== End   [case_]
Finish
