Input 0: (1, 3, 3, 3) 
 [[[[1. 1. 1.]
   [1. 1. 1.]
   [1. 1. 1.]]

  [[2. 2. 2.]
   [2. 2. 2.]
   [2. 2. 2.]]

  [[5. 5. 5.]
   [5. 5. 5.]
   [5. 5. 5.]]]]
Output 0: (1, 3, 3, 3) 
 [[[[0.59996396 0.59996396 0.59996396]
   [0.59996396 0.59996396 0.59996396]
   [0.59996396 0.59996396 0.59996396]]

  [[0.19999799 0.19999799 0.19999799]
   [0.19999799 0.19999799 0.19999799]
   [0.19999799 0.19999799 0.19999799]]

  [[0.51723605 0.51723605 0.51723605]
   [0.51723605 0.51723605 0.51723605]
   [0.51723605 0.51723605 0.51723605]]]]
