./ScatterLayer/ModeND.py:51: DeprecationWarning: Use get_tensor_mode instead.
  nInput = np.sum([engine.binding_is_input(i) for i in range(engine.num_bindings)])
./ScatterLayer/ModeND.py:59: DeprecationWarning: Use get_tensor_shape instead.
  bufferH.append(np.empty(context.get_binding_shape(nInput + i), dtype=trt.nptype(engine.get_binding_dtype(nInput + i))))
./ScatterLayer/ModeND.py:59: DeprecationWarning: Use get_tensor_dtype instead.
  bufferH.append(np.empty(context.get_binding_shape(nInput + i), dtype=trt.nptype(engine.get_binding_dtype(nInput + i))))
Input 0: (2, 3, 4, 5) 
 [[[[  0.   1.   2.   3.   4.]
   [  5.   6.   7.   8.   9.]
   [ 10.  11.  12.  13.  14.]
   [ 15.  16.  17.  18.  19.]]

  [[ 20.  21.  22.  23.  24.]
   [ 25.  26.  27.  28.  29.]
   [ 30.  31.  32.  33.  34.]
   [ 35.  36.  37.  38.  39.]]

  [[ 40.  41.  42.  43.  44.]
   [ 45.  46.  47.  48.  49.]
   [ 50.  51.  52.  53.  54.]
   [ 55.  56.  57.  58.  59.]]]


 [[[ 60.  61.  62.  63.  64.]
   [ 65.  66.  67.  68.  69.]
   [ 70.  71.  72.  73.  74.]
   [ 75.  76.  77.  78.  79.]]

  [[ 80.  81.  82.  83.  84.]
   [ 85.  86.  87.  88.  89.]
   [ 90.  91.  92.  93.  94.]
   [ 95.  96.  97.  98.  99.]]

  [[100. 101. 102. 103. 104.]
   [105. 106. 107. 108. 109.]
   [110. 111. 112. 113. 114.]
   [115. 116. 117. 118. 119.]]]]
Input 1: (2, 3, 4) 
 [[[0 2 1 1]
  [1 0 3 2]
  [0 1 2 3]]

 [[1 2 1 1]
  [0 0 3 2]
  [1 1 2 3]]]
Input 2: (2, 3) 
 [[-0. -1. -2.]
 [-3. -4. -5.]]
Output 0: (2, 3, 4, 5) 
 [[[[  0.   1.   2.   3.   4.]
   [  5.   6.   7.   8.   9.]
   [ 10.  11.  12.  13.  14.]
   [ 15.  16.  -4.  18.  19.]]

  [[ 20.  21.  22.  23.  24.]
   [ 25.  26.  27.  28.  29.]
   [ 30.  31.  32.  -2.  34.]
   [ 35.  36.  37.  38.  39.]]

  [[ 40.  41.  42.  43.  44.]
   [ 45.  -0.  47.  48.  49.]
   [ 50.  51.  52.  53.  54.]
   [ 55.  56.  57.  58.  59.]]]


 [[[ 60.  61.  62.  63.  64.]
   [ 65.  66.  67.  68.  69.]
   [ 70.  71.  72.  73.  74.]
   [ 75.  76.  -1.  78.  79.]]

  [[ 80.  81.  82.  83.  84.]
   [ 85.  86.  87.  88.  89.]
   [ 90.  91.  92.  -5.  94.]
   [ 95.  96.  97.  98.  99.]]

  [[100. 101. 102. 103. 104.]
   [105.  -3. 107. 108. 109.]
   [110. 111. 112. 113. 114.]
   [115. 116. 117. 118. 119.]]]]
diff:
 [[[[0. 0. 0. 0. 0.]
   [0. 0. 0. 0. 0.]
   [0. 0. 0. 0. 0.]
   [0. 0. 0. 0. 0.]]

  [[0. 0. 0. 0. 0.]
   [0. 0. 0. 0. 0.]
   [0. 0. 0. 0. 0.]
   [0. 0. 0. 0. 0.]]

  [[0. 0. 0. 0. 0.]
   [0. 0. 0. 0. 0.]
   [0. 0. 0. 0. 0.]
   [0. 0. 0. 0. 0.]]]


 [[[0. 0. 0. 0. 0.]
   [0. 0. 0. 0. 0.]
   [0. 0. 0. 0. 0.]
   [0. 0. 0. 0. 0.]]

  [[0. 0. 0. 0. 0.]
   [0. 0. 0. 0. 0.]
   [0. 0. 0. 0. 0.]
   [0. 0. 0. 0. 0.]]

  [[0. 0. 0. 0. 0.]
   [0. 0. 0. 0. 0.]
   [0. 0. 0. 0. 0.]
   [0. 0. 0. 0. 0.]]]]
