Input 0: (1, 3, 4, 5) 
 [[[[ 0.  1.  2.  3.  4.]
   [ 5.  6.  7.  8.  9.]
   [10. 11. 12. 13. 14.]
   [15. 16. 17. 18. 19.]]

  [[20. 21. 22. 23. 24.]
   [25. 26. 27. 28. 29.]
   [30. 31. 32. 33. 34.]
   [35. 36. 37. 38. 39.]]

  [[40. 41. 42. 43. 44.]
   [45. 46. 47. 48. 49.]
   [50. 51. 52. 53. 54.]
   [55. 56. 57. 58. 59.]]]]
Input 1: (1, 3, 4, 5) 
 [[[[0 1 2 3 0]
   [1 2 3 0 1]
   [2 3 0 1 2]
   [3 0 1 2 3]]

  [[0 1 2 3 0]
   [1 2 3 0 1]
   [2 3 0 1 2]
   [3 0 1 2 3]]

  [[0 1 2 3 0]
   [1 2 3 0 1]
   [2 3 0 1 2]
   [3 0 1 2 3]]]]
Input 2: (1, 3, 4, 5) 
 [[[[ -0.  -1.  -2.  -3.  -4.]
   [ -5.  -6.  -7.  -8.  -9.]
   [-10. -11. -12. -13. -14.]
   [-15. -16. -17. -18. -19.]]

  [[-20. -21. -22. -23. -24.]
   [-25. -26. -27. -28. -29.]
   [-30. -31. -32. -33. -34.]
   [-35. -36. -37. -38. -39.]]

  [[-40. -41. -42. -43. -44.]
   [-45. -46. -47. -48. -49.]
   [-50. -51. -52. -53. -54.]
   [-55. -56. -57. -58. -59.]]]]
Output 0: (1, 3, 4, 5) 
 [[[[ -0. -16. -12.  -8.  -4.]
   [ -5.  -1. -17. -13.  -9.]
   [-10.  -6.  -2. -18. -14.]
   [-15. -11.  -7.  -3. -19.]]

  [[-20. -36. -32. -28. -24.]
   [-25. -21. -37. -33. -29.]
   [-30. -26. -22. -38. -34.]
   [-35. -31. -27. -23. -39.]]

  [[-40. -56. -52. -48. -44.]
   [-45. -41. -57. -53. -49.]
   [-50. -46. -42. -58. -54.]
   [-55. -51. -47. -43. -59.]]]]
diff:
 [[[[0. 0. 0. 0. 0.]
   [0. 0. 0. 0. 0.]
   [0. 0. 0. 0. 0.]
   [0. 0. 0. 0. 0.]]

  [[0. 0. 0. 0. 0.]
   [0. 0. 0. 0. 0.]
   [0. 0. 0. 0. 0.]
   [0. 0. 0. 0. 0.]]

  [[0. 0. 0. 0. 0.]
   [0. 0. 0. 0. 0.]
   [0. 0. 0. 0. 0.]
   [0. 0. 0. 0. 0.]]]]
