[TensorRT-Cookbook] Version: 1.0.0
[07/07/2026-01:29:29] [TRT] [W] Using default stream in enqueueV3() may lead to performance issues due to additional calls to cudaStreamSynchronize() by TensorRT to ensure correct synchronization. Please use non-default stream instead.
============================== Start [case_simple,(),{}]

================ Public members of <tensorrt.tensorrt.IActivationLayer object at 0x7dbb75e6a370> (instance)
 0 Callback members: []
 0 Callable methods: []
 2 Non-callable attributions: ['alpha', 'beta']
Input ->DataType.FLOAT, (3, 3), (3, 3), tensor
Output->DataType.FLOAT, (3, 3), (3, 3), (Unnamed Layer* 0) [Activation]_output
tensor
[[-4. -3. -2.]
 [-1.  0.  1.]
 [ 2.  3.  4.]]
(Unnamed Layer* 0) [Activation]_output
[[0. 0. 0.]
 [0. 0. 1.]
 [2. 3. 4.]]
============================== End   [case_simple]
Members of tensorrt.tensorrt.ActivationType:
 0 -> RELU
 1 -> SIGMOID
 2 -> TANH
 3 -> LEAKY_RELU
 4 -> ELU
 5 -> SELU
 6 -> SOFTSIGN
 7 -> SOFTPLUS
 8 -> CLIP
 9 -> HARD_SIGMOID
10 -> SCALED_TANH
11 -> THRESHOLDED_RELU
12 -> GELU_ERF
13 -> GELU_TANH
Finish
