[TensorRT-Cookbook] Version: 0.2.0
[04/30/2026-18:05:24] [TRT] [W] Using default stream in enqueueV3() may lead to performance issues due to additional calls to cudaStreamSynchronize() by TensorRT to ensure correct synchronization. Please use non-default stream instead.
[04/30/2026-18:05:24] [TRT] [W] Using default stream in enqueueV3() may lead to performance issues due to additional calls to cudaStreamSynchronize() by TensorRT to ensure correct synchronization. Please use non-default stream instead.
[04/30/2026-18:05:24] [TRT] [W] Using default stream in enqueueV3() may lead to performance issues due to additional calls to cudaStreamSynchronize() by TensorRT to ensure correct synchronization. Please use non-default stream instead.
######## Print something to show the difference between V1 and V2 ########
[04/30/2026-18:05:24] [TRT] [W] Using default stream in enqueueV3() may lead to performance issues due to additional calls to cudaStreamSynchronize() by TensorRT to ensure correct synchronization. Please use non-default stream instead.
######## Print something to show the difference between V1 and V2 ########
Input ->DataType.FLOAT, (-1, -1, -1), (3, 4, 5), inputT0
Output->DataType.FLOAT, (-1, -1, -1), (3, 4, 5), outputT0
[check]:True,maxAbsDiff=0.00e+00,meanAbsDiff=0.00e+00,maxRelDiff=0.00e+00,meanRelDiff=0.00e+00
    worstPair=(1.0:1.0)@[np.int64(0), np.int64(0), np.int64(0)]
Input ->DataType.FLOAT, (-1, -1, -1), (3, 4, 5), inputT0
Output->DataType.FLOAT, (-1, -1, -1), (3, 4, 5), outputT0
[check]:True,maxAbsDiff=0.00e+00,meanAbsDiff=0.00e+00,maxRelDiff=0.00e+00,meanRelDiff=0.00e+00
    worstPair=(1.0:1.0)@[np.int64(0), np.int64(0), np.int64(0)]
Input ->DataType.FLOAT, (-1, -1, -1), (3, 4, 5), inputT0
Output->DataType.FLOAT, (-1, -1, -1), (3, 4, 5), outputT0
[check]:True,maxAbsDiff=0.00e+00,meanAbsDiff=0.00e+00,maxRelDiff=0.00e+00,meanRelDiff=0.00e+00
    worstPair=(1.0:1.0)@[np.int64(0), np.int64(0), np.int64(0)]
Input ->DataType.FLOAT, (-1, -1, -1), (3, 4, 5), inputT0
Output->DataType.FLOAT, (-1, -1, -1), (3, 4, 5), outputT0
[check]:True,maxAbsDiff=0.00e+00,meanAbsDiff=0.00e+00,maxRelDiff=0.00e+00,meanRelDiff=0.00e+00
    worstPair=(1.0:1.0)@[np.int64(0), np.int64(0), np.int64(0)]
Finish
