./ReduceLayer/Axes.py:41: DeprecationWarning: Use get_tensor_mode instead.
  nInput = np.sum([engine.binding_is_input(i) for i in range(engine.num_bindings)])
./ReduceLayer/Axes.py:47: DeprecationWarning: Use get_tensor_shape instead.
  bufferH.append(np.empty(context.get_binding_shape(nInput + i), dtype=trt.nptype(engine.get_binding_dtype(nInput + i))))
./ReduceLayer/Axes.py:47: DeprecationWarning: Use get_tensor_dtype instead.
  bufferH.append(np.empty(context.get_binding_shape(nInput + i), dtype=trt.nptype(engine.get_binding_dtype(nInput + i))))
Input 0: (1, 3, 4, 5) 
 [[[[1. 1. 1. 1. 1.]
   [1. 1. 1. 1. 1.]
   [1. 1. 1. 1. 1.]
   [1. 1. 1. 1. 1.]]

  [[1. 1. 1. 1. 1.]
   [1. 1. 1. 1. 1.]
   [1. 1. 1. 1. 1.]
   [1. 1. 1. 1. 1.]]

  [[1. 1. 1. 1. 1.]
   [1. 1. 1. 1. 1.]
   [1. 1. 1. 1. 1.]
   [1. 1. 1. 1. 1.]]]]
Output 0: (3, 4, 5) 
 [[[1. 1. 1. 1. 1.]
  [1. 1. 1. 1. 1.]
  [1. 1. 1. 1. 1.]
  [1. 1. 1. 1. 1.]]

 [[1. 1. 1. 1. 1.]
  [1. 1. 1. 1. 1.]
  [1. 1. 1. 1. 1.]
  [1. 1. 1. 1. 1.]]

 [[1. 1. 1. 1. 1.]
  [1. 1. 1. 1. 1.]
  [1. 1. 1. 1. 1.]
  [1. 1. 1. 1. 1.]]]
