[08/10/2022-16:09:18] [TRT] [E] 7: [shapeMachine.cpp::execute::702] Error Code 7: Internal Error (IAssertionLayer (Unnamed Layer* 6) [Assertion]: condition[0] is false: (EQUAL (# 1 (SHAPE inputT1)) (# 1 (SHAPE inputT0))). inputT0.shape[1] != inputT1.shape[1]
condition '==' violated. 3 != 4
Instruction: CHECK_EQUAL 3 4
)

Succeeded building engine!

Using data0 (1, 3, 4, 5) <-> data1 (1, 3)
Input 0: (1, 3, 4, 5) 
 [[[[ 0.  1.  2.  3.  4.]
   [ 5.  6.  7.  8.  9.]
   [10. 11. 12. 13. 14.]
   [15. 16. 17. 18. 19.]]

  [[20. 21. 22. 23. 24.]
   [25. 26. 27. 28. 29.]
   [30. 31. 32. 33. 34.]
   [35. 36. 37. 38. 39.]]

  [[40. 41. 42. 43. 44.]
   [45. 46. 47. 48. 49.]
   [50. 51. 52. 53. 54.]
   [55. 56. 57. 58. 59.]]]]
Input 1: (1, 3) 
 [[0. 1. 2.]]
Output 0: (1,) 
 [1]
Using data0 (1, 3, 4, 5) <-> data2 (1, 4)
Traceback (most recent call last):
  File "./AssertionLayer/RuntimeCheck.py", line 101, in <module>
    bufferH.append(np.empty(context.get_binding_shape(nInput + i), dtype=trt.nptype(engine.get_binding_dtype(nInput + i))))
TypeError: expected sequence object with len >= 0 or a single integer
