0x7c5f94360300[AddScalarPluginCreator]
0x7c5f94360300[getPluginName]
0x7c5f94360300[getPluginName]
0x7c5f94360300[getPluginNamespace]
0x7c5f94360300[getPluginVersion]
0x7c5f94360300[getPluginName]
0x7c5f94360300[getPluginNamespace]
0x7c5f94360300[getPluginVersion]
0x7c5f94360300[getPluginNamespace]
0x7c5f94360300[getPluginNamespace]
0x7c5f94360300[createPlugin]
0x60a9881213f0[AddScalarPlugin]
0x60a9881213f0[initFieldsToSerialize]
0x60a9881213f0[getCapabilityInterface]
0x60a9881213f0[getCapabilityInterface]
0x60a9881213f0[getNbOutputs]
0x60a9881213f0[getCapabilityInterface]
0x60a9881213f0[getOutputDataTypes]
0x60a9881213f0[getCapabilityInterface]
0x60a9881213f0[getNbOutputs]
0x60a9881213f0[getCapabilityInterface]
0x60a9881213f0[getNbOutputs]
0x60a9881213f0[clone]
0x60a988123a00[initFieldsToSerialize]
0x60a9881213f0[getCapabilityInterface]
0x60a9881213f0[getCapabilityInterface]
0x60a9881213f0[getPluginName]
0x60a988123a00[getCapabilityInterface]
0x60a988123a00[getNbOutputs]
0x60a988123a00[getCapabilityInterface]
0x60a988123a00[getOutputDataTypes]
0x60a988123a00[getCapabilityInterface]
0x60a988123a00[getOutputShapes]
0x60a988123a00[clone]
0x60a9947ef5f0[initFieldsToSerialize]
0x60a9947ef5f0[getCapabilityInterface]
0x60a9947ef5f0[getOutputShapes]
0x60a9947ef5f0[getCapabilityInterface]
0x60a9947ef5f0[getOutputShapes]
0x60a9947ef5f0[getCapabilityInterface]
0x60a9947ef5f0[getCapabilityInterface]
0x60a9947ef5f0[clone]
0x60a993dd0a50[initFieldsToSerialize]
0x60a993dd0a50[getCapabilityInterface]
0x60a993dd0a50[getCapabilityInterface]
0x60a993dd0a50[supportsFormatCombination]
    pos=0:[FP32 ,Unknown,],[LINE ,None ,]->res=1
0x60a993dd0a50[getCapabilityInterface]
0x60a993dd0a50[supportsFormatCombination]
    pos=1:[FP32 ,FP32 ,],[LINE ,LINE ,]->res=1
0x60a993dd0a50[getCapabilityInterface]
0x60a993dd0a50[getFormatCombinationLimit]
0x60a993dd0a50[getCapabilityInterface]
0x60a993dd0a50[supportsFormatCombination]
    pos=1:[FP32 ,FP32 ,],[LINE ,CHW32,]->res=0
0x60a993dd0a50[getCapabilityInterface]
0x60a993dd0a50[supportsFormatCombination]
    pos=1:[FP32 ,FP32 ,],[LINE ,HWC  ,]->res=0
0x60a993dd0a50[getCapabilityInterface]
0x60a993dd0a50[supportsFormatCombination]
    pos=0:[FP32 ,Unknown,],[CHW32,None ,]->res=0
0x60a993dd0a50[getCapabilityInterface]
0x60a993dd0a50[supportsFormatCombination]
    pos=0:[FP32 ,Unknown,],[HWC  ,None ,]->res=0
0x60a993dd0a50[getCapabilityInterface]
0x60a993dd0a50[getTimingCacheID]
0x60a993dd0a50[getCapabilityInterface]
0x60a993dd0a50[getCapabilityInterface]
0x60a993dd0a50[supportsFormatCombination]
    pos=0:[FP32 ,Unknown,],[LINE ,None ,]->res=1
0x60a993dd0a50[getCapabilityInterface]
0x60a993dd0a50[supportsFormatCombination]
    pos=1:[FP32 ,FP32 ,],[LINE ,LINE ,]->res=1
0x60a993dd0a50[getCapabilityInterface]
0x60a993dd0a50[getFormatCombinationLimit]
0x60a993dd0a50[getCapabilityInterface]
0x60a993dd0a50[supportsFormatCombination]
    pos=1:[FP32 ,FP32 ,],[LINE ,CHW32,]->res=0
0x60a993dd0a50[getCapabilityInterface]
0x60a993dd0a50[supportsFormatCombination]
    pos=1:[FP32 ,FP32 ,],[LINE ,HWC  ,]->res=0
0x60a993dd0a50[getCapabilityInterface]
0x60a993dd0a50[supportsFormatCombination]
    pos=0:[FP32 ,Unknown,],[CHW32,None ,]->res=0
0x60a993dd0a50[getCapabilityInterface]
0x60a993dd0a50[supportsFormatCombination]
    pos=0:[FP32 ,Unknown,],[HWC  ,None ,]->res=0
0x60a993dd0a50[getCapabilityInterface]
0x60a993dd0a50[attachToContext]
0x60a993dd0a50[clone]
0x60a993b0dd20[initFieldsToSerialize]
0x60a993b0dd20[getCapabilityInterface]
0x60a993b0dd20[configurePlugin]
0x60a993b0dd20[getCapabilityInterface]
0x60a993b0dd20[getNbTactics]
0x60a993b0dd20[getCapabilityInterface]
0x60a993b0dd20[getValidTactics]
0x60a993dd0a50[getCapabilityInterface]
0x60a993dd0a50[getTimingCacheID]
0x60a993dd0a50[getCapabilityInterface]
0x60a993dd0a50[attachToContext]
0x60a993dd0a50[clone]
0x60a993b0da10[initFieldsToSerialize]
0x60a993b0da10[getCapabilityInterface]
0x60a993b0da10[configurePlugin]
0x60a993b0da10[getCapabilityInterface]
0x60a993b0da10[setTactic]
0x60a993b0da10[getCapabilityInterface]
0x60a993b0da10[getWorkspaceSize]
0x60a993b0da10[getCapabilityInterface]
0x60a993b0da10[getWorkspaceSize]
0x60a993b0da10[getCapabilityInterface]
0x60a993b0da10[getWorkspaceSize]
0x60a993b0da10[getCapabilityInterface]
0x60a993b0da10[getWorkspaceSize]
0x60a993b0da10[getCapabilityInterface]
0x60a993b0da10[getPluginName]
0x60a993b0da10[getCapabilityInterface]
0x60a993b0da10[getPluginVersion]
0x60a993b0da10[getCapabilityInterface]
0x60a993b0da10[getMetadataString]
0x60a993b0da10[getCapabilityInterface]
0x60a993b0da10[getCapabilityInterface]
0x60a993b0da10[getPluginName]
0x60a993b0da10[getCapabilityInterface]
0x60a993b0da10[getPluginVersion]
0x60a993b0da10[getCapabilityInterface]
0x60a993b0da10[getPluginNamespace]
0x60a993b0da10[getCapabilityInterface]
0x60a993b0da10[getFieldsToSerialize]
0x60a993b0da10[getCapabilityInterface]
0x60a993b0da10[getCapabilityInterface]
0x60a993b0da10[getCapabilityInterface]
0x60a993b0da10[getPluginName]
0x60a993b0da10[getCapabilityInterface]
0x60a993b0da10[getPluginVersion]
0x60a993b0da10[getCapabilityInterface]
0x60a993b0da10[getPluginNamespace]
0x60a993b0da10[getCapabilityInterface]
0x60a993b0da10[getFieldsToSerialize]
0x60a993b0da10[getCapabilityInterface]
Succeed building engine
Succeed saving engine (model.trt)
0x7c5f94342300[AddScalarPluginCreator]
0x7c5f94342300[getPluginName]
0x7c5f94342300[getPluginName]
0x7c5f94342300[getPluginNamespace]
0x7c5f94342300[getPluginVersion]
0x7c5f94342300[getPluginName]
0x7c5f94342300[getPluginNamespace]
0x7c5f94342300[getPluginVersion]
0x7c5f94342300[getPluginNamespace]
0x7c5f94342300[getPluginNamespace]
0x7c5f94342300[createPlugin]
0x60a993dd0d20[AddScalarPlugin]
0x60a993dd0d20[initFieldsToSerialize]
0x60a993dd0d20[getCapabilityInterface]
0x60a993dd0d20[setTactic]
Succeed getting engine for inference
0x60a993dd0d20[getCapabilityInterface]
0x60a993dd0d20[attachToContext]
0x60a993dd0d20[clone]
0x60a9881213f0[initFieldsToSerialize]
Input -> FP32 , (-1, -1, -1), (3, 4, 5), inputT0
Output-> FP32 , (-1, -1, -1), (3, 4, 5), (Unnamed Layer* 0) [PluginV3_V3ONE]_output
0x60a9881213f0[getCapabilityInterface]
0x60a9881213f0[onShapeChange]
0x60a993dd0d20[getCapabilityInterface]
0x60a9881213f0[getCapabilityInterface]
0x60a9881213f0[enqueue]

inputT0: f, (3, 4, 5)
 0.000  1.000  2.000  3.000  4.000
 5.000  6.000  7.000  8.000  9.000
10.000 11.000 12.000 13.000 14.000
15.000 16.000 17.000 18.000 19.000

20.000 21.000 22.000 23.000 24.000
25.000 26.000 27.000 28.000 29.000
30.000 31.000 32.000 33.000 34.000
35.000 36.000 37.000 38.000 39.000

40.000 41.000 42.000 43.000 44.000
45.000 46.000 47.000 48.000 49.000
50.000 51.000 52.000 53.000 54.000
55.000 56.000 57.000 58.000 59.000



(Unnamed Layer* 0) [PluginV3_V3ONE]_output: f, (3, 4, 5)
 1.000  2.000  3.000  4.000  5.000
 6.000  7.000  8.000  9.000 10.000
11.000 12.000 13.000 14.000 15.000
16.000 17.000 18.000 19.000 20.000

21.000 22.000 23.000 24.000 25.000
26.000 27.000 28.000 29.000 30.000
31.000 32.000 33.000 34.000 35.000
36.000 37.000 38.000 39.000 40.000

41.000 42.000 43.000 44.000 45.000
46.000 47.000 48.000 49.000 50.000
51.000 52.000 53.000 54.000 55.000
56.000 57.000 58.000 59.000 60.000


0x7c5f94324300[AddScalarPluginCreator]
0x7c5f94324300[getPluginName]
0x7c5f94324300[getPluginName]
0x7c5f94324300[getPluginNamespace]
0x7c5f94324300[getPluginVersion]
0x7c5f94324300[getPluginName]
0x7c5f94324300[getPluginNamespace]
0x7c5f94324300[getPluginVersion]
0x7c5f94324300[getPluginNamespace]
0x7c5f94324300[getPluginNamespace]
0x7c5f94324300[createPlugin]
0x60a988124210[AddScalarPlugin]
0x60a988124210[initFieldsToSerialize]
0x60a988124210[getCapabilityInterface]
0x60a988124210[setTactic]
Succeed getting engine for inference
0x60a988124210[getCapabilityInterface]
0x60a988124210[attachToContext]
0x60a988124210[clone]
0x60a993507fe0[initFieldsToSerialize]
Input -> FP32 , (-1, -1, -1), (3, 4, 5), inputT0
Output-> FP32 , (-1, -1, -1), (3, 4, 5), (Unnamed Layer* 0) [PluginV3_V3ONE]_output
0x60a993507fe0[getCapabilityInterface]
0x60a993507fe0[onShapeChange]
0x60a988124210[getCapabilityInterface]
0x60a993507fe0[getCapabilityInterface]
0x60a993507fe0[enqueue]

inputT0: f, (3, 4, 5)
 0.000  1.000  2.000  3.000  4.000
 5.000  6.000  7.000  8.000  9.000
10.000 11.000 12.000 13.000 14.000
15.000 16.000 17.000 18.000 19.000

20.000 21.000 22.000 23.000 24.000
25.000 26.000 27.000 28.000 29.000
30.000 31.000 32.000 33.000 34.000
35.000 36.000 37.000 38.000 39.000

40.000 41.000 42.000 43.000 44.000
45.000 46.000 47.000 48.000 49.000
50.000 51.000 52.000 53.000 54.000
55.000 56.000 57.000 58.000 59.000



(Unnamed Layer* 0) [PluginV3_V3ONE]_output: f, (3, 4, 5)
 1.000  2.000  3.000  4.000  5.000
 6.000  7.000  8.000  9.000 10.000
11.000 12.000 13.000 14.000 15.000
16.000 17.000 18.000 19.000 20.000

21.000 22.000 23.000 24.000 25.000
26.000 27.000 28.000 29.000 30.000
31.000 32.000 33.000 34.000 35.000
36.000 37.000 38.000 39.000 40.000

41.000 42.000 43.000 44.000 45.000
46.000 47.000 48.000 49.000 50.000
51.000 52.000 53.000 54.000 55.000
56.000 57.000 58.000 59.000 60.000
