Input 0: (1, 3, 4, 5) 
 [[[[ 1.  2.  3.  4.  5.]
   [ 6.  7.  8.  9. 10.]
   [11. 12. 13. 14. 15.]
   [16. 17. 18. 19. 20.]]

  [[21. 22. 23. 24. 25.]
   [26. 27. 28. 29. 30.]
   [31. 32. 33. 34. 35.]
   [36. 37. 38. 39. 40.]]

  [[41. 42. 43. 44. 45.]
   [46. 47. 48. 49. 50.]
   [51. 52. 53. 54. 55.]
   [56. 57. 58. 59. 60.]]]]
Output 0: (1, 3, 3, 3) 
 [[[[ 6.  7.  8.]
   [11. 12. 13.]
   [16. 17. 18.]]

  [[26. 27. 28.]
   [31. 32. 33.]
   [36. 37. 38.]]

  [[46. 47. 48.]
   [51. 52. 53.]
   [56. 57. 58.]]]]
