./PaddingNdLayer/Pre_padding+Post_padding.py:41: DeprecationWarning: Use get_tensor_mode instead.
  nInput = np.sum([engine.binding_is_input(i) for i in range(engine.num_bindings)])
./PaddingNdLayer/Pre_padding+Post_padding.py:47: DeprecationWarning: Use get_tensor_shape instead.
  bufferH.append(np.empty(context.get_binding_shape(nInput + i), dtype=trt.nptype(engine.get_binding_dtype(nInput + i))))
./PaddingNdLayer/Pre_padding+Post_padding.py:47: DeprecationWarning: Use get_tensor_dtype instead.
  bufferH.append(np.empty(context.get_binding_shape(nInput + i), dtype=trt.nptype(engine.get_binding_dtype(nInput + i))))
Input 0: (1, 3, 4, 5) 
 [[[[ 1.  2.  3.  4.  5.]
   [ 6.  7.  8.  9. 10.]
   [11. 12. 13. 14. 15.]
   [16. 17. 18. 19. 20.]]

  [[21. 22. 23. 24. 25.]
   [26. 27. 28. 29. 30.]
   [31. 32. 33. 34. 35.]
   [36. 37. 38. 39. 40.]]

  [[41. 42. 43. 44. 45.]
   [46. 47. 48. 49. 50.]
   [51. 52. 53. 54. 55.]
   [56. 57. 58. 59. 60.]]]]
Output 0: (1, 3, 8, 11) 
 [[[[ 0.  0.  0.  0.  0.  0.  0.  0.  0.  0.  0.]
   [ 0.  0.  1.  2.  3.  4.  5.  0.  0.  0.  0.]
   [ 0.  0.  6.  7.  8.  9. 10.  0.  0.  0.  0.]
   [ 0.  0. 11. 12. 13. 14. 15.  0.  0.  0.  0.]
   [ 0.  0. 16. 17. 18. 19. 20.  0.  0.  0.  0.]
   [ 0.  0.  0.  0.  0.  0.  0.  0.  0.  0.  0.]
   [ 0.  0.  0.  0.  0.  0.  0.  0.  0.  0.  0.]
   [ 0.  0.  0.  0.  0.  0.  0.  0.  0.  0.  0.]]

  [[ 0.  0.  0.  0.  0.  0.  0.  0.  0.  0.  0.]
   [ 0.  0. 21. 22. 23. 24. 25.  0.  0.  0.  0.]
   [ 0.  0. 26. 27. 28. 29. 30.  0.  0.  0.  0.]
   [ 0.  0. 31. 32. 33. 34. 35.  0.  0.  0.  0.]
   [ 0.  0. 36. 37. 38. 39. 40.  0.  0.  0.  0.]
   [ 0.  0.  0.  0.  0.  0.  0.  0.  0.  0.  0.]
   [ 0.  0.  0.  0.  0.  0.  0.  0.  0.  0.  0.]
   [ 0.  0.  0.  0.  0.  0.  0.  0.  0.  0.  0.]]

  [[ 0.  0.  0.  0.  0.  0.  0.  0.  0.  0.  0.]
   [ 0.  0. 41. 42. 43. 44. 45.  0.  0.  0.  0.]
   [ 0.  0. 46. 47. 48. 49. 50.  0.  0.  0.  0.]
   [ 0.  0. 51. 52. 53. 54. 55.  0.  0.  0.  0.]
   [ 0.  0. 56. 57. 58. 59. 60.  0.  0.  0.  0.]
   [ 0.  0.  0.  0.  0.  0.  0.  0.  0.  0.  0.]
   [ 0.  0.  0.  0.  0.  0.  0.  0.  0.  0.  0.]
   [ 0.  0.  0.  0.  0.  0.  0.  0.  0.  0.  0.]]]]
