./ResizeLayer/Resize_mode.py:42: DeprecationWarning: Use get_tensor_mode instead.
  nInput = np.sum([engine.binding_is_input(i) for i in range(engine.num_bindings)])
./ResizeLayer/Resize_mode.py:48: DeprecationWarning: Use get_tensor_shape instead.
  bufferH.append(np.empty(context.get_binding_shape(nInput + i), dtype=trt.nptype(engine.get_binding_dtype(nInput + i))))
./ResizeLayer/Resize_mode.py:48: DeprecationWarning: Use get_tensor_dtype instead.
  bufferH.append(np.empty(context.get_binding_shape(nInput + i), dtype=trt.nptype(engine.get_binding_dtype(nInput + i))))
Input 0: (1, 3, 4, 5) 
 [[[[ 0.  1.  2.  3.  4.]
   [ 5.  6.  7.  8.  9.]
   [10. 11. 12. 13. 14.]
   [15. 16. 17. 18. 19.]]

  [[20. 21. 22. 23. 24.]
   [25. 26. 27. 28. 29.]
   [30. 31. 32. 33. 34.]
   [35. 36. 37. 38. 39.]]

  [[40. 41. 42. 43. 44.]
   [45. 46. 47. 48. 49.]
   [50. 51. 52. 53. 54.]
   [55. 56. 57. 58. 59.]]]]
Output 0: (1, 3, 6, 10) 
 [[[[ 0.        0.25      0.75      1.25      1.75      2.25      2.75      3.25      3.75      4.      ]
   [ 2.5       2.75      3.25      3.75      4.25      4.75      5.25      5.75      6.25      6.5     ]
   [ 5.833334  6.083334  6.583334  7.083334  7.583334  8.083334  8.583334  9.083334  9.583334  9.833334]
   [ 9.166667  9.416667  9.916667 10.416667 10.916667 11.416667 11.916667 12.416667 12.916667 13.166667]
   [12.5      12.75     13.25     13.75     14.25     14.75     15.25     15.75     16.25     16.5     ]
   [15.       15.25     15.75     16.25     16.75     17.25     17.75     18.25     18.75     19.      ]]

  [[20.       20.25     20.75     21.25     21.75     22.25     22.75     23.25     23.75     24.      ]
   [22.5      22.75     23.25     23.75     24.25     24.75     25.25     25.75     26.25     26.5     ]
   [25.833334 26.083334 26.583334 27.083334 27.583334 28.083334 28.583334 29.083334 29.583334 29.833334]
   [29.166666 29.416666 29.916666 30.416666 30.916666 31.416666 31.916666 32.416668 32.916668 33.166668]
   [32.5      32.75     33.25     33.75     34.25     34.75     35.25     35.75     36.25     36.5     ]
   [35.       35.25     35.75     36.25     36.75     37.25     37.75     38.25     38.75     39.      ]]

  [[40.       40.25     40.75     41.25     41.75     42.25     42.75     43.25     43.75     44.      ]
   [42.5      42.75     43.25     43.75     44.25     44.75     45.25     45.75     46.25     46.5     ]
   [45.833332 46.083332 46.583332 47.083332 47.583332 48.083332 48.583332 49.083332 49.583332 49.833332]
   [49.166668 49.416668 49.916668 50.416668 50.916668 51.416668 51.916668 52.416668 52.916668 53.166668]
   [52.5      52.75     53.25     53.75     54.25     54.75     55.25     55.75     56.25     56.5     ]
   [55.       55.25     55.75     56.25     56.75     57.25     57.75     58.25     58.75     59.      ]]]]
