[TensorRT-Cookbook] Version: 1.0.0
[07/02/2026-03:38:07] [TRT] [W] ModelImporter.cpp:994: Make sure output z has Int64 binding.
[07/02/2026-03:38:08] [TRT] [W] Using default stream in enqueueV3() may lead to performance issues due to additional calls to cudaStreamSynchronize() by TensorRT to ensure correct synchronization. Please use non-default stream instead.
[07/02/2026-03:38:12] [TRT] [W] ModelImporter.cpp:994: Make sure output z has Int64 binding.
[07/02/2026-03:38:14] [TRT] [W] Using default stream in enqueueV3() may lead to performance issues due to additional calls to cudaStreamSynchronize() by TensorRT to ensure correct synchronization. Please use non-default stream instead.
============================== Start [case_data,(),{}]
[07/02/2026-03:38:18] [TRT] [W] ModelImporter.cpp:994: Make sure output z has Int64 binding.
[07/02/2026-03:38:19] [TRT] [W] Using default stream in enqueueV3() may lead to performance issues due to additional calls to cudaStreamSynchronize() by TensorRT to ensure correct synchronization. Please use non-default stream instead.
[07/02/2026-03:38:23] [TRT] [W] ModelImporter.cpp:994: Make sure output z has Int64 binding.
[07/02/2026-03:38:25] [TRT] [W] Using default stream in enqueueV3() may lead to performance issues due to additional calls to cudaStreamSynchronize() by TensorRT to ensure correct synchronization. Please use non-default stream instead.
[07/02/2026-03:38:28] [TRT] [W] ModelImporter.cpp:994: Make sure output z has Int64 binding.
[07/02/2026-03:38:30] [TRT] [W] Using default stream in enqueueV3() may lead to performance issues due to additional calls to cudaStreamSynchronize() by TensorRT to ensure correct synchronization. Please use non-default stream instead.
[07/02/2026-03:38:34] [TRT] [W] ModelImporter.cpp:994: Make sure output z has Int64 binding.
[07/02/2026-03:38:35] [TRT] [W] Using default stream in enqueueV3() may lead to performance issues due to additional calls to cudaStreamSynchronize() by TensorRT to ensure correct synchronization. Please use non-default stream instead.
[07/02/2026-03:38:39] [TRT] [W] ModelImporter.cpp:994: Make sure output z has Int64 binding.
[07/02/2026-03:38:40] [TRT] [W] Using default stream in enqueueV3() may lead to performance issues due to additional calls to cudaStreamSynchronize() by TensorRT to ensure correct synchronization. Please use non-default stream instead.
[07/02/2026-03:38:44] [TRT] [W] ModelImporter.cpp:994: Make sure output z has Int64 binding.
[07/02/2026-03:38:46] [TRT] [W] Using default stream in enqueueV3() may lead to performance issues due to additional calls to cudaStreamSynchronize() by TensorRT to ensure correct synchronization. Please use non-default stream instead.
[07/02/2026-03:38:50] [TRT] [W] ModelImporter.cpp:994: Make sure output z has Int64 binding.
[07/02/2026-03:38:51] [TRT] [W] Using default stream in enqueueV3() may lead to performance issues due to additional calls to cudaStreamSynchronize() by TensorRT to ensure correct synchronization. Please use non-default stream instead.
============================== End   [case_data]
============================== Start [case_random,(),{}]
[07/02/2026-03:38:55] [TRT] [W] ModelImporter.cpp:994: Make sure output z has Int64 binding.
[07/02/2026-03:38:56] [TRT] [W] Using default stream in enqueueV3() may lead to performance issues due to additional calls to cudaStreamSynchronize() by TensorRT to ensure correct synchronization. Please use non-default stream instead.
[07/02/2026-03:39:00] [TRT] [W] ModelImporter.cpp:994: Make sure output z has Int64 binding.
[07/02/2026-03:39:02] [TRT] [W] Using default stream in enqueueV3() may lead to performance issues due to additional calls to cudaStreamSynchronize() by TensorRT to ensure correct synchronization. Please use non-default stream instead.
[07/02/2026-03:39:05] [TRT] [W] ModelImporter.cpp:994: Make sure output z has Int64 binding.
[07/02/2026-03:39:07] [TRT] [W] Using default stream in enqueueV3() may lead to performance issues due to additional calls to cudaStreamSynchronize() by TensorRT to ensure correct synchronization. Please use non-default stream instead.
[07/02/2026-03:39:11] [TRT] [W] ModelImporter.cpp:994: Make sure output z has Int64 binding.
[07/02/2026-03:39:12] [TRT] [W] Using default stream in enqueueV3() may lead to performance issues due to additional calls to cudaStreamSynchronize() by TensorRT to ensure correct synchronization. Please use non-default stream instead.
[07/02/2026-03:39:16] [TRT] [W] ModelImporter.cpp:994: Make sure output z has Int64 binding.
[07/02/2026-03:39:17] [TRT] [W] Using default stream in enqueueV3() may lead to performance issues due to additional calls to cudaStreamSynchronize() by TensorRT to ensure correct synchronization. Please use non-default stream instead.
============================== End   [case_random]
Finish
