[TensorRT-Cookbook] Version: 1.0.0
[07/07/2026-06:29:48] [TRT] [W] Using default stream in enqueueV3() may lead to performance issues due to additional calls to cudaStreamSynchronize() by TensorRT to ensure correct synchronization. Please use non-default stream instead.
[07/07/2026-06:29:51] [TRT] [W] Using default stream in enqueueV3() may lead to performance issues due to additional calls to cudaStreamSynchronize() by TensorRT to ensure correct synchronization. Please use non-default stream instead.
============================== Start [case_simple,(),{}]

================ Public members of <tensorrt.tensorrt.IElementWiseLayer object at 0x7322126abcf0> (instance)
 0 Callback members: []
 0 Callable methods: []
 1 Non-callable attributions: ['op']
Input ->DataType.FLOAT, (3, 4, 5), (3, 4, 5), tensor
Input ->DataType.FLOAT, (3, 4, 5), (3, 4, 5), tensor1
Output->DataType.FLOAT, (3, 4, 5), (3, 4, 5), (Unnamed Layer* 0) [ElementWise]_output
tensor
[[[2. 2. 2. 2. 2.]
  [2. 2. 2. 2. 2.]
  [2. 2. 2. 2. 2.]
  [2. 2. 2. 2. 2.]]

 [[2. 2. 2. 2. 2.]
  [2. 2. 2. 2. 2.]
  [2. 2. 2. 2. 2.]
  [2. 2. 2. 2. 2.]]

 [[2. 2. 2. 2. 2.]
  [2. 2. 2. 2. 2.]
  [2. 2. 2. 2. 2.]
  [2. 2. 2. 2. 2.]]]
tensor1
[[[3. 3. 3. 3. 3.]
  [3. 3. 3. 3. 3.]
  [3. 3. 3. 3. 3.]
  [3. 3. 3. 3. 3.]]

 [[3. 3. 3. 3. 3.]
  [3. 3. 3. 3. 3.]
  [3. 3. 3. 3. 3.]
  [3. 3. 3. 3. 3.]]

 [[3. 3. 3. 3. 3.]
  [3. 3. 3. 3. 3.]
  [3. 3. 3. 3. 3.]
  [3. 3. 3. 3. 3.]]]
(Unnamed Layer* 0) [ElementWise]_output
[[[5. 5. 5. 5. 5.]
  [5. 5. 5. 5. 5.]
  [5. 5. 5. 5. 5.]
  [5. 5. 5. 5. 5.]]

 [[5. 5. 5. 5. 5.]
  [5. 5. 5. 5. 5.]
  [5. 5. 5. 5. 5.]
  [5. 5. 5. 5. 5.]]

 [[5. 5. 5. 5. 5.]
  [5. 5. 5. 5. 5.]
  [5. 5. 5. 5. 5.]
  [5. 5. 5. 5. 5.]]]
============================== End   [case_simple]
============================== Start [case_broadcast,(),{}]
Input ->DataType.FLOAT, (3, 1, 5), (3, 1, 5), tensor
Input ->DataType.FLOAT, (3, 4, 1), (3, 4, 1), tensor1
Output->DataType.FLOAT, (3, 4, 5), (3, 4, 5), (Unnamed Layer* 0) [ElementWise]_output
tensor
[[[1. 1. 1. 1. 1.]]

 [[1. 1. 1. 1. 1.]]

 [[1. 1. 1. 1. 1.]]]
tensor1
[[[2.]
  [2.]
  [2.]
  [2.]]

 [[2.]
  [2.]
  [2.]
  [2.]]

 [[2.]
  [2.]
  [2.]
  [2.]]]
(Unnamed Layer* 0) [ElementWise]_output
[[[3. 3. 3. 3. 3.]
  [3. 3. 3. 3. 3.]
  [3. 3. 3. 3. 3.]
  [3. 3. 3. 3. 3.]]

 [[3. 3. 3. 3. 3.]
  [3. 3. 3. 3. 3.]
  [3. 3. 3. 3. 3.]
  [3. 3. 3. 3. 3.]]

 [[3. 3. 3. 3. 3.]
  [3. 3. 3. 3. 3.]
  [3. 3. 3. 3. 3.]
  [3. 3. 3. 3. 3.]]]
============================== End   [case_broadcast]
Members of tensorrt.tensorrt.ElementWiseOperation:
 0 -> SUM
 1 -> PROD
 2 -> MAX
 3 -> MIN
 4 -> SUB
 5 -> DIV
 6 -> POW
 7 -> FLOOR_DIV
 8 -> AND
 9 -> OR
10 -> XOR
11 -> EQUAL
12 -> GREATER
13 -> LESS
Finish
