[TensorRT-Cookbook] Version: 1.0.0
[07/02/2026-03:25:03] [TRT] [W] Using default stream in enqueueV3() may lead to performance issues due to additional calls to cudaStreamSynchronize() by TensorRT to ensure correct synchronization. Please use non-default stream instead.
============================== Start [case_simple,(),{}]

================ Public members of <tensorrt.tensorrt.IGridSampleLayer object at 0x7d36920617f0> (instance)
 0 Callback members: []
 0 Callable methods: []
 3 Non-callable attributions: ['align_corners', 'interpolation_mode', 'sample_mode']
Input ->DataType.FLOAT, (1, 3, 4, 5), (1, 3, 4, 5), tensor
Input ->DataType.FLOAT, (1, 6, 10, 2), (1, 6, 10, 2), tensor1
Output->DataType.FLOAT, (1, 3, 6, 10), (1, 3, 6, 10), (Unnamed Layer* 0) [GridSample]_output
tensor
[[[[  0.   1.   2.   3.   4.]
   [ 10.  11.  12.  13.  14.]
   [ 20.  21.  22.  23.  24.]
   [ 30.  31.  32.  33.  34.]]

  [[100. 101. 102. 103. 104.]
   [110. 111. 112. 113. 114.]
   [120. 121. 122. 123. 124.]
   [130. 131. 132. 133. 134.]]

  [[200. 201. 202. 203. 204.]
   [210. 211. 212. 213. 214.]
   [220. 221. 222. 223. 224.]
   [230. 231. 232. 233. 234.]]]]
tensor1
[[[[ 1.          1.        ]
   [ 1.         -0.5       ]
   [-1.         -1.        ]
   [ 1.          0.5       ]
   [-0.33333334 -1.        ]
   [-0.33333334 -0.5       ]
   [-0.33333334  0.5       ]
   [ 0.33333334  0.5       ]
   [-1.         -0.5       ]
   [-1.          1.        ]]

  [[ 1.          0.5       ]
   [-1.          0.5       ]
   [ 1.         -1.        ]
   [ 1.          0.5       ]
   [-1.          0.        ]
   [-0.33333334  0.5       ]
   [-0.33333334  0.        ]
   [-1.          0.5       ]
   [ 0.33333334  0.5       ]
   [-0.33333334  0.5       ]]

  [[ 1.          0.        ]
   [ 0.33333334  0.5       ]
   [ 0.33333334 -1.        ]
   [-1.          1.        ]
   [ 1.         -0.5       ]
   [-1.          1.        ]
   [-1.         -0.5       ]
   [-0.33333334 -1.        ]
   [-1.          0.5       ]
   [ 1.         -1.        ]]

  [[ 0.33333334 -0.5       ]
   [-1.          0.5       ]
   [-0.33333334 -0.5       ]
   [ 0.33333334 -0.5       ]
   [-0.33333334  1.        ]
   [-1.         -0.5       ]
   [ 0.33333334 -1.        ]
   [ 0.33333334  0.5       ]
   [-0.33333334 -0.5       ]
   [-1.          0.5       ]]

  [[-0.33333334  0.        ]
   [-0.33333334 -1.        ]
   [-1.          0.5       ]
   [-1.         -1.        ]
   [-0.33333334 -1.        ]
   [ 0.33333334 -0.5       ]
   [-1.         -1.        ]
   [ 1.         -1.        ]
   [ 1.         -0.5       ]
   [ 1.          0.        ]]

  [[ 0.33333334 -0.5       ]
   [ 1.         -1.        ]
   [-0.33333334  0.5       ]
   [ 1.         -1.        ]
   [-1.          0.5       ]
   [ 1.         -1.        ]
   [-1.          0.5       ]
   [-0.33333334 -0.5       ]
   [-1.          1.        ]
   [ 1.          0.        ]]]]
(Unnamed Layer* 0) [GridSample]_output
[[[[  8.5          4.5          0.          14.5          0.58333325
      6.1666665   26.166666    27.833332     2.5          7.5       ]
   [ 14.5         12.5          1.          14.5          7.5
     26.166666    16.166666    12.5         27.833332    26.166666  ]
   [  9.5         27.833332     1.4166667    7.5          4.5
      7.5          2.5          0.58333325  12.5          1.        ]
   [  7.8333335   12.5          6.1666665    7.8333335   15.583333
      2.5          1.4166667   27.833332     6.1666665   12.5       ]
   [ 16.166666     0.58333325  12.5          0.           0.58333325
      7.8333335    0.           1.           4.5          9.5       ]
   [  7.8333335    1.          26.166666     1.          12.5
      1.          12.5          6.1666665    7.5          9.5       ]]

  [[ 33.5         54.5         25.          64.5         50.583332
    106.16667    126.16667    127.833336    52.5         32.5       ]
   [ 64.5         62.5         26.          64.5         57.5
    126.16667    116.166664    62.5        127.833336   126.16667   ]
   [ 59.5        127.833336    51.416668    32.5         54.5
     32.5         52.5         50.583332    62.5         26.        ]
   [107.833336    62.5        106.16667    107.833336    65.583336
     52.5         51.416668   127.833336   106.16667     62.5       ]
   [116.166664    50.583332    62.5         25.          50.583332
    107.833336    25.          26.          54.5         59.5       ]
   [107.833336    26.         126.16667     26.          62.5
     26.          62.5        106.16667     32.5         59.5       ]]

  [[ 58.5        104.5         50.         114.5        100.583336
    206.16667    226.16667    227.83334    102.5         57.5       ]
   [114.5        112.5         51.         114.5        107.5
    226.16667    216.16667    112.5        227.83334    226.16667   ]
   [109.5        227.83334    101.416664    57.5        104.5
     57.5        102.5        100.583336   112.5         51.        ]
   [207.83334    112.5        206.16667    207.83334    115.583336
    102.5        101.416664   227.83334    206.16667    112.5       ]
   [216.16667    100.583336   112.5         50.         100.583336
    207.83334     50.          51.         104.5        109.5       ]
   [207.83334     51.         226.16667     51.         112.5
     51.         112.5        206.16667     57.5        109.5       ]]]]
============================== End   [case_simple]
Members of tensorrt.tensorrt.InterpolationMode:
 0 -> NEAREST
 1 -> LINEAR
 2 -> CUBIC
Members of tensorrt.tensorrt.SampleMode:
 0 -> STRICT_BOUNDS
 1 -> WRAP
 2 -> CLAMP
 3 -> FILL
 4 -> REFLECT
Finish
