[TensorRT-Cookbook] Version: 1.0.0
[W] ModelImporter.cpp:994: Make sure output z has Int64 binding.
[I] TF32 is disabled by default. Turn on TF32 for better performance with minor accuracy differences.
[I] Configuring with profiles:[
        Profile 0:
            {x [min=[1, 1, 28, 28], opt=[4, 1, 28, 28], max=[16, 1, 28, 28]]}
    ]
[W] profileSharing0806 is on by default in TensorRT 10.0. This flag is deprecated and has no effect.
[I] Building engine with configuration:
    Flags                  | [FP16]
    Engine Capability      | EngineCapability.STANDARD
    Memory Pools           | [WORKSPACE: 1024.00 MiB, TACTIC_DRAM: 48501.94 MiB, TACTIC_SHARED_MEMORY: 1024.00 MiB]
    Tactic Sources         | [EDGE_MASK_CONVOLUTIONS, JIT_CONVOLUTIONS]
    Profiling Verbosity    | ProfilingVerbosity.DETAILED
    Preview Features       | [PROFILE_SHARING_0806]
[W] [MS] Multi stream is disabled because the stream assignment failed.
[I] Finished engine building in 6.952 seconds
[I] Saving tactic timing cache to model-trained.TimingCache
[I] Saving engine to model-trained.trt
OrderedDict({'y': array([[-5.0703125 , -2.34375   ,  6.921875  ,  7.5429688 , -9.46875   ,
        -0.23266602, -4.03125   , -2.3027344 , 18.09375   ,  0.6621094 ]],
      dtype=float32), 'z': array([8])})
Finish
