./ShuffleLayer/Combination.py:43: DeprecationWarning: Use get_tensor_mode instead.
  nInput = np.sum([engine.binding_is_input(i) for i in range(engine.num_bindings)])
./ShuffleLayer/Combination.py:49: DeprecationWarning: Use get_tensor_shape instead.
  bufferH.append(np.empty(context.get_binding_shape(nInput + i), dtype=trt.nptype(engine.get_binding_dtype(nInput + i))))
./ShuffleLayer/Combination.py:49: DeprecationWarning: Use get_tensor_dtype instead.
  bufferH.append(np.empty(context.get_binding_shape(nInput + i), dtype=trt.nptype(engine.get_binding_dtype(nInput + i))))
Input 0: (1, 3, 4, 5) 
 [[[[  0.   1.   2.   3.   4.]
   [ 10.  11.  12.  13.  14.]
   [ 20.  21.  22.  23.  24.]
   [ 30.  31.  32.  33.  34.]]

  [[100. 101. 102. 103. 104.]
   [110. 111. 112. 113. 114.]
   [120. 121. 122. 123. 124.]
   [130. 131. 132. 133. 134.]]

  [[200. 201. 202. 203. 204.]
   [210. 211. 212. 213. 214.]
   [220. 221. 222. 223. 224.]
   [230. 231. 232. 233. 234.]]]]
Output 0: (1, 5, 4, 3) 
 [[[[  0.   1.   2.]
   [ 10.  11.  12.]
   [ 20.  21.  22.]
   [ 30.  31.  32.]]

  [[  3.   4. 100.]
   [ 13.  14. 110.]
   [ 23.  24. 120.]
   [ 33.  34. 130.]]

  [[101. 102. 103.]
   [111. 112. 113.]
   [121. 122. 123.]
   [131. 132. 133.]]

  [[104. 200. 201.]
   [114. 210. 211.]
   [124. 220. 221.]
   [134. 230. 231.]]

  [[202. 203. 204.]
   [212. 213. 214.]
   [222. 223. 224.]
   [232. 233. 234.]]]]
