./PoolingNdLayer/Average_count_excludes_padding.py:42: DeprecationWarning: Use get_tensor_mode instead.
  nInput = np.sum([engine.binding_is_input(i) for i in range(engine.num_bindings)])
./PoolingNdLayer/Average_count_excludes_padding.py:48: DeprecationWarning: Use get_tensor_shape instead.
  bufferH.append(np.empty(context.get_binding_shape(nInput + i), dtype=trt.nptype(engine.get_binding_dtype(nInput + i))))
./PoolingNdLayer/Average_count_excludes_padding.py:48: DeprecationWarning: Use get_tensor_dtype instead.
  bufferH.append(np.empty(context.get_binding_shape(nInput + i), dtype=trt.nptype(engine.get_binding_dtype(nInput + i))))
Input 0: (1, 1, 6, 9) 
 [[[[1. 2. 3. 1. 2. 3. 1. 2. 3.]
   [4. 5. 6. 4. 5. 6. 4. 5. 6.]
   [7. 8. 9. 7. 8. 9. 7. 8. 9.]
   [1. 2. 3. 1. 2. 3. 1. 2. 3.]
   [4. 5. 6. 4. 5. 6. 4. 5. 6.]
   [7. 8. 9. 7. 8. 9. 7. 8. 9.]]]]
Output 0: (1, 1, 7, 10) 
 [[[[0.25 0.75 1.25 1.   0.75 1.25 1.   0.75 1.25 0.75]
   [1.25 3.   4.   3.5  3.   4.   3.5  3.   4.   2.25]
   [2.75 6.   7.   6.5  6.   7.   6.5  6.   7.   3.75]
   [2.   4.5  5.5  5.   4.5  5.5  5.   4.5  5.5  3.  ]
   [1.25 3.   4.   3.5  3.   4.   3.5  3.   4.   2.25]
   [2.75 6.   7.   6.5  6.   7.   6.5  6.   7.   3.75]
   [1.75 3.75 4.25 4.   3.75 4.25 4.   3.75 4.25 2.25]]]]
