./PoolingNdLayer/Pooling3D.py:41: DeprecationWarning: Use get_tensor_mode instead.
  nInput = np.sum([engine.binding_is_input(i) for i in range(engine.num_bindings)])
./PoolingNdLayer/Pooling3D.py:47: DeprecationWarning: Use get_tensor_shape instead.
  bufferH.append(np.empty(context.get_binding_shape(nInput + i), dtype=trt.nptype(engine.get_binding_dtype(nInput + i))))
./PoolingNdLayer/Pooling3D.py:47: DeprecationWarning: Use get_tensor_dtype instead.
  bufferH.append(np.empty(context.get_binding_shape(nInput + i), dtype=trt.nptype(engine.get_binding_dtype(nInput + i))))
Input 0: (1, 1, 2, 6, 9) 
 [[[[[ 1.  2.  3.  1.  2.  3.  1.  2.  3.]
    [ 4.  5.  6.  4.  5.  6.  4.  5.  6.]
    [ 7.  8.  9.  7.  8.  9.  7.  8.  9.]
    [ 1.  2.  3.  1.  2.  3.  1.  2.  3.]
    [ 4.  5.  6.  4.  5.  6.  4.  5.  6.]
    [ 7.  8.  9.  7.  8.  9.  7.  8.  9.]]

   [[10. 20. 30. 10. 20. 30. 10. 20. 30.]
    [40. 50. 60. 40. 50. 60. 40. 50. 60.]
    [70. 80. 90. 70. 80. 90. 70. 80. 90.]
    [10. 20. 30. 10. 20. 30. 10. 20. 30.]
    [40. 50. 60. 40. 50. 60. 40. 50. 60.]
    [70. 80. 90. 70. 80. 90. 70. 80. 90.]]]]]
Output 0: (1, 1, 1, 5, 8) 
 [[[[[50. 60. 60. 50. 60. 60. 50. 60.]
    [80. 90. 90. 80. 90. 90. 80. 90.]
    [80. 90. 90. 80. 90. 90. 80. 90.]
    [50. 60. 60. 50. 60. 60. 50. 60.]
    [80. 90. 90. 80. 90. 90. 80. 90.]]]]]
