./PoolingNdLayer/Post_padding.py:42: DeprecationWarning: Use get_tensor_mode instead.
  nInput = np.sum([engine.binding_is_input(i) for i in range(engine.num_bindings)])
./PoolingNdLayer/Post_padding.py:48: DeprecationWarning: Use get_tensor_shape instead.
  bufferH.append(np.empty(context.get_binding_shape(nInput + i), dtype=trt.nptype(engine.get_binding_dtype(nInput + i))))
./PoolingNdLayer/Post_padding.py:48: DeprecationWarning: Use get_tensor_dtype instead.
  bufferH.append(np.empty(context.get_binding_shape(nInput + i), dtype=trt.nptype(engine.get_binding_dtype(nInput + i))))
Input 0: (1, 1, 6, 9) 
 [[[[1. 2. 3. 1. 2. 3. 1. 2. 3.]
   [4. 5. 6. 4. 5. 6. 4. 5. 6.]
   [7. 8. 9. 7. 8. 9. 7. 8. 9.]
   [1. 2. 3. 1. 2. 3. 1. 2. 3.]
   [4. 5. 6. 4. 5. 6. 4. 5. 6.]
   [7. 8. 9. 7. 8. 9. 7. 8. 9.]]]]
Output 0: (1, 1, 6, 9) 
 [[[[5. 6. 6. 5. 6. 6. 5. 6. 6.]
   [8. 9. 9. 8. 9. 9. 8. 9. 9.]
   [8. 9. 9. 8. 9. 9. 8. 9. 9.]
   [5. 6. 6. 5. 6. 6. 5. 6. 6.]
   [8. 9. 9. 8. 9. 9. 8. 9. 9.]
   [8. 9. 9. 8. 9. 9. 8. 9. 9.]]]]
