[TensorRT-Cookbook] Version: 0.1.0
[04/25/2026-04:11:16] [TRT] [W] Using default stream in enqueueV3() may lead to performance issues due to additional calls to cudaStreamSynchronize() by TensorRT to ensure correct synchronization. Please use non-default stream instead.
[04/25/2026-04:11:17] [TRT] [W] Using default stream in enqueueV3() may lead to performance issues due to additional calls to cudaStreamSynchronize() by TensorRT to ensure correct synchronization. Please use non-default stream instead.
[04/25/2026-04:11:17] [TRT] [W] Using default stream in enqueueV3() may lead to performance issues due to additional calls to cudaStreamSynchronize() by TensorRT to ensure correct synchronization. Please use non-default stream instead.
============================== Start [case_element_mode,(),{}]
Input ->DataType.FLOAT, (1, 3, 4, 5), (1, 3, 4, 5), tensor
Input ->DataType.INT32, (1, 3, 4, 5), (1, 3, 4, 5), tensor1
Input ->DataType.FLOAT, (1, 3, 4, 5), (1, 3, 4, 5), tensor2
Output->DataType.FLOAT, (1, 3, 4, 5), (1, 3, 4, 5), outputT0
tensor
[[[[ 0.  1.  2.  3.  4.]
   [ 5.  6.  7.  8.  9.]
   [10. 11. 12. 13. 14.]
   [15. 16. 17. 18. 19.]]

  [[20. 21. 22. 23. 24.]
   [25. 26. 27. 28. 29.]
   [30. 31. 32. 33. 34.]
   [35. 36. 37. 38. 39.]]

  [[40. 41. 42. 43. 44.]
   [45. 46. 47. 48. 49.]
   [50. 51. 52. 53. 54.]
   [55. 56. 57. 58. 59.]]]]
tensor1
[[[[0 1 2 3 0]
   [1 2 3 0 1]
   [2 3 0 1 2]
   [3 0 1 2 3]]

  [[0 1 2 3 0]
   [1 2 3 0 1]
   [2 3 0 1 2]
   [3 0 1 2 3]]

  [[0 1 2 3 0]
   [1 2 3 0 1]
   [2 3 0 1 2]
   [3 0 1 2 3]]]]
tensor2
[[[[ -0.  -1.  -2.  -3.  -4.]
   [ -5.  -6.  -7.  -8.  -9.]
   [-10. -11. -12. -13. -14.]
   [-15. -16. -17. -18. -19.]]

  [[-20. -21. -22. -23. -24.]
   [-25. -26. -27. -28. -29.]
   [-30. -31. -32. -33. -34.]
   [-35. -36. -37. -38. -39.]]

  [[-40. -41. -42. -43. -44.]
   [-45. -46. -47. -48. -49.]
   [-50. -51. -52. -53. -54.]
   [-55. -56. -57. -58. -59.]]]]
outputT0
[[[[ -0. -16. -12.  -8.  -4.]
   [ -5.  -1. -17. -13.  -9.]
   [-10.  -6.  -2. -18. -14.]
   [-15. -11.  -7.  -3. -19.]]

  [[-20. -36. -32. -28. -24.]
   [-25. -21. -37. -33. -29.]
   [-30. -26. -22. -38. -34.]
   [-35. -31. -27. -23. -39.]]

  [[-40. -56. -52. -48. -44.]
   [-45. -41. -57. -53. -49.]
   [-50. -46. -42. -58. -54.]
   [-55. -51. -47. -43. -59.]]]]
[check]:True,maxAbsDiff=0.00e+00,meanAbsDiff=0.00e+00,maxRelDiff=0.00e+00,meanRelDiff=0.00e+00
    worstPair=(-0.0:-0.0)@[0, 0, 0, 0]
============================== End   [case_element_mode]
============================== Start [case_nd_mode,(),{}]
Input ->DataType.FLOAT, (2, 3, 4, 5), (2, 3, 4, 5), tensor
Input ->DataType.INT32, (2, 3, 4), (2, 3, 4), tensor1
Input ->DataType.FLOAT, (2, 3), (2, 3), tensor2
Output->DataType.FLOAT, (2, 3, 4, 5), (2, 3, 4, 5), outputT0
tensor
[[[[  0.   1.   2.   3.   4.]
   [  5.   6.   7.   8.   9.]
   [ 10.  11.  12.  13.  14.]
   [ 15.  16.  17.  18.  19.]]

  [[ 20.  21.  22.  23.  24.]
   [ 25.  26.  27.  28.  29.]
   [ 30.  31.  32.  33.  34.]
   [ 35.  36.  37.  38.  39.]]

  [[ 40.  41.  42.  43.  44.]
   [ 45.  46.  47.  48.  49.]
   [ 50.  51.  52.  53.  54.]
   [ 55.  56.  57.  58.  59.]]]


 [[[ 60.  61.  62.  63.  64.]
   [ 65.  66.  67.  68.  69.]
   [ 70.  71.  72.  73.  74.]
   [ 75.  76.  77.  78.  79.]]

  [[ 80.  81.  82.  83.  84.]
   [ 85.  86.  87.  88.  89.]
   [ 90.  91.  92.  93.  94.]
   [ 95.  96.  97.  98.  99.]]

  [[100. 101. 102. 103. 104.]
   [105. 106. 107. 108. 109.]
   [110. 111. 112. 113. 114.]
   [115. 116. 117. 118. 119.]]]]
tensor1
[[[0 2 1 1]
  [1 0 3 2]
  [0 1 2 3]]

 [[1 2 1 1]
  [0 0 3 2]
  [1 1 2 3]]]
tensor2
[[-0. -1. -2.]
 [-3. -4. -5.]]
outputT0
[[[[  0.   1.   2.   3.   4.]
   [  5.   6.   7.   8.   9.]
   [ 10.  11.  12.  13.  14.]
   [ 15.  16.  -4.  18.  19.]]

  [[ 20.  21.  22.  23.  24.]
   [ 25.  26.  27.  28.  29.]
   [ 30.  31.  32.  -2.  34.]
   [ 35.  36.  37.  38.  39.]]

  [[ 40.  41.  42.  43.  44.]
   [ 45.  -0.  47.  48.  49.]
   [ 50.  51.  52.  53.  54.]
   [ 55.  56.  57.  58.  59.]]]


 [[[ 60.  61.  62.  63.  64.]
   [ 65.  66.  67.  68.  69.]
   [ 70.  71.  72.  73.  74.]
   [ 75.  76.  -1.  78.  79.]]

  [[ 80.  81.  82.  83.  84.]
   [ 85.  86.  87.  88.  89.]
   [ 90.  91.  92.  -5.  94.]
   [ 95.  96.  97.  98.  99.]]

  [[100. 101. 102. 103. 104.]
   [105.  -3. 107. 108. 109.]
   [110. 111. 112. 113. 114.]
   [115. 116. 117. 118. 119.]]]]
[check]:True,maxAbsDiff=0.00e+00,meanAbsDiff=0.00e+00,maxRelDiff=0.00e+00,meanRelDiff=0.00e+00
    worstPair=(0.0:0.0)@[0, 0, 0, 0]
============================== End   [case_nd_mode]
============================== Start [case_nd_mode_2,(),{}]
Input ->DataType.FLOAT, (2, 3, 4, 5), (2, 3, 4, 5), tensor
Input ->DataType.INT32, (6, 3), (6, 3), tensor1
Input ->DataType.FLOAT, (6, 5), (6, 5), tensor2
Output->DataType.FLOAT, (2, 3, 4, 5), (2, 3, 4, 5), outputT0
tensor
[[[[  0.   1.   2.   3.   4.]
   [  5.   6.   7.   8.   9.]
   [ 10.  11.  12.  13.  14.]
   [ 15.  16.  17.  18.  19.]]

  [[ 20.  21.  22.  23.  24.]
   [ 25.  26.  27.  28.  29.]
   [ 30.  31.  32.  33.  34.]
   [ 35.  36.  37.  38.  39.]]

  [[ 40.  41.  42.  43.  44.]
   [ 45.  46.  47.  48.  49.]
   [ 50.  51.  52.  53.  54.]
   [ 55.  56.  57.  58.  59.]]]


 [[[ 60.  61.  62.  63.  64.]
   [ 65.  66.  67.  68.  69.]
   [ 70.  71.  72.  73.  74.]
   [ 75.  76.  77.  78.  79.]]

  [[ 80.  81.  82.  83.  84.]
   [ 85.  86.  87.  88.  89.]
   [ 90.  91.  92.  93.  94.]
   [ 95.  96.  97.  98.  99.]]

  [[100. 101. 102. 103. 104.]
   [105. 106. 107. 108. 109.]
   [110. 111. 112. 113. 114.]
   [115. 116. 117. 118. 119.]]]]
tensor1
[[0 2 1]
 [1 0 3]
 [0 1 2]
 [1 2 1]
 [0 0 3]
 [1 1 2]]
tensor2
[[ -0.  -1.  -2.  -3.  -4.]
 [ -5.  -6.  -7.  -8.  -9.]
 [-10. -11. -12. -13. -14.]
 [-15. -16. -17. -18. -19.]
 [-20. -21. -22. -23. -24.]
 [-25. -26. -27. -28. -29.]]
outputT0
[[[[  0.   1.   2.   3.   4.]
   [  5.   6.   7.   8.   9.]
   [ 10.  11.  12.  13.  14.]
   [-20. -21. -22. -23. -24.]]

  [[ 20.  21.  22.  23.  24.]
   [ 25.  26.  27.  28.  29.]
   [-10. -11. -12. -13. -14.]
   [ 35.  36.  37.  38.  39.]]

  [[ 40.  41.  42.  43.  44.]
   [ -0.  -1.  -2.  -3.  -4.]
   [ 50.  51.  52.  53.  54.]
   [ 55.  56.  57.  58.  59.]]]


 [[[ 60.  61.  62.  63.  64.]
   [ 65.  66.  67.  68.  69.]
   [ 70.  71.  72.  73.  74.]
   [ -5.  -6.  -7.  -8.  -9.]]

  [[ 80.  81.  82.  83.  84.]
   [ 85.  86.  87.  88.  89.]
   [-25. -26. -27. -28. -29.]
   [ 95.  96.  97.  98.  99.]]

  [[100. 101. 102. 103. 104.]
   [-15. -16. -17. -18. -19.]
   [110. 111. 112. 113. 114.]
   [115. 116. 117. 118. 119.]]]]
[check]:True,maxAbsDiff=0.00e+00,meanAbsDiff=0.00e+00,maxRelDiff=0.00e+00,meanRelDiff=0.00e+00
    worstPair=(0.0:0.0)@[0, 0, 0, 0]
============================== End   [case_nd_mode_2]
Finish
