[ 0]Input -> DataType.FLOAT (1, 3, 4, 5) (1, 3, 4, 5) inputT0
[ 1]Output-> DataType.UINT8 (1, 3, 4, 5) (1, 3, 4, 5) (Unnamed Layer* 0) [Cast]_output
inputT0
[[[[-300. -290. -280. -270. -260.]
   [-250. -240. -230. -220. -210.]
   [-200. -190. -180. -170. -160.]
   [-150. -140. -130. -120. -110.]]

  [[-100.  -90.  -80.  -70.  -60.]
   [ -50.  -40.  -30.  -20.  -10.]
   [   0.   10.   20.   30.   40.]
   [  50.   60.   70.   80.   90.]]

  [[ 100.  110.  120.  130.  140.]
   [ 150.  160.  170.  180.  190.]
   [ 200.  210.  220.  230.  240.]
   [ 250.  260.  270.  280.  290.]]]]
(Unnamed Layer* 0) [Cast]_output
[[[[  0   0   0   0   0]
   [  0   0   0   0   0]
   [  0   0   0   0   0]
   [  0   0   0   0   0]]

  [[  0   0   0   0   0]
   [  0   0   0   0   0]
   [  0  10  20  30  40]
   [ 50  60  70  80  90]]

  [[100 110 120 130 140]
   [150 160 170 180 190]
   [200 210 220 230 240]
   [250   4  14  24  34]]]]
