[TensorRT-Cookbook] Version: 0.1.0
[04/25/2026-04:10:53] [TRT] [W] Using default stream in enqueueV3() may lead to performance issues due to additional calls to cudaStreamSynchronize() by TensorRT to ensure correct synchronization. Please use non-default stream instead.
[04/25/2026-04:10:53] [TRT] [W] Using default stream in enqueueV3() may lead to performance issues due to additional calls to cudaStreamSynchronize() by TensorRT to ensure correct synchronization. Please use non-default stream instead.
============================== Start [case_simple,(),{}]
Input ->DataType.FLOAT, (1, 3, 4, 5), (1, 3, 4, 5), tensor
Output->DataType.FLOAT, (1, 3, 8, 11), (1, 3, 8, 11), (Unnamed Layer* 0) [Padding]_output
tensor
[[[[ 1.  2.  3.  4.  5.]
   [ 6.  7.  8.  9. 10.]
   [11. 12. 13. 14. 15.]
   [16. 17. 18. 19. 20.]]

  [[21. 22. 23. 24. 25.]
   [26. 27. 28. 29. 30.]
   [31. 32. 33. 34. 35.]
   [36. 37. 38. 39. 40.]]

  [[41. 42. 43. 44. 45.]
   [46. 47. 48. 49. 50.]
   [51. 52. 53. 54. 55.]
   [56. 57. 58. 59. 60.]]]]
(Unnamed Layer* 0) [Padding]_output
[[[[ 0.  0.  0.  0.  0.  0.  0.  0.  0.  0.  0.]
   [ 0.  0.  1.  2.  3.  4.  5.  0.  0.  0.  0.]
   [ 0.  0.  6.  7.  8.  9. 10.  0.  0.  0.  0.]
   [ 0.  0. 11. 12. 13. 14. 15.  0.  0.  0.  0.]
   [ 0.  0. 16. 17. 18. 19. 20.  0.  0.  0.  0.]
   [ 0.  0.  0.  0.  0.  0.  0.  0.  0.  0.  0.]
   [ 0.  0.  0.  0.  0.  0.  0.  0.  0.  0.  0.]
   [ 0.  0.  0.  0.  0.  0.  0.  0.  0.  0.  0.]]

  [[ 0.  0.  0.  0.  0.  0.  0.  0.  0.  0.  0.]
   [ 0.  0. 21. 22. 23. 24. 25.  0.  0.  0.  0.]
   [ 0.  0. 26. 27. 28. 29. 30.  0.  0.  0.  0.]
   [ 0.  0. 31. 32. 33. 34. 35.  0.  0.  0.  0.]
   [ 0.  0. 36. 37. 38. 39. 40.  0.  0.  0.  0.]
   [ 0.  0.  0.  0.  0.  0.  0.  0.  0.  0.  0.]
   [ 0.  0.  0.  0.  0.  0.  0.  0.  0.  0.  0.]
   [ 0.  0.  0.  0.  0.  0.  0.  0.  0.  0.  0.]]

  [[ 0.  0.  0.  0.  0.  0.  0.  0.  0.  0.  0.]
   [ 0.  0. 41. 42. 43. 44. 45.  0.  0.  0.  0.]
   [ 0.  0. 46. 47. 48. 49. 50.  0.  0.  0.  0.]
   [ 0.  0. 51. 52. 53. 54. 55.  0.  0.  0.  0.]
   [ 0.  0. 56. 57. 58. 59. 60.  0.  0.  0.  0.]
   [ 0.  0.  0.  0.  0.  0.  0.  0.  0.  0.  0.]
   [ 0.  0.  0.  0.  0.  0.  0.  0.  0.  0.  0.]
   [ 0.  0.  0.  0.  0.  0.  0.  0.  0.  0.  0.]]]]
============================== End   [case_simple]
============================== Start [case_crop,(),{}]
Input ->DataType.FLOAT, (1, 3, 4, 5), (1, 3, 4, 5), tensor
Output->DataType.FLOAT, (1, 3, 3, 3), (1, 3, 3, 3), (Unnamed Layer* 0) [Padding]_output
tensor
[[[[ 1.  2.  3.  4.  5.]
   [ 6.  7.  8.  9. 10.]
   [11. 12. 13. 14. 15.]
   [16. 17. 18. 19. 20.]]

  [[21. 22. 23. 24. 25.]
   [26. 27. 28. 29. 30.]
   [31. 32. 33. 34. 35.]
   [36. 37. 38. 39. 40.]]

  [[41. 42. 43. 44. 45.]
   [46. 47. 48. 49. 50.]
   [51. 52. 53. 54. 55.]
   [56. 57. 58. 59. 60.]]]]
(Unnamed Layer* 0) [Padding]_output
[[[[ 6.  7.  8.]
   [11. 12. 13.]
   [16. 17. 18.]]

  [[26. 27. 28.]
   [31. 32. 33.]
   [36. 37. 38.]]

  [[46. 47. 48.]
   [51. 52. 53.]
   [56. 57. 58.]]]]
============================== End   [case_crop]
Finish
