[ 0]Input -> DataType.FLOAT (1, 3, 4) (1, 3, 4) inputT0
[ 1]Input -> DataType.FLOAT (2, 3, 5) (2, 3, 5) inputT1
[ 2]Output-> DataType.FLOAT (1, 4, 2, 5) (1, 4, 2, 5) (Unnamed Layer* 0) [Einsum]_output
inputT0
[[[ 0.  1.  2.  3.]
  [ 4.  5.  6.  7.]
  [ 8.  9. 10. 11.]]]
inputT1
[[[ 0.  1.  2.  3.  4.]
  [ 5.  6.  7.  8.  9.]
  [10. 11. 12. 13. 14.]]

 [[15. 16. 17. 18. 19.]
  [20. 21. 22. 23. 24.]
  [25. 26. 27. 28. 29.]]]
(Unnamed Layer* 0) [Einsum]_output
[[[[100. 112. 124. 136. 148.]
   [280. 292. 304. 316. 328.]]

  [[115. 130. 145. 160. 175.]
   [340. 355. 370. 385. 400.]]

  [[130. 148. 166. 184. 202.]
   [400. 418. 436. 454. 472.]]

  [[145. 166. 187. 208. 229.]
   [460. 481. 502. 523. 544.]]]]
