./ParametricReLULayer/SimpleExample.py:40: DeprecationWarning: Use get_tensor_mode instead.
  nInput = np.sum([engine.binding_is_input(i) for i in range(engine.num_bindings)])
./ParametricReLULayer/SimpleExample.py:46: DeprecationWarning: Use get_tensor_shape instead.
  bufferH.append(np.empty(context.get_binding_shape(nInput + i), dtype=trt.nptype(engine.get_binding_dtype(nInput + i))))
./ParametricReLULayer/SimpleExample.py:46: DeprecationWarning: Use get_tensor_dtype instead.
  bufferH.append(np.empty(context.get_binding_shape(nInput + i), dtype=trt.nptype(engine.get_binding_dtype(nInput + i))))
Input 0: (3, 3, 3) 
 [[[-4. -3. -2.]
  [-1.  0.  1.]
  [ 2.  3.  4.]]

 [[-4. -3. -2.]
  [-1.  0.  1.]
  [ 2.  3.  4.]]

 [[-4. -3. -2.]
  [-1.  0.  1.]
  [ 2.  3.  4.]]]
Output 0: (1, 3, 3, 3) 
 [[[[-2.  -1.5 -1. ]
   [-0.5  0.   1. ]
   [ 2.   3.   4. ]]

  [[-4.  -3.  -2. ]
   [-1.   0.   1. ]
   [ 2.   3.   4. ]]

  [[-8.  -6.  -4. ]
   [-2.   0.   1. ]
   [ 2.   3.   4. ]]]]
