make clean
make[1]: Entering directory '/work/gitlab/tensorrt-cookbook-in-chinese/01-SimpleDemo/TensorRT8.4'
rm -rf ./*.d ./*.o ./*.so ./*.exe ./*.plan
make[1]: Leaving directory '/work/gitlab/tensorrt-cookbook-in-chinese/01-SimpleDemo/TensorRT8.4'
make
make[1]: Entering directory '/work/gitlab/tensorrt-cookbook-in-chinese/01-SimpleDemo/TensorRT8.4'
/usr/local/cuda/bin/nvcc -w -std=c++14 -O3 -UDEBUG -Xcompiler -fPIC -use_fast_math -I. -I/usr/local/cuda/include -I/usr/lib/x86_64-linux-gnu/include -M -MT main.o -o main.d main.cpp
/usr/local/cuda/bin/nvcc -w -std=c++14 -O3 -UDEBUG -Xcompiler -fPIC -use_fast_math -I. -I/usr/local/cuda/include -I/usr/lib/x86_64-linux-gnu/include -Xcompiler -fPIC -o main.o -c main.cpp
/usr/local/cuda/bin/nvcc -w -std=c++14 -O3 -UDEBUG -Xcompiler -fPIC -use_fast_math -L/usr/local/cuda/lib64 -lcudart -L/usr/lib/x86_64-linux-gnu/lib -lnvinfer -o main.exe main.o
rm main.o
make[1]: Leaving directory '/work/gitlab/tensorrt-cookbook-in-chinese/01-SimpleDemo/TensorRT8.4'
python3 ./main.py
Succeeded building serialized engine!
Succeeded saving .plan file!
Succeeded building engine!
Bind[ 0]:i[ 0]-> DataType.FLOAT (-1, -1, -1) (3, 4, 5) inputT0
Bind[ 1]:o[ 0]-> DataType.FLOAT (-1, -1, -1) (3, 4, 5) (Unnamed Layer* 0) [Identity]_output
inputT0
[[[ 0.  1.  2.  3.  4.]
  [ 5.  6.  7.  8.  9.]
  [10. 11. 12. 13. 14.]
  [15. 16. 17. 18. 19.]]

 [[20. 21. 22. 23. 24.]
  [25. 26. 27. 28. 29.]
  [30. 31. 32. 33. 34.]
  [35. 36. 37. 38. 39.]]

 [[40. 41. 42. 43. 44.]
  [45. 46. 47. 48. 49.]
  [50. 51. 52. 53. 54.]
  [55. 56. 57. 58. 59.]]]
(Unnamed Layer* 0) [Identity]_output
[[[ 0.  1.  2.  3.  4.]
  [ 5.  6.  7.  8.  9.]
  [10. 11. 12. 13. 14.]
  [15. 16. 17. 18. 19.]]

 [[20. 21. 22. 23. 24.]
  [25. 26. 27. 28. 29.]
  [30. 31. 32. 33. 34.]
  [35. 36. 37. 38. 39.]]

 [[40. 41. 42. 43. 44.]
  [45. 46. 47. 48. 49.]
  [50. 51. 52. 53. 54.]
  [55. 56. 57. 58. 59.]]]
Succeeded getting serialized engine!
Succeeded building engine!
Bind[ 0]:i[ 0]-> DataType.FLOAT (-1, -1, -1) (3, 4, 5) inputT0
Bind[ 1]:o[ 0]-> DataType.FLOAT (-1, -1, -1) (3, 4, 5) (Unnamed Layer* 0) [Identity]_output
inputT0
[[[ 0.  1.  2.  3.  4.]
  [ 5.  6.  7.  8.  9.]
  [10. 11. 12. 13. 14.]
  [15. 16. 17. 18. 19.]]

 [[20. 21. 22. 23. 24.]
  [25. 26. 27. 28. 29.]
  [30. 31. 32. 33. 34.]
  [35. 36. 37. 38. 39.]]

 [[40. 41. 42. 43. 44.]
  [45. 46. 47. 48. 49.]
  [50. 51. 52. 53. 54.]
  [55. 56. 57. 58. 59.]]]
(Unnamed Layer* 0) [Identity]_output
[[[ 0.  1.  2.  3.  4.]
  [ 5.  6.  7.  8.  9.]
  [10. 11. 12. 13. 14.]
  [15. 16. 17. 18. 19.]]

 [[20. 21. 22. 23. 24.]
  [25. 26. 27. 28. 29.]
  [30. 31. 32. 33. 34.]
  [35. 36. 37. 38. 39.]]

 [[40. 41. 42. 43. 44.]
  [45. 46. 47. 48. 49.]
  [50. 51. 52. 53. 54.]
  [55. 56. 57. 58. 59.]]]
rm ./*.plan
././main.exe
Succeeded building serialized engine!
Succeeded building engine!
Succeeded saving .plan file!
Binding all? Yes
Bind[0]:i[0]->FLOAT (3, 4, 5) inputT0
Bind[1]:o[0]->FLOAT (3, 4, 5) (Unnamed Layer* 0) [Identity]_output

inputT0: (3, 4, 5, )
absSum=1770.0000,mean=29.5000,var=299.9167,max=59.0000,min= 0.0000,diff=59.0000,
 0.00000,  1.00000,  2.00000,  3.00000,  4.00000,  5.00000,  6.00000,  7.00000,  8.00000,  9.00000, 
50.00000, 51.00000, 52.00000, 53.00000, 54.00000, 55.00000, 56.00000, 57.00000, 58.00000, 59.00000, 
 0.000  1.000  2.000  3.000  4.000 
 5.000  6.000  7.000  8.000  9.000 
10.000 11.000 12.000 13.000 14.000 
15.000 16.000 17.000 18.000 19.000 

20.000 21.000 22.000 23.000 24.000 
25.000 26.000 27.000 28.000 29.000 
30.000 31.000 32.000 33.000 34.000 
35.000 36.000 37.000 38.000 39.000 

40.000 41.000 42.000 43.000 44.000 
45.000 46.000 47.000 48.000 49.000 
50.000 51.000 52.000 53.000 54.000 
55.000 56.000 57.000 58.000 59.000 



(Unnamed Layer* 0) [Identity]_output: (3, 4, 5, )
absSum=1770.0000,mean=29.5000,var=299.9167,max=59.0000,min= 0.0000,diff=59.0000,
 0.00000,  1.00000,  2.00000,  3.00000,  4.00000,  5.00000,  6.00000,  7.00000,  8.00000,  9.00000, 
50.00000, 51.00000, 52.00000, 53.00000, 54.00000, 55.00000, 56.00000, 57.00000, 58.00000, 59.00000, 
 0.000  1.000  2.000  3.000  4.000 
 5.000  6.000  7.000  8.000  9.000 
10.000 11.000 12.000 13.000 14.000 
15.000 16.000 17.000 18.000 19.000 

20.000 21.000 22.000 23.000 24.000 
25.000 26.000 27.000 28.000 29.000 
30.000 31.000 32.000 33.000 34.000 
35.000 36.000 37.000 38.000 39.000 

40.000 41.000 42.000 43.000 44.000 
45.000 46.000 47.000 48.000 49.000 
50.000 51.000 52.000 53.000 54.000 
55.000 56.000 57.000 58.000 59.000 


Succeeded getting serialized engine!
Succeeded loading engine!
Binding all? Yes
Bind[0]:i[0]->FLOAT (3, 4, 5) inputT0
Bind[1]:o[0]->FLOAT (3, 4, 5) (Unnamed Layer* 0) [Identity]_output

inputT0: (3, 4, 5, )
absSum=1770.0000,mean=29.5000,var=299.9167,max=59.0000,min= 0.0000,diff=59.0000,
 0.00000,  1.00000,  2.00000,  3.00000,  4.00000,  5.00000,  6.00000,  7.00000,  8.00000,  9.00000, 
50.00000, 51.00000, 52.00000, 53.00000, 54.00000, 55.00000, 56.00000, 57.00000, 58.00000, 59.00000, 
 0.000  1.000  2.000  3.000  4.000 
 5.000  6.000  7.000  8.000  9.000 
10.000 11.000 12.000 13.000 14.000 
15.000 16.000 17.000 18.000 19.000 

20.000 21.000 22.000 23.000 24.000 
25.000 26.000 27.000 28.000 29.000 
30.000 31.000 32.000 33.000 34.000 
35.000 36.000 37.000 38.000 39.000 

40.000 41.000 42.000 43.000 44.000 
45.000 46.000 47.000 48.000 49.000 
50.000 51.000 52.000 53.000 54.000 
55.000 56.000 57.000 58.000 59.000 



(Unnamed Layer* 0) [Identity]_output: (3, 4, 5, )
absSum=1770.0000,mean=29.5000,var=299.9167,max=59.0000,min= 0.0000,diff=59.0000,
 0.00000,  1.00000,  2.00000,  3.00000,  4.00000,  5.00000,  6.00000,  7.00000,  8.00000,  9.00000, 
50.00000, 51.00000, 52.00000, 53.00000, 54.00000, 55.00000, 56.00000, 57.00000, 58.00000, 59.00000, 
 0.000  1.000  2.000  3.000  4.000 
 5.000  6.000  7.000  8.000  9.000 
10.000 11.000 12.000 13.000 14.000 
15.000 16.000 17.000 18.000 19.000 

20.000 21.000 22.000 23.000 24.000 
25.000 26.000 27.000 28.000 29.000 
30.000 31.000 32.000 33.000 34.000 
35.000 36.000 37.000 38.000 39.000 

40.000 41.000 42.000 43.000 44.000 
45.000 46.000 47.000 48.000 49.000 
50.000 51.000 52.000 53.000 54.000 
55.000 56.000 57.000 58.000 59.000 


