Input 0: (3, 4, 5) 
 [[[1. 1. 1. 1. 1.]
  [1. 1. 1. 1. 1.]
  [1. 1. 1. 1. 1.]
  [1. 1. 1. 1. 1.]]

 [[1. 1. 1. 1. 1.]
  [1. 1. 1. 1. 1.]
  [1. 1. 1. 1. 1.]
  [1. 1. 1. 1. 1.]]

 [[1. 1. 1. 1. 1.]
  [1. 1. 1. 1. 1.]
  [1. 1. 1. 1. 1.]
  [1. 1. 1. 1. 1.]]]
Input 1: (3, 4, 1) 
 [[[0]
  [2]
  [4]
  [6]]

 [[0]
  [2]
  [4]
  [6]]

 [[0]
  [2]
  [4]
  [6]]]
Output 0: (3, 4, 5) 
 [[[0.         0.         0.         0.         0.        ]
  [0.5        0.5        0.         0.         0.        ]
  [0.25       0.25       0.25       0.25       0.        ]
  [0.16666667 0.16666667 0.16666667 0.16666667 0.16666667]]

 [[0.         0.         0.         0.         0.        ]
  [0.5        0.5        0.         0.         0.        ]
  [0.25       0.25       0.25       0.25       0.        ]
  [0.16666667 0.16666667 0.16666667 0.16666667 0.16666667]]

 [[0.         0.         0.         0.         0.        ]
  [0.5        0.5        0.         0.         0.        ]
  [0.25       0.25       0.25       0.25       0.        ]
  [0.1862933  0.1862933  0.1862933  0.1862933  0.1862933 ]]]
