./RaggedSoftMaxLayer/SimpleExample.py:42: DeprecationWarning: Use get_tensor_mode instead.
  nInput = np.sum([engine.binding_is_input(i) for i in range(engine.num_bindings)])
./RaggedSoftMaxLayer/SimpleExample.py:49: DeprecationWarning: Use get_tensor_shape instead.
  bufferH.append(np.empty(context.get_binding_shape(nInput + i), dtype=trt.nptype(engine.get_binding_dtype(nInput + i))))
./RaggedSoftMaxLayer/SimpleExample.py:49: DeprecationWarning: Use get_tensor_dtype instead.
  bufferH.append(np.empty(context.get_binding_shape(nInput + i), dtype=trt.nptype(engine.get_binding_dtype(nInput + i))))
Input 0: (3, 4, 5) 
 [[[1. 1. 1. 1. 1.]
  [1. 1. 1. 1. 1.]
  [1. 1. 1. 1. 1.]
  [1. 1. 1. 1. 1.]]

 [[1. 1. 1. 1. 1.]
  [1. 1. 1. 1. 1.]
  [1. 1. 1. 1. 1.]
  [1. 1. 1. 1. 1.]]

 [[1. 1. 1. 1. 1.]
  [1. 1. 1. 1. 1.]
  [1. 1. 1. 1. 1.]
  [1. 1. 1. 1. 1.]]]
Input 1: (3, 4, 1) 
 [[[0]
  [2]
  [4]
  [6]]

 [[0]
  [2]
  [4]
  [6]]

 [[0]
  [2]
  [4]
  [6]]]
Output 0: (3, 4, 5) 
 [[[0.         0.         0.         0.         0.        ]
  [0.5        0.5        0.         0.         0.        ]
  [0.25       0.25       0.25       0.25       0.        ]
  [0.16666667 0.16666667 0.16666667 0.16666667 0.16666667]]

 [[0.         0.         0.         0.         0.        ]
  [0.5        0.5        0.         0.         0.        ]
  [0.25       0.25       0.25       0.25       0.        ]
  [0.16666667 0.16666667 0.16666667 0.16666667 0.16666667]]

 [[0.         0.         0.         0.         0.        ]
  [0.5        0.5        0.         0.         0.        ]
  [0.25       0.25       0.25       0.25       0.        ]
  [0.1862933  0.1862933  0.1862933  0.1862933  0.1862933 ]]]
