[TensorRT-Cookbook] Version: 1.0.0
[07/07/2026-06:11:36] [TRT] [W] ModelImporter.cpp:994: Make sure output z has Int64 binding.
[07/07/2026-06:11:46] [TRT] [W] Using default stream in enqueueV3() may lead to performance issues due to additional calls to cudaStreamSynchronize() by TensorRT to ensure correct synchronization. Please use non-default stream instead.
[07/07/2026-06:11:47] [TRT] [W] ModelImporter.cpp:994: Make sure output z has Int64 binding.
[07/07/2026-06:11:59] [TRT] [W] Using default stream in enqueueV3() may lead to performance issues due to additional calls to cudaStreamSynchronize() by TensorRT to ensure correct synchronization. Please use non-default stream instead.
============================== Start [case_normal,(True,),{}]
Input ->DataType.FLOAT, (-1, 1, 28, 28), (1, 1, 28, 28), x
Output->DataType.FLOAT, (-1, 10), (1, 10), y
Output->DataType.INT64, (-1,), (1,), z
Timing:    0.000us -> Reformatting CopyNode for Input Tensor 0 to node_conv2d + node_relu
Timing:   37.472us -> node_conv2d + node_relu
Timing:    0.000us -> Reformatting CopyNode for Input Tensor 0 to node_max_pool2d
Timing:   14.592us -> node_max_pool2d
Timing:   34.016us -> node_conv2d_1 + node_relu_1
Timing:   12.544us -> Reformatting CopyNode for Input Tensor 0 to node_max_pool2d_1
Timing:   12.768us -> node_max_pool2d_1
Timing:    3.840us -> __mye258_0_myl7_0
Timing:   43.488us -> node_linear_myl7_1
Timing:   17.216us -> node_linear_1_2_myl7_2
Timing:    4.480us -> __myl_MaxrSubExpSum_myl7_3
Timing:    6.464us -> __myl_DivMulTopk_myl7_4
Timing:    6.240us -> __myl_CastReshCast_myl7_5
Timing:    0.000us -> Reformatting CopyNode for Input Tensor 0 to node_conv2d + node_relu
Timing:   15.264us -> node_conv2d + node_relu
Timing:    0.000us -> Reformatting CopyNode for Input Tensor 0 to node_max_pool2d
Timing:    5.856us -> node_max_pool2d
Timing:   12.064us -> node_conv2d_1 + node_relu_1
Timing:    4.736us -> Reformatting CopyNode for Input Tensor 0 to node_max_pool2d_1
Timing:    6.144us -> node_max_pool2d_1
Timing:    1.952us -> __mye258_0_myl7_0
Timing:   18.848us -> node_linear_myl7_1
Timing:   11.776us -> node_linear_1_2_myl7_2
Timing:    4.192us -> __myl_MaxrSubExpSum_myl7_3
Timing:    4.640us -> __myl_DivMulTopk_myl7_4
Timing:    3.712us -> __myl_CastReshCast_myl7_5
============================== End   [case_normal]
============================== Start [case_normal,(False,),{}]
Input ->DataType.FLOAT, (-1, 1, 28, 28), (1, 1, 28, 28), x
Output->DataType.FLOAT, (-1, 10), (1, 10), y
Output->DataType.INT64, (-1,), (1,), z
Timing:    0.000us -> Reformatting CopyNode for Input Tensor 0 to node_conv2d + node_relu
Timing:    8.224us -> node_conv2d + node_relu
Timing:    0.000us -> Reformatting CopyNode for Input Tensor 0 to node_max_pool2d
Timing:    4.992us -> node_max_pool2d
Timing:    9.184us -> node_conv2d_1 + node_relu_1
Timing:    4.736us -> Reformatting CopyNode for Input Tensor 0 to node_max_pool2d_1
Timing:    4.224us -> node_max_pool2d_1
Timing:    1.376us -> __mye258_0_myl7_0
Timing:   15.008us -> node_linear_myl7_1
Timing:   12.640us -> node_linear_1_2_myl7_2
Timing:    4.544us -> __myl_MaxrSubExpSum_myl7_3
Timing:    4.512us -> __myl_DivMulTopk_myl7_4
Timing:    3.680us -> __myl_CastReshCast_myl7_5
============================== End   [case_normal]
Finish
