Succeeded building engine!
Before refit!
Input :
 [[[1. 2. 3. 1. 2. 3. 1. 2. 3.]
  [4. 5. 6. 4. 5. 6. 4. 5. 6.]
  [7. 8. 9. 7. 8. 9. 7. 8. 9.]
  [1. 2. 3. 1. 2. 3. 1. 2. 3.]
  [4. 5. 6. 4. 5. 6. 4. 5. 6.]
  [7. 8. 9. 7. 8. 9. 7. 8. 9.]]]
Output:
 [[[[0. 0. 0. 0. 0. 0. 0.]
   [0. 0. 0. 0. 0. 0. 0.]
   [0. 0. 0. 0. 0. 0. 0.]
   [0. 0. 0. 0. 0. 0. 0.]]]]
Succeeded loading engine!
After refit!
Input :
 [[[1. 2. 3. 1. 2. 3. 1. 2. 3.]
  [4. 5. 6. 4. 5. 6. 4. 5. 6.]
  [7. 8. 9. 7. 8. 9. 7. 8. 9.]
  [1. 2. 3. 1. 2. 3. 1. 2. 3.]
  [4. 5. 6. 4. 5. 6. 4. 5. 6.]
  [7. 8. 9. 7. 8. 9. 7. 8. 9.]]]
Output:
 [[[[12345.679 23156.49  31264.598 12345.679 23156.49  31264.598 12345.679]
   [45678.914 56489.723 64597.832 45678.914 56489.723 64597.832 45678.914]
   [78912.34  89723.16  97831.27  78912.34  89723.16  97831.27  78912.34 ]
   [12345.679 23156.49  31264.598 12345.679 23156.49  31264.598 12345.679]]]]
