[TensorRT-Cookbook] Version: 0.1.0
0x7dc135c1b300[AddScalarPluginCreator]
0x7dc135c1b300[getPluginName]
0x7dc135c1b300[getPluginName]
0x7dc135c1b300[getPluginNamespace]
0x7dc135c1b300[getPluginVersion]
0x7dc135c1b300[getPluginVersion]
0x7dc135c1b300[getPluginNamespace]
0x7dc135c1b300[getPluginNamespace]
0x7dc135c1b300[createPlugin]
    0x1acebcb0[AddScalarPlugin]
    0x1acebcb0[setPluginNamespace]
    0x1acebcb0[getNbOutputs]
    0x1acebcb0[getOutputDataType]
    0x1acebcb0[getNbOutputs]
    0x1acebcb0[clone]
    0x1acec300[AddScalarPlugin]
    0x1acec300[setPluginNamespace]
    0x1acebcb0[getPluginType]
    0x1acebcb0[~AddScalarPlugin]
    0x1acec300[getOutputDataType]
    0x1acec300[getOutputDimensions]
    0x1acec300[clone]
    0x26186680[AddScalarPlugin]
    0x26186680[setPluginNamespace]
    0x26186680[getOutputDimensions]
    0x26186680[getPluginType]
    0x26186680[clone]
    0x2683bea0[AddScalarPlugin]
    0x2683bea0[setPluginNamespace]
    0x2683bea0[supportsFormatCombination]
    pos=0:[FP32 ,Unknown,],[LINE ,None ,]->res=1
    0x2683bea0[supportsFormatCombination]
    pos=1:[FP32 ,FP32 ,],[LINE ,LINE ,]->res=1
    0x2683bea0[supportsFormatCombination]
    pos=1:[FP32 ,FP32 ,],[LINE ,CHW32,]->res=0
    0x2683bea0[supportsFormatCombination]
    pos=1:[FP32 ,FP32 ,],[LINE ,HWC  ,]->res=0
    0x2683bea0[supportsFormatCombination]
    pos=0:[FP32 ,Unknown,],[CHW32,None ,]->res=0
    0x2683bea0[supportsFormatCombination]
    pos=0:[FP32 ,Unknown,],[HWC  ,None ,]->res=0
    0x2683bea0[clone]
    0x2683e2e0[AddScalarPlugin]
    0x2683e2e0[setPluginNamespace]
    0x2683e2e0[configurePlugin]
    0x2683e2e0[getWorkspaceSize]
    0x2683e2e0[getWorkspaceSize]
    0x2683e2e0[getWorkspaceSize]
    0x2683e2e0[getWorkspaceSize]
    0x2683e2e0[getPluginType]
    0x2683e2e0[getPluginVersion]
    0x2683bea0[destroy]
    0x2683bea0[~AddScalarPlugin]
    0x2683e2e0[initialize]
    0x26186680[destroy]
    0x26186680[~AddScalarPlugin]
    0x2683e2e0[getPluginType]
    0x2683e2e0[getPluginVersion]
    0x2683e2e0[getPluginNamespace]
    0x2683e2e0[getSerializationSize]
    0x2683e2e0[serialize]
    0x2683e2e0[getPluginType]
    0x2683e2e0[getPluginVersion]
    0x2683e2e0[getPluginNamespace]
    0x2683e2e0[getSerializationSize]
    0x2683e2e0[serialize]
    0x2683e2e0[terminate]
    0x2683e2e0[destroy]
    0x2683e2e0[~AddScalarPlugin]
0x7dc135c1b300[getPluginVersion]
0x7dc135c1b300[getPluginNamespace]
0x7dc135c1b300[getPluginNamespace]
0x7dc135c1b300[deserializePlugin]
    0x2683dcc0[AddScalarPlugin]
    0x2683dcc0[initialize]
    0x2683dcc0[clone]
    0x2683e2e0[AddScalarPlugin]
    0x2683e2e0[setPluginNamespace]
    0x2683e2e0[attachToContext]
[04/25/2026-04:17:20] [TRT] [W] Using default stream in enqueueV3() may lead to performance issues due to additional calls to cudaStreamSynchronize() by TensorRT to ensure correct synchronization. Please use non-default stream instead.
    0x2683e2e0[configurePlugin]
    0x2683e2e0[enqueue]
    0x2683e2e0[detachFromContext]
    0x2683e2e0[destroy]
    0x2683e2e0[~AddScalarPlugin]
    0x2683dcc0[terminate]
    0x2683dcc0[destroy]
    0x2683dcc0[~AddScalarPlugin]
    0x1acec300[destroy]
    0x1acec300[~AddScalarPlugin]
0x7dc135c1b300[getPluginVersion]
0x7dc135c1b300[getPluginNamespace]
0x7dc135c1b300[getPluginNamespace]
0x7dc135c1b300[deserializePlugin]
    0x265a6850[AddScalarPlugin]
    0x265a6850[initialize]
    0x265a6850[clone]
    0x2683e2e0[AddScalarPlugin]
    0x2683e2e0[setPluginNamespace]
    0x2683e2e0[attachToContext]
[04/25/2026-04:17:20] [TRT] [W] Using default stream in enqueueV3() may lead to performance issues due to additional calls to cudaStreamSynchronize() by TensorRT to ensure correct synchronization. Please use non-default stream instead.
    0x2683e2e0[configurePlugin]
    0x2683e2e0[enqueue]
    0x2683e2e0[detachFromContext]
    0x2683e2e0[destroy]
    0x2683e2e0[~AddScalarPlugin]
    0x265a6850[terminate]
    0x265a6850[destroy]
    0x265a6850[~AddScalarPlugin]
============================== Start [case_simple,(),{}]
Input ->DataType.FLOAT, (-1, -1, -1), (3, 4, 5), inputT0
Output->DataType.FLOAT, (-1, -1, -1), (3, 4, 5), outputT0
[check]:True,maxAbsDiff=0.00e+00,meanAbsDiff=0.00e+00,maxRelDiff=0.00e+00,meanRelDiff=0.00e+00
    worstPair=(1.0:1.0)@[0, 0, 0]
============================== End   [case_simple]
============================== Start [case_simple,(),{}]
Input ->DataType.FLOAT, (-1, -1, -1), (3, 4, 5), inputT0
Output->DataType.FLOAT, (-1, -1, -1), (3, 4, 5), outputT0
[check]:True,maxAbsDiff=0.00e+00,meanAbsDiff=0.00e+00,maxRelDiff=0.00e+00,meanRelDiff=0.00e+00
    worstPair=(1.0:1.0)@[0, 0, 0]
============================== End   [case_simple]
Finish
0x7dc135c1b300[~AddScalarPluginCreator]
