trt
в”њв”Ђ APILanguage
в”‚в”њв”Ђ CPP
в”‚в”‚в””в”Ђ value: 0
в”‚в”њв”Ђ PYTHON
в”‚в”‚в””в”Ђ value: 1
в”‚в”њв”Ђ name
в”‚в””в”Ђ value
в”њв”Ђ ActivationType
в”‚в”њв”Ђ CLIP
в”‚в”‚в””в”Ђ value: 8
в”‚в”њв”Ђ ELU
в”‚в”‚в””в”Ђ value: 4
в”‚в”њв”Ђ GELU_ERF
в”‚в”‚в””в”Ђ value: 12
в”‚в”њв”Ђ GELU_TANH
в”‚в”‚в””в”Ђ value: 13
в”‚в”њв”Ђ HARD_SIGMOID
в”‚в”‚в””в”Ђ value: 9
в”‚в”њв”Ђ LEAKY_RELU
в”‚в”‚в””в”Ђ value: 3
в”‚в”њв”Ђ RELU
в”‚в”‚в””в”Ђ value: 0
в”‚в”њв”Ђ SCALED_TANH
в”‚в”‚в””в”Ђ value: 10
в”‚в”њв”Ђ SELU
в”‚в”‚в””в”Ђ value: 5
в”‚в”њв”Ђ SIGMOID
в”‚в”‚в””в”Ђ value: 1
в”‚в”њв”Ђ SOFTPLUS
в”‚в”‚в””в”Ђ value: 7
в”‚в”њв”Ђ SOFTSIGN
в”‚в”‚в””в”Ђ value: 6
в”‚в”њв”Ђ TANH
в”‚в”‚в””в”Ђ value: 2
в”‚в”њв”Ђ THRESHOLDED_RELU
в”‚в”‚в””в”Ђ value: 11
в”‚в”њв”Ђ name
в”‚в””в”Ђ value
в”њв”Ђ AllocatorFlag
в”‚в”њв”Ђ RESIZABLE
в”‚в”‚в””в”Ђ value: 0
в”‚в”њв”Ђ name
в”‚в””в”Ђ value
в”њв”Ђ AttentionNormalizationOp
в”‚в”њв”Ђ NONE
в”‚в”‚в””в”Ђ value: 0
в”‚в”њв”Ђ SOFTMAX
в”‚в”‚в””в”Ђ value: 1
в”‚в”њв”Ђ name
в”‚в””в”Ђ value
в”њв”Ђ BoundingBoxFormat
в”‚в”њв”Ђ CENTER_SIZES
в”‚в”‚в””в”Ђ value: 1
в”‚в”њв”Ђ CORNER_PAIRS
в”‚в”‚в””в”Ђ value: 0
в”‚в”њв”Ђ name
в”‚в””в”Ђ value
в”њв”Ђ Builder
в”‚в”њв”Ђ build_engine_with_config
в”‚в”њв”Ђ build_serialized_network
в”‚в”њв”Ђ build_serialized_network_to_stream
в”‚в”њв”Ђ create_builder_config
в”‚в”њв”Ђ create_network
в”‚в”њв”Ђ create_optimization_profile
в”‚в”њв”Ђ error_recorder
в”‚в”њв”Ђ get_plugin_registry
в”‚в”њв”Ђ gpu_allocator
в”‚в”њв”Ђ is_network_supported
в”‚в”њв”Ђ logger
в”‚в”њв”Ђ max_DLA_batch_size
в”‚в”њв”Ђ max_threads
в”‚в”њв”Ђ num_DLA_cores
в”‚в”њв”Ђ platform_has_fast_fp16
в”‚в”њв”Ђ platform_has_fast_int8
в”‚в”њв”Ђ platform_has_tf32
в”‚в””в”Ђ reset
в”њв”Ђ BuilderFlag
в”‚в”њв”Ђ BF16
в”‚в”‚в””в”Ђ value: 17
в”‚в”њв”Ђ DEBUG
в”‚в”‚в””в”Ђ value: 2
в”‚в”њв”Ђ DIRECT_IO
в”‚в”‚в””в”Ђ value: 11
в”‚в”њв”Ђ DISABLE_COMPILATION_CACHE
в”‚в”‚в””в”Ђ value: 18
в”‚в”њв”Ђ DISABLE_TIMING_CACHE
в”‚в”‚в””в”Ђ value: 5
в”‚в”њв”Ђ DISTRIBUTIVE_INDEPENDENCE
в”‚в”‚в””в”Ђ value: 28
в”‚в”њв”Ђ EDITABLE_TIMING_CACHE
в”‚в”‚в””в”Ђ value: 27
в”‚в”њв”Ђ ERROR_ON_TIMING_CACHE_MISS
в”‚в”‚в””в”Ђ value: 16
в”‚в”њв”Ђ EXCLUDE_LEAN_RUNTIME
в”‚в”‚в””в”Ђ value: 14
в”‚в”њв”Ђ FP16
в”‚в”‚в””в”Ђ value: 0
в”‚в”њв”Ђ FP4
в”‚в”‚в””в”Ђ value: 26
в”‚в”њв”Ђ FP8
в”‚в”‚в””в”Ђ value: 15
в”‚в”њв”Ђ GPU_FALLBACK
в”‚в”‚в””в”Ђ value: 3
в”‚в”њв”Ђ INT4
в”‚в”‚в””в”Ђ value: 22
в”‚в”њв”Ђ INT8
в”‚в”‚в””в”Ђ value: 1
в”‚в”њв”Ђ MONITOR_MEMORY
в”‚в”‚в””в”Ђ value: 25
в”‚в”њв”Ђ OBEY_PRECISION_CONSTRAINTS
в”‚в”‚в””в”Ђ value: 9
в”‚в”њв”Ђ PREFER_PRECISION_CONSTRAINTS
в”‚в”‚в””в”Ђ value: 10
в”‚в”њв”Ђ REFIT
в”‚в”‚в””в”Ђ value: 4
в”‚в”њв”Ђ REFIT_IDENTICAL
в”‚в”‚в””в”Ђ value: 20
в”‚в”њв”Ђ REFIT_INDIVIDUAL
в”‚в”‚в””в”Ђ value: 23
в”‚в”њв”Ђ REJECT_EMPTY_ALGORITHMS
в”‚в”‚в””в”Ђ value: 12
в”‚в”њв”Ђ SAFETY_SCOPE
в”‚в”‚в””в”Ђ value: 8
в”‚в”њв”Ђ SPARSE_WEIGHTS
в”‚в”‚в””в”Ђ value: 7
в”‚в”њв”Ђ STRICT_NANS
в”‚в”‚в””в”Ђ value: 24
в”‚в”њв”Ђ STRIP_PLAN
в”‚в”‚в””в”Ђ value: 19
в”‚в”њв”Ђ TF32
в”‚в”‚в””в”Ђ value: 6
в”‚в”њв”Ђ VERSION_COMPATIBLE
в”‚в”‚в””в”Ђ value: 13
в”‚в”њв”Ђ WEIGHTLESS
в”‚в”‚в””в”Ђ value: 19
в”‚в”њв”Ђ WEIGHT_STREAMING
в”‚в”‚в””в”Ђ value: 21
в”‚в”њв”Ђ name
в”‚в””в”Ђ value
в”њв”Ђ CalibrationAlgoType
в”‚в”њв”Ђ ENTROPY_CALIBRATION
в”‚в”‚в””в”Ђ value: 1
в”‚в”њв”Ђ ENTROPY_CALIBRATION_2
в”‚в”‚в””в”Ђ value: 2
в”‚в”њв”Ђ LEGACY_CALIBRATION
в”‚в”‚в””в”Ђ value: 0
в”‚в”њв”Ђ MINMAX_CALIBRATION
в”‚в”‚в””в”Ђ value: 3
в”‚в”њв”Ђ name
в”‚в””в”Ђ value
в”њв”Ђ CumulativeOperation
в”‚в”њв”Ђ SUM
в”‚в”‚в””в”Ђ value: 0
в”‚в”њв”Ђ name
в”‚в””в”Ђ value
в”њв”Ђ DataType
в”‚в”њв”Ђ BF16
в”‚в”‚в”њв”Ђ itemsize: 2
в”‚в”‚в””в”Ђ value: 7
в”‚в”њв”Ђ BOOL
в”‚в”‚в”њв”Ђ itemsize: 1
в”‚в”‚в””в”Ђ value: 4
в”‚в”њв”Ђ E8M0
в”‚в”‚в”њв”Ђ itemsize
в”‚в”‚в””в”Ђ value: 11
в”‚в”њв”Ђ FLOAT
в”‚в”‚в”њв”Ђ itemsize: 4
в”‚в”‚в””в”Ђ value: 0
в”‚в”њв”Ђ FP4
в”‚в”‚в”њв”Ђ itemsize: 0.5
в”‚в”‚в””в”Ђ value: 10
в”‚в”њв”Ђ FP8
в”‚в”‚в”њв”Ђ itemsize: 1
в”‚в”‚в””в”Ђ value: 6
в”‚в”њв”Ђ HALF
в”‚в”‚в”њв”Ђ itemsize: 2
в”‚в”‚в””в”Ђ value: 1
в”‚в”њв”Ђ INT32
в”‚в”‚в”њв”Ђ itemsize: 4
в”‚в”‚в””в”Ђ value: 3
в”‚в”њв”Ђ INT4
в”‚в”‚в”њв”Ђ itemsize: 0.5
в”‚в”‚в””в”Ђ value: 9
в”‚в”њв”Ђ INT64
в”‚в”‚в”њв”Ђ itemsize: 8
в”‚в”‚в””в”Ђ value: 8
в”‚в”њв”Ђ INT8
в”‚в”‚в”њв”Ђ itemsize: 1
в”‚в”‚в””в”Ђ value: 2
в”‚в”њв”Ђ UINT8
в”‚в”‚в”њв”Ђ itemsize: 1
в”‚в”‚в””в”Ђ value: 5
в”‚в”њв”Ђ itemsize
в”‚в”њв”Ђ name
в”‚в””в”Ђ value
в”њв”Ђ DeviceType
в”‚в”њв”Ђ DLA
в”‚в”‚в””в”Ђ value: 1
в”‚в”њв”Ђ GPU
в”‚в”‚в””в”Ђ value: 0
в”‚в”њв”Ђ name
в”‚в””в”Ђ value
в”њв”Ђ DimensionOperation
в”‚в”њв”Ђ CEIL_DIV
в”‚в”‚в””в”Ђ value: 8
в”‚в”њв”Ђ EQUAL
в”‚в”‚в””в”Ђ value: 5
в”‚в”њв”Ђ FLOOR_DIV
в”‚в”‚в””в”Ђ value: 7
в”‚в”њв”Ђ LESS
в”‚в”‚в””в”Ђ value: 6
в”‚в”њв”Ђ MAX
в”‚в”‚в””в”Ђ value: 2
в”‚в”њв”Ђ MIN
в”‚в”‚в””в”Ђ value: 3
в”‚в”њв”Ђ PROD
в”‚в”‚в””в”Ђ value: 1
в”‚в”њв”Ђ SUB
в”‚в”‚в””в”Ђ value: 4
в”‚в”њв”Ђ SUM
в”‚в”‚в””в”Ђ value: 0
в”‚в”њв”Ђ name
в”‚в””в”Ђ value
в”њв”Ђ Dims
в”‚в”њв”Ђ MAX_DIMS: 8
в”њв”Ђ Dims2
в”‚в”њв”Ђ MAX_DIMS: 8
в”њв”Ђ Dims3
в”‚в”њв”Ђ MAX_DIMS: 8
в”њв”Ђ Dims4
в”‚в”њв”Ђ MAX_DIMS: 8
в”њв”Ђ DimsExprs
в”њв”Ђ DimsHW
в”‚в”њв”Ђ MAX_DIMS: 8
в”‚в”њв”Ђ h
в”‚в””в”Ђ w
в”њв”Ђ DynamicPluginTensorDesc
в”‚в”њв”Ђ desc
в”‚в”њв”Ђ max
в”‚в”њв”Ђ min
в”‚в””в”Ђ opt
в”њв”Ђ ElementWiseOperation
в”‚в”њв”Ђ AND
в”‚в”‚в””в”Ђ value: 8
в”‚в”њв”Ђ DIV
в”‚в”‚в””в”Ђ value: 5
в”‚в”њв”Ђ EQUAL
в”‚в”‚в””в”Ђ value: 11
в”‚в”њв”Ђ FLOOR_DIV
в”‚в”‚в””в”Ђ value: 7
в”‚в”њв”Ђ GREATER
в”‚в”‚в””в”Ђ value: 12
в”‚в”њв”Ђ LESS
в”‚в”‚в””в”Ђ value: 13
в”‚в”њв”Ђ MAX
в”‚в”‚в””в”Ђ value: 2
в”‚в”њв”Ђ MIN
в”‚в”‚в””в”Ђ value: 3
в”‚в”њв”Ђ OR
в”‚в”‚в””в”Ђ value: 9
в”‚в”њв”Ђ POW
в”‚в”‚в””в”Ђ value: 6
в”‚в”њв”Ђ PROD
в”‚в”‚в””в”Ђ value: 1
в”‚в”њв”Ђ SUB
в”‚в”‚в””в”Ђ value: 4
в”‚в”њв”Ђ SUM
в”‚в”‚в””в”Ђ value: 0
в”‚в”њв”Ђ XOR
в”‚в”‚в””в”Ђ value: 10
в”‚в”њв”Ђ name
в”‚в””в”Ђ value
в”њв”Ђ EngineCapability
в”‚в”њв”Ђ DLA_STANDALONE
в”‚в”‚в””в”Ђ value: 2
в”‚в”њв”Ђ SAFETY
в”‚в”‚в””в”Ђ value: 1
в”‚в”њв”Ђ STANDARD
в”‚в”‚в””в”Ђ value: 0
в”‚в”њв”Ђ name
в”‚в””в”Ђ value
в”њв”Ђ EngineInspector
в”‚в”њв”Ђ error_recorder
в”‚в”њв”Ђ execution_context
в”‚в”њв”Ђ get_engine_information
в”‚в””в”Ђ get_layer_information
в”њв”Ђ EngineStat
в”‚в”њв”Ђ STRIPPED_WEIGHTS_SIZE
в”‚в”‚в””в”Ђ value: 1
в”‚в”њв”Ђ TOTAL_WEIGHTS_SIZE
в”‚в”‚в””в”Ђ value: 0
в”‚в”њв”Ђ name
в”‚в””в”Ђ value
в”њв”Ђ ErrorCode
в”‚в”њв”Ђ INTERNAL_ERROR
в”‚в”‚в”њв”Ђ name
в”‚в”‚в””в”Ђ value: 1
в”‚в”њв”Ђ INVALID_GRAPH
в”‚в”‚в”њв”Ђ name
в”‚в”‚в””в”Ђ value: 5
в”‚в”њв”Ђ INVALID_NODE
в”‚в”‚в”њв”Ђ name
в”‚в”‚в””в”Ђ value: 6
в”‚в”њв”Ђ INVALID_VALUE
в”‚в”‚в”њв”Ђ name
в”‚в”‚в””в”Ђ value: 4
в”‚в”њв”Ђ MEM_ALLOC_FAILED
в”‚в”‚в”њв”Ђ name
в”‚в”‚в””в”Ђ value: 2
в”‚в”њв”Ђ MODEL_DESERIALIZE_FAILED
в”‚в”‚в”њв”Ђ name
в”‚в”‚в””в”Ђ value: 3
в”‚в”њв”Ђ REFIT_FAILED
в”‚в”‚в”њв”Ђ name
в”‚в”‚в””в”Ђ value: 14
в”‚в”њв”Ђ SUCCESS
в”‚в”‚в”њв”Ђ name
в”‚в”‚в””в”Ђ value: 0
в”‚в”њв”Ђ UNSUPPORTED_GRAPH
в”‚в”‚в”њв”Ђ name
в”‚в”‚в””в”Ђ value: 7
в”‚в”њв”Ђ UNSUPPORTED_NODE
в”‚в”‚в”њв”Ђ name
в”‚в”‚в””в”Ђ value: 8
в”‚в”њв”Ђ UNSUPPORTED_NODE_ATTR
в”‚в”‚в”њв”Ђ name
в”‚в”‚в””в”Ђ value: 9
в”‚в”њв”Ђ UNSUPPORTED_NODE_DATATYPE
в”‚в”‚в”њв”Ђ name
в”‚в”‚в””в”Ђ value: 11
в”‚в”њв”Ђ UNSUPPORTED_NODE_DYNAMIC
в”‚в”‚в”њв”Ђ name
в”‚в”‚в””в”Ђ value: 12
в”‚в”њв”Ђ UNSUPPORTED_NODE_INPUT
в”‚в”‚в”њв”Ђ name
в”‚в”‚в””в”Ђ value: 10
в”‚в”њв”Ђ UNSUPPORTED_NODE_SHAPE
в”‚в”‚в”њв”Ђ name
в”‚в”‚в””в”Ђ value: 13
в”‚в”њв”Ђ name
в”‚в””в”Ђ value
в”њв”Ђ ErrorCodeTRT
в”‚в”њв”Ђ FAILED_ALLOCATION
в”‚в”‚в””в”Ђ value: 5
в”‚в”њв”Ђ FAILED_COMPUTATION
в”‚в”‚в””в”Ђ value: 8
в”‚в”њв”Ђ FAILED_EXECUTION
в”‚в”‚в””в”Ђ value: 7
в”‚в”њв”Ђ FAILED_INITIALIZATION
в”‚в”‚в””в”Ђ value: 6
в”‚в”њв”Ђ INTERNAL_ERROR
в”‚в”‚в””в”Ђ value: 2
в”‚в”њв”Ђ INVALID_ARGUMENT
в”‚в”‚в””в”Ђ value: 3
в”‚в”њв”Ђ INVALID_CONFIG
в”‚в”‚в””в”Ђ value: 4
в”‚в”њв”Ђ INVALID_STATE
в”‚в”‚в””в”Ђ value: 9
в”‚в”њв”Ђ SUCCESS
в”‚в”‚в””в”Ђ value: 0
в”‚в”њв”Ђ UNSPECIFIED_ERROR
в”‚в”‚в””в”Ђ value: 1
в”‚в”њв”Ђ UNSUPPORTED_STATE
в”‚в”‚в””в”Ђ value: 10
в”‚в”њв”Ђ name
в”‚в””в”Ђ value
в”њв”Ђ ExecutionContextAllocationStrategy
в”‚в”њв”Ђ ON_PROFILE_CHANGE
в”‚в”‚в””в”Ђ value: 1
в”‚в”њв”Ђ STATIC
в”‚в”‚в””в”Ђ value: 0
в”‚в”њв”Ђ USER_MANAGED
в”‚в”‚в””в”Ђ value: 2
в”‚в”њв”Ђ name
в”‚в””в”Ђ value
в”њв”Ђ FallbackString
в”њв”Ђ FillOperation
в”‚в”њв”Ђ LINSPACE
в”‚в”‚в””в”Ђ value: 0
в”‚в”њв”Ђ RANDOM_NORMAL
в”‚в”‚в””в”Ђ value: 2
в”‚в”њв”Ђ RANDOM_UNIFORM
в”‚в”‚в””в”Ђ value: 1
в”‚в”њв”Ђ name
в”‚в””в”Ђ value
в”њв”Ђ GatherMode
в”‚в”њв”Ђ DEFAULT
в”‚в”‚в””в”Ђ value: 0
в”‚в”њв”Ђ ELEMENT
в”‚в”‚в””в”Ђ value: 1
в”‚в”њв”Ђ ND
в”‚в”‚в””в”Ђ value: 2
в”‚в”њв”Ђ name
в”‚в””в”Ђ value
в”њв”Ђ HardwareCompatibilityLevel
в”‚в”њв”Ђ AMPERE_PLUS
в”‚в”‚в””в”Ђ value: 1
в”‚в”њв”Ђ NONE
в”‚в”‚в””в”Ђ value: 0
в”‚в”њв”Ђ SAME_COMPUTE_CAPABILITY
в”‚в”‚в””в”Ђ value: 2
в”‚в”њв”Ђ name
в”‚в””в”Ђ value
в”њв”Ђ IActivationLayer
в”‚в”њв”Ђ alpha
в”‚в”њв”Ђ beta
в”‚в”њв”Ђ get_input
в”‚в”њв”Ђ get_output
в”‚в”њв”Ђ get_output_type
в”‚в”њв”Ђ metadata
в”‚в”њв”Ђ name
в”‚в”њв”Ђ num_inputs
в”‚в”њв”Ђ num_outputs
в”‚в”њв”Ђ output_type_is_set
в”‚в”њв”Ђ precision
в”‚в”њв”Ђ precision_is_set
в”‚в”њв”Ђ reset_output_type
в”‚в”њв”Ђ reset_precision
в”‚в”њв”Ђ set_input
в”‚в”њв”Ђ set_output_type
в”‚в””в”Ђ type
в”њв”Ђ IAlgorithm
в”‚в”њв”Ђ algorithm_variant
в”‚в”њв”Ђ get_algorithm_io_info
в”‚в”њв”Ђ timing_msec
в”‚в””в”Ђ workspace_size
в”њв”Ђ IAlgorithmContext
в”‚в”њв”Ђ get_shape
в”‚в”њв”Ђ name
в”‚в”њв”Ђ num_inputs
в”‚в””в”Ђ num_outputs
в”њв”Ђ IAlgorithmIOInfo
в”‚в”њв”Ђ components_per_element
в”‚в”њв”Ђ dtype
в”‚в”њв”Ђ strides
в”‚в””в”Ђ vectorized_dim
в”њв”Ђ IAlgorithmSelector
в”‚в”њв”Ђ report_algorithms
в”‚в””в”Ђ select_algorithms
в”њв”Ђ IAlgorithmVariant
в”‚в”њв”Ђ implementation
в”‚в””в”Ђ tactic
в”њв”Ђ IAssertionLayer
в”‚в”њв”Ђ get_input
в”‚в”њв”Ђ get_output
в”‚в”њв”Ђ get_output_type
в”‚в”њв”Ђ message
в”‚в”њв”Ђ metadata
в”‚в”њв”Ђ name
в”‚в”њв”Ђ num_inputs
в”‚в”њв”Ђ num_outputs
в”‚в”њв”Ђ output_type_is_set
в”‚в”њв”Ђ precision
в”‚в”њв”Ђ precision_is_set
в”‚в”њв”Ђ reset_output_type
в”‚в”њв”Ђ reset_precision
в”‚в”њв”Ђ set_input
в”‚в”њв”Ђ set_output_type
в”‚в””в”Ђ type
в”њв”Ђ IAttention
в”‚в”њв”Ђ causal
в”‚в”њв”Ђ decomposable
в”‚в”њв”Ђ get_input
в”‚в”њв”Ђ get_output
в”‚в”њв”Ђ mask
в”‚в”њв”Ђ metadata
в”‚в”њв”Ђ name
в”‚в”њв”Ђ norm_op
в”‚в”њв”Ђ normalization_quantize_scale
в”‚в”њв”Ђ normalization_quantize_to_type
в”‚в”њв”Ђ num_inputs
в”‚в”њв”Ђ num_outputs
в”‚в””в”Ђ set_input
в”њв”Ђ IAttentionBoundaryLayer
в”‚в”њв”Ђ attention
в”‚в”њв”Ђ get_input
в”‚в”њв”Ђ get_output
в”‚в”њв”Ђ get_output_type
в”‚в”њв”Ђ metadata
в”‚в”њв”Ђ name
в”‚в”њв”Ђ num_inputs
в”‚в”њв”Ђ num_outputs
в”‚в”њв”Ђ output_type_is_set
в”‚в”њв”Ђ precision
в”‚в”њв”Ђ precision_is_set
в”‚в”њв”Ђ reset_output_type
в”‚в”њв”Ђ reset_precision
в”‚в”њв”Ђ set_input
в”‚в”њв”Ђ set_output_type
в”‚в””в”Ђ type
в”њв”Ђ IAttentionInputLayer
в”‚в”њв”Ђ attention
в”‚в”њв”Ђ get_input
в”‚в”њв”Ђ get_output
в”‚в”њв”Ђ get_output_type
в”‚в”њв”Ђ metadata
в”‚в”њв”Ђ name
в”‚в”њв”Ђ num_inputs
в”‚в”њв”Ђ num_outputs
в”‚в”њв”Ђ output_type_is_set
в”‚в”њв”Ђ precision
в”‚в”њв”Ђ precision_is_set
в”‚в”њв”Ђ reset_output_type
в”‚в”њв”Ђ reset_precision
в”‚в”њв”Ђ set_input
в”‚в”њв”Ђ set_output_type
в”‚в””в”Ђ type
в”њв”Ђ IAttentionOutputLayer
в”‚в”њв”Ђ attention
в”‚в”њв”Ђ get_input
в”‚в”њв”Ђ get_output
в”‚в”њв”Ђ get_output_type
в”‚в”њв”Ђ metadata
в”‚в”њв”Ђ name
в”‚в”њв”Ђ num_inputs
в”‚в”њв”Ђ num_outputs
в”‚в”њв”Ђ output_type_is_set
в”‚в”њв”Ђ precision
в”‚в”њв”Ђ precision_is_set
в”‚в”њв”Ђ reset_output_type
в”‚в”њв”Ђ reset_precision
в”‚в”њв”Ђ set_input
в”‚в”њв”Ђ set_output_type
в”‚в””в”Ђ type
в”њв”Ђ IBuilderConfig
в”‚в”њв”Ђ DLA_core
в”‚в”њв”Ђ add_optimization_profile
в”‚в”њв”Ђ algorithm_selector
в”‚в”њв”Ђ avg_timing_iterations
в”‚в”њв”Ђ builder_optimization_level
в”‚в”њв”Ђ can_run_on_DLA
в”‚в”њв”Ђ clear_flag
в”‚в”њв”Ђ clear_quantization_flag
в”‚в”њв”Ђ create_timing_cache
в”‚в”њв”Ђ default_device_type
в”‚в”њв”Ђ engine_capability
в”‚в”њв”Ђ flags
в”‚в”њв”Ђ get_calibration_profile
в”‚в”њв”Ђ get_device_type
в”‚в”њв”Ђ get_flag
в”‚в”њв”Ђ get_memory_pool_limit
в”‚в”њв”Ђ get_preview_feature
в”‚в”њв”Ђ get_quantization_flag
в”‚в”њв”Ђ get_tactic_sources
в”‚в”њв”Ђ get_timing_cache
в”‚в”њв”Ђ hardware_compatibility_level
в”‚в”њв”Ђ int8_calibrator
в”‚в”њв”Ђ is_device_type_set
в”‚в”њв”Ђ l2_limit_for_tiling
в”‚в”њв”Ђ max_aux_streams
в”‚в”њв”Ђ max_num_tactics
в”‚в”њв”Ђ num_optimization_profiles
в”‚в”њв”Ђ plugins_to_serialize
в”‚в”њв”Ђ profile_stream
в”‚в”њв”Ђ profiling_verbosity
в”‚в”њв”Ђ progress_monitor
в”‚в”њв”Ђ quantization_flags
в”‚в”њв”Ђ remote_auto_tuning_config
в”‚в”њв”Ђ reset
в”‚в”њв”Ђ reset_device_type
в”‚в”њв”Ђ runtime_platform
в”‚в”њв”Ђ set_calibration_profile
в”‚в”њв”Ђ set_device_type
в”‚в”њв”Ђ set_flag
в”‚в”њв”Ђ set_memory_pool_limit
в”‚в”њв”Ђ set_preview_feature
в”‚в”њв”Ђ set_quantization_flag
в”‚в”њв”Ђ set_tactic_sources
в”‚в”њв”Ђ set_timing_cache
в”‚в””в”Ђ tiling_optimization_level
в”њв”Ђ ICastLayer
в”‚в”њв”Ђ get_input
в”‚в”њв”Ђ get_output
в”‚в”њв”Ђ get_output_type
в”‚в”њв”Ђ metadata
в”‚в”њв”Ђ name
в”‚в”њв”Ђ num_inputs
в”‚в”њв”Ђ num_outputs
в”‚в”њв”Ђ output_type_is_set
в”‚в”њв”Ђ precision
в”‚в”њв”Ђ precision_is_set
в”‚в”њв”Ђ reset_output_type
в”‚в”њв”Ђ reset_precision
в”‚в”њв”Ђ set_input
в”‚в”њв”Ђ set_output_type
в”‚в”њв”Ђ to_type
в”‚в””в”Ђ type
в”њв”Ђ IConcatenationLayer
в”‚в”њв”Ђ axis
в”‚в”њв”Ђ get_input
в”‚в”њв”Ђ get_output
в”‚в”њв”Ђ get_output_type
в”‚в”њв”Ђ metadata
в”‚в”њв”Ђ name
в”‚в”њв”Ђ num_inputs
в”‚в”њв”Ђ num_outputs
в”‚в”њв”Ђ output_type_is_set
в”‚в”њв”Ђ precision
в”‚в”њв”Ђ precision_is_set
в”‚в”њв”Ђ reset_output_type
в”‚в”њв”Ђ reset_precision
в”‚в”њв”Ђ set_input
в”‚в”њв”Ђ set_output_type
в”‚в””в”Ђ type
в”њв”Ђ IConditionLayer
в”‚в”њв”Ђ conditional
в”‚в”њв”Ђ get_input
в”‚в”њв”Ђ get_output
в”‚в”њв”Ђ get_output_type
в”‚в”њв”Ђ metadata
в”‚в”њв”Ђ name
в”‚в”њв”Ђ num_inputs
в”‚в”њв”Ђ num_outputs
в”‚в”њв”Ђ output_type_is_set
в”‚в”њв”Ђ precision
в”‚в”њв”Ђ precision_is_set
в”‚в”њв”Ђ reset_output_type
в”‚в”њв”Ђ reset_precision
в”‚в”њв”Ђ set_input
в”‚в”њв”Ђ set_output_type
в”‚в””в”Ђ type
в”њв”Ђ IConstantLayer
в”‚в”њв”Ђ get_input
в”‚в”њв”Ђ get_output
в”‚в”њв”Ђ get_output_type
в”‚в”њв”Ђ metadata
в”‚в”њв”Ђ name
в”‚в”њв”Ђ num_inputs
в”‚в”њв”Ђ num_outputs
в”‚в”њв”Ђ output_type_is_set
в”‚в”њв”Ђ precision
в”‚в”њв”Ђ precision_is_set
в”‚в”њв”Ђ reset_output_type
в”‚в”њв”Ђ reset_precision
в”‚в”њв”Ђ set_input
в”‚в”њв”Ђ set_output_type
в”‚в”њв”Ђ shape
в”‚в”њв”Ђ type
в”‚в””в”Ђ weights
в”њв”Ђ IConvolutionLayer
в”‚в”њв”Ђ bias
в”‚в”њв”Ђ dilation_nd
в”‚в”њв”Ђ get_input
в”‚в”њв”Ђ get_output
в”‚в”њв”Ђ get_output_type
в”‚в”њв”Ђ kernel
в”‚в”њв”Ђ kernel_size_nd
в”‚в”њв”Ђ metadata
в”‚в”њв”Ђ name
в”‚в”њв”Ђ num_groups
в”‚в”њв”Ђ num_inputs
в”‚в”њв”Ђ num_output_maps
в”‚в”њв”Ђ num_outputs
в”‚в”њв”Ђ output_type_is_set
в”‚в”њв”Ђ padding_mode
в”‚в”њв”Ђ padding_nd
в”‚в”њв”Ђ post_padding
в”‚в”њв”Ђ pre_padding
в”‚в”њв”Ђ precision
в”‚в”њв”Ђ precision_is_set
в”‚в”њв”Ђ reset_output_type
в”‚в”њв”Ђ reset_precision
в”‚в”њв”Ђ set_input
в”‚в”њв”Ђ set_output_type
в”‚в”њв”Ђ stride_nd
в”‚в””в”Ђ type
в”њв”Ђ ICudaEngine
в”‚в”њв”Ђ create_engine_inspector
в”‚в”њв”Ђ create_execution_context
в”‚в”њв”Ђ create_execution_context_without_device_memory
в”‚в”њв”Ђ create_runtime_config
в”‚в”њв”Ђ create_serialization_config
в”‚в”њв”Ђ device_memory_size
в”‚в”њв”Ђ device_memory_size_v2
в”‚в”њв”Ђ engine_capability
в”‚в”њв”Ђ error_recorder
в”‚в”њв”Ђ get_aliased_input_tensor
в”‚в”њв”Ђ get_device_memory_size_for_profile
в”‚в”њв”Ђ get_device_memory_size_for_profile_v2
в”‚в”њв”Ђ get_engine_stat
в”‚в”њв”Ђ get_tensor_bytes_per_component
в”‚в”њв”Ђ get_tensor_components_per_element
в”‚в”њв”Ђ get_tensor_dtype
в”‚в”њв”Ђ get_tensor_format
в”‚в”њв”Ђ get_tensor_format_desc
в”‚в”њв”Ђ get_tensor_location
в”‚в”њв”Ђ get_tensor_mode
в”‚в”њв”Ђ get_tensor_name
в”‚в”њв”Ђ get_tensor_profile_shape
в”‚в”њв”Ђ get_tensor_profile_values
в”‚в”њв”Ђ get_tensor_shape
в”‚в”њв”Ђ get_tensor_vectorized_dim
в”‚в”њв”Ђ get_weight_streaming_automatic_budget
в”‚в”њв”Ђ hardware_compatibility_level
в”‚в”њв”Ђ has_implicit_batch_dimension
в”‚в”њв”Ђ is_debug_tensor
в”‚в”њв”Ђ is_shape_inference_io
в”‚в”њв”Ђ minimum_weight_streaming_budget
в”‚в”њв”Ђ name
в”‚в”њв”Ђ num_aux_streams
в”‚в”њв”Ђ num_io_tensors
в”‚в”њв”Ђ num_layers
в”‚в”њв”Ђ num_optimization_profiles
в”‚в”њв”Ђ profiling_verbosity
в”‚в”њв”Ђ refittable
в”‚в”њв”Ђ serialize
в”‚в”њв”Ђ serialize_with_config
в”‚в”њв”Ђ streamable_weights_size
в”‚в”њв”Ђ tactic_sources
в”‚в”њв”Ђ weight_streaming_budget
в”‚в”њв”Ђ weight_streaming_budget_v2
в”‚в””в”Ђ weight_streaming_scratch_memory_size
в”њв”Ђ ICumulativeLayer
в”‚в”њв”Ђ exclusive
в”‚в”њв”Ђ get_input
в”‚в”њв”Ђ get_output
в”‚в”њв”Ђ get_output_type
в”‚в”њв”Ђ metadata
в”‚в”њв”Ђ name
в”‚в”њв”Ђ num_inputs
в”‚в”њв”Ђ num_outputs
в”‚в”њв”Ђ op
в”‚в”њв”Ђ output_type_is_set
в”‚в”њв”Ђ precision
в”‚в”њв”Ђ precision_is_set
в”‚в”њв”Ђ reset_output_type
в”‚в”њв”Ђ reset_precision
в”‚в”њв”Ђ reverse
в”‚в”њв”Ђ set_input
в”‚в”њв”Ђ set_output_type
в”‚в””в”Ђ type
в”њв”Ђ IDebugListener
в”‚в””в”Ђ process_debug_tensor
в”њв”Ђ IDeconvolutionLayer
в”‚в”њв”Ђ bias
в”‚в”њв”Ђ dilation_nd
в”‚в”њв”Ђ get_input
в”‚в”њв”Ђ get_output
в”‚в”њв”Ђ get_output_type
в”‚в”њв”Ђ kernel
в”‚в”њв”Ђ kernel_size_nd
в”‚в”њв”Ђ metadata
в”‚в”њв”Ђ name
в”‚в”њв”Ђ num_groups
в”‚в”њв”Ђ num_inputs
в”‚в”њв”Ђ num_output_maps
в”‚в”њв”Ђ num_outputs
в”‚в”њв”Ђ output_type_is_set
в”‚в”њв”Ђ padding_mode
в”‚в”њв”Ђ padding_nd
в”‚в”њв”Ђ post_padding
в”‚в”њв”Ђ pre_padding
в”‚в”њв”Ђ precision
в”‚в”њв”Ђ precision_is_set
в”‚в”њв”Ђ reset_output_type
в”‚в”њв”Ђ reset_precision
в”‚в”њв”Ђ set_input
в”‚в”њв”Ђ set_output_type
в”‚в”њв”Ђ stride_nd
в”‚в””в”Ђ type
в”њв”Ђ IDequantizeLayer
в”‚в”њв”Ђ axis
в”‚в”њв”Ђ block_shape
в”‚в”њв”Ђ get_input
в”‚в”њв”Ђ get_output
в”‚в”њв”Ђ get_output_type
в”‚в”њв”Ђ metadata
в”‚в”њв”Ђ name
в”‚в”њв”Ђ num_inputs
в”‚в”њв”Ђ num_outputs
в”‚в”њв”Ђ output_type_is_set
в”‚в”њв”Ђ precision
в”‚в”њв”Ђ precision_is_set
в”‚в”њв”Ђ reset_output_type
в”‚в”њв”Ђ reset_precision
в”‚в”њв”Ђ set_input
в”‚в”њв”Ђ set_output_type
в”‚в”њв”Ђ to_type
в”‚в””в”Ђ type
в”њв”Ђ IDimensionExpr
в”‚в”њв”Ђ get_constant_value
в”‚в”њв”Ђ is_constant
в”‚в””в”Ђ is_size_tensor
в”њв”Ђ IDynamicQuantizeLayer
в”‚в”њв”Ђ axis
в”‚в”њв”Ђ block_shape
в”‚в”њв”Ђ block_size
в”‚в”њв”Ђ get_input
в”‚в”њв”Ђ get_output
в”‚в”њв”Ђ get_output_type
в”‚в”њв”Ђ metadata
в”‚в”њв”Ђ name
в”‚в”њв”Ђ num_inputs
в”‚в”њв”Ђ num_outputs
в”‚в”њв”Ђ output_type_is_set
в”‚в”њв”Ђ precision
в”‚в”њв”Ђ precision_is_set
в”‚в”њв”Ђ reset_output_type
в”‚в”њв”Ђ reset_precision
в”‚в”њв”Ђ scale_type
в”‚в”њв”Ђ set_input
в”‚в”њв”Ђ set_output_type
в”‚в”њв”Ђ to_type
в”‚в””в”Ђ type
в”њв”Ђ IEinsumLayer
в”‚в”њв”Ђ equation
в”‚в”њв”Ђ get_input
в”‚в”њв”Ђ get_output
в”‚в”њв”Ђ get_output_type
в”‚в”њв”Ђ metadata
в”‚в”њв”Ђ name
в”‚в”њв”Ђ num_inputs
в”‚в”њв”Ђ num_outputs
в”‚в”њв”Ђ output_type_is_set
в”‚в”њв”Ђ precision
в”‚в”њв”Ђ precision_is_set
в”‚в”њв”Ђ reset_output_type
в”‚в”њв”Ђ reset_precision
в”‚в”њв”Ђ set_input
в”‚в”њв”Ђ set_output_type
в”‚в””в”Ђ type
в”њв”Ђ IElementWiseLayer
в”‚в”њв”Ђ get_input
в”‚в”њв”Ђ get_output
в”‚в”њв”Ђ get_output_type
в”‚в”њв”Ђ metadata
в”‚в”њв”Ђ name
в”‚в”њв”Ђ num_inputs
в”‚в”њв”Ђ num_outputs
в”‚в”њв”Ђ op
в”‚в”њв”Ђ output_type_is_set
в”‚в”њв”Ђ precision
в”‚в”њв”Ђ precision_is_set
в”‚в”њв”Ђ reset_output_type
в”‚в”њв”Ђ reset_precision
в”‚в”њв”Ђ set_input
в”‚в”њв”Ђ set_output_type
в”‚в””в”Ђ type
в”њв”Ђ IErrorRecorder
в”‚в”њв”Ђ MAX_DESC_LENGTH
в”‚в”њв”Ђ clear
в”‚в”њв”Ђ get_error_code
в”‚в”њв”Ђ get_error_desc
в”‚в”њв”Ђ has_overflowed
в”‚в”њв”Ђ num_errors
в”‚в””в”Ђ report_error
в”њв”Ђ IExecutionContext
в”‚в”њв”Ђ active_optimization_profile
в”‚в”њв”Ђ all_binding_shapes_specified
в”‚в”њв”Ђ all_shape_inputs_specified
в”‚в”њв”Ђ debug_sync
в”‚в”њв”Ђ device_memory
в”‚в”њв”Ђ engine
в”‚в”њв”Ђ enqueue_emits_profile
в”‚в”њв”Ђ error_recorder
в”‚в”њв”Ђ execute_async_v3
в”‚в”њв”Ђ execute_v2
в”‚в”њв”Ђ get_debug_listener
в”‚в”њв”Ђ get_debug_state
в”‚в”њв”Ђ get_input_consumed_event
в”‚в”њв”Ђ get_max_output_size
в”‚в”њв”Ђ get_output_allocator
в”‚в”њв”Ђ get_runtime_config
в”‚в”њв”Ђ get_tensor_address
в”‚в”њв”Ђ get_tensor_shape
в”‚в”њв”Ђ get_tensor_strides
в”‚в”њв”Ђ infer_shapes
в”‚в”њв”Ђ name
в”‚в”њв”Ђ nvtx_verbosity
в”‚в”њв”Ђ persistent_cache_limit
в”‚в”њв”Ђ profiler
в”‚в”њв”Ђ report_to_profiler
в”‚в”њв”Ђ set_all_tensors_debug_state
в”‚в”њв”Ђ set_aux_streams
в”‚в”њв”Ђ set_debug_listener
в”‚в”њв”Ђ set_device_memory
в”‚в”њв”Ђ set_input_consumed_event
в”‚в”њв”Ђ set_input_shape
в”‚в”њв”Ђ set_optimization_profile_async
в”‚в”њв”Ђ set_output_allocator
в”‚в”њв”Ђ set_tensor_address
в”‚в”њв”Ђ set_tensor_debug_state
в”‚в”њв”Ђ temporary_allocator
в”‚в”њв”Ђ unfused_tensors_debug_state
в”‚в””в”Ђ update_device_memory_size_for_shapes
в”њв”Ђ IExprBuilder
в”‚в”њв”Ђ constant
в”‚в”њв”Ђ declare_size_tensor
в”‚в””в”Ђ operation
в”њв”Ђ IFillLayer
в”‚в”њв”Ђ alpha
в”‚в”њв”Ђ beta
в”‚в”њв”Ђ get_input
в”‚в”њв”Ђ get_output
в”‚в”њв”Ђ get_output_type
в”‚в”њв”Ђ is_alpha_beta_int64
в”‚в”њв”Ђ metadata
в”‚в”њв”Ђ name
в”‚в”њв”Ђ num_inputs
в”‚в”њв”Ђ num_outputs
в”‚в”њв”Ђ operation
в”‚в”њв”Ђ output_type_is_set
в”‚в”њв”Ђ precision
в”‚в”њв”Ђ precision_is_set
в”‚в”њв”Ђ reset_output_type
в”‚в”њв”Ђ reset_precision
в”‚в”њв”Ђ set_input
в”‚в”њв”Ђ set_output_type
в”‚в”њв”Ђ shape
в”‚в”њв”Ђ to_type
в”‚в””в”Ђ type
в”њв”Ђ IGatherLayer
в”‚в”њв”Ђ axis
в”‚в”њв”Ђ get_input
в”‚в”њв”Ђ get_output
в”‚в”њв”Ђ get_output_type
в”‚в”њв”Ђ metadata
в”‚в”њв”Ђ mode
в”‚в”њв”Ђ name
в”‚в”њв”Ђ num_elementwise_dims
в”‚в”њв”Ђ num_inputs
в”‚в”њв”Ђ num_outputs
в”‚в”њв”Ђ output_type_is_set
в”‚в”њв”Ђ precision
в”‚в”њв”Ђ precision_is_set
в”‚в”њв”Ђ reset_output_type
в”‚в”њв”Ђ reset_precision
в”‚в”њв”Ђ set_input
в”‚в”њв”Ђ set_output_type
в”‚в””в”Ђ type
в”њв”Ђ IGpuAllocator
в”‚в”њв”Ђ allocate
в”‚в”њв”Ђ allocate_async
в”‚в”њв”Ђ api_language
в”‚в”њв”Ђ deallocate
в”‚в”њв”Ђ deallocate_async
в”‚в”њв”Ђ interface_info
в”‚в””в”Ђ reallocate
в”њв”Ђ IGpuAsyncAllocator
в”‚в”њв”Ђ allocate
в”‚в”њв”Ђ allocate_async
в”‚в”њв”Ђ api_language
в”‚в”њв”Ђ deallocate
в”‚в”њв”Ђ deallocate_async
в”‚в”њв”Ђ interface_info
в”‚в””в”Ђ reallocate
в”њв”Ђ IGridSampleLayer
в”‚в”њв”Ђ align_corners
в”‚в”њв”Ђ get_input
в”‚в”њв”Ђ get_output
в”‚в”њв”Ђ get_output_type
в”‚в”њв”Ђ interpolation_mode
в”‚в”њв”Ђ metadata
в”‚в”њв”Ђ name
в”‚в”њв”Ђ num_inputs
в”‚в”њв”Ђ num_outputs
в”‚в”њв”Ђ output_type_is_set
в”‚в”њв”Ђ precision
в”‚в”њв”Ђ precision_is_set
в”‚в”њв”Ђ reset_output_type
в”‚в”њв”Ђ reset_precision
в”‚в”њв”Ђ sample_mode
в”‚в”њв”Ђ set_input
в”‚в”њв”Ђ set_output_type
в”‚в””в”Ђ type
в”њв”Ђ IHostMemory
в”‚в”њв”Ђ dtype
в”‚в””в”Ђ nbytes
в”њв”Ђ IIdentityLayer
в”‚в”њв”Ђ get_input
в”‚в”њв”Ђ get_output
в”‚в”њв”Ђ get_output_type
в”‚в”њв”Ђ metadata
в”‚в”њв”Ђ name
в”‚в”њв”Ђ num_inputs
в”‚в”њв”Ђ num_outputs
в”‚в”њв”Ђ output_type_is_set
в”‚в”њв”Ђ precision
в”‚в”њв”Ђ precision_is_set
в”‚в”њв”Ђ reset_output_type
в”‚в”њв”Ђ reset_precision
в”‚в”њв”Ђ set_input
в”‚в”њв”Ђ set_output_type
в”‚в””в”Ђ type
в”њв”Ђ IIfConditional
в”‚в”њв”Ђ add_input
в”‚в”њв”Ђ add_output
в”‚в”њв”Ђ name
в”‚в””в”Ђ set_condition
в”њв”Ђ IIfConditionalBoundaryLayer
в”‚в”њв”Ђ conditional
в”‚в”њв”Ђ get_input
в”‚в”њв”Ђ get_output
в”‚в”њв”Ђ get_output_type
в”‚в”њв”Ђ metadata
в”‚в”њв”Ђ name
в”‚в”њв”Ђ num_inputs
в”‚в”њв”Ђ num_outputs
в”‚в”њв”Ђ output_type_is_set
в”‚в”њв”Ђ precision
в”‚в”њв”Ђ precision_is_set
в”‚в”њв”Ђ reset_output_type
в”‚в”њв”Ђ reset_precision
в”‚в”њв”Ђ set_input
в”‚в”њв”Ђ set_output_type
в”‚в””в”Ђ type
в”њв”Ђ IIfConditionalInputLayer
в”‚в”њв”Ђ conditional
в”‚в”њв”Ђ get_input
в”‚в”њв”Ђ get_output
в”‚в”њв”Ђ get_output_type
в”‚в”њв”Ђ metadata
в”‚в”њв”Ђ name
в”‚в”њв”Ђ num_inputs
в”‚в”њв”Ђ num_outputs
в”‚в”њв”Ђ output_type_is_set
в”‚в”њв”Ђ precision
в”‚в”њв”Ђ precision_is_set
в”‚в”њв”Ђ reset_output_type
в”‚в”њв”Ђ reset_precision
в”‚в”њв”Ђ set_input
в”‚в”њв”Ђ set_output_type
в”‚в””в”Ђ type
в”њв”Ђ IIfConditionalOutputLayer
в”‚в”њв”Ђ conditional
в”‚в”њв”Ђ get_input
в”‚в”њв”Ђ get_output
в”‚в”њв”Ђ get_output_type
в”‚в”њв”Ђ metadata
в”‚в”њв”Ђ name
в”‚в”њв”Ђ num_inputs
в”‚в”њв”Ђ num_outputs
в”‚в”њв”Ђ output_type_is_set
в”‚в”њв”Ђ precision
в”‚в”њв”Ђ precision_is_set
в”‚в”њв”Ђ reset_output_type
в”‚в”њв”Ђ reset_precision
в”‚в”њв”Ђ set_input
в”‚в”њв”Ђ set_output_type
в”‚в””в”Ђ type
в”њв”Ђ IInt8Calibrator
в”‚в”њв”Ђ get_algorithm
в”‚в”њв”Ђ get_batch
в”‚в”њв”Ђ get_batch_size
в”‚в”њв”Ђ read_calibration_cache
в”‚в””в”Ђ write_calibration_cache
в”њв”Ђ IInt8EntropyCalibrator
в”‚в”њв”Ђ get_algorithm
в”‚в”њв”Ђ get_batch
в”‚в”њв”Ђ get_batch_size
в”‚в”њв”Ђ read_calibration_cache
в”‚в””в”Ђ write_calibration_cache
в”њв”Ђ IInt8EntropyCalibrator2
в”‚в”њв”Ђ get_algorithm
в”‚в”њв”Ђ get_batch
в”‚в”њв”Ђ get_batch_size
в”‚в”њв”Ђ read_calibration_cache
в”‚в””в”Ђ write_calibration_cache
в”њв”Ђ IInt8LegacyCalibrator
в”‚в”њв”Ђ get_algorithm
в”‚в”њв”Ђ get_batch
в”‚в”њв”Ђ get_batch_size
в”‚в”њв”Ђ read_calibration_cache
в”‚в””в”Ђ write_calibration_cache
в”њв”Ђ IInt8MinMaxCalibrator
в”‚в”њв”Ђ get_algorithm
в”‚в”њв”Ђ get_batch
в”‚в”њв”Ђ get_batch_size
в”‚в”њв”Ђ read_calibration_cache
в”‚в””в”Ђ write_calibration_cache
в”њв”Ђ IIteratorLayer
в”‚в”њв”Ђ axis
в”‚в”њв”Ђ get_input
в”‚в”њв”Ђ get_output
в”‚в”њв”Ђ get_output_type
в”‚в”њв”Ђ loop
в”‚в”њв”Ђ metadata
в”‚в”њв”Ђ name
в”‚в”њв”Ђ num_inputs
в”‚в”њв”Ђ num_outputs
в”‚в”њв”Ђ output_type_is_set
в”‚в”њв”Ђ precision
в”‚в”њв”Ђ precision_is_set
в”‚в”њв”Ђ reset_output_type
в”‚в”њв”Ђ reset_precision
в”‚в”њв”Ђ reverse
в”‚в”њв”Ђ set_input
в”‚в”њв”Ђ set_output_type
в”‚в””в”Ђ type
в”њв”Ђ IKVCacheUpdateLayer
в”‚в”њв”Ђ cache_mode
в”‚в”њв”Ђ get_input
в”‚в”њв”Ђ get_output
в”‚в”њв”Ђ get_output_type
в”‚в”њв”Ђ metadata
в”‚в”њв”Ђ name
в”‚в”њв”Ђ num_inputs
в”‚в”њв”Ђ num_outputs
в”‚в”њв”Ђ output_type_is_set
в”‚в”њв”Ђ precision
в”‚в”њв”Ђ precision_is_set
в”‚в”њв”Ђ reset_output_type
в”‚в”њв”Ђ reset_precision
в”‚в”њв”Ђ set_input
в”‚в”њв”Ђ set_output_type
в”‚в””в”Ђ type
в”њв”Ђ ILRNLayer
в”‚в”њв”Ђ alpha
в”‚в”њв”Ђ beta
в”‚в”њв”Ђ get_input
в”‚в”њв”Ђ get_output
в”‚в”њв”Ђ get_output_type
в”‚в”њв”Ђ k
в”‚в”њв”Ђ metadata
в”‚в”њв”Ђ name
в”‚в”њв”Ђ num_inputs
в”‚в”њв”Ђ num_outputs
в”‚в”њв”Ђ output_type_is_set
в”‚в”њв”Ђ precision
в”‚в”њв”Ђ precision_is_set
в”‚в”њв”Ђ reset_output_type
в”‚в”њв”Ђ reset_precision
в”‚в”њв”Ђ set_input
в”‚в”њв”Ђ set_output_type
в”‚в”њв”Ђ type
в”‚в””в”Ђ window_size
в”њв”Ђ ILayer
в”‚в”њв”Ђ get_input
в”‚в”њв”Ђ get_output
в”‚в”њв”Ђ get_output_type
в”‚в”њв”Ђ metadata
в”‚в”њв”Ђ name
в”‚в”њв”Ђ num_inputs
в”‚в”њв”Ђ num_outputs
в”‚в”њв”Ђ output_type_is_set
в”‚в”њв”Ђ precision
в”‚в”њв”Ђ precision_is_set
в”‚в”њв”Ђ reset_output_type
в”‚в”њв”Ђ reset_precision
в”‚в”њв”Ђ set_input
в”‚в”њв”Ђ set_output_type
в”‚в””в”Ђ type
в”њв”Ђ ILogger
в”‚в”њв”Ђ ERROR
в”‚в”‚в””в”Ђ value: 1
в”‚в”њв”Ђ INFO
в”‚в”‚в””в”Ђ value: 3
в”‚в”њв”Ђ INTERNAL_ERROR
в”‚в”‚в””в”Ђ value: 0
в”‚в”њв”Ђ VERBOSE
в”‚в”‚в””в”Ђ value: 4
в”‚в”њв”Ђ WARNING
в”‚в”‚в””в”Ђ value: 2
в”‚в””в”Ђ log
в”њв”Ђ ILoop
в”‚в”њв”Ђ add_iterator
в”‚в”њв”Ђ add_loop_output
в”‚в”њв”Ђ add_recurrence
в”‚в”њв”Ђ add_trip_limit
в”‚в””в”Ђ name
в”њв”Ђ ILoopBoundaryLayer
в”‚в”њв”Ђ get_input
в”‚в”њв”Ђ get_output
в”‚в”њв”Ђ get_output_type
в”‚в”њв”Ђ loop
в”‚в”њв”Ђ metadata
в”‚в”њв”Ђ name
в”‚в”њв”Ђ num_inputs
в”‚в”њв”Ђ num_outputs
в”‚в”њв”Ђ output_type_is_set
в”‚в”њв”Ђ precision
в”‚в”њв”Ђ precision_is_set
в”‚в”њв”Ђ reset_output_type
в”‚в”њв”Ђ reset_precision
в”‚в”њв”Ђ set_input
в”‚в”њв”Ђ set_output_type
в”‚в””в”Ђ type
в”њв”Ђ ILoopOutputLayer
в”‚в”њв”Ђ axis
в”‚в”њв”Ђ get_input
в”‚в”њв”Ђ get_output
в”‚в”њв”Ђ get_output_type
в”‚в”њв”Ђ kind
в”‚в”њв”Ђ loop
в”‚в”њв”Ђ metadata
в”‚в”њв”Ђ name
в”‚в”њв”Ђ num_inputs
в”‚в”њв”Ђ num_outputs
в”‚в”њв”Ђ output_type_is_set
в”‚в”њв”Ђ precision
в”‚в”њв”Ђ precision_is_set
в”‚в”њв”Ђ reset_output_type
в”‚в”њв”Ђ reset_precision
в”‚в”њв”Ђ set_input
в”‚в”њв”Ђ set_output_type
в”‚в””в”Ђ type
в”њв”Ђ IMatrixMultiplyLayer
в”‚в”њв”Ђ get_input
в”‚в”њв”Ђ get_output
в”‚в”њв”Ђ get_output_type
в”‚в”њв”Ђ metadata
в”‚в”њв”Ђ name
в”‚в”њв”Ђ num_inputs
в”‚в”њв”Ђ num_outputs
в”‚в”њв”Ђ op0
в”‚в”њв”Ђ op1
в”‚в”њв”Ђ output_type_is_set
в”‚в”њв”Ђ precision
в”‚в”њв”Ђ precision_is_set
в”‚в”њв”Ђ reset_output_type
в”‚в”њв”Ђ reset_precision
в”‚в”њв”Ђ set_input
в”‚в”њв”Ђ set_output_type
в”‚в””в”Ђ type
в”њв”Ђ IMoELayer
в”‚в”њв”Ђ activation_type
в”‚в”њв”Ђ dyn_q_output_scale_type
в”‚в”њв”Ђ get_input
в”‚в”њв”Ђ get_output
в”‚в”њв”Ђ get_output_type
в”‚в”њв”Ђ metadata
в”‚в”њв”Ђ name
в”‚в”њв”Ђ num_inputs
в”‚в”њв”Ђ num_outputs
в”‚в”њв”Ђ output_type_is_set
в”‚в”њв”Ђ precision
в”‚в”њв”Ђ precision_is_set
в”‚в”њв”Ђ quantization_block_shape
в”‚в”њв”Ђ quantization_to_type
в”‚в”њв”Ђ reset_output_type
в”‚в”њв”Ђ reset_precision
в”‚в”њв”Ђ set_gated_biases
в”‚в”њв”Ђ set_gated_weights
в”‚в”њв”Ђ set_input
в”‚в”њв”Ђ set_output_type
в”‚в”њв”Ђ set_quantization_dynamic_dbl_q
в”‚в”њв”Ђ set_quantization_static
в”‚в”њв”Ђ set_swiglu_params
в”‚в”њв”Ђ swiglu_param_alpha
в”‚в”њв”Ђ swiglu_param_beta
в”‚в”њв”Ђ swiglu_param_limit
в”‚в””в”Ђ type
в”њв”Ђ INMSLayer
в”‚в”њв”Ђ bounding_box_format
в”‚в”њв”Ђ get_input
в”‚в”њв”Ђ get_output
в”‚в”њв”Ђ get_output_type
в”‚в”њв”Ђ indices_type
в”‚в”њв”Ђ metadata
в”‚в”њв”Ђ name
в”‚в”њв”Ђ num_inputs
в”‚в”њв”Ђ num_outputs
в”‚в”њв”Ђ output_type_is_set
в”‚в”њв”Ђ precision
в”‚в”њв”Ђ precision_is_set
в”‚в”њв”Ђ reset_output_type
в”‚в”њв”Ђ reset_precision
в”‚в”њв”Ђ set_input
в”‚в”њв”Ђ set_output_type
в”‚в”њв”Ђ topk_box_limit
в”‚в””в”Ђ type
в”њв”Ђ INetworkDefinition
в”‚в”њв”Ђ add_activation
в”‚в”њв”Ђ add_assertion
в”‚в”њв”Ђ add_attention
в”‚в”њв”Ђ add_cast
в”‚в”њв”Ђ add_concatenation
в”‚в”њв”Ђ add_constant
в”‚в”њв”Ђ add_convolution_nd
в”‚в”њв”Ђ add_cumulative
в”‚в”њв”Ђ add_deconvolution_nd
в”‚в”њв”Ђ add_dequantize
в”‚в”њв”Ђ add_dynamic_quantize
в”‚в”њв”Ђ add_dynamic_quantize_v2
в”‚в”њв”Ђ add_einsum
в”‚в”њв”Ђ add_elementwise
в”‚в”њв”Ђ add_fill
в”‚в”њв”Ђ add_gather
в”‚в”њв”Ђ add_gather_v2
в”‚в”њв”Ђ add_grid_sample
в”‚в”њв”Ђ add_identity
в”‚в”њв”Ђ add_if_conditional
в”‚в”њв”Ђ add_input
в”‚в”њв”Ђ add_kv_cache_update
в”‚в”њв”Ђ add_loop
в”‚в”њв”Ђ add_lrn
в”‚в”њв”Ђ add_matrix_multiply
в”‚в”њв”Ђ add_moe
в”‚в”њв”Ђ add_nms
в”‚в”њв”Ђ add_non_zero
в”‚в”њв”Ђ add_normalization
в”‚в”њв”Ђ add_normalization_v2
в”‚в”њв”Ђ add_one_hot
в”‚в”њв”Ђ add_padding_nd
в”‚в”њв”Ђ add_parametric_relu
в”‚в”њв”Ђ add_plugin
в”‚в”њв”Ђ add_plugin_v2
в”‚в”њв”Ђ add_plugin_v3
в”‚в”њв”Ђ add_pooling_nd
в”‚в”њв”Ђ add_quantize
в”‚в”њв”Ђ add_ragged_softmax
в”‚в”њв”Ђ add_reduce
в”‚в”њв”Ђ add_resize
в”‚в”њв”Ђ add_reverse_sequence
в”‚в”њв”Ђ add_rotary_embedding
в”‚в”њв”Ђ add_scale
в”‚в”њв”Ђ add_scale_nd
в”‚в”њв”Ђ add_scatter
в”‚в”њв”Ђ add_select
в”‚в”њв”Ђ add_shape
в”‚в”њв”Ђ add_shuffle
в”‚в”њв”Ђ add_slice
в”‚в”њв”Ђ add_softmax
в”‚в”њв”Ђ add_squeeze
в”‚в”њв”Ђ add_topk
в”‚в”њв”Ђ add_unary
в”‚в”њв”Ђ add_unsqueeze
в”‚в”њв”Ђ are_weights_marked_refittable
в”‚в”њв”Ђ builder
в”‚в”њв”Ђ error_recorder
в”‚в”њв”Ђ flags
в”‚в”њв”Ђ get_flag
в”‚в”њв”Ђ get_input
в”‚в”њв”Ђ get_layer
в”‚в”њв”Ђ get_output
в”‚в”њв”Ђ has_implicit_batch_dimension
в”‚в”њв”Ђ is_debug_tensor
в”‚в”њв”Ђ mark_debug
в”‚в”њв”Ђ mark_output
в”‚в”њв”Ђ mark_output_for_shapes
в”‚в”њв”Ђ mark_unfused_tensors_as_debug_tensors
в”‚в”њв”Ђ mark_weights_refittable
в”‚в”њв”Ђ name
в”‚в”њв”Ђ num_inputs
в”‚в”њв”Ђ num_layers
в”‚в”њв”Ђ num_outputs
в”‚в”њв”Ђ remove_tensor
в”‚в”њв”Ђ set_weights_name
в”‚в”њв”Ђ unmark_debug
в”‚в”њв”Ђ unmark_output
в”‚в”њв”Ђ unmark_output_for_shapes
в”‚в”њв”Ђ unmark_unfused_tensors_as_debug_tensors
в”‚в””в”Ђ unmark_weights_refittable
в”њв”Ђ INonZeroLayer
в”‚в”њв”Ђ get_input
в”‚в”њв”Ђ get_output
в”‚в”њв”Ђ get_output_type
в”‚в”њв”Ђ indices_type
в”‚в”њв”Ђ metadata
в”‚в”њв”Ђ name
в”‚в”њв”Ђ num_inputs
в”‚в”њв”Ђ num_outputs
в”‚в”њв”Ђ output_type_is_set
в”‚в”њв”Ђ precision
в”‚в”њв”Ђ precision_is_set
в”‚в”њв”Ђ reset_output_type
в”‚в”њв”Ђ reset_precision
в”‚в”њв”Ђ set_input
в”‚в”њв”Ђ set_output_type
в”‚в””в”Ђ type
в”њв”Ђ INormalizationLayer
в”‚в”њв”Ђ axes
в”‚в”њв”Ђ compute_precision
в”‚в”њв”Ђ epsilon
в”‚в”њв”Ђ get_input
в”‚в”њв”Ђ get_output
в”‚в”њв”Ђ get_output_type
в”‚в”њв”Ђ is_v2
в”‚в”њв”Ђ metadata
в”‚в”њв”Ђ name
в”‚в”њв”Ђ num_groups
в”‚в”њв”Ђ num_inputs
в”‚в”њв”Ђ num_outputs
в”‚в”њв”Ђ output_type_is_set
в”‚в”њв”Ђ precision
в”‚в”њв”Ђ precision_is_set
в”‚в”њв”Ђ reset_output_type
в”‚в”њв”Ђ reset_precision
в”‚в”њв”Ђ set_input
в”‚в”њв”Ђ set_output_type
в”‚в””в”Ђ type
в”њв”Ђ IOneHotLayer
в”‚в”њв”Ђ axis
в”‚в”њв”Ђ get_input
в”‚в”њв”Ђ get_output
в”‚в”њв”Ђ get_output_type
в”‚в”њв”Ђ metadata
в”‚в”њв”Ђ name
в”‚в”њв”Ђ num_inputs
в”‚в”њв”Ђ num_outputs
в”‚в”њв”Ђ output_type_is_set
в”‚в”њв”Ђ precision
в”‚в”њв”Ђ precision_is_set
в”‚в”њв”Ђ reset_output_type
в”‚в”њв”Ђ reset_precision
в”‚в”њв”Ђ set_input
в”‚в”њв”Ђ set_output_type
в”‚в””в”Ђ type
в”њв”Ђ IOptimizationProfile
в”‚в”њв”Ђ extra_memory_target
в”‚в”њв”Ђ get_shape
в”‚в”њв”Ђ get_shape_input
в”‚в”њв”Ђ set_shape
в”‚в””в”Ђ set_shape_input
в”њв”Ђ IOutputAllocator
в”њв”Ђ IPaddingLayer
в”‚в”њв”Ђ get_input
в”‚в”њв”Ђ get_output
в”‚в”њв”Ђ get_output_type
в”‚в”њв”Ђ metadata
в”‚в”њв”Ђ name
в”‚в”њв”Ђ num_inputs
в”‚в”њв”Ђ num_outputs
в”‚в”њв”Ђ output_type_is_set
в”‚в”њв”Ђ post_padding_nd
в”‚в”њв”Ђ pre_padding_nd
в”‚в”њв”Ђ precision
в”‚в”њв”Ђ precision_is_set
в”‚в”њв”Ђ reset_output_type
в”‚в”њв”Ђ reset_precision
в”‚в”њв”Ђ set_input
в”‚в”њв”Ђ set_output_type
в”‚в””в”Ђ type
в”њв”Ђ IParametricReLULayer
в”‚в”њв”Ђ get_input
в”‚в”њв”Ђ get_output
в”‚в”њв”Ђ get_output_type
в”‚в”њв”Ђ metadata
в”‚в”њв”Ђ name
в”‚в”њв”Ђ num_inputs
в”‚в”њв”Ђ num_outputs
в”‚в”њв”Ђ output_type_is_set
в”‚в”њв”Ђ precision
в”‚в”њв”Ђ precision_is_set
в”‚в”њв”Ђ reset_output_type
в”‚в”њв”Ђ reset_precision
в”‚в”њв”Ђ set_input
в”‚в”њв”Ђ set_output_type
в”‚в””в”Ђ type
в”њв”Ђ IPluginCapability
в”‚в”њв”Ђ api_language
в”‚в””в”Ђ interface_info
в”њв”Ђ IPluginCreator
в”‚в”њв”Ђ api_language
в”‚в”њв”Ђ create_plugin
в”‚в”њв”Ђ deserialize_plugin
в”‚в”њв”Ђ field_names
в”‚в”њв”Ђ interface_info
в”‚в”њв”Ђ name
в”‚в”њв”Ђ plugin_namespace
в”‚в””в”Ђ plugin_version
в”њв”Ђ IPluginCreatorInterface
в”‚в”њв”Ђ api_language
в”‚в””в”Ђ interface_info
в”њв”Ђ IPluginCreatorV3One
в”‚в”њв”Ђ api_language
в”‚в”њв”Ђ create_plugin
в”‚в”њв”Ђ field_names
в”‚в”њв”Ђ interface_info
в”‚в”њв”Ђ name
в”‚в”њв”Ђ plugin_namespace
в”‚в””в”Ђ plugin_version
в”њв”Ђ IPluginCreatorV3Quick
в”‚в”њв”Ђ api_language
в”‚в”њв”Ђ create_plugin
в”‚в”њв”Ђ field_names
в”‚в”њв”Ђ interface_info
в”‚в”њв”Ђ name
в”‚в”њв”Ђ plugin_namespace
в”‚в””в”Ђ plugin_version
в”њв”Ђ IPluginRegistry
в”‚в”њв”Ђ acquire_plugin_resource
в”‚в”њв”Ђ all_creators
в”‚в”њв”Ђ all_creators_recursive
в”‚в”њв”Ђ deregister_creator
в”‚в”њв”Ђ deregister_library
в”‚в”њв”Ђ error_recorder
в”‚в”њв”Ђ get_creator
в”‚в”њв”Ђ get_plugin_creator
в”‚в”њв”Ђ load_library
в”‚в”њв”Ђ parent_search_enabled
в”‚в”њв”Ђ plugin_creator_list
в”‚в”њв”Ђ register_creator
в”‚в””в”Ђ release_plugin_resource
в”њв”Ђ IPluginResource
в”‚в”њв”Ђ api_language
в”‚в”њв”Ђ clone
в”‚в”њв”Ђ interface_info
в”‚в””в”Ђ release
в”њв”Ђ IPluginResourceContext
в”‚в”њв”Ђ error_recorder
в”‚в””в”Ђ gpu_allocator
в”њв”Ђ IPluginV2
в”‚в”њв”Ђ clone
в”‚в”њв”Ђ configure_with_format
в”‚в”њв”Ђ destroy
в”‚в”њв”Ђ execute_async
в”‚в”њв”Ђ get_output_shape
в”‚в”њв”Ђ get_workspace_size
в”‚в”њв”Ђ initialize
в”‚в”њв”Ђ num_outputs
в”‚в”њв”Ђ plugin_namespace
в”‚в”њв”Ђ plugin_type
в”‚в”њв”Ђ plugin_version
в”‚в”њв”Ђ serialization_size
в”‚в”њв”Ђ serialize
в”‚в”њв”Ђ supports_format
в”‚в”њв”Ђ tensorrt_version
в”‚в””в”Ђ terminate
в”њв”Ђ IPluginV2DynamicExt
в”‚в”њв”Ђ FORMAT_COMBINATION_LIMIT: 100
в”‚в”њв”Ђ clone
в”‚в”њв”Ђ configure_plugin
в”‚в”њв”Ђ configure_with_format
в”‚в”њв”Ђ destroy
в”‚в”њв”Ђ enqueue
в”‚в”њв”Ђ execute_async
в”‚в”њв”Ђ get_output_datatype
в”‚в”њв”Ђ get_output_dimensions
в”‚в”њв”Ђ get_output_shape
в”‚в”њв”Ђ get_serialization_size
в”‚в”њв”Ђ get_workspace_size
в”‚в”њв”Ђ initialize
в”‚в”њв”Ђ num_outputs
в”‚в”њв”Ђ plugin_namespace
в”‚в”њв”Ђ plugin_type
в”‚в”њв”Ђ plugin_version
в”‚в”њв”Ђ serialization_size
в”‚в”њв”Ђ serialize
в”‚в”њв”Ђ supports_format
в”‚в”њв”Ђ supports_format_combination
в”‚в”њв”Ђ tensorrt_version
в”‚в””в”Ђ terminate
в”њв”Ђ IPluginV2DynamicExtBase
в”‚в”њв”Ђ clone
в”‚в”њв”Ђ configure_with_format
в”‚в”њв”Ђ destroy
в”‚в”њв”Ђ execute_async
в”‚в”њв”Ђ get_output_shape
в”‚в”њв”Ђ get_workspace_size
в”‚в”њв”Ђ initialize
в”‚в”њв”Ђ num_outputs
в”‚в”њв”Ђ plugin_namespace
в”‚в”њв”Ђ plugin_type
в”‚в”њв”Ђ plugin_version
в”‚в”њв”Ђ serialization_size
в”‚в”њв”Ђ serialize
в”‚в”њв”Ђ supports_format
в”‚в”њв”Ђ tensorrt_version
в”‚в””в”Ђ terminate
в”њв”Ђ IPluginV2Ext
в”‚в”њв”Ђ attach_to_context
в”‚в”њв”Ђ clone
в”‚в”њв”Ђ configure_plugin
в”‚в”њв”Ђ configure_with_format
в”‚в”њв”Ђ destroy
в”‚в”њв”Ђ detach_from_context
в”‚в”њв”Ђ execute_async
в”‚в”њв”Ђ get_output_data_type
в”‚в”њв”Ђ get_output_shape
в”‚в”њв”Ђ get_workspace_size
в”‚в”њв”Ђ initialize
в”‚в”њв”Ђ num_outputs
в”‚в”њв”Ђ plugin_namespace
в”‚в”њв”Ђ plugin_type
в”‚в”њв”Ђ plugin_version
в”‚в”њв”Ђ serialization_size
в”‚в”њв”Ђ serialize
в”‚в”њв”Ђ supports_format
в”‚в”њв”Ђ tensorrt_version
в”‚в””в”Ђ terminate
в”њв”Ђ IPluginV2Layer
в”‚в”њв”Ђ get_input
в”‚в”њв”Ђ get_output
в”‚в”њв”Ђ get_output_type
в”‚в”њв”Ђ metadata
в”‚в”њв”Ђ name
в”‚в”њв”Ђ num_inputs
в”‚в”њв”Ђ num_outputs
в”‚в”њв”Ђ output_type_is_set
в”‚в”њв”Ђ plugin
в”‚в”њв”Ђ precision
в”‚в”њв”Ђ precision_is_set
в”‚в”њв”Ђ reset_output_type
в”‚в”њв”Ђ reset_precision
в”‚в”њв”Ђ set_input
в”‚в”њв”Ђ set_output_type
в”‚в””в”Ђ type
в”њв”Ђ IPluginV3
в”‚в”њв”Ђ api_language
в”‚в”њв”Ђ clone
в”‚в”њв”Ђ destroy
в”‚в”њв”Ђ get_capability_interface
в”‚в””в”Ђ interface_info
в”њв”Ђ IPluginV3Layer
в”‚в”њв”Ђ get_input
в”‚в”њв”Ђ get_output
в”‚в”њв”Ђ get_output_type
в”‚в”њв”Ђ metadata
в”‚в”њв”Ђ name
в”‚в”њв”Ђ num_inputs
в”‚в”њв”Ђ num_outputs
в”‚в”њв”Ђ output_type_is_set
в”‚в”њв”Ђ plugin
в”‚в”њв”Ђ precision
в”‚в”њв”Ђ precision_is_set
в”‚в”њв”Ђ reset_output_type
в”‚в”њв”Ђ reset_precision
в”‚в”њв”Ђ set_input
в”‚в”њв”Ђ set_output_type
в”‚в””в”Ђ type
в”њв”Ђ IPluginV3OneBuild
в”‚в”њв”Ђ DEFAULT_FORMAT_COMBINATION_LIMIT: 100
в”‚в”њв”Ђ api_language
в”‚в”њв”Ђ configure_plugin
в”‚в”њв”Ђ format_combination_limit
в”‚в”њв”Ђ get_output_data_types
в”‚в”њв”Ђ get_output_shapes
в”‚в”њв”Ђ get_valid_tactics
в”‚в”њв”Ђ get_workspace_size
в”‚в”њв”Ђ interface_info
в”‚в”њв”Ђ metadata_string
в”‚в”њв”Ђ num_outputs
в”‚в”њв”Ђ supports_format_combination
в”‚в””в”Ђ timing_cache_id
в”њв”Ђ IPluginV3OneBuildV2
в”‚в”њв”Ђ DEFAULT_FORMAT_COMBINATION_LIMIT: 100
в”‚в”њв”Ђ api_language
в”‚в”њв”Ђ configure_plugin
в”‚в”њв”Ђ format_combination_limit
в”‚в”њв”Ђ get_aliased_input
в”‚в”њв”Ђ get_output_data_types
в”‚в”њв”Ђ get_output_shapes
в”‚в”њв”Ђ get_valid_tactics
в”‚в”њв”Ђ get_workspace_size
в”‚в”њв”Ђ interface_info
в”‚в”њв”Ђ metadata_string
в”‚в”њв”Ђ num_outputs
в”‚в”њв”Ђ supports_format_combination
в”‚в””в”Ђ timing_cache_id
в”њв”Ђ IPluginV3OneCore
в”‚в”њв”Ђ api_language
в”‚в”њв”Ђ interface_info
в”‚в”њв”Ђ plugin_name
в”‚в”њв”Ђ plugin_namespace
в”‚в””в”Ђ plugin_version
в”њв”Ђ IPluginV3OneRuntime
в”‚в”њв”Ђ api_language
в”‚в”њв”Ђ attach_to_context
в”‚в”њв”Ђ enqueue
в”‚в”њв”Ђ get_fields_to_serialize
в”‚в”њв”Ђ interface_info
в”‚в”њв”Ђ on_shape_change
в”‚в””в”Ђ set_tactic
в”њв”Ђ IPluginV3QuickAOTBuild
в”‚в”њв”Ђ api_language
в”‚в””в”Ђ interface_info
в”њв”Ђ IPluginV3QuickBuild
в”‚в”њв”Ђ api_language
в”‚в””в”Ђ interface_info
в”њв”Ђ IPluginV3QuickCore
в”‚в”њв”Ђ api_language
в”‚в”њв”Ђ interface_info
в”‚в”њв”Ђ plugin_name
в”‚в”њв”Ђ plugin_namespace
в”‚в””в”Ђ plugin_version
в”њв”Ђ IPluginV3QuickRuntime
в”‚в”њв”Ђ api_language
в”‚в””в”Ђ interface_info
в”њв”Ђ IPoolingLayer
в”‚в”њв”Ђ average_count_excludes_padding
в”‚в”њв”Ђ blend_factor
в”‚в”њв”Ђ get_input
в”‚в”њв”Ђ get_output
в”‚в”њв”Ђ get_output_type
в”‚в”њв”Ђ metadata
в”‚в”њв”Ђ name
в”‚в”њв”Ђ num_inputs
в”‚в”њв”Ђ num_outputs
в”‚в”њв”Ђ output_type_is_set
в”‚в”њв”Ђ padding_mode
в”‚в”њв”Ђ padding_nd
в”‚в”њв”Ђ post_padding
в”‚в”њв”Ђ pre_padding
в”‚в”њв”Ђ precision
в”‚в”њв”Ђ precision_is_set
в”‚в”њв”Ђ reset_output_type
в”‚в”њв”Ђ reset_precision
в”‚в”њв”Ђ set_input
в”‚в”њв”Ђ set_output_type
в”‚в”њв”Ђ stride_nd
в”‚в”њв”Ђ type
в”‚в””в”Ђ window_size_nd
в”њв”Ђ IProfiler
в”‚в””в”Ђ report_layer_time
в”њв”Ђ IProgressMonitor
в”‚в”њв”Ђ phase_finish
в”‚в”њв”Ђ phase_start
в”‚в””в”Ђ step_complete
в”њв”Ђ IQuantizeLayer
в”‚в”њв”Ђ axis
в”‚в”њв”Ђ block_shape
в”‚в”њв”Ђ get_input
в”‚в”њв”Ђ get_output
в”‚в”њв”Ђ get_output_type
в”‚в”њв”Ђ metadata
в”‚в”њв”Ђ name
в”‚в”њв”Ђ num_inputs
в”‚в”њв”Ђ num_outputs
в”‚в”њв”Ђ output_type_is_set
в”‚в”њв”Ђ precision
в”‚в”њв”Ђ precision_is_set
в”‚в”њв”Ђ reset_output_type
в”‚в”њв”Ђ reset_precision
в”‚в”њв”Ђ set_input
в”‚в”њв”Ђ set_output_type
в”‚в”њв”Ђ to_type
в”‚в””в”Ђ type
в”њв”Ђ IRaggedSoftMaxLayer
в”‚в”њв”Ђ get_input
в”‚в”њв”Ђ get_output
в”‚в”њв”Ђ get_output_type
в”‚в”њв”Ђ metadata
в”‚в”њв”Ђ name
в”‚в”њв”Ђ num_inputs
в”‚в”њв”Ђ num_outputs
в”‚в”њв”Ђ output_type_is_set
в”‚в”њв”Ђ precision
в”‚в”њв”Ђ precision_is_set
в”‚в”њв”Ђ reset_output_type
в”‚в”њв”Ђ reset_precision
в”‚в”њв”Ђ set_input
в”‚в”њв”Ђ set_output_type
в”‚в””в”Ђ type
в”њв”Ђ IRecurrenceLayer
в”‚в”њв”Ђ get_input
в”‚в”њв”Ђ get_output
в”‚в”њв”Ђ get_output_type
в”‚в”њв”Ђ loop
в”‚в”њв”Ђ metadata
в”‚в”њв”Ђ name
в”‚в”њв”Ђ num_inputs
в”‚в”њв”Ђ num_outputs
в”‚в”њв”Ђ output_type_is_set
в”‚в”њв”Ђ precision
в”‚в”њв”Ђ precision_is_set
в”‚в”њв”Ђ reset_output_type
в”‚в”њв”Ђ reset_precision
в”‚в”њв”Ђ set_input
в”‚в”њв”Ђ set_output_type
в”‚в””в”Ђ type
в”њв”Ђ IReduceLayer
в”‚в”њв”Ђ axes
в”‚в”њв”Ђ get_input
в”‚в”њв”Ђ get_output
в”‚в”њв”Ђ get_output_type
в”‚в”њв”Ђ keep_dims
в”‚в”њв”Ђ metadata
в”‚в”њв”Ђ name
в”‚в”њв”Ђ num_inputs
в”‚в”њв”Ђ num_outputs
в”‚в”њв”Ђ op
в”‚в”њв”Ђ output_type_is_set
в”‚в”њв”Ђ precision
в”‚в”њв”Ђ precision_is_set
в”‚в”њв”Ђ reset_output_type
в”‚в”њв”Ђ reset_precision
в”‚в”њв”Ђ set_input
в”‚в”њв”Ђ set_output_type
в”‚в””в”Ђ type
в”њв”Ђ IResizeLayer
в”‚в”њв”Ђ coordinate_transformation
в”‚в”њв”Ђ cubic_coeff
в”‚в”њв”Ђ exclude_outside
в”‚в”њв”Ђ get_input
в”‚в”њв”Ђ get_output
в”‚в”њв”Ђ get_output_type
в”‚в”њв”Ђ metadata
в”‚в”њв”Ђ name
в”‚в”њв”Ђ nearest_rounding
в”‚в”њв”Ђ num_inputs
в”‚в”њв”Ђ num_outputs
в”‚в”њв”Ђ output_type_is_set
в”‚в”њв”Ђ precision
в”‚в”њв”Ђ precision_is_set
в”‚в”њв”Ђ reset_output_type
в”‚в”њв”Ђ reset_precision
в”‚в”њв”Ђ resize_mode
в”‚в”њв”Ђ scales
в”‚в”њв”Ђ selector_for_single_pixel
в”‚в”њв”Ђ set_input
в”‚в”њв”Ђ set_output_type
в”‚в”њв”Ђ shape
в”‚в””в”Ђ type
в”њв”Ђ IReverseSequenceLayer
в”‚в”њв”Ђ batch_axis
в”‚в”њв”Ђ get_input
в”‚в”њв”Ђ get_output
в”‚в”њв”Ђ get_output_type
в”‚в”њв”Ђ metadata
в”‚в”њв”Ђ name
в”‚в”њв”Ђ num_inputs
в”‚в”њв”Ђ num_outputs
в”‚в”њв”Ђ output_type_is_set
в”‚в”њв”Ђ precision
в”‚в”њв”Ђ precision_is_set
в”‚в”њв”Ђ reset_output_type
в”‚в”њв”Ђ reset_precision
в”‚в”њв”Ђ sequence_axis
в”‚в”њв”Ђ set_input
в”‚в”њв”Ђ set_output_type
в”‚в””в”Ђ type
в”њв”Ђ IRotaryEmbeddingLayer
в”‚в”њв”Ђ get_input
в”‚в”њв”Ђ get_output
в”‚в”њв”Ђ get_output_type
в”‚в”њв”Ђ interleaved
в”‚в”њв”Ђ metadata
в”‚в”њв”Ђ name
в”‚в”њв”Ђ num_inputs
в”‚в”њв”Ђ num_outputs
в”‚в”њв”Ђ output_type_is_set
в”‚в”њв”Ђ precision
в”‚в”њв”Ђ precision_is_set
в”‚в”њв”Ђ reset_output_type
в”‚в”њв”Ђ reset_precision
в”‚в”њв”Ђ rotary_embedding_dim
в”‚в”њв”Ђ set_input
в”‚в”њв”Ђ set_output_type
в”‚в””в”Ђ type
в”њв”Ђ IRuntimeConfig
в”‚в”њв”Ђ get_execution_context_allocation_strategy
в”‚в””в”Ђ set_execution_context_allocation_strategy
в”њв”Ђ IScaleLayer
в”‚в”њв”Ђ channel_axis
в”‚в”њв”Ђ get_input
в”‚в”њв”Ђ get_output
в”‚в”њв”Ђ get_output_type
в”‚в”њв”Ђ metadata
в”‚в”њв”Ђ mode
в”‚в”њв”Ђ name
в”‚в”њв”Ђ num_inputs
в”‚в”њв”Ђ num_outputs
в”‚в”њв”Ђ output_type_is_set
в”‚в”њв”Ђ power
в”‚в”њв”Ђ precision
в”‚в”њв”Ђ precision_is_set
в”‚в”њв”Ђ reset_output_type
в”‚в”њв”Ђ reset_precision
в”‚в”њв”Ђ scale
в”‚в”њв”Ђ set_input
в”‚в”њв”Ђ set_output_type
в”‚в”њв”Ђ shift
в”‚в””в”Ђ type
в”њв”Ђ IScatterLayer
в”‚в”њв”Ђ axis
в”‚в”њв”Ђ get_input
в”‚в”њв”Ђ get_output
в”‚в”њв”Ђ get_output_type
в”‚в”њв”Ђ metadata
в”‚в”њв”Ђ mode
в”‚в”њв”Ђ name
в”‚в”њв”Ђ num_inputs
в”‚в”њв”Ђ num_outputs
в”‚в”њв”Ђ output_type_is_set
в”‚в”њв”Ђ precision
в”‚в”њв”Ђ precision_is_set
в”‚в”њв”Ђ reset_output_type
в”‚в”њв”Ђ reset_precision
в”‚в”њв”Ђ set_input
в”‚в”њв”Ђ set_output_type
в”‚в””в”Ђ type
в”њв”Ђ ISelectLayer
в”‚в”њв”Ђ get_input
в”‚в”њв”Ђ get_output
в”‚в”њв”Ђ get_output_type
в”‚в”њв”Ђ metadata
в”‚в”њв”Ђ name
в”‚в”њв”Ђ num_inputs
в”‚в”њв”Ђ num_outputs
в”‚в”њв”Ђ output_type_is_set
в”‚в”њв”Ђ precision
в”‚в”њв”Ђ precision_is_set
в”‚в”њв”Ђ reset_output_type
в”‚в”њв”Ђ reset_precision
в”‚в”њв”Ђ set_input
в”‚в”њв”Ђ set_output_type
в”‚в””в”Ђ type
в”њв”Ђ ISerializationConfig
в”‚в”њв”Ђ clear_flag
в”‚в”њв”Ђ flags
в”‚в”њв”Ђ get_flag
в”‚в””в”Ђ set_flag
в”њв”Ђ IShapeLayer
в”‚в”њв”Ђ get_input
в”‚в”њв”Ђ get_output
в”‚в”њв”Ђ get_output_type
в”‚в”њв”Ђ metadata
в”‚в”њв”Ђ name
в”‚в”њв”Ђ num_inputs
в”‚в”њв”Ђ num_outputs
в”‚в”њв”Ђ output_type_is_set
в”‚в”њв”Ђ precision
в”‚в”њв”Ђ precision_is_set
в”‚в”њв”Ђ reset_output_type
в”‚в”њв”Ђ reset_precision
в”‚в”њв”Ђ set_input
в”‚в”њв”Ђ set_output_type
в”‚в””в”Ђ type
в”њв”Ђ IShuffleLayer
в”‚в”њв”Ђ first_transpose
в”‚в”њв”Ђ get_input
в”‚в”њв”Ђ get_output
в”‚в”њв”Ђ get_output_type
в”‚в”њв”Ђ metadata
в”‚в”њв”Ђ name
в”‚в”њв”Ђ num_inputs
в”‚в”њв”Ђ num_outputs
в”‚в”њв”Ђ output_type_is_set
в”‚в”њв”Ђ precision
в”‚в”њв”Ђ precision_is_set
в”‚в”њв”Ђ reset_output_type
в”‚в”њв”Ђ reset_precision
в”‚в”њв”Ђ reshape_dims
в”‚в”њв”Ђ second_transpose
в”‚в”њв”Ђ set_input
в”‚в”њв”Ђ set_output_type
в”‚в”њв”Ђ type
в”‚в””в”Ђ zero_is_placeholder
в”њв”Ђ ISliceLayer
в”‚в”њв”Ђ axes
в”‚в”њв”Ђ get_input
в”‚в”њв”Ђ get_output
в”‚в”њв”Ђ get_output_type
в”‚в”њв”Ђ metadata
в”‚в”њв”Ђ mode
в”‚в”њв”Ђ name
в”‚в”њв”Ђ num_inputs
в”‚в”њв”Ђ num_outputs
в”‚в”њв”Ђ output_type_is_set
в”‚в”њв”Ђ precision
в”‚в”њв”Ђ precision_is_set
в”‚в”њв”Ђ reset_output_type
в”‚в”њв”Ђ reset_precision
в”‚в”њв”Ђ set_input
в”‚в”њв”Ђ set_output_type
в”‚в”њв”Ђ shape
в”‚в”њв”Ђ start
в”‚в”њв”Ђ stride
в”‚в””в”Ђ type
в”њв”Ђ ISoftMaxLayer
в”‚в”њв”Ђ axes
в”‚в”њв”Ђ get_input
в”‚в”њв”Ђ get_output
в”‚в”њв”Ђ get_output_type
в”‚в”њв”Ђ metadata
в”‚в”њв”Ђ name
в”‚в”њв”Ђ num_inputs
в”‚в”њв”Ђ num_outputs
в”‚в”њв”Ђ output_type_is_set
в”‚в”њв”Ђ precision
в”‚в”њв”Ђ precision_is_set
в”‚в”њв”Ђ reset_output_type
в”‚в”њв”Ђ reset_precision
в”‚в”њв”Ђ set_input
в”‚в”њв”Ђ set_output_type
в”‚в””в”Ђ type
в”њв”Ђ ISqueezeLayer
в”‚в”њв”Ђ get_input
в”‚в”њв”Ђ get_output
в”‚в”њв”Ђ get_output_type
в”‚в”њв”Ђ metadata
в”‚в”њв”Ђ name
в”‚в”њв”Ђ num_inputs
в”‚в”њв”Ђ num_outputs
в”‚в”њв”Ђ output_type_is_set
в”‚в”њв”Ђ precision
в”‚в”њв”Ђ precision_is_set
в”‚в”њв”Ђ reset_output_type
в”‚в”њв”Ђ reset_precision
в”‚в”њв”Ђ set_input
в”‚в”њв”Ђ set_output_type
в”‚в””в”Ђ type
в”њв”Ђ IStreamReader
в”‚в””в”Ђ read
в”њв”Ђ IStreamReaderV2
в”‚в”њв”Ђ read
в”‚в””в”Ђ seek
в”њв”Ђ IStreamWriter
в”‚в””в”Ђ write
в”њв”Ђ ISymExpr
в”‚в”њв”Ђ dtype
в”‚в”њв”Ђ expr
в”‚в””в”Ђ type
в”њв”Ђ ISymExprs
в”‚в””в”Ђ nbSymExprs
в”њв”Ђ ITensor
в”‚в”њв”Ђ allowed_formats
в”‚в”њв”Ђ broadcast_across_batch
в”‚в”њв”Ђ dtype
в”‚в”њв”Ђ dynamic_range
в”‚в”њв”Ђ get_dimension_name
в”‚в”њв”Ђ is_execution_tensor
в”‚в”њв”Ђ is_network_input
в”‚в”њв”Ђ is_network_output
в”‚в”њв”Ђ is_shape_tensor
в”‚в”њв”Ђ location
в”‚в”њв”Ђ name
в”‚в”њв”Ђ reset_dynamic_range
в”‚в”њв”Ђ set_dimension_name
в”‚в”њв”Ђ set_dynamic_range
в”‚в””в”Ђ shape
в”њв”Ђ ITimingCache
в”‚в”њв”Ђ combine
в”‚в”њв”Ђ query
в”‚в”њв”Ђ queryKeys
в”‚в”њв”Ђ reset
в”‚в”њв”Ђ serialize
в”‚в””в”Ђ update
в”њв”Ђ ITopKLayer
в”‚в”њв”Ђ axes
в”‚в”њв”Ђ get_input
в”‚в”њв”Ђ get_output
в”‚в”њв”Ђ get_output_type
в”‚в”њв”Ђ indices_type
в”‚в”њв”Ђ k
в”‚в”њв”Ђ metadata
в”‚в”њв”Ђ name
в”‚в”њв”Ђ num_inputs
в”‚в”њв”Ђ num_outputs
в”‚в”њв”Ђ op
в”‚в”њв”Ђ output_type_is_set
в”‚в”њв”Ђ precision
в”‚в”њв”Ђ precision_is_set
в”‚в”њв”Ђ reset_output_type
в”‚в”њв”Ђ reset_precision
в”‚в”њв”Ђ set_input
в”‚в”њв”Ђ set_output_type
в”‚в””в”Ђ type
в”њв”Ђ ITripLimitLayer
в”‚в”њв”Ђ get_input
в”‚в”њв”Ђ get_output
в”‚в”њв”Ђ get_output_type
в”‚в”њв”Ђ kind
в”‚в”њв”Ђ loop
в”‚в”њв”Ђ metadata
в”‚в”њв”Ђ name
в”‚в”њв”Ђ num_inputs
в”‚в”њв”Ђ num_outputs
в”‚в”њв”Ђ output_type_is_set
в”‚в”њв”Ђ precision
в”‚в”њв”Ђ precision_is_set
в”‚в”њв”Ђ reset_output_type
в”‚в”њв”Ђ reset_precision
в”‚в”њв”Ђ set_input
в”‚в”њв”Ђ set_output_type
в”‚в””в”Ђ type
в”њв”Ђ IUnaryLayer
в”‚в”њв”Ђ get_input
в”‚в”њв”Ђ get_output
в”‚в”њв”Ђ get_output_type
в”‚в”њв”Ђ metadata
в”‚в”њв”Ђ name
в”‚в”њв”Ђ num_inputs
в”‚в”њв”Ђ num_outputs
в”‚в”њв”Ђ op
в”‚в”њв”Ђ output_type_is_set
в”‚в”њв”Ђ precision
в”‚в”њв”Ђ precision_is_set
в”‚в”њв”Ђ reset_output_type
в”‚в”њв”Ђ reset_precision
в”‚в”њв”Ђ set_input
в”‚в”њв”Ђ set_output_type
в”‚в””в”Ђ type
в”њв”Ђ IUnsqueezeLayer
в”‚в”њв”Ђ get_input
в”‚в”њв”Ђ get_output
в”‚в”њв”Ђ get_output_type
в”‚в”њв”Ђ metadata
в”‚в”њв”Ђ name
в”‚в”њв”Ђ num_inputs
в”‚в”њв”Ђ num_outputs
в”‚в”њв”Ђ output_type_is_set
в”‚в”њв”Ђ precision
в”‚в”њв”Ђ precision_is_set
в”‚в”њв”Ђ reset_output_type
в”‚в”њв”Ђ reset_precision
в”‚в”њв”Ђ set_input
в”‚в”њв”Ђ set_output_type
в”‚в””в”Ђ type
в”њв”Ђ IVersionedInterface
в”‚в”њв”Ђ api_language
в”‚в””в”Ђ interface_info
в”њв”Ђ InterfaceInfo
в”‚в”њв”Ђ kind
в”‚в”њв”Ђ major
в”‚в””в”Ђ minor
в”њв”Ђ InterpolationMode
в”‚в”њв”Ђ CUBIC
в”‚в”‚в””в”Ђ value: 2
в”‚в”њв”Ђ LINEAR
в”‚в”‚в””в”Ђ value: 1
в”‚в”њв”Ђ NEAREST
в”‚в”‚в””в”Ђ value: 0
в”‚в”њв”Ђ name
в”‚в””в”Ђ value
в”њв”Ђ KVCacheMode
в”‚в”њв”Ђ LINEAR
в”‚в”‚в””в”Ђ value: 0
в”‚в”њв”Ђ name
в”‚в””в”Ђ value
в”њв”Ђ KernelLaunchParams
в”‚в”њв”Ђ block_x
в”‚в”њв”Ђ block_y
в”‚в”њв”Ђ block_z
в”‚в”њв”Ђ grid_x
в”‚в”њв”Ђ grid_y
в”‚в”њв”Ђ grid_z
в”‚в””в”Ђ shared_mem
в”њв”Ђ LayerInformationFormat
в”‚в”њв”Ђ JSON
в”‚в”‚в””в”Ђ value: 1
в”‚в”њв”Ђ ONELINE
в”‚в”‚в””в”Ђ value: 0
в”‚в”њв”Ђ name
в”‚в””в”Ђ value
в”њв”Ђ LayerType
в”‚в”њв”Ђ ACTIVATION
в”‚в”‚в””в”Ђ value: 2
в”‚в”њв”Ђ ASSERTION
в”‚в”‚в””в”Ђ value: 39
в”‚в”њв”Ђ ATTENTION_INPUT
в”‚в”‚в””в”Ђ value: 51
в”‚в”њв”Ђ ATTENTION_OUTPUT
в”‚в”‚в””в”Ђ value: 52
в”‚в”њв”Ђ CAST
в”‚в”‚в””в”Ђ value: 1
в”‚в”њв”Ђ CONCATENATION
в”‚в”‚в””в”Ђ value: 8
в”‚в”њв”Ђ CONDITION
в”‚в”‚в””в”Ђ value: 34
в”‚в”њв”Ђ CONDITIONAL_INPUT
в”‚в”‚в””в”Ђ value: 35
в”‚в”њв”Ђ CONDITIONAL_OUTPUT
в”‚в”‚в””в”Ђ value: 36
в”‚в”њв”Ђ CONSTANT
в”‚в”‚в””в”Ђ value: 19
в”‚в”њв”Ђ CONVOLUTION
в”‚в”‚в””в”Ђ value: 0
в”‚в”њв”Ђ CUMULATIVE
в”‚в”‚в””в”Ђ value: 49
в”‚в”њв”Ђ DECONVOLUTION
в”‚в”‚в””в”Ђ value: 7
в”‚в”њв”Ђ DEQUANTIZE
в”‚в”‚в””в”Ђ value: 33
в”‚в”њв”Ђ DYNAMIC_QUANTIZE
в”‚в”‚в””в”Ђ value: 50
в”‚в”њв”Ђ EINSUM
в”‚в”‚в””в”Ђ value: 38
в”‚в”њв”Ђ ELEMENTWISE
в”‚в”‚в””в”Ђ value: 9
в”‚в”њв”Ђ FILL
в”‚в”‚в””в”Ђ value: 31
в”‚в”њв”Ђ GATHER
в”‚в”‚в””в”Ђ value: 16
в”‚в”њв”Ђ GRID_SAMPLE
в”‚в”‚в””в”Ђ value: 42
в”‚в”њв”Ђ IDENTITY
в”‚в”‚в””в”Ђ value: 20
в”‚в”њв”Ђ ITERATOR
в”‚в”‚в””в”Ђ value: 28
в”‚в”њв”Ђ KV_CACHE_UPDATE
в”‚в”‚в””в”Ђ value: 54
в”‚в”њв”Ђ LOOP_OUTPUT
в”‚в”‚в””в”Ђ value: 29
в”‚в”њв”Ђ LRN
в”‚в”‚в””в”Ђ value: 4
в”‚в”њв”Ђ MATRIX_MULTIPLY
в”‚в”‚в””в”Ђ value: 17
в”‚в”њв”Ђ MOE
в”‚в”‚в””в”Ђ value: 55
в”‚в”њв”Ђ NMS
в”‚в”‚в””в”Ђ value: 43
в”‚в”њв”Ђ NON_ZERO
в”‚в”‚в””в”Ђ value: 41
в”‚в”њв”Ђ NORMALIZATION
в”‚в”‚в””в”Ђ value: 45
в”‚в”њв”Ђ ONE_HOT
в”‚в”‚в””в”Ђ value: 40
в”‚в”њв”Ђ PADDING
в”‚в”‚в””в”Ђ value: 12
в”‚в”њв”Ђ PARAMETRIC_RELU
в”‚в”‚в””в”Ђ value: 24
в”‚в”њв”Ђ PLUGIN
в”‚в”‚в””в”Ђ value: 10
в”‚в”њв”Ђ PLUGIN_V2
в”‚в”‚в””в”Ђ value: 21
в”‚в”њв”Ђ PLUGIN_V3
в”‚в”‚в””в”Ђ value: 46
в”‚в”њв”Ђ POOLING
в”‚в”‚в””в”Ђ value: 3
в”‚в”њв”Ђ QUANTIZE
в”‚в”‚в””в”Ђ value: 32
в”‚в”њв”Ђ RAGGED_SOFTMAX
в”‚в”‚в””в”Ђ value: 18
в”‚в”њв”Ђ RECURRENCE
в”‚в”‚в””в”Ђ value: 27
в”‚в”њв”Ђ REDUCE
в”‚в”‚в””в”Ђ value: 14
в”‚в”њв”Ђ RESIZE
в”‚в”‚в””в”Ђ value: 25
в”‚в”њв”Ђ REVERSE_SEQUENCE
в”‚в”‚в””в”Ђ value: 44
в”‚в”њв”Ђ ROTARY_EMBEDDING
в”‚в”‚в””в”Ђ value: 53
в”‚в”њв”Ђ SCALE
в”‚в”‚в””в”Ђ value: 5
в”‚в”њв”Ђ SCATTER
в”‚в”‚в””в”Ђ value: 37
в”‚в”њв”Ђ SELECT
в”‚в”‚в””в”Ђ value: 30
в”‚в”њв”Ђ SHAPE
в”‚в”‚в””в”Ђ value: 23
в”‚в”њв”Ђ SHUFFLE
в”‚в”‚в””в”Ђ value: 13
в”‚в”њв”Ђ SLICE
в”‚в”‚в””в”Ђ value: 22
в”‚в”њв”Ђ SOFTMAX
в”‚в”‚в””в”Ђ value: 6
в”‚в”њв”Ђ SQUEEZE
в”‚в”‚в””в”Ђ value: 47
в”‚в”њв”Ђ TOPK
в”‚в”‚в””в”Ђ value: 15
в”‚в”њв”Ђ TRIP_LIMIT
в”‚в”‚в””в”Ђ value: 26
в”‚в”њв”Ђ UNARY
в”‚в”‚в””в”Ђ value: 11
в”‚в”њв”Ђ UNSQUEEZE
в”‚в”‚в””в”Ђ value: 48
в”‚в”њв”Ђ name
в”‚в””в”Ђ value
в”њв”Ђ Logger
в”‚в”њв”Ђ ERROR
в”‚в”‚в””в”Ђ value: 1
в”‚в”њв”Ђ INFO
в”‚в”‚в””в”Ђ value: 3
в”‚в”њв”Ђ INTERNAL_ERROR
в”‚в”‚в””в”Ђ value: 0
в”‚в”њв”Ђ VERBOSE
в”‚в”‚в””в”Ђ value: 4
в”‚в”њв”Ђ WARNING
в”‚в”‚в””в”Ђ value: 2
в”‚в”њв”Ђ log
в”‚в””в”Ђ min_severity
в”њв”Ђ LoopOutput
в”‚в”њв”Ђ CONCATENATE
в”‚в”‚в””в”Ђ value: 1
в”‚в”њв”Ђ LAST_VALUE
в”‚в”‚в””в”Ђ value: 0
в”‚в”њв”Ђ REVERSE
в”‚в”‚в””в”Ђ value: 2
в”‚в”њв”Ђ name
в”‚в””в”Ђ value
в”њв”Ђ MatrixOperation
в”‚в”њв”Ђ NONE
в”‚в”‚в””в”Ђ value: 0
в”‚в”њв”Ђ TRANSPOSE
в”‚в”‚в””в”Ђ value: 1
в”‚в”њв”Ђ VECTOR
в”‚в”‚в””в”Ђ value: 2
в”‚в”њв”Ђ name
в”‚в””в”Ђ value
в”њв”Ђ MemoryPoolType
в”‚в”њв”Ђ DLA_GLOBAL_DRAM
в”‚в”‚в””в”Ђ value: 3
в”‚в”њв”Ђ DLA_LOCAL_DRAM
в”‚в”‚в””в”Ђ value: 2
в”‚в”њв”Ђ DLA_MANAGED_SRAM
в”‚в”‚в””в”Ђ value: 1
в”‚в”њв”Ђ TACTIC_DRAM
в”‚в”‚в””в”Ђ value: 4
в”‚в”њв”Ђ TACTIC_SHARED_MEMORY
в”‚в”‚в””в”Ђ value: 5
в”‚в”њв”Ђ WORKSPACE
в”‚в”‚в””в”Ђ value: 0
в”‚в”њв”Ђ name
в”‚в””в”Ђ value
в”њв”Ђ MoEActType
в”‚в”њв”Ђ NONE
в”‚в”‚в””в”Ђ value: 0
в”‚в”њв”Ђ SILU
в”‚в”‚в””в”Ђ value: 1
в”‚в”њв”Ђ name
в”‚в””в”Ђ value
в”њв”Ђ NetworkDefinitionCreationFlag
в”‚в”њв”Ђ EXPLICIT_BATCH
в”‚в”‚в””в”Ђ value: 0
в”‚в”њв”Ђ PREFER_AOT_PYTHON_PLUGINS
в”‚в”‚в””в”Ђ value: 3
в”‚в”њв”Ђ PREFER_JIT_PYTHON_PLUGINS
в”‚в”‚в””в”Ђ value: 2
в”‚в”њв”Ђ STRONGLY_TYPED
в”‚в”‚в””в”Ђ value: 1
в”‚в”њв”Ђ name
в”‚в””в”Ђ value
в”њв”Ђ NodeIndices
в”‚в”њв”Ђ append
в”‚в”њв”Ђ clear
в”‚в”њв”Ђ count
в”‚в”њв”Ђ extend
в”‚в”њв”Ђ insert
в”‚в”њв”Ђ pop
в”‚в””в”Ђ remove
в”њв”Ђ OnnxParser
в”‚в”њв”Ђ clear_errors
в”‚в”њв”Ђ clear_flag
в”‚в”њв”Ђ flags
в”‚в”њв”Ђ get_error
в”‚в”њв”Ђ get_flag
в”‚в”њв”Ђ get_layer_output_tensor
в”‚в”њв”Ђ get_subgraph_nodes
в”‚в”њв”Ђ get_used_vc_plugin_libraries
в”‚в”њв”Ђ is_subgraph_supported
в”‚в”њв”Ђ load_initializer
в”‚в”њв”Ђ load_model_proto
в”‚в”њв”Ђ num_errors
в”‚в”њв”Ђ num_subgraphs
в”‚в”њв”Ђ parse
в”‚в”њв”Ђ parse_from_file
в”‚в”њв”Ђ parse_model_proto
в”‚в”њв”Ђ parse_with_weight_descriptors
в”‚в”њв”Ђ set_builder_config
в”‚в”њв”Ђ set_flag
в”‚в”њв”Ђ supports_model
в”‚в”њв”Ђ supports_model_v2
в”‚в””в”Ђ supports_operator
в”њв”Ђ OnnxParserFlag
в”‚в”њв”Ђ ENABLE_PLUGIN_OVERRIDE
в”‚в”‚в””в”Ђ value: 3
в”‚в”њв”Ђ ENABLE_UINT8_AND_ASYMMETRIC_QUANTIZATION_DLA
в”‚в”‚в””в”Ђ value: 1
в”‚в”њв”Ђ NATIVE_INSTANCENORM
в”‚в”‚в””в”Ђ value: 0
в”‚в”њв”Ђ REPORT_CAPABILITY_DLA
в”‚в”‚в””в”Ђ value: 2
в”‚в”њв”Ђ name
в”‚в””в”Ђ value
в”њв”Ђ OnnxParserRefitter
в”‚в”њв”Ђ clear_errors
в”‚в”њв”Ђ get_error
в”‚в”њв”Ђ load_initializer
в”‚в”њв”Ђ load_model_proto
в”‚в”њв”Ђ num_errors
в”‚в”њв”Ђ refit_from_bytes
в”‚в”њв”Ђ refit_from_file
в”‚в””в”Ђ refit_model_proto
в”њв”Ђ PaddingMode
в”‚в”њв”Ђ EXPLICIT_ROUND_DOWN
в”‚в”‚в””в”Ђ value: 0
в”‚в”њв”Ђ EXPLICIT_ROUND_UP
в”‚в”‚в””в”Ђ value: 1
в”‚в”њв”Ђ SAME_LOWER
в”‚в”‚в””в”Ђ value: 3
в”‚в”њв”Ђ SAME_UPPER
в”‚в”‚в””в”Ђ value: 2
в”‚в”њв”Ђ name
в”‚в””в”Ђ value
в”њв”Ђ ParserError
в”‚в”њв”Ђ code
в”‚в”њв”Ђ desc
в”‚в”њв”Ђ file
в”‚в”њв”Ђ func
в”‚в”њв”Ђ line
в”‚в”њв”Ђ local_function_stack
в”‚в”њв”Ђ local_function_stack_size
в”‚в”њв”Ђ node
в”‚в”њв”Ђ node_name
в”‚в””в”Ђ node_operator
в”њв”Ђ Permutation
в”њв”Ђ PluginArgDataType
в”‚в”њв”Ђ INT16
в”‚в”‚в””в”Ђ value: 1
в”‚в”њв”Ђ INT32
в”‚в”‚в””в”Ђ value: 2
в”‚в”њв”Ђ INT8
в”‚в”‚в””в”Ђ value: 0
в”‚в”њв”Ђ name
в”‚в””в”Ђ value
в”њв”Ђ PluginArgType
в”‚в”њв”Ђ INT
в”‚в”‚в””в”Ђ value: 0
в”‚в”њв”Ђ name
в”‚в””в”Ђ value
в”њв”Ђ PluginCapabilityType
в”‚в”њв”Ђ BUILD
в”‚в”‚в””в”Ђ value: 1
в”‚в”њв”Ђ CORE
в”‚в”‚в””в”Ђ value: 0
в”‚в”њв”Ђ RUNTIME
в”‚в”‚в””в”Ђ value: 2
в”‚в”њв”Ђ name
в”‚в””в”Ђ value
в”њв”Ђ PluginCreatorVersion
в”‚в”њв”Ђ V1
в”‚в”‚в””в”Ђ value: 0
в”‚в”њв”Ђ V1_PYTHON
в”‚в”‚в””в”Ђ value: 64
в”‚в”њв”Ђ name
в”‚в””в”Ђ value
в”њв”Ђ PluginField
в”‚в”њв”Ђ data
в”‚в”њв”Ђ name
в”‚в”њв”Ђ size
в”‚в””в”Ђ type
в”њв”Ђ PluginFieldCollection
в”‚в”њв”Ђ append
в”‚в”њв”Ђ clear
в”‚в”њв”Ђ extend
в”‚в”њв”Ђ insert
в”‚в””в”Ђ pop
в”њв”Ђ PluginFieldCollection_
в”њв”Ђ PluginFieldType
в”‚в”њв”Ђ BF16
в”‚в”‚в””в”Ђ value: 9
в”‚в”њв”Ђ CHAR
в”‚в”‚в””в”Ђ value: 6
в”‚в”њв”Ђ DIMS
в”‚в”‚в””в”Ђ value: 7
в”‚в”њв”Ђ FLOAT16
в”‚в”‚в””в”Ђ value: 0
в”‚в”њв”Ђ FLOAT32
в”‚в”‚в””в”Ђ value: 1
в”‚в”њв”Ђ FLOAT64
в”‚в”‚в””в”Ђ value: 2
в”‚в”њв”Ђ FP4
в”‚в”‚в””в”Ђ value: 13
в”‚в”њв”Ђ FP8
в”‚в”‚в””в”Ђ value: 11
в”‚в”њв”Ђ INT16
в”‚в”‚в””в”Ђ value: 4
в”‚в”њв”Ђ INT32
в”‚в”‚в””в”Ђ value: 5
в”‚в”њв”Ђ INT4
в”‚в”‚в””в”Ђ value: 12
в”‚в”њв”Ђ INT64
в”‚в”‚в””в”Ђ value: 10
в”‚в”њв”Ђ INT8
в”‚в”‚в””в”Ђ value: 3
в”‚в”њв”Ђ UNKNOWN
в”‚в”‚в””в”Ђ value: 8
в”‚в”њв”Ђ name
в”‚в””в”Ђ value
в”њв”Ђ PluginTensorDesc
в”‚в”њв”Ђ dims
в”‚в”њв”Ђ format
в”‚в”њв”Ђ scale
в”‚в””в”Ђ type
в”њв”Ђ PoolingType
в”‚в”њв”Ђ AVERAGE
в”‚в”‚в””в”Ђ value: 1
в”‚в”њв”Ђ MAX
в”‚в”‚в””в”Ђ value: 0
в”‚в”њв”Ђ MAX_AVERAGE_BLEND
в”‚в”‚в””в”Ђ value: 2
в”‚в”њв”Ђ name
в”‚в””в”Ђ value
в”њв”Ђ PreviewFeature
в”‚в”њв”Ђ ALIASED_PLUGIN_IO_10_03
в”‚в”‚в””в”Ђ value: 1
в”‚в”њв”Ђ PROFILE_SHARING_0806
в”‚в”‚в””в”Ђ value: 0
в”‚в”њв”Ђ RUNTIME_ACTIVATION_RESIZE_10_10
в”‚в”‚в””в”Ђ value: 2
в”‚в”њв”Ђ name
в”‚в””в”Ђ value
в”њв”Ђ Profiler
в”‚в””в”Ђ report_layer_time
в”њв”Ђ ProfilingVerbosity
в”‚в”њв”Ђ DETAILED
в”‚в”‚в””в”Ђ value: 2
в”‚в”њв”Ђ LAYER_NAMES_ONLY
в”‚в”‚в””в”Ђ value: 0
в”‚в”њв”Ђ NONE
в”‚в”‚в””в”Ђ value: 1
в”‚в”њв”Ђ name
в”‚в””в”Ђ value
в”њв”Ђ QuantizationFlag
в”‚в”њв”Ђ CALIBRATE_BEFORE_FUSION
в”‚в”‚в””в”Ђ value: 0
в”‚в”њв”Ђ name
в”‚в””в”Ђ value
в”њв”Ђ QuickPluginCreationRequest
в”‚в”њв”Ђ PREFER_AOT
в”‚в”‚в””в”Ђ value: 2
в”‚в”њв”Ђ PREFER_JIT
в”‚в”‚в””в”Ђ value: 1
в”‚в”њв”Ђ STRICT_AOT
в”‚в”‚в””в”Ђ value: 4
в”‚в”њв”Ђ STRICT_JIT
в”‚в”‚в””в”Ђ value: 3
в”‚в”њв”Ђ UNKNOWN
в”‚в”‚в””в”Ђ value: 0
в”‚в”њв”Ђ name
в”‚в””в”Ђ value
в”њв”Ђ ReduceOperation
в”‚в”њв”Ђ AVG
в”‚в”‚в””в”Ђ value: 4
в”‚в”њв”Ђ MAX
в”‚в”‚в””в”Ђ value: 2
в”‚в”њв”Ђ MIN
в”‚в”‚в””в”Ђ value: 3
в”‚в”њв”Ђ PROD
в”‚в”‚в””в”Ђ value: 1
в”‚в”њв”Ђ SUM
в”‚в”‚в””в”Ђ value: 0
в”‚в”њв”Ђ name
в”‚в””в”Ђ value
в”њв”Ђ Refitter
в”‚в”њв”Ђ error_recorder
в”‚в”њв”Ђ get_all
в”‚в”њв”Ђ get_all_weights
в”‚в”њв”Ђ get_dynamic_range
в”‚в”њв”Ђ get_missing
в”‚в”њв”Ђ get_missing_weights
в”‚в”њв”Ђ get_named_weights
в”‚в”њв”Ђ get_tensors_with_dynamic_range
в”‚в”њв”Ђ get_weights_location
в”‚в”њв”Ђ get_weights_prototype
в”‚в”њв”Ђ logger
в”‚в”њв”Ђ max_threads
в”‚в”њв”Ђ refit_cuda_engine
в”‚в”њв”Ђ refit_cuda_engine_async
в”‚в”њв”Ђ set_dynamic_range
в”‚в”њв”Ђ set_named_weights
в”‚в”њв”Ђ set_weights
в”‚в”њв”Ђ unset_named_weights
в”‚в””в”Ђ weights_validation
в”њв”Ђ ResizeCoordinateTransformation
в”‚в”њв”Ђ ALIGN_CORNERS
в”‚в”‚в””в”Ђ value: 0
в”‚в”њв”Ђ ASYMMETRIC
в”‚в”‚в””в”Ђ value: 1
в”‚в”њв”Ђ HALF_PIXEL
в”‚в”‚в””в”Ђ value: 2
в”‚в”њв”Ђ name
в”‚в””в”Ђ value
в”њв”Ђ ResizeRoundMode
в”‚в”њв”Ђ CEIL
в”‚в”‚в””в”Ђ value: 3
в”‚в”њв”Ђ FLOOR
в”‚в”‚в””в”Ђ value: 2
в”‚в”њв”Ђ HALF_DOWN
в”‚в”‚в””в”Ђ value: 1
в”‚в”њв”Ђ HALF_UP
в”‚в”‚в””в”Ђ value: 0
в”‚в”њв”Ђ name
в”‚в””в”Ђ value
в”њв”Ђ ResizeSelector
в”‚в”њв”Ђ FORMULA
в”‚в”‚в””в”Ђ value: 0
в”‚в”њв”Ђ UPPER
в”‚в”‚в””в”Ђ value: 1
в”‚в”њв”Ђ name
в”‚в””в”Ђ value
в”њв”Ђ Runtime
в”‚в”њв”Ђ DLA_core
в”‚в”њв”Ђ deserialize_cuda_engine
в”‚в”њв”Ђ engine_host_code_allowed
в”‚в”њв”Ђ error_recorder
в”‚в”њв”Ђ get_plugin_registry
в”‚в”њв”Ђ gpu_allocator
в”‚в”њв”Ђ load_runtime
в”‚в”њв”Ђ logger
в”‚в”њв”Ђ max_threads
в”‚в”њв”Ђ num_DLA_cores
в”‚в”њв”Ђ tempfile_control_flags
в”‚в””в”Ђ temporary_directory
в”њв”Ђ RuntimePlatform
в”‚в”њв”Ђ SAME_AS_BUILD
в”‚в”‚в””в”Ђ value: 0
в”‚в”њв”Ђ WINDOWS_AMD64
в”‚в”‚в””в”Ђ value: 1
в”‚в”њв”Ђ name
в”‚в””в”Ђ value
в”њв”Ђ SampleMode
в”‚в”њв”Ђ CLAMP
в”‚в”‚в””в”Ђ value: 2
в”‚в”њв”Ђ FILL
в”‚в”‚в””в”Ђ value: 3
в”‚в”њв”Ђ REFLECT
в”‚в”‚в””в”Ђ value: 4
в”‚в”њв”Ђ STRICT_BOUNDS
в”‚в”‚в””в”Ђ value: 0
в”‚в”њв”Ђ WRAP
в”‚в”‚в””в”Ђ value: 1
в”‚в”њв”Ђ name
в”‚в””в”Ђ value
в”њв”Ђ ScaleMode
в”‚в”њв”Ђ CHANNEL
в”‚в”‚в””в”Ђ value: 1
в”‚в”њв”Ђ ELEMENTWISE
в”‚в”‚в””в”Ђ value: 2
в”‚в”њв”Ђ UNIFORM
в”‚в”‚в””в”Ђ value: 0
в”‚в”њв”Ђ name
в”‚в””в”Ђ value
в”њв”Ђ ScatterMode
в”‚в”њв”Ђ ELEMENT
в”‚в”‚в””в”Ђ value: 0
в”‚в”њв”Ђ ND
в”‚в”‚в””в”Ђ value: 1
в”‚в”њв”Ђ name
в”‚в””в”Ђ value
в”њв”Ђ SeekPosition
в”‚в”њв”Ђ CUR
в”‚в”‚в””в”Ђ value: 1
в”‚в”њв”Ђ END
в”‚в”‚в””в”Ђ value: 2
в”‚в”њв”Ђ SET
в”‚в”‚в””в”Ђ value: 0
в”‚в”њв”Ђ name
в”‚в””в”Ђ value
в”њв”Ђ SerializationFlag
в”‚в”њв”Ђ EXCLUDE_LEAN_RUNTIME
в”‚в”‚в””в”Ђ value: 1
в”‚в”њв”Ђ EXCLUDE_WEIGHTS
в”‚в”‚в””в”Ђ value: 0
в”‚в”њв”Ђ INCLUDE_REFIT
в”‚в”‚в””в”Ђ value: 2
в”‚в”њв”Ђ name
в”‚в””в”Ђ value
в”њв”Ђ SubGraphCollection
в”‚в”њв”Ђ append
в”‚в”њв”Ђ clear
в”‚в”њв”Ђ count
в”‚в”њв”Ђ extend
в”‚в”њв”Ђ insert
в”‚в”њв”Ђ pop
в”‚в””в”Ђ remove
в”њв”Ђ TacticSource
в”‚в”њв”Ђ CUBLAS
в”‚в”‚в””в”Ђ value: 0
в”‚в”њв”Ђ CUBLAS_LT
в”‚в”‚в””в”Ђ value: 1
в”‚в”њв”Ђ CUDNN
в”‚в”‚в””в”Ђ value: 2
в”‚в”њв”Ђ EDGE_MASK_CONVOLUTIONS
в”‚в”‚в””в”Ђ value: 3
в”‚в”њв”Ђ JIT_CONVOLUTIONS
в”‚в”‚в””в”Ђ value: 4
в”‚в”њв”Ђ name
в”‚в””в”Ђ value
в”њв”Ђ TempfileControlFlag
в”‚в”њв”Ђ ALLOW_IN_MEMORY_FILES
в”‚в”‚в””в”Ђ value: 0
в”‚в”њв”Ђ ALLOW_TEMPORARY_FILES
в”‚в”‚в””в”Ђ value: 1
в”‚в”њв”Ђ name
в”‚в””в”Ђ value
в”њв”Ђ TensorFormat
в”‚в”њв”Ђ CDHW32
в”‚в”‚в””в”Ђ value: 7
в”‚в”њв”Ђ CHW16
в”‚в”‚в””в”Ђ value: 4
в”‚в”њв”Ђ CHW2
в”‚в”‚в””в”Ђ value: 1
в”‚в”њв”Ђ CHW32
в”‚в”‚в””в”Ђ value: 5
в”‚в”њв”Ђ CHW4
в”‚в”‚в””в”Ђ value: 3
в”‚в”њв”Ђ DHWC
в”‚в”‚в””в”Ђ value: 12
в”‚в”њв”Ђ DHWC8
в”‚в”‚в””в”Ђ value: 6
в”‚в”њв”Ђ DLA_HWC4
в”‚в”‚в””в”Ђ value: 10
в”‚в”њв”Ђ DLA_LINEAR
в”‚в”‚в””в”Ђ value: 9
в”‚в”њв”Ђ HWC
в”‚в”‚в””в”Ђ value: 8
в”‚в”њв”Ђ HWC16
в”‚в”‚в””в”Ђ value: 11
в”‚в”њв”Ђ HWC8
в”‚в”‚в””в”Ђ value: 2
в”‚в”њв”Ђ LINEAR
в”‚в”‚в””в”Ђ value: 0
в”‚в”њв”Ђ name
в”‚в””в”Ђ value
в”њв”Ђ TensorIOMode
в”‚в”њв”Ђ INPUT
в”‚в”‚в””в”Ђ value: 1
в”‚в”њв”Ђ NONE
в”‚в”‚в””в”Ђ value: 0
в”‚в”њв”Ђ OUTPUT
в”‚в”‚в””в”Ђ value: 2
в”‚в”њв”Ђ name
в”‚в””в”Ђ value
в”њв”Ђ TensorLocation
в”‚в”њв”Ђ DEVICE
в”‚в”‚в””в”Ђ value: 0
в”‚в”њв”Ђ HOST
в”‚в”‚в””в”Ђ value: 1
в”‚в”њв”Ђ name
в”‚в””в”Ђ value
в”њв”Ђ TensorRTPhase
в”‚в”њв”Ђ BUILD
в”‚в”‚в””в”Ђ value: 0
в”‚в”њв”Ђ RUNTIME
в”‚в”‚в””в”Ђ value: 1
в”‚в”њв”Ђ name
в”‚в””в”Ђ value
в”њв”Ђ TilingOptimizationLevel
в”‚в”њв”Ђ FAST
в”‚в”‚в””в”Ђ value: 1
в”‚в”њв”Ђ FULL
в”‚в”‚в””в”Ђ value: 3
в”‚в”њв”Ђ MODERATE
в”‚в”‚в””в”Ђ value: 2
в”‚в”њв”Ђ NONE
в”‚в”‚в””в”Ђ value: 0
в”‚в”њв”Ђ name
в”‚в””в”Ђ value
в”њв”Ђ TimingCacheKey
в”‚в””в”Ђ parse()
в”њв”Ђ TimingCacheValue
в”‚в”њв”Ђ tacticHash
в”‚в””в”Ђ timingMSec
в”њв”Ђ TopKOperation
в”‚в”њв”Ђ MAX
в”‚в”‚в””в”Ђ value: 0
в”‚в”њв”Ђ MIN
в”‚в”‚в””в”Ђ value: 1
в”‚в”њв”Ђ name
в”‚в””в”Ђ value
в”њв”Ђ TripLimit
в”‚в”њв”Ђ COUNT
в”‚в”‚в””в”Ђ value: 0
в”‚в”њв”Ђ WHILE
в”‚в”‚в””в”Ђ value: 1
в”‚в”њв”Ђ name
в”‚в””в”Ђ value
в”њв”Ђ UnaryOperation
в”‚в”њв”Ђ ABS
в”‚в”‚в””в”Ђ value: 4
в”‚в”њв”Ђ ACOS
в”‚в”‚в””в”Ђ value: 12
в”‚в”њв”Ђ ACOSH
в”‚в”‚в””в”Ђ value: 15
в”‚в”њв”Ђ ASIN
в”‚в”‚в””в”Ђ value: 11
в”‚в”њв”Ђ ASINH
в”‚в”‚в””в”Ђ value: 14
в”‚в”њв”Ђ ATAN
в”‚в”‚в””в”Ђ value: 13
в”‚в”њв”Ђ ATANH
в”‚в”‚в””в”Ђ value: 16
в”‚в”њв”Ђ CEIL
в”‚в”‚в””в”Ђ value: 17
в”‚в”њв”Ђ COS
в”‚в”‚в””в”Ђ value: 7
в”‚в”њв”Ђ COSH
в”‚в”‚в””в”Ђ value: 10
в”‚в”њв”Ђ ERF
в”‚в”‚в””в”Ђ value: 19
в”‚в”њв”Ђ EXP
в”‚в”‚в””в”Ђ value: 0
в”‚в”њв”Ђ FLOOR
в”‚в”‚в””в”Ђ value: 18
в”‚в”њв”Ђ ISINF
в”‚в”‚в””в”Ђ value: 23
в”‚в”њв”Ђ ISNAN
в”‚в”‚в””в”Ђ value: 24
в”‚в”њв”Ђ LOG
в”‚в”‚в””в”Ђ value: 1
в”‚в”њв”Ђ NEG
в”‚в”‚в””в”Ђ value: 5
в”‚в”њв”Ђ NOT
в”‚в”‚в””в”Ђ value: 20
в”‚в”њв”Ђ RECIP
в”‚в”‚в””в”Ђ value: 3
в”‚в”њв”Ђ ROUND
в”‚в”‚в””в”Ђ value: 22
в”‚в”њв”Ђ SIGN
в”‚в”‚в””в”Ђ value: 21
в”‚в”њв”Ђ SIN
в”‚в”‚в””в”Ђ value: 6
в”‚в”њв”Ђ SINH
в”‚в”‚в””в”Ђ value: 9
в”‚в”њв”Ђ SQRT
в”‚в”‚в””в”Ђ value: 2
в”‚в”њв”Ђ TAN
в”‚в”‚в””в”Ђ value: 8
в”‚в”њв”Ђ name
в”‚в””в”Ђ value
в”њв”Ђ Weights
в”‚в”њв”Ђ dtype
в”‚в”њв”Ђ nbytes
в”‚в”њв”Ђ numpy
в”‚в””в”Ђ size
в”њв”Ђ WeightsRole
в”‚в”њв”Ђ ANY
в”‚в”‚в””в”Ђ value: 5
в”‚в”њв”Ђ BIAS
в”‚в”‚в””в”Ђ value: 1
в”‚в”њв”Ђ CONSTANT
в”‚в”‚в””в”Ђ value: 4
в”‚в”њв”Ђ KERNEL
в”‚в”‚в””в”Ђ value: 0
в”‚в”њв”Ђ SCALE
в”‚в”‚в””в”Ђ value: 3
в”‚в”њв”Ђ SHIFT
в”‚в”‚в””в”Ђ value: 2
в”‚в”њв”Ђ name
в”‚в””в”Ђ value
в”њв”Ђ _itemsize()
в”њв”Ђ attr: VERBOSE
в”њв”Ђ bfloat16
в”‚в”њв”Ђ itemsize: 2
в”‚в””в”Ђ value: 7
в”њв”Ђ bool
в”‚в”њв”Ђ itemsize: 1
в”‚в””в”Ђ value: 4
в”њв”Ђ common_enter()
в”њв”Ђ common_exit()
в”њв”Ђ e8m0
в”‚в”њв”Ђ itemsize
в”‚в””в”Ђ value: 11
в”њв”Ђ float16
в”‚в”њв”Ђ itemsize: 2
в”‚в””в”Ђ value: 1
в”њв”Ђ float32
в”‚в”њв”Ђ itemsize: 4
в”‚в””в”Ђ value: 0
в”њв”Ђ fp4
в”‚в”њв”Ђ itemsize: 0.5
в”‚в””в”Ђ value: 10
в”њв”Ђ fp8
в”‚в”њв”Ђ itemsize: 1
в”‚в””в”Ђ value: 6
в”њв”Ђ get_builder_plugin_registry()
в”њв”Ђ get_nv_onnx_parser_version()
в”њв”Ђ get_plugin_registry()
в”њв”Ђ init_libnvinfer_plugins()
в”њв”Ђ int32
в”‚в”њв”Ђ itemsize: 4
в”‚в””в”Ђ value: 3
в”њв”Ђ int4
в”‚в”њв”Ђ itemsize: 0.5
в”‚в””в”Ђ value: 9
в”њв”Ђ int64
в”‚в”њв”Ђ itemsize: 8
в”‚в””в”Ђ value: 8
в”њв”Ђ int8
в”‚в”њв”Ђ itemsize: 1
в”‚в””в”Ђ value: 2
в”њв”Ђ nptype()
в”њв”Ђ uint8
в”‚в”њв”Ђ itemsize: 1
в”‚в””в”Ђ value: 5
в”њв”Ђ value
в”‚в””в”Ђ value: 4
в”њв”Ђ volume()
