Input 0: (1, 3, 4, 5) 
 [[[[1. 1. 1. 1. 1.]
   [1. 1. 1. 1. 1.]
   [1. 1. 1. 1. 1.]
   [1. 1. 1. 1. 1.]]

  [[1. 1. 1. 1. 1.]
   [1. 1. 1. 1. 1.]
   [1. 1. 1. 1. 1.]
   [1. 1. 1. 1. 1.]]

  [[1. 1. 1. 1. 1.]
   [1. 1. 1. 1. 1.]
   [1. 1. 1. 1. 1.]
   [1. 1. 1. 1. 1.]]]]
Input 1: (1, 3, 4, 5) 
 [[[[2. 2. 2. 2. 2.]
   [2. 2. 2. 2. 2.]
   [2. 2. 2. 2. 2.]
   [2. 2. 2. 2. 2.]]

  [[2. 2. 2. 2. 2.]
   [2. 2. 2. 2. 2.]
   [2. 2. 2. 2. 2.]
   [2. 2. 2. 2. 2.]]

  [[2. 2. 2. 2. 2.]
   [2. 2. 2. 2. 2.]
   [2. 2. 2. 2. 2.]
   [2. 2. 2. 2. 2.]]]]
Output 0: (1, 3, 4, 5) 
 [[[[3. 3. 3. 3. 3.]
   [3. 3. 3. 3. 3.]
   [3. 3. 3. 3. 3.]
   [3. 3. 3. 3. 3.]]

  [[3. 3. 3. 3. 3.]
   [3. 3. 3. 3. 3.]
   [3. 3. 3. 3. 3.]
   [3. 3. 3. 3. 3.]]

  [[3. 3. 3. 3. 3.]
   [3. 3. 3. 3. 3.]
   [3. 3. 3. 3. 3.]
   [3. 3. 3. 3. 3.]]]]
