[ 0]Input -> DataType.FLOAT (1, 3, 4, 5) (1, 3, 4, 5) inputT0
[ 1]Input -> DataType.FLOAT (1, 3, 4, 5) (1, 3, 4, 5) inputT1
[ 2]Output-> DataType.FLOAT (1, 3, 4, 5) (1, 3, 4, 5) (Unnamed Layer* 0) [ElementWise]_output
inputT0
[[[[2. 2. 2. 2. 2.]
   [2. 2. 2. 2. 2.]
   [2. 2. 2. 2. 2.]
   [2. 2. 2. 2. 2.]]

  [[2. 2. 2. 2. 2.]
   [2. 2. 2. 2. 2.]
   [2. 2. 2. 2. 2.]
   [2. 2. 2. 2. 2.]]

  [[2. 2. 2. 2. 2.]
   [2. 2. 2. 2. 2.]
   [2. 2. 2. 2. 2.]
   [2. 2. 2. 2. 2.]]]]
inputT1
[[[[3. 3. 3. 3. 3.]
   [3. 3. 3. 3. 3.]
   [3. 3. 3. 3. 3.]
   [3. 3. 3. 3. 3.]]

  [[3. 3. 3. 3. 3.]
   [3. 3. 3. 3. 3.]
   [3. 3. 3. 3. 3.]
   [3. 3. 3. 3. 3.]]

  [[3. 3. 3. 3. 3.]
   [3. 3. 3. 3. 3.]
   [3. 3. 3. 3. 3.]
   [3. 3. 3. 3. 3.]]]]
(Unnamed Layer* 0) [ElementWise]_output
[[[[8. 8. 8. 8. 8.]
   [8. 8. 8. 8. 8.]
   [8. 8. 8. 8. 8.]
   [8. 8. 8. 8. 8.]]

  [[8. 8. 8. 8. 8.]
   [8. 8. 8. 8. 8.]
   [8. 8. 8. 8. 8.]
   [8. 8. 8. 8. 8.]]

  [[8. 8. 8. 8. 8.]
   [8. 8. 8. 8. 8.]
   [8. 8. 8. 8. 8.]
   [8. 8. 8. 8. 8.]]]]
