[ 0]Input -> DataType.FLOAT (1, 3, 4, 5) (1, 3, 4, 5) inputT0
[ 1]Input -> DataType.FLOAT (1, 3, 4, 5) (1, 3, 4, 5) inputT1
[ 2]Output-> DataType.FLOAT (1, 3, 4, 5) (1, 3, 4, 5) (Unnamed Layer* 0) [ElementWise]_output
inputT0
[[[[1. 1. 1. 1. 1.]
   [1. 1. 1. 1. 1.]
   [1. 1. 1. 1. 1.]
   [1. 1. 1. 1. 1.]]

  [[1. 1. 1. 1. 1.]
   [1. 1. 1. 1. 1.]
   [1. 1. 1. 1. 1.]
   [1. 1. 1. 1. 1.]]

  [[1. 1. 1. 1. 1.]
   [1. 1. 1. 1. 1.]
   [1. 1. 1. 1. 1.]
   [1. 1. 1. 1. 1.]]]]
inputT1
[[[[2. 2. 2. 2. 2.]
   [2. 2. 2. 2. 2.]
   [2. 2. 2. 2. 2.]
   [2. 2. 2. 2. 2.]]

  [[2. 2. 2. 2. 2.]
   [2. 2. 2. 2. 2.]
   [2. 2. 2. 2. 2.]
   [2. 2. 2. 2. 2.]]

  [[2. 2. 2. 2. 2.]
   [2. 2. 2. 2. 2.]
   [2. 2. 2. 2. 2.]
   [2. 2. 2. 2. 2.]]]]
(Unnamed Layer* 0) [ElementWise]_output
[[[[-1. -1. -1. -1. -1.]
   [-1. -1. -1. -1. -1.]
   [-1. -1. -1. -1. -1.]
   [-1. -1. -1. -1. -1.]]

  [[-1. -1. -1. -1. -1.]
   [-1. -1. -1. -1. -1.]
   [-1. -1. -1. -1. -1.]
   [-1. -1. -1. -1. -1.]]

  [[-1. -1. -1. -1. -1.]
   [-1. -1. -1. -1. -1.]
   [-1. -1. -1. -1. -1.]
   [-1. -1. -1. -1. -1.]]]]
