tw.network.is_debug_tensor(tensor1) = True
Input ->DataType.FLOAT, (3, 4, 5), (3, 4, 5), inputT0
Output->DataType.FLOAT, (3, 4, 5), (3, 4, 5), (Unnamed Layer* 1) [ElementWise]_output
tw.engine.is_debug_tensor('a_cute_tensor') = True
tw.context.get_debug_state('a_cute_tensor') = True
a_cute_tensor:(3, 4, 5),SumAbs=3.54000e+03,Var=1199.66663,Max=118.00000,Min=0.00000,SAD=118.00000
                 [0. 2. 4. 6. 8.] [110. 112. 114. 116. 118.]
#### Check debug tensor a_cute_tensor: False ####
inputT0
[[[ 0.  1.  2.  3.  4.]
  [ 5.  6.  7.  8.  9.]
  [10. 11. 12. 13. 14.]
  [15. 16. 17. 18. 19.]]

 [[20. 21. 22. 23. 24.]
  [25. 26. 27. 28. 29.]
  [30. 31. 32. 33. 34.]
  [35. 36. 37. 38. 39.]]

 [[40. 41. 42. 43. 44.]
  [45. 46. 47. 48. 49.]
  [50. 51. 52. 53. 54.]
  [55. 56. 57. 58. 59.]]]
(Unnamed Layer* 1) [ElementWise]_output
[[[  0.   4.   8.  12.  16.]
  [ 20.  24.  28.  32.  36.]
  [ 40.  44.  48.  52.  56.]
  [ 60.  64.  68.  72.  76.]]

 [[ 80.  84.  88.  92.  96.]
  [100. 104. 108. 112. 116.]
  [120. 124. 128. 132. 136.]
  [140. 144. 148. 152. 156.]]

 [[160. 164. 168. 172. 176.]
  [180. 184. 188. 192. 196.]
  [200. 204. 208. 212. 216.]
  [220. 224. 228. 232. 236.]]]
