[TensorRT-Cookbook] Version: 0.1.0
[04/25/2026-04:10:45] [TRT] [W] Using default stream in enqueueV3() may lead to performance issues due to additional calls to cudaStreamSynchronize() by TensorRT to ensure correct synchronization. Please use non-default stream instead.
[04/25/2026-04:10:45] [TRT] [W] Using default stream in enqueueV3() may lead to performance issues due to additional calls to cudaStreamSynchronize() by TensorRT to ensure correct synchronization. Please use non-default stream instead.
============================== Start [case_simple,(),{}]
Input ->DataType.FLOAT, (3, 4, 5), (3, 4, 5), tensor
Output->DataType.INT64, (3, -1), (3, -1), (Unnamed Layer* 0) [NonZero]_output
tensor
[[[ 0.  1.  0.  0.  0.]
  [ 0.  0.  0.  0.  0.]
  [ 0.  0.  0.  2.  0.]
  [ 0.  0.  0.  0.  3.]]

 [[ 0.  0.  0.  0.  0.]
  [ 4.  5.  6.  7.  8.]
  [ 0.  0.  0.  0.  0.]
  [ 0.  0.  0.  0.  0.]]

 [[ 0.  9.  0.  0.  0.]
  [ 0. 10.  0.  0.  0.]
  [ 0. 11.  0.  0.  0.]
  [ 0. 12.  0.  0.  0.]]]
(Unnamed Layer* 0) [NonZero]_output
[[0 0 0 1 1 1 1 1 2 2 2 2]
 [0 2 3 1 1 1 1 1 0 1 2 3]
 [1 3 4 0 1 2 3 4 1 1 1 1]]
============================== End   [case_simple]
============================== Start [case_deprecated,(),{}]
Input ->DataType.FLOAT, (3, 4, 5), (3, 4, 5), tensor
Output->DataType.INT64, (3, -1), (3, -1), (Unnamed Layer* 0) [NonZero]_output
tensor
[[[ 0.  1.  0.  0.  0.]
  [ 0.  0.  0.  0.  0.]
  [ 0.  0.  0.  2.  0.]
  [ 0.  0.  0.  0.  3.]]

 [[ 0.  0.  0.  0.  0.]
  [ 4.  5.  6.  7.  8.]
  [ 0.  0.  0.  0.  0.]
  [ 0.  0.  0.  0.  0.]]

 [[ 0.  9.  0.  0.  0.]
  [ 0. 10.  0.  0.  0.]
  [ 0. 11.  0.  0.  0.]
  [ 0. 12.  0.  0.  0.]]]
(Unnamed Layer* 0) [NonZero]_output
[[0 0 0 1 1 1 1 1 2 2 2 2]
 [0 2 3 1 1 1 1 1 0 1 2 3]
 [1 3 4 0 1 2 3 4 1 1 1 1]]
============================== End   [case_deprecated]
Finish
