[TensorRT-Cookbook] Version: 1.0.0
[07/07/2026-01:33:24] [TRT] [W] (Unnamed Layer* 0) [Resize]: Resize scale factors are not set. Output dims are set instead.
[07/07/2026-01:33:25] [TRT] [W] Using default stream in enqueueV3() may lead to performance issues due to additional calls to cudaStreamSynchronize() by TensorRT to ensure correct synchronization. Please use non-default stream instead.
[07/07/2026-01:33:26] [TRT] [W] Using default stream in enqueueV3() may lead to performance issues due to additional calls to cudaStreamSynchronize() by TensorRT to ensure correct synchronization. Please use non-default stream instead.
[07/07/2026-01:33:26] [TRT] [W] Using default stream in enqueueV3() may lead to performance issues due to additional calls to cudaStreamSynchronize() by TensorRT to ensure correct synchronization. Please use non-default stream instead.
[07/07/2026-01:33:27] [TRT] [W] Using default stream in enqueueV3() may lead to performance issues due to additional calls to cudaStreamSynchronize() by TensorRT to ensure correct synchronization. Please use non-default stream instead.
[07/07/2026-01:33:28] [TRT] [W] Using default stream in enqueueV3() may lead to performance issues due to additional calls to cudaStreamSynchronize() by TensorRT to ensure correct synchronization. Please use non-default stream instead.
[07/07/2026-01:33:29] [TRT] [W] Using default stream in enqueueV3() may lead to performance issues due to additional calls to cudaStreamSynchronize() by TensorRT to ensure correct synchronization. Please use non-default stream instead.
[07/07/2026-01:33:29] [TRT] [W] Using default stream in enqueueV3() may lead to performance issues due to additional calls to cudaStreamSynchronize() by TensorRT to ensure correct synchronization. Please use non-default stream instead.
============================== Start [case_simple,(),{}]

================ Public members of <tensorrt.tensorrt.IResizeLayer object at 0x7910cfadc570> (instance)
 0 Callback members: []
 0 Callable methods: []
 8 Non-callable attributions: ['coordinate_transformation', 'cubic_coeff', 'exclude_outside', 'nearest_rounding', 'resize_mode', 'scales', 'selector_for_single_pixel', 'shape']
Input ->DataType.FLOAT, (1, 3, 4, 5), (1, 3, 4, 5), tensor
Output->DataType.FLOAT, (2, 3, 6, 10), (2, 3, 6, 10), (Unnamed Layer* 0) [Resize]_output
tensor
[[[[ 0.  1.  2.  3.  4.]
   [ 5.  6.  7.  8.  9.]
   [10. 11. 12. 13. 14.]
   [15. 16. 17. 18. 19.]]

  [[20. 21. 22. 23. 24.]
   [25. 26. 27. 28. 29.]
   [30. 31. 32. 33. 34.]
   [35. 36. 37. 38. 39.]]

  [[40. 41. 42. 43. 44.]
   [45. 46. 47. 48. 49.]
   [50. 51. 52. 53. 54.]
   [55. 56. 57. 58. 59.]]]]
(Unnamed Layer* 0) [Resize]_output
[[[[ 0.  0.  1.  1.  2.  2.  3.  3.  4.  4.]
   [ 0.  0.  1.  1.  2.  2.  3.  3.  4.  4.]
   [ 5.  5.  6.  6.  7.  7.  8.  8.  9.  9.]
   [10. 10. 11. 11. 12. 12. 13. 13. 14. 14.]
   [10. 10. 11. 11. 12. 12. 13. 13. 14. 14.]
   [15. 15. 16. 16. 17. 17. 18. 18. 19. 19.]]

  [[20. 20. 21. 21. 22. 22. 23. 23. 24. 24.]
   [20. 20. 21. 21. 22. 22. 23. 23. 24. 24.]
   [25. 25. 26. 26. 27. 27. 28. 28. 29. 29.]
   [30. 30. 31. 31. 32. 32. 33. 33. 34. 34.]
   [30. 30. 31. 31. 32. 32. 33. 33. 34. 34.]
   [35. 35. 36. 36. 37. 37. 38. 38. 39. 39.]]

  [[40. 40. 41. 41. 42. 42. 43. 43. 44. 44.]
   [40. 40. 41. 41. 42. 42. 43. 43. 44. 44.]
   [45. 45. 46. 46. 47. 47. 48. 48. 49. 49.]
   [50. 50. 51. 51. 52. 52. 53. 53. 54. 54.]
   [50. 50. 51. 51. 52. 52. 53. 53. 54. 54.]
   [55. 55. 56. 56. 57. 57. 58. 58. 59. 59.]]]


 [[[ 0.  0.  1.  1.  2.  2.  3.  3.  4.  4.]
   [ 0.  0.  1.  1.  2.  2.  3.  3.  4.  4.]
   [ 5.  5.  6.  6.  7.  7.  8.  8.  9.  9.]
   [10. 10. 11. 11. 12. 12. 13. 13. 14. 14.]
   [10. 10. 11. 11. 12. 12. 13. 13. 14. 14.]
   [15. 15. 16. 16. 17. 17. 18. 18. 19. 19.]]

  [[20. 20. 21. 21. 22. 22. 23. 23. 24. 24.]
   [20. 20. 21. 21. 22. 22. 23. 23. 24. 24.]
   [25. 25. 26. 26. 27. 27. 28. 28. 29. 29.]
   [30. 30. 31. 31. 32. 32. 33. 33. 34. 34.]
   [30. 30. 31. 31. 32. 32. 33. 33. 34. 34.]
   [35. 35. 36. 36. 37. 37. 38. 38. 39. 39.]]

  [[40. 40. 41. 41. 42. 42. 43. 43. 44. 44.]
   [40. 40. 41. 41. 42. 42. 43. 43. 44. 44.]
   [45. 45. 46. 46. 47. 47. 48. 48. 49. 49.]
   [50. 50. 51. 51. 52. 52. 53. 53. 54. 54.]
   [50. 50. 51. 51. 52. 52. 53. 53. 54. 54.]
   [55. 55. 56. 56. 57. 57. 58. 58. 59. 59.]]]]
============================== End   [case_simple]
============================== Start [case_set_input,(),{}]
Input ->DataType.FLOAT, (1, 3, 4, 5), (1, 3, 4, 5), tensor
Output->DataType.FLOAT, (2, 3, 6, 10), (2, 3, 6, 10), (Unnamed Layer* 1) [Resize]_output
tensor
[[[[ 0.  1.  2.  3.  4.]
   [ 5.  6.  7.  8.  9.]
   [10. 11. 12. 13. 14.]
   [15. 16. 17. 18. 19.]]

  [[20. 21. 22. 23. 24.]
   [25. 26. 27. 28. 29.]
   [30. 31. 32. 33. 34.]
   [35. 36. 37. 38. 39.]]

  [[40. 41. 42. 43. 44.]
   [45. 46. 47. 48. 49.]
   [50. 51. 52. 53. 54.]
   [55. 56. 57. 58. 59.]]]]
(Unnamed Layer* 1) [Resize]_output
[[[[ 0.  0.  1.  1.  2.  2.  3.  3.  4.  4.]
   [ 0.  0.  1.  1.  2.  2.  3.  3.  4.  4.]
   [ 5.  5.  6.  6.  7.  7.  8.  8.  9.  9.]
   [10. 10. 11. 11. 12. 12. 13. 13. 14. 14.]
   [10. 10. 11. 11. 12. 12. 13. 13. 14. 14.]
   [15. 15. 16. 16. 17. 17. 18. 18. 19. 19.]]

  [[20. 20. 21. 21. 22. 22. 23. 23. 24. 24.]
   [20. 20. 21. 21. 22. 22. 23. 23. 24. 24.]
   [25. 25. 26. 26. 27. 27. 28. 28. 29. 29.]
   [30. 30. 31. 31. 32. 32. 33. 33. 34. 34.]
   [30. 30. 31. 31. 32. 32. 33. 33. 34. 34.]
   [35. 35. 36. 36. 37. 37. 38. 38. 39. 39.]]

  [[40. 40. 41. 41. 42. 42. 43. 43. 44. 44.]
   [40. 40. 41. 41. 42. 42. 43. 43. 44. 44.]
   [45. 45. 46. 46. 47. 47. 48. 48. 49. 49.]
   [50. 50. 51. 51. 52. 52. 53. 53. 54. 54.]
   [50. 50. 51. 51. 52. 52. 53. 53. 54. 54.]
   [55. 55. 56. 56. 57. 57. 58. 58. 59. 59.]]]


 [[[ 0.  0.  1.  1.  2.  2.  3.  3.  4.  4.]
   [ 0.  0.  1.  1.  2.  2.  3.  3.  4.  4.]
   [ 5.  5.  6.  6.  7.  7.  8.  8.  9.  9.]
   [10. 10. 11. 11. 12. 12. 13. 13. 14. 14.]
   [10. 10. 11. 11. 12. 12. 13. 13. 14. 14.]
   [15. 15. 16. 16. 17. 17. 18. 18. 19. 19.]]

  [[20. 20. 21. 21. 22. 22. 23. 23. 24. 24.]
   [20. 20. 21. 21. 22. 22. 23. 23. 24. 24.]
   [25. 25. 26. 26. 27. 27. 28. 28. 29. 29.]
   [30. 30. 31. 31. 32. 32. 33. 33. 34. 34.]
   [30. 30. 31. 31. 32. 32. 33. 33. 34. 34.]
   [35. 35. 36. 36. 37. 37. 38. 38. 39. 39.]]

  [[40. 40. 41. 41. 42. 42. 43. 43. 44. 44.]
   [40. 40. 41. 41. 42. 42. 43. 43. 44. 44.]
   [45. 45. 46. 46. 47. 47. 48. 48. 49. 49.]
   [50. 50. 51. 51. 52. 52. 53. 53. 54. 54.]
   [50. 50. 51. 51. 52. 52. 53. 53. 54. 54.]
   [55. 55. 56. 56. 57. 57. 58. 58. 59. 59.]]]]
============================== End   [case_set_input]
============================== Start [case_cubic_mode,(),{}]
Input ->DataType.FLOAT, (1, 3, 4, 5), (1, 3, 4, 5), tensor
Output->DataType.FLOAT, (1, 3, 4, 5), (1, 3, 4, 5), (Unnamed Layer* 0) [Resize]_output
tensor
[[[[ 0.  1.  2.  3.  4.]
   [ 5.  6.  7.  8.  9.]
   [10. 11. 12. 13. 14.]
   [15. 16. 17. 18. 19.]]

  [[20. 21. 22. 23. 24.]
   [25. 26. 27. 28. 29.]
   [30. 31. 32. 33. 34.]
   [35. 36. 37. 38. 39.]]

  [[40. 41. 42. 43. 44.]
   [45. 46. 47. 48. 49.]
   [50. 51. 52. 53. 54.]
   [55. 56. 57. 58. 59.]]]]
(Unnamed Layer* 0) [Resize]_output
[[[[ 0.  1.  2.  3.  4.]
   [ 5.  6.  7.  8.  9.]
   [10. 11. 12. 13. 14.]
   [15. 16. 17. 18. 19.]]

  [[20. 21. 22. 23. 24.]
   [25. 26. 27. 28. 29.]
   [30. 31. 32. 33. 34.]
   [35. 36. 37. 38. 39.]]

  [[40. 41. 42. 43. 44.]
   [45. 46. 47. 48. 49.]
   [50. 51. 52. 53. 54.]
   [55. 56. 57. 58. 59.]]]]
============================== End   [case_cubic_mode]
============================== Start [case_linear,(),{}]
Input ->DataType.FLOAT, (1, 3, 4, 5), (1, 3, 4, 5), tensor
Output->DataType.FLOAT, (1, 3, 1, 1), (1, 3, 1, 1), (Unnamed Layer* 0) [Resize]_output
tensor
[[[[ 0.  1.  2.  3.  4.]
   [ 5.  6.  7.  8.  9.]
   [10. 11. 12. 13. 14.]
   [15. 16. 17. 18. 19.]]

  [[20. 21. 22. 23. 24.]
   [25. 26. 27. 28. 29.]
   [30. 31. 32. 33. 34.]
   [35. 36. 37. 38. 39.]]

  [[40. 41. 42. 43. 44.]
   [45. 46. 47. 48. 49.]
   [50. 51. 52. 53. 54.]
   [55. 56. 57. 58. 59.]]]]
(Unnamed Layer* 0) [Resize]_output
[[[[ 0.]]

  [[20.]]

  [[40.]]]]
============================== End   [case_linear]
============================== Start [case_nearest_round_modes,(),{}]
Input ->DataType.FLOAT, (1, 3, 4, 5), (1, 3, 4, 5), tensor
Output->DataType.FLOAT, (2, 3, 6, 10), (2, 3, 6, 10), (Unnamed Layer* 0) [Resize]_output
Output->DataType.FLOAT, (2, 3, 6, 10), (2, 3, 6, 10), (Unnamed Layer* 1) [Resize]_output
Output->DataType.FLOAT, (2, 3, 6, 10), (2, 3, 6, 10), (Unnamed Layer* 2) [Resize]_output
Output->DataType.FLOAT, (2, 3, 6, 10), (2, 3, 6, 10), (Unnamed Layer* 3) [Resize]_output
tensor
[[[[ 0.  1.  2.  3.  4.]
   [ 5.  6.  7.  8.  9.]
   [10. 11. 12. 13. 14.]
   [15. 16. 17. 18. 19.]]

  [[20. 21. 22. 23. 24.]
   [25. 26. 27. 28. 29.]
   [30. 31. 32. 33. 34.]
   [35. 36. 37. 38. 39.]]

  [[40. 41. 42. 43. 44.]
   [45. 46. 47. 48. 49.]
   [50. 51. 52. 53. 54.]
   [55. 56. 57. 58. 59.]]]]
(Unnamed Layer* 0) [Resize]_output
[[[[ 0.  0.  1.  1.  2.  2.  3.  3.  4.  4.]
   [ 0.  0.  1.  1.  2.  2.  3.  3.  4.  4.]
   [ 5.  5.  6.  6.  7.  7.  8.  8.  9.  9.]
   [10. 10. 11. 11. 12. 12. 13. 13. 14. 14.]
   [10. 10. 11. 11. 12. 12. 13. 13. 14. 14.]
   [15. 15. 16. 16. 17. 17. 18. 18. 19. 19.]]

  [[20. 20. 21. 21. 22. 22. 23. 23. 24. 24.]
   [20. 20. 21. 21. 22. 22. 23. 23. 24. 24.]
   [25. 25. 26. 26. 27. 27. 28. 28. 29. 29.]
   [30. 30. 31. 31. 32. 32. 33. 33. 34. 34.]
   [30. 30. 31. 31. 32. 32. 33. 33. 34. 34.]
   [35. 35. 36. 36. 37. 37. 38. 38. 39. 39.]]

  [[40. 40. 41. 41. 42. 42. 43. 43. 44. 44.]
   [40. 40. 41. 41. 42. 42. 43. 43. 44. 44.]
   [45. 45. 46. 46. 47. 47. 48. 48. 49. 49.]
   [50. 50. 51. 51. 52. 52. 53. 53. 54. 54.]
   [50. 50. 51. 51. 52. 52. 53. 53. 54. 54.]
   [55. 55. 56. 56. 57. 57. 58. 58. 59. 59.]]]


 [[[ 0.  0.  1.  1.  2.  2.  3.  3.  4.  4.]
   [ 0.  0.  1.  1.  2.  2.  3.  3.  4.  4.]
   [ 5.  5.  6.  6.  7.  7.  8.  8.  9.  9.]
   [10. 10. 11. 11. 12. 12. 13. 13. 14. 14.]
   [10. 10. 11. 11. 12. 12. 13. 13. 14. 14.]
   [15. 15. 16. 16. 17. 17. 18. 18. 19. 19.]]

  [[20. 20. 21. 21. 22. 22. 23. 23. 24. 24.]
   [20. 20. 21. 21. 22. 22. 23. 23. 24. 24.]
   [25. 25. 26. 26. 27. 27. 28. 28. 29. 29.]
   [30. 30. 31. 31. 32. 32. 33. 33. 34. 34.]
   [30. 30. 31. 31. 32. 32. 33. 33. 34. 34.]
   [35. 35. 36. 36. 37. 37. 38. 38. 39. 39.]]

  [[40. 40. 41. 41. 42. 42. 43. 43. 44. 44.]
   [40. 40. 41. 41. 42. 42. 43. 43. 44. 44.]
   [45. 45. 46. 46. 47. 47. 48. 48. 49. 49.]
   [50. 50. 51. 51. 52. 52. 53. 53. 54. 54.]
   [50. 50. 51. 51. 52. 52. 53. 53. 54. 54.]
   [55. 55. 56. 56. 57. 57. 58. 58. 59. 59.]]]]
(Unnamed Layer* 1) [Resize]_output
[[[[ 0.  1.  1.  2.  2.  3.  3.  4.  4.  4.]
   [ 5.  6.  6.  7.  7.  8.  8.  9.  9.  9.]
   [10. 11. 11. 12. 12. 13. 13. 14. 14. 14.]
   [10. 11. 11. 12. 12. 13. 13. 14. 14. 14.]
   [15. 16. 16. 17. 17. 18. 18. 19. 19. 19.]
   [15. 16. 16. 17. 17. 18. 18. 19. 19. 19.]]

  [[20. 21. 21. 22. 22. 23. 23. 24. 24. 24.]
   [25. 26. 26. 27. 27. 28. 28. 29. 29. 29.]
   [30. 31. 31. 32. 32. 33. 33. 34. 34. 34.]
   [30. 31. 31. 32. 32. 33. 33. 34. 34. 34.]
   [35. 36. 36. 37. 37. 38. 38. 39. 39. 39.]
   [35. 36. 36. 37. 37. 38. 38. 39. 39. 39.]]

  [[40. 41. 41. 42. 42. 43. 43. 44. 44. 44.]
   [45. 46. 46. 47. 47. 48. 48. 49. 49. 49.]
   [50. 51. 51. 52. 52. 53. 53. 54. 54. 54.]
   [50. 51. 51. 52. 52. 53. 53. 54. 54. 54.]
   [55. 56. 56. 57. 57. 58. 58. 59. 59. 59.]
   [55. 56. 56. 57. 57. 58. 58. 59. 59. 59.]]]


 [[[ 0.  1.  1.  2.  2.  3.  3.  4.  4.  4.]
   [ 5.  6.  6.  7.  7.  8.  8.  9.  9.  9.]
   [10. 11. 11. 12. 12. 13. 13. 14. 14. 14.]
   [10. 11. 11. 12. 12. 13. 13. 14. 14. 14.]
   [15. 16. 16. 17. 17. 18. 18. 19. 19. 19.]
   [15. 16. 16. 17. 17. 18. 18. 19. 19. 19.]]

  [[20. 21. 21. 22. 22. 23. 23. 24. 24. 24.]
   [25. 26. 26. 27. 27. 28. 28. 29. 29. 29.]
   [30. 31. 31. 32. 32. 33. 33. 34. 34. 34.]
   [30. 31. 31. 32. 32. 33. 33. 34. 34. 34.]
   [35. 36. 36. 37. 37. 38. 38. 39. 39. 39.]
   [35. 36. 36. 37. 37. 38. 38. 39. 39. 39.]]

  [[40. 41. 41. 42. 42. 43. 43. 44. 44. 44.]
   [45. 46. 46. 47. 47. 48. 48. 49. 49. 49.]
   [50. 51. 51. 52. 52. 53. 53. 54. 54. 54.]
   [50. 51. 51. 52. 52. 53. 53. 54. 54. 54.]
   [55. 56. 56. 57. 57. 58. 58. 59. 59. 59.]
   [55. 56. 56. 57. 57. 58. 58. 59. 59. 59.]]]]
(Unnamed Layer* 2) [Resize]_output
[[[[ 0.  0.  1.  1.  2.  2.  3.  3.  4.  4.]
   [ 5.  5.  6.  6.  7.  7.  8.  8.  9.  9.]
   [ 5.  5.  6.  6.  7.  7.  8.  8.  9.  9.]
   [10. 10. 11. 11. 12. 12. 13. 13. 14. 14.]
   [15. 15. 16. 16. 17. 17. 18. 18. 19. 19.]
   [15. 15. 16. 16. 17. 17. 18. 18. 19. 19.]]

  [[20. 20. 21. 21. 22. 22. 23. 23. 24. 24.]
   [25. 25. 26. 26. 27. 27. 28. 28. 29. 29.]
   [25. 25. 26. 26. 27. 27. 28. 28. 29. 29.]
   [30. 30. 31. 31. 32. 32. 33. 33. 34. 34.]
   [35. 35. 36. 36. 37. 37. 38. 38. 39. 39.]
   [35. 35. 36. 36. 37. 37. 38. 38. 39. 39.]]

  [[40. 40. 41. 41. 42. 42. 43. 43. 44. 44.]
   [45. 45. 46. 46. 47. 47. 48. 48. 49. 49.]
   [45. 45. 46. 46. 47. 47. 48. 48. 49. 49.]
   [50. 50. 51. 51. 52. 52. 53. 53. 54. 54.]
   [55. 55. 56. 56. 57. 57. 58. 58. 59. 59.]
   [55. 55. 56. 56. 57. 57. 58. 58. 59. 59.]]]


 [[[ 0.  0.  1.  1.  2.  2.  3.  3.  4.  4.]
   [ 5.  5.  6.  6.  7.  7.  8.  8.  9.  9.]
   [ 5.  5.  6.  6.  7.  7.  8.  8.  9.  9.]
   [10. 10. 11. 11. 12. 12. 13. 13. 14. 14.]
   [15. 15. 16. 16. 17. 17. 18. 18. 19. 19.]
   [15. 15. 16. 16. 17. 17. 18. 18. 19. 19.]]

  [[20. 20. 21. 21. 22. 22. 23. 23. 24. 24.]
   [25. 25. 26. 26. 27. 27. 28. 28. 29. 29.]
   [25. 25. 26. 26. 27. 27. 28. 28. 29. 29.]
   [30. 30. 31. 31. 32. 32. 33. 33. 34. 34.]
   [35. 35. 36. 36. 37. 37. 38. 38. 39. 39.]
   [35. 35. 36. 36. 37. 37. 38. 38. 39. 39.]]

  [[40. 40. 41. 41. 42. 42. 43. 43. 44. 44.]
   [45. 45. 46. 46. 47. 47. 48. 48. 49. 49.]
   [45. 45. 46. 46. 47. 47. 48. 48. 49. 49.]
   [50. 50. 51. 51. 52. 52. 53. 53. 54. 54.]
   [55. 55. 56. 56. 57. 57. 58. 58. 59. 59.]
   [55. 55. 56. 56. 57. 57. 58. 58. 59. 59.]]]]
(Unnamed Layer* 3) [Resize]_output
[[[[ 0.  1.  1.  2.  2.  3.  3.  4.  4.  4.]
   [ 5.  6.  6.  7.  7.  8.  8.  9.  9.  9.]
   [ 5.  6.  6.  7.  7.  8.  8.  9.  9.  9.]
   [10. 11. 11. 12. 12. 13. 13. 14. 14. 14.]
   [15. 16. 16. 17. 17. 18. 18. 19. 19. 19.]
   [15. 16. 16. 17. 17. 18. 18. 19. 19. 19.]]

  [[20. 21. 21. 22. 22. 23. 23. 24. 24. 24.]
   [25. 26. 26. 27. 27. 28. 28. 29. 29. 29.]
   [25. 26. 26. 27. 27. 28. 28. 29. 29. 29.]
   [30. 31. 31. 32. 32. 33. 33. 34. 34. 34.]
   [35. 36. 36. 37. 37. 38. 38. 39. 39. 39.]
   [35. 36. 36. 37. 37. 38. 38. 39. 39. 39.]]

  [[40. 41. 41. 42. 42. 43. 43. 44. 44. 44.]
   [45. 46. 46. 47. 47. 48. 48. 49. 49. 49.]
   [45. 46. 46. 47. 47. 48. 48. 49. 49. 49.]
   [50. 51. 51. 52. 52. 53. 53. 54. 54. 54.]
   [55. 56. 56. 57. 57. 58. 58. 59. 59. 59.]
   [55. 56. 56. 57. 57. 58. 58. 59. 59. 59.]]]


 [[[ 0.  1.  1.  2.  2.  3.  3.  4.  4.  4.]
   [ 5.  6.  6.  7.  7.  8.  8.  9.  9.  9.]
   [ 5.  6.  6.  7.  7.  8.  8.  9.  9.  9.]
   [10. 11. 11. 12. 12. 13. 13. 14. 14. 14.]
   [15. 16. 16. 17. 17. 18. 18. 19. 19. 19.]
   [15. 16. 16. 17. 17. 18. 18. 19. 19. 19.]]

  [[20. 21. 21. 22. 22. 23. 23. 24. 24. 24.]
   [25. 26. 26. 27. 27. 28. 28. 29. 29. 29.]
   [25. 26. 26. 27. 27. 28. 28. 29. 29. 29.]
   [30. 31. 31. 32. 32. 33. 33. 34. 34. 34.]
   [35. 36. 36. 37. 37. 38. 38. 39. 39. 39.]
   [35. 36. 36. 37. 37. 38. 38. 39. 39. 39.]]

  [[40. 41. 41. 42. 42. 43. 43. 44. 44. 44.]
   [45. 46. 46. 47. 47. 48. 48. 49. 49. 49.]
   [45. 46. 46. 47. 47. 48. 48. 49. 49. 49.]
   [50. 51. 51. 52. 52. 53. 53. 54. 54. 54.]
   [55. 56. 56. 57. 57. 58. 58. 59. 59. 59.]
   [55. 56. 56. 57. 57. 58. 58. 59. 59. 59.]]]]
============================== End   [case_nearest_round_modes]
============================== Start [case_shape_input,(),{}]
Input ->DataType.FLOAT, (1, 3, 4, 5), (1, 3, 4, 5), tensor
Input ->DataType.INT32, (4,), (4,), tensor1
Output->DataType.FLOAT, (-1, -1, -1, -1), (2, 3, 6, 10), (Unnamed Layer* 0) [Resize]_output
tensor
[[[[ 0.  1.  2.  3.  4.]
   [ 5.  6.  7.  8.  9.]
   [10. 11. 12. 13. 14.]
   [15. 16. 17. 18. 19.]]

  [[20. 21. 22. 23. 24.]
   [25. 26. 27. 28. 29.]
   [30. 31. 32. 33. 34.]
   [35. 36. 37. 38. 39.]]

  [[40. 41. 42. 43. 44.]
   [45. 46. 47. 48. 49.]
   [50. 51. 52. 53. 54.]
   [55. 56. 57. 58. 59.]]]]
tensor1
[ 2  3  6 10]
(Unnamed Layer* 0) [Resize]_output
[[[[ 0.  0.  1.  1.  2.  2.  3.  3.  4.  4.]
   [ 0.  0.  1.  1.  2.  2.  3.  3.  4.  4.]
   [ 5.  5.  6.  6.  7.  7.  8.  8.  9.  9.]
   [10. 10. 11. 11. 12. 12. 13. 13. 14. 14.]
   [10. 10. 11. 11. 12. 12. 13. 13. 14. 14.]
   [15. 15. 16. 16. 17. 17. 18. 18. 19. 19.]]

  [[20. 20. 21. 21. 22. 22. 23. 23. 24. 24.]
   [20. 20. 21. 21. 22. 22. 23. 23. 24. 24.]
   [25. 25. 26. 26. 27. 27. 28. 28. 29. 29.]
   [30. 30. 31. 31. 32. 32. 33. 33. 34. 34.]
   [30. 30. 31. 31. 32. 32. 33. 33. 34. 34.]
   [35. 35. 36. 36. 37. 37. 38. 38. 39. 39.]]

  [[40. 40. 41. 41. 42. 42. 43. 43. 44. 44.]
   [40. 40. 41. 41. 42. 42. 43. 43. 44. 44.]
   [45. 45. 46. 46. 47. 47. 48. 48. 49. 49.]
   [50. 50. 51. 51. 52. 52. 53. 53. 54. 54.]
   [50. 50. 51. 51. 52. 52. 53. 53. 54. 54.]
   [55. 55. 56. 56. 57. 57. 58. 58. 59. 59.]]]


 [[[ 0.  0.  1.  1.  2.  2.  3.  3.  4.  4.]
   [ 0.  0.  1.  1.  2.  2.  3.  3.  4.  4.]
   [ 5.  5.  6.  6.  7.  7.  8.  8.  9.  9.]
   [10. 10. 11. 11. 12. 12. 13. 13. 14. 14.]
   [10. 10. 11. 11. 12. 12. 13. 13. 14. 14.]
   [15. 15. 16. 16. 17. 17. 18. 18. 19. 19.]]

  [[20. 20. 21. 21. 22. 22. 23. 23. 24. 24.]
   [20. 20. 21. 21. 22. 22. 23. 23. 24. 24.]
   [25. 25. 26. 26. 27. 27. 28. 28. 29. 29.]
   [30. 30. 31. 31. 32. 32. 33. 33. 34. 34.]
   [30. 30. 31. 31. 32. 32. 33. 33. 34. 34.]
   [35. 35. 36. 36. 37. 37. 38. 38. 39. 39.]]

  [[40. 40. 41. 41. 42. 42. 43. 43. 44. 44.]
   [40. 40. 41. 41. 42. 42. 43. 43. 44. 44.]
   [45. 45. 46. 46. 47. 47. 48. 48. 49. 49.]
   [50. 50. 51. 51. 52. 52. 53. 53. 54. 54.]
   [50. 50. 51. 51. 52. 52. 53. 53. 54. 54.]
   [55. 55. 56. 56. 57. 57. 58. 58. 59. 59.]]]]
============================== End   [case_shape_input]
============================== Start [case_exclude_outside,(),{}]
Input ->DataType.FLOAT, (1, 3, 4, 5), (1, 3, 4, 5), tensor
Output->DataType.FLOAT, (2, 3, 6, 10), (2, 3, 6, 10), (Unnamed Layer* 0) [Resize]_output
tensor
[[[[ 0.  1.  2.  3.  4.]
   [ 5.  6.  7.  8.  9.]
   [10. 11. 12. 13. 14.]
   [15. 16. 17. 18. 19.]]

  [[20. 21. 22. 23. 24.]
   [25. 26. 27. 28. 29.]
   [30. 31. 32. 33. 34.]
   [35. 36. 37. 38. 39.]]

  [[40. 41. 42. 43. 44.]
   [45. 46. 47. 48. 49.]
   [50. 51. 52. 53. 54.]
   [55. 56. 57. 58. 59.]]]]
(Unnamed Layer* 0) [Resize]_output
[[[[ 0.  0.  1.  1.  2.  2.  3.  3.  4.  4.]
   [ 0.  0.  1.  1.  2.  2.  3.  3.  4.  4.]
   [ 5.  5.  6.  6.  7.  7.  8.  8.  9.  9.]
   [10. 10. 11. 11. 12. 12. 13. 13. 14. 14.]
   [10. 10. 11. 11. 12. 12. 13. 13. 14. 14.]
   [15. 15. 16. 16. 17. 17. 18. 18. 19. 19.]]

  [[20. 20. 21. 21. 22. 22. 23. 23. 24. 24.]
   [20. 20. 21. 21. 22. 22. 23. 23. 24. 24.]
   [25. 25. 26. 26. 27. 27. 28. 28. 29. 29.]
   [30. 30. 31. 31. 32. 32. 33. 33. 34. 34.]
   [30. 30. 31. 31. 32. 32. 33. 33. 34. 34.]
   [35. 35. 36. 36. 37. 37. 38. 38. 39. 39.]]

  [[40. 40. 41. 41. 42. 42. 43. 43. 44. 44.]
   [40. 40. 41. 41. 42. 42. 43. 43. 44. 44.]
   [45. 45. 46. 46. 47. 47. 48. 48. 49. 49.]
   [50. 50. 51. 51. 52. 52. 53. 53. 54. 54.]
   [50. 50. 51. 51. 52. 52. 53. 53. 54. 54.]
   [55. 55. 56. 56. 57. 57. 58. 58. 59. 59.]]]


 [[[ 0.  0.  1.  1.  2.  2.  3.  3.  4.  4.]
   [ 0.  0.  1.  1.  2.  2.  3.  3.  4.  4.]
   [ 5.  5.  6.  6.  7.  7.  8.  8.  9.  9.]
   [10. 10. 11. 11. 12. 12. 13. 13. 14. 14.]
   [10. 10. 11. 11. 12. 12. 13. 13. 14. 14.]
   [15. 15. 16. 16. 17. 17. 18. 18. 19. 19.]]

  [[20. 20. 21. 21. 22. 22. 23. 23. 24. 24.]
   [20. 20. 21. 21. 22. 22. 23. 23. 24. 24.]
   [25. 25. 26. 26. 27. 27. 28. 28. 29. 29.]
   [30. 30. 31. 31. 32. 32. 33. 33. 34. 34.]
   [30. 30. 31. 31. 32. 32. 33. 33. 34. 34.]
   [35. 35. 36. 36. 37. 37. 38. 38. 39. 39.]]

  [[40. 40. 41. 41. 42. 42. 43. 43. 44. 44.]
   [40. 40. 41. 41. 42. 42. 43. 43. 44. 44.]
   [45. 45. 46. 46. 47. 47. 48. 48. 49. 49.]
   [50. 50. 51. 51. 52. 52. 53. 53. 54. 54.]
   [50. 50. 51. 51. 52. 52. 53. 53. 54. 54.]
   [55. 55. 56. 56. 57. 57. 58. 58. 59. 59.]]]]
============================== End   [case_exclude_outside]
Members of tensorrt.tensorrt.InterpolationMode:
 0 -> NEAREST
 1 -> LINEAR
 2 -> CUBIC
Members of tensorrt.tensorrt.ResizeSelector:
 0 -> FORMULA
 1 -> UPPER
Members of tensorrt.tensorrt.ResizeRoundMode:
 0 -> HALF_UP
 1 -> HALF_DOWN
 2 -> FLOOR
 3 -> CEIL
Members of tensorrt.tensorrt.ResizeCoordinateTransformation:
 0 -> ALIGN_CORNERS
 1 -> ASYMMETRIC
 2 -> HALF_PIXEL
Finish
