[TensorRT-Cookbook] Version: 0.1.0
[04/21/2026-07:14:58] [TRT] [W] Using default stream in enqueueV3() may lead to performance issues due to additional calls to cudaStreamSynchronize() by TensorRT to ensure correct synchronization. Please use non-default stream instead.
[04/21/2026-07:15:04] [TRT] [W] Using default stream in enqueueV3() may lead to performance issues due to additional calls to cudaStreamSynchronize() by TensorRT to ensure correct synchronization. Please use non-default stream instead.
[2026-04-21 07:14:19.781466]Epoch  0, loss = 44.086756, test acc = 0.6940
[2026-04-21 07:14:23.215206]Epoch  1, loss = 0.575780, test acc = 0.8300
[2026-04-21 07:14:26.737242]Epoch  2, loss = 0.327091, test acc = 0.8480
[2026-04-21 07:14:30.167908]Epoch  3, loss = 0.227592, test acc = 0.8620
[2026-04-21 07:14:33.610814]Epoch  4, loss = 0.148000, test acc = 0.8680
[2026-04-21 07:14:37.068771]Epoch  5, loss = 0.104791, test acc = 0.9040
[2026-04-21 07:14:40.465925]Epoch  6, loss = 0.071045, test acc = 0.8940
[2026-04-21 07:14:43.902211]Epoch  7, loss = 0.052376, test acc = 0.9120
[2026-04-21 07:14:47.382951]Epoch  8, loss = 0.028024, test acc = 0.9100
[2026-04-21 07:14:50.851324]Epoch  9, loss = 0.018335, test acc = 0.9100
Succeed building model in JAX
DEBUG: ConvPlugin patched called. self=Conv(
    # attributes
    features = 32
    kernel_size = (5, 5)
    strides = 1
    padding = 'SAME'
    input_dilation = 1
    kernel_dilation = 1
    feature_group_count = 1
    use_bias = True
    mask = None
    dtype = None
    param_dtype = float32
    precision = None
    kernel_init = init
    bias_init = zeros
    promote_dtype = promote_dtype
    conv_general_dilated = None
    conv_general_dilated_cls = None
)
DEBUG: Scope found. Variables keys: dict_keys(['params'])
DEBUG: kernel=True, bias=True, use_bias=True
DEBUG: ConvPlugin patched called. self=Conv(
    # attributes
    features = 64
    kernel_size = (5, 5)
    strides = 1
    padding = 'SAME'
    input_dilation = 1
    kernel_dilation = 1
    feature_group_count = 1
    use_bias = True
    mask = None
    dtype = None
    param_dtype = float32
    precision = None
    kernel_init = init
    bias_init = zeros
    promote_dtype = promote_dtype
    conv_general_dilated = None
    conv_general_dilated_cls = None
)
DEBUG: Scope found. Variables keys: dict_keys(['params'])
DEBUG: kernel=True, bias=True, use_bias=True
Succeed converting model into ONNX
============================== Start [case_normal,(),{}]
Input ->DataType.FLOAT, (-1, 1, 28, 28), (1, 1, 28, 28), x
Output->DataType.FLOAT, (-1, 10), (1, 10), y
Output->DataType.INT32, (-1, 1), (1, 1), z
x
[[[[  0.   0.   0.   0.   0.   0.   0.   0.   1.   0.   2.   1.   0.
      0.   1.   0.   0.   2.   0.   1.   1.   1.   0.   0.   0.   0.
      0.   0.]
   [  0.   0.   0.   0.   0.   0.   0.   0.   2.   2.   0.   0.   0.
      0.   1.   0.   1.   0.   0.   0.   0.   0.   0.   1.   0.   0.
      0.   0.]
   [  0.   0.   0.   0.   0.   0.   0.   0.   0.   2.   0.   2.   2.
      0.   0.   0.   0.   1.   0.   0.   2.   1.   6.   0.   0.   0.
      0.   0.]
   [  0.   0.   0.   0.   0.   0.   0.   0.   0.   1.   0.   0.   0.
      3.   0.   0.   0.   0.   2.   1.   0.   0.   0.   0.   0.   0.
      0.   0.]
   [  0.   0.   0.   0.   0.   0.   0.   0.   0.   1.   0.   3.   2.
      0.   4.  53. 129. 208. 173. 136.  10.   0.   0.   2.   0.   0.
      0.   0.]
   [  0.   0.   0.   0.   0.   0.   0.   0.   3.   0.   0.   0.   1.
     56. 173. 245. 250. 255. 251. 253. 169.   6.   0.   1.   0.   0.
      0.   0.]
   [  0.   0.   0.   0.   0.   0.   0.   0.   0.   0.   2.   3.  52.
    238. 255. 216. 109.  75. 116. 255. 250.  79.   0.   0.   0.   0.
      0.   0.]
   [  0.   0.   0.   0.   0.   0.   0.   0.   0.   0.   2.  40. 240.
    252. 128.  11.   0.   1.  51. 255. 251.  78.   0.   1.   0.   0.
      0.   0.]
   [  0.   0.   0.   0.   0.   0.   0.   0.   1.   0.  10. 181. 253.
    138.   0.   0.   0.  32. 216. 253. 203.  18.   1.   0.   0.   0.
      0.   0.]
   [  0.   0.   0.   0.   0.   0.   0.   0.   0.   3.   6. 204. 255.
     58.   1.   0. 104. 252. 254. 220.  27.   0.   3.   1.   0.   0.
      0.   0.]
   [  0.   0.   0.   0.   0.   0.   0.   0.   1.   0.   1. 172. 252.
     65.  34. 126. 239. 255. 201.  56.   3.   1.   0.   0.   0.   0.
      0.   0.]
   [  0.   0.   0.   0.   0.   0.   0.   0.   0.   2.   0. 178. 255.
    222. 228. 249. 255. 251. 192. 146.  26.   4.   0.   1.   0.   0.
      0.   0.]
   [  0.   0.   0.   0.   0.   0.   0.   0.   1.   1.   0. 140. 252.
    249. 253. 250. 185. 234. 136.  10.   2.   0.   0.   2.   0.   0.
      0.   0.]
   [  0.   0.   0.   0.   0.   0.   0.   0.   0.   1.   0.  70. 245.
    255. 252. 251. 191.  26.   2.   0.   1.   1.   3.   0.   0.   0.
      0.   0.]
   [  0.   0.   0.   0.   0.   0.   0.   0.   1.   0.   3.  38. 167.
    255. 255. 238.  17.   0.   1.   1.   0.   1.   0.   4.   0.   0.
      0.   0.]
   [  0.   0.   0.   0.   0.   0.   0.   0.   0.   0. 107. 243. 250.
    206. 202. 254. 226.  28.   0.   0.   2.   1.   1.   0.   0.   0.
      0.   0.]
   [  0.   0.   3.   1.   0.   0.   3.   0.   0. 102. 242. 253. 195.
     46.  41. 242. 253. 149.   0.   0.   2.   0.   0.   3.   0.   0.
      0.   0.]
   [  1.   1.   0.   1.   0.   1.   0.   9. 155. 253. 247. 116.  15.
      0.   0.  73. 250. 251.  52.   3.   0.   3.   3.   0.   0.   0.
      0.   0.]
   [  0.   3.   2.   0.   0.   0.   0.  41. 252. 255. 122.   0.   0.
      1.   3.  17. 254. 251.  62.   0.   0.   1.   0.   3.   0.   0.
      0.   0.]
   [  3.   0.   2.   0.   2.   4.   0. 198. 254. 220.  13.   0.   0.
      1.   0.  45. 255. 243.  42.   2.   2.   1.   0.   3.   0.   0.
      0.   0.]
   [  1.   1.   0.   0.   0.   0.  71. 248. 253.  67.   2.   1.   0.
     12. 101. 232. 251. 128.   0.   0.   0.   0.   1.   0.   0.   0.
      0.   0.]
   [  0.   2.   0.   0.   4.   0.  76. 254. 254.  80.  16.  79. 169.
    202. 254. 253. 169.   4.   0.   3.   1.   3.   1.   1.   0.   0.
      0.   0.]
   [  0.   0.   0.   3.   0.   1.  39. 227. 253. 253. 236. 255. 252.
    253. 196. 109.   6.   1.   3.   0.   0.   0.   1.   0.   0.   0.
      0.   0.]
   [  0.   1.   0.   0.   1.   1.   0.  48. 229. 255. 253. 223. 101.
     59.   0.   0.   0.   2.   0.   1.   2.   0.   1.   1.   0.   0.
      0.   0.]
   [  0.   0.   0.   0.   0.   0.   0.   0.   0.   0.   0.   0.   0.
      0.   0.   0.   0.   0.   0.   0.   0.   0.   0.   0.   0.   0.
      0.   0.]
   [  0.   0.   0.   0.   0.   0.   0.   0.   0.   0.   0.   0.   0.
      0.   0.   0.   0.   0.   0.   0.   0.   0.   0.   0.   0.   0.
      0.   0.]
   [  0.   0.   0.   0.   0.   0.   0.   0.   0.   0.   0.   0.   0.
      0.   0.   0.   0.   0.   0.   0.   0.   0.   0.   0.   0.   0.
      0.   0.]
   [  0.   0.   0.   0.   0.   0.   0.   0.   0.   0.   0.   0.   0.
      0.   0.   0.   0.   0.   0.   0.   0.   0.   0.   0.   0.   0.
      0.   0.]]]]
y
[[6.6394080e-07 4.7041584e-09 1.1370378e-04 4.1243254e-04 1.2001994e-09
  3.4362179e-07 1.0475160e-12 3.0860394e-09 9.9947280e-01 1.1285679e-08]]
z
[[8]]
============================== End   [case_normal]
============================== Start [case_normal,(),{'is_fp16': True}]
Using FP16
Input ->DataType.FLOAT, (-1, 1, 28, 28), (1, 1, 28, 28), x
Output->DataType.FLOAT, (-1, 10), (1, 10), y
Output->DataType.INT32, (-1, 1), (1, 1), z
x
[04/21/2026-07:15:04] [TRT] [W] Calibration Profile is not defined. Calibrating with Profile 0
[04/21/2026-07:15:06] [TRT] [W] Missing scale and zero-point for tensor z, expect fall back to non-int8 implementation for any layer consuming or producing given tensor
[04/21/2026-07:15:13] [TRT] [W] Using default stream in enqueueV3() may lead to performance issues due to additional calls to cudaStreamSynchronize() by TensorRT to ensure correct synchronization. Please use non-default stream instead.
[[[[  0.   0.   0.   0.   0.   0.   0.   0.   1.   0.   2.   1.   0.
      0.   1.   0.   0.   2.   0.   1.   1.   1.   0.   0.   0.   0.
      0.   0.]
   [  0.   0.   0.   0.   0.   0.   0.   0.   2.   2.   0.   0.   0.
      0.   1.   0.   1.   0.   0.   0.   0.   0.   0.   1.   0.   0.
      0.   0.]
   [  0.   0.   0.   0.   0.   0.   0.   0.   0.   2.   0.   2.   2.
      0.   0.   0.   0.   1.   0.   0.   2.   1.   6.   0.   0.   0.
      0.   0.]
   [  0.   0.   0.   0.   0.   0.   0.   0.   0.   1.   0.   0.   0.
      3.   0.   0.   0.   0.   2.   1.   0.   0.   0.   0.   0.   0.
      0.   0.]
   [  0.   0.   0.   0.   0.   0.   0.   0.   0.   1.   0.   3.   2.
      0.   4.  53. 129. 208. 173. 136.  10.   0.   0.   2.   0.   0.
      0.   0.]
   [  0.   0.   0.   0.   0.   0.   0.   0.   3.   0.   0.   0.   1.
     56. 173. 245. 250. 255. 251. 253. 169.   6.   0.   1.   0.   0.
      0.   0.]
   [  0.   0.   0.   0.   0.   0.   0.   0.   0.   0.   2.   3.  52.
    238. 255. 216. 109.  75. 116. 255. 250.  79.   0.   0.   0.   0.
      0.   0.]
   [  0.   0.   0.   0.   0.   0.   0.   0.   0.   0.   2.  40. 240.
    252. 128.  11.   0.   1.  51. 255. 251.  78.   0.   1.   0.   0.
      0.   0.]
   [  0.   0.   0.   0.   0.   0.   0.   0.   1.   0.  10. 181. 253.
    138.   0.   0.   0.  32. 216. 253. 203.  18.   1.   0.   0.   0.
      0.   0.]
   [  0.   0.   0.   0.   0.   0.   0.   0.   0.   3.   6. 204. 255.
     58.   1.   0. 104. 252. 254. 220.  27.   0.   3.   1.   0.   0.
      0.   0.]
   [  0.   0.   0.   0.   0.   0.   0.   0.   1.   0.   1. 172. 252.
     65.  34. 126. 239. 255. 201.  56.   3.   1.   0.   0.   0.   0.
      0.   0.]
   [  0.   0.   0.   0.   0.   0.   0.   0.   0.   2.   0. 178. 255.
    222. 228. 249. 255. 251. 192. 146.  26.   4.   0.   1.   0.   0.
      0.   0.]
   [  0.   0.   0.   0.   0.   0.   0.   0.   1.   1.   0. 140. 252.
    249. 253. 250. 185. 234. 136.  10.   2.   0.   0.   2.   0.   0.
      0.   0.]
   [  0.   0.   0.   0.   0.   0.   0.   0.   0.   1.   0.  70. 245.
    255. 252. 251. 191.  26.   2.   0.   1.   1.   3.   0.   0.   0.
      0.   0.]
   [  0.   0.   0.   0.   0.   0.   0.   0.   1.   0.   3.  38. 167.
    255. 255. 238.  17.   0.   1.   1.   0.   1.   0.   4.   0.   0.
      0.   0.]
   [  0.   0.   0.   0.   0.   0.   0.   0.   0.   0. 107. 243. 250.
    206. 202. 254. 226.  28.   0.   0.   2.   1.   1.   0.   0.   0.
      0.   0.]
   [  0.   0.   3.   1.   0.   0.   3.   0.   0. 102. 242. 253. 195.
     46.  41. 242. 253. 149.   0.   0.   2.   0.   0.   3.   0.   0.
      0.   0.]
   [  1.   1.   0.   1.   0.   1.   0.   9. 155. 253. 247. 116.  15.
      0.   0.  73. 250. 251.  52.   3.   0.   3.   3.   0.   0.   0.
      0.   0.]
   [  0.   3.   2.   0.   0.   0.   0.  41. 252. 255. 122.   0.   0.
      1.   3.  17. 254. 251.  62.   0.   0.   1.   0.   3.   0.   0.
      0.   0.]
   [  3.   0.   2.   0.   2.   4.   0. 198. 254. 220.  13.   0.   0.
      1.   0.  45. 255. 243.  42.   2.   2.   1.   0.   3.   0.   0.
      0.   0.]
   [  1.   1.   0.   0.   0.   0.  71. 248. 253.  67.   2.   1.   0.
     12. 101. 232. 251. 128.   0.   0.   0.   0.   1.   0.   0.   0.
      0.   0.]
   [  0.   2.   0.   0.   4.   0.  76. 254. 254.  80.  16.  79. 169.
    202. 254. 253. 169.   4.   0.   3.   1.   3.   1.   1.   0.   0.
      0.   0.]
   [  0.   0.   0.   3.   0.   1.  39. 227. 253. 253. 236. 255. 252.
    253. 196. 109.   6.   1.   3.   0.   0.   0.   1.   0.   0.   0.
      0.   0.]
   [  0.   1.   0.   0.   1.   1.   0.  48. 229. 255. 253. 223. 101.
     59.   0.   0.   0.   2.   0.   1.   2.   0.   1.   1.   0.   0.
      0.   0.]
   [  0.   0.   0.   0.   0.   0.   0.   0.   0.   0.   0.   0.   0.
      0.   0.   0.   0.   0.   0.   0.   0.   0.   0.   0.   0.   0.
      0.   0.]
   [  0.   0.   0.   0.   0.   0.   0.   0.   0.   0.   0.   0.   0.
      0.   0.   0.   0.   0.   0.   0.   0.   0.   0.   0.   0.   0.
      0.   0.]
   [  0.   0.   0.   0.   0.   0.   0.   0.   0.   0.   0.   0.   0.
      0.   0.   0.   0.   0.   0.   0.   0.   0.   0.   0.   0.   0.
      0.   0.]
   [  0.   0.   0.   0.   0.   0.   0.   0.   0.   0.   0.   0.   0.
      0.   0.   0.   0.   0.   0.   0.   0.   0.   0.   0.   0.   0.
      0.   0.]]]]
y
[[6.5565109e-07 0.0000000e+00 1.1050701e-04 4.2033195e-04 0.0000000e+00
  3.5762787e-07 0.0000000e+00 0.0000000e+00 9.9902344e-01 0.0000000e+00]]
z
[[8]]
============================== End   [case_normal]
============================== Start [case_normal,(),{'is_int8_ptq': True}]
Using INT8-PTQ
Input ->DataType.FLOAT, (-1, 1, 28, 28), (1, 1, 28, 28), x
Output->DataType.FLOAT, (-1, 10), (1, 10), y
Output->DataType.INT32, (-1, 1), (1, 1), z
x
[[[[  0.   0.   0.   0.   0.   0.   0.   0.   1.   0.   2.   1.   0.
      0.   1.   0.   0.   2.   0.   1.   1.   1.   0.   0.   0.   0.
      0.   0.]
   [  0.   0.   0.   0.   0.   0.   0.   0.   2.   2.   0.   0.   0.
      0.   1.   0.   1.   0.   0.   0.   0.   0.   0.   1.   0.   0.
      0.   0.]
   [  0.   0.   0.   0.   0.   0.   0.   0.   0.   2.   0.   2.   2.
      0.   0.   0.   0.   1.   0.   0.   2.   1.   6.   0.   0.   0.
      0.   0.]
   [  0.   0.   0.   0.   0.   0.   0.   0.   0.   1.   0.   0.   0.
      3.   0.   0.   0.   0.   2.   1.   0.   0.   0.   0.   0.   0.
      0.   0.]
   [  0.   0.   0.   0.   0.   0.   0.   0.   0.   1.   0.   3.   2.
      0.   4.  53. 129. 208. 173. 136.  10.   0.   0.   2.   0.   0.
      0.   0.]
   [  0.   0.   0.   0.   0.   0.   0.   0.   3.   0.   0.   0.   1.
     56. 173. 245. 250. 255. 251. 253. 169.   6.   0.   1.   0.   0.
      0.   0.]
   [  0.   0.   0.   0.   0.   0.   0.   0.   0.   0.   2.   3.  52.
    238. 255. 216. 109.  75. 116. 255. 250.  79.   0.   0.   0.   0.
      0.   0.]
   [  0.   0.   0.   0.   0.   0.   0.   0.   0.   0.   2.  40. 240.
    252. 128.  11.   0.   1.  51. 255. 251.  78.   0.   1.   0.   0.
      0.   0.]
   [  0.   0.   0.   0.   0.   0.   0.   0.   1.   0.  10. 181. 253.
    138.   0.   0.   0.  32. 216. 253. 203.  18.   1.   0.   0.   0.
      0.   0.]
   [  0.   0.   0.   0.   0.   0.   0.   0.   0.   3.   6. 204. 255.
     58.   1.   0. 104. 252. 254. 220.  27.   0.   3.   1.   0.   0.
      0.   0.]
   [  0.   0.   0.   0.   0.   0.   0.   0.   1.   0.   1. 172. 252.
     65.  34. 126. 239. 255. 201.  56.   3.   1.   0.   0.   0.   0.
      0.   0.]
   [  0.   0.   0.   0.   0.   0.   0.   0.   0.   2.   0. 178. 255.
    222. 228. 249. 255. 251. 192. 146.  26.   4.   0.   1.   0.   0.
      0.   0.]
   [  0.   0.   0.   0.   0.   0.   0.   0.   1.   1.   0. 140. 252.
    249. 253. 250. 185. 234. 136.  10.   2.   0.   0.   2.   0.   0.
      0.   0.]
   [  0.   0.   0.   0.   0.   0.   0.   0.   0.   1.   0.  70. 245.
    255. 252. 251. 191.  26.   2.   0.   1.   1.   3.   0.   0.   0.
      0.   0.]
   [  0.   0.   0.   0.   0.   0.   0.   0.   1.   0.   3.  38. 167.
    255. 255. 238.  17.   0.   1.   1.   0.   1.   0.   4.   0.   0.
      0.   0.]
   [  0.   0.   0.   0.   0.   0.   0.   0.   0.   0. 107. 243. 250.
    206. 202. 254. 226.  28.   0.   0.   2.   1.   1.   0.   0.   0.
      0.   0.]
   [  0.   0.   3.   1.   0.   0.   3.   0.   0. 102. 242. 253. 195.
     46.  41. 242. 253. 149.   0.   0.   2.   0.   0.   3.   0.   0.
      0.   0.]
   [  1.   1.   0.   1.   0.   1.   0.   9. 155. 253. 247. 116.  15.
      0.   0.  73. 250. 251.  52.   3.   0.   3.   3.   0.   0.   0.
      0.   0.]
   [  0.   3.   2.   0.   0.   0.   0.  41. 252. 255. 122.   0.   0.
      1.   3.  17. 254. 251.  62.   0.   0.   1.   0.   3.   0.   0.
      0.   0.]
   [  3.   0.   2.   0.   2.   4.   0. 198. 254. 220.  13.   0.   0.
      1.   0.  45. 255. 243.  42.   2.   2.   1.   0.   3.   0.   0.
      0.   0.]
   [  1.   1.   0.   0.   0.   0.  71. 248. 253.  67.   2.   1.   0.
     12. 101. 232. 251. 128.   0.   0.   0.   0.   1.   0.   0.   0.
      0.   0.]
   [  0.   2.   0.   0.   4.   0.  76. 254. 254.  80.  16.  79. 169.
    202. 254. 253. 169.   4.   0.   3.   1.   3.   1.   1.   0.   0.
      0.   0.]
   [  0.   0.   0.   3.   0.   1.  39. 227. 253. 253. 236. 255. 252.
    253. 196. 109.   6.   1.   3.   0.   0.   0.   1.   0.   0.   0.
      0.   0.]
   [  0.   1.   0.   0.   1.   1.   0.  48. 229. 255. 253. 223. 101.
     59.   0.   0.   0.   2.   0.   1.   2.   0.   1.   1.   0.   0.
      0.   0.]
   [  0.   0.   0.   0.   0.   0.   0.   0.   0.   0.   0.   0.   0.
      0.   0.   0.   0.   0.   0.   0.   0.   0.   0.   0.   0.   0.
      0.   0.]
   [  0.   0.   0.   0.   0.   0.   0.   0.   0.   0.   0.   0.   0.
      0.   0.   0.   0.   0.   0.   0.   0.   0.   0.   0.   0.   0.
      0.   0.]
   [  0.   0.   0.   0.   0.   0.   0.   0.   0.   0.   0.   0.   0.
      0.   0.   0.   0.   0.   0.   0.   0.   0.   0.   0.   0.   0.
      0.   0.]
   [  0.   0.   0.   0.   0.   0.   0.   0.   0.   0.   0.   0.   0.
      0.   0.   0.   0.   0.   0.   0.   0.   0.   0.   0.   0.   0.
      0.   0.]]]]
y
[[6.3886921e-07 2.2005060e-09 5.7919820e-05 5.7674502e-04 7.0387812e-10
  2.3165833e-07 3.6738234e-13 2.2519753e-09 9.9936444e-01 6.2572867e-09]]
z
[[8]]
============================== End   [case_normal]
Finish
