config.get_memory_pool_limit(trt.MemoryPoolType.WORKSPACE) = 1073741824
config.get_memory_pool_limit(trt.MemoryPoolType.DLA_MANAGED_SRAM) = 0
config.get_memory_pool_limit(trt.MemoryPoolType.DLA_LOCAL_DRAM) = 1073741824
config.get_memory_pool_limit(trt.MemoryPoolType.DLA_GLOBAL_DRAM) = 536870912
config.__sizeof__() = 56
config.__str__() = <tensorrt.tensorrt.IBuilderConfig object at 0x7fa3423af2f0>
config.default_device_type = DeviceType.GPU
config.can_run_on_DLA = <bound method PyCapsule.can_run_on_DLA of <tensorrt.tensorrt.IBuilderConfig object at 0x7fa3423af2f0>>
config.DLA_core = -1
config.engine_capability = EngineCapability.DEFAULT
config.flags = 128
Set Flag FP16!
config.get_flag(trt.BuilderFlag.FP16) = True
config.flags = 129
Clear Flag FP16!
config.flags = 128
Set Flag by bit operation!
config.flags = 3
config.flags = 0
trt.BuilderFlag.FP16 = 0
trt.BuilderFlag.INT8 = 1
trt.BuilderFlag.DEBUG = 2
trt.BuilderFlag.GPU_FALLBACK = 3
trt.BuilderFlag.STRICT_TYPES = 4
trt.BuilderFlag.REFIT = 5
trt.BuilderFlag.DISABLE_TIMING_CACHE = 6
trt.BuilderFlag.TF32 = 7
trt.BuilderFlag.SPARSE_WEIGHTS = 8
trt.BuilderFlag.SAFETY_SCOPE = 9
trt.BuilderFlag.OBEY_PRECISION_CONSTRAINTS = 10
trt.BuilderFlag.PREFER_PRECISION_CONSTRAINTS = 11
trt.BuilderFlag.DIRECT_IO = 12
trt.BuilderFlag.REJECT_EMPTY_ALGORITHMS = 13
config.quantization_flags = 0
Set Flag CALIBRATE_BEFORE_FUSION!
config.get_quantization_flag(trt.QuantizationFlag.CALIBRATE_BEFORE_FUSION) = None
config.quantization_flags = 1
Clear Flag CALIBRATE_BEFORE_FUSION!
config.quantization_flags = 0
config.num_optimization_profiles = 1
config.get_device_type(identityLayer) = DeviceType.DLA
config.is_device_type_set(identityLayer) = True
config.get_device_type(identityLayer) = DeviceType.GPU
