[TensorRT-Cookbook] Version: 1.0.0
&&&& RUNNING TensorRT.trtexec [TensorRT v101601] [b11] # trtexec --onnx=/work/trt-samples-for-hackathon-cn/cookbook/00-Data/model/model-trained.onnx --profilingVerbosity=detailed --exportLayerInfo=model-trained.json --saveEngine=model-trained.trt --fp16 --memPoolSize=workspace:1024MiB --builderOptimizationLevel=0 --skipInference --profile=0 --minShapes=x:1x1x28x28 --optShapes=x:4x1x28x28 --maxShapes=x:16x1x28x28 --profile=1 --minShapes=x:8x1x28x28 --optShapes=x:32x1x28x28 --maxShapes=x:64x1x28x28
[07/07/2026-01:56:10] [I] === Model Options ===
[07/07/2026-01:56:10] [I] Format: ONNX
[07/07/2026-01:56:10] [I] Model: /work/trt-samples-for-hackathon-cn/cookbook/00-Data/model/model-trained.onnx
[07/07/2026-01:56:10] [I] Output:
[07/07/2026-01:56:10] [I] === Build Options ===
[07/07/2026-01:56:10] [I] Memory Pools: workspace: 0.000976562 MiB, dlaSRAM: default, dlaLocalDRAM: default, dlaGlobalDRAM: default, tacticSharedMem: default
[07/07/2026-01:56:10] [I] avgTiming: 8
[07/07/2026-01:56:10] [I] Precision: FP32+FP16
[07/07/2026-01:56:10] [I] LayerPrecisions:
[07/07/2026-01:56:10] [I] Layer Device Types:
[07/07/2026-01:56:10] [I] Decomposable Attentions:
[07/07/2026-01:56:10] [I] Calibration:
[07/07/2026-01:56:10] [I] Refit: Disabled
[07/07/2026-01:56:10] [I] Strip weights: Disabled
[07/07/2026-01:56:10] [I] Version Compatible: Disabled
[07/07/2026-01:56:10] [I] ONNX Plugin InstanceNorm: Disabled
[07/07/2026-01:56:10] [I] ONNX kENABLE_UINT8_AND_ASYMMETRIC_QUANTIZATION_DLA flag: Disabled
[07/07/2026-01:56:10] [I] ONNX kREPORT_CAPABILITY_DLA flag: Disabled
[07/07/2026-01:56:10] [I] ONNX kADJUST_FOR_DLA flag: Disabled
[07/07/2026-01:56:10] [I] ONNX kENABLE_PLUGIN_OVERRIDE flag: Disabled
[07/07/2026-01:56:10] [I] TensorRT runtime: full
[07/07/2026-01:56:10] [I] Lean DLL Path:
[07/07/2026-01:56:10] [I] Tempfile Controls: { in_memory: allow, temporary: allow }
[07/07/2026-01:56:10] [I] Exclude Lean Runtime: Disabled
[07/07/2026-01:56:10] [I] Sparsity: Disabled
[07/07/2026-01:56:10] [I] Safe mode: Disabled
[07/07/2026-01:56:10] [I] Build DLA standalone loadable: Disabled
[07/07/2026-01:56:10] [I] Allow GPU fallback for DLA: Disabled
[07/07/2026-01:56:10] [I] DirectIO mode: Disabled
[07/07/2026-01:56:10] [I] Restricted mode: Disabled
[07/07/2026-01:56:10] [I] Skip inference: Enabled
[07/07/2026-01:56:10] [I] Save engine: model-trained.trt
[07/07/2026-01:56:10] [I] Load engine:
[07/07/2026-01:56:10] [I] Profiling verbosity: 2
[07/07/2026-01:56:10] [I] Tactic sources: Using default tactic sources
[07/07/2026-01:56:10] [I] timingCacheMode: local
[07/07/2026-01:56:10] [I] timingCacheFile:
[07/07/2026-01:56:10] [I] Enable Compilation Cache: Enabled
[07/07/2026-01:56:10] [I] Enable Monitor Memory: Disabled
[07/07/2026-01:56:10] [I] CPU Only Mode: Disabled
[07/07/2026-01:56:10] [I] errorOnTimingCacheMiss: Disabled
[07/07/2026-01:56:10] [I] Preview Features: Use default preview flags.
[07/07/2026-01:56:10] [I] MaxAuxStreams: -1
[07/07/2026-01:56:10] [I] BuilderOptimizationLevel: 0
[07/07/2026-01:56:10] [I] MaxTactics: -1
[07/07/2026-01:56:10] [I] Calibration Profile Index: 0
[07/07/2026-01:56:10] [I] Weight Streaming: Disabled
[07/07/2026-01:56:10] [I] Runtime Platform: Same As Build
[07/07/2026-01:56:10] [I] Debug Tensors:
[07/07/2026-01:56:10] [I] Distributive Independence: Disabled
[07/07/2026-01:56:10] [I] Mark Unfused Tensors As Debug Tensors: Disabled
[07/07/2026-01:56:10] [I] Input(s)s format: fp32:CHW
[07/07/2026-01:56:10] [I] Output(s)s format: fp32:CHW
[07/07/2026-01:56:10] [I] Input build shape (profile 0): x=1x1x28x28+4x1x28x28+16x1x28x28
[07/07/2026-01:56:10] [I] Input build shape (profile 1): x=8x1x28x28+32x1x28x28+64x1x28x28
[07/07/2026-01:56:10] [I] Input calibration shapes: model
[07/07/2026-01:56:10] [I] === System Options ===
[07/07/2026-01:56:10] [I] Device: 0
[07/07/2026-01:56:10] [I] DLACore:
[07/07/2026-01:56:10] [I] Loaded static plugins:
[07/07/2026-01:56:10] [I] setPluginsToSerialize:
[07/07/2026-01:56:10] [I] dynamicPlugins:
[07/07/2026-01:56:10] [I] ignoreParsedPluginLibs: 0
[07/07/2026-01:56:10] [I]
[07/07/2026-01:56:10] [I] === Inference Options ===
[07/07/2026-01:56:10] [I] Batch: Explicit
[07/07/2026-01:56:10] [I] Input inference shape : x=4x1x28x28
[07/07/2026-01:56:10] [I] Iterations: 10
[07/07/2026-01:56:10] [I] Duration: 3s (+ 200ms warm up)
[07/07/2026-01:56:10] [I] Sleep time: 0ms
[07/07/2026-01:56:10] [I] Idle time: 0ms
[07/07/2026-01:56:10] [I] Inference Streams: 1
[07/07/2026-01:56:10] [I] ExposeDMA: Disabled
[07/07/2026-01:56:10] [I] Data transfers: Enabled
[07/07/2026-01:56:10] [I] Spin-wait: Disabled
[07/07/2026-01:56:10] [I] Multithreading: Disabled
[07/07/2026-01:56:10] [I] CUDA Graph: Disabled
[07/07/2026-01:56:10] [I] Separate profiling: Disabled
[07/07/2026-01:56:10] [I] Time Deserialize: Disabled
[07/07/2026-01:56:10] [I] Time Refit: Disabled
[07/07/2026-01:56:10] [I] NVTX verbosity: 2
[07/07/2026-01:56:10] [I] Persistent Cache Ratio: 0
[07/07/2026-01:56:10] [I] Optimization Profile Index: 0
[07/07/2026-01:56:10] [I] Weight Streaming Budget: 100.000000%
[07/07/2026-01:56:10] [I] Inputs:
[07/07/2026-01:56:10] [I] Debug Tensor Save Destinations:
[07/07/2026-01:56:10] [I] Dump All Debug Tensor in Formats:
[07/07/2026-01:56:10] [I] === Reporting Options ===
[07/07/2026-01:56:10] [I] Verbose: Disabled
[07/07/2026-01:56:10] [I] Averages: 10 inferences
[07/07/2026-01:56:10] [I] Percentiles: 90,95,99
[07/07/2026-01:56:10] [I] Dump refittable layers:Disabled
[07/07/2026-01:56:10] [I] Dump output: Disabled
[07/07/2026-01:56:10] [I] Profile: Disabled
[07/07/2026-01:56:10] [I] Export timing to JSON file:
[07/07/2026-01:56:10] [I] Export output to JSON file:
[07/07/2026-01:56:10] [I] Export profile to JSON file:
[07/07/2026-01:56:10] [I]
[07/07/2026-01:56:10] [I] === Device Information ===
[07/07/2026-01:56:10] [I] Available Devices:
[07/07/2026-01:56:10] [I]   Device 0: "NVIDIA H100 PCIe" UUID: GPU-31e9692b-62b7-2d62-f0b1-f4195b568ac7
[07/07/2026-01:56:10] [I] Selected Device: NVIDIA H100 PCIe
[07/07/2026-01:56:10] [I] Selected Device ID: 0
[07/07/2026-01:56:10] [I] Selected Device UUID: GPU-31e9692b-62b7-2d62-f0b1-f4195b568ac7
[07/07/2026-01:56:10] [I] Compute Capability: 9.0
[07/07/2026-01:56:10] [I] SMs: 114
[07/07/2026-01:56:10] [I] Device Global Memory: 81081 MiB
[07/07/2026-01:56:10] [I] Shared Memory per SM: 228 KiB
[07/07/2026-01:56:10] [I] Memory Bus Width: 5120 bits (ECC enabled)
[07/07/2026-01:56:10] [I] Application Compute Clock Rate: 1.755 GHz
[07/07/2026-01:56:10] [I] Application Memory Clock Rate: 1.593 GHz
[07/07/2026-01:56:10] [I]
[07/07/2026-01:56:10] [I] Note: The application clock rates do not reflect the actual clock rates that the GPU is currently running at.
[07/07/2026-01:56:10] [I]
[07/07/2026-01:56:10] [I] TensorRT version: 10.16.1
[07/07/2026-01:56:10] [I] Loading standard plugins
[07/07/2026-01:56:10] [I] [TRT] [MemUsageChange] Init CUDA: CPU +1, GPU +0, now: CPU 32, GPU 458 (MiB)
[07/07/2026-01:56:11] [I] Start parsing network model.
[07/07/2026-01:56:11] [I] [TRT] ----------------------------------------------------------------
[07/07/2026-01:56:11] [I] [TRT] Input filename:   /work/trt-samples-for-hackathon-cn/cookbook/00-Data/model/model-trained.onnx
[07/07/2026-01:56:11] [I] [TRT] ONNX IR version:  0.0.10
[07/07/2026-01:56:11] [I] [TRT] Opset version:    18
[07/07/2026-01:56:11] [I] [TRT] Producer name:    pytorch
[07/07/2026-01:56:11] [I] [TRT] Producer version: 2.11.0a0+a6c236b9fd.nv26.03.46836102
[07/07/2026-01:56:11] [I] [TRT] Domain:
[07/07/2026-01:56:11] [I] [TRT] Model version:    0
[07/07/2026-01:56:11] [I] [TRT] Doc string:
[07/07/2026-01:56:11] [I] [TRT] ----------------------------------------------------------------
[07/07/2026-01:56:11] [I] Finished parsing network model. Parse time: 0.0226161
[07/07/2026-01:56:11] [I] Set shape of input tensor x for optimization profile 0 to: MIN=1x1x28x28 OPT=4x1x28x28 MAX=16x1x28x28
[07/07/2026-01:56:11] [I] Set shape of input tensor x for optimization profile 1 to: MIN=8x1x28x28 OPT=32x1x28x28 MAX=64x1x28x28
[07/07/2026-01:56:11] [I] [TRT] [MemUsageChange] Init builder kernel library: CPU +522, GPU +10, now: CPU 832, GPU 470 (MiB)
[07/07/2026-01:56:11] [I] [TRT] Local timing cache in use. Profiling results in this builder pass will not be stored.
[07/07/2026-01:56:12] [I] [TRT] Compiler backend is used during engine build.
[07/07/2026-01:56:18] [I] [TRT] Detected 1 inputs and 2 output network tensors.
[07/07/2026-01:56:19] [I] [TRT] Total Host Persistent Memory: 18576 bytes
[07/07/2026-01:56:19] [I] [TRT] Total Device Persistent Memory: 0 bytes
[07/07/2026-01:56:19] [I] [TRT] Max Scratch Memory: 295424 bytes
[07/07/2026-01:56:19] [I] [TRT] [BlockAssignment] Started assigning block shifts. This will take 7 steps to complete.
[07/07/2026-01:56:19] [I] [TRT] [BlockAssignment] Algorithm ShiftNTopDown took 0.01976ms to assign 2 blocks to 7 nodes requiring 2007040 bytes.
[07/07/2026-01:56:19] [I] [TRT] Total Activation Memory: 2007040 bytes
[07/07/2026-01:56:20] [I] [TRT] Detected 1 inputs and 2 output network tensors.
[07/07/2026-01:56:20] [I] [TRT] Total Host Persistent Memory: 19920 bytes
[07/07/2026-01:56:20] [I] [TRT] Total Device Persistent Memory: 0 bytes
[07/07/2026-01:56:20] [I] [TRT] Max Scratch Memory: 492032 bytes
[07/07/2026-01:56:20] [I] [TRT] [BlockAssignment] Started assigning block shifts. This will take 7 steps to complete.
[07/07/2026-01:56:20] [I] [TRT] [BlockAssignment] Algorithm ShiftNTopDown took 0.01928ms to assign 2 blocks to 7 nodes requiring 4014080 bytes.
[07/07/2026-01:56:20] [I] [TRT] Total Activation Memory: 4014080 bytes
[07/07/2026-01:56:20] [I] [TRT] Total Weights Memory: 13005440 bytes
[07/07/2026-01:56:20] [I] [TRT] Compiler backend is used during engine execution.
[07/07/2026-01:56:20] [I] [TRT] Engine generation completed in 8.52421 seconds.
[07/07/2026-01:56:20] [I] [TRT] [MemUsageStats] Peak memory usage of TRT CPU/GPU memory allocators: CPU 6 MiB, GPU 31 MiB
[07/07/2026-01:56:20] [I] Created engine with size: 12.6846 MiB
[07/07/2026-01:56:20] [I] Engine built in 9.3282 sec.
[07/07/2026-01:56:20] [I] [TRT] Loaded engine size: 12 MiB
[07/07/2026-01:56:20] [I] Engine deserialized in 0.0619067 sec.
[07/07/2026-01:56:20] [I] Skipped inference phase since --skipInference is added.
&&&& PASSED TensorRT.trtexec [TensorRT v101601] [b11] # trtexec --onnx=/work/trt-samples-for-hackathon-cn/cookbook/00-Data/model/model-trained.onnx --profilingVerbosity=detailed --exportLayerInfo=model-trained.json --saveEngine=model-trained.trt --fp16 --memPoolSize=workspace:1024MiB --builderOptimizationLevel=0 --skipInference --profile=0 --minShapes=x:1x1x28x28 --optShapes=x:4x1x28x28 --maxShapes=x:16x1x28x28 --profile=1 --minShapes=x:8x1x28x28 --optShapes=x:32x1x28x28 --maxShapes=x:64x1x28x28
&&&& RUNNING TensorRT.trtexec [TensorRT v101601] [b11] # trtexec --onnx=/work/trt-samples-for-hackathon-cn/cookbook/00-Data/model/model-large.onnx --profilingVerbosity=detailed --exportLayerInfo=model-large.json --saveEngine=model-large.trt --fp16 --memPoolSize=workspace:1024MiB --builderOptimizationLevel=0 --skipInference --profile=0 --minShapes=input_ids:1x1,attention_mask:1x1 --optShapes=input_ids:1x32,attention_mask:1x32 --maxShapes=input_ids:1x64,attention_mask:1x64
[07/07/2026-01:56:22] [I] === Model Options ===
[07/07/2026-01:56:22] [I] Format: ONNX
[07/07/2026-01:56:22] [I] Model: /work/trt-samples-for-hackathon-cn/cookbook/00-Data/model/model-large.onnx
[07/07/2026-01:56:22] [I] Output:
[07/07/2026-01:56:22] [I] === Build Options ===
[07/07/2026-01:56:22] [I] Memory Pools: workspace: 0.000976562 MiB, dlaSRAM: default, dlaLocalDRAM: default, dlaGlobalDRAM: default, tacticSharedMem: default
[07/07/2026-01:56:22] [I] avgTiming: 8
[07/07/2026-01:56:22] [I] Precision: FP32+FP16
[07/07/2026-01:56:22] [I] LayerPrecisions:
[07/07/2026-01:56:22] [I] Layer Device Types:
[07/07/2026-01:56:22] [I] Decomposable Attentions:
[07/07/2026-01:56:22] [I] Calibration:
[07/07/2026-01:56:22] [I] Refit: Disabled
[07/07/2026-01:56:22] [I] Strip weights: Disabled
[07/07/2026-01:56:22] [I] Version Compatible: Disabled
[07/07/2026-01:56:22] [I] ONNX Plugin InstanceNorm: Disabled
[07/07/2026-01:56:22] [I] ONNX kENABLE_UINT8_AND_ASYMMETRIC_QUANTIZATION_DLA flag: Disabled
[07/07/2026-01:56:22] [I] ONNX kREPORT_CAPABILITY_DLA flag: Disabled
[07/07/2026-01:56:22] [I] ONNX kADJUST_FOR_DLA flag: Disabled
[07/07/2026-01:56:22] [I] ONNX kENABLE_PLUGIN_OVERRIDE flag: Disabled
[07/07/2026-01:56:22] [I] TensorRT runtime: full
[07/07/2026-01:56:22] [I] Lean DLL Path:
[07/07/2026-01:56:22] [I] Tempfile Controls: { in_memory: allow, temporary: allow }
[07/07/2026-01:56:22] [I] Exclude Lean Runtime: Disabled
[07/07/2026-01:56:22] [I] Sparsity: Disabled
[07/07/2026-01:56:22] [I] Safe mode: Disabled
[07/07/2026-01:56:22] [I] Build DLA standalone loadable: Disabled
[07/07/2026-01:56:22] [I] Allow GPU fallback for DLA: Disabled
[07/07/2026-01:56:22] [I] DirectIO mode: Disabled
[07/07/2026-01:56:22] [I] Restricted mode: Disabled
[07/07/2026-01:56:22] [I] Skip inference: Enabled
[07/07/2026-01:56:22] [I] Save engine: model-large.trt
[07/07/2026-01:56:22] [I] Load engine:
[07/07/2026-01:56:22] [I] Profiling verbosity: 2
[07/07/2026-01:56:22] [I] Tactic sources: Using default tactic sources
[07/07/2026-01:56:22] [I] timingCacheMode: local
[07/07/2026-01:56:22] [I] timingCacheFile:
[07/07/2026-01:56:22] [I] Enable Compilation Cache: Enabled
[07/07/2026-01:56:22] [I] Enable Monitor Memory: Disabled
[07/07/2026-01:56:22] [I] CPU Only Mode: Disabled
[07/07/2026-01:56:22] [I] errorOnTimingCacheMiss: Disabled
[07/07/2026-01:56:22] [I] Preview Features: Use default preview flags.
[07/07/2026-01:56:22] [I] MaxAuxStreams: -1
[07/07/2026-01:56:22] [I] BuilderOptimizationLevel: 0
[07/07/2026-01:56:22] [I] MaxTactics: -1
[07/07/2026-01:56:22] [I] Calibration Profile Index: 0
[07/07/2026-01:56:22] [I] Weight Streaming: Disabled
[07/07/2026-01:56:22] [I] Runtime Platform: Same As Build
[07/07/2026-01:56:22] [I] Debug Tensors:
[07/07/2026-01:56:22] [I] Distributive Independence: Disabled
[07/07/2026-01:56:22] [I] Mark Unfused Tensors As Debug Tensors: Disabled
[07/07/2026-01:56:22] [I] Input(s)s format: fp32:CHW
[07/07/2026-01:56:22] [I] Output(s)s format: fp32:CHW
[07/07/2026-01:56:22] [I] Input build shape (profile 0): input_ids=1x1+1x32+1x64
[07/07/2026-01:56:22] [I] Input build shape (profile 0): attention_mask=1x1+1x32+1x64
[07/07/2026-01:56:22] [I] Input calibration shapes: model
[07/07/2026-01:56:22] [I] === System Options ===
[07/07/2026-01:56:22] [I] Device: 0
[07/07/2026-01:56:22] [I] DLACore:
[07/07/2026-01:56:22] [I] Loaded static plugins:
[07/07/2026-01:56:22] [I] setPluginsToSerialize:
[07/07/2026-01:56:22] [I] dynamicPlugins:
[07/07/2026-01:56:22] [I] ignoreParsedPluginLibs: 0
[07/07/2026-01:56:22] [I]
[07/07/2026-01:56:22] [I] === Inference Options ===
[07/07/2026-01:56:22] [I] Batch: Explicit
[07/07/2026-01:56:22] [I] Input inference shape : attention_mask=1x32
[07/07/2026-01:56:22] [I] Input inference shape : input_ids=1x32
[07/07/2026-01:56:22] [I] Iterations: 10
[07/07/2026-01:56:22] [I] Duration: 3s (+ 200ms warm up)
[07/07/2026-01:56:22] [I] Sleep time: 0ms
[07/07/2026-01:56:22] [I] Idle time: 0ms
[07/07/2026-01:56:22] [I] Inference Streams: 1
[07/07/2026-01:56:22] [I] ExposeDMA: Disabled
[07/07/2026-01:56:22] [I] Data transfers: Enabled
[07/07/2026-01:56:22] [I] Spin-wait: Disabled
[07/07/2026-01:56:22] [I] Multithreading: Disabled
[07/07/2026-01:56:22] [I] CUDA Graph: Disabled
[07/07/2026-01:56:22] [I] Separate profiling: Disabled
[07/07/2026-01:56:22] [I] Time Deserialize: Disabled
[07/07/2026-01:56:22] [I] Time Refit: Disabled
[07/07/2026-01:56:22] [I] NVTX verbosity: 2
[07/07/2026-01:56:22] [I] Persistent Cache Ratio: 0
[07/07/2026-01:56:22] [I] Optimization Profile Index: 0
[07/07/2026-01:56:22] [I] Weight Streaming Budget: 100.000000%
[07/07/2026-01:56:22] [I] Inputs:
[07/07/2026-01:56:22] [I] Debug Tensor Save Destinations:
[07/07/2026-01:56:22] [I] Dump All Debug Tensor in Formats:
[07/07/2026-01:56:22] [I] === Reporting Options ===
[07/07/2026-01:56:22] [I] Verbose: Disabled
[07/07/2026-01:56:22] [I] Averages: 10 inferences
[07/07/2026-01:56:22] [I] Percentiles: 90,95,99
[07/07/2026-01:56:22] [I] Dump refittable layers:Disabled
[07/07/2026-01:56:22] [I] Dump output: Disabled
[07/07/2026-01:56:22] [I] Profile: Disabled
[07/07/2026-01:56:22] [I] Export timing to JSON file:
[07/07/2026-01:56:22] [I] Export output to JSON file:
[07/07/2026-01:56:22] [I] Export profile to JSON file:
[07/07/2026-01:56:22] [I]
[07/07/2026-01:56:22] [I] === Device Information ===
[07/07/2026-01:56:22] [I] Available Devices:
[07/07/2026-01:56:22] [I]   Device 0: "NVIDIA H100 PCIe" UUID: GPU-31e9692b-62b7-2d62-f0b1-f4195b568ac7
[07/07/2026-01:56:22] [I] Selected Device: NVIDIA H100 PCIe
[07/07/2026-01:56:22] [I] Selected Device ID: 0
[07/07/2026-01:56:22] [I] Selected Device UUID: GPU-31e9692b-62b7-2d62-f0b1-f4195b568ac7
[07/07/2026-01:56:22] [I] Compute Capability: 9.0
[07/07/2026-01:56:22] [I] SMs: 114
[07/07/2026-01:56:22] [I] Device Global Memory: 81081 MiB
[07/07/2026-01:56:22] [I] Shared Memory per SM: 228 KiB
[07/07/2026-01:56:22] [I] Memory Bus Width: 5120 bits (ECC enabled)
[07/07/2026-01:56:22] [I] Application Compute Clock Rate: 1.755 GHz
[07/07/2026-01:56:22] [I] Application Memory Clock Rate: 1.593 GHz
[07/07/2026-01:56:22] [I]
[07/07/2026-01:56:22] [I] Note: The application clock rates do not reflect the actual clock rates that the GPU is currently running at.
[07/07/2026-01:56:22] [I]
[07/07/2026-01:56:22] [I] TensorRT version: 10.16.1
[07/07/2026-01:56:22] [I] Loading standard plugins
[07/07/2026-01:56:22] [I] [TRT] [MemUsageChange] Init CUDA: CPU +1, GPU +0, now: CPU 32, GPU 458 (MiB)
[07/07/2026-01:56:22] [I] Start parsing network model.
[07/07/2026-01:56:31] [I] [TRT] ----------------------------------------------------------------
[07/07/2026-01:56:31] [I] [TRT] Input filename:   /work/trt-samples-for-hackathon-cn/cookbook/00-Data/model/model-large.onnx
[07/07/2026-01:56:31] [I] [TRT] ONNX IR version:  0.0.7
[07/07/2026-01:56:31] [I] [TRT] Opset version:    13
[07/07/2026-01:56:31] [I] [TRT] Producer name:    pytorch
[07/07/2026-01:56:31] [I] [TRT] Producer version: 2.0.1
[07/07/2026-01:56:31] [I] [TRT] Domain:
[07/07/2026-01:56:31] [I] [TRT] Model version:    0
[07/07/2026-01:56:31] [I] [TRT] Doc string:
[07/07/2026-01:56:31] [I] [TRT] ----------------------------------------------------------------
[07/07/2026-01:56:32] [I] Finished parsing network model. Parse time: 9.46947
[07/07/2026-01:56:32] [I] Set shape of input tensor input_ids for optimization profile 0 to: MIN=1x1 OPT=1x32 MAX=1x64
[07/07/2026-01:56:32] [I] Set shape of input tensor attention_mask for optimization profile 0 to: MIN=1x1 OPT=1x32 MAX=1x64
[07/07/2026-01:56:33] [I] [TRT] [MemUsageChange] Init builder kernel library: CPU +521, GPU +10, now: CPU 2415, GPU 470 (MiB)
[07/07/2026-01:56:33] [I] [TRT] Local timing cache in use. Profiling results in this builder pass will not be stored.
[07/07/2026-01:56:34] [I] [TRT] Compiler backend is used during engine build.
[07/07/2026-01:56:48] [I] [TRT] Detected 2 inputs and 49 output network tensors.
[07/07/2026-01:56:48] [I] [TRT] Total Host Persistent Memory: 80 bytes
[07/07/2026-01:56:48] [I] [TRT] Total Device Persistent Memory: 0 bytes
[07/07/2026-01:56:48] [I] [TRT] Max Scratch Memory: 109601280 bytes
[07/07/2026-01:56:48] [I] [TRT] [BlockAssignment] Started assigning block shifts. This will take 1 steps to complete.
[07/07/2026-01:56:48] [I] [TRT] [BlockAssignment] Algorithm ShiftNTopDown took 0.01056ms to assign 1 blocks to 1 nodes requiring 109601280 bytes.
[07/07/2026-01:56:48] [I] [TRT] Total Activation Memory: 109601280 bytes
[07/07/2026-01:56:48] [I] [TRT] Total Weights Memory: 710695296 bytes
[07/07/2026-01:56:48] [I] [TRT] Compiler backend is used during engine execution.
[07/07/2026-01:56:48] [I] [TRT] Engine generation completed in 15.0313 seconds.
[07/07/2026-01:56:48] [I] [TRT] [MemUsageStats] Peak memory usage of TRT CPU/GPU memory allocators: CPU 774 MiB, GPU 806 MiB
[07/07/2026-01:56:52] [I] Created engine with size: 679.999 MiB
[07/07/2026-01:56:52] [I] Engine built in 20.3699 sec.
[07/07/2026-01:56:56] [I] [TRT] Loaded engine size: 679 MiB
[07/07/2026-01:56:56] [I] Engine deserialized in 3.05469 sec.
[07/07/2026-01:56:56] [I] Skipped inference phase since --skipInference is added.
&&&& PASSED TensorRT.trtexec [TensorRT v101601] [b11] # trtexec --onnx=/work/trt-samples-for-hackathon-cn/cookbook/00-Data/model/model-large.onnx --profilingVerbosity=detailed --exportLayerInfo=model-large.json --saveEngine=model-large.trt --fp16 --memPoolSize=workspace:1024MiB --builderOptimizationLevel=0 --skipInference --profile=0 --minShapes=input_ids:1x1,attention_mask:1x1 --optShapes=input_ids:1x32,attention_mask:1x32 --maxShapes=input_ids:1x64,attention_mask:1x64
============================== Start [case_simple,('model-trained',),{}]
Succeed saving model-trained-network.onnx:    24 Nodes,    30 tensors
============================== End   [case_simple]
============================== Start [case_simple,('model-large',),{}]
Succeed saving model-large-network.onnx:   247 Nodes,   345 tensors
============================== End   [case_simple]
Finish
