[TensorRT-Cookbook] Version: 0.2.0
[04/30/2026-17:58:00] [TRT] [W] Using default stream in enqueueV3() may lead to performance issues due to additional calls to cudaStreamSynchronize() by TensorRT to ensure correct synchronization. Please use non-default stream instead.
============================== Start [case_simple,(),{}]
Input ->DataType.HALF, (1, 2, 4, 8), (1, 2, 4, 8), input
Input ->DataType.HALF, (16, 4), (16, 4), cos_cache
Input ->DataType.HALF, (16, 4), (16, 4), sin_cache
Input ->DataType.INT64, (1, 4), (1, 4), position_ids
Output->DataType.FLOAT, (1, 2, 4, 8), (1, 2, 4, 8), output
input
[[[[0.      0.03125 0.0625  0.09375 0.125   0.1562  0.1875  0.2188 ]
   [0.25    0.2812  0.3125  0.3438  0.375   0.4062  0.4375  0.4688 ]
   [0.5     0.5312  0.5625  0.5938  0.625   0.6562  0.6875  0.7188 ]
   [0.75    0.7812  0.8125  0.8438  0.875   0.9062  0.9375  0.9688 ]]

  [[1.      1.031   1.0625  1.094   1.125   1.156   1.1875  1.219  ]
   [1.25    1.281   1.3125  1.344   1.375   1.406   1.4375  1.469  ]
   [1.5     1.531   1.5625  1.594   1.625   1.656   1.6875  1.719  ]
   [1.75    1.781   1.8125  1.844   1.875   1.906   1.9375  1.969  ]]]]
cos_cache
[[1.     1.     0.9995 0.999 ]
 [0.998  0.997  0.9956 0.9937]
 [0.992  0.9897 0.9873 0.985 ]
 [0.982  0.979  0.9756 0.9717]
 [0.968  0.964  0.9595 0.955 ]
 [0.95   0.945  0.9395 0.934 ]
 [0.928  0.9224 0.916  0.9097]
 [0.903  0.896  0.8887 0.8813]
 [0.8735 0.8657 0.858  0.8496]
 [0.8413 0.8325 0.8237 0.8145]
 [0.805  0.7954 0.7856 0.776 ]
 [0.7656 0.7554 0.745  0.7344]
 [0.7236 0.7124 0.701  0.69  ]
 [0.678  0.6665 0.655  0.6426]
 [0.6304 0.6177 0.6055 0.593 ]
 [0.5796 0.567  0.5537 0.5405]]
sin_cache
[[0.      0.01587 0.03174 0.0476 ]
 [0.0635  0.0793  0.0951  0.1109 ]
 [0.1266  0.1423  0.1581  0.1737 ]
 [0.1893  0.2048  0.2203  0.2358 ]
 [0.2512  0.2666  0.2817  0.297  ]
 [0.3123  0.3271  0.342   0.357  ]
 [0.3718  0.3865  0.4011  0.4155 ]
 [0.43    0.4443  0.4585  0.4724 ]
 [0.4863  0.5     0.5137  0.5273 ]
 [0.541   0.554   0.5674  0.58   ]
 [0.5933  0.606   0.618   0.631  ]
 [0.643   0.6553  0.667   0.6787 ]
 [0.6904  0.7017  0.713   0.724  ]
 [0.735   0.7456  0.756   0.766  ]
 [0.7764  0.786   0.796   0.8057 ]
 [0.815   0.8237  0.833   0.8413 ]]
position_ids
[[0 1 2 3]]
output
[[[[0.         0.02877045 0.05651855 0.08324432 0.125      0.15674591
    0.18939209 0.22299957]
   [0.22570801 0.24821663 0.26952362 0.2895832  0.39013672 0.42735863
    0.46529388 0.5038967 ]
   [0.41697693 0.43239594 0.44667816 0.45991135 0.68341064 0.7251358
    0.76769257 0.81100845]
   [0.5707855  0.579216   0.5860977  0.5913849  1.0011902  1.0472488
    1.0936356  1.1403046 ]]

  [[1.         1.0129013  1.024292   1.0346603  1.125      1.172615
    1.2206421  1.2696304 ]
   [1.1602783  1.1660023  1.1700363  1.1723347  1.4516602  1.5037136
    1.5559921  1.6084499 ]
   [1.2825775  1.279808   1.2759018  1.2710686  1.802185   1.8572159
    1.9130783  1.9695778 ]
   [1.3633881  1.3533859  1.3413467  1.3272247  2.1724548  2.2310867
    2.2895584  2.347824  ]]]]
============================== End   [case_simple]
Finish
