[TensorRT-Cookbook] Version: 1.0.0
nbInputs=1, nbShapeInputs=1
nbInputs=1, nbShapeInputs=1
nbInputs=1, nbShapeInputs=1
[07/07/2026-01:54:19] [TRT] [W] Using default stream in enqueueV3() may lead to performance issues due to additional calls to cudaStreamSynchronize() by TensorRT to ensure correct synchronization. Please use non-default stream instead.
============================== Start [case_trt,(),{}]
Input ->DataType.FLOAT, (-1, -1, -1), (3, 4, 5), inputT0
Input ->DataType.INT32, (3,), (3,), inputT1
Output->DataType.FLOAT, (-1, -1, -1), (3, 2, 10), outputT0
inputT0
[[[1. 1. 1. 1. 1.]
  [1. 1. 1. 1. 1.]
  [1. 1. 1. 1. 1.]
  [1. 1. 1. 1. 1.]]

 [[1. 1. 1. 1. 1.]
  [1. 1. 1. 1. 1.]
  [1. 1. 1. 1. 1.]
  [1. 1. 1. 1. 1.]]

 [[1. 1. 1. 1. 1.]
  [1. 1. 1. 1. 1.]
  [1. 1. 1. 1. 1.]
  [1. 1. 1. 1. 1.]]]
inputT1
[ 3  2 10]
outputT0
[[[1. 1. 1. 1. 1. 1. 1. 1. 1. 1.]
  [1. 1. 1. 1. 1. 1. 1. 1. 1. 1.]]

 [[1. 1. 1. 1. 1. 1. 1. 1. 1. 1.]
  [1. 1. 1. 1. 1. 1. 1. 1. 1. 1.]]

 [[1. 1. 1. 1. 1. 1. 1. 1. 1. 1.]
  [1. 1. 1. 1. 1. 1. 1. 1. 1. 1.]]]
[check]outputT0:True,maxAbsDiff=0.000e+00,meanAbsDiff=0.000e+00,maxRelDiff=0.000e+00,meanRelDiff=0.000e+00
[07/07/2026-01:54:19] [TRT] [W] Using default stream in enqueueV3() may lead to performance issues due to additional calls to cudaStreamSynchronize() by TensorRT to ensure correct synchronization. Please use non-default stream instead.
============================== End   [case_trt]
============================== Start [case_trt,(),{}]
Input ->DataType.FLOAT, (-1, -1, -1), (3, 4, 5), inputT0
Input ->DataType.INT32, (3,), (3,), inputT1
Output->DataType.FLOAT, (-1, -1, -1), (3, 2, 10), outputT0
inputT0
[[[1. 1. 1. 1. 1.]
  [1. 1. 1. 1. 1.]
  [1. 1. 1. 1. 1.]
  [1. 1. 1. 1. 1.]]

 [[1. 1. 1. 1. 1.]
  [1. 1. 1. 1. 1.]
  [1. 1. 1. 1. 1.]
  [1. 1. 1. 1. 1.]]

 [[1. 1. 1. 1. 1.]
  [1. 1. 1. 1. 1.]
  [1. 1. 1. 1. 1.]
  [1. 1. 1. 1. 1.]]]
inputT1
[ 3  2 10]
outputT0
[[[1. 1. 1. 1. 1. 1. 1. 1. 1. 1.]
  [1. 1. 1. 1. 1. 1. 1. 1. 1. 1.]]

 [[1. 1. 1. 1. 1. 1. 1. 1. 1. 1.]
  [1. 1. 1. 1. 1. 1. 1. 1. 1. 1.]]

 [[1. 1. 1. 1. 1. 1. 1. 1. 1. 1.]
  [1. 1. 1. 1. 1. 1. 1. 1. 1. 1.]]]
[check]outputT0:True,maxAbsDiff=0.000e+00,meanAbsDiff=0.000e+00,maxRelDiff=0.000e+00,meanRelDiff=0.000e+00
============================== End   [case_trt]
Finish
