============================== Start [case_trt,(),{}]
Input ->DataType.FLOAT, (-1, -1, -1), (3, 4, 5), inputT0
Input ->DataType.INT32, (3,), (3,), inputT1
Output->DataType.FLOAT, (-1, -1, -1), (3, 2, 10), outputT0
inputT0
[[[1. 1. 1. 1. 1.]
  [1. 1. 1. 1. 1.]
  [1. 1. 1. 1. 1.]
  [1. 1. 1. 1. 1.]]

 [[1. 1. 1. 1. 1.]
  [1. 1. 1. 1. 1.]
  [1. 1. 1. 1. 1.]
  [1. 1. 1. 1. 1.]]

 [[1. 1. 1. 1. 1.]
  [1. 1. 1. 1. 1.]
  [1. 1. 1. 1. 1.]
  [1. 1. 1. 1. 1.]]]
inputT1
[ 3  2 10]
outputT0
[[[1. 1. 1. 1. 1. 1. 1. 1. 1. 1.]
  [1. 1. 1. 1. 1. 1. 1. 1. 1. 1.]]

 [[1. 1. 1. 1. 1. 1. 1. 1. 1. 1.]
  [1. 1. 1. 1. 1. 1. 1. 1. 1. 1.]]

 [[1. 1. 1. 1. 1. 1. 1. 1. 1. 1.]
  [1. 1. 1. 1. 1. 1. 1. 1. 1. 1.]]]
[check]outputT0:True,maxAbsDiff=0.00e+00,meanAbsDiff=0.00e+00,maxRelDiff=0.00e+00,meanRelDiff=0.00e+00
============================== End   [case_trt]
============================== Start [case_trt,(),{}]
Input ->DataType.FLOAT, (-1, -1, -1), (3, 4, 5), inputT0
Input ->DataType.INT32, (3,), (3,), inputT1
Output->DataType.FLOAT, (-1, -1, -1), (3, 2, 10), outputT0
inputT0
[[[1. 1. 1. 1. 1.]
  [1. 1. 1. 1. 1.]
  [1. 1. 1. 1. 1.]
  [1. 1. 1. 1. 1.]]

 [[1. 1. 1. 1. 1.]
  [1. 1. 1. 1. 1.]
  [1. 1. 1. 1. 1.]
  [1. 1. 1. 1. 1.]]

 [[1. 1. 1. 1. 1.]
  [1. 1. 1. 1. 1.]
  [1. 1. 1. 1. 1.]
  [1. 1. 1. 1. 1.]]]
inputT1
[ 3  2 10]
outputT0
[[[1. 1. 1. 1. 1. 1. 1. 1. 1. 1.]
  [1. 1. 1. 1. 1. 1. 1. 1. 1. 1.]]

 [[1. 1. 1. 1. 1. 1. 1. 1. 1. 1.]
  [1. 1. 1. 1. 1. 1. 1. 1. 1. 1.]]

 [[1. 1. 1. 1. 1. 1. 1. 1. 1. 1.]
  [1. 1. 1. 1. 1. 1. 1. 1. 1. 1.]]]
[check]outputT0:True,maxAbsDiff=0.00e+00,meanAbsDiff=0.00e+00,maxRelDiff=0.00e+00,meanRelDiff=0.00e+00
============================== End   [case_trt]
Finish
nbInputs=1, nbShapeInputs=1
nbInputs=1, nbShapeInputs=1
nbInputs=1, nbShapeInputs=1
