[TensorRT-Cookbook] Version: 1.0.0
[07/07/2026-06:17:13] [TRT] [W] ModelImporter.cpp:994: Make sure output z has Int64 binding.
[07/07/2026-06:17:13] [TRT] [W] It is suggested to disable layer timing cache while using AlgorithmSelector. Please refer to the developer guide in https://docs.nvidia.com/deeplearning/tensorrt/developer-guide/index.html#builder-layer-timing.
[07/07/2026-06:17:24] [TRT] [W] ModelImporter.cpp:994: Make sure output z has Int64 binding.
[07/07/2026-06:17:25] [TRT] [W] It is suggested to disable layer timing cache while using AlgorithmSelector. Please refer to the developer guide in https://docs.nvidia.com/deeplearning/tensorrt/developer-guide/index.html#builder-layer-timing.
[07/07/2026-06:17:34] [TRT] [W] ModelImporter.cpp:994: Make sure output z has Int64 binding.
[07/07/2026-06:17:34] [TRT] [W] It is suggested to disable layer timing cache while using AlgorithmSelector. Please refer to the developer guide in https://docs.nvidia.com/deeplearning/tensorrt/developer-guide/index.html#builder-layer-timing.
============================== Start [case_compare,(),{}]
Layer node_conv2d + node_relu, nInput=1, nOutput=1
    algorithm    :implementation[ 2147483657],tactic[ 6596631851832846809],timing[  0.000us],workspace[  0.0  B]
                  Input  0:datatype=float32,stride=(784, 784, 28, 1),vectorized_dim=-1,components_per_element=1
                  Output 0:datatype=float32,stride=(25088, 784, 28, 1),vectorized_dim=-1,components_per_element=1
Layer node_max_pool2d, nInput=1, nOutput=1
    algorithm    :implementation[ 2147483695],tactic[-6366799123142621607],timing[  0.000us],workspace[  0.0  B]
                  Input  0:datatype=float32,stride=(25088, 784, 28, 1),vectorized_dim=-1,components_per_element=1
                  Output 0:datatype=float32,stride=(6272, 196, 14, 1),vectorized_dim=-1,components_per_element=1
Layer node_conv2d_1 + node_relu_1, nInput=1, nOutput=1
    algorithm    :implementation[ 2147483657],tactic[-1270255870887598746],timing[  0.000us],workspace[  0.0  B]
                  Input  0:datatype=float32,stride=(1568, 1, 112, 8),vectorized_dim=1,components_per_element=4
                  Output 0:datatype=float32,stride=(3136, 1, 224, 16),vectorized_dim=1,components_per_element=4
Layer node_max_pool2d_1, nInput=1, nOutput=1
    algorithm    :implementation[ 2147483695],tactic[-2505890815121175496],timing[  0.000us],workspace[  0.0  B]
                  Input  0:datatype=float32,stride=(12544, 196, 14, 1),vectorized_dim=-1,components_per_element=1
                  Output 0:datatype=float32,stride=(3136, 49, 7, 1),vectorized_dim=-1,components_per_element=1
Layer {ForeignNode[gemm1.weight...ONNXTRT_castHelper_9]}, nInput=1, nOutput=2
    algorithm    :implementation[ 2147483683],tactic[                   0],timing[  0.000us],workspace[  0.0  B]
                  Input  0:datatype=float32,stride=(3136, 49, 7, 1),vectorized_dim=-1,components_per_element=1
                  Output 0:datatype=float32,stride=(10, 1),vectorized_dim=-1,components_per_element=1
                  Output 1:datatype=int64,stride=(1,),vectorized_dim=-1,components_per_element=1
Layer node_conv2d + node_relu [profile 1], nInput=1, nOutput=1
    algorithm    :implementation[ 2147483657],tactic[ 6596631851832846809],timing[  0.000us],workspace[  0.0  B]
                  Input  0:datatype=float32,stride=(784, 784, 28, 1),vectorized_dim=-1,components_per_element=1
                  Output 0:datatype=float32,stride=(25088, 784, 28, 1),vectorized_dim=-1,components_per_element=1
Layer node_max_pool2d [profile 1], nInput=1, nOutput=1
    algorithm    :implementation[ 2147483695],tactic[ 2962225320821933642],timing[  0.000us],workspace[  0.0  B]
                  Input  0:datatype=float32,stride=(25088, 784, 28, 1),vectorized_dim=-1,components_per_element=1
                  Output 0:datatype=float32,stride=(6272, 196, 14, 1),vectorized_dim=-1,components_per_element=1
Layer node_conv2d_1 + node_relu_1 [profile 1], nInput=1, nOutput=1
    algorithm    :implementation[ 2147483657],tactic[-1270255870887598746],timing[  0.000us],workspace[  0.0  B]
                  Input  0:datatype=float32,stride=(1568, 1, 112, 8),vectorized_dim=1,components_per_element=4
                  Output 0:datatype=float32,stride=(3136, 1, 224, 16),vectorized_dim=1,components_per_element=4
Layer node_max_pool2d_1 [profile 1], nInput=1, nOutput=1
    algorithm    :implementation[ 2147483695],tactic[-6366799123142621607],timing[  0.000us],workspace[  0.0  B]
                  Input  0:datatype=float32,stride=(12544, 196, 14, 1),vectorized_dim=-1,components_per_element=1
                  Output 0:datatype=float32,stride=(3136, 49, 7, 1),vectorized_dim=-1,components_per_element=1
Layer {ForeignNode[gemm1.weight...ONNXTRT_castHelper_9]} [profile 1], nInput=1, nOutput=2
    algorithm    :implementation[ 2147483683],tactic[                   0],timing[  0.000us],workspace[  0.0  B]
                  Input  0:datatype=float32,stride=(3136, 49, 7, 1),vectorized_dim=-1,components_per_element=1
                  Output 0:datatype=float32,stride=(10, 1),vectorized_dim=-1,components_per_element=1
                  Output 1:datatype=int64,stride=(1,),vectorized_dim=-1,components_per_element=1
Layer node_conv2d + node_relu, nInput=1, nOutput=1
    algorithm    :implementation[ 2147483657],tactic[-7602193913853509208],timing[  0.000us],workspace[  0.0  B]
                  Input  0:datatype=float32,stride=(784, 784, 28, 1),vectorized_dim=-1,components_per_element=1
                  Output 0:datatype=float32,stride=(25088, 784, 28, 1),vectorized_dim=-1,components_per_element=1
Layer node_max_pool2d, nInput=1, nOutput=1
    algorithm    :implementation[ 2147483695],tactic[ 6984215953784869956],timing[  0.000us],workspace[  0.0  B]
                  Input  0:datatype=float32,stride=(25088, 784, 28, 1),vectorized_dim=-1,components_per_element=1
                  Output 0:datatype=float32,stride=(6272, 196, 14, 1),vectorized_dim=-1,components_per_element=1
Layer node_conv2d_1 + node_relu_1, nInput=1, nOutput=1
    algorithm    :implementation[ 2147483657],tactic[-7602193913853509208],timing[  0.000us],workspace[  0.0  B]
                  Input  0:datatype=float32,stride=(6272, 196, 14, 1),vectorized_dim=-1,components_per_element=1
                  Output 0:datatype=float32,stride=(12544, 196, 14, 1),vectorized_dim=-1,components_per_element=1
Layer node_max_pool2d_1, nInput=1, nOutput=1
    algorithm    :implementation[ 2147483695],tactic[ 6984215953784869956],timing[  0.000us],workspace[  0.0  B]
                  Input  0:datatype=float32,stride=(12544, 196, 14, 1),vectorized_dim=-1,components_per_element=1
                  Output 0:datatype=float32,stride=(3136, 49, 7, 1),vectorized_dim=-1,components_per_element=1
Layer {ForeignNode[gemm1.weight...ONNXTRT_castHelper_9]}, nInput=1, nOutput=2
    algorithm    :implementation[ 2147483683],tactic[                   0],timing[  0.000us],workspace[  0.0  B]
                  Input  0:datatype=float32,stride=(3136, 49, 7, 1),vectorized_dim=-1,components_per_element=1
                  Output 0:datatype=float32,stride=(10, 1),vectorized_dim=-1,components_per_element=1
                  Output 1:datatype=int64,stride=(1,),vectorized_dim=-1,components_per_element=1
Layer node_conv2d + node_relu [profile 1], nInput=1, nOutput=1
    algorithm    :implementation[ 2147483657],tactic[-7602193913853509208],timing[  0.000us],workspace[  0.0  B]
                  Input  0:datatype=float32,stride=(784, 784, 28, 1),vectorized_dim=-1,components_per_element=1
                  Output 0:datatype=float32,stride=(25088, 784, 28, 1),vectorized_dim=-1,components_per_element=1
Layer node_max_pool2d [profile 1], nInput=1, nOutput=1
    algorithm    :implementation[ 2147483695],tactic[ 6984215953784869956],timing[  0.000us],workspace[  0.0  B]
                  Input  0:datatype=float32,stride=(25088, 784, 28, 1),vectorized_dim=-1,components_per_element=1
                  Output 0:datatype=float32,stride=(6272, 196, 14, 1),vectorized_dim=-1,components_per_element=1
Layer node_conv2d_1 + node_relu_1 [profile 1], nInput=1, nOutput=1
    algorithm    :implementation[ 2147483657],tactic[-7602193913853509208],timing[  0.000us],workspace[  0.0  B]
                  Input  0:datatype=float32,stride=(6272, 196, 14, 1),vectorized_dim=-1,components_per_element=1
                  Output 0:datatype=float32,stride=(12544, 196, 14, 1),vectorized_dim=-1,components_per_element=1
Layer node_max_pool2d_1 [profile 1], nInput=1, nOutput=1
    algorithm    :implementation[ 2147483695],tactic[ 6984215953784869956],timing[  0.000us],workspace[  0.0  B]
                  Input  0:datatype=float32,stride=(12544, 196, 14, 1),vectorized_dim=-1,components_per_element=1
                  Output 0:datatype=float32,stride=(3136, 49, 7, 1),vectorized_dim=-1,components_per_element=1
Layer {ForeignNode[gemm1.weight...ONNXTRT_castHelper_9]} [profile 1], nInput=1, nOutput=2
    algorithm    :implementation[ 2147483683],tactic[                   0],timing[  0.000us],workspace[  0.0  B]
                  Input  0:datatype=float32,stride=(3136, 49, 7, 1),vectorized_dim=-1,components_per_element=1
                  Output 0:datatype=float32,stride=(10, 1),vectorized_dim=-1,components_per_element=1
                  Output 1:datatype=int64,stride=(1,),vectorized_dim=-1,components_per_element=1
Layer node_conv2d + node_relu, nInput=1, nOutput=1
    algorithm    :implementation[ 2147483657],tactic[-7602193913853509208],timing[  0.000us],workspace[  0.0  B]
                  Input  0:datatype=float32,stride=(784, 784, 28, 1),vectorized_dim=-1,components_per_element=1
                  Output 0:datatype=float32,stride=(25088, 784, 28, 1),vectorized_dim=-1,components_per_element=1
Layer node_max_pool2d, nInput=1, nOutput=1
    algorithm    :implementation[ 2147483695],tactic[ 6984215953784869956],timing[  0.000us],workspace[  0.0  B]
                  Input  0:datatype=float32,stride=(25088, 784, 28, 1),vectorized_dim=-1,components_per_element=1
                  Output 0:datatype=float32,stride=(6272, 196, 14, 1),vectorized_dim=-1,components_per_element=1
Layer node_conv2d_1 + node_relu_1, nInput=1, nOutput=1
    algorithm    :implementation[ 2147483657],tactic[-7602193913853509208],timing[  0.000us],workspace[  0.0  B]
                  Input  0:datatype=float32,stride=(6272, 196, 14, 1),vectorized_dim=-1,components_per_element=1
                  Output 0:datatype=float32,stride=(12544, 196, 14, 1),vectorized_dim=-1,components_per_element=1
Layer node_max_pool2d_1, nInput=1, nOutput=1
    algorithm    :implementation[ 2147483695],tactic[ 6984215953784869956],timing[  0.000us],workspace[  0.0  B]
                  Input  0:datatype=float32,stride=(12544, 196, 14, 1),vectorized_dim=-1,components_per_element=1
                  Output 0:datatype=float32,stride=(3136, 49, 7, 1),vectorized_dim=-1,components_per_element=1
Layer {ForeignNode[gemm1.weight...ONNXTRT_castHelper_9]}, nInput=1, nOutput=2
    algorithm    :implementation[ 2147483683],tactic[                   0],timing[  0.000us],workspace[  0.0  B]
                  Input  0:datatype=float32,stride=(3136, 49, 7, 1),vectorized_dim=-1,components_per_element=1
                  Output 0:datatype=float32,stride=(10, 1),vectorized_dim=-1,components_per_element=1
                  Output 1:datatype=int64,stride=(1,),vectorized_dim=-1,components_per_element=1
Layer node_conv2d + node_relu [profile 1], nInput=1, nOutput=1
    algorithm    :implementation[ 2147483657],tactic[-7602193913853509208],timing[  0.000us],workspace[  0.0  B]
                  Input  0:datatype=float32,stride=(784, 784, 28, 1),vectorized_dim=-1,components_per_element=1
                  Output 0:datatype=float32,stride=(25088, 784, 28, 1),vectorized_dim=-1,components_per_element=1
Layer node_max_pool2d [profile 1], nInput=1, nOutput=1
    algorithm    :implementation[ 2147483695],tactic[ 6984215953784869956],timing[  0.000us],workspace[  0.0  B]
                  Input  0:datatype=float32,stride=(25088, 784, 28, 1),vectorized_dim=-1,components_per_element=1
                  Output 0:datatype=float32,stride=(6272, 196, 14, 1),vectorized_dim=-1,components_per_element=1
Layer node_conv2d_1 + node_relu_1 [profile 1], nInput=1, nOutput=1
    algorithm    :implementation[ 2147483657],tactic[-7602193913853509208],timing[  0.000us],workspace[  0.0  B]
                  Input  0:datatype=float32,stride=(6272, 196, 14, 1),vectorized_dim=-1,components_per_element=1
                  Output 0:datatype=float32,stride=(12544, 196, 14, 1),vectorized_dim=-1,components_per_element=1
Layer node_max_pool2d_1 [profile 1], nInput=1, nOutput=1
    algorithm    :implementation[ 2147483695],tactic[ 6984215953784869956],timing[  0.000us],workspace[  0.0  B]
                  Input  0:datatype=float32,stride=(12544, 196, 14, 1),vectorized_dim=-1,components_per_element=1
                  Output 0:datatype=float32,stride=(3136, 49, 7, 1),vectorized_dim=-1,components_per_element=1
Layer {ForeignNode[gemm1.weight...ONNXTRT_castHelper_9]} [profile 1], nInput=1, nOutput=2
    algorithm    :implementation[ 2147483683],tactic[                   0],timing[  0.000us],workspace[  0.0  B]
                  Input  0:datatype=float32,stride=(3136, 49, 7, 1),vectorized_dim=-1,components_per_element=1
                  Output 0:datatype=float32,stride=(10, 1),vectorized_dim=-1,components_per_element=1
                  Output 1:datatype=int64,stride=(1,),vectorized_dim=-1,components_per_element=1
Hash of engine with strategy=0        : bc0d0be14875ac33112233a928059c51dc49ebe660695a6b4d771fe7b2a60ec4
Hash of engine with strategy=2 (run 1): 1a959e8e381d4c7dd742930b3c9ed09c760a50969d5dddc3f3eedabec7fdbd2d
Hash of engine with strategy=2 (run 2): 967689eb992b7d075b0bb9f39c1ff0b9930b45772bee8ee7946819d386f1017e
============================== End   [case_compare]
Finish
