=== Unit tests for FloatConverter ===

 0 -> FP32:
  name: FP32
  total_bits: 32
  sign_bits: 1
  exponent_bits: 8
  mantissa_bits: 23
  has_implicit_bit: True
  has_inf: True
  has_nan: True
  is_ieee754: True

 1 -> FP16:
  name: FP16
  total_bits: 16
  sign_bits: 1
  exponent_bits: 5
  mantissa_bits: 10
  has_implicit_bit: True
  has_inf: True
  has_nan: True
  is_ieee754: True

 2 -> BF16:
  name: BF16
  total_bits: 16
  sign_bits: 1
  exponent_bits: 8
  mantissa_bits: 7
  has_implicit_bit: True
  has_inf: True
  has_nan: True
  is_ieee754: True

 3 -> TF32:
  name: TF32
  total_bits: 19
  sign_bits: 1
  exponent_bits: 8
  mantissa_bits: 10
  has_implicit_bit: True
  has_inf: True
  has_nan: True
  is_ieee754: True

 4 -> FP64:
  name: FP64
  total_bits: 64
  sign_bits: 1
  exponent_bits: 11
  mantissa_bits: 52
  has_implicit_bit: True
  has_inf: True
  has_nan: True
  is_ieee754: True

 5 -> FP8E4M3:
  name: FP8E4M3
  total_bits: 8
  sign_bits: 1
  exponent_bits: 4
  mantissa_bits: 3
  has_implicit_bit: True
  has_inf: False
  has_nan: True
  is_ieee754: False

 6 -> FP8E5M2:
  name: FP8E5M2
  total_bits: 8
  sign_bits: 1
  exponent_bits: 5
  mantissa_bits: 2
  has_implicit_bit: True
  has_inf: True
  has_nan: True
  is_ieee754: True

 7 -> FP8E8M0:
  name: FP8E8M0
  total_bits: 8
  sign_bits: 0
  exponent_bits: 8
  mantissa_bits: 0
  has_implicit_bit: False
  has_inf: False
  has_nan: False
  is_ieee754: False

 8 -> FP6E3M2:
  name: FP6E3M2
  total_bits: 6
  sign_bits: 1
  exponent_bits: 3
  mantissa_bits: 2
  has_implicit_bit: True
  has_inf: False
  has_nan: False
  is_ieee754: False

 9 -> FP6E2M3:
  name: FP6E2M3
  total_bits: 6
  sign_bits: 1
  exponent_bits: 2
  mantissa_bits: 3
  has_implicit_bit: True
  has_inf: False
  has_nan: False
  is_ieee754: False

10 -> FP4E2M1:
  name: FP4E2M1
  total_bits: 4
  sign_bits: 1
  exponent_bits: 2
  mantissa_bits: 1
  has_implicit_bit: True
  has_inf: False
  has_nan: False
  is_ieee754: False

11 -> FP4E0M3:
  name: FP4E0M3
  total_bits: 4
  sign_bits: 1
  exponent_bits: 0
  mantissa_bits: 3
  has_implicit_bit: False
  has_inf: False
  has_nan: False
  is_ieee754: False

=== Test FP32 ===
    0.000000e+00 ->00000000000000000000000000000000 ->    0.000000e+00
    5.000000e-01 ->00111111000000000000000000000000 ->    5.000000e-01
    1.000000e+00 ->00111111100000000000000000000000 ->    1.000000e+00
    3.140000e+00 ->01000000010010001111010111000011 ->    3.140000e+00
    1.075000e+01 ->01000001001011000000000000000000 ->    1.075000e+01
    4.000000e+38 ->01111111011111111111111111111111 ->    3.402823e+38
   -0.000000e+00 ->10000000000000000000000000000000 ->   -0.000000e+00
   -5.000000e-01 ->10111111000000000000000000000000 ->   -5.000000e-01
   -1.000000e+00 ->10111111100000000000000000000000 ->   -1.000000e+00
   -1.075000e+01 ->11000001001011000000000000000000 ->   -1.075000e+01
             inf ->01111111100000000000000000000000 ->             inf
            -inf ->11111111100000000000000000000000 ->            -inf
             nan ->01111111111111111111111111111111 ->             nan

=== Test FP16 ===
    0.000000e+00 ->0000000000000000                 ->    0.000000e+00
    5.000000e-01 ->0011100000000000                 ->    5.000000e-01
    1.000000e+00 ->0011110000000000                 ->    1.000000e+00
    3.140000e+00 ->0100001001001000                 ->    3.140625e+00
    1.075000e+01 ->0100100101100000                 ->    1.075000e+01
    4.000000e+38 ->0111101111111111                 ->    6.550400e+04
   -0.000000e+00 ->1000000000000000                 ->   -0.000000e+00
   -5.000000e-01 ->1011100000000000                 ->   -5.000000e-01
   -1.000000e+00 ->1011110000000000                 ->   -1.000000e+00
   -1.075000e+01 ->1100100101100000                 ->   -1.075000e+01
             inf ->0111110000000000                 ->             inf
            -inf ->1111110000000000                 ->            -inf
             nan ->0111111111111111                 ->             nan

=== Test BF16 ===
    0.000000e+00 ->0000000000000000                 ->    0.000000e+00
    5.000000e-01 ->0011111100000000                 ->    5.000000e-01
    1.000000e+00 ->0011111110000000                 ->    1.000000e+00
    3.140000e+00 ->0100000001001001                 ->    3.140625e+00
    1.075000e+01 ->0100000100101100                 ->    1.075000e+01
    4.000000e+38 ->0111111101111111                 ->    3.389531e+38
   -0.000000e+00 ->1000000000000000                 ->   -0.000000e+00
   -5.000000e-01 ->1011111100000000                 ->   -5.000000e-01
   -1.000000e+00 ->1011111110000000                 ->   -1.000000e+00
   -1.075000e+01 ->1100000100101100                 ->   -1.075000e+01
             inf ->0111111110000000                 ->             inf
            -inf ->1111111110000000                 ->            -inf
             nan ->0111111111111111                 ->             nan

=== Test TF32 ===
    0.000000e+00 ->0000000000000000000              ->    0.000000e+00
    5.000000e-01 ->0011111100000000000              ->    5.000000e-01
    1.000000e+00 ->0011111110000000000              ->    1.000000e+00
    3.140000e+00 ->0100000001001001000              ->    3.140625e+00
    1.075000e+01 ->0100000100101100000              ->    1.075000e+01
    4.000000e+38 ->0111111101111111111              ->    3.401162e+38
   -0.000000e+00 ->1000000000000000000              ->   -0.000000e+00
   -5.000000e-01 ->1011111100000000000              ->   -5.000000e-01
   -1.000000e+00 ->1011111110000000000              ->   -1.000000e+00
   -1.075000e+01 ->1100000100101100000              ->   -1.075000e+01
             inf ->0111111110000000000              ->             inf
            -inf ->1111111110000000000              ->            -inf
             nan ->0111111111111111111              ->             nan

=== Test FP64 ===
    0.000000e+00 ->0000000000000000000000000000000000000000000000000000000000000000 ->    0.000000e+00
    5.000000e-01 ->0011111111100000000000000000000000000000000000000000000000000000 ->    5.000000e-01
    1.000000e+00 ->0011111111110000000000000000000000000000000000000000000000000000 ->    1.000000e+00
    3.140000e+00 ->0100000000001001000111101011100001010001111010111000010100011111 ->    3.140000e+00
    1.075000e+01 ->0100000000100101100000000000000000000000000000000000000000000000 ->    1.075000e+01
    4.000000e+38 ->0100011111110010110011101101001100101010000101101010000110110001 ->    4.000000e+38
   -0.000000e+00 ->1000000000000000000000000000000000000000000000000000000000000000 ->   -0.000000e+00
   -5.000000e-01 ->1011111111100000000000000000000000000000000000000000000000000000 ->   -5.000000e-01
   -1.000000e+00 ->1011111111110000000000000000000000000000000000000000000000000000 ->   -1.000000e+00
   -1.075000e+01 ->1100000000100101100000000000000000000000000000000000000000000000 ->   -1.075000e+01
             inf ->0111111111110000000000000000000000000000000000000000000000000000 ->             inf
            -inf ->1111111111110000000000000000000000000000000000000000000000000000 ->            -inf
             nan ->0111111111111111111111111111111111111111111111111111111111111111 ->             nan

=== Test FP8E4M3 ===
    0.000000e+00 ->00000000                         ->    0.000000e+00
    5.000000e-01 ->00110000                         ->    5.000000e-01
    1.000000e+00 ->00111000                         ->    1.000000e+00
    3.140000e+00 ->01000101                         ->    3.250000e+00
    1.075000e+01 ->01010011                         ->    1.100000e+01
    4.000000e+38 ->01111110                         ->    4.480000e+02
   -0.000000e+00 ->10000000                         ->   -0.000000e+00
   -5.000000e-01 ->10110000                         ->   -5.000000e-01
   -1.000000e+00 ->10111000                         ->   -1.000000e+00
   -1.075000e+01 ->11010011                         ->   -1.100000e+01
             inf ->01111110                         ->    4.480000e+02
            -inf ->11111110                         ->   -4.480000e+02
             nan ->01111111                         ->             nan

=== Test FP8E5M2 ===
    0.000000e+00 ->00000000                         ->    0.000000e+00
    5.000000e-01 ->00111000                         ->    5.000000e-01
    1.000000e+00 ->00111100                         ->    1.000000e+00
    3.140000e+00 ->01000010                         ->    3.000000e+00
    1.075000e+01 ->01001001                         ->    1.000000e+01
    4.000000e+38 ->01111011                         ->    5.734400e+04
   -0.000000e+00 ->10000000                         ->   -0.000000e+00
   -5.000000e-01 ->10111000                         ->   -5.000000e-01
   -1.000000e+00 ->10111100                         ->   -1.000000e+00
   -1.075000e+01 ->11001001                         ->   -1.000000e+01
             inf ->01111100                         ->             inf
            -inf ->11111100                         ->            -inf
             nan ->01111111                         ->             nan

=== Test FP8E8M0 ===
    0.000000e+00 ->00000000                         ->    5.877472e-39
    5.000000e-01 ->01111110                         ->    5.000000e-01
    1.000000e+00 ->01111111                         ->    1.000000e+00
    3.140000e+00 ->10000001                         ->    4.000000e+00
    1.075000e+01 ->10000010                         ->    8.000000e+00
    4.000000e+38 ->11111111                         ->    3.402824e+38
   -0.000000e+00 ->00000000                         ->    5.877472e-39
   -5.000000e-01 ->00000000                         ->    5.877472e-39
   -1.000000e+00 ->00000000                         ->    5.877472e-39
   -1.075000e+01 ->00000000                         ->    5.877472e-39
             inf ->11111111                         ->    3.402824e+38
            -inf ->00000000                         ->    5.877472e-39
             nan ->11111111                         ->    3.402824e+38

=== Test FP6E3M2 ===
    0.000000e+00 ->000000                           ->    0.000000e+00
    5.000000e-01 ->001000                           ->    5.000000e-01
    1.000000e+00 ->001100                           ->    1.000000e+00
    3.140000e+00 ->010010                           ->    3.000000e+00
    1.075000e+01 ->011001                           ->    1.000000e+01
    4.000000e+38 ->011111                           ->    2.800000e+01
   -0.000000e+00 ->100000                           ->   -0.000000e+00
   -5.000000e-01 ->101000                           ->   -5.000000e-01
   -1.000000e+00 ->101100                           ->   -1.000000e+00
   -1.075000e+01 ->111001                           ->   -1.000000e+01
             inf ->011111                           ->    2.800000e+01
            -inf ->111111                           ->   -2.800000e+01
             nan ->011111                           ->    2.800000e+01

=== Test FP6E2M3 ===
    0.000000e+00 ->000000                           ->    0.000000e+00
    5.000000e-01 ->000100                           ->    5.000000e-01
    1.000000e+00 ->001000                           ->    1.000000e+00
    3.140000e+00 ->010101                           ->    3.250000e+00
    1.075000e+01 ->011111                           ->    7.500000e+00
    4.000000e+38 ->011111                           ->    7.500000e+00
   -0.000000e+00 ->100000                           ->   -0.000000e+00
   -5.000000e-01 ->100100                           ->   -5.000000e-01
   -1.000000e+00 ->101000                           ->   -1.000000e+00
   -1.075000e+01 ->011111                           ->    7.500000e+00
             inf ->011111                           ->    7.500000e+00
            -inf ->111111                           ->   -7.500000e+00
             nan ->011111                           ->    7.500000e+00

=== Test FP4E2M1 ===
    0.000000e+00 ->0000                             ->    0.000000e+00
    5.000000e-01 ->0001                             ->    5.000000e-01
    1.000000e+00 ->0010                             ->    1.000000e+00
    3.140000e+00 ->0101                             ->    3.000000e+00
    1.075000e+01 ->0111                             ->    6.000000e+00
    4.000000e+38 ->0111                             ->    6.000000e+00
   -0.000000e+00 ->1000                             ->   -0.000000e+00
   -5.000000e-01 ->1001                             ->   -5.000000e-01
   -1.000000e+00 ->1010                             ->   -1.000000e+00
   -1.075000e+01 ->0111                             ->    6.000000e+00
             inf ->0111                             ->    6.000000e+00
            -inf ->1111                             ->   -6.000000e+00
             nan ->0111                             ->    6.000000e+00

=== Test FP4E0M3 ===
    0.000000e+00 ->0000                             ->    0.000000e+00
    5.000000e-01 ->0100                             ->    5.000000e-01
    1.000000e+00 ->0111                             ->    8.750000e-01
    3.140000e+00 ->0111                             ->    8.750000e-01
    1.075000e+01 ->0111                             ->    8.750000e-01
    4.000000e+38 ->0000                             ->    0.000000e+00
   -0.000000e+00 ->0000                             ->    0.000000e+00
   -5.000000e-01 ->1100                             ->   -5.000000e-01
   -1.000000e+00 ->1111                             ->   -8.750000e-01
   -1.075000e+01 ->1111                             ->   -8.750000e-01
             inf ->0000                             ->    0.000000e+00
            -inf ->1000                             ->   -0.000000e+00
             nan ->0000                             ->    0.000000e+00

=== Build .md for data types ===

Build FP32.md
Build FP16.md
Build BF16.md
Build TF32.md
Build FP64.md
Build FP8E4M3.md
Build FP8E5M2.md
Build FP8E8M0.md
Build FP6E3M2.md
Build FP6E2M3.md
Build FP4E2M1.md
Build FP4E0M3.md
Finish
