[TensorRT-Cookbook] Version: 0.1.0
[04/25/2026-00:38:41] [TRT] [W] Using default stream in enqueueV3() may lead to performance issues due to additional calls to cudaStreamSynchronize() by TensorRT to ensure correct synchronization. Please use non-default stream instead.
============================== Start [case_simple,(),{}]
Input ->DataType.FLOAT, (3, 4, 5), (3, 4, 5), tensor
Output->DataType.FLOAT, (3, 4, 5), (3, 4, 5), (Unnamed Layer* 1) [Parametric ReLU]_output
tensor
[[[-30. -29. -28. -27. -26.]
  [-25. -24. -23. -22. -21.]
  [-20. -19. -18. -17. -16.]
  [-15. -14. -13. -12. -11.]]

 [[-10.  -9.  -8.  -7.  -6.]
  [ -5.  -4.  -3.  -2.  -1.]
  [  0.   1.   2.   3.   4.]
  [  5.   6.   7.   8.   9.]]

 [[ 10.  11.  12.  13.  14.]
  [ 15.  16.  17.  18.  19.]
  [ 20.  21.  22.  23.  24.]
  [ 25.  26.  27.  28.  29.]]]
(Unnamed Layer* 1) [Parametric ReLU]_output
[[[-15.  -14.5 -14.  -13.5 -13. ]
  [-12.5 -12.  -11.5 -11.  -10.5]
  [-10.   -9.5  -9.   -8.5  -8. ]
  [ -7.5  -7.   -6.5  -6.   -5.5]]

 [[ -5.   -4.5  -4.   -3.5  -3. ]
  [ -2.5  -2.   -1.5  -1.   -0.5]
  [  0.    1.    2.    3.    4. ]
  [  5.    6.    7.    8.    9. ]]

 [[ 10.   11.   12.   13.   14. ]
  [ 15.   16.   17.   18.   19. ]
  [ 20.   21.   22.   23.   24. ]
  [ 25.   26.   27.   28.   29. ]]]
============================== End   [case_simple]
Finish
