[ 0]Input -> DataType.FLOAT (1, 1, 2, 6, 9) (1, 1, 2, 6, 9) inputT0
[ 1]Output-> DataType.FLOAT (1, 1, 3, 8, 11) (1, 1, 3, 8, 11) (Unnamed Layer* 0) [Deconvolution]_output
inputT0
[[[[[1. 2. 3. 1. 2. 3. 1. 2. 3.]
    [4. 5. 6. 4. 5. 6. 4. 5. 6.]
    [7. 8. 9. 7. 8. 9. 7. 8. 9.]
    [1. 2. 3. 1. 2. 3. 1. 2. 3.]
    [4. 5. 6. 4. 5. 6. 4. 5. 6.]
    [7. 8. 9. 7. 8. 9. 7. 8. 9.]]

   [[1. 2. 3. 1. 2. 3. 1. 2. 3.]
    [4. 5. 6. 4. 5. 6. 4. 5. 6.]
    [7. 8. 9. 7. 8. 9. 7. 8. 9.]
    [1. 2. 3. 1. 2. 3. 1. 2. 3.]
    [4. 5. 6. 4. 5. 6. 4. 5. 6.]
    [7. 8. 9. 7. 8. 9. 7. 8. 9.]]]]]
(Unnamed Layer* 0) [Deconvolution]_output
[[[[[ 10000.          21000.          32100.          13200.          21300.          32100.          13200.          21300.          32100.           3200.            300.        ]
    [ 40010.          54021.          65432.1         46513.2         54621.3         65432.1         46513.2         54621.3         65432.1          6503.2           600.3       ]
    [ 70040.01        87054.02        98765.43        79846.51        87954.625       98765.43        79846.51        87954.625       98765.43         9806.503         900.6003    ]
    [ 10070.04        21087.055       32198.766       13279.847       21387.955       32198.766       13279.847       21387.955       32198.766        3209.8066        300.9006    ]
    [ 40010.07        54021.086       65432.2         46513.277       54621.387       65432.2         46513.277       54621.387       65432.2          6503.21          600.3009    ]
    [ 70040.01        87054.02        98765.43        79846.51        87954.625       98765.43        79846.51        87954.625       98765.43         9806.503         900.6003    ]
    [    70.04           87.054          98.76539        79.846504       87.954605       98.76539        79.846504       87.954605       98.76539         9.8064995       0.9006    ]
    [     0.07            0.087           0.09869999      0.0798          0.0879          0.09869999      0.0798          0.0879          0.09869999      0.0098          0.0009    ]]

   [[     0.              0.              0.              0.              0.              0.              0.              0.              0.              0.              0.        ]
    [     0.              0.              0.0015625      -0.00078125      0.00078125      0.0015625      -0.00078125      0.00078125      0.0015625       0.00019531     -0.00001221]
    [    -0.0021875       0.0024375      -0.00241251     -0.00538751      0.00369999     -0.00241251     -0.00538751      0.00369999     -0.00241251     -0.00027032     -0.00001925]
    [     0.00003906      0.0006875       0.00022499      0.00017968      0.00047811      0.00022499      0.00017968      0.00047811      0.00022499      0.00014061      0.00000423]
    [     0.0003125      -0.0010625       0.00051875     -0.00245625     -0.00118125      0.00051875     -0.00245625     -0.00118125      0.00051875      0.00016093      0.00000332]
    [    -0.0021875       0.0024375      -0.00241251     -0.00538751      0.00369999     -0.00241251     -0.00538751      0.00369999     -0.00241251     -0.00027032     -0.00001925]
    [     0.00000092      0.00000086     -0.00001152      0.0000042       0.00000509     -0.00001152      0.0000042       0.00000509     -0.00001152     -0.00000053      0.        ]
    [     0.             -0.             -0.              0.             -0.             -0.              0.             -0.             -0.             -0.              0.        ]]

   [[-10000.         -21000.         -32100.         -13200.         -21300.         -32100.         -13200.         -21300.         -32100.          -3200.           -300.        ]
    [-40010.         -54021.         -65432.1        -46513.2        -54621.3        -65432.1        -46513.2        -54621.3        -65432.1         -6503.2          -600.3       ]
    [-70040.01       -87054.02       -98765.43       -79846.51       -87954.625      -98765.43       -79846.51       -87954.625      -98765.43        -9806.503        -900.6003    ]
    [-10070.04       -21087.055      -32198.766      -13279.847      -21387.955      -32198.766      -13279.847      -21387.955      -32198.766       -3209.8066       -300.9006    ]
    [-40010.07       -54021.086      -65432.2        -46513.277      -54621.387      -65432.2        -46513.277      -54621.387      -65432.2         -6503.21         -600.3009    ]
    [-70040.01       -87054.02       -98765.43       -79846.51       -87954.625      -98765.43       -79846.51       -87954.625      -98765.43        -9806.503        -900.6003    ]
    [   -70.04          -87.054         -98.76539       -79.846504      -87.954605      -98.76539       -79.846504      -87.954605      -98.76539        -9.8064995      -0.9006    ]
    [    -0.07           -0.087          -0.09869999     -0.0798         -0.0879         -0.09869999     -0.0798         -0.0879         -0.09869999     -0.0098         -0.0009    ]]]]]
