Exported graph: graph(%input : Float(*, 3, *, *, strides=[12288, 4096, 64, 1], requires_grad=0, device=cuda:0)):
  %onnx::Gather_1 : Long(4, strides=[1], device=cpu) = onnx::Shape[onnx_name="Shape_0"](%input) # main.py:62:0
  %onnx::Gather_2 : Long(device=cpu) = onnx::Constant[value={2}, onnx_name="Constant_1"]() # main.py:62:0
  %onnx::Add_3 : Long(device=cpu) = onnx::Gather[axis=0, onnx_name="Gather_2"](%onnx::Gather_1, %onnx::Gather_2) # main.py:62:0
  %onnx::Gather_4 : Long(4, strides=[1], device=cpu) = onnx::Shape[onnx_name="Shape_3"](%input) # main.py:62:0
  %onnx::Gather_5 : Long(device=cpu) = onnx::Constant[value={3}, onnx_name="Constant_4"]() # main.py:62:0
  %onnx::Add_6 : Long(device=cpu) = onnx::Gather[axis=0, onnx_name="Gather_5"](%onnx::Gather_4, %onnx::Gather_5) # main.py:62:0
  %onnx::Add_7 : Long(requires_grad=0, device=cpu) = onnx::Constant[value={2}, onnx_name="Constant_6"]()
  %onnx::Unsqueeze_8 : Long(requires_grad=0, device=cpu) = onnx::Add[onnx_name="Add_7"](%onnx::Add_3, %onnx::Add_7) # main.py:63:0
  %onnx::Add_9 : Long(requires_grad=0, device=cpu) = onnx::Constant[value={1}, onnx_name="Constant_8"]()
  %onnx::Unsqueeze_10 : Long(requires_grad=0, device=cpu) = onnx::Add[onnx_name="Add_9"](%onnx::Add_6, %onnx::Add_9) # main.py:63:0
  %onnx::Unsqueeze_11 : Long(1, strides=[1], device=cpu) = onnx::Constant[value={0}, onnx_name="Constant_10"]()
  %onnx::Concat_12 : Long(1, strides=[1], device=cpu) = onnx::Unsqueeze[onnx_name="Unsqueeze_11"](%onnx::Unsqueeze_8, %onnx::Unsqueeze_11)
  %onnx::Unsqueeze_13 : Long(1, strides=[1], device=cpu) = onnx::Constant[value={0}, onnx_name="Constant_12"]()
  %onnx::Concat_14 : Long(1, strides=[1], device=cpu) = onnx::Unsqueeze[onnx_name="Unsqueeze_13"](%onnx::Unsqueeze_10, %onnx::Unsqueeze_13)
  %onnx::Cast_15 : Long(2, strides=[1], device=cpu) = onnx::Concat[axis=0, onnx_name="Concat_14"](%onnx::Concat_12, %onnx::Concat_14) # /opt/conda/lib/python3.8/site-packages/torch/nn/functional.py:3936:0
  %onnx::Slice_16 : Long(4, strides=[1], device=cpu) = onnx::Shape[onnx_name="Shape_15"](%input) # /opt/conda/lib/python3.8/site-packages/torch/nn/functional.py:3936:0
  %onnx::Slice_17 : Long(1, strides=[1], device=cpu) = onnx::Constant[value={0}, onnx_name="Constant_16"]() # /opt/conda/lib/python3.8/site-packages/torch/nn/functional.py:3936:0
  %onnx::Slice_18 : Long(1, strides=[1], device=cpu) = onnx::Constant[value={0}, onnx_name="Constant_17"]() # /opt/conda/lib/python3.8/site-packages/torch/nn/functional.py:3936:0
  %onnx::Slice_19 : Long(1, strides=[1], device=cpu) = onnx::Constant[value={2}, onnx_name="Constant_18"]() # /opt/conda/lib/python3.8/site-packages/torch/nn/functional.py:3936:0
  %onnx::Concat_20 : Long(2, strides=[1], device=cpu) = onnx::Slice[onnx_name="Slice_19"](%onnx::Slice_16, %onnx::Slice_18, %onnx::Slice_19, %onnx::Slice_17) # /opt/conda/lib/python3.8/site-packages/torch/nn/functional.py:3936:0
  %onnx::Concat_21 : Long(2, strides=[1], device=cpu) = onnx::Cast[to=7, onnx_name="Cast_20"](%onnx::Cast_15) # /opt/conda/lib/python3.8/site-packages/torch/nn/functional.py:3936:0
  %onnx::Resize_22 : Long(4, strides=[1], device=cpu) = onnx::Concat[axis=0, onnx_name="Concat_21"](%onnx::Concat_20, %onnx::Concat_21) # /opt/conda/lib/python3.8/site-packages/torch/nn/functional.py:3936:0
  %onnx::Resize_23 : Tensor? = prim::Constant() # /opt/conda/lib/python3.8/site-packages/torch/nn/functional.py:3936:0
  %onnx::Resize_24 : Tensor? = prim::Constant() # /opt/conda/lib/python3.8/site-packages/torch/nn/functional.py:3936:0
  %output : Float(*, *, *, *, strides=[12870, 4290, 65, 1], requires_grad=0, device=cuda:0) = onnx::Resize[coordinate_transformation_mode="pytorch_half_pixel", cubic_coeff_a=-0.75, mode="linear", nearest_mode="floor", onnx_name="Resize_22"](%input, %onnx::Resize_23, %onnx::Resize_24, %onnx::Resize_22) # /opt/conda/lib/python3.8/site-packages/torch/nn/functional.py:3936:0
  return (%output)

/opt/conda/lib/python3.8/site-packages/torch/onnx/_patch_torch.py:67: UserWarning: The shape inference of prim::Constant type is missing, so it may result in wrong shape inference for the exported graph. Please consider adding it in symbolic function. (Triggered internally at /opt/pytorch/pytorch/torch/csrc/jit/passes/onnx/shape_type_inference.cpp:1898.)
  torch._C._jit_pass_onnx_node_shape_type_inference(
/opt/conda/lib/python3.8/site-packages/torch/onnx/utils.py:641: UserWarning: The shape inference of prim::Constant type is missing, so it may result in wrong shape inference for the exported graph. Please consider adding it in symbolic function. (Triggered internally at /opt/pytorch/pytorch/torch/csrc/jit/passes/onnx/shape_type_inference.cpp:1898.)
  _C._jit_pass_onnx_graph_shape_type_inference(
/opt/conda/lib/python3.8/site-packages/torch/onnx/utils.py:1100: UserWarning: The shape inference of prim::Constant type is missing, so it may result in wrong shape inference for the exported graph. Please consider adding it in symbolic function. (Triggered internally at /opt/pytorch/pytorch/torch/csrc/jit/passes/onnx/shape_type_inference.cpp:1898.)
  _C._jit_pass_onnx_graph_shape_type_inference(
Succeeded convert model into .onnx!
Succeeded finding onnx file!
Succeeded parsing .onnx file!
Succeeded building engine!
Succeeded running model in TensorRT!
torch:(1, 3, 66, 65),SumAbs=6.48216e+03,Var=0.33690,Max=0.99960,Min=-0.99997,SAD=8529.00879
	 [ 0.6739  0.9405 -0.1057 -0.4308  0.5424] [-0.1615  0.9559 -0.7418 -0.1359 -0.7418]
tensorrt:(1, 3, 66, 65),SumAbs=6.48216e+03,Var=0.33690,Max=0.99960,Min=-0.99997,SAD=8529.00879
	 [ 0.6739  0.9405 -0.1057 -0.4308  0.5424] [-0.1615  0.9559 -0.7418 -0.1359 -0.7418]
check:True, absDiff=0.000000, relDiff=0.000000
