2022-08-10 16:42:21.322352, batch  10, acc = 0.117188
2022-08-10 16:42:23.384207, batch  20, acc = 0.296875
2022-08-10 16:42:25.252242, batch  30, acc = 0.546875
2022-08-10 16:42:26.576329, batch  40, acc = 0.773438
2022-08-10 16:42:27.733790, batch  50, acc = 0.781250
2022-08-10 16:42:27.830209, batch  60, acc = 0.867188
2022-08-10 16:42:27.924636, batch  70, acc = 0.859375
2022-08-10 16:42:28.018578, batch  80, acc = 0.945312
2022-08-10 16:42:28.110705, batch  90, acc = 0.914062
2022-08-10 16:42:28.203475, batch 100, acc = 0.921875
Parameter of the model:
w1:0:	(5, 5, 1, 32)
b1:0:	(32,)
w2:0:	(5, 5, 32, 64)
b2:0:	(64,)
w3:0:	(3136, 1024)
b3:0:	(1024,)
w4:0:	(1024, 10)
b4:0:	(10,)
beta1_power:0:	()
beta2_power:0:	()
w1/Adam:0:	(5, 5, 1, 32)
w1/Adam_1:0:	(5, 5, 1, 32)
b1/Adam:0:	(32,)
b1/Adam_1:0:	(32,)
w2/Adam:0:	(5, 5, 32, 64)
w2/Adam_1:0:	(5, 5, 32, 64)
b2/Adam:0:	(64,)
b2/Adam_1:0:	(64,)
w3/Adam:0:	(3136, 1024)
w3/Adam_1:0:	(3136, 1024)
b3/Adam:0:	(1024,)
b3/Adam_1:0:	(1024,)
w4/Adam:0:	(1024, 10)
w4/Adam_1:0:	(1024, 10)
b4/Adam:0:	(10,)
b4/Adam_1:0:	(10,)
Succeeded building model in TensorFlow1!
Succeeded building engine!
inputH0 : (1, 1, 28, 28)
outputH0: (1, 1)
[[8]]
Succeeded running model in TensorRT!
