Input 0: (1, 3, 4, 5) 
 [[[[  0.   1.   2.   3.   4.]
   [ 10.  11.  12.  13.  14.]
   [ 20.  21.  22.  23.  24.]
   [ 30.  31.  32.  33.  34.]]

  [[100. 101. 102. 103. 104.]
   [110. 111. 112. 113. 114.]
   [120. 121. 122. 123. 124.]
   [130. 131. 132. 133. 134.]]

  [[200. 201. 202. 203. 204.]
   [210. 211. 212. 213. 214.]
   [220. 221. 222. 223. 224.]
   [230. 231. 232. 233. 234.]]]]
Input 1: (3,) 
 [1 0 2]
Output 0: (3, 3, 4, 5) 
 [[[[  0.   0.   0.   0.   0.]
   [  0.   0.   0.   0.   0.]
   [  0.   0.   0.   0.   0.]
   [  0.   0.   0.   0.   0.]]

  [[  0.   0.   0.   0.   0.]
   [  0.   0.   0.   0.   0.]
   [  0.   0.   0.   0.   0.]
   [  0.   0.   0.   0.   0.]]

  [[  0.   0.   0.   0.   0.]
   [  0.   0.   0.   0.   0.]
   [  0.   0.   0.   0.   0.]
   [  0.   0.   0.   0.   0.]]]


 [[[  0.   1.   2.   3.   4.]
   [ 10.  11.  12.  13.  14.]
   [ 20.  21.  22.  23.  24.]
   [ 30.  31.  32.  33.  34.]]

  [[100. 101. 102. 103. 104.]
   [110. 111. 112. 113. 114.]
   [120. 121. 122. 123. 124.]
   [130. 131. 132. 133. 134.]]

  [[200. 201. 202. 203. 204.]
   [210. 211. 212. 213. 214.]
   [220. 221. 222. 223. 224.]
   [230. 231. 232. 233. 234.]]]


 [[[  0.   0.   0.   0.   0.]
   [  0.   0.   0.   0.   0.]
   [  0.   0.   0.   0.   0.]
   [  0.   0.   0.   0.   0.]]

  [[  0.   0.   0.   0.   0.]
   [  0.   0.   0.   0.   0.]
   [  0.   0.   0.   0.   0.]
   [  0.   0.   0.   0.   0.]]

  [[  0.   0.   0.   0.   0.]
   [  0.   0.   0.   0.   0.]
   [  0.   0.   0.   0.   0.]
   [  0.   0.   0.   0.   0.]]]]
