Input 0: (1, 3, 4, 5) 
 [[[[  0.   1.   2.   3.   4.]
   [ 10.  11.  12.  13.  14.]
   [ 20.  21.  22.  23.  24.]
   [ 30.  31.  32.  33.  34.]]

  [[100. 101. 102. 103. 104.]
   [110. 111. 112. 113. 114.]
   [120. 121. 122. 123. 124.]
   [130. 131. 132. 133. 134.]]

  [[200. 201. 202. 203. 204.]
   [210. 211. 212. 213. 214.]
   [220. 221. 222. 223. 224.]
   [230. 231. 232. 233. 234.]]]]
Input 1: (1, 3, 4, 5) 
 [[[[0 2 3 0 2]
   [3 3 2 3 3]
   [1 0 0 1 1]
   [2 1 1 2 0]]

  [[1 0 3 3 2]
   [2 1 2 1 1]
   [3 2 0 2 0]
   [0 3 1 0 3]]

  [[0 2 2 2 1]
   [3 1 0 3 3]
   [2 3 3 0 2]
   [1 0 1 1 0]]]]
Output 0: (1, 3, 4, 5) 
 [[[[  0.  21.  32.   3.  24.]
   [ 30.  31.  22.  33.  34.]
   [ 10.   1.   2.  13.  14.]
   [ 20.  11.  12.  23.   4.]]

  [[110. 101. 132. 133. 124.]
   [120. 111. 122. 113. 114.]
   [130. 121. 102. 123. 104.]
   [100. 131. 112. 103. 134.]]

  [[200. 221. 222. 223. 214.]
   [230. 211. 202. 233. 234.]
   [220. 231. 232. 203. 224.]
   [210. 201. 212. 213. 204.]]]]
