[12/05/2022-10:45:46] [TRT] [E] 3: [executionContext.cpp::setInputShape::2037] Error Code 3: API Usage Error (Parameter check failed at: runtime/api/executionContext.cpp::setInputShape::2037, condition: engineDims.nbDims == dims.nbDims
)
[ 0]Input -> DataType.FLOAT (1, 3, 4, 5) (1, 3, 4, 5) inputT0
[ 1]Input -> DataType.INT32 (2, 3) (2, 3) inputT1
[ 2]Output-> DataType.FLOAT (2, 5) (2, 5) (Unnamed Layer* 0) [Gather]_output
inputT0
[[[[  0.   1.   2.   3.   4.]
   [ 10.  11.  12.  13.  14.]
   [ 20.  21.  22.  23.  24.]
   [ 30.  31.  32.  33.  34.]]

  [[100. 101. 102. 103. 104.]
   [110. 111. 112. 113. 114.]
   [120. 121. 122. 123. 124.]
   [130. 131. 132. 133. 134.]]

  [[200. 201. 202. 203. 204.]
   [210. 211. 212. 213. 214.]
   [220. 221. 222. 223. 224.]
   [230. 231. 232. 233. 234.]]]]
inputT1
[[ 0  1  2]
 [ 0  2 -1]]
(Unnamed Layer* 0) [Gather]_output
[[120. 121. 122. 123. 124.]
 [230. 231. 232. 233. 234.]]
