&&&& RUNNING TensorRT.trtexec [TensorRT v101600] [b72] # trtexec --onnx=/work/github/trt-samples-for-hackathon-cn-wili/cookbook/00-Data/model/model-trained.onnx --skipInference --profilingVerbosity=detailed --dumpLayerInfo --exportLayerInfo=./model-trained-exportLayerInfo.log
[07/02/2026-03:47:29] [I] TF32 is enabled by default. Add --noTF32 flag to further improve accuracy with some performance cost.
[07/02/2026-03:47:29] [I] === Model Options ===
[07/02/2026-03:47:29] [I] Format: ONNX
[07/02/2026-03:47:29] [I] Model: /work/github/trt-samples-for-hackathon-cn-wili/cookbook/00-Data/model/model-trained.onnx
[07/02/2026-03:47:29] [I] Output:
[07/02/2026-03:47:29] [I] === Build Options ===
[07/02/2026-03:47:29] [I] Memory Pools: workspace: default, dlaSRAM: default, dlaLocalDRAM: default, dlaGlobalDRAM: default, tacticSharedMem: default
[07/02/2026-03:47:29] [I] avgTiming: 8
[07/02/2026-03:47:29] [I] Precision: FP32
[07/02/2026-03:47:29] [I] LayerPrecisions:
[07/02/2026-03:47:29] [I] Layer Device Types:
[07/02/2026-03:47:29] [I] Decomposable Attentions:
[07/02/2026-03:47:29] [I] Calibration:
[07/02/2026-03:47:29] [I] Refit: Disabled
[07/02/2026-03:47:29] [I] Strip weights: Disabled
[07/02/2026-03:47:29] [I] Version Compatible: Disabled
[07/02/2026-03:47:29] [I] ONNX Plugin InstanceNorm: Disabled
[07/02/2026-03:47:29] [I] ONNX kENABLE_UINT8_AND_ASYMMETRIC_QUANTIZATION_DLA flag: Disabled
[07/02/2026-03:47:29] [I] ONNX kREPORT_CAPABILITY_DLA flag: Disabled
[07/02/2026-03:47:29] [I] ONNX kADJUST_FOR_DLA flag: Disabled
[07/02/2026-03:47:29] [I] ONNX kENABLE_PLUGIN_OVERRIDE flag: Disabled
[07/02/2026-03:47:29] [I] TensorRT runtime: full
[07/02/2026-03:47:29] [I] Lean DLL Path:
[07/02/2026-03:47:29] [I] Tempfile Controls: { in_memory: allow, temporary: allow }
[07/02/2026-03:47:29] [I] Exclude Lean Runtime: Disabled
[07/02/2026-03:47:29] [I] Sparsity: Disabled
[07/02/2026-03:47:29] [I] Safe mode: Disabled
[07/02/2026-03:47:29] [I] Build DLA standalone loadable: Disabled
[07/02/2026-03:47:29] [I] Allow GPU fallback for DLA: Disabled
[07/02/2026-03:47:29] [I] DirectIO mode: Disabled
[07/02/2026-03:47:29] [I] Restricted mode: Disabled
[07/02/2026-03:47:29] [I] Skip inference: Enabled
[07/02/2026-03:47:29] [I] Save engine:
[07/02/2026-03:47:29] [I] Load engine:
[07/02/2026-03:47:29] [I] Profiling verbosity: 2
[07/02/2026-03:47:29] [I] Tactic sources: Using default tactic sources
[07/02/2026-03:47:29] [I] timingCacheMode: local
[07/02/2026-03:47:29] [I] timingCacheFile:
[07/02/2026-03:47:29] [I] Enable Compilation Cache: Enabled
[07/02/2026-03:47:29] [I] Enable Monitor Memory: Disabled
[07/02/2026-03:47:29] [I] CPU Only Mode: Disabled
[07/02/2026-03:47:29] [I] errorOnTimingCacheMiss: Disabled
[07/02/2026-03:47:29] [I] Preview Features: Use default preview flags.
[07/02/2026-03:47:29] [I] MaxAuxStreams: -1
[07/02/2026-03:47:29] [I] BuilderOptimizationLevel: -1
[07/02/2026-03:47:29] [I] MaxTactics: -1
[07/02/2026-03:47:29] [I] Calibration Profile Index: 0
[07/02/2026-03:47:29] [I] Weight Streaming: Disabled
[07/02/2026-03:47:29] [I] Runtime Platform: Same As Build
[07/02/2026-03:47:29] [I] Debug Tensors:
[07/02/2026-03:47:29] [I] Distributive Independence: Disabled
[07/02/2026-03:47:29] [I] Mark Unfused Tensors As Debug Tensors: Disabled
[07/02/2026-03:47:29] [I] Input(s)s format: fp32:CHW
[07/02/2026-03:47:29] [I] Output(s)s format: fp32:CHW
[07/02/2026-03:47:29] [I] Input build shapes: model
[07/02/2026-03:47:29] [I] Input calibration shapes: model
[07/02/2026-03:47:29] [I] === System Options ===
[07/02/2026-03:47:29] [I] Device: 0
[07/02/2026-03:47:29] [I] DLACore:
[07/02/2026-03:47:29] [I] Loaded static plugins:
[07/02/2026-03:47:29] [I] setPluginsToSerialize:
[07/02/2026-03:47:29] [I] dynamicPlugins:
[07/02/2026-03:47:29] [I] ignoreParsedPluginLibs: 0
[07/02/2026-03:47:29] [I]
[07/02/2026-03:47:29] [I] === Inference Options ===
[07/02/2026-03:47:29] [I] Batch: Explicit
[07/02/2026-03:47:29] [I] Input inference shapes: model
[07/02/2026-03:47:29] [I] Iterations: 10
[07/02/2026-03:47:29] [I] Duration: 3s (+ 200ms warm up)
[07/02/2026-03:47:29] [I] Sleep time: 0ms
[07/02/2026-03:47:29] [I] Idle time: 0ms
[07/02/2026-03:47:29] [I] Inference Streams: 1
[07/02/2026-03:47:29] [I] ExposeDMA: Disabled
[07/02/2026-03:47:29] [I] Data transfers: Enabled
[07/02/2026-03:47:29] [I] Spin-wait: Disabled
[07/02/2026-03:47:29] [I] Multithreading: Disabled
[07/02/2026-03:47:29] [I] CUDA Graph: Disabled
[07/02/2026-03:47:29] [I] Separate profiling: Disabled
[07/02/2026-03:47:29] [I] Time Deserialize: Disabled
[07/02/2026-03:47:29] [I] Time Refit: Disabled
[07/02/2026-03:47:29] [I] NVTX verbosity: 2
[07/02/2026-03:47:29] [I] Persistent Cache Ratio: 0
[07/02/2026-03:47:29] [I] Optimization Profile Index: 0
[07/02/2026-03:47:29] [I] Weight Streaming Budget: 100.000000%
[07/02/2026-03:47:29] [I] Inputs:
[07/02/2026-03:47:29] [I] Debug Tensor Save Destinations:
[07/02/2026-03:47:29] [I] Dump All Debug Tensor in Formats:
[07/02/2026-03:47:29] [I] === Reporting Options ===
[07/02/2026-03:47:29] [I] Verbose: Disabled
[07/02/2026-03:47:29] [I] Averages: 10 inferences
[07/02/2026-03:47:29] [I] Percentiles: 90,95,99
[07/02/2026-03:47:29] [I] Dump refittable layers:Disabled
[07/02/2026-03:47:29] [I] Dump output: Disabled
[07/02/2026-03:47:29] [I] Profile: Disabled
[07/02/2026-03:47:29] [I] Export timing to JSON file:
[07/02/2026-03:47:29] [I] Export output to JSON file:
[07/02/2026-03:47:29] [I] Export profile to JSON file:
[07/02/2026-03:47:29] [I]
[07/02/2026-03:47:29] [I] === Device Information ===
[07/02/2026-03:47:29] [I] Available Devices:
[07/02/2026-03:47:29] [I]   Device 0: "NVIDIA RTX 6000 Ada Generation" UUID: GPU-6794f491-ac89-5cef-cdc5-a41123217fbd
[07/02/2026-03:47:29] [I] Selected Device: NVIDIA RTX 6000 Ada Generation
[07/02/2026-03:47:29] [I] Selected Device ID: 0
[07/02/2026-03:47:29] [I] Selected Device UUID: GPU-6794f491-ac89-5cef-cdc5-a41123217fbd
[07/02/2026-03:47:29] [I] Compute Capability: 8.9
[07/02/2026-03:47:29] [I] SMs: 142
[07/02/2026-03:47:29] [I] Device Global Memory: 48501 MiB
[07/02/2026-03:47:29] [I] Shared Memory per SM: 100 KiB
[07/02/2026-03:47:29] [I] Memory Bus Width: 384 bits (ECC disabled)
[07/02/2026-03:47:29] [I] Application Compute Clock Rate: 2.505 GHz
[07/02/2026-03:47:29] [I] Application Memory Clock Rate: 10.001 GHz
[07/02/2026-03:47:29] [I]
[07/02/2026-03:47:29] [I] Note: The application clock rates do not reflect the actual clock rates that the GPU is currently running at.
[07/02/2026-03:47:29] [I]
[07/02/2026-03:47:29] [I] TensorRT version: 10.16.0
[07/02/2026-03:47:29] [I] Loading standard plugins
[07/02/2026-03:47:29] [I] [TRT] [MemUsageChange] Init CUDA: CPU +1, GPU +0, now: CPU 30, GPU 1628 (MiB)
[07/02/2026-03:47:29] [I] Start parsing network model.
[07/02/2026-03:47:29] [I] [TRT] ----------------------------------------------------------------
[07/02/2026-03:47:29] [I] [TRT] Input filename:   /work/github/trt-samples-for-hackathon-cn-wili/cookbook/00-Data/model/model-trained.onnx
[07/02/2026-03:47:29] [I] [TRT] ONNX IR version:  0.0.10
[07/02/2026-03:47:29] [I] [TRT] Opset version:    18
[07/02/2026-03:47:29] [I] [TRT] Producer name:    pytorch
[07/02/2026-03:47:29] [I] [TRT] Producer version: 2.11.0a0+a6c236b9fd.nv26.03.46836102
[07/02/2026-03:47:29] [I] [TRT] Domain:
[07/02/2026-03:47:29] [I] [TRT] Model version:    0
[07/02/2026-03:47:29] [I] [TRT] Doc string:
[07/02/2026-03:47:29] [I] [TRT] ----------------------------------------------------------------
[07/02/2026-03:47:29] [W] [TRT] ModelImporter.cpp:994: Make sure output z has Int64 binding.
[07/02/2026-03:47:29] [I] Finished parsing network model. Parse time: 0.026436
[07/02/2026-03:47:29] [W] Dynamic dimensions required for input: x, but no shapes were provided. Automatically overriding shape to: 1x1x28x28
[07/02/2026-03:47:29] [I] Set shape of input tensor x for optimization profile 0 to: MIN=1x1x28x28 OPT=1x1x28x28 MAX=1x1x28x28
[07/02/2026-03:47:29] [I] [TRT] [MemUsageChange] Init builder kernel library: CPU +207, GPU +10, now: CPU 451, GPU 1638 (MiB)
[07/02/2026-03:47:29] [I] [TRT] Local timing cache in use. Profiling results in this builder pass will not be stored.
[07/02/2026-03:47:30] [I] [TRT] Compiler backend is used during engine build.
[07/02/2026-03:47:32] [I] [TRT] Detected 1 inputs and 2 output network tensors.
[07/02/2026-03:47:32] [I] [TRT] Total Host Persistent Memory: 18896 bytes
[07/02/2026-03:47:32] [I] [TRT] Total Device Persistent Memory: 0 bytes
[07/02/2026-03:47:32] [I] [TRT] Max Scratch Memory: 4608 bytes
[07/02/2026-03:47:32] [I] [TRT] [BlockAssignment] Started assigning block shifts. This will take 5 steps to complete.
[07/02/2026-03:47:32] [I] [TRT] [BlockAssignment] Algorithm ShiftNTopDown took 0.01749ms to assign 2 blocks to 5 nodes requiring 125440 bytes.
[07/02/2026-03:47:32] [I] [TRT] Total Activation Memory: 125440 bytes
[07/02/2026-03:47:32] [I] [TRT] Total Weights Memory: 13100672 bytes
[07/02/2026-03:47:32] [I] [TRT] Compiler backend is used during engine execution.
[07/02/2026-03:47:32] [I] [TRT] Engine generation completed in 2.69597 seconds.
[07/02/2026-03:47:32] [I] [TRT] [MemUsageStats] Peak memory usage of TRT CPU/GPU memory allocators: CPU 0 MiB, GPU 13 MiB
[07/02/2026-03:47:32] [I] Created engine with size: 12.5714 MiB
[07/02/2026-03:47:32] [I] Engine built in 3.08102 sec.
[07/02/2026-03:47:32] [I] [TRT] Loaded engine size: 12 MiB
[07/02/2026-03:47:32] [I] Engine deserialized in 0.00193129 sec.
[07/02/2026-03:47:32] [I] Layer Information:
[07/02/2026-03:47:32] [I] Layers:
Name: node_conv2d + node_relu, LayerType: CaskConvolution, Inputs: [ { Name: x, Location: Device, Dimensions: [1,1,28,28], Format/Datatype: Float }], Outputs: [ { Name: relu, Location: Device, Dimensions: [1,32,28,28], Format/Datatype: Float }], ParameterType: Convolution, Kernel: [5,5], PaddingMode: kEXPLICIT_ROUND_DOWN, PrePadding: [2,2], PostPadding: [2,2], Stride: [1,1], Dilation: [1,1], OutMaps: 32, Groups: 1, Weights: {"Type": "Float", "Count": 800}, Bias: {"Type": "Float", "Count": 32}, HasBias: 1, HasReLU: 1, HasSparseWeights: 0, HasDynamicFilter: 0, HasDynamicBias: 0, HasResidual: 0, ConvXAsActInputIdx: -1, BiasAsActInputIdx: -1, ResAsActInputIdx: -1, Activation: RELU, TacticName: sm80_xmma_fprop_implicit_gemm_f32f32_f32f32_f32_nchwkcrs_nchw_tilesize32x32x8_stage3_warpsize1x2x1_g1_ffma_t1r5s5_aligna4_alignc4, TacticValue: 0x5b8bf1b8028629d9, StreamId: 0, Metadata: [ONNX Layer: node_conv2d][ONNX Layer: node_relu]
Name: node_max_pool2d, LayerType: CaskPooling, Inputs: [ { Name: relu, Location: Device, Dimensions: [1,32,28,28], Format/Datatype: Float }], Outputs: [ { Name: max_pool2d, Location: Device, Dimensions: [1,32,14,14], Format/Datatype: Float }], ParameterType: Pooling, PoolingType: MAX, WindowSize: [2,2], PaddingMode: kEXPLICIT_ROUND_DOWN, PrePadding: [0,0], PostPadding: [0,0], Stride: [2,2], BlendFactor: 0, AverageCountExcludesPadding: 1, TacticName: sm50_xmma_pooling_tiled_FP32NCHW_kMAX_tP2_tQ32_tR2_tS2_tU2_tV2_tUnroll4_tThreads256, TacticValue: 0x4967a0b181fe6d9b, StreamId: 0, Metadata: [ONNX Layer: node_max_pool2d]
Name: node_conv2d_1 + node_relu_1, LayerType: CaskConvolution, Inputs: [ { Name: max_pool2d, Location: Device, Dimensions: [1,32,14,14], Format/Datatype: Float }], Outputs: [ { Name: relu_1, Location: Device, Dimensions: [1,64,14,14], Format/Datatype: Float }], ParameterType: Convolution, Kernel: [5,5], PaddingMode: kEXPLICIT_ROUND_DOWN, PrePadding: [2,2], PostPadding: [2,2], Stride: [1,1], Dilation: [1,1], OutMaps: 64, Groups: 1, Weights: {"Type": "Float", "Count": 51200}, Bias: {"Type": "Float", "Count": 64}, HasBias: 1, HasReLU: 1, HasSparseWeights: 0, HasDynamicFilter: 0, HasDynamicBias: 0, HasResidual: 0, ConvXAsActInputIdx: -1, BiasAsActInputIdx: -1, ResAsActInputIdx: -1, Activation: RELU, TacticName: sm50_xmma_conv_fprop_fused_conv_act_fp32_NCHW_fp32_NCHW_KCRS_fp32_fp32_fp32_Accfloat_1_1_cC1_dC1_srcVec1_fltVec1_1_TP4_TQ4_C8_R5_S5_U1_V1, TacticValue: 0xdeb28942e68a07d5, StreamId: 0, Metadata: [ONNX Layer: node_conv2d_1][ONNX Layer: node_relu_1]
Name: node_max_pool2d_1, LayerType: CaskPooling, Inputs: [ { Name: relu_1, Location: Device, Dimensions: [1,64,14,14], Format/Datatype: Float }], Outputs: [ { Name: max_pool2d_1, Location: Device, Dimensions: [1,64,7,7], Format/Datatype: Float }], ParameterType: Pooling, PoolingType: MAX, WindowSize: [2,2], PaddingMode: kEXPLICIT_ROUND_DOWN, PrePadding: [0,0], PostPadding: [0,0], Stride: [2,2], BlendFactor: 0, AverageCountExcludesPadding: 1, TacticName: sm50_xmma_pooling_tiled_FP32NCHW_kMAX_tP2_tQ32_tR2_tS2_tU2_tV2_tUnroll5_tThreads256, TacticValue: 0x94ce52cf617d1e36, StreamId: 0, Metadata: [ONNX Layer: node_max_pool2d_1]
Name: node_linear_myl4_0, LayerType: gemm, Inputs: [ { Name: max_pool2d_1, Dimensions: [1,3136], Format/Datatype: Float }], Outputs: [ { Name: relu_2.1_myl4, Dimensions: [1,1024], Format/Datatype: Float }], TacticName: sm50_xmma_cublas_gemvx_f32f32_f32_f32_tn_n_int32_unit_n_launch_param8x32x32_strided_unit_stride, StreamId: 0, Metadata: [ONNX Layer: node_linear][ONNX Layer: node_relu_2]
Name: __myl_MulSum_myl4_1, LayerType: kgen, Inputs: [ { Name: relu_2.1_myl4, Dimensions: [1024,1], Format/Datatype: Float }], Outputs: [ { Name: __myln_k_arg__bb1_3_myl4, Dimensions: [1,10], Format/Datatype: Float }], TacticName: __myl_MulSum_0xf51780477f7b66bae3896079c053d676, StreamId: 0, Metadata: [ONNX Layer: node_linear_1]
Name: __myl_AddMaxrSubExpSum_myl4_2, LayerType: kgen, Inputs: [ { Name: __myln_k_arg__bb1_3_myl4, Dimensions: [1,10], Format/Datatype: Float }], Outputs: [ { Name: __myln_k_arg__bb1_6_myl4, Dimensions: [1,10], Format/Datatype: Float }, { Name: __myln_k_arg__bb1_5_myl4, Dimensions: [1,1], Format/Datatype: Float }, { Name: y, Dimensions: [1,10], Format/Datatype: Float }], TacticName: __myl_AddMaxrSubExpSum_0x574acd01f7517732d5f2fd1c9042a089, StreamId: 0, Metadata: [ONNX Layer: node_linear_1][ONNX Layer: node_softmax]
Name: __myl_DivMulMaxr_myl4_3, LayerType: kgen, Inputs: [ { Name: __myln_k_arg__bb1_6_myl4, Dimensions: [1,10], Format/Datatype: Float }, { Name: __myln_k_arg__bb1_5_myl4, Dimensions: [1,1], Format/Datatype: Float }], Outputs: [ { Name: node_argmax_output.1_myl4, Dimensions: [1,1], Format/Datatype: Float }, { Name: __myln_k_arg__bb1_8_myl4, Dimensions: [1,1], Format/Datatype: Int32 }], TacticName: __myl_DivMulMaxr_0xeed0d44e25801453f72eeb03693cc519, StreamId: 0, Metadata: [ONNX Layer: node_softmax][ONNX Layer: node_argmax]
Name: __myl_CastReshCast_myl4_4, LayerType: kgen, Inputs: [ { Name: __myln_k_arg__bb1_8_myl4, Dimensions: [1,1], Format/Datatype: Int32 }], Outputs: [ { Name: z, Dimensions: [1], Format/Datatype: Int64 }], TacticName: __myl_CastReshCast_0x5baf1ddb7083512f99818d0d7872c872, StreamId: 0, Metadata:

Bindings:
x
y
z
[07/02/2026-03:47:32] [I] Skipped inference phase since --skipInference is added.
&&&& PASSED TensorRT.trtexec [TensorRT v101600] [b72] # trtexec --onnx=/work/github/trt-samples-for-hackathon-cn-wili/cookbook/00-Data/model/model-trained.onnx --skipInference --profilingVerbosity=detailed --dumpLayerInfo --exportLayerInfo=./model-trained-exportLayerInfo.log
