&&&& RUNNING TensorRT.trtexec [TensorRT v101600] [b72] # trtexec --onnx=/work/github/trt-samples-for-hackathon-cn-wili/cookbook/00-Data/model/model-trained.onnx
[04/30/2026-18:15:10] [I] TF32 is enabled by default. Add --noTF32 flag to further improve accuracy with some performance cost.
[04/30/2026-18:15:10] [I] === Model Options ===
[04/30/2026-18:15:10] [I] Format: ONNX
[04/30/2026-18:15:10] [I] Model: /work/github/trt-samples-for-hackathon-cn-wili/cookbook/00-Data/model/model-trained.onnx
[04/30/2026-18:15:10] [I] Output:
[04/30/2026-18:15:10] [I] === Build Options ===
[04/30/2026-18:15:10] [I] Memory Pools: workspace: default, dlaSRAM: default, dlaLocalDRAM: default, dlaGlobalDRAM: default, tacticSharedMem: default
[04/30/2026-18:15:10] [I] avgTiming: 8
[04/30/2026-18:15:10] [I] Precision: FP32
[04/30/2026-18:15:10] [I] LayerPrecisions:
[04/30/2026-18:15:10] [I] Layer Device Types:
[04/30/2026-18:15:10] [I] Decomposable Attentions:
[04/30/2026-18:15:10] [I] Calibration:
[04/30/2026-18:15:10] [I] Refit: Disabled
[04/30/2026-18:15:10] [I] Strip weights: Disabled
[04/30/2026-18:15:10] [I] Version Compatible: Disabled
[04/30/2026-18:15:10] [I] ONNX Plugin InstanceNorm: Disabled
[04/30/2026-18:15:10] [I] ONNX kENABLE_UINT8_AND_ASYMMETRIC_QUANTIZATION_DLA flag: Disabled
[04/30/2026-18:15:10] [I] ONNX kREPORT_CAPABILITY_DLA flag: Disabled
[04/30/2026-18:15:10] [I] ONNX kADJUST_FOR_DLA flag: Disabled
[04/30/2026-18:15:10] [I] ONNX kENABLE_PLUGIN_OVERRIDE flag: Disabled
[04/30/2026-18:15:10] [I] TensorRT runtime: full
[04/30/2026-18:15:10] [I] Lean DLL Path:
[04/30/2026-18:15:10] [I] Tempfile Controls: { in_memory: allow, temporary: allow }
[04/30/2026-18:15:10] [I] Exclude Lean Runtime: Disabled
[04/30/2026-18:15:10] [I] Sparsity: Disabled
[04/30/2026-18:15:10] [I] Safe mode: Disabled
[04/30/2026-18:15:10] [I] Build DLA standalone loadable: Disabled
[04/30/2026-18:15:10] [I] Allow GPU fallback for DLA: Disabled
[04/30/2026-18:15:10] [I] DirectIO mode: Disabled
[04/30/2026-18:15:10] [I] Restricted mode: Disabled
[04/30/2026-18:15:10] [I] Skip inference: Disabled
[04/30/2026-18:15:10] [I] Save engine:
[04/30/2026-18:15:10] [I] Load engine:
[04/30/2026-18:15:10] [I] Profiling verbosity: 0
[04/30/2026-18:15:10] [I] Tactic sources: Using default tactic sources
[04/30/2026-18:15:10] [I] timingCacheMode: local
[04/30/2026-18:15:10] [I] timingCacheFile:
[04/30/2026-18:15:10] [I] Enable Compilation Cache: Enabled
[04/30/2026-18:15:10] [I] Enable Monitor Memory: Disabled
[04/30/2026-18:15:10] [I] CPU Only Mode: Disabled
[04/30/2026-18:15:10] [I] errorOnTimingCacheMiss: Disabled
[04/30/2026-18:15:10] [I] Preview Features: Use default preview flags.
[04/30/2026-18:15:10] [I] MaxAuxStreams: -1
[04/30/2026-18:15:10] [I] BuilderOptimizationLevel: -1
[04/30/2026-18:15:10] [I] MaxTactics: -1
[04/30/2026-18:15:10] [I] Calibration Profile Index: 0
[04/30/2026-18:15:10] [I] Weight Streaming: Disabled
[04/30/2026-18:15:10] [I] Runtime Platform: Same As Build
[04/30/2026-18:15:10] [I] Debug Tensors:
[04/30/2026-18:15:10] [I] Distributive Independence: Disabled
[04/30/2026-18:15:10] [I] Mark Unfused Tensors As Debug Tensors: Disabled
[04/30/2026-18:15:10] [I] Input(s)s format: fp32:CHW
[04/30/2026-18:15:10] [I] Output(s)s format: fp32:CHW
[04/30/2026-18:15:10] [I] Input build shapes: model
[04/30/2026-18:15:10] [I] Input calibration shapes: model
[04/30/2026-18:15:10] [I] === System Options ===
[04/30/2026-18:15:10] [I] Device: 0
[04/30/2026-18:15:10] [I] DLACore:
[04/30/2026-18:15:10] [I] Loaded static plugins:
[04/30/2026-18:15:10] [I] setPluginsToSerialize:
[04/30/2026-18:15:10] [I] dynamicPlugins:
[04/30/2026-18:15:10] [I] ignoreParsedPluginLibs: 0
[04/30/2026-18:15:10] [I]
[04/30/2026-18:15:10] [I] === Inference Options ===
[04/30/2026-18:15:10] [I] Batch: Explicit
[04/30/2026-18:15:10] [I] Input inference shapes: model
[04/30/2026-18:15:10] [I] Iterations: 10
[04/30/2026-18:15:10] [I] Duration: 3s (+ 200ms warm up)
[04/30/2026-18:15:10] [I] Sleep time: 0ms
[04/30/2026-18:15:10] [I] Idle time: 0ms
[04/30/2026-18:15:10] [I] Inference Streams: 1
[04/30/2026-18:15:10] [I] ExposeDMA: Disabled
[04/30/2026-18:15:10] [I] Data transfers: Enabled
[04/30/2026-18:15:10] [I] Spin-wait: Disabled
[04/30/2026-18:15:10] [I] Multithreading: Disabled
[04/30/2026-18:15:10] [I] CUDA Graph: Disabled
[04/30/2026-18:15:10] [I] Separate profiling: Disabled
[04/30/2026-18:15:10] [I] Time Deserialize: Disabled
[04/30/2026-18:15:10] [I] Time Refit: Disabled
[04/30/2026-18:15:10] [I] NVTX verbosity: 0
[04/30/2026-18:15:10] [I] Persistent Cache Ratio: 0
[04/30/2026-18:15:10] [I] Optimization Profile Index: 0
[04/30/2026-18:15:10] [I] Weight Streaming Budget: 100.000000%
[04/30/2026-18:15:10] [I] Inputs:
[04/30/2026-18:15:10] [I] Debug Tensor Save Destinations:
[04/30/2026-18:15:10] [I] Dump All Debug Tensor in Formats:
[04/30/2026-18:15:10] [I] === Reporting Options ===
[04/30/2026-18:15:10] [I] Verbose: Disabled
[04/30/2026-18:15:10] [I] Averages: 10 inferences
[04/30/2026-18:15:10] [I] Percentiles: 90,95,99
[04/30/2026-18:15:10] [I] Dump refittable layers:Disabled
[04/30/2026-18:15:10] [I] Dump output: Disabled
[04/30/2026-18:15:10] [I] Profile: Disabled
[04/30/2026-18:15:10] [I] Export timing to JSON file:
[04/30/2026-18:15:10] [I] Export output to JSON file:
[04/30/2026-18:15:10] [I] Export profile to JSON file:
[04/30/2026-18:15:10] [I]
[04/30/2026-18:15:10] [I] === Device Information ===
[04/30/2026-18:15:10] [I] Available Devices:
[04/30/2026-18:15:10] [I]   Device 0: "NVIDIA RTX 6000 Ada Generation" UUID: GPU-6794f491-ac89-5cef-cdc5-a41123217fbd
[04/30/2026-18:15:10] [I] Selected Device: NVIDIA RTX 6000 Ada Generation
[04/30/2026-18:15:10] [I] Selected Device ID: 0
[04/30/2026-18:15:10] [I] Selected Device UUID: GPU-6794f491-ac89-5cef-cdc5-a41123217fbd
[04/30/2026-18:15:10] [I] Compute Capability: 8.9
[04/30/2026-18:15:10] [I] SMs: 142
[04/30/2026-18:15:10] [I] Device Global Memory: 48501 MiB
[04/30/2026-18:15:10] [I] Shared Memory per SM: 100 KiB
[04/30/2026-18:15:10] [I] Memory Bus Width: 384 bits (ECC disabled)
[04/30/2026-18:15:10] [I] Application Compute Clock Rate: 2.505 GHz
[04/30/2026-18:15:10] [I] Application Memory Clock Rate: 10.001 GHz
[04/30/2026-18:15:10] [I]
[04/30/2026-18:15:10] [I] Note: The application clock rates do not reflect the actual clock rates that the GPU is currently running at.
[04/30/2026-18:15:10] [I]
[04/30/2026-18:15:10] [I] TensorRT version: 10.16.0
[04/30/2026-18:15:10] [I] Loading standard plugins
[04/30/2026-18:15:10] [I] [TRT] [MemUsageChange] Init CUDA: CPU +1, GPU +0, now: CPU 30, GPU 2067 (MiB)
[04/30/2026-18:15:11] [I] Start parsing network model.
[04/30/2026-18:15:11] [I] [TRT] ----------------------------------------------------------------
[04/30/2026-18:15:11] [I] [TRT] Input filename:   /work/github/trt-samples-for-hackathon-cn-wili/cookbook/00-Data/model/model-trained.onnx
[04/30/2026-18:15:11] [I] [TRT] ONNX IR version:  0.0.10
[04/30/2026-18:15:11] [I] [TRT] Opset version:    18
[04/30/2026-18:15:11] [I] [TRT] Producer name:    pytorch
[04/30/2026-18:15:11] [I] [TRT] Producer version: 2.11.0a0+a6c236b9fd.nv26.03.46836102
[04/30/2026-18:15:11] [I] [TRT] Domain:
[04/30/2026-18:15:11] [I] [TRT] Model version:    0
[04/30/2026-18:15:11] [I] [TRT] Doc string:
[04/30/2026-18:15:11] [I] [TRT] ----------------------------------------------------------------
[04/30/2026-18:15:11] [W] [TRT] ModelImporter.cpp:994: Make sure output z has Int64 binding.
[04/30/2026-18:15:11] [I] Finished parsing network model. Parse time: 0.0193404
[04/30/2026-18:15:11] [W] Dynamic dimensions required for input: x, but no shapes were provided. Automatically overriding shape to: 1x1x28x28
[04/30/2026-18:15:11] [I] Set shape of input tensor x for optimization profile 0 to: MIN=1x1x28x28 OPT=1x1x28x28 MAX=1x1x28x28
[04/30/2026-18:15:11] [I] [TRT] [MemUsageChange] Init builder kernel library: CPU +207, GPU +3, now: CPU 451, GPU 2071 (MiB)
[04/30/2026-18:15:11] [I] [TRT] Local timing cache in use. Profiling results in this builder pass will not be stored.
[04/30/2026-18:15:12] [I] [TRT] Compiler backend is used during engine build.
[04/30/2026-18:15:13] [I] [TRT] Detected 1 inputs and 2 output network tensors.
[04/30/2026-18:15:13] [I] [TRT] Total Host Persistent Memory: 18896 bytes
[04/30/2026-18:15:13] [I] [TRT] Total Device Persistent Memory: 0 bytes
[04/30/2026-18:15:13] [I] [TRT] Max Scratch Memory: 4608 bytes
[04/30/2026-18:15:13] [I] [TRT] [BlockAssignment] Started assigning block shifts. This will take 5 steps to complete.
[04/30/2026-18:15:13] [I] [TRT] [BlockAssignment] Algorithm ShiftNTopDown took 0.01154ms to assign 2 blocks to 5 nodes requiring 125440 bytes.
[04/30/2026-18:15:13] [I] [TRT] Total Activation Memory: 125440 bytes
[04/30/2026-18:15:13] [I] [TRT] Total Weights Memory: 13100672 bytes
[04/30/2026-18:15:13] [I] [TRT] Compiler backend is used during engine execution.
[04/30/2026-18:15:13] [I] [TRT] Engine generation completed in 2.55738 seconds.
[04/30/2026-18:15:13] [I] [TRT] [MemUsageStats] Peak memory usage of TRT CPU/GPU memory allocators: CPU 0 MiB, GPU 13 MiB
[04/30/2026-18:15:13] [I] Created engine with size: 12.5709 MiB
[04/30/2026-18:15:13] [I] Engine built in 2.89282 sec.
[04/30/2026-18:15:14] [I] [TRT] Loaded engine size: 12 MiB
[04/30/2026-18:15:14] [I] Engine deserialized in 0.00373287 sec.
[04/30/2026-18:15:14] [I] [TRT] [MemUsageChange] TensorRT-managed allocation in IExecutionContext creation: CPU +0, GPU +0, now: CPU 0, GPU 12 (MiB)
[04/30/2026-18:15:14] [I] Setting persistentCacheLimit to 0 bytes.
[04/30/2026-18:15:14] [I] Created execution context with device memory size: 0.119629 MiB
[04/30/2026-18:15:14] [I] Using random values for input x
[04/30/2026-18:15:14] [I] Input binding for x with dimensions 1x1x28x28 and type fp32 is created.
[04/30/2026-18:15:14] [I] Output binding for y with dimensions 1x10 and type fp32 is created.
[04/30/2026-18:15:14] [I] Output binding for z with dimensions 1 and type int64 is created.
[04/30/2026-18:15:14] [I] Starting inference
[04/30/2026-18:15:17] [I] Warmup completed 4028 queries over 200 ms
[04/30/2026-18:15:17] [I] Timing trace has 60547 queries over 3.00008 s
[04/30/2026-18:15:17] [I]
[04/30/2026-18:15:17] [I] === Trace details ===
[04/30/2026-18:15:17] [I] Trace averages of 10 runs:
[04/30/2026-18:15:17] [I] Average on 10 runs - GPU latency: 0.028949 ms - Host latency: 0.0388672 ms (enqueue 0.0235504 ms)
[04/30/2026-18:15:17] [I] Average on 10 runs - GPU latency: 0.0292618 ms - Host latency: 0.0390366 ms (enqueue 0.024556 ms)
[04/30/2026-18:15:17] [I] Average on 10 runs - GPU latency: 0.0287231 ms - Host latency: 0.0386139 ms (enqueue 0.0236603 ms)
[04/30/2026-18:15:17] [I] Average on 10 runs - GPU latency: 0.0293106 ms - Host latency: 0.0391159 ms (enqueue 0.0239059 ms)
[04/30/2026-18:15:17] [I] Average on 10 runs - GPU latency: 0.02854 ms - Host latency: 0.038501 ms (enqueue 0.0235611 ms)
[04/30/2026-18:15:17] [I] Average on 10 runs - GPU latency: 0.0296768 ms - Host latency: 0.0407455 ms (enqueue 0.0242661 ms)
[04/30/2026-18:15:17] [I] Average on 10 runs - GPU latency: 0.0682053 ms - Host latency: 0.0780472 ms (enqueue 0.0372635 ms)
[04/30/2026-18:15:17] [I] Average on 10 runs - GPU latency: 0.0447037 ms - Host latency: 0.0567032 ms (enqueue 0.0419083 ms)
[04/30/2026-18:15:17] [I] Average on 10 runs - GPU latency: 0.0474213 ms - Host latency: 0.0569092 ms (enqueue 0.0289139 ms)
[04/30/2026-18:15:17] [I] Average on 10 runs - GPU latency: 0.029451 ms - Host latency: 0.0392792 ms (enqueue 0.0242142 ms)
[04/30/2026-18:15:17] [I] Average on 10 runs - GPU latency: 0.0288834 ms - Host latency: 0.0389099 ms (enqueue 0.023349 ms)
[04/30/2026-18:15:17] [I] Average on 10 runs - GPU latency: 0.0291107 ms - Host latency: 0.0390762 ms (enqueue 0.0238571 ms)
[04/30/2026-18:15:17] [I] Average on 10 runs - GPU latency: 0.0288025 ms - Host latency: 0.0387543 ms (enqueue 0.023494 ms)
[04/30/2026-18:15:17] [I] Average on 10 runs - GPU latency: 0.0292175 ms - Host latency: 0.0388092 ms (enqueue 0.024295 ms)
[04/30/2026-18:15:17] [I] Average on 10 runs - GPU latency: 0.0285645 ms - Host latency: 0.0389511 ms (enqueue 0.023526 ms)
[04/30/2026-18:15:17] [I] Average on 10 runs - GPU latency: 0.0292801 ms - Host latency: 0.0389847 ms (enqueue 0.0242462 ms)
[04/30/2026-18:15:17] [I] Average on 10 runs - GPU latency: 0.0286972 ms - Host latency: 0.0385178 ms (enqueue 0.024086 ms)
[04/30/2026-18:15:17] [I] Average on 10 runs - GPU latency: 0.028685 ms - Host latency: 0.0387375 ms (enqueue 0.0233627 ms)
[04/30/2026-18:15:17] [I] Average on 10 runs - GPU latency: 0.0293045 ms - Host latency: 0.038945 ms (enqueue 0.0240356 ms)
[04/30/2026-18:15:17] [I] Average on 10 runs - GPU latency: 0.0300583 ms - Host latency: 0.0403275 ms (enqueue 0.0253448 ms)
[04/30/2026-18:15:17] [I] Average on 10 runs - GPU latency: 0.0329834 ms - Host latency: 0.0439148 ms (enqueue 0.0293304 ms)
[04/30/2026-18:15:17] [I] Average on 10 runs - GPU latency: 0.044783 ms - Host latency: 0.056958 ms (enqueue 0.0421143 ms)
[04/30/2026-18:15:17] [I] Average on 10 runs - GPU latency: 0.0343964 ms - Host latency: 0.0431641 ms (enqueue 0.0311172 ms)
[04/30/2026-18:15:17] [I] Average on 10 runs - GPU latency: 0.0325897 ms - Host latency: 0.0402939 ms (enqueue 0.028981 ms)
[04/30/2026-18:15:17] [I] Average on 10 runs - GPU latency: 0.0303925 ms - Host latency: 0.0386795 ms (enqueue 0.0260208 ms)
[04/30/2026-18:15:17] [I] Average on 10 runs - GPU latency: 0.0286728 ms - Host latency: 0.0386139 ms (enqueue 0.0241531 ms)
[04/30/2026-18:15:17] [I] Average on 10 runs - GPU latency: 0.0285889 ms - Host latency: 0.0385208 ms (enqueue 0.0241043 ms)
[04/30/2026-18:15:17] [I] Average on 10 runs - GPU latency: 0.0285675 ms - Host latency: 0.0385407 ms (enqueue 0.024147 ms)
[04/30/2026-18:15:17] [I] Average on 10 runs - GPU latency: 0.0291306 ms - Host latency: 0.0387115 ms (enqueue 0.0248245 ms)
[04/30/2026-18:15:17] [I] Average on 10 runs - GPU latency: 0.028685 ms - Host latency: 0.0386612 ms (enqueue 0.0239944 ms)
[04/30/2026-18:15:17] [I] Average on 10 runs - GPU latency: 0.0291473 ms - Host latency: 0.0387466 ms (enqueue 0.024176 ms)
[04/30/2026-18:15:17] [I] Average on 10 runs - GPU latency: 0.0283478 ms - Host latency: 0.0384888 ms (enqueue 0.0240524 ms)
[04/30/2026-18:15:17] [I] Average on 10 runs - GPU latency: 0.0312424 ms - Host latency: 0.0412857 ms (enqueue 0.0270935 ms)
[04/30/2026-18:15:17] [I] Average on 10 runs - GPU latency: 0.0295853 ms - Host latency: 0.0392502 ms (enqueue 0.0245102 ms)
[04/30/2026-18:15:17] [I] Average on 10 runs - GPU latency: 0.0294922 ms - Host latency: 0.0391205 ms (enqueue 0.0244904 ms)
[04/30/2026-18:15:17] [I] Average on 10 runs - GPU latency: 0.0286362 ms - Host latency: 0.0387207 ms (enqueue 0.0239227 ms)
[04/30/2026-18:15:17] [I] Average on 10 runs - GPU latency: 0.0285355 ms - Host latency: 0.0385986 ms (enqueue 0.0235855 ms)
[04/30/2026-18:15:17] [I] Average on 10 runs - GPU latency: 0.0289337 ms - Host latency: 0.0392242 ms (enqueue 0.0241058 ms)
[04/30/2026-18:15:17] [I] Average on 10 runs - GPU latency: 0.0324814 ms - Host latency: 0.0430176 ms (enqueue 0.0249084 ms)
[04/30/2026-18:15:17] [I] Average on 10 runs - GPU latency: 0.0296982 ms - Host latency: 0.0387283 ms (enqueue 0.0249481 ms)
[04/30/2026-18:15:17] [I] Average on 10 runs - GPU latency: 0.0290665 ms - Host latency: 0.0388687 ms (enqueue 0.0238907 ms)
[04/30/2026-18:15:17] [I] Average on 10 runs - GPU latency: 0.0435806 ms - Host latency: 0.053801 ms (enqueue 0.0270844 ms)
[04/30/2026-18:15:17] [I] Average on 10 runs - GPU latency: 0.0339066 ms - Host latency: 0.0427444 ms (enqueue 0.0338821 ms)
[04/30/2026-18:15:17] [I] Average on 10 runs - GPU latency: 0.0322113 ms - Host latency: 0.0401871 ms (enqueue 0.02883 ms)
[04/30/2026-18:15:17] [I] Average on 10 runs - GPU latency: 0.0293533 ms - Host latency: 0.0385727 ms (enqueue 0.0243347 ms)
[04/30/2026-18:15:17] [I] Average on 10 runs - GPU latency: 0.0288437 ms - Host latency: 0.0391342 ms (enqueue 0.0242203 ms)
[04/30/2026-18:15:17] [I] Average on 10 runs - GPU latency: 0.0287811 ms - Host latency: 0.0389832 ms (enqueue 0.0239517 ms)
[04/30/2026-18:15:17] [I] Average on 10 runs - GPU latency: 0.0294418 ms - Host latency: 0.039122 ms (enqueue 0.0242325 ms)
[04/30/2026-18:15:17] [I] Average on 10 runs - GPU latency: 0.0286499 ms - Host latency: 0.0390076 ms (enqueue 0.0239777 ms)
[04/30/2026-18:15:17] [I] Average on 10 runs - GPU latency: 0.0285248 ms - Host latency: 0.0383347 ms (enqueue 0.02388 ms)
[04/30/2026-18:15:17] [I] Average on 10 runs - GPU latency: 0.0316513 ms - Host latency: 0.0415207 ms (enqueue 0.0272018 ms)
[04/30/2026-18:15:17] [I] Average on 10 runs - GPU latency: 0.0293564 ms - Host latency: 0.0386658 ms (enqueue 0.0250931 ms)
[04/30/2026-18:15:17] [I] Average on 10 runs - GPU latency: 0.0289658 ms - Host latency: 0.0384628 ms (enqueue 0.0240036 ms)
[04/30/2026-18:15:17] [I] Average on 10 runs - GPU latency: 0.0284866 ms - Host latency: 0.0386337 ms (enqueue 0.0238708 ms)
[04/30/2026-18:15:17] [I] Average on 10 runs - GPU latency: 0.029036 ms - Host latency: 0.0391678 ms (enqueue 0.0239578 ms)
[04/30/2026-18:15:17] [I] Average on 10 runs - GPU latency: 0.0304184 ms - Host latency: 0.0401733 ms (enqueue 0.0261383 ms)
[04/30/2026-18:15:17] [I] Average on 10 runs - GPU latency: 0.0303024 ms - Host latency: 0.0395386 ms (enqueue 0.0247604 ms)
[04/30/2026-18:15:17] [I] Average on 10 runs - GPU latency: 0.0284973 ms - Host latency: 0.0387299 ms (enqueue 0.0238251 ms)
[04/30/2026-18:15:17] [I] Average on 10 runs - GPU latency: 0.0291031 ms - Host latency: 0.0385147 ms (enqueue 0.0249146 ms)
[04/30/2026-18:15:17] [I] Average on 10 runs - GPU latency: 0.0284622 ms - Host latency: 0.038298 ms (enqueue 0.0238266 ms)
[04/30/2026-18:15:17] [I] Average on 10 runs - GPU latency: 0.0286102 ms - Host latency: 0.0384659 ms (enqueue 0.0243378 ms)
[04/30/2026-18:15:17] [I] Average on 10 runs - GPU latency: 0.0287735 ms - Host latency: 0.0388 ms (enqueue 0.0239471 ms)
[04/30/2026-18:15:17] [I] Average on 10 runs - GPU latency: 0.0286301 ms - Host latency: 0.0388519 ms (enqueue 0.0238968 ms)
[04/30/2026-18:15:17] [I] Average on 10 runs - GPU latency: 0.0361923 ms - Host latency: 0.0492401 ms (enqueue 0.0326126 ms)
[04/30/2026-18:15:17] [I] Average on 10 runs - GPU latency: 0.0360519 ms - Host latency: 0.0450241 ms (enqueue 0.0325943 ms)
[04/30/2026-18:15:17] [I] Average on 10 runs - GPU latency: 0.0300964 ms - Host latency: 0.0390472 ms (enqueue 0.0260086 ms)
[04/30/2026-18:15:17] [I] Average on 10 runs - GPU latency: 0.02854 ms - Host latency: 0.0385025 ms (enqueue 0.023819 ms)
[04/30/2026-18:15:17] [I] Average on 10 runs - GPU latency: 0.0292084 ms - Host latency: 0.0389313 ms (enqueue 0.0241226 ms)
[04/30/2026-18:15:17] [I] Average on 10 runs - GPU latency: 0.0284348 ms - Host latency: 0.038504 ms (enqueue 0.0239059 ms)
[04/30/2026-18:15:17] [I] Average on 10 runs - GPU latency: 0.0286102 ms - Host latency: 0.0377319 ms (enqueue 0.0245148 ms)
[04/30/2026-18:15:17] [I] Average on 10 runs - GPU latency: 0.0286407 ms - Host latency: 0.0386902 ms (enqueue 0.0239014 ms)
[04/30/2026-18:15:17] [I] Average on 10 runs - GPU latency: 0.0290833 ms - Host latency: 0.0388626 ms (enqueue 0.0243835 ms)
[04/30/2026-18:15:17] [I] Average on 10 runs - GPU latency: 0.0326492 ms - Host latency: 0.042453 ms (enqueue 0.0248291 ms)
[04/30/2026-18:15:17] [I] Average on 10 runs - GPU latency: 0.0304794 ms - Host latency: 0.039714 ms (enqueue 0.0255096 ms)
[04/30/2026-18:15:17] [I] Average on 10 runs - GPU latency: 0.0290939 ms - Host latency: 0.0392227 ms (enqueue 0.0240387 ms)
[04/30/2026-18:15:17] [I] Average on 10 runs - GPU latency: 0.0291412 ms - Host latency: 0.0386719 ms (enqueue 0.0238663 ms)
[04/30/2026-18:15:17] [I] Average on 10 runs - GPU latency: 0.0287766 ms - Host latency: 0.0386673 ms (enqueue 0.0240005 ms)
[04/30/2026-18:15:17] [I] Average on 10 runs - GPU latency: 0.028772 ms - Host latency: 0.0388718 ms (enqueue 0.0236359 ms)
[04/30/2026-18:15:17] [I] Average on 10 runs - GPU latency: 0.0304092 ms - Host latency: 0.0390915 ms (enqueue 0.0249756 ms)
[04/30/2026-18:15:17] [I] Average on 10 runs - GPU latency: 0.0289368 ms - Host latency: 0.0391357 ms (enqueue 0.0237244 ms)
[04/30/2026-18:15:17] [I] Average on 10 runs - GPU latency: 0.0294907 ms - Host latency: 0.03965 ms (enqueue 0.0240723 ms)
[04/30/2026-18:15:17] [I] Average on 10 runs - GPU latency: 0.028717 ms - Host latency: 0.0384064 ms (enqueue 0.0238144 ms)
[04/30/2026-18:15:17] [I] Average on 10 runs - GPU latency: 0.0291382 ms - Host latency: 0.0392059 ms (enqueue 0.0245987 ms)
[04/30/2026-18:15:17] [I] Average on 10 runs - GPU latency: 0.0286621 ms - Host latency: 0.0391876 ms (enqueue 0.0239761 ms)
[04/30/2026-18:15:17] [I] Average on 10 runs - GPU latency: 0.028537 ms - Host latency: 0.0388901 ms (enqueue 0.0238251 ms)
[04/30/2026-18:15:17] [I] Average on 10 runs - GPU latency: 0.0295334 ms - Host latency: 0.0388382 ms (enqueue 0.0246292 ms)
[04/30/2026-18:15:17] [I] Average on 10 runs - GPU latency: 0.0290726 ms - Host latency: 0.0388412 ms (enqueue 0.023941 ms)
[04/30/2026-18:15:17] [I] Average on 10 runs - GPU latency: 0.0294754 ms - Host latency: 0.0392044 ms (enqueue 0.0245575 ms)
[04/30/2026-18:15:17] [I] Average on 10 runs - GPU latency: 0.0288956 ms - Host latency: 0.0386093 ms (enqueue 0.0239075 ms)
[04/30/2026-18:15:17] [I] Average on 10 runs - GPU latency: 0.0288834 ms - Host latency: 0.0383118 ms (enqueue 0.0239151 ms)
[04/30/2026-18:15:17] [I] Average on 10 runs - GPU latency: 0.0291794 ms - Host latency: 0.0394287 ms (enqueue 0.0242432 ms)
[04/30/2026-18:15:17] [I] Average on 10 runs - GPU latency: 0.0292694 ms - Host latency: 0.0385223 ms (enqueue 0.0245544 ms)
[04/30/2026-18:15:17] [I] Average on 10 runs - GPU latency: 0.0298584 ms - Host latency: 0.0395172 ms (enqueue 0.0250488 ms)
[04/30/2026-18:15:17] [I] Average on 10 runs - GPU latency: 0.0299088 ms - Host latency: 0.0396942 ms (enqueue 0.0254379 ms)
[04/30/2026-18:15:17] [I] Average on 10 runs - GPU latency: 0.0300537 ms - Host latency: 0.0397583 ms (enqueue 0.0249878 ms)
[04/30/2026-18:15:17] [I] Average on 10 runs - GPU latency: 0.0285324 ms - Host latency: 0.0381851 ms (enqueue 0.0238373 ms)
[04/30/2026-18:15:17] [I] Average on 10 runs - GPU latency: 0.0290726 ms - Host latency: 0.0399445 ms (enqueue 0.0240524 ms)
[04/30/2026-18:15:17] [I] Average on 10 runs - GPU latency: 0.028508 ms - Host latency: 0.0386292 ms (enqueue 0.0236938 ms)
[04/30/2026-18:15:17] [I] Average on 10 runs - GPU latency: 0.0290115 ms - Host latency: 0.0389389 ms (enqueue 0.0240356 ms)
[04/30/2026-18:15:17] [I] Average on 10 runs - GPU latency: 0.0284912 ms - Host latency: 0.0384094 ms (enqueue 0.0239044 ms)
[04/30/2026-18:15:17] [I] Average on 10 runs - GPU latency: 0.0289047 ms - Host latency: 0.0385178 ms (enqueue 0.0244019 ms)
[04/30/2026-18:15:17] [I] Average on 10 runs - GPU latency: 0.02901 ms - Host latency: 0.0388504 ms (enqueue 0.0238037 ms)
[04/30/2026-18:15:17] [I] Average on 10 runs - GPU latency: 0.0290863 ms - Host latency: 0.0387039 ms (enqueue 0.0242798 ms)
[04/30/2026-18:15:17] [I] Average on 10 runs - GPU latency: 0.0287094 ms - Host latency: 0.038974 ms (enqueue 0.0237289 ms)
[04/30/2026-18:15:17] [I] Average on 10 runs - GPU latency: 0.0283875 ms - Host latency: 0.0386215 ms (enqueue 0.0239273 ms)
[04/30/2026-18:15:17] [I] Average on 10 runs - GPU latency: 0.0291672 ms - Host latency: 0.0386093 ms (enqueue 0.0239349 ms)
[04/30/2026-18:15:17] [I] Average on 10 runs - GPU latency: 0.0303802 ms - Host latency: 0.0405273 ms (enqueue 0.0254654 ms)
[04/30/2026-18:15:17] [I] Average on 10 runs - GPU latency: 0.0328262 ms - Host latency: 0.0416153 ms (enqueue 0.0251892 ms)
[04/30/2026-18:15:17] [I] Average on 10 runs - GPU latency: 0.0694458 ms - Host latency: 0.0792221 ms (enqueue 0.0497498 ms)
[04/30/2026-18:15:17] [I] Average on 10 runs - GPU latency: 0.0394714 ms - Host latency: 0.0486115 ms (enqueue 0.0369934 ms)
[04/30/2026-18:15:17] [I] Average on 10 runs - GPU latency: 0.0378296 ms - Host latency: 0.0470627 ms (enqueue 0.0354019 ms)
[04/30/2026-18:15:17] [I] Average on 10 runs - GPU latency: 0.038269 ms - Host latency: 0.0469513 ms (enqueue 0.0354156 ms)
[04/30/2026-18:15:17] [I] Average on 10 runs - GPU latency: 0.0380585 ms - Host latency: 0.0472717 ms (enqueue 0.0356873 ms)
[04/30/2026-18:15:17] [I] Average on 10 runs - GPU latency: 0.0373566 ms - Host latency: 0.0463104 ms (enqueue 0.0350586 ms)
[04/30/2026-18:15:17] [I] Average on 10 runs - GPU latency: 0.0379761 ms - Host latency: 0.0470551 ms (enqueue 0.0354645 ms)
[04/30/2026-18:15:17] [I] Average on 10 runs - GPU latency: 0.0378815 ms - Host latency: 0.0470001 ms (enqueue 0.0357849 ms)
[04/30/2026-18:15:17] [I] Average on 10 runs - GPU latency: 0.037558 ms - Host latency: 0.0467255 ms (enqueue 0.0350281 ms)
[04/30/2026-18:15:17] [I] Average on 10 runs - GPU latency: 0.0364746 ms - Host latency: 0.0457153 ms (enqueue 0.0355469 ms)
[04/30/2026-18:15:17] [I] Average on 10 runs - GPU latency: 0.0414551 ms - Host latency: 0.052005 ms (enqueue 0.0382324 ms)
[04/30/2026-18:15:17] [I] Average on 10 runs - GPU latency: 0.032489 ms - Host latency: 0.0414551 ms (enqueue 0.0287201 ms)
[04/30/2026-18:15:17] [I] Average on 10 runs - GPU latency: 0.034314 ms - Host latency: 0.0439545 ms (enqueue 0.030191 ms)
[04/30/2026-18:15:17] [I] Average on 10 runs - GPU latency: 0.0286804 ms - Host latency: 0.0390503 ms (enqueue 0.0237396 ms)
[04/30/2026-18:15:17] [I] Average on 10 runs - GPU latency: 0.0285858 ms - Host latency: 0.0386047 ms (enqueue 0.0234589 ms)
[04/30/2026-18:15:17] [I] Average on 10 runs - GPU latency: 0.0293915 ms - Host latency: 0.039325 ms (enqueue 0.0251953 ms)
[04/30/2026-18:15:17] [I] Average on 10 runs - GPU latency: 0.0310547 ms - Host latency: 0.0408325 ms (enqueue 0.0268555 ms)
[04/30/2026-18:15:17] [I] Average on 10 runs - GPU latency: 0.0296173 ms - Host latency: 0.0394348 ms (enqueue 0.0245026 ms)
[04/30/2026-18:15:17] [I] Average on 10 runs - GPU latency: 0.0289215 ms - Host latency: 0.0383942 ms (enqueue 0.0236084 ms)
[04/30/2026-18:15:17] [I] Average on 10 runs - GPU latency: 0.0365875 ms - Host latency: 0.0470734 ms (enqueue 0.0327698 ms)
[04/30/2026-18:15:17] [I] Average on 10 runs - GPU latency: 0.0286804 ms - Host latency: 0.0391266 ms (enqueue 0.0236511 ms)
[04/30/2026-18:15:17] [I] Average on 10 runs - GPU latency: 0.0289063 ms - Host latency: 0.038501 ms (enqueue 0.024118 ms)
[04/30/2026-18:15:17] [I] Average on 10 runs - GPU latency: 0.0286163 ms - Host latency: 0.038562 ms (enqueue 0.0235535 ms)
[04/30/2026-18:15:17] [I] Average on 10 runs - GPU latency: 0.0287354 ms - Host latency: 0.0381042 ms (enqueue 0.0236877 ms)
[04/30/2026-18:15:17] [I] Average on 10 runs - GPU latency: 0.0289337 ms - Host latency: 0.038681 ms (enqueue 0.0238739 ms)
[04/30/2026-18:15:17] [I] Average on 10 runs - GPU latency: 0.0285339 ms - Host latency: 0.0386993 ms (enqueue 0.0234222 ms)
[04/30/2026-18:15:17] [I] Average on 10 runs - GPU latency: 0.0290955 ms - Host latency: 0.0390869 ms (enqueue 0.02388 ms)
[04/30/2026-18:15:17] [I] Average on 10 runs - GPU latency: 0.0286926 ms - Host latency: 0.0387146 ms (enqueue 0.0234863 ms)
[04/30/2026-18:15:17] [I] Average on 10 runs - GPU latency: 0.0291046 ms - Host latency: 0.038974 ms (enqueue 0.0236206 ms)
[04/30/2026-18:15:17] [I] Average on 10 runs - GPU latency: 0.0288208 ms - Host latency: 0.0383301 ms (enqueue 0.0233063 ms)
[04/30/2026-18:15:17] [I] Average on 10 runs - GPU latency: 0.0325745 ms - Host latency: 0.0423828 ms (enqueue 0.0254791 ms)
[04/30/2026-18:15:17] [I] Average on 10 runs - GPU latency: 0.042627 ms - Host latency: 0.0519409 ms (enqueue 0.0246735 ms)
[04/30/2026-18:15:17] [I] Average on 10 runs - GPU latency: 0.0289978 ms - Host latency: 0.0389587 ms (enqueue 0.0235413 ms)
[04/30/2026-18:15:17] [I] Average on 10 runs - GPU latency: 0.0293762 ms - Host latency: 0.0394104 ms (enqueue 0.0243347 ms)
[04/30/2026-18:15:17] [I] Average on 10 runs - GPU latency: 0.0286896 ms - Host latency: 0.0391022 ms (enqueue 0.0235413 ms)
[04/30/2026-18:15:17] [I] Average on 10 runs - GPU latency: 0.0290619 ms - Host latency: 0.0390472 ms (enqueue 0.0237885 ms)
[04/30/2026-18:15:17] [I] Average on 10 runs - GPU latency: 0.028717 ms - Host latency: 0.0389252 ms (enqueue 0.0234406 ms)
[04/30/2026-18:15:17] [I] Average on 10 runs - GPU latency: 0.0290802 ms - Host latency: 0.0392395 ms (enqueue 0.0235657 ms)
[04/30/2026-18:15:17] [I] Average on 10 runs - GPU latency: 0.0289276 ms - Host latency: 0.0392029 ms (enqueue 0.0233673 ms)
[04/30/2026-18:15:17] [I] Average on 10 runs - GPU latency: 0.0284088 ms - Host latency: 0.0387665 ms (enqueue 0.0234924 ms)
[04/30/2026-18:15:17] [I] Average on 10 runs - GPU latency: 0.0302277 ms - Host latency: 0.0412628 ms (enqueue 0.0255554 ms)
[04/30/2026-18:15:17] [I] Average on 10 runs - GPU latency: 0.0286438 ms - Host latency: 0.0386047 ms (enqueue 0.0238007 ms)
[04/30/2026-18:15:17] [I] Average on 10 runs - GPU latency: 0.0290741 ms - Host latency: 0.0393494 ms (enqueue 0.02388 ms)
[04/30/2026-18:15:17] [I] Average on 10 runs - GPU latency: 0.0285492 ms - Host latency: 0.0385345 ms (enqueue 0.0237 ms)
[04/30/2026-18:15:17] [I] Average on 10 runs - GPU latency: 0.0297089 ms - Host latency: 0.0388977 ms (enqueue 0.0247803 ms)
[04/30/2026-18:15:17] [I] Average on 10 runs - GPU latency: 0.0286591 ms - Host latency: 0.0385712 ms (enqueue 0.0233856 ms)
[04/30/2026-18:15:17] [I] Average on 10 runs - GPU latency: 0.0289459 ms - Host latency: 0.0390686 ms (enqueue 0.0239105 ms)
[04/30/2026-18:15:17] [I] Average on 10 runs - GPU latency: 0.0316254 ms - Host latency: 0.0415344 ms (enqueue 0.0273071 ms)
[04/30/2026-18:15:17] [I] Average on 10 runs - GPU latency: 0.028772 ms - Host latency: 0.038623 ms (enqueue 0.023642 ms)
[04/30/2026-18:15:17] [I] Average on 10 runs - GPU latency: 0.0293549 ms - Host latency: 0.0389252 ms (enqueue 0.024472 ms)
[04/30/2026-18:15:17] [I] Average on 10 runs - GPU latency: 0.0288574 ms - Host latency: 0.0384491 ms (enqueue 0.0235199 ms)
[04/30/2026-18:15:17] [I] Average on 10 runs - GPU latency: 0.0310974 ms - Host latency: 0.0409393 ms (enqueue 0.0260193 ms)
[04/30/2026-18:15:17] [I] Average on 10 runs - GPU latency: 0.0287964 ms - Host latency: 0.0390442 ms (enqueue 0.0236267 ms)
[04/30/2026-18:15:17] [I] Average on 10 runs - GPU latency: 0.0293854 ms - Host latency: 0.0411316 ms (enqueue 0.0243591 ms)
[04/30/2026-18:15:17] [I] Average on 10 runs - GPU latency: 0.0286896 ms - Host latency: 0.0386963 ms (enqueue 0.0235229 ms)
[04/30/2026-18:15:17] [I] Average on 10 runs - GPU latency: 0.0298248 ms - Host latency: 0.039624 ms (enqueue 0.0251282 ms)
[04/30/2026-18:15:17] [I] Average on 10 runs - GPU latency: 0.0286316 ms - Host latency: 0.0387604 ms (enqueue 0.0235687 ms)
[04/30/2026-18:15:17] [I] Average on 10 runs - GPU latency: 0.0287781 ms - Host latency: 0.0389587 ms (enqueue 0.0233368 ms)
[04/30/2026-18:15:17] [I] Average on 10 runs - GPU latency: 0.0291016 ms - Host latency: 0.0389984 ms (enqueue 0.0235809 ms)
[04/30/2026-18:15:17] [I] Average on 10 runs - GPU latency: 0.0287872 ms - Host latency: 0.0384827 ms (enqueue 0.023877 ms)
[04/30/2026-18:15:17] [I] Average on 10 runs - GPU latency: 0.028775 ms - Host latency: 0.0386658 ms (enqueue 0.0237915 ms)
[04/30/2026-18:15:17] [I] Average on 10 runs - GPU latency: 0.0294556 ms - Host latency: 0.0392181 ms (enqueue 0.0245087 ms)
[04/30/2026-18:15:17] [I] Average on 10 runs - GPU latency: 0.0289612 ms - Host latency: 0.0386871 ms (enqueue 0.0241852 ms)
[04/30/2026-18:15:17] [I] Average on 10 runs - GPU latency: 0.028833 ms - Host latency: 0.0386932 ms (enqueue 0.0235992 ms)
[04/30/2026-18:15:17] [I] Average on 10 runs - GPU latency: 0.0285217 ms - Host latency: 0.0384613 ms (enqueue 0.0236542 ms)
[04/30/2026-18:15:17] [I] Average on 10 runs - GPU latency: 0.0290771 ms - Host latency: 0.038681 ms (enqueue 0.0235352 ms)
[04/30/2026-18:15:17] [I] Average on 10 runs - GPU latency: 0.0294464 ms - Host latency: 0.0379028 ms (enqueue 0.0257263 ms)
[04/30/2026-18:15:17] [I] Average on 10 runs - GPU latency: 0.033609 ms - Host latency: 0.0426331 ms (enqueue 0.0287537 ms)
[04/30/2026-18:15:17] [I] Average on 10 runs - GPU latency: 0.0289673 ms - Host latency: 0.0390228 ms (enqueue 0.0239227 ms)
[04/30/2026-18:15:17] [I] Average on 10 runs - GPU latency: 0.0296936 ms - Host latency: 0.0393494 ms (enqueue 0.0243011 ms)
[04/30/2026-18:15:17] [I] Average on 10 runs - GPU latency: 0.0288452 ms - Host latency: 0.0391602 ms (enqueue 0.0235168 ms)
[04/30/2026-18:15:17] [I] Average on 10 runs - GPU latency: 0.0284912 ms - Host latency: 0.0387848 ms (enqueue 0.023468 ms)
[04/30/2026-18:15:17] [I] Average on 10 runs - GPU latency: 0.0291748 ms - Host latency: 0.0386322 ms (enqueue 0.0240051 ms)
[04/30/2026-18:15:17] [I] Average on 10 runs - GPU latency: 0.0284546 ms - Host latency: 0.0386047 ms (enqueue 0.0233429 ms)
[04/30/2026-18:15:17] [I] Average on 10 runs - GPU latency: 0.0293549 ms - Host latency: 0.0396942 ms (enqueue 0.0245636 ms)
[04/30/2026-18:15:17] [I] Average on 10 runs - GPU latency: 0.0318573 ms - Host latency: 0.0414001 ms (enqueue 0.0267426 ms)
[04/30/2026-18:15:17] [I] Average on 10 runs - GPU latency: 0.0346741 ms - Host latency: 0.0451111 ms (enqueue 0.0316559 ms)
[04/30/2026-18:15:17] [I] Average on 10 runs - GPU latency: 0.0305603 ms - Host latency: 0.0407898 ms (enqueue 0.0253052 ms)
[04/30/2026-18:15:17] [I] Average on 10 runs - GPU latency: 0.0324615 ms - Host latency: 0.0423553 ms (enqueue 0.0282104 ms)
[04/30/2026-18:15:17] [I] Average on 10 runs - GPU latency: 0.0292328 ms - Host latency: 0.0385345 ms (enqueue 0.023938 ms)
[04/30/2026-18:15:17] [I] Average on 10 runs - GPU latency: 0.0296783 ms - Host latency: 0.0391571 ms (enqueue 0.0241913 ms)
[04/30/2026-18:15:17] [I] Average on 10 runs - GPU latency: 0.0285156 ms - Host latency: 0.0389252 ms (enqueue 0.0234436 ms)
[04/30/2026-18:15:17] [I] Average on 10 runs - GPU latency: 0.0385864 ms - Host latency: 0.0495453 ms (enqueue 0.0352448 ms)
[04/30/2026-18:15:17] [I] Average on 10 runs - GPU latency: 0.0389954 ms - Host latency: 0.0489349 ms (enqueue 0.0364197 ms)
[04/30/2026-18:15:17] [I] Average on 10 runs - GPU latency: 0.0398895 ms - Host latency: 0.0500153 ms (enqueue 0.0368195 ms)
[04/30/2026-18:15:17] [I] Average on 10 runs - GPU latency: 0.0422058 ms - Host latency: 0.0527435 ms (enqueue 0.0397552 ms)
[04/30/2026-18:15:17] [I] Average on 10 runs - GPU latency: 0.0316803 ms - Host latency: 0.0390625 ms (enqueue 0.0279175 ms)
[04/30/2026-18:15:17] [I] Average on 10 runs - GPU latency: 0.0313965 ms - Host latency: 0.0393585 ms (enqueue 0.0276581 ms)
[04/30/2026-18:15:17] [I] Average on 10 runs - GPU latency: 0.0300446 ms - Host latency: 0.0391449 ms (enqueue 0.0250366 ms)
[04/30/2026-18:15:17] [I] Average on 10 runs - GPU latency: 0.0289856 ms - Host latency: 0.0385956 ms (enqueue 0.0240967 ms)
[04/30/2026-18:15:17] [I] Average on 10 runs - GPU latency: 0.0290192 ms - Host latency: 0.0388855 ms (enqueue 0.0236359 ms)
[04/30/2026-18:15:17] [I] Average on 10 runs - GPU latency: 0.0287659 ms - Host latency: 0.0387634 ms (enqueue 0.0233459 ms)
[04/30/2026-18:15:17] [I] ... Omitting 56547 lines
[04/30/2026-18:15:17] [I] Average on 10 runs - GPU latency: 0.0286133 ms - Host latency: 0.0383545 ms (enqueue 0.023291 ms)
[04/30/2026-18:15:17] [I] Average on 10 runs - GPU latency: 0.0293457 ms - Host latency: 0.0392822 ms (enqueue 0.0246094 ms)
[04/30/2026-18:15:17] [I] Average on 10 runs - GPU latency: 0.0288574 ms - Host latency: 0.0384521 ms (enqueue 0.0233643 ms)
[04/30/2026-18:15:17] [I] Average on 10 runs - GPU latency: 0.0287109 ms - Host latency: 0.0384277 ms (enqueue 0.0231445 ms)
[04/30/2026-18:15:17] [I] Average on 10 runs - GPU latency: 0.0298828 ms - Host latency: 0.0392334 ms (enqueue 0.0240479 ms)
[04/30/2026-18:15:17] [I] Average on 10 runs - GPU latency: 0.0333496 ms - Host latency: 0.0420166 ms (enqueue 0.0287842 ms)
[04/30/2026-18:15:17] [I] Average on 10 runs - GPU latency: 0.0289795 ms - Host latency: 0.038623 ms (enqueue 0.0237793 ms)
[04/30/2026-18:15:17] [I] Average on 10 runs - GPU latency: 0.0286133 ms - Host latency: 0.0383545 ms (enqueue 0.0233398 ms)
[04/30/2026-18:15:17] [I] Average on 10 runs - GPU latency: 0.0287842 ms - Host latency: 0.0384766 ms (enqueue 0.0235596 ms)
[04/30/2026-18:15:17] [I] Average on 10 runs - GPU latency: 0.0284912 ms - Host latency: 0.0384277 ms (enqueue 0.0234375 ms)
[04/30/2026-18:15:17] [I] Average on 10 runs - GPU latency: 0.0285889 ms - Host latency: 0.0382324 ms (enqueue 0.0239502 ms)
[04/30/2026-18:15:17] [I] Average on 10 runs - GPU latency: 0.0291504 ms - Host latency: 0.0387695 ms (enqueue 0.0234131 ms)
[04/30/2026-18:15:17] [I] Average on 10 runs - GPU latency: 0.0285645 ms - Host latency: 0.0384521 ms (enqueue 0.023291 ms)
[04/30/2026-18:15:17] [I] Average on 10 runs - GPU latency: 0.0289307 ms - Host latency: 0.0389404 ms (enqueue 0.0235352 ms)
[04/30/2026-18:15:17] [I] Average on 10 runs - GPU latency: 0.0287109 ms - Host latency: 0.038501 ms (enqueue 0.0233154 ms)
[04/30/2026-18:15:17] [I] Average on 10 runs - GPU latency: 0.0291504 ms - Host latency: 0.0387939 ms (enqueue 0.0243896 ms)
[04/30/2026-18:15:17] [I] Average on 10 runs - GPU latency: 0.0287598 ms - Host latency: 0.0387207 ms (enqueue 0.0234863 ms)
[04/30/2026-18:15:17] [I] Average on 10 runs - GPU latency: 0.0286865 ms - Host latency: 0.0384766 ms (enqueue 0.0234375 ms)
[04/30/2026-18:15:17] [I] Average on 10 runs - GPU latency: 0.0303955 ms - Host latency: 0.0401123 ms (enqueue 0.0255371 ms)
[04/30/2026-18:15:17] [I] Average on 10 runs - GPU latency: 0.0286133 ms - Host latency: 0.0379883 ms (enqueue 0.0233398 ms)
[04/30/2026-18:15:17] [I] Average on 10 runs - GPU latency: 0.0297852 ms - Host latency: 0.0393799 ms (enqueue 0.0250732 ms)
[04/30/2026-18:15:17] [I] Average on 10 runs - GPU latency: 0.0289063 ms - Host latency: 0.0387695 ms (enqueue 0.0235107 ms)
[04/30/2026-18:15:17] [I] Average on 10 runs - GPU latency: 0.0290527 ms - Host latency: 0.0388428 ms (enqueue 0.0241455 ms)
[04/30/2026-18:15:17] [I] Average on 10 runs - GPU latency: 0.0289063 ms - Host latency: 0.0384766 ms (enqueue 0.0231201 ms)
[04/30/2026-18:15:17] [I] Average on 10 runs - GPU latency: 0.0296143 ms - Host latency: 0.0394775 ms (enqueue 0.0243164 ms)
[04/30/2026-18:15:17] [I] Average on 10 runs - GPU latency: 0.0289307 ms - Host latency: 0.0386963 ms (enqueue 0.0234375 ms)
[04/30/2026-18:15:17] [I] Average on 10 runs - GPU latency: 0.0295654 ms - Host latency: 0.0388672 ms (enqueue 0.027124 ms)
[04/30/2026-18:15:17] [I] Average on 10 runs - GPU latency: 0.0292725 ms - Host latency: 0.0385498 ms (enqueue 0.0239746 ms)
[04/30/2026-18:15:17] [I] Average on 10 runs - GPU latency: 0.0300293 ms - Host latency: 0.0401611 ms (enqueue 0.0251953 ms)
[04/30/2026-18:15:17] [I] Average on 10 runs - GPU latency: 0.0286621 ms - Host latency: 0.0391357 ms (enqueue 0.0239014 ms)
[04/30/2026-18:15:17] [I] Average on 10 runs - GPU latency: 0.0301758 ms - Host latency: 0.0402344 ms (enqueue 0.0256348 ms)
[04/30/2026-18:15:17] [I] Average on 10 runs - GPU latency: 0.0290039 ms - Host latency: 0.0391357 ms (enqueue 0.0233398 ms)
[04/30/2026-18:15:17] [I] Average on 10 runs - GPU latency: 0.0289551 ms - Host latency: 0.038623 ms (enqueue 0.0245361 ms)
[04/30/2026-18:15:17] [I] Average on 10 runs - GPU latency: 0.0290039 ms - Host latency: 0.039209 ms (enqueue 0.0238281 ms)
[04/30/2026-18:15:17] [I] Average on 10 runs - GPU latency: 0.0295166 ms - Host latency: 0.0394287 ms (enqueue 0.0243164 ms)
[04/30/2026-18:15:17] [I] Average on 10 runs - GPU latency: 0.0286377 ms - Host latency: 0.0388672 ms (enqueue 0.0236572 ms)
[04/30/2026-18:15:17] [I] Average on 10 runs - GPU latency: 0.0287109 ms - Host latency: 0.0389893 ms (enqueue 0.0233643 ms)
[04/30/2026-18:15:17] [I] Average on 10 runs - GPU latency: 0.0298828 ms - Host latency: 0.0399658 ms (enqueue 0.0248535 ms)
[04/30/2026-18:15:17] [I] Average on 10 runs - GPU latency: 0.0288574 ms - Host latency: 0.0388672 ms (enqueue 0.023291 ms)
[04/30/2026-18:15:17] [I] Average on 10 runs - GPU latency: 0.0297119 ms - Host latency: 0.0395264 ms (enqueue 0.0239258 ms)
[04/30/2026-18:15:17] [I] Average on 10 runs - GPU latency: 0.0287598 ms - Host latency: 0.0389648 ms (enqueue 0.0236328 ms)
[04/30/2026-18:15:17] [I] Average on 10 runs - GPU latency: 0.0289551 ms - Host latency: 0.0388184 ms (enqueue 0.0238037 ms)
[04/30/2026-18:15:17] [I] Average on 10 runs - GPU latency: 0.0287598 ms - Host latency: 0.038916 ms (enqueue 0.0234375 ms)
[04/30/2026-18:15:17] [I] Average on 10 runs - GPU latency: 0.039502 ms - Host latency: 0.0516357 ms (enqueue 0.0362061 ms)
[04/30/2026-18:15:17] [I] Average on 10 runs - GPU latency: 0.0480957 ms - Host latency: 0.0605225 ms (enqueue 0.045459 ms)
[04/30/2026-18:15:17] [I] Average on 10 runs - GPU latency: 0.0351074 ms - Host latency: 0.0463867 ms (enqueue 0.0309814 ms)
[04/30/2026-18:15:17] [I] Average on 10 runs - GPU latency: 0.0284668 ms - Host latency: 0.0385986 ms (enqueue 0.0236084 ms)
[04/30/2026-18:15:17] [I] Average on 10 runs - GPU latency: 0.0291504 ms - Host latency: 0.0389648 ms (enqueue 0.0239258 ms)
[04/30/2026-18:15:17] [I] Average on 10 runs - GPU latency: 0.0286133 ms - Host latency: 0.0391357 ms (enqueue 0.0235596 ms)
[04/30/2026-18:15:17] [I] Average on 10 runs - GPU latency: 0.0294678 ms - Host latency: 0.039624 ms (enqueue 0.0246338 ms)
[04/30/2026-18:15:17] [I] Average on 10 runs - GPU latency: 0.0288086 ms - Host latency: 0.0391846 ms (enqueue 0.0232178 ms)
[04/30/2026-18:15:17] [I] Average on 10 runs - GPU latency: 0.0285645 ms - Host latency: 0.0387939 ms (enqueue 0.023291 ms)
[04/30/2026-18:15:17] [I] Average on 10 runs - GPU latency: 0.0295898 ms - Host latency: 0.0399414 ms (enqueue 0.0245117 ms)
[04/30/2026-18:15:17] [I] Average on 10 runs - GPU latency: 0.0288818 ms - Host latency: 0.0390869 ms (enqueue 0.0231934 ms)
[04/30/2026-18:15:17] [I] Average on 10 runs - GPU latency: 0.0303467 ms - Host latency: 0.0405762 ms (enqueue 0.0245361 ms)
[04/30/2026-18:15:17] [I] Average on 10 runs - GPU latency: 0.0287109 ms - Host latency: 0.0389893 ms (enqueue 0.0233643 ms)
[04/30/2026-18:15:17] [I] Average on 10 runs - GPU latency: 0.0298828 ms - Host latency: 0.0399414 ms (enqueue 0.0252441 ms)
[04/30/2026-18:15:17] [I] Average on 10 runs - GPU latency: 0.0289307 ms - Host latency: 0.0390869 ms (enqueue 0.0233643 ms)
[04/30/2026-18:15:17] [I] Average on 10 runs - GPU latency: 0.0289063 ms - Host latency: 0.0391113 ms (enqueue 0.0236328 ms)
[04/30/2026-18:15:17] [I] Average on 10 runs - GPU latency: 0.0295898 ms - Host latency: 0.0398926 ms (enqueue 0.0246338 ms)
[04/30/2026-18:15:17] [I] Average on 10 runs - GPU latency: 0.028833 ms - Host latency: 0.0386475 ms (enqueue 0.0232422 ms)
[04/30/2026-18:15:17] [I] Average on 10 runs - GPU latency: 0.0292725 ms - Host latency: 0.038916 ms (enqueue 0.0260986 ms)
[04/30/2026-18:15:17] [I] Average on 10 runs - GPU latency: 0.0316162 ms - Host latency: 0.0408203 ms (enqueue 0.025415 ms)
[04/30/2026-18:15:17] [I] Average on 10 runs - GPU latency: 0.0298584 ms - Host latency: 0.0391113 ms (enqueue 0.0248291 ms)
[04/30/2026-18:15:17] [I] Average on 10 runs - GPU latency: 0.0303467 ms - Host latency: 0.0407227 ms (enqueue 0.0247559 ms)
[04/30/2026-18:15:17] [I] Average on 10 runs - GPU latency: 0.0287598 ms - Host latency: 0.0384033 ms (enqueue 0.0233398 ms)
[04/30/2026-18:15:17] [I] Average on 10 runs - GPU latency: 0.0302734 ms - Host latency: 0.0399902 ms (enqueue 0.0252686 ms)
[04/30/2026-18:15:17] [I] Average on 10 runs - GPU latency: 0.0287842 ms - Host latency: 0.038501 ms (enqueue 0.023291 ms)
[04/30/2026-18:15:17] [I] Average on 10 runs - GPU latency: 0.0373779 ms - Host latency: 0.0464111 ms (enqueue 0.034082 ms)
[04/30/2026-18:15:17] [I] Average on 10 runs - GPU latency: 0.0364746 ms - Host latency: 0.0451172 ms (enqueue 0.0341309 ms)
[04/30/2026-18:15:17] [I] Average on 10 runs - GPU latency: 0.0374756 ms - Host latency: 0.04646 ms (enqueue 0.034375 ms)
[04/30/2026-18:15:17] [I] Average on 10 runs - GPU latency: 0.0373535 ms - Host latency: 0.0458984 ms (enqueue 0.03479 ms)
[04/30/2026-18:15:17] [I] Average on 10 runs - GPU latency: 0.036377 ms - Host latency: 0.0449951 ms (enqueue 0.0339844 ms)
[04/30/2026-18:15:17] [I] Average on 10 runs - GPU latency: 0.0371582 ms - Host latency: 0.045874 ms (enqueue 0.0349854 ms)
[04/30/2026-18:15:17] [I] Average on 10 runs - GPU latency: 0.0347656 ms - Host latency: 0.0441162 ms (enqueue 0.0309814 ms)
[04/30/2026-18:15:17] [I] Average on 10 runs - GPU latency: 0.0317871 ms - Host latency: 0.0408936 ms (enqueue 0.0274658 ms)
[04/30/2026-18:15:17] [I] Average on 10 runs - GPU latency: 0.0300293 ms - Host latency: 0.0392334 ms (enqueue 0.0249268 ms)
[04/30/2026-18:15:17] [I] Average on 10 runs - GPU latency: 0.0290771 ms - Host latency: 0.0382324 ms (enqueue 0.0235596 ms)
[04/30/2026-18:15:17] [I] Average on 10 runs - GPU latency: 0.0285889 ms - Host latency: 0.0385254 ms (enqueue 0.023584 ms)
[04/30/2026-18:15:17] [I] Average on 10 runs - GPU latency: 0.0285156 ms - Host latency: 0.0387451 ms (enqueue 0.0232422 ms)
[04/30/2026-18:15:17] [I] Average on 10 runs - GPU latency: 0.0288086 ms - Host latency: 0.0385254 ms (enqueue 0.0246582 ms)
[04/30/2026-18:15:17] [I] Average on 10 runs - GPU latency: 0.0284912 ms - Host latency: 0.0382324 ms (enqueue 0.0234375 ms)
[04/30/2026-18:15:17] [I] Average on 10 runs - GPU latency: 0.0290283 ms - Host latency: 0.0384766 ms (enqueue 0.023999 ms)
[04/30/2026-18:15:17] [I] Average on 10 runs - GPU latency: 0.0286377 ms - Host latency: 0.0385254 ms (enqueue 0.0231445 ms)
[04/30/2026-18:15:17] [I] Average on 10 runs - GPU latency: 0.0322754 ms - Host latency: 0.0421875 ms (enqueue 0.0275391 ms)
[04/30/2026-18:15:17] [I] Average on 10 runs - GPU latency: 0.0292969 ms - Host latency: 0.0388916 ms (enqueue 0.0238037 ms)
[04/30/2026-18:15:17] [I] Average on 10 runs - GPU latency: 0.0285889 ms - Host latency: 0.0383545 ms (enqueue 0.0236084 ms)
[04/30/2026-18:15:17] [I] Average on 10 runs - GPU latency: 0.0291504 ms - Host latency: 0.0390137 ms (enqueue 0.0242187 ms)
[04/30/2026-18:15:17] [I] Average on 10 runs - GPU latency: 0.0288574 ms - Host latency: 0.0386963 ms (enqueue 0.0232178 ms)
[04/30/2026-18:15:17] [I] Average on 10 runs - GPU latency: 0.0294434 ms - Host latency: 0.0391602 ms (enqueue 0.023999 ms)
[04/30/2026-18:15:17] [I] Average on 10 runs - GPU latency: 0.0286377 ms - Host latency: 0.0382568 ms (enqueue 0.0233643 ms)
[04/30/2026-18:15:17] [I] Average on 10 runs - GPU latency: 0.0297852 ms - Host latency: 0.0395752 ms (enqueue 0.0256592 ms)
[04/30/2026-18:15:17] [I] Average on 10 runs - GPU latency: 0.0286621 ms - Host latency: 0.038916 ms (enqueue 0.0233643 ms)
[04/30/2026-18:15:17] [I] Average on 10 runs - GPU latency: 0.0288574 ms - Host latency: 0.0387939 ms (enqueue 0.0231934 ms)
[04/30/2026-18:15:17] [I] Average on 10 runs - GPU latency: 0.0297607 ms - Host latency: 0.0391846 ms (enqueue 0.0247803 ms)
[04/30/2026-18:15:17] [I] Average on 10 runs - GPU latency: 0.0287842 ms - Host latency: 0.0388672 ms (enqueue 0.0231689 ms)
[04/30/2026-18:15:17] [I] Average on 10 runs - GPU latency: 0.0324463 ms - Host latency: 0.0416504 ms (enqueue 0.0248535 ms)
[04/30/2026-18:15:17] [I] Average on 10 runs - GPU latency: 0.0346191 ms - Host latency: 0.045166 ms (enqueue 0.0302734 ms)
[04/30/2026-18:15:17] [I] Average on 10 runs - GPU latency: 0.0302734 ms - Host latency: 0.0400391 ms (enqueue 0.0249023 ms)
[04/30/2026-18:15:17] [I] Average on 10 runs - GPU latency: 0.0302246 ms - Host latency: 0.0400146 ms (enqueue 0.0252686 ms)
[04/30/2026-18:15:17] [I] Average on 10 runs - GPU latency: 0.0330566 ms - Host latency: 0.0428955 ms (enqueue 0.0294678 ms)
[04/30/2026-18:15:17] [I] Average on 10 runs - GPU latency: 0.0346924 ms - Host latency: 0.0450928 ms (enqueue 0.0301758 ms)
[04/30/2026-18:15:17] [I] Average on 10 runs - GPU latency: 0.0290527 ms - Host latency: 0.0385986 ms (enqueue 0.0269287 ms)
[04/30/2026-18:15:17] [I] Average on 10 runs - GPU latency: 0.0323975 ms - Host latency: 0.0435791 ms (enqueue 0.0285889 ms)
[04/30/2026-18:15:17] [I] Average on 10 runs - GPU latency: 0.029541 ms - Host latency: 0.0391846 ms (enqueue 0.0243408 ms)
[04/30/2026-18:15:17] [I] Average on 10 runs - GPU latency: 0.0293701 ms - Host latency: 0.0391357 ms (enqueue 0.0253662 ms)
[04/30/2026-18:15:17] [I] Average on 10 runs - GPU latency: 0.0289063 ms - Host latency: 0.0384766 ms (enqueue 0.023291 ms)
[04/30/2026-18:15:17] [I] Average on 10 runs - GPU latency: 0.0289063 ms - Host latency: 0.038501 ms (enqueue 0.0233398 ms)
[04/30/2026-18:15:17] [I] Average on 10 runs - GPU latency: 0.029834 ms - Host latency: 0.039624 ms (enqueue 0.0250732 ms)
[04/30/2026-18:15:17] [I] Average on 10 runs - GPU latency: 0.0286133 ms - Host latency: 0.0387451 ms (enqueue 0.0234375 ms)
[04/30/2026-18:15:17] [I] Average on 10 runs - GPU latency: 0.029126 ms - Host latency: 0.0389648 ms (enqueue 0.0246582 ms)
[04/30/2026-18:15:17] [I] Average on 10 runs - GPU latency: 0.030127 ms - Host latency: 0.0394775 ms (enqueue 0.0256592 ms)
[04/30/2026-18:15:17] [I] Average on 10 runs - GPU latency: 0.0314697 ms - Host latency: 0.0403564 ms (enqueue 0.0275635 ms)
[04/30/2026-18:15:17] [I] Average on 10 runs - GPU latency: 0.0286865 ms - Host latency: 0.038916 ms (enqueue 0.0234375 ms)
[04/30/2026-18:15:17] [I] Average on 10 runs - GPU latency: 0.0300049 ms - Host latency: 0.0392334 ms (enqueue 0.0248535 ms)
[04/30/2026-18:15:17] [I] Average on 10 runs - GPU latency: 0.0286133 ms - Host latency: 0.0384277 ms (enqueue 0.0232178 ms)
[04/30/2026-18:15:17] [I] Average on 10 runs - GPU latency: 0.029126 ms - Host latency: 0.0391357 ms (enqueue 0.0233154 ms)
[04/30/2026-18:15:17] [I] Average on 10 runs - GPU latency: 0.0294678 ms - Host latency: 0.0392334 ms (enqueue 0.0246582 ms)
[04/30/2026-18:15:17] [I] Average on 10 runs - GPU latency: 0.028418 ms - Host latency: 0.038208 ms (enqueue 0.0235596 ms)
[04/30/2026-18:15:17] [I] Average on 10 runs - GPU latency: 0.0293701 ms - Host latency: 0.038916 ms (enqueue 0.025293 ms)
[04/30/2026-18:15:17] [I] Average on 10 runs - GPU latency: 0.0286865 ms - Host latency: 0.0386475 ms (enqueue 0.023584 ms)
[04/30/2026-18:15:17] [I] Average on 10 runs - GPU latency: 0.0300293 ms - Host latency: 0.0400146 ms (enqueue 0.0251709 ms)
[04/30/2026-18:15:17] [I] Average on 10 runs - GPU latency: 0.0286133 ms - Host latency: 0.0384277 ms (enqueue 0.0234619 ms)
[04/30/2026-18:15:17] [I] Average on 10 runs - GPU latency: 0.0288086 ms - Host latency: 0.0387207 ms (enqueue 0.0231689 ms)
[04/30/2026-18:15:17] [I] Average on 10 runs - GPU latency: 0.0326172 ms - Host latency: 0.0423584 ms (enqueue 0.0285889 ms)
[04/30/2026-18:15:17] [I] Average on 10 runs - GPU latency: 0.0289063 ms - Host latency: 0.0386719 ms (enqueue 0.0233154 ms)
[04/30/2026-18:15:17] [I] Average on 10 runs - GPU latency: 0.0300049 ms - Host latency: 0.0398193 ms (enqueue 0.0251709 ms)
[04/30/2026-18:15:17] [I] Average on 10 runs - GPU latency: 0.0287842 ms - Host latency: 0.0385498 ms (enqueue 0.023584 ms)
[04/30/2026-18:15:17] [I] Average on 10 runs - GPU latency: 0.0300537 ms - Host latency: 0.0395752 ms (enqueue 0.025708 ms)
[04/30/2026-18:15:17] [I] Average on 10 runs - GPU latency: 0.0285889 ms - Host latency: 0.0385742 ms (enqueue 0.0232666 ms)
[04/30/2026-18:15:17] [I] Average on 10 runs - GPU latency: 0.029541 ms - Host latency: 0.0391357 ms (enqueue 0.0245605 ms)
[04/30/2026-18:15:17] [I] Average on 10 runs - GPU latency: 0.0293701 ms - Host latency: 0.0390137 ms (enqueue 0.023584 ms)
[04/30/2026-18:15:17] [I] Average on 10 runs - GPU latency: 0.0333496 ms - Host latency: 0.0441406 ms (enqueue 0.0266113 ms)
[04/30/2026-18:15:17] [I] Average on 10 runs - GPU latency: 0.0289063 ms - Host latency: 0.0388916 ms (enqueue 0.0233154 ms)
[04/30/2026-18:15:17] [I] Average on 10 runs - GPU latency: 0.029541 ms - Host latency: 0.0392578 ms (enqueue 0.0238281 ms)
[04/30/2026-18:15:17] [I] Average on 10 runs - GPU latency: 0.0289551 ms - Host latency: 0.0391602 ms (enqueue 0.0233643 ms)
[04/30/2026-18:15:17] [I] Average on 10 runs - GPU latency: 0.0296875 ms - Host latency: 0.0395264 ms (enqueue 0.0241455 ms)
[04/30/2026-18:15:17] [I] Average on 10 runs - GPU latency: 0.0289307 ms - Host latency: 0.0391113 ms (enqueue 0.0234863 ms)
[04/30/2026-18:15:17] [I] Average on 10 runs - GPU latency: 0.0291992 ms - Host latency: 0.0390137 ms (enqueue 0.0248535 ms)
[04/30/2026-18:15:17] [I] Average on 10 runs - GPU latency: 0.0294922 ms - Host latency: 0.0390625 ms (enqueue 0.0239746 ms)
[04/30/2026-18:15:17] [I] Average on 10 runs - GPU latency: 0.0295654 ms - Host latency: 0.039209 ms (enqueue 0.0241699 ms)
[04/30/2026-18:15:17] [I] Average on 10 runs - GPU latency: 0.0286377 ms - Host latency: 0.038916 ms (enqueue 0.0234863 ms)
[04/30/2026-18:15:17] [I] Average on 10 runs - GPU latency: 0.02854 ms - Host latency: 0.0388916 ms (enqueue 0.0233398 ms)
[04/30/2026-18:15:17] [I] Average on 10 runs - GPU latency: 0.0300537 ms - Host latency: 0.0406738 ms (enqueue 0.0247559 ms)
[04/30/2026-18:15:17] [I] Average on 10 runs - GPU latency: 0.0286377 ms - Host latency: 0.0388916 ms (enqueue 0.0236084 ms)
[04/30/2026-18:15:17] [I] Average on 10 runs - GPU latency: 0.0290283 ms - Host latency: 0.0389648 ms (enqueue 0.0251221 ms)
[04/30/2026-18:15:17] [I] Average on 10 runs - GPU latency: 0.0310303 ms - Host latency: 0.0411133 ms (enqueue 0.0261475 ms)
[04/30/2026-18:15:17] [I] Average on 10 runs - GPU latency: 0.0293945 ms - Host latency: 0.0397949 ms (enqueue 0.024292 ms)
[04/30/2026-18:15:17] [I] Average on 10 runs - GPU latency: 0.0309082 ms - Host latency: 0.0410645 ms (enqueue 0.0263184 ms)
[04/30/2026-18:15:17] [I] Average on 10 runs - GPU latency: 0.0324219 ms - Host latency: 0.0423096 ms (enqueue 0.0282227 ms)
[04/30/2026-18:15:17] [I] Average on 10 runs - GPU latency: 0.0286377 ms - Host latency: 0.0388184 ms (enqueue 0.0236328 ms)
[04/30/2026-18:15:17] [I] Average on 10 runs - GPU latency: 0.0291016 ms - Host latency: 0.0392578 ms (enqueue 0.0233398 ms)
[04/30/2026-18:15:17] [I] Average on 10 runs - GPU latency: 0.0297607 ms - Host latency: 0.0395508 ms (enqueue 0.0244141 ms)
[04/30/2026-18:15:17] [I] Average on 10 runs - GPU latency: 0.0289307 ms - Host latency: 0.0390137 ms (enqueue 0.0234863 ms)
[04/30/2026-18:15:17] [I] Average on 10 runs - GPU latency: 0.0295654 ms - Host latency: 0.0393555 ms (enqueue 0.0242187 ms)
[04/30/2026-18:15:17] [I] Average on 10 runs - GPU latency: 0.0287842 ms - Host latency: 0.0390625 ms (enqueue 0.0236328 ms)
[04/30/2026-18:15:17] [I] Average on 10 runs - GPU latency: 0.0289307 ms - Host latency: 0.0393066 ms (enqueue 0.0236816 ms)
[04/30/2026-18:15:17] [I] Average on 10 runs - GPU latency: 0.0290039 ms - Host latency: 0.0390869 ms (enqueue 0.0234619 ms)
[04/30/2026-18:15:17] [I] Average on 10 runs - GPU latency: 0.0289307 ms - Host latency: 0.0390381 ms (enqueue 0.023291 ms)
[04/30/2026-18:15:17] [I] Average on 10 runs - GPU latency: 0.029126 ms - Host latency: 0.0391113 ms (enqueue 0.0247314 ms)
[04/30/2026-18:15:17] [I] Average on 10 runs - GPU latency: 0.0288818 ms - Host latency: 0.0392334 ms (enqueue 0.0234863 ms)
[04/30/2026-18:15:17] [I] Average on 10 runs - GPU latency: 0.0298096 ms - Host latency: 0.039624 ms (enqueue 0.0242676 ms)
[04/30/2026-18:15:17] [I] Average on 10 runs - GPU latency: 0.0286621 ms - Host latency: 0.0388184 ms (enqueue 0.0236816 ms)
[04/30/2026-18:15:17] [I] Average on 10 runs - GPU latency: 0.0294434 ms - Host latency: 0.0399414 ms (enqueue 0.0243652 ms)
[04/30/2026-18:15:17] [I] Average on 10 runs - GPU latency: 0.0287354 ms - Host latency: 0.0390381 ms (enqueue 0.0235107 ms)
[04/30/2026-18:15:17] [I] Average on 10 runs - GPU latency: 0.0287354 ms - Host latency: 0.0388672 ms (enqueue 0.0235596 ms)
[04/30/2026-18:15:17] [I] Average on 10 runs - GPU latency: 0.0290771 ms - Host latency: 0.0395752 ms (enqueue 0.0238525 ms)
[04/30/2026-18:15:17] [I] Average on 10 runs - GPU latency: 0.0286621 ms - Host latency: 0.0387207 ms (enqueue 0.0233643 ms)
[04/30/2026-18:15:17] [I] Average on 10 runs - GPU latency: 0.0295166 ms - Host latency: 0.0390869 ms (enqueue 0.0240723 ms)
[04/30/2026-18:15:17] [I] Average on 10 runs - GPU latency: 0.0320312 ms - Host latency: 0.0423828 ms (enqueue 0.0255127 ms)
[04/30/2026-18:15:17] [I] Average on 10 runs - GPU latency: 0.0288818 ms - Host latency: 0.0383545 ms (enqueue 0.023877 ms)
[04/30/2026-18:15:17] [I] Average on 10 runs - GPU latency: 0.0290771 ms - Host latency: 0.038501 ms (enqueue 0.0234375 ms)
[04/30/2026-18:15:17] [I] Average on 10 runs - GPU latency: 0.0286377 ms - Host latency: 0.0383789 ms (enqueue 0.0235352 ms)
[04/30/2026-18:15:17] [I] Average on 10 runs - GPU latency: 0.0288574 ms - Host latency: 0.0387695 ms (enqueue 0.0241455 ms)
[04/30/2026-18:15:17] [I] Average on 10 runs - GPU latency: 0.0284424 ms - Host latency: 0.0382568 ms (enqueue 0.0236084 ms)
[04/30/2026-18:15:17] [I] Average on 10 runs - GPU latency: 0.0287842 ms - Host latency: 0.0383301 ms (enqueue 0.0240967 ms)
[04/30/2026-18:15:17] [I] Average on 10 runs - GPU latency: 0.0287109 ms - Host latency: 0.0384521 ms (enqueue 0.0231689 ms)
[04/30/2026-18:15:17] [I] Average on 10 runs - GPU latency: 0.0288574 ms - Host latency: 0.0383545 ms (enqueue 0.0243164 ms)
[04/30/2026-18:15:17] [I] Average on 10 runs - GPU latency: 0.0287354 ms - Host latency: 0.038623 ms (enqueue 0.0234375 ms)
[04/30/2026-18:15:17] [I] Average on 10 runs - GPU latency: 0.0288818 ms - Host latency: 0.0386475 ms (enqueue 0.0231445 ms)
[04/30/2026-18:15:17] [I] Average on 10 runs - GPU latency: 0.0283936 ms - Host latency: 0.0382324 ms (enqueue 0.023999 ms)
[04/30/2026-18:15:17] [I] Average on 10 runs - GPU latency: 0.0285645 ms - Host latency: 0.0385742 ms (enqueue 0.0233887 ms)
[04/30/2026-18:15:17] [I] Average on 10 runs - GPU latency: 0.0287354 ms - Host latency: 0.0384033 ms (enqueue 0.0234131 ms)
[04/30/2026-18:15:17] [I] Average on 10 runs - GPU latency: 0.0288818 ms - Host latency: 0.0384277 ms (enqueue 0.0232422 ms)
[04/30/2026-18:15:17] [I] Average on 10 runs - GPU latency: 0.0287354 ms - Host latency: 0.0385742 ms (enqueue 0.0241455 ms)
[04/30/2026-18:15:17] [I] Average on 10 runs - GPU latency: 0.0291992 ms - Host latency: 0.0389404 ms (enqueue 0.0234131 ms)
[04/30/2026-18:15:17] [I] Average on 10 runs - GPU latency: 0.028418 ms - Host latency: 0.038208 ms (enqueue 0.0234375 ms)
[04/30/2026-18:15:17] [I] Average on 10 runs - GPU latency: 0.0287109 ms - Host latency: 0.0381348 ms (enqueue 0.023999 ms)
[04/30/2026-18:15:17] [I] Average on 10 runs - GPU latency: 0.0284668 ms - Host latency: 0.038208 ms (enqueue 0.0236816 ms)
[04/30/2026-18:15:17] [I] Average on 10 runs - GPU latency: 0.0294434 ms - Host latency: 0.0390625 ms (enqueue 0.0244629 ms)
[04/30/2026-18:15:17] [I] Average on 10 runs - GPU latency: 0.0285156 ms - Host latency: 0.0385254 ms (enqueue 0.0233154 ms)
[04/30/2026-18:15:17] [I] Average on 10 runs - GPU latency: 0.0301758 ms - Host latency: 0.0396484 ms (enqueue 0.0255615 ms)
[04/30/2026-18:15:17] [I] Average on 10 runs - GPU latency: 0.0289551 ms - Host latency: 0.0390625 ms (enqueue 0.0234619 ms)
[04/30/2026-18:15:17] [I] Average on 10 runs - GPU latency: 0.0291748 ms - Host latency: 0.0388672 ms (enqueue 0.0240234 ms)
[04/30/2026-18:15:17] [I] Average on 10 runs - GPU latency: 0.0327637 ms - Host latency: 0.0423828 ms (enqueue 0.0277588 ms)
[04/30/2026-18:15:17] [I] Average on 10 runs - GPU latency: 0.0286377 ms - Host latency: 0.0385498 ms (enqueue 0.0233643 ms)
[04/30/2026-18:15:17] [I] Average on 10 runs - GPU latency: 0.0290283 ms - Host latency: 0.038623 ms (enqueue 0.0240479 ms)
[04/30/2026-18:15:17] [I] Average on 10 runs - GPU latency: 0.0287354 ms - Host latency: 0.0384033 ms (enqueue 0.0233398 ms)
[04/30/2026-18:15:17] [I] Average on 10 runs - GPU latency: 0.0285156 ms - Host latency: 0.0383301 ms (enqueue 0.0233398 ms)
[04/30/2026-18:15:17] [I] Average on 10 runs - GPU latency: 0.0286133 ms - Host latency: 0.0383789 ms (enqueue 0.0233398 ms)
[04/30/2026-18:15:17] [I]
[04/30/2026-18:15:17] [I] === Performance summary ===
[04/30/2026-18:15:17] [I] Throughput: 20181.8 qps
[04/30/2026-18:15:17] [I] Latency: min = 0.0341797 ms, max = 0.327393 ms, mean = 0.0410672 ms, median = 0.0390625 ms, percentile(90%) = 0.0461426 ms, percentile(95%) = 0.0480957 ms, percentile(99%) = 0.0690918 ms
[04/30/2026-18:15:17] [I] Enqueue Time: min = 0.0222168 ms, max = 0.151123 ms, mean = 0.0265295 ms, median = 0.0237427 ms, percentile(90%) = 0.034668 ms, percentile(95%) = 0.0362549 ms, percentile(99%) = 0.0484619 ms
[04/30/2026-18:15:17] [I] H2D Latency: min = 0.00238037 ms, max = 0.294189 ms, mean = 0.00422875 ms, median = 0.00402832 ms, percentile(90%) = 0.00500488 ms, percentile(95%) = 0.00512695 ms, percentile(99%) = 0.0057373 ms
[04/30/2026-18:15:17] [I] GPU Compute Time: min = 0.0273438 ms, max = 0.294891 ms, mean = 0.0313028 ms, median = 0.0288086 ms, percentile(90%) = 0.0368652 ms, percentile(95%) = 0.0388184 ms, percentile(99%) = 0.0534668 ms
[04/30/2026-18:15:17] [I] D2H Latency: min = 0.00317383 ms, max = 0.0717773 ms, mean = 0.00553671 ms, median = 0.00549316 ms, percentile(90%) = 0.00646973 ms, percentile(95%) = 0.0065918 ms, percentile(99%) = 0.00830078 ms
[04/30/2026-18:15:17] [I] Total Host Walltime: 3.00008 s
[04/30/2026-18:15:17] [I] Total GPU Compute Time: 1.89529 s
[04/30/2026-18:15:17] [W] * Throughput may be bound by Enqueue Time rather than GPU Compute and the GPU may be under-utilized.
[04/30/2026-18:15:17] [W]   If not already in use, --useCudaGraph (utilize CUDA graphs where possible) may increase the throughput.
[04/30/2026-18:15:17] [W] * GPU compute time is unstable, with coefficient of variance = 28.085%.
[04/30/2026-18:15:17] [W]   If not already in use, locking GPU clock frequency or adding --useSpinWait may improve the stability.
[04/30/2026-18:15:17] [I] Explanations of the performance metrics are printed in the verbose logs.
[04/30/2026-18:15:17] [I]
&&&& PASSED TensorRT.trtexec [TensorRT v101600] [b72] # trtexec --onnx=/work/github/trt-samples-for-hackathon-cn-wili/cookbook/00-Data/model/model-trained.onnx
