&&&& RUNNING TensorRT.trtexec [TensorRT v101601] [b11] # trtexec --loadEngine=./model-trained.trt --loadInputs=x:x.input.1.1.28.28.fp32.raw --dumpOutput
[07/07/2026-02:11:47] [I] TF32 is enabled by default. Add --noTF32 flag to further improve accuracy with some performance cost.
[07/07/2026-02:11:47] [I] === Model Options ===
[07/07/2026-02:11:47] [I] Format: *
[07/07/2026-02:11:47] [I] Model:
[07/07/2026-02:11:47] [I] Output:
[07/07/2026-02:11:47] [I]
[07/07/2026-02:11:47] [I] === System Options ===
[07/07/2026-02:11:47] [I] Device: 0
[07/07/2026-02:11:47] [I] DLACore:
[07/07/2026-02:11:47] [I] Loaded static plugins:
[07/07/2026-02:11:47] [I] setPluginsToSerialize:
[07/07/2026-02:11:47] [I] dynamicPlugins:
[07/07/2026-02:11:47] [I] ignoreParsedPluginLibs: 0
[07/07/2026-02:11:47] [I]
[07/07/2026-02:11:47] [I] === Inference Options ===
[07/07/2026-02:11:47] [I] Batch: Explicit
[07/07/2026-02:11:47] [I] Input inference shapes: model
[07/07/2026-02:11:47] [I] Iterations: 10
[07/07/2026-02:11:47] [I] Duration: 3s (+ 200ms warm up)
[07/07/2026-02:11:47] [I] Sleep time: 0ms
[07/07/2026-02:11:47] [I] Idle time: 0ms
[07/07/2026-02:11:47] [I] Inference Streams: 1
[07/07/2026-02:11:47] [I] ExposeDMA: Disabled
[07/07/2026-02:11:47] [I] Data transfers: Enabled
[07/07/2026-02:11:47] [I] Spin-wait: Disabled
[07/07/2026-02:11:47] [I] Multithreading: Disabled
[07/07/2026-02:11:47] [I] CUDA Graph: Disabled
[07/07/2026-02:11:47] [I] Separate profiling: Disabled
[07/07/2026-02:11:47] [I] Time Deserialize: Disabled
[07/07/2026-02:11:47] [I] Time Refit: Disabled
[07/07/2026-02:11:47] [I] NVTX verbosity: 0
[07/07/2026-02:11:47] [I] Persistent Cache Ratio: 0
[07/07/2026-02:11:47] [I] Optimization Profile Index: 0
[07/07/2026-02:11:47] [I] Weight Streaming Budget: 100.000000%
[07/07/2026-02:11:47] [I] Inputs:
[07/07/2026-02:11:47] [I] x<-x.input.1.1.28.28.fp32.raw
[07/07/2026-02:11:47] [I] Debug Tensor Save Destinations:
[07/07/2026-02:11:47] [I] Dump All Debug Tensor in Formats:
[07/07/2026-02:11:47] [I] === Reporting Options ===
[07/07/2026-02:11:47] [I] Verbose: Disabled
[07/07/2026-02:11:47] [I] Averages: 10 inferences
[07/07/2026-02:11:47] [I] Percentiles: 90,95,99
[07/07/2026-02:11:47] [I] Dump refittable layers:Disabled
[07/07/2026-02:11:47] [I] Dump output: Enabled
[07/07/2026-02:11:47] [I] Profile: Disabled
[07/07/2026-02:11:47] [I] Export timing to JSON file:
[07/07/2026-02:11:47] [I] Export output to JSON file:
[07/07/2026-02:11:47] [I] Export profile to JSON file:
[07/07/2026-02:11:47] [I]
[07/07/2026-02:11:47] [I] === Device Information ===
[07/07/2026-02:11:47] [I] Available Devices:
[07/07/2026-02:11:47] [I]   Device 0: "NVIDIA H100 PCIe" UUID: GPU-31e9692b-62b7-2d62-f0b1-f4195b568ac7
[07/07/2026-02:11:47] [I] Selected Device: NVIDIA H100 PCIe
[07/07/2026-02:11:47] [I] Selected Device ID: 0
[07/07/2026-02:11:47] [I] Selected Device UUID: GPU-31e9692b-62b7-2d62-f0b1-f4195b568ac7
[07/07/2026-02:11:47] [I] Compute Capability: 9.0
[07/07/2026-02:11:47] [I] SMs: 114
[07/07/2026-02:11:47] [I] Device Global Memory: 81081 MiB
[07/07/2026-02:11:47] [I] Shared Memory per SM: 228 KiB
[07/07/2026-02:11:47] [I] Memory Bus Width: 5120 bits (ECC enabled)
[07/07/2026-02:11:47] [I] Application Compute Clock Rate: 1.755 GHz
[07/07/2026-02:11:47] [I] Application Memory Clock Rate: 1.593 GHz
[07/07/2026-02:11:47] [I]
[07/07/2026-02:11:47] [I] Note: The application clock rates do not reflect the actual clock rates that the GPU is currently running at.
[07/07/2026-02:11:47] [I]
[07/07/2026-02:11:47] [I] TensorRT version: 10.16.1
[07/07/2026-02:11:47] [I] Loading standard plugins
[07/07/2026-02:11:47] [I] [TRT] Loaded engine size: 6 MiB
[07/07/2026-02:11:47] [I] Engine deserialized in 0.0246159 sec.
[07/07/2026-02:11:47] [I] [TRT] [MemUsageChange] TensorRT-managed allocation in IExecutionContext creation: CPU +0, GPU +2, now: CPU 0, GPU 8 (MiB)
[07/07/2026-02:11:47] [I] Setting persistentCacheLimit to 0 bytes.
[07/07/2026-02:11:47] [W] Shape missing for input with dynamic shape: xAutomatically setting shape to: 1x1x28x28
[07/07/2026-02:11:47] [I] Set shape of input tensor x to: 1x1x28x28
[07/07/2026-02:11:47] [I] Created execution context with device memory size: 1.91406 MiB
[07/07/2026-02:11:47] [I] Using values loaded from x.input.1.1.28.28.fp32.raw for input x
[07/07/2026-02:11:47] [I] Input binding for x with dimensions 1x1x28x28 and type fp32 is created.
[07/07/2026-02:11:47] [I] Output binding for y with dimensions 1x10 and type fp32 is created.
[07/07/2026-02:11:47] [I] Output binding for z with dimensions 1 and type int64 is created.
[07/07/2026-02:11:47] [I] Starting inference
[07/07/2026-02:11:51] [I] Warmup completed 2478 queries over 200 ms
[07/07/2026-02:11:51] [I] Timing trace has 38295 queries over 3.00011 s
[07/07/2026-02:11:51] [I]
[07/07/2026-02:11:51] [I] === Trace details ===
[07/07/2026-02:11:51] [I] Trace averages of 10 runs:
[07/07/2026-02:11:51] [I] Average on 10 runs - GPU latency: 0.0499619 ms - Host latency: 0.0581894 ms (enqueue 0.0420563 ms)
[07/07/2026-02:11:51] [I] Average on 10 runs - GPU latency: 0.0543732 ms - Host latency: 0.0624771 ms (enqueue 0.0424896 ms)
[07/07/2026-02:11:51] [I] Average on 10 runs - GPU latency: 0.0523941 ms - Host latency: 0.0604645 ms (enqueue 0.0417343 ms)
[07/07/2026-02:11:51] [I] Average on 10 runs - GPU latency: 0.0514999 ms - Host latency: 0.0599945 ms (enqueue 0.0421356 ms)
[07/07/2026-02:11:51] [I] Average on 10 runs - GPU latency: 0.0502701 ms - Host latency: 0.0586014 ms (enqueue 0.0418198 ms)
[07/07/2026-02:11:51] [I] Average on 10 runs - GPU latency: 0.0526093 ms - Host latency: 0.0606766 ms (enqueue 0.0423355 ms)
[07/07/2026-02:11:51] [I] Average on 10 runs - GPU latency: 0.0531052 ms - Host latency: 0.0614746 ms (enqueue 0.0431824 ms)
[07/07/2026-02:11:51] [I] Average on 10 runs - GPU latency: 0.0494537 ms - Host latency: 0.0579346 ms (enqueue 0.0418076 ms)
[07/07/2026-02:11:51] [I] Average on 10 runs - GPU latency: 0.0518707 ms - Host latency: 0.0600098 ms (enqueue 0.0421432 ms)
[07/07/2026-02:11:51] [I] Average on 10 runs - GPU latency: 0.0536453 ms - Host latency: 0.061644 ms (enqueue 0.0423248 ms)
[07/07/2026-02:11:51] [I] Average on 10 runs - GPU latency: 0.0538528 ms - Host latency: 0.0619293 ms (enqueue 0.0420242 ms)
[07/07/2026-02:11:51] [I] Average on 10 runs - GPU latency: 0.0536407 ms - Host latency: 0.0616791 ms (enqueue 0.0413284 ms)
[07/07/2026-02:11:51] [I] Average on 10 runs - GPU latency: 0.0525391 ms - Host latency: 0.0606445 ms (enqueue 0.041568 ms)
[07/07/2026-02:11:51] [I] Average on 10 runs - GPU latency: 0.0524475 ms - Host latency: 0.0605957 ms (enqueue 0.0415222 ms)
[07/07/2026-02:11:51] [I] Average on 10 runs - GPU latency: 0.0526031 ms - Host latency: 0.0607162 ms (enqueue 0.0423264 ms)
[07/07/2026-02:11:51] [I] Average on 10 runs - GPU latency: 0.0522003 ms - Host latency: 0.0603378 ms (enqueue 0.0420273 ms)
[07/07/2026-02:11:51] [I] Average on 10 runs - GPU latency: 0.0513428 ms - Host latency: 0.0597565 ms (enqueue 0.0415131 ms)
[07/07/2026-02:11:51] [I] Average on 10 runs - GPU latency: 0.0538712 ms - Host latency: 0.061972 ms (enqueue 0.0425919 ms)
[07/07/2026-02:11:51] [I] Average on 10 runs - GPU latency: 0.0531204 ms - Host latency: 0.0613419 ms (enqueue 0.0414719 ms)
[07/07/2026-02:11:51] [I] Average on 10 runs - GPU latency: 0.0526932 ms - Host latency: 0.0610138 ms (enqueue 0.042215 ms)
[07/07/2026-02:11:51] [I] Average on 10 runs - GPU latency: 0.053299 ms - Host latency: 0.0613953 ms (enqueue 0.0420059 ms)
[07/07/2026-02:11:51] [I] Average on 10 runs - GPU latency: 0.0532837 ms - Host latency: 0.0613861 ms (enqueue 0.0415665 ms)
[07/07/2026-02:11:51] [I] Average on 10 runs - GPU latency: 0.0529282 ms - Host latency: 0.0610397 ms (enqueue 0.0419678 ms)
[07/07/2026-02:11:51] [I] Average on 10 runs - GPU latency: 0.0545486 ms - Host latency: 0.0624771 ms (enqueue 0.0422607 ms)
[07/07/2026-02:11:51] [I] Average on 10 runs - GPU latency: 0.0522003 ms - Host latency: 0.0604279 ms (enqueue 0.0422684 ms)
[07/07/2026-02:11:51] [I] Average on 10 runs - GPU latency: 0.0511749 ms - Host latency: 0.059314 ms (enqueue 0.0416794 ms)
[07/07/2026-02:11:51] [I] Average on 10 runs - GPU latency: 0.050737 ms - Host latency: 0.0589279 ms (enqueue 0.0420944 ms)
[07/07/2026-02:11:51] [I] Average on 10 runs - GPU latency: 0.0522827 ms - Host latency: 0.0610458 ms (enqueue 0.0419251 ms)
[07/07/2026-02:11:51] [I] Average on 10 runs - GPU latency: 0.0531128 ms - Host latency: 0.0612869 ms (enqueue 0.0423279 ms)
[07/07/2026-02:11:51] [I] Average on 10 runs - GPU latency: 0.0511597 ms - Host latency: 0.0594025 ms (enqueue 0.0423065 ms)
[07/07/2026-02:11:51] [I] Average on 10 runs - GPU latency: 0.0506165 ms - Host latency: 0.0589371 ms (enqueue 0.0415924 ms)
[07/07/2026-02:11:51] [I] Average on 10 runs - GPU latency: 0.0540253 ms - Host latency: 0.062088 ms (enqueue 0.0425323 ms)
[07/07/2026-02:11:51] [I] Average on 10 runs - GPU latency: 0.0539124 ms - Host latency: 0.0620911 ms (enqueue 0.0417938 ms)
[07/07/2026-02:11:51] [I] Average on 10 runs - GPU latency: 0.0513092 ms - Host latency: 0.0595444 ms (enqueue 0.0422272 ms)
[07/07/2026-02:11:51] [I] Average on 10 runs - GPU latency: 0.0552307 ms - Host latency: 0.0643814 ms (enqueue 0.0479675 ms)
[07/07/2026-02:11:51] [I] Average on 10 runs - GPU latency: 0.0539841 ms - Host latency: 0.0621582 ms (enqueue 0.0417374 ms)
[07/07/2026-02:11:51] [I] Average on 10 runs - GPU latency: 0.0514481 ms - Host latency: 0.0607834 ms (enqueue 0.042868 ms)
[07/07/2026-02:11:51] [I] Average on 10 runs - GPU latency: 0.0529022 ms - Host latency: 0.0611725 ms (enqueue 0.0432571 ms)
[07/07/2026-02:11:51] [I] Average on 10 runs - GPU latency: 0.0523483 ms - Host latency: 0.0605087 ms (enqueue 0.0433167 ms)
[07/07/2026-02:11:51] [I] Average on 10 runs - GPU latency: 0.0521881 ms - Host latency: 0.0605072 ms (enqueue 0.0426758 ms)
[07/07/2026-02:11:51] [I] Average on 10 runs - GPU latency: 0.0542648 ms - Host latency: 0.0624069 ms (enqueue 0.0409729 ms)
[07/07/2026-02:11:51] [I] Average on 10 runs - GPU latency: 0.0553268 ms - Host latency: 0.0633591 ms (enqueue 0.0426437 ms)
[07/07/2026-02:11:51] [I] Average on 10 runs - GPU latency: 0.0540268 ms - Host latency: 0.0619705 ms (enqueue 0.0424026 ms)
[07/07/2026-02:11:51] [I] Average on 10 runs - GPU latency: 0.0549667 ms - Host latency: 0.0628952 ms (enqueue 0.042807 ms)
[07/07/2026-02:11:51] [I] Average on 10 runs - GPU latency: 0.0543961 ms - Host latency: 0.0624313 ms (enqueue 0.0419601 ms)
[07/07/2026-02:11:51] [I] Average on 10 runs - GPU latency: 0.0548248 ms - Host latency: 0.0627304 ms (enqueue 0.0410355 ms)
[07/07/2026-02:11:51] [I] Average on 10 runs - GPU latency: 0.0555298 ms - Host latency: 0.0634705 ms (enqueue 0.0428375 ms)
[07/07/2026-02:11:51] [I] Average on 10 runs - GPU latency: 0.0557373 ms - Host latency: 0.0667435 ms (enqueue 0.0421738 ms)
[07/07/2026-02:11:51] [I] Average on 10 runs - GPU latency: 0.053775 ms - Host latency: 0.0618622 ms (enqueue 0.041806 ms)
[07/07/2026-02:11:51] [I] Average on 10 runs - GPU latency: 0.0551239 ms - Host latency: 0.0630463 ms (enqueue 0.0419876 ms)
[07/07/2026-02:11:51] [I] Average on 10 runs - GPU latency: 0.054277 ms - Host latency: 0.0622681 ms (enqueue 0.0411697 ms)
[07/07/2026-02:11:51] [I] Average on 10 runs - GPU latency: 0.0554123 ms - Host latency: 0.0633194 ms (enqueue 0.0419113 ms)
[07/07/2026-02:11:51] [I] Average on 10 runs - GPU latency: 0.0543488 ms - Host latency: 0.0623978 ms (enqueue 0.0419678 ms)
[07/07/2026-02:11:51] [I] Average on 10 runs - GPU latency: 0.0540497 ms - Host latency: 0.0620102 ms (enqueue 0.0417252 ms)
[07/07/2026-02:11:51] [I] Average on 10 runs - GPU latency: 0.0545853 ms - Host latency: 0.0625519 ms (enqueue 0.04207 ms)
[07/07/2026-02:11:51] [I] Average on 10 runs - GPU latency: 0.0540161 ms - Host latency: 0.0619232 ms (enqueue 0.0406708 ms)
[07/07/2026-02:11:51] [I] Average on 10 runs - GPU latency: 0.0543106 ms - Host latency: 0.0629868 ms (enqueue 0.0413452 ms)
[07/07/2026-02:11:51] [I] Average on 10 runs - GPU latency: 0.05504 ms - Host latency: 0.0661026 ms (enqueue 0.042157 ms)
[07/07/2026-02:11:51] [I] Average on 10 runs - GPU latency: 0.054715 ms - Host latency: 0.0627579 ms (enqueue 0.042598 ms)
[07/07/2026-02:11:51] [I] Average on 10 runs - GPU latency: 0.0550049 ms - Host latency: 0.0629913 ms (enqueue 0.041951 ms)
[07/07/2026-02:11:51] [I] Average on 10 runs - GPU latency: 0.052832 ms - Host latency: 0.060817 ms (enqueue 0.0407471 ms)
[07/07/2026-02:11:51] [I] Average on 10 runs - GPU latency: 0.0549362 ms - Host latency: 0.0628113 ms (enqueue 0.0409637 ms)
[07/07/2026-02:11:51] [I] Average on 10 runs - GPU latency: 0.0539841 ms - Host latency: 0.0619934 ms (enqueue 0.0421982 ms)
[07/07/2026-02:11:51] [I] Average on 10 runs - GPU latency: 0.0545883 ms - Host latency: 0.0625381 ms (enqueue 0.0416962 ms)
[07/07/2026-02:11:51] [I] Average on 10 runs - GPU latency: 0.0541595 ms - Host latency: 0.0622086 ms (enqueue 0.0417786 ms)
[07/07/2026-02:11:51] [I] Average on 10 runs - GPU latency: 0.0530533 ms - Host latency: 0.0610214 ms (enqueue 0.04104 ms)
[07/07/2026-02:11:51] [I] Average on 10 runs - GPU latency: 0.0530441 ms - Host latency: 0.0612396 ms (enqueue 0.0423767 ms)
[07/07/2026-02:11:51] [I] Average on 10 runs - GPU latency: 0.0530426 ms - Host latency: 0.0611145 ms (enqueue 0.0407944 ms)
[07/07/2026-02:11:51] [I] Average on 10 runs - GPU latency: 0.0536743 ms - Host latency: 0.0647339 ms (enqueue 0.0423141 ms)
[07/07/2026-02:11:51] [I] Average on 10 runs - GPU latency: 0.0546997 ms - Host latency: 0.0626221 ms (enqueue 0.0418213 ms)
[07/07/2026-02:11:51] [I] Average on 10 runs - GPU latency: 0.0518494 ms - Host latency: 0.0599213 ms (enqueue 0.0409164 ms)
[07/07/2026-02:11:51] [I] Average on 10 runs - GPU latency: 0.054718 ms - Host latency: 0.0627533 ms (enqueue 0.0427979 ms)
[07/07/2026-02:11:51] [I] Average on 10 runs - GPU latency: 0.0520264 ms - Host latency: 0.0603149 ms (enqueue 0.0419647 ms)
[07/07/2026-02:11:51] [I] Average on 10 runs - GPU latency: 0.0550629 ms - Host latency: 0.0630035 ms (enqueue 0.042038 ms)
[07/07/2026-02:11:51] [I] Average on 10 runs - GPU latency: 0.0540497 ms - Host latency: 0.0620514 ms (enqueue 0.0414581 ms)
[07/07/2026-02:11:51] [I] Average on 10 runs - GPU latency: 0.0528931 ms - Host latency: 0.0609039 ms (enqueue 0.0407471 ms)
[07/07/2026-02:11:51] [I] Average on 10 runs - GPU latency: 0.0536346 ms - Host latency: 0.0617188 ms (enqueue 0.041922 ms)
[07/07/2026-02:11:51] [I] Average on 10 runs - GPU latency: 0.0529816 ms - Host latency: 0.061142 ms (enqueue 0.0410522 ms)
[07/07/2026-02:11:51] [I] Average on 10 runs - GPU latency: 0.0547607 ms - Host latency: 0.0627472 ms (enqueue 0.0416992 ms)
[07/07/2026-02:11:51] [I] Average on 10 runs - GPU latency: 0.053894 ms - Host latency: 0.0618866 ms (enqueue 0.0415741 ms)
[07/07/2026-02:11:51] [I] Average on 10 runs - GPU latency: 0.0541077 ms - Host latency: 0.0620728 ms (enqueue 0.0407776 ms)
[07/07/2026-02:11:51] [I] Average on 10 runs - GPU latency: 0.0544708 ms - Host latency: 0.0624542 ms (enqueue 0.0412689 ms)
[07/07/2026-02:11:51] [I] Average on 10 runs - GPU latency: 0.0557404 ms - Host latency: 0.0636139 ms (enqueue 0.0419281 ms)
[07/07/2026-02:11:51] [I] Average on 10 runs - GPU latency: 0.0547577 ms - Host latency: 0.0626404 ms (enqueue 0.0410065 ms)
[07/07/2026-02:11:51] [I] Average on 10 runs - GPU latency: 0.0549957 ms - Host latency: 0.0628601 ms (enqueue 0.0414978 ms)
[07/07/2026-02:11:51] [I] Average on 10 runs - GPU latency: 0.0547638 ms - Host latency: 0.0626556 ms (enqueue 0.0410675 ms)
[07/07/2026-02:11:51] [I] Average on 10 runs - GPU latency: 0.0546936 ms - Host latency: 0.0625885 ms (enqueue 0.0408539 ms)
[07/07/2026-02:11:51] [I] Average on 10 runs - GPU latency: 0.0544037 ms - Host latency: 0.062616 ms (enqueue 0.0419922 ms)
[07/07/2026-02:11:51] [I] Average on 10 runs - GPU latency: 0.0541016 ms - Host latency: 0.0620941 ms (enqueue 0.0411133 ms)
[07/07/2026-02:11:51] [I] Average on 10 runs - GPU latency: 0.0545776 ms - Host latency: 0.0624908 ms (enqueue 0.0406433 ms)
[07/07/2026-02:11:51] [I] Average on 10 runs - GPU latency: 0.0545166 ms - Host latency: 0.0624054 ms (enqueue 0.0406738 ms)
[07/07/2026-02:11:51] [I] Average on 10 runs - GPU latency: 0.0542511 ms - Host latency: 0.0622223 ms (enqueue 0.0413361 ms)
[07/07/2026-02:11:51] [I] Average on 10 runs - GPU latency: 0.0540924 ms - Host latency: 0.0621765 ms (enqueue 0.0409515 ms)
[07/07/2026-02:11:51] [I] Average on 10 runs - GPU latency: 0.0545136 ms - Host latency: 0.0623932 ms (enqueue 0.0406189 ms)
[07/07/2026-02:11:51] [I] Average on 10 runs - GPU latency: 0.0532593 ms - Host latency: 0.0612305 ms (enqueue 0.0405487 ms)
[07/07/2026-02:11:51] [I] Average on 10 runs - GPU latency: 0.0533173 ms - Host latency: 0.0613251 ms (enqueue 0.0412628 ms)
[07/07/2026-02:11:51] [I] Average on 10 runs - GPU latency: 0.0545685 ms - Host latency: 0.0624908 ms (enqueue 0.0414307 ms)
[07/07/2026-02:11:51] [I] Average on 10 runs - GPU latency: 0.0536377 ms - Host latency: 0.0616302 ms (enqueue 0.0411896 ms)
[07/07/2026-02:11:51] [I] Average on 10 runs - GPU latency: 0.0534027 ms - Host latency: 0.0614105 ms (enqueue 0.0414398 ms)
[07/07/2026-02:11:51] [I] Average on 10 runs - GPU latency: 0.053714 ms - Host latency: 0.0617157 ms (enqueue 0.0407166 ms)
[07/07/2026-02:11:51] [I] Average on 10 runs - GPU latency: 0.053418 ms - Host latency: 0.0614319 ms (enqueue 0.0416351 ms)
[07/07/2026-02:11:51] [I] Average on 10 runs - GPU latency: 0.0533417 ms - Host latency: 0.0613373 ms (enqueue 0.0409576 ms)
[07/07/2026-02:11:51] [I] Average on 10 runs - GPU latency: 0.0549103 ms - Host latency: 0.065683 ms (enqueue 0.0414734 ms)
[07/07/2026-02:11:51] [I] Average on 10 runs - GPU latency: 0.0535339 ms - Host latency: 0.061496 ms (enqueue 0.0408813 ms)
[07/07/2026-02:11:51] [I] Average on 10 runs - GPU latency: 0.0534424 ms - Host latency: 0.0615082 ms (enqueue 0.0407043 ms)
[07/07/2026-02:11:51] [I] Average on 10 runs - GPU latency: 0.0531769 ms - Host latency: 0.0612213 ms (enqueue 0.0414978 ms)
[07/07/2026-02:11:51] [I] Average on 10 runs - GPU latency: 0.0540955 ms - Host latency: 0.062085 ms (enqueue 0.0417206 ms)
[07/07/2026-02:11:51] [I] Average on 10 runs - GPU latency: 0.0525482 ms - Host latency: 0.0605865 ms (enqueue 0.041217 ms)
[07/07/2026-02:11:51] [I] Average on 10 runs - GPU latency: 0.0547424 ms - Host latency: 0.0626923 ms (enqueue 0.0419342 ms)
[07/07/2026-02:11:51] [I] Average on 10 runs - GPU latency: 0.0541687 ms - Host latency: 0.0621246 ms (enqueue 0.0410858 ms)
[07/07/2026-02:11:51] [I] Average on 10 runs - GPU latency: 0.0524261 ms - Host latency: 0.0605072 ms (enqueue 0.0411957 ms)
[07/07/2026-02:11:51] [I] Average on 10 runs - GPU latency: 0.0530151 ms - Host latency: 0.0611511 ms (enqueue 0.0416107 ms)
[07/07/2026-02:11:51] [I] Average on 10 runs - GPU latency: 0.0543884 ms - Host latency: 0.0623749 ms (enqueue 0.0419952 ms)
[07/07/2026-02:11:51] [I] Average on 10 runs - GPU latency: 0.0537231 ms - Host latency: 0.0616577 ms (enqueue 0.0406281 ms)
[07/07/2026-02:11:51] [I] Average on 10 runs - GPU latency: 0.0542725 ms - Host latency: 0.0621887 ms (enqueue 0.041449 ms)
[07/07/2026-02:11:51] [I] Average on 10 runs - GPU latency: 0.0537567 ms - Host latency: 0.0617737 ms (enqueue 0.0420654 ms)
[07/07/2026-02:11:51] [I] Average on 10 runs - GPU latency: 0.0550812 ms - Host latency: 0.063092 ms (enqueue 0.0420929 ms)
[07/07/2026-02:11:51] [I] Average on 10 runs - GPU latency: 0.0545807 ms - Host latency: 0.0625031 ms (enqueue 0.0411469 ms)
[07/07/2026-02:11:51] [I] Average on 10 runs - GPU latency: 0.0537842 ms - Host latency: 0.0617279 ms (enqueue 0.0407715 ms)
[07/07/2026-02:11:51] [I] Average on 10 runs - GPU latency: 0.054715 ms - Host latency: 0.0626434 ms (enqueue 0.0419037 ms)
[07/07/2026-02:11:51] [I] Average on 10 runs - GPU latency: 0.0563293 ms - Host latency: 0.0655151 ms (enqueue 0.0439026 ms)
[07/07/2026-02:11:51] [I] Average on 10 runs - GPU latency: 0.0549133 ms - Host latency: 0.0628265 ms (enqueue 0.0420105 ms)
[07/07/2026-02:11:51] [I] Average on 10 runs - GPU latency: 0.0537109 ms - Host latency: 0.061731 ms (enqueue 0.0413971 ms)
[07/07/2026-02:11:51] [I] Average on 10 runs - GPU latency: 0.0547638 ms - Host latency: 0.0626221 ms (enqueue 0.0409058 ms)
[07/07/2026-02:11:51] [I] Average on 10 runs - GPU latency: 0.0528198 ms - Host latency: 0.060968 ms (enqueue 0.0416748 ms)
[07/07/2026-02:11:51] [I] Average on 10 runs - GPU latency: 0.0547882 ms - Host latency: 0.0626801 ms (enqueue 0.0412537 ms)
[07/07/2026-02:11:51] [I] Average on 10 runs - GPU latency: 0.0551483 ms - Host latency: 0.0637085 ms (enqueue 0.0416504 ms)
[07/07/2026-02:11:51] [I] Average on 10 runs - GPU latency: 0.0536591 ms - Host latency: 0.0617981 ms (enqueue 0.0418274 ms)
[07/07/2026-02:11:51] [I] Average on 10 runs - GPU latency: 0.0544617 ms - Host latency: 0.062384 ms (enqueue 0.0405701 ms)
[07/07/2026-02:11:51] [I] Average on 10 runs - GPU latency: 0.0530914 ms - Host latency: 0.0611755 ms (enqueue 0.0412384 ms)
[07/07/2026-02:11:51] [I] Average on 10 runs - GPU latency: 0.0554657 ms - Host latency: 0.0633362 ms (enqueue 0.0420441 ms)
[07/07/2026-02:11:51] [I] Average on 10 runs - GPU latency: 0.0536072 ms - Host latency: 0.061554 ms (enqueue 0.0411163 ms)
[07/07/2026-02:11:51] [I] Average on 10 runs - GPU latency: 0.0545349 ms - Host latency: 0.0624908 ms (enqueue 0.0425293 ms)
[07/07/2026-02:11:51] [I] Average on 10 runs - GPU latency: 0.0528839 ms - Host latency: 0.0610626 ms (enqueue 0.0408234 ms)
[07/07/2026-02:11:51] [I] Average on 10 runs - GPU latency: 0.0530457 ms - Host latency: 0.0612213 ms (enqueue 0.0415955 ms)
[07/07/2026-02:11:51] [I] Average on 10 runs - GPU latency: 0.050473 ms - Host latency: 0.058905 ms (enqueue 0.0408295 ms)
[07/07/2026-02:11:51] [I] Average on 10 runs - GPU latency: 0.0534027 ms - Host latency: 0.0613831 ms (enqueue 0.0416534 ms)
[07/07/2026-02:11:51] [I] Average on 10 runs - GPU latency: 0.0548737 ms - Host latency: 0.0627838 ms (enqueue 0.0417572 ms)
[07/07/2026-02:11:51] [I] Average on 10 runs - GPU latency: 0.0533112 ms - Host latency: 0.061319 ms (enqueue 0.0407532 ms)
[07/07/2026-02:11:51] [I] Average on 10 runs - GPU latency: 0.0526154 ms - Host latency: 0.0606262 ms (enqueue 0.04104 ms)
[07/07/2026-02:11:51] [I] Average on 10 runs - GPU latency: 0.055188 ms - Host latency: 0.0630798 ms (enqueue 0.0425629 ms)
[07/07/2026-02:11:51] [I] Average on 10 runs - GPU latency: 0.0542206 ms - Host latency: 0.0621551 ms (enqueue 0.0412567 ms)
[07/07/2026-02:11:51] [I] Average on 10 runs - GPU latency: 0.0545715 ms - Host latency: 0.0626038 ms (enqueue 0.0416138 ms)
[07/07/2026-02:11:51] [I] Average on 10 runs - GPU latency: 0.0526886 ms - Host latency: 0.0606873 ms (enqueue 0.0407196 ms)
[07/07/2026-02:11:51] [I] Average on 10 runs - GPU latency: 0.0535889 ms - Host latency: 0.0616394 ms (enqueue 0.0418549 ms)
[07/07/2026-02:11:51] [I] Average on 10 runs - GPU latency: 0.0536865 ms - Host latency: 0.061676 ms (enqueue 0.0412384 ms)
[07/07/2026-02:11:51] [I] Average on 10 runs - GPU latency: 0.0545685 ms - Host latency: 0.0624847 ms (enqueue 0.041684 ms)
[07/07/2026-02:11:51] [I] Average on 10 runs - GPU latency: 0.0537201 ms - Host latency: 0.0616058 ms (enqueue 0.0406677 ms)
[07/07/2026-02:11:51] [I] Average on 10 runs - GPU latency: 0.0536407 ms - Host latency: 0.0624329 ms (enqueue 0.0411865 ms)
[07/07/2026-02:11:51] [I] Average on 10 runs - GPU latency: 0.052655 ms - Host latency: 0.0608887 ms (enqueue 0.0407776 ms)
[07/07/2026-02:11:51] [I] Average on 10 runs - GPU latency: 0.0542175 ms - Host latency: 0.0622345 ms (enqueue 0.0414581 ms)
[07/07/2026-02:11:51] [I] Average on 10 runs - GPU latency: 0.053653 ms - Host latency: 0.0625427 ms (enqueue 0.0413452 ms)
[07/07/2026-02:11:51] [I] Average on 10 runs - GPU latency: 0.0545776 ms - Host latency: 0.0624573 ms (enqueue 0.0408203 ms)
[07/07/2026-02:11:51] [I] Average on 10 runs - GPU latency: 0.0534668 ms - Host latency: 0.0615265 ms (enqueue 0.0408417 ms)
[07/07/2026-02:11:51] [I] Average on 10 runs - GPU latency: 0.0522858 ms - Host latency: 0.0605927 ms (enqueue 0.0417267 ms)
[07/07/2026-02:11:51] [I] Average on 10 runs - GPU latency: 0.0546631 ms - Host latency: 0.0625214 ms (enqueue 0.0413239 ms)
[07/07/2026-02:11:51] [I] Average on 10 runs - GPU latency: 0.0540405 ms - Host latency: 0.0619751 ms (enqueue 0.0417023 ms)
[07/07/2026-02:11:51] [I] Average on 10 runs - GPU latency: 0.0546265 ms - Host latency: 0.0624939 ms (enqueue 0.0409119 ms)
[07/07/2026-02:11:51] [I] Average on 10 runs - GPU latency: 0.0552185 ms - Host latency: 0.0631256 ms (enqueue 0.0415955 ms)
[07/07/2026-02:11:51] [I] Average on 10 runs - GPU latency: 0.0530365 ms - Host latency: 0.0611359 ms (enqueue 0.0410553 ms)
[07/07/2026-02:11:51] [I] Average on 10 runs - GPU latency: 0.057428 ms - Host latency: 0.0670868 ms (enqueue 0.0453735 ms)
[07/07/2026-02:11:51] [I] Average on 10 runs - GPU latency: 0.0539429 ms - Host latency: 0.0619232 ms (enqueue 0.0415283 ms)
[07/07/2026-02:11:51] [I] Average on 10 runs - GPU latency: 0.0526794 ms - Host latency: 0.0608307 ms (enqueue 0.0413757 ms)
[07/07/2026-02:11:51] [I] Average on 10 runs - GPU latency: 0.0539886 ms - Host latency: 0.0619568 ms (enqueue 0.0420166 ms)
[07/07/2026-02:11:51] [I] Average on 10 runs - GPU latency: 0.0532867 ms - Host latency: 0.0614471 ms (enqueue 0.0418152 ms)
[07/07/2026-02:11:51] [I] Average on 10 runs - GPU latency: 0.0543945 ms - Host latency: 0.0623108 ms (enqueue 0.0413544 ms)
[07/07/2026-02:11:51] [I] Average on 10 runs - GPU latency: 0.0522461 ms - Host latency: 0.0602936 ms (enqueue 0.0408142 ms)
[07/07/2026-02:11:51] [I] Average on 10 runs - GPU latency: 0.0511688 ms - Host latency: 0.0593781 ms (enqueue 0.0418365 ms)
[07/07/2026-02:11:51] [I] Average on 10 runs - GPU latency: 0.0538452 ms - Host latency: 0.0621551 ms (enqueue 0.0424591 ms)
[07/07/2026-02:11:51] [I] Average on 10 runs - GPU latency: 0.0528351 ms - Host latency: 0.0609528 ms (enqueue 0.0418457 ms)
[07/07/2026-02:11:51] [I] Average on 10 runs - GPU latency: 0.054715 ms - Host latency: 0.0627258 ms (enqueue 0.0423523 ms)
[07/07/2026-02:11:51] [I] Average on 10 runs - GPU latency: 0.0531494 ms - Host latency: 0.0613007 ms (enqueue 0.0413086 ms)
[07/07/2026-02:11:51] [I] Average on 10 runs - GPU latency: 0.053244 ms - Host latency: 0.0613617 ms (enqueue 0.0405396 ms)
[07/07/2026-02:11:51] [I] Average on 10 runs - GPU latency: 0.0537659 ms - Host latency: 0.0617432 ms (enqueue 0.0419495 ms)
[07/07/2026-02:11:51] [I] Average on 10 runs - GPU latency: 0.0535919 ms - Host latency: 0.0615387 ms (enqueue 0.0409149 ms)
[07/07/2026-02:11:51] [I] Average on 10 runs - GPU latency: 0.0522491 ms - Host latency: 0.0604126 ms (enqueue 0.0410675 ms)
[07/07/2026-02:11:51] [I] Average on 10 runs - GPU latency: 0.0545258 ms - Host latency: 0.062558 ms (enqueue 0.0415192 ms)
[07/07/2026-02:11:51] [I] Average on 10 runs - GPU latency: 0.0538757 ms - Host latency: 0.0618073 ms (enqueue 0.0408569 ms)
[07/07/2026-02:11:51] [I] Average on 10 runs - GPU latency: 0.0541962 ms - Host latency: 0.0621368 ms (enqueue 0.0412262 ms)
[07/07/2026-02:11:51] [I] Average on 10 runs - GPU latency: 0.0527679 ms - Host latency: 0.0608856 ms (enqueue 0.041806 ms)
[07/07/2026-02:11:51] [I] Average on 10 runs - GPU latency: 0.0548767 ms - Host latency: 0.0628113 ms (enqueue 0.0420166 ms)
[07/07/2026-02:11:51] [I] Average on 10 runs - GPU latency: 0.0535278 ms - Host latency: 0.0616028 ms (enqueue 0.0410431 ms)
[07/07/2026-02:11:51] [I] Average on 10 runs - GPU latency: 0.0532227 ms - Host latency: 0.0611938 ms (enqueue 0.0406616 ms)
[07/07/2026-02:11:51] [I] Average on 10 runs - GPU latency: 0.0538422 ms - Host latency: 0.0618774 ms (enqueue 0.0423523 ms)
[07/07/2026-02:11:51] [I] Average on 10 runs - GPU latency: 0.054071 ms - Host latency: 0.0628784 ms (enqueue 0.0410828 ms)
[07/07/2026-02:11:51] [I] Average on 10 runs - GPU latency: 0.0534637 ms - Host latency: 0.0615143 ms (enqueue 0.0409241 ms)
[07/07/2026-02:11:51] [I] Average on 10 runs - GPU latency: 0.0543365 ms - Host latency: 0.0622864 ms (enqueue 0.0413757 ms)
[07/07/2026-02:11:51] [I] Average on 10 runs - GPU latency: 0.0547546 ms - Host latency: 0.0626251 ms (enqueue 0.04086 ms)
[07/07/2026-02:11:51] [I] Average on 10 runs - GPU latency: 0.053299 ms - Host latency: 0.0614014 ms (enqueue 0.0415436 ms)
[07/07/2026-02:11:51] [I] Average on 10 runs - GPU latency: 0.0541229 ms - Host latency: 0.0620697 ms (enqueue 0.0418335 ms)
[07/07/2026-02:11:51] [I] Average on 10 runs - GPU latency: 0.0534973 ms - Host latency: 0.0614868 ms (enqueue 0.0416351 ms)
[07/07/2026-02:11:51] [I] Average on 10 runs - GPU latency: 0.0533875 ms - Host latency: 0.061441 ms (enqueue 0.0406982 ms)
[07/07/2026-02:11:51] [I] Average on 10 runs - GPU latency: 0.0547272 ms - Host latency: 0.0626099 ms (enqueue 0.0411804 ms)
[07/07/2026-02:11:51] [I] Average on 10 runs - GPU latency: 0.0537567 ms - Host latency: 0.0620453 ms (enqueue 0.0423981 ms)
[07/07/2026-02:11:51] [I] Average on 10 runs - GPU latency: 0.0550598 ms - Host latency: 0.0631134 ms (enqueue 0.0418243 ms)
[07/07/2026-02:11:51] [I] Average on 10 runs - GPU latency: 0.0552826 ms - Host latency: 0.0631958 ms (enqueue 0.041806 ms)
[07/07/2026-02:11:51] [I] Average on 10 runs - GPU latency: 0.0539246 ms - Host latency: 0.0618439 ms (enqueue 0.0407043 ms)
[07/07/2026-02:11:51] [I] Average on 10 runs - GPU latency: 0.0522888 ms - Host latency: 0.0605072 ms (enqueue 0.0416962 ms)
[07/07/2026-02:11:51] [I] Average on 10 runs - GPU latency: 0.0513336 ms - Host latency: 0.0608856 ms (enqueue 0.0412323 ms)
[07/07/2026-02:11:51] [I] Average on 10 runs - GPU latency: 0.0548614 ms - Host latency: 0.0627563 ms (enqueue 0.0419708 ms)
[07/07/2026-02:11:51] [I] ... Omitting 34295 lines
[07/07/2026-02:11:51] [I] Average on 10 runs - GPU latency: 0.0486328 ms - Host latency: 0.0571289 ms (enqueue 0.0397461 ms)
[07/07/2026-02:11:51] [I] Average on 10 runs - GPU latency: 0.0492432 ms - Host latency: 0.0577393 ms (enqueue 0.0407715 ms)
[07/07/2026-02:11:51] [I] Average on 10 runs - GPU latency: 0.0520752 ms - Host latency: 0.0608398 ms (enqueue 0.0431885 ms)
[07/07/2026-02:11:51] [I] Average on 10 runs - GPU latency: 0.0499268 ms - Host latency: 0.0581299 ms (enqueue 0.0410889 ms)
[07/07/2026-02:11:51] [I] Average on 10 runs - GPU latency: 0.0498291 ms - Host latency: 0.0583496 ms (enqueue 0.0411133 ms)
[07/07/2026-02:11:51] [I] Average on 10 runs - GPU latency: 0.049292 ms - Host latency: 0.0575195 ms (enqueue 0.0412109 ms)
[07/07/2026-02:11:51] [I] Average on 10 runs - GPU latency: 0.0499756 ms - Host latency: 0.0583496 ms (enqueue 0.0404297 ms)
[07/07/2026-02:11:51] [I] Average on 10 runs - GPU latency: 0.0503418 ms - Host latency: 0.0592285 ms (enqueue 0.0404297 ms)
[07/07/2026-02:11:51] [I] Average on 10 runs - GPU latency: 0.0486572 ms - Host latency: 0.0572998 ms (enqueue 0.0394775 ms)
[07/07/2026-02:11:51] [I] Average on 10 runs - GPU latency: 0.0501221 ms - Host latency: 0.0585938 ms (enqueue 0.0405029 ms)
[07/07/2026-02:11:51] [I] Average on 10 runs - GPU latency: 0.0608643 ms - Host latency: 0.069043 ms (enqueue 0.051123 ms)
[07/07/2026-02:11:51] [I] Average on 10 runs - GPU latency: 0.0557617 ms - Host latency: 0.0635986 ms (enqueue 0.042749 ms)
[07/07/2026-02:11:51] [I] Average on 10 runs - GPU latency: 0.0529053 ms - Host latency: 0.061084 ms (enqueue 0.0413574 ms)
[07/07/2026-02:11:51] [I] Average on 10 runs - GPU latency: 0.0522949 ms - Host latency: 0.0604004 ms (enqueue 0.0411377 ms)
[07/07/2026-02:11:51] [I] Average on 10 runs - GPU latency: 0.0542725 ms - Host latency: 0.0622314 ms (enqueue 0.0414551 ms)
[07/07/2026-02:11:51] [I] Average on 10 runs - GPU latency: 0.0536133 ms - Host latency: 0.0617188 ms (enqueue 0.0427734 ms)
[07/07/2026-02:11:51] [I] Average on 10 runs - GPU latency: 0.0541504 ms - Host latency: 0.0621582 ms (enqueue 0.0420898 ms)
[07/07/2026-02:11:51] [I] Average on 10 runs - GPU latency: 0.0532471 ms - Host latency: 0.0614014 ms (enqueue 0.0415283 ms)
[07/07/2026-02:11:51] [I] Average on 10 runs - GPU latency: 0.0522949 ms - Host latency: 0.0603516 ms (enqueue 0.0410889 ms)
[07/07/2026-02:11:51] [I] Average on 10 runs - GPU latency: 0.0526123 ms - Host latency: 0.0608398 ms (enqueue 0.0415527 ms)
[07/07/2026-02:11:51] [I] Average on 10 runs - GPU latency: 0.0510254 ms - Host latency: 0.0593506 ms (enqueue 0.042627 ms)
[07/07/2026-02:11:51] [I] Average on 10 runs - GPU latency: 0.0522217 ms - Host latency: 0.0604004 ms (enqueue 0.0422119 ms)
[07/07/2026-02:11:51] [I] Average on 10 runs - GPU latency: 0.0515137 ms - Host latency: 0.0595947 ms (enqueue 0.0412354 ms)
[07/07/2026-02:11:51] [I] Average on 10 runs - GPU latency: 0.0506348 ms - Host latency: 0.0595215 ms (enqueue 0.0414063 ms)
[07/07/2026-02:11:51] [I] Average on 10 runs - GPU latency: 0.0512695 ms - Host latency: 0.0594971 ms (enqueue 0.0417725 ms)
[07/07/2026-02:11:51] [I] Average on 10 runs - GPU latency: 0.0520508 ms - Host latency: 0.0600098 ms (enqueue 0.0419922 ms)
[07/07/2026-02:11:51] [I] Average on 10 runs - GPU latency: 0.0516846 ms - Host latency: 0.0599121 ms (enqueue 0.0419678 ms)
[07/07/2026-02:11:51] [I] Average on 10 runs - GPU latency: 0.0528809 ms - Host latency: 0.0608154 ms (enqueue 0.0415039 ms)
[07/07/2026-02:11:51] [I] Average on 10 runs - GPU latency: 0.0519775 ms - Host latency: 0.0602295 ms (enqueue 0.0424316 ms)
[07/07/2026-02:11:51] [I] Average on 10 runs - GPU latency: 0.052417 ms - Host latency: 0.0605225 ms (enqueue 0.0414795 ms)
[07/07/2026-02:11:51] [I] Average on 10 runs - GPU latency: 0.0521729 ms - Host latency: 0.0602539 ms (enqueue 0.0416748 ms)
[07/07/2026-02:11:51] [I] Average on 10 runs - GPU latency: 0.0518555 ms - Host latency: 0.0599365 ms (enqueue 0.042041 ms)
[07/07/2026-02:11:51] [I] Average on 10 runs - GPU latency: 0.0510986 ms - Host latency: 0.0592529 ms (enqueue 0.0415039 ms)
[07/07/2026-02:11:51] [I] Average on 10 runs - GPU latency: 0.0511963 ms - Host latency: 0.0594482 ms (enqueue 0.0419678 ms)
[07/07/2026-02:11:51] [I] Average on 10 runs - GPU latency: 0.0523682 ms - Host latency: 0.0607178 ms (enqueue 0.0420898 ms)
[07/07/2026-02:11:51] [I] Average on 10 runs - GPU latency: 0.0508545 ms - Host latency: 0.0592041 ms (enqueue 0.0430176 ms)
[07/07/2026-02:11:51] [I] Average on 10 runs - GPU latency: 0.0530762 ms - Host latency: 0.0611816 ms (enqueue 0.0415039 ms)
[07/07/2026-02:11:51] [I] Average on 10 runs - GPU latency: 0.0535645 ms - Host latency: 0.0617188 ms (enqueue 0.0424316 ms)
[07/07/2026-02:11:51] [I] Average on 10 runs - GPU latency: 0.0544434 ms - Host latency: 0.0625 ms (enqueue 0.0425781 ms)
[07/07/2026-02:11:51] [I] Average on 10 runs - GPU latency: 0.0524658 ms - Host latency: 0.0605957 ms (enqueue 0.0417236 ms)
[07/07/2026-02:11:51] [I] Average on 10 runs - GPU latency: 0.0517334 ms - Host latency: 0.0601318 ms (enqueue 0.0430664 ms)
[07/07/2026-02:11:51] [I] Average on 10 runs - GPU latency: 0.0523437 ms - Host latency: 0.0606201 ms (enqueue 0.0416504 ms)
[07/07/2026-02:11:51] [I] Average on 10 runs - GPU latency: 0.0549072 ms - Host latency: 0.062793 ms (enqueue 0.0421387 ms)
[07/07/2026-02:11:51] [I] Average on 10 runs - GPU latency: 0.0529053 ms - Host latency: 0.0615967 ms (enqueue 0.0414063 ms)
[07/07/2026-02:11:51] [I] Average on 10 runs - GPU latency: 0.0524658 ms - Host latency: 0.0607422 ms (enqueue 0.0415039 ms)
[07/07/2026-02:11:51] [I] Average on 10 runs - GPU latency: 0.0536621 ms - Host latency: 0.0617432 ms (enqueue 0.0420898 ms)
[07/07/2026-02:11:51] [I] Average on 10 runs - GPU latency: 0.0516846 ms - Host latency: 0.0599854 ms (enqueue 0.0412598 ms)
[07/07/2026-02:11:51] [I] Average on 10 runs - GPU latency: 0.0519531 ms - Host latency: 0.060376 ms (enqueue 0.0425537 ms)
[07/07/2026-02:11:51] [I] Average on 10 runs - GPU latency: 0.0519287 ms - Host latency: 0.0599854 ms (enqueue 0.0416016 ms)
[07/07/2026-02:11:51] [I] Average on 10 runs - GPU latency: 0.0519043 ms - Host latency: 0.0602051 ms (enqueue 0.0414063 ms)
[07/07/2026-02:11:51] [I] Average on 10 runs - GPU latency: 0.0503174 ms - Host latency: 0.0586426 ms (enqueue 0.041333 ms)
[07/07/2026-02:11:51] [I] Average on 10 runs - GPU latency: 0.0537842 ms - Host latency: 0.0620117 ms (enqueue 0.0427979 ms)
[07/07/2026-02:11:51] [I] Average on 10 runs - GPU latency: 0.0543213 ms - Host latency: 0.0625244 ms (enqueue 0.0422852 ms)
[07/07/2026-02:11:51] [I] Average on 10 runs - GPU latency: 0.0530273 ms - Host latency: 0.0612061 ms (enqueue 0.0423096 ms)
[07/07/2026-02:11:51] [I] Average on 10 runs - GPU latency: 0.0506836 ms - Host latency: 0.0589355 ms (enqueue 0.0416016 ms)
[07/07/2026-02:11:51] [I] Average on 10 runs - GPU latency: 0.0522949 ms - Host latency: 0.0602051 ms (enqueue 0.0413818 ms)
[07/07/2026-02:11:51] [I] Average on 10 runs - GPU latency: 0.0518555 ms - Host latency: 0.0600098 ms (enqueue 0.0426025 ms)
[07/07/2026-02:11:51] [I] Average on 10 runs - GPU latency: 0.0510986 ms - Host latency: 0.0593018 ms (enqueue 0.0423584 ms)
[07/07/2026-02:11:51] [I] Average on 10 runs - GPU latency: 0.0531738 ms - Host latency: 0.0613281 ms (enqueue 0.0423828 ms)
[07/07/2026-02:11:51] [I] Average on 10 runs - GPU latency: 0.0493164 ms - Host latency: 0.0575439 ms (enqueue 0.0411621 ms)
[07/07/2026-02:11:51] [I] Average on 10 runs - GPU latency: 0.0500244 ms - Host latency: 0.058252 ms (enqueue 0.0416748 ms)
[07/07/2026-02:11:51] [I] Average on 10 runs - GPU latency: 0.0528564 ms - Host latency: 0.0609375 ms (enqueue 0.0419434 ms)
[07/07/2026-02:11:51] [I] Average on 10 runs - GPU latency: 0.0518799 ms - Host latency: 0.0599854 ms (enqueue 0.0421875 ms)
[07/07/2026-02:11:51] [I] Average on 10 runs - GPU latency: 0.0521484 ms - Host latency: 0.0602295 ms (enqueue 0.0420654 ms)
[07/07/2026-02:11:51] [I] Average on 10 runs - GPU latency: 0.0499512 ms - Host latency: 0.0581299 ms (enqueue 0.0414551 ms)
[07/07/2026-02:11:51] [I] Average on 10 runs - GPU latency: 0.0526367 ms - Host latency: 0.0608887 ms (enqueue 0.0424072 ms)
[07/07/2026-02:11:51] [I] Average on 10 runs - GPU latency: 0.0521973 ms - Host latency: 0.0611816 ms (enqueue 0.0416504 ms)
[07/07/2026-02:11:51] [I] Average on 10 runs - GPU latency: 0.051709 ms - Host latency: 0.05979 ms (enqueue 0.0415771 ms)
[07/07/2026-02:11:51] [I] Average on 10 runs - GPU latency: 0.0521973 ms - Host latency: 0.0603271 ms (enqueue 0.0420654 ms)
[07/07/2026-02:11:51] [I] Average on 10 runs - GPU latency: 0.0513184 ms - Host latency: 0.0596191 ms (enqueue 0.0415283 ms)
[07/07/2026-02:11:51] [I] Average on 10 runs - GPU latency: 0.0523682 ms - Host latency: 0.0605713 ms (enqueue 0.0423828 ms)
[07/07/2026-02:11:51] [I] Average on 10 runs - GPU latency: 0.0537354 ms - Host latency: 0.061792 ms (enqueue 0.0420654 ms)
[07/07/2026-02:11:51] [I] Average on 10 runs - GPU latency: 0.0531738 ms - Host latency: 0.0612793 ms (enqueue 0.0415039 ms)
[07/07/2026-02:11:51] [I] Average on 10 runs - GPU latency: 0.0522705 ms - Host latency: 0.0603027 ms (enqueue 0.0415527 ms)
[07/07/2026-02:11:51] [I] Average on 10 runs - GPU latency: 0.0538574 ms - Host latency: 0.0619873 ms (enqueue 0.0419434 ms)
[07/07/2026-02:11:51] [I] Average on 10 runs - GPU latency: 0.0527588 ms - Host latency: 0.0609131 ms (enqueue 0.0422363 ms)
[07/07/2026-02:11:51] [I] Average on 10 runs - GPU latency: 0.051123 ms - Host latency: 0.0594971 ms (enqueue 0.0426514 ms)
[07/07/2026-02:11:51] [I] Average on 10 runs - GPU latency: 0.0501953 ms - Host latency: 0.0585938 ms (enqueue 0.0417236 ms)
[07/07/2026-02:11:51] [I] Average on 10 runs - GPU latency: 0.0517578 ms - Host latency: 0.0599121 ms (enqueue 0.0412598 ms)
[07/07/2026-02:11:51] [I] Average on 10 runs - GPU latency: 0.0510986 ms - Host latency: 0.0593018 ms (enqueue 0.0413818 ms)
[07/07/2026-02:11:51] [I] Average on 10 runs - GPU latency: 0.0531494 ms - Host latency: 0.0612305 ms (enqueue 0.0414795 ms)
[07/07/2026-02:11:51] [I] Average on 10 runs - GPU latency: 0.0525391 ms - Host latency: 0.0606934 ms (enqueue 0.0425049 ms)
[07/07/2026-02:11:51] [I] Average on 10 runs - GPU latency: 0.0540771 ms - Host latency: 0.0619629 ms (enqueue 0.0412109 ms)
[07/07/2026-02:11:51] [I] Average on 10 runs - GPU latency: 0.0532715 ms - Host latency: 0.0614014 ms (enqueue 0.0423096 ms)
[07/07/2026-02:11:51] [I] Average on 10 runs - GPU latency: 0.0533203 ms - Host latency: 0.0614502 ms (enqueue 0.0425049 ms)
[07/07/2026-02:11:51] [I] Average on 10 runs - GPU latency: 0.0544434 ms - Host latency: 0.0624268 ms (enqueue 0.0426514 ms)
[07/07/2026-02:11:51] [I] Average on 10 runs - GPU latency: 0.0515869 ms - Host latency: 0.060083 ms (enqueue 0.0447266 ms)
[07/07/2026-02:11:51] [I] Average on 10 runs - GPU latency: 0.0506104 ms - Host latency: 0.0587646 ms (enqueue 0.0417236 ms)
[07/07/2026-02:11:51] [I] Average on 10 runs - GPU latency: 0.0513184 ms - Host latency: 0.0596436 ms (enqueue 0.041626 ms)
[07/07/2026-02:11:51] [I] Average on 10 runs - GPU latency: 0.0527344 ms - Host latency: 0.0607178 ms (enqueue 0.0418945 ms)
[07/07/2026-02:11:51] [I] Average on 10 runs - GPU latency: 0.0516846 ms - Host latency: 0.0599121 ms (enqueue 0.0431152 ms)
[07/07/2026-02:11:51] [I] Average on 10 runs - GPU latency: 0.0526367 ms - Host latency: 0.0606689 ms (enqueue 0.0424072 ms)
[07/07/2026-02:11:51] [I] Average on 10 runs - GPU latency: 0.0524902 ms - Host latency: 0.0605957 ms (enqueue 0.0415527 ms)
[07/07/2026-02:11:51] [I] Average on 10 runs - GPU latency: 0.0508057 ms - Host latency: 0.05896 ms (enqueue 0.041748 ms)
[07/07/2026-02:11:51] [I] Average on 10 runs - GPU latency: 0.0524414 ms - Host latency: 0.0604248 ms (enqueue 0.0415771 ms)
[07/07/2026-02:11:51] [I] Average on 10 runs - GPU latency: 0.0517822 ms - Host latency: 0.0599121 ms (enqueue 0.0418701 ms)
[07/07/2026-02:11:51] [I] Average on 10 runs - GPU latency: 0.0523437 ms - Host latency: 0.0603516 ms (enqueue 0.0413574 ms)
[07/07/2026-02:11:51] [I] Average on 10 runs - GPU latency: 0.0533203 ms - Host latency: 0.0613525 ms (enqueue 0.0427002 ms)
[07/07/2026-02:11:51] [I] Average on 10 runs - GPU latency: 0.0526123 ms - Host latency: 0.0607666 ms (enqueue 0.0418701 ms)
[07/07/2026-02:11:51] [I] Average on 10 runs - GPU latency: 0.0512451 ms - Host latency: 0.0593994 ms (enqueue 0.0421387 ms)
[07/07/2026-02:11:51] [I] Average on 10 runs - GPU latency: 0.0508057 ms - Host latency: 0.0590576 ms (enqueue 0.0419678 ms)
[07/07/2026-02:11:51] [I] Average on 10 runs - GPU latency: 0.0509521 ms - Host latency: 0.0591064 ms (enqueue 0.0414063 ms)
[07/07/2026-02:11:51] [I] Average on 10 runs - GPU latency: 0.0514404 ms - Host latency: 0.0596924 ms (enqueue 0.0420654 ms)
[07/07/2026-02:11:51] [I] Average on 10 runs - GPU latency: 0.0531738 ms - Host latency: 0.0619141 ms (enqueue 0.0415771 ms)
[07/07/2026-02:11:51] [I] Average on 10 runs - GPU latency: 0.0529785 ms - Host latency: 0.0609863 ms (enqueue 0.0415771 ms)
[07/07/2026-02:11:51] [I] Average on 10 runs - GPU latency: 0.0525146 ms - Host latency: 0.0607178 ms (enqueue 0.042041 ms)
[07/07/2026-02:11:51] [I] Average on 10 runs - GPU latency: 0.0518311 ms - Host latency: 0.0600586 ms (enqueue 0.0414307 ms)
[07/07/2026-02:11:51] [I] Average on 10 runs - GPU latency: 0.052832 ms - Host latency: 0.0609619 ms (enqueue 0.0422852 ms)
[07/07/2026-02:11:51] [I] Average on 10 runs - GPU latency: 0.0525146 ms - Host latency: 0.0614258 ms (enqueue 0.0417725 ms)
[07/07/2026-02:11:51] [I] Average on 10 runs - GPU latency: 0.054126 ms - Host latency: 0.0621338 ms (enqueue 0.041626 ms)
[07/07/2026-02:11:51] [I] Average on 10 runs - GPU latency: 0.0535156 ms - Host latency: 0.0615479 ms (enqueue 0.0412598 ms)
[07/07/2026-02:11:51] [I] Average on 10 runs - GPU latency: 0.0531982 ms - Host latency: 0.0612793 ms (enqueue 0.0422119 ms)
[07/07/2026-02:11:51] [I] Average on 10 runs - GPU latency: 0.0518311 ms - Host latency: 0.0600098 ms (enqueue 0.0423096 ms)
[07/07/2026-02:11:51] [I] Average on 10 runs - GPU latency: 0.054248 ms - Host latency: 0.0623535 ms (enqueue 0.0433105 ms)
[07/07/2026-02:11:51] [I] Average on 10 runs - GPU latency: 0.051709 ms - Host latency: 0.0600586 ms (enqueue 0.0414551 ms)
[07/07/2026-02:11:51] [I] Average on 10 runs - GPU latency: 0.0534668 ms - Host latency: 0.0614746 ms (enqueue 0.0414551 ms)
[07/07/2026-02:11:51] [I] Average on 10 runs - GPU latency: 0.0537598 ms - Host latency: 0.0617432 ms (enqueue 0.0422607 ms)
[07/07/2026-02:11:51] [I] Average on 10 runs - GPU latency: 0.0528809 ms - Host latency: 0.061084 ms (enqueue 0.0420166 ms)
[07/07/2026-02:11:51] [I] Average on 10 runs - GPU latency: 0.0523437 ms - Host latency: 0.0604736 ms (enqueue 0.0422363 ms)
[07/07/2026-02:11:51] [I] Average on 10 runs - GPU latency: 0.0512939 ms - Host latency: 0.0595459 ms (enqueue 0.041626 ms)
[07/07/2026-02:11:51] [I] Average on 10 runs - GPU latency: 0.0536377 ms - Host latency: 0.0615967 ms (enqueue 0.0414307 ms)
[07/07/2026-02:11:51] [I] Average on 10 runs - GPU latency: 0.0510986 ms - Host latency: 0.0592285 ms (enqueue 0.0414063 ms)
[07/07/2026-02:11:51] [I] Average on 10 runs - GPU latency: 0.0533936 ms - Host latency: 0.0614258 ms (enqueue 0.0421631 ms)
[07/07/2026-02:11:51] [I] Average on 10 runs - GPU latency: 0.0518555 ms - Host latency: 0.0598877 ms (enqueue 0.0423096 ms)
[07/07/2026-02:11:51] [I] Average on 10 runs - GPU latency: 0.0520752 ms - Host latency: 0.0601074 ms (enqueue 0.0412109 ms)
[07/07/2026-02:11:51] [I] Average on 10 runs - GPU latency: 0.0519287 ms - Host latency: 0.0606934 ms (enqueue 0.0416748 ms)
[07/07/2026-02:11:51] [I] Average on 10 runs - GPU latency: 0.0508057 ms - Host latency: 0.0588379 ms (enqueue 0.041626 ms)
[07/07/2026-02:11:51] [I] Average on 10 runs - GPU latency: 0.0512939 ms - Host latency: 0.0594727 ms (enqueue 0.0415771 ms)
[07/07/2026-02:11:51] [I] Average on 10 runs - GPU latency: 0.0534912 ms - Host latency: 0.0615967 ms (enqueue 0.0428711 ms)
[07/07/2026-02:11:51] [I] Average on 10 runs - GPU latency: 0.0494141 ms - Host latency: 0.0576172 ms (enqueue 0.0412354 ms)
[07/07/2026-02:11:51] [I] Average on 10 runs - GPU latency: 0.0518555 ms - Host latency: 0.0600098 ms (enqueue 0.0422119 ms)
[07/07/2026-02:11:51] [I] Average on 10 runs - GPU latency: 0.0533203 ms - Host latency: 0.0614502 ms (enqueue 0.0419678 ms)
[07/07/2026-02:11:51] [I] Average on 10 runs - GPU latency: 0.0514893 ms - Host latency: 0.0596924 ms (enqueue 0.0416504 ms)
[07/07/2026-02:11:51] [I] Average on 10 runs - GPU latency: 0.0522461 ms - Host latency: 0.0603516 ms (enqueue 0.0412109 ms)
[07/07/2026-02:11:51] [I] Average on 10 runs - GPU latency: 0.0518799 ms - Host latency: 0.0599854 ms (enqueue 0.0419678 ms)
[07/07/2026-02:11:51] [I] Average on 10 runs - GPU latency: 0.0516602 ms - Host latency: 0.0598633 ms (enqueue 0.0422607 ms)
[07/07/2026-02:11:51] [I] Average on 10 runs - GPU latency: 0.0528809 ms - Host latency: 0.0609619 ms (enqueue 0.0429688 ms)
[07/07/2026-02:11:51] [I] Average on 10 runs - GPU latency: 0.0508301 ms - Host latency: 0.05896 ms (enqueue 0.0417725 ms)
[07/07/2026-02:11:51] [I] Average on 10 runs - GPU latency: 0.0517822 ms - Host latency: 0.0599121 ms (enqueue 0.0413086 ms)
[07/07/2026-02:11:51] [I] Average on 10 runs - GPU latency: 0.0535889 ms - Host latency: 0.0616211 ms (enqueue 0.0425537 ms)
[07/07/2026-02:11:51] [I] Average on 10 runs - GPU latency: 0.0528076 ms - Host latency: 0.0608398 ms (enqueue 0.0425293 ms)
[07/07/2026-02:11:51] [I] Average on 10 runs - GPU latency: 0.0526611 ms - Host latency: 0.0615967 ms (enqueue 0.0418945 ms)
[07/07/2026-02:11:51] [I] Average on 10 runs - GPU latency: 0.0529053 ms - Host latency: 0.0609131 ms (enqueue 0.041626 ms)
[07/07/2026-02:11:51] [I] Average on 10 runs - GPU latency: 0.0520264 ms - Host latency: 0.0602783 ms (enqueue 0.0417969 ms)
[07/07/2026-02:11:51] [I] Average on 10 runs - GPU latency: 0.0540039 ms - Host latency: 0.0621338 ms (enqueue 0.0419922 ms)
[07/07/2026-02:11:51] [I] Average on 10 runs - GPU latency: 0.0518066 ms - Host latency: 0.0600586 ms (enqueue 0.0422119 ms)
[07/07/2026-02:11:51] [I] Average on 10 runs - GPU latency: 0.0531494 ms - Host latency: 0.0612793 ms (enqueue 0.041748 ms)
[07/07/2026-02:11:51] [I] Average on 10 runs - GPU latency: 0.0515625 ms - Host latency: 0.0598145 ms (enqueue 0.0413574 ms)
[07/07/2026-02:11:51] [I] Average on 10 runs - GPU latency: 0.0537842 ms - Host latency: 0.061792 ms (enqueue 0.0416748 ms)
[07/07/2026-02:11:51] [I] Average on 10 runs - GPU latency: 0.0545898 ms - Host latency: 0.0625244 ms (enqueue 0.0425293 ms)
[07/07/2026-02:11:51] [I] Average on 10 runs - GPU latency: 0.0532227 ms - Host latency: 0.0613525 ms (enqueue 0.0425293 ms)
[07/07/2026-02:11:51] [I] Average on 10 runs - GPU latency: 0.0519531 ms - Host latency: 0.0601074 ms (enqueue 0.0417236 ms)
[07/07/2026-02:11:51] [I] Average on 10 runs - GPU latency: 0.052832 ms - Host latency: 0.0609131 ms (enqueue 0.0413086 ms)
[07/07/2026-02:11:51] [I] Average on 10 runs - GPU latency: 0.0532471 ms - Host latency: 0.0613525 ms (enqueue 0.0416504 ms)
[07/07/2026-02:11:51] [I] Average on 10 runs - GPU latency: 0.0531982 ms - Host latency: 0.0612305 ms (enqueue 0.0423584 ms)
[07/07/2026-02:11:51] [I] Average on 10 runs - GPU latency: 0.0504639 ms - Host latency: 0.0588379 ms (enqueue 0.0422852 ms)
[07/07/2026-02:11:51] [I] Average on 10 runs - GPU latency: 0.0523193 ms - Host latency: 0.060376 ms (enqueue 0.0414795 ms)
[07/07/2026-02:11:51] [I] Average on 10 runs - GPU latency: 0.0531494 ms - Host latency: 0.0612305 ms (enqueue 0.0422852 ms)
[07/07/2026-02:11:51] [I] Average on 10 runs - GPU latency: 0.0506104 ms - Host latency: 0.0595947 ms (enqueue 0.041626 ms)
[07/07/2026-02:11:51] [I] Average on 10 runs - GPU latency: 0.051416 ms - Host latency: 0.0594727 ms (enqueue 0.0415771 ms)
[07/07/2026-02:11:51] [I] Average on 10 runs - GPU latency: 0.0522461 ms - Host latency: 0.0604248 ms (enqueue 0.0420166 ms)
[07/07/2026-02:11:51] [I] Average on 10 runs - GPU latency: 0.0523193 ms - Host latency: 0.0605469 ms (enqueue 0.0415283 ms)
[07/07/2026-02:11:51] [I] Average on 10 runs - GPU latency: 0.0528809 ms - Host latency: 0.0610107 ms (enqueue 0.0422363 ms)
[07/07/2026-02:11:51] [I] Average on 10 runs - GPU latency: 0.0523682 ms - Host latency: 0.060498 ms (enqueue 0.0424316 ms)
[07/07/2026-02:11:51] [I] Average on 10 runs - GPU latency: 0.0531006 ms - Host latency: 0.0611816 ms (enqueue 0.0427002 ms)
[07/07/2026-02:11:51] [I] Average on 10 runs - GPU latency: 0.0510254 ms - Host latency: 0.0591553 ms (enqueue 0.0419922 ms)
[07/07/2026-02:11:51] [I] Average on 10 runs - GPU latency: 0.0504639 ms - Host latency: 0.0586914 ms (enqueue 0.041333 ms)
[07/07/2026-02:11:51] [I] Average on 10 runs - GPU latency: 0.0525391 ms - Host latency: 0.0606445 ms (enqueue 0.042627 ms)
[07/07/2026-02:11:51] [I] Average on 10 runs - GPU latency: 0.0522705 ms - Host latency: 0.0603516 ms (enqueue 0.041626 ms)
[07/07/2026-02:11:51] [I] Average on 10 runs - GPU latency: 0.0518066 ms - Host latency: 0.0599121 ms (enqueue 0.0417725 ms)
[07/07/2026-02:11:51] [I] Average on 10 runs - GPU latency: 0.0514648 ms - Host latency: 0.0596191 ms (enqueue 0.0412598 ms)
[07/07/2026-02:11:51] [I] Average on 10 runs - GPU latency: 0.0500244 ms - Host latency: 0.0583984 ms (enqueue 0.0413818 ms)
[07/07/2026-02:11:51] [I] Average on 10 runs - GPU latency: 0.0512695 ms - Host latency: 0.0594727 ms (enqueue 0.0424316 ms)
[07/07/2026-02:11:51] [I] Average on 10 runs - GPU latency: 0.0532959 ms - Host latency: 0.0613281 ms (enqueue 0.042749 ms)
[07/07/2026-02:11:51] [I] Average on 10 runs - GPU latency: 0.0531006 ms - Host latency: 0.0610352 ms (enqueue 0.0418213 ms)
[07/07/2026-02:11:51] [I] Average on 10 runs - GPU latency: 0.0518066 ms - Host latency: 0.0599854 ms (enqueue 0.0416748 ms)
[07/07/2026-02:11:51] [I] Average on 10 runs - GPU latency: 0.0536377 ms - Host latency: 0.0621338 ms (enqueue 0.0420654 ms)
[07/07/2026-02:11:51] [I] Average on 10 runs - GPU latency: 0.0552246 ms - Host latency: 0.0632324 ms (enqueue 0.0428955 ms)
[07/07/2026-02:11:51] [I] Average on 10 runs - GPU latency: 0.0548584 ms - Host latency: 0.062793 ms (enqueue 0.0421143 ms)
[07/07/2026-02:11:51] [I] Average on 10 runs - GPU latency: 0.0490967 ms - Host latency: 0.0576904 ms (enqueue 0.0420898 ms)
[07/07/2026-02:11:51] [I] Average on 10 runs - GPU latency: 0.0532471 ms - Host latency: 0.0612305 ms (enqueue 0.0416504 ms)
[07/07/2026-02:11:51] [I] Average on 10 runs - GPU latency: 0.0529053 ms - Host latency: 0.0610107 ms (enqueue 0.0422119 ms)
[07/07/2026-02:11:51] [I] Average on 10 runs - GPU latency: 0.0525635 ms - Host latency: 0.0607666 ms (enqueue 0.042334 ms)
[07/07/2026-02:11:51] [I] Average on 10 runs - GPU latency: 0.0529541 ms - Host latency: 0.0610107 ms (enqueue 0.0416016 ms)
[07/07/2026-02:11:51] [I] Average on 10 runs - GPU latency: 0.0515625 ms - Host latency: 0.0597412 ms (enqueue 0.0414063 ms)
[07/07/2026-02:11:51] [I] Average on 10 runs - GPU latency: 0.0526367 ms - Host latency: 0.0606934 ms (enqueue 0.0416504 ms)
[07/07/2026-02:11:51] [I] Average on 10 runs - GPU latency: 0.0529297 ms - Host latency: 0.0609619 ms (enqueue 0.0419922 ms)
[07/07/2026-02:11:51] [I] Average on 10 runs - GPU latency: 0.0548828 ms - Host latency: 0.0628174 ms (enqueue 0.0421143 ms)
[07/07/2026-02:11:51] [I] Average on 10 runs - GPU latency: 0.0535645 ms - Host latency: 0.0618896 ms (enqueue 0.041748 ms)
[07/07/2026-02:11:51] [I] Average on 10 runs - GPU latency: 0.0522217 ms - Host latency: 0.0602295 ms (enqueue 0.0411133 ms)
[07/07/2026-02:11:51] [I] Average on 10 runs - GPU latency: 0.0511719 ms - Host latency: 0.0593506 ms (enqueue 0.0414063 ms)
[07/07/2026-02:11:51] [I] Average on 10 runs - GPU latency: 0.0510986 ms - Host latency: 0.0592041 ms (enqueue 0.0415039 ms)
[07/07/2026-02:11:51] [I] Average on 10 runs - GPU latency: 0.051416 ms - Host latency: 0.0596191 ms (enqueue 0.0424561 ms)
[07/07/2026-02:11:51] [I] Average on 10 runs - GPU latency: 0.0496094 ms - Host latency: 0.0577881 ms (enqueue 0.041333 ms)
[07/07/2026-02:11:51] [I] Average on 10 runs - GPU latency: 0.0490234 ms - Host latency: 0.0572998 ms (enqueue 0.0420654 ms)
[07/07/2026-02:11:51] [I] Average on 10 runs - GPU latency: 0.0495605 ms - Host latency: 0.0581299 ms (enqueue 0.042334 ms)
[07/07/2026-02:11:51] [I] Average on 10 runs - GPU latency: 0.0519287 ms - Host latency: 0.0600342 ms (enqueue 0.0417236 ms)
[07/07/2026-02:11:51] [I] Average on 10 runs - GPU latency: 0.0516846 ms - Host latency: 0.0599121 ms (enqueue 0.0415039 ms)
[07/07/2026-02:11:51] [I] Average on 10 runs - GPU latency: 0.0522705 ms - Host latency: 0.0603271 ms (enqueue 0.0413818 ms)
[07/07/2026-02:11:51] [I] Average on 10 runs - GPU latency: 0.053418 ms - Host latency: 0.061499 ms (enqueue 0.0427002 ms)
[07/07/2026-02:11:51] [I]
[07/07/2026-02:11:51] [I] === Performance summary ===
[07/07/2026-02:11:51] [I] Throughput: 12764.5 qps
[07/07/2026-02:11:51] [I] Latency: min = 0.0556641 ms, max = 0.17749 ms, mean = 0.0609811 ms, median = 0.0621338 ms, percentile(90%) = 0.0633545 ms, percentile(95%) = 0.0646973 ms, percentile(99%) = 0.0712891 ms
[07/07/2026-02:11:51] [I] Enqueue Time: min = 0.0383301 ms, max = 0.155518 ms, mean = 0.0413088 ms, median = 0.0406494 ms, percentile(90%) = 0.0425415 ms, percentile(95%) = 0.046875 ms, percentile(99%) = 0.0515137 ms
[07/07/2026-02:11:51] [I] H2D Latency: min = 0.00341797 ms, max = 0.107178 ms, mean = 0.00400683 ms, median = 0.0038147 ms, percentile(90%) = 0.00463867 ms, percentile(95%) = 0.00476074 ms, percentile(99%) = 0.00512695 ms
[07/07/2026-02:11:51] [I] GPU Compute Time: min = 0.0474243 ms, max = 0.166016 ms, mean = 0.0528357 ms, median = 0.0541992 ms, percentile(90%) = 0.0554199 ms, percentile(95%) = 0.0564575 ms, percentile(99%) = 0.0626221 ms
[07/07/2026-02:11:51] [I] D2H Latency: min = 0.00390625 ms, max = 0.0922852 ms, mean = 0.00413851 ms, median = 0.00415039 ms, percentile(90%) = 0.00415039 ms, percentile(95%) = 0.00415039 ms, percentile(99%) = 0.0045166 ms
[07/07/2026-02:11:51] [I] Total Host Walltime: 3.00011 s
[07/07/2026-02:11:51] [I] Total GPU Compute Time: 2.02334 s
[07/07/2026-02:11:51] [W] * GPU compute time is unstable, with coefficient of variance = 7.22113%.
[07/07/2026-02:11:51] [W]   If not already in use, locking GPU clock frequency or adding --useSpinWait may improve the stability.
[07/07/2026-02:11:51] [I] Explanations of the performance metrics are printed in the verbose logs.
[07/07/2026-02:11:51] [I]
[07/07/2026-02:11:51] [I] z: (1)
[07/07/2026-02:11:51] [I] 3
[07/07/2026-02:11:51] [I] y: (1x10)
[07/07/2026-02:11:51] [I] -0.0518188 0.000385761 0.0417786 0.27002 -0.0838013 0.0484314 -0.234619 -0.0370483 -0.000504494 -0.0668945
&&&& PASSED TensorRT.trtexec [TensorRT v101601] [b11] # trtexec --loadEngine=./model-trained.trt --loadInputs=x:x.input.1.1.28.28.fp32.raw --dumpOutput
