[TensorRT-Cookbook] Version: 0.1.0
[04/25/2026-04:11:10] [TRT] [W] Using default stream in enqueueV3() may lead to performance issues due to additional calls to cudaStreamSynchronize() by TensorRT to ensure correct synchronization. Please use non-default stream instead.
[04/25/2026-04:11:11] [TRT] [W] Using default stream in enqueueV3() may lead to performance issues due to additional calls to cudaStreamSynchronize() by TensorRT to ensure correct synchronization. Please use non-default stream instead.
============================== Start [case_simple,(),{}]
layer.batch_axis = 1, layer.sequence_axis = 0
Input ->DataType.FLOAT, (3, 4, 5), (3, 4, 5), tensor
Input ->DataType.INT32, (4,), (4,), tensor1
Output->DataType.FLOAT, (3, 4, 5), (3, 4, 5), (Unnamed Layer* 0) [ReverseSequence]_output
tensor
[[[  0.   1.   2.   3.   4.]
  [ 10.  11.  12.  13.  14.]
  [ 20.  21.  22.  23.  24.]
  [ 30.  31.  32.  33.  34.]]

 [[100. 101. 102. 103. 104.]
  [110. 111. 112. 113. 114.]
  [120. 121. 122. 123. 124.]
  [130. 131. 132. 133. 134.]]

 [[200. 201. 202. 203. 204.]
  [210. 211. 212. 213. 214.]
  [220. 221. 222. 223. 224.]
  [230. 231. 232. 233. 234.]]]
tensor1
[3 3 2 1]
(Unnamed Layer* 0) [ReverseSequence]_output
[[[200. 201. 202. 203. 204.]
  [210. 211. 212. 213. 214.]
  [120. 121. 122. 123. 124.]
  [ 30.  31.  32.  33.  34.]]

 [[100. 101. 102. 103. 104.]
  [110. 111. 112. 113. 114.]
  [ 20.  21.  22.  23.  24.]
  [130. 131. 132. 133. 134.]]

 [[  0.   1.   2.   3.   4.]
  [ 10.  11.  12.  13.  14.]
  [220. 221. 222. 223. 224.]
  [230. 231. 232. 233. 234.]]]
============================== End   [case_simple]
============================== Start [case_batch_prior,(),{}]
layer.batch_axis = 0, layer.sequence_axis = 1
Input ->DataType.FLOAT, (3, 4, 5), (3, 4, 5), tensor
Input ->DataType.INT32, (3,), (3,), tensor1
Output->DataType.FLOAT, (3, 4, 5), (3, 4, 5), (Unnamed Layer* 0) [ReverseSequence]_output
tensor
[[[  0.   1.   2.   3.   4.]
  [ 10.  11.  12.  13.  14.]
  [ 20.  21.  22.  23.  24.]
  [ 30.  31.  32.  33.  34.]]

 [[100. 101. 102. 103. 104.]
  [110. 111. 112. 113. 114.]
  [120. 121. 122. 123. 124.]
  [130. 131. 132. 133. 134.]]

 [[200. 201. 202. 203. 204.]
  [210. 211. 212. 213. 214.]
  [220. 221. 222. 223. 224.]
  [230. 231. 232. 233. 234.]]]
tensor1
[3 2 1]
(Unnamed Layer* 0) [ReverseSequence]_output
[[[ 20.  21.  22.  23.  24.]
  [ 10.  11.  12.  13.  14.]
  [  0.   1.   2.   3.   4.]
  [ 30.  31.  32.  33.  34.]]

 [[110. 111. 112. 113. 114.]
  [100. 101. 102. 103. 104.]
  [120. 121. 122. 123. 124.]
  [130. 131. 132. 133. 134.]]

 [[200. 201. 202. 203. 204.]
  [210. 211. 212. 213. 214.]
  [220. 221. 222. 223. 224.]
  [230. 231. 232. 233. 234.]]]
============================== End   [case_batch_prior]
Finish
