[08/17/2022-06:44:36] [TRT] [I] [MemUsageChange] Init CUDA: CPU +195, GPU +0, now: CPU 214, GPU 475 (MiB)
[08/17/2022-06:44:37] [TRT] [I] [MemUsageChange] Init builder kernel library: CPU +7, GPU +2, now: CPU 240, GPU 490 (MiB)
[08/17/2022-06:44:37] [TRT] [I] ----------------------------------------------------------------
[08/17/2022-06:44:37] [TRT] [I] Input filename:   /work/gitlab/tensorrt-cookbook-in-chinese/08-Tool/Polygraphy/runExample/model.onnx
[08/17/2022-06:44:37] [TRT] [I] ONNX IR version:  0.0.8
[08/17/2022-06:44:37] [TRT] [I] Opset version:    11
[08/17/2022-06:44:37] [TRT] [I] Producer name:    
[08/17/2022-06:44:37] [TRT] [I] Producer version: 
[08/17/2022-06:44:37] [TRT] [I] Domain:           
[08/17/2022-06:44:37] [TRT] [I] Model version:    0
[08/17/2022-06:44:37] [TRT] [I] Doc string:       
[08/17/2022-06:44:37] [TRT] [I] ----------------------------------------------------------------
[08/17/2022-06:44:37] [TRT] [W] parsers/onnx/onnx2trt_utils.cpp:367: Your ONNX model has been generated with INT64 weights, while TensorRT does not natively support INT64. Attempting to cast down to INT32.
[08/17/2022-06:44:37] [TRT] [W] Tensor DataType is determined at build time for tensors not marked as input or output.
[08/17/2022-06:44:37] [TRT] [W] FP16 support requested on hardware without native FP16 support, performance will be negatively affected.
[08/17/2022-06:44:37] [TRT] [I] [MemUsageChange] Init cuBLAS/cuBLASLt: CPU +256, GPU +106, now: CPU 520, GPU 596 (MiB)
[08/17/2022-06:44:37] [TRT] [I] [MemUsageChange] Init cuDNN: CPU +113, GPU +46, now: CPU 633, GPU 642 (MiB)
[08/17/2022-06:44:37] [TRT] [I] Global timing cache in use. Profiling results in this builder pass will be stored.
[08/17/2022-06:44:38] [TRT] [W] Weights [name=Conv-4 + ReLU-5.weight] had the following issues when converted to FP16:
[08/17/2022-06:44:38] [TRT] [W]  - Subnormal FP16 values detected. 
[08/17/2022-06:44:38] [TRT] [W] If this is not the desired behavior, please modify the weights or retrain with regularization to reduce the magnitude of the weights.
[08/17/2022-06:44:38] [TRT] [W] Weights [name=Conv-4 + ReLU-5.weight] had the following issues when converted to FP16:
[08/17/2022-06:44:38] [TRT] [W]  - Subnormal FP16 values detected. 
[08/17/2022-06:44:38] [TRT] [W] If this is not the desired behavior, please modify the weights or retrain with regularization to reduce the magnitude of the weights.
[08/17/2022-06:44:38] [TRT] [I] Some tactics do not have sufficient workspace memory to run. Increasing workspace size will enable more tactics, please check verbose output for requested sizes.
[08/17/2022-06:44:39] [TRT] [W] Weights [name=MatMul-9 + ReLU-11.weight] had the following issues when converted to FP16:
[08/17/2022-06:44:39] [TRT] [W]  - Subnormal FP16 values detected. 
[08/17/2022-06:44:39] [TRT] [W] If this is not the desired behavior, please modify the weights or retrain with regularization to reduce the magnitude of the weights.
[08/17/2022-06:44:39] [TRT] [W] Weights [name=MatMul-9 + ReLU-11.weight] had the following issues when converted to FP16:
[08/17/2022-06:44:39] [TRT] [W]  - Subnormal FP16 values detected. 
[08/17/2022-06:44:39] [TRT] [W] If this is not the desired behavior, please modify the weights or retrain with regularization to reduce the magnitude of the weights.
[08/17/2022-06:44:39] [TRT] [W] Weights [name=MatMul-9 + ReLU-11.weight] had the following issues when converted to FP16:
[08/17/2022-06:44:39] [TRT] [W]  - Subnormal FP16 values detected. 
[08/17/2022-06:44:39] [TRT] [W] If this is not the desired behavior, please modify the weights or retrain with regularization to reduce the magnitude of the weights.
[08/17/2022-06:44:39] [TRT] [I] Detected 1 inputs and 1 output network tensors.
[08/17/2022-06:44:39] [TRT] [I] Total Host Persistent Memory: 3712
[08/17/2022-06:44:39] [TRT] [I] Total Device Persistent Memory: 6656
[08/17/2022-06:44:39] [TRT] [I] Total Scratch Memory: 0
[08/17/2022-06:44:39] [TRT] [I] [MemUsageStats] Peak memory usage of TRT CPU/GPU memory allocators: CPU 24 MiB, GPU 438 MiB
[08/17/2022-06:44:39] [TRT] [I] [BlockAssignment] Algorithm ShiftNTopDown took 0.043749ms to assign 4 blocks to 12 nodes requiring 2408456 bytes.
[08/17/2022-06:44:39] [TRT] [I] Total Activation Memory: 2408456
[08/17/2022-06:44:39] [TRT] [I] [MemUsageChange] Init cuBLAS/cuBLASLt: CPU +0, GPU +8, now: CPU 933, GPU 782 (MiB)
[08/17/2022-06:44:39] [TRT] [I] [MemUsageChange] Init cuDNN: CPU +1, GPU +8, now: CPU 934, GPU 790 (MiB)
[08/17/2022-06:44:39] [TRT] [I] [MemUsageChange] TensorRT-managed allocation in building engine: CPU +12, GPU +13, now: CPU 12, GPU 13 (MiB)
[08/17/2022-06:44:39] [TRT] [W] The getMaxBatchSize() function should not be used with an engine built from a network created with NetworkDefinitionCreationFlag::kEXPLICIT_BATCH flag. This function will always return 1.
[08/17/2022-06:44:39] [TRT] [W] The getMaxBatchSize() function should not be used with an engine built from a network created with NetworkDefinitionCreationFlag::kEXPLICIT_BATCH flag. This function will always return 1.
[08/17/2022-06:44:39] [TRT] [I] [MemUsageChange] Init CUDA: CPU +0, GPU +0, now: CPU 933, GPU 742 (MiB)
[08/17/2022-06:44:39] [TRT] [I] Loaded engine size: 12 MiB
[08/17/2022-06:44:39] [TRT] [I] [MemUsageChange] Init cuBLAS/cuBLASLt: CPU +0, GPU +10, now: CPU 933, GPU 766 (MiB)
[08/17/2022-06:44:39] [TRT] [I] [MemUsageChange] Init cuDNN: CPU +0, GPU +8, now: CPU 933, GPU 774 (MiB)
[08/17/2022-06:44:39] [TRT] [I] [MemUsageChange] TensorRT-managed allocation in engine deserialization: CPU +0, GPU +12, now: CPU 0, GPU 12 (MiB)
[08/17/2022-06:44:39] [TRT] [W] The getMaxBatchSize() function should not be used with an engine built from a network created with NetworkDefinitionCreationFlag::kEXPLICIT_BATCH flag. This function will always return 1.
[08/17/2022-06:44:39] [TRT] [W] The getMaxBatchSize() function should not be used with an engine built from a network created with NetworkDefinitionCreationFlag::kEXPLICIT_BATCH flag. This function will always return 1.
[08/17/2022-06:44:39] [TRT] [I] [MemUsageChange] Init cuBLAS/cuBLASLt: CPU +0, GPU +8, now: CPU 921, GPU 766 (MiB)
[08/17/2022-06:44:39] [TRT] [I] [MemUsageChange] Init cuDNN: CPU +0, GPU +8, now: CPU 921, GPU 774 (MiB)
[08/17/2022-06:44:39] [TRT] [I] [MemUsageChange] TensorRT-managed allocation in IExecutionContext creation: CPU +0, GPU +2, now: CPU 0, GPU 14 (MiB)
[V] Loaded Module: polygraphy.util    | Path: ['/opt/conda/lib/python3.8/site-packages/polygraphy/util']
[V] Model: model.onnx
[V] Loaded Module: polygraphy         | Version: 0.38.0 | Path: ['/opt/conda/lib/python3.8/site-packages/polygraphy']
[V] Loaded extension modules: []
[V] Loaded Module: tensorrt           | Version: 8.4.1.5 | Path: ['/opt/conda/lib/python3.8/site-packages/tensorrt']
[I] Will generate inference input data according to provided TensorMetadata: {tensor-0 [shape=(4, 1, 28, 28)]}
[I] onnxrt-runner-N0-08/17/22-06:44:36  | Activating and starting inference
[V] Loaded Module: onnxruntime        | Version: 1.12.0 | Path: ['/opt/conda/lib/python3.8/site-packages/onnxruntime']
[I] Creating ONNX-Runtime Inference Session with providers: ['CPUExecutionProvider']
[V] Loaded Module: numpy              | Version: 1.22.4 | Path: ['/opt/conda/lib/python3.8/site-packages/numpy']
[V] Loading inputs from data loader
[V] Generating data using numpy seed: 1
[V] Input tensor: tensor-0 | Generating input data in range: [0.0, 1.0]
[I] onnxrt-runner-N0-08/17/22-06:44:36 
    ---- Inference Input(s) ----
    {tensor-0 [dtype=float32, shape=(4, 1, 28, 28)]}
[V] Runner input metadata is: {tensor-0 [dtype=float32, shape=('B', 1, 28, 28)]}
[I] onnxrt-runner-N0-08/17/22-06:44:36 
    ---- Inference Output(s) ----
    {tensor-15 [dtype=int64, shape=(4,)]}
[I] onnxrt-runner-N0-08/17/22-06:44:36  | Completed 1 iteration(s) in 1.91 ms | Average inference time: 1.91 ms.
[I] trt-runner-N0-08/17/22-06:44:36     | Activating and starting inference
[V]     Setting TensorRT Optimization Profiles
[V]     Input tensor: tensor-0 (dtype=DataType.FLOAT, shape=(-1, 1, 28, 28)) | Setting input tensor shapes to: (min=[1, 1, 28, 28], opt=[4, 1, 28, 28], max=[16, 1, 28, 28])
[I]     Configuring with profiles: [Profile().add('tensor-0', min=[1, 1, 28, 28], opt=[4, 1, 28, 28], max=[16, 1, 28, 28])]
[I] Building engine with configuration:
    Workspace            | 1000000000 bytes (953.67 MiB)
    Precision            | TF32: False, FP16: True, INT8: False, Obey Precision Constraints: False, Strict Types: False
    Tactic Sources       | ['CUBLAS', 'CUBLAS_LT', 'CUDNN', 'EDGE_MASK_CONVOLUTIONS']
    Safety Restricted    | False
    Profiles             | 1 profile(s)
[I] Finished engine building in 2.278 seconds
[I] Saving engine to model-FP16.plan
[V] Found candidate CUDA libraries: ['/usr/local/cuda/lib64/libcudart.so.11.7.99', '/usr/local/cuda/lib64/libcudart.so.11.0', '/usr/local/cuda/lib64/libcudart.so']
[I] trt-runner-N0-08/17/22-06:44:36    
    ---- Inference Input(s) ----
    {tensor-0 [dtype=float32, shape=(4, 1, 28, 28)]}
[V] Runner input metadata is: {tensor-0 [dtype=float32, shape=(-1, 1, 28, 28)]}
[V] Setting binding: tensor-0 (index: 0) to shape: (4, 1, 28, 28)
[I] trt-runner-N0-08/17/22-06:44:36    
    ---- Inference Output(s) ----
    {tensor-15 [dtype=int32, shape=(4,)]}
[I] trt-runner-N0-08/17/22-06:44:36     | Completed 1 iteration(s) in 0.5693 ms | Average inference time: 0.5693 ms.
[V] Successfully ran: ['onnxrt-runner-N0-08/17/22-06:44:36', 'trt-runner-N0-08/17/22-06:44:36']
[I] Accuracy Comparison | onnxrt-runner-N0-08/17/22-06:44:36 vs. trt-runner-N0-08/17/22-06:44:36
[I]     Comparing Output: 'tensor-15' (dtype=int64, shape=(4,)) with 'tensor-15' (dtype=int32, shape=(4,))
[I]     Tolerance: [abs=0.001, rel=0.001] | Checking elemwise error
[I]         onnxrt-runner-N0-08/17/22-06:44:36: tensor-15 | Stats: mean=6, std-dev=0, var=0, median=6, min=6 at (0,), max=6 at (0,), avg-magnitude=6
[V]             ---- Histogram ----
                Bin Range  |  Num Elems | Visualization
                (5.5, 5.6) |          0 | 
                (5.6, 5.7) |          0 | 
                (5.7, 5.8) |          0 | 
                (5.8, 5.9) |          0 | 
                (5.9, 6  ) |          0 | 
                (6  , 6.1) |          4 | ########################################
                (6.1, 6.2) |          0 | 
                (6.2, 6.3) |          0 | 
                (6.3, 6.4) |          0 | 
                (6.4, 6.5) |          0 | 
[I]         trt-runner-N0-08/17/22-06:44:36: tensor-15 | Stats: mean=6, std-dev=0, var=0, median=6, min=6 at (0,), max=6 at (0,), avg-magnitude=6
[V]             ---- Histogram ----
                Bin Range  |  Num Elems | Visualization
                (5.5, 5.6) |          0 | 
                (5.6, 5.7) |          0 | 
                (5.7, 5.8) |          0 | 
                (5.8, 5.9) |          0 | 
                (5.9, 6  ) |          0 | 
                (6  , 6.1) |          4 | ########################################
                (6.1, 6.2) |          0 | 
                (6.2, 6.3) |          0 | 
                (6.3, 6.4) |          0 | 
                (6.4, 6.5) |          0 | 
[I]         Error Metrics: tensor-15
[I]             Minimum Required Tolerance: elemwise error | [abs=0] OR [rel=0] (requirements may be lower if both abs/rel tolerances are set)
[I]             Absolute Difference | Stats: mean=0, std-dev=0, var=0, median=0, min=0 at (0,), max=0 at (0,), avg-magnitude=0
[V]                 ---- Histogram ----
                    Bin Range    |  Num Elems | Visualization
                    (-0.5, -0.4) |          0 | 
                    (-0.4, -0.3) |          0 | 
                    (-0.3, -0.2) |          0 | 
                    (-0.2, -0.1) |          0 | 
                    (-0.1, 0   ) |          0 | 
                    (0   , 0.1 ) |          4 | ########################################
                    (0.1 , 0.2 ) |          0 | 
                    (0.2 , 0.3 ) |          0 | 
                    (0.3 , 0.4 ) |          0 | 
                    (0.4 , 0.5 ) |          0 | 
[I]             Relative Difference | Stats: mean=0, std-dev=0, var=0, median=0, min=0 at (0,), max=0 at (0,), avg-magnitude=0
[V]                 ---- Histogram ----
                    Bin Range    |  Num Elems | Visualization
                    (-0.5, -0.4) |          0 | 
                    (-0.4, -0.3) |          0 | 
                    (-0.3, -0.2) |          0 | 
                    (-0.2, -0.1) |          0 | 
                    (-0.1, 0   ) |          0 | 
                    (0   , 0.1 ) |          4 | ########################################
                    (0.1 , 0.2 ) |          0 | 
                    (0.2 , 0.3 ) |          0 | 
                    (0.3 , 0.4 ) |          0 | 
                    (0.4 , 0.5 ) |          0 | 
[I]         PASSED | Difference is within tolerance (rel=0.001, abs=0.001)
[I]     PASSED | All outputs matched | Outputs: ['tensor-15']
[I] PASSED | Command: /opt/conda/bin/polygraphy run model.onnx --onnxrt --trt --pool-limit workspace:1000000000 --save-engine=model-FP16.plan --atol 1e-3 --rtol 1e-3 --fp16 --verbose --trt-min-shapes tensor-0:[1,1,28,28] --trt-opt-shapes tensor-0:[4,1,28,28] --trt-max-shapes tensor-0:[16,1,28,28] --input-shapes tensor-0:[4,1,28,28]
