[TensorRT-Cookbook] Version: 1.0.0
[07/02/2026-03:26:10] [TRT] [W] Using default stream in enqueueV3() may lead to performance issues due to additional calls to cudaStreamSynchronize() by TensorRT to ensure correct synchronization. Please use non-default stream instead.
============================== Start [case_simple,(),{}]

================ Public members of <tensorrt.tensorrt.IReduceLayer object at 0x709d985c3470> (instance)
 0 Callback members: []
 0 Callable methods: []
 3 Non-callable attributions: ['axes', 'keep_dims', 'op']
Input ->DataType.FLOAT, (3, 4, 5), (3, 4, 5), tensor
Output->DataType.FLOAT, (3, 5), (3, 5), (Unnamed Layer* 0) [Reduce]_output
tensor
[[[1. 1. 1. 1. 1.]
  [1. 1. 1. 1. 1.]
  [1. 1. 1. 1. 1.]
  [1. 1. 1. 1. 1.]]

 [[1. 1. 1. 1. 1.]
  [1. 1. 1. 1. 1.]
  [1. 1. 1. 1. 1.]
  [1. 1. 1. 1. 1.]]

 [[1. 1. 1. 1. 1.]
  [1. 1. 1. 1. 1.]
  [1. 1. 1. 1. 1.]
  [1. 1. 1. 1. 1.]]]
(Unnamed Layer* 0) [Reduce]_output
[[4. 4. 4. 4. 4.]
 [4. 4. 4. 4. 4.]
 [4. 4. 4. 4. 4.]]
============================== End   [case_simple]
Members of tensorrt.tensorrt.ReduceOperation:
 0 -> SUM
 1 -> PROD
 2 -> MAX
 3 -> MIN
 4 -> AVG
 5 -> NONE
Finish
