&&&& RUNNING TensorRT.trtexec [TensorRT v101600] [b72] # /usr/bin/trtexec --onnx=/work/github/trt-samples-for-hackathon-cn-wili/cookbook/00-Data/model/model-trained.onnx --saveEngine=model-trained.trt
[07/02/2026-03:40:58] [I] TF32 is enabled by default. Add --noTF32 flag to further improve accuracy with some performance cost.
[07/02/2026-03:40:58] [I] === Model Options ===
[07/02/2026-03:40:58] [I] Format: ONNX
[07/02/2026-03:40:58] [I] Model: /work/github/trt-samples-for-hackathon-cn-wili/cookbook/00-Data/model/model-trained.onnx
[07/02/2026-03:40:58] [I] Output:
[07/02/2026-03:40:58] [I] === Build Options ===
[07/02/2026-03:40:58] [I] Memory Pools: workspace: default, dlaSRAM: default, dlaLocalDRAM: default, dlaGlobalDRAM: default, tacticSharedMem: default
[07/02/2026-03:40:58] [I] avgTiming: 8
[07/02/2026-03:40:58] [I] Precision: FP32
[07/02/2026-03:40:58] [I] LayerPrecisions:
[07/02/2026-03:40:58] [I] Layer Device Types:
[07/02/2026-03:40:58] [I] Decomposable Attentions:
[07/02/2026-03:40:58] [I] Calibration:
[07/02/2026-03:40:58] [I] Refit: Disabled
[07/02/2026-03:40:58] [I] Strip weights: Disabled
[07/02/2026-03:40:58] [I] Version Compatible: Disabled
[07/02/2026-03:40:58] [I] ONNX Plugin InstanceNorm: Disabled
[07/02/2026-03:40:58] [I] ONNX kENABLE_UINT8_AND_ASYMMETRIC_QUANTIZATION_DLA flag: Disabled
[07/02/2026-03:40:58] [I] ONNX kREPORT_CAPABILITY_DLA flag: Disabled
[07/02/2026-03:40:58] [I] ONNX kADJUST_FOR_DLA flag: Disabled
[07/02/2026-03:40:58] [I] ONNX kENABLE_PLUGIN_OVERRIDE flag: Disabled
[07/02/2026-03:40:58] [I] TensorRT runtime: full
[07/02/2026-03:40:58] [I] Lean DLL Path:
[07/02/2026-03:40:58] [I] Tempfile Controls: { in_memory: allow, temporary: allow }
[07/02/2026-03:40:58] [I] Exclude Lean Runtime: Disabled
[07/02/2026-03:40:58] [I] Sparsity: Disabled
[07/02/2026-03:40:58] [I] Safe mode: Disabled
[07/02/2026-03:40:58] [I] Build DLA standalone loadable: Disabled
[07/02/2026-03:40:58] [I] Allow GPU fallback for DLA: Disabled
[07/02/2026-03:40:58] [I] DirectIO mode: Disabled
[07/02/2026-03:40:58] [I] Restricted mode: Disabled
[07/02/2026-03:40:58] [I] Skip inference: Disabled
[07/02/2026-03:40:58] [I] Save engine: model-trained.trt
[07/02/2026-03:40:58] [I] Load engine:
[07/02/2026-03:40:58] [I] Profiling verbosity: 0
[07/02/2026-03:40:58] [I] Tactic sources: Using default tactic sources
[07/02/2026-03:40:58] [I] timingCacheMode: local
[07/02/2026-03:40:58] [I] timingCacheFile:
[07/02/2026-03:40:58] [I] Enable Compilation Cache: Enabled
[07/02/2026-03:40:58] [I] Enable Monitor Memory: Disabled
[07/02/2026-03:40:58] [I] CPU Only Mode: Disabled
[07/02/2026-03:40:58] [I] errorOnTimingCacheMiss: Disabled
[07/02/2026-03:40:58] [I] Preview Features: Use default preview flags.
[07/02/2026-03:40:58] [I] MaxAuxStreams: -1
[07/02/2026-03:40:58] [I] BuilderOptimizationLevel: -1
[07/02/2026-03:40:58] [I] MaxTactics: -1
[07/02/2026-03:40:58] [I] Calibration Profile Index: 0
[07/02/2026-03:40:58] [I] Weight Streaming: Disabled
[07/02/2026-03:40:58] [I] Runtime Platform: Same As Build
[07/02/2026-03:40:58] [I] Debug Tensors:
[07/02/2026-03:40:58] [I] Distributive Independence: Disabled
[07/02/2026-03:40:58] [I] Mark Unfused Tensors As Debug Tensors: Disabled
[07/02/2026-03:40:58] [I] Input(s)s format: fp32:CHW
[07/02/2026-03:40:58] [I] Output(s)s format: fp32:CHW
[07/02/2026-03:40:58] [I] Input build shapes: model
[07/02/2026-03:40:58] [I] Input calibration shapes: model
[07/02/2026-03:40:58] [I] === System Options ===
[07/02/2026-03:40:58] [I] Device: 0
[07/02/2026-03:40:58] [I] DLACore:
[07/02/2026-03:40:58] [I] Loaded static plugins:
[07/02/2026-03:40:58] [I] setPluginsToSerialize:
[07/02/2026-03:40:58] [I] dynamicPlugins:
[07/02/2026-03:40:58] [I] ignoreParsedPluginLibs: 0
[07/02/2026-03:40:58] [I]
[07/02/2026-03:40:58] [I] === Inference Options ===
[07/02/2026-03:40:58] [I] Batch: Explicit
[07/02/2026-03:40:58] [I] Input inference shapes: model
[07/02/2026-03:40:58] [I] Iterations: 10
[07/02/2026-03:40:58] [I] Duration: 3s (+ 200ms warm up)
[07/02/2026-03:40:58] [I] Sleep time: 0ms
[07/02/2026-03:40:58] [I] Idle time: 0ms
[07/02/2026-03:40:58] [I] Inference Streams: 1
[07/02/2026-03:40:58] [I] ExposeDMA: Disabled
[07/02/2026-03:40:58] [I] Data transfers: Enabled
[07/02/2026-03:40:58] [I] Spin-wait: Disabled
[07/02/2026-03:40:58] [I] Multithreading: Disabled
[07/02/2026-03:40:58] [I] CUDA Graph: Disabled
[07/02/2026-03:40:58] [I] Separate profiling: Disabled
[07/02/2026-03:40:58] [I] Time Deserialize: Disabled
[07/02/2026-03:40:58] [I] Time Refit: Disabled
[07/02/2026-03:40:58] [I] NVTX verbosity: 0
[07/02/2026-03:40:58] [I] Persistent Cache Ratio: 0
[07/02/2026-03:40:58] [I] Optimization Profile Index: 0
[07/02/2026-03:40:58] [I] Weight Streaming Budget: 100.000000%
[07/02/2026-03:40:58] [I] Inputs:
[07/02/2026-03:40:58] [I] Debug Tensor Save Destinations:
[07/02/2026-03:40:58] [I] Dump All Debug Tensor in Formats:
[07/02/2026-03:40:58] [I] === Reporting Options ===
[07/02/2026-03:40:58] [I] Verbose: Disabled
[07/02/2026-03:40:58] [I] Averages: 10 inferences
[07/02/2026-03:40:58] [I] Percentiles: 90,95,99
[07/02/2026-03:40:58] [I] Dump refittable layers:Disabled
[07/02/2026-03:40:58] [I] Dump output: Disabled
[07/02/2026-03:40:58] [I] Profile: Disabled
[07/02/2026-03:40:58] [I] Export timing to JSON file:
[07/02/2026-03:40:58] [I] Export output to JSON file:
[07/02/2026-03:40:58] [I] Export profile to JSON file:
[07/02/2026-03:40:58] [I]
[07/02/2026-03:40:58] [I] === Device Information ===
[07/02/2026-03:40:58] [I] Available Devices:
[07/02/2026-03:40:58] [I]   Device 0: "NVIDIA RTX 6000 Ada Generation" UUID: GPU-6794f491-ac89-5cef-cdc5-a41123217fbd
[07/02/2026-03:40:58] [I] Selected Device: NVIDIA RTX 6000 Ada Generation
[07/02/2026-03:40:58] [I] Selected Device ID: 0
[07/02/2026-03:40:58] [I] Selected Device UUID: GPU-6794f491-ac89-5cef-cdc5-a41123217fbd
[07/02/2026-03:40:58] [I] Compute Capability: 8.9
[07/02/2026-03:40:58] [I] SMs: 142
[07/02/2026-03:40:58] [I] Device Global Memory: 48501 MiB
[07/02/2026-03:40:58] [I] Shared Memory per SM: 100 KiB
[07/02/2026-03:40:58] [I] Memory Bus Width: 384 bits (ECC disabled)
[07/02/2026-03:40:58] [I] Application Compute Clock Rate: 2.505 GHz
[07/02/2026-03:40:58] [I] Application Memory Clock Rate: 10.001 GHz
[07/02/2026-03:40:58] [I]
[07/02/2026-03:40:58] [I] Note: The application clock rates do not reflect the actual clock rates that the GPU is currently running at.
[07/02/2026-03:40:58] [I]
[07/02/2026-03:40:58] [I] TensorRT version: 10.16.0
[07/02/2026-03:40:58] [I] Loading standard plugins
[07/02/2026-03:40:58] [I] [TRT] [MemUsageChange] Init CUDA: CPU +1, GPU +0, now: CPU 69, GPU 1666 (MiB)
[07/02/2026-03:40:58] [I] Start parsing network model.
[07/02/2026-03:40:58] [I] [TRT] ----------------------------------------------------------------
[07/02/2026-03:40:58] [I] [TRT] Input filename:   /work/github/trt-samples-for-hackathon-cn-wili/cookbook/00-Data/model/model-trained.onnx
[07/02/2026-03:40:58] [I] [TRT] ONNX IR version:  0.0.10
[07/02/2026-03:40:58] [I] [TRT] Opset version:    18
[07/02/2026-03:40:58] [I] [TRT] Producer name:    pytorch
[07/02/2026-03:40:58] [I] [TRT] Producer version: 2.11.0a0+a6c236b9fd.nv26.03.46836102
[07/02/2026-03:40:58] [I] [TRT] Domain:
[07/02/2026-03:40:58] [I] [TRT] Model version:    0
[07/02/2026-03:40:58] [I] [TRT] Doc string:
[07/02/2026-03:40:58] [I] [TRT] ----------------------------------------------------------------
[07/02/2026-03:40:58] [W] [TRT] ModelImporter.cpp:994: Make sure output z has Int64 binding.
[07/02/2026-03:40:58] [I] Finished parsing network model. Parse time: 0.0233689
[07/02/2026-03:40:58] [W] Dynamic dimensions required for input: x, but no shapes were provided. Automatically overriding shape to: 1x1x28x28
[07/02/2026-03:40:58] [I] Set shape of input tensor x for optimization profile 0 to: MIN=1x1x28x28 OPT=1x1x28x28 MAX=1x1x28x28
[07/02/2026-03:40:59] [I] [TRT] [MemUsageChange] Init builder kernel library: CPU +209, GPU +4, now: CPU 556, GPU 1670 (MiB)
[07/02/2026-03:40:59] [I] [TRT] Local timing cache in use. Profiling results in this builder pass will not be stored.
[07/02/2026-03:41:00] [I] [TRT] Compiler backend is used during engine build.
[07/02/2026-03:41:02] [I] [TRT] Detected 1 inputs and 2 output network tensors.
[07/02/2026-03:41:02] [I] [TRT] Total Host Persistent Memory: 18960 bytes
[07/02/2026-03:41:02] [I] [TRT] Total Device Persistent Memory: 0 bytes
[07/02/2026-03:41:02] [I] [TRT] Max Scratch Memory: 4608 bytes
[07/02/2026-03:41:02] [I] [TRT] [BlockAssignment] Started assigning block shifts. This will take 5 steps to complete.
[07/02/2026-03:41:02] [I] [TRT] [BlockAssignment] Algorithm ShiftNTopDown took 0.01202ms to assign 2 blocks to 5 nodes requiring 125440 bytes.
[07/02/2026-03:41:02] [I] [TRT] Total Activation Memory: 125440 bytes
[07/02/2026-03:41:02] [I] [TRT] Total Weights Memory: 13100672 bytes
[07/02/2026-03:41:02] [I] [TRT] Compiler backend is used during engine execution.
[07/02/2026-03:41:02] [I] [TRT] Engine generation completed in 2.97397 seconds.
[07/02/2026-03:41:02] [I] [TRT] [MemUsageStats] Peak memory usage of TRT CPU/GPU memory allocators: CPU 0 MiB, GPU 13 MiB
[07/02/2026-03:41:02] [I] Created engine with size: 12.5709 MiB
[07/02/2026-03:41:02] [I] Engine built in 3.37794 sec.
[07/02/2026-03:41:02] [I] [TRT] Loaded engine size: 12 MiB
[07/02/2026-03:41:02] [I] Engine deserialized in 0.00596443 sec.
[07/02/2026-03:41:02] [I] [TRT] [MemUsageChange] TensorRT-managed allocation in IExecutionContext creation: CPU +0, GPU +0, now: CPU 0, GPU 12 (MiB)
[07/02/2026-03:41:02] [I] Setting persistentCacheLimit to 0 bytes.
[07/02/2026-03:41:02] [I] Created execution context with device memory size: 0.119629 MiB
[07/02/2026-03:41:02] [I] Using random values for input x
[07/02/2026-03:41:02] [I] Input binding for x with dimensions 1x1x28x28 and type fp32 is created.
[07/02/2026-03:41:02] [I] Output binding for y with dimensions 1x10 and type fp32 is created.
[07/02/2026-03:41:02] [I] Output binding for z with dimensions 1 and type int64 is created.
[07/02/2026-03:41:02] [I] Starting inference
[07/02/2026-03:41:05] [I] Warmup completed 1880 queries over 200 ms
[07/02/2026-03:41:05] [I] Timing trace has 29016 queries over 3.00015 s
[07/02/2026-03:41:05] [I]
[07/02/2026-03:41:05] [I] === Trace details ===
[07/02/2026-03:41:05] [I] Trace averages of 10 runs:
[07/02/2026-03:41:05] [I] Average on 10 runs - GPU latency: 0.0562042 ms - Host latency: 0.070668 ms (enqueue 0.0533493 ms)
[07/02/2026-03:41:05] [I] Average on 10 runs - GPU latency: 0.0705551 ms - Host latency: 0.0903107 ms (enqueue 0.0694321 ms)
[07/02/2026-03:41:05] [I] Average on 10 runs - GPU latency: 0.0699509 ms - Host latency: 0.0886246 ms (enqueue 0.0688721 ms)
[07/02/2026-03:41:05] [I] Average on 10 runs - GPU latency: 0.0686539 ms - Host latency: 0.0890671 ms (enqueue 0.0687088 ms)
[07/02/2026-03:41:05] [I] Average on 10 runs - GPU latency: 0.0707489 ms - Host latency: 0.0906082 ms (enqueue 0.069101 ms)
[07/02/2026-03:41:05] [I] Average on 10 runs - GPU latency: 0.07659 ms - Host latency: 0.093895 ms (enqueue 0.0637695 ms)
[07/02/2026-03:41:05] [I] Average on 10 runs - GPU latency: 0.0806015 ms - Host latency: 0.0962158 ms (enqueue 0.0643402 ms)
[07/02/2026-03:41:05] [I] Average on 10 runs - GPU latency: 0.188747 ms - Host latency: 0.231247 ms (enqueue 0.183807 ms)
[07/02/2026-03:41:05] [I] Average on 10 runs - GPU latency: 0.0841202 ms - Host latency: 0.0980225 ms (enqueue 0.0555405 ms)
[07/02/2026-03:41:05] [I] Average on 10 runs - GPU latency: 0.0534851 ms - Host latency: 0.0675049 ms (enqueue 0.0509842 ms)
[07/02/2026-03:41:05] [I] Average on 10 runs - GPU latency: 0.0883362 ms - Host latency: 0.111378 ms (enqueue 0.0842789 ms)
[07/02/2026-03:41:05] [I] Average on 10 runs - GPU latency: 0.0507751 ms - Host latency: 0.0654541 ms (enqueue 0.0480362 ms)
[07/02/2026-03:41:05] [I] Average on 10 runs - GPU latency: 0.0522415 ms - Host latency: 0.0659943 ms (enqueue 0.0489349 ms)
[07/02/2026-03:41:05] [I] Average on 10 runs - GPU latency: 0.0628952 ms - Host latency: 0.0786331 ms (enqueue 0.0600128 ms)
[07/02/2026-03:41:05] [I] Average on 10 runs - GPU latency: 0.0530029 ms - Host latency: 0.0680603 ms (enqueue 0.050325 ms)
[07/02/2026-03:41:05] [I] Average on 10 runs - GPU latency: 0.0508118 ms - Host latency: 0.0646545 ms (enqueue 0.0481735 ms)
[07/02/2026-03:41:05] [I] Average on 10 runs - GPU latency: 0.0509003 ms - Host latency: 0.0654037 ms (enqueue 0.0484497 ms)
[07/02/2026-03:41:05] [I] Average on 10 runs - GPU latency: 0.0520691 ms - Host latency: 0.067131 ms (enqueue 0.0492538 ms)
[07/02/2026-03:41:05] [I] Average on 10 runs - GPU latency: 0.0513077 ms - Host latency: 0.0652908 ms (enqueue 0.0485764 ms)
[07/02/2026-03:41:05] [I] Average on 10 runs - GPU latency: 0.0524673 ms - Host latency: 0.066272 ms (enqueue 0.0497864 ms)
[07/02/2026-03:41:05] [I] Average on 10 runs - GPU latency: 0.0527054 ms - Host latency: 0.0670609 ms (enqueue 0.0499832 ms)
[07/02/2026-03:41:05] [I] Average on 10 runs - GPU latency: 0.060965 ms - Host latency: 0.0952621 ms (enqueue 0.0689697 ms)
[07/02/2026-03:41:05] [I] Average on 10 runs - GPU latency: 0.0500641 ms - Host latency: 0.0641403 ms (enqueue 0.0500229 ms)
[07/02/2026-03:41:05] [I] Average on 10 runs - GPU latency: 0.0513275 ms - Host latency: 0.0656631 ms (enqueue 0.0487213 ms)
[07/02/2026-03:41:05] [I] Average on 10 runs - GPU latency: 0.0519135 ms - Host latency: 0.0656601 ms (enqueue 0.0492661 ms)
[07/02/2026-03:41:05] [I] Average on 10 runs - GPU latency: 0.0531525 ms - Host latency: 0.0669693 ms (enqueue 0.0505066 ms)
[07/02/2026-03:41:05] [I] Average on 10 runs - GPU latency: 0.0514359 ms - Host latency: 0.0657196 ms (enqueue 0.0489151 ms)
[07/02/2026-03:41:05] [I] Average on 10 runs - GPU latency: 0.0481247 ms - Host latency: 0.0628449 ms (enqueue 0.0498825 ms)
[07/02/2026-03:41:05] [I] Average on 10 runs - GPU latency: 0.0426147 ms - Host latency: 0.0559326 ms (enqueue 0.0517639 ms)
[07/02/2026-03:41:05] [I] Average on 10 runs - GPU latency: 0.0561279 ms - Host latency: 0.0724762 ms (enqueue 0.0538605 ms)
[07/02/2026-03:41:05] [I] Average on 10 runs - GPU latency: 0.0530472 ms - Host latency: 0.0670578 ms (enqueue 0.0508987 ms)
[07/02/2026-03:41:05] [I] Average on 10 runs - GPU latency: 0.0519897 ms - Host latency: 0.066008 ms (enqueue 0.0500015 ms)
[07/02/2026-03:41:05] [I] Average on 10 runs - GPU latency: 0.0514267 ms - Host latency: 0.0652115 ms (enqueue 0.0494492 ms)
[07/02/2026-03:41:05] [I] Average on 10 runs - GPU latency: 0.0511978 ms - Host latency: 0.0657669 ms (enqueue 0.0492233 ms)
[07/02/2026-03:41:05] [I] Average on 10 runs - GPU latency: 0.0500381 ms - Host latency: 0.0637543 ms (enqueue 0.047908 ms)
[07/02/2026-03:41:05] [I] Average on 10 runs - GPU latency: 0.050795 ms - Host latency: 0.0646774 ms (enqueue 0.0487625 ms)
[07/02/2026-03:41:05] [I] Average on 10 runs - GPU latency: 0.0505585 ms - Host latency: 0.0649735 ms (enqueue 0.0483444 ms)
[07/02/2026-03:41:05] [I] Average on 10 runs - GPU latency: 0.0504303 ms - Host latency: 0.0642853 ms (enqueue 0.0484711 ms)
[07/02/2026-03:41:05] [I] Average on 10 runs - GPU latency: 0.0638763 ms - Host latency: 0.0773666 ms (enqueue 0.0496414 ms)
[07/02/2026-03:41:05] [I] Average on 10 runs - GPU latency: 0.0612549 ms - Host latency: 0.0756836 ms (enqueue 0.0591385 ms)
[07/02/2026-03:41:05] [I] Average on 10 runs - GPU latency: 0.0668838 ms - Host latency: 0.0851486 ms (enqueue 0.0546249 ms)
[07/02/2026-03:41:05] [I] Average on 10 runs - GPU latency: 0.059137 ms - Host latency: 0.0767044 ms (enqueue 0.0602188 ms)
[07/02/2026-03:41:05] [I] Average on 10 runs - GPU latency: 0.0664413 ms - Host latency: 0.0868607 ms (enqueue 0.0663544 ms)
[07/02/2026-03:41:05] [I] Average on 10 runs - GPU latency: 0.0653259 ms - Host latency: 0.0830734 ms (enqueue 0.0662537 ms)
[07/02/2026-03:41:05] [I] Average on 10 runs - GPU latency: 0.0627228 ms - Host latency: 0.0817566 ms (enqueue 0.0644379 ms)
[07/02/2026-03:41:05] [I] Average on 10 runs - GPU latency: 0.0639847 ms - Host latency: 0.0993744 ms (enqueue 0.0556519 ms)
[07/02/2026-03:41:05] [I] Average on 10 runs - GPU latency: 0.0693832 ms - Host latency: 0.0909897 ms (enqueue 0.0659348 ms)
[07/02/2026-03:41:05] [I] Average on 10 runs - GPU latency: 0.064859 ms - Host latency: 0.0819397 ms (enqueue 0.0623993 ms)
[07/02/2026-03:41:05] [I] Average on 10 runs - GPU latency: 0.0667023 ms - Host latency: 0.084729 ms (enqueue 0.0641846 ms)
[07/02/2026-03:41:05] [I] Average on 10 runs - GPU latency: 0.0521072 ms - Host latency: 0.0661377 ms (enqueue 0.0502304 ms)
[07/02/2026-03:41:05] [I] Average on 10 runs - GPU latency: 0.0506943 ms - Host latency: 0.0640747 ms (enqueue 0.0520309 ms)
[07/02/2026-03:41:05] [I] Average on 10 runs - GPU latency: 0.0671753 ms - Host latency: 0.0805511 ms (enqueue 0.0521896 ms)
[07/02/2026-03:41:05] [I] Average on 10 runs - GPU latency: 0.0527222 ms - Host latency: 0.0666107 ms (enqueue 0.0499252 ms)
[07/02/2026-03:41:05] [I] Average on 10 runs - GPU latency: 0.0524918 ms - Host latency: 0.0662888 ms (enqueue 0.0499039 ms)
[07/02/2026-03:41:05] [I] Average on 10 runs - GPU latency: 0.0630325 ms - Host latency: 0.0767899 ms (enqueue 0.0501282 ms)
[07/02/2026-03:41:05] [I] Average on 10 runs - GPU latency: 0.0531006 ms - Host latency: 0.0673126 ms (enqueue 0.050412 ms)
[07/02/2026-03:41:05] [I] Average on 10 runs - GPU latency: 0.0556091 ms - Host latency: 0.068631 ms (enqueue 0.0512573 ms)
[07/02/2026-03:41:05] [I] Average on 10 runs - GPU latency: 0.0487427 ms - Host latency: 0.0622345 ms (enqueue 0.0512207 ms)
[07/02/2026-03:41:05] [I] Average on 10 runs - GPU latency: 0.0535217 ms - Host latency: 0.0675446 ms (enqueue 0.0508911 ms)
[07/02/2026-03:41:05] [I] Average on 10 runs - GPU latency: 0.0548248 ms - Host latency: 0.0692749 ms (enqueue 0.0521698 ms)
[07/02/2026-03:41:05] [I] Average on 10 runs - GPU latency: 0.0533478 ms - Host latency: 0.0671875 ms (enqueue 0.0507446 ms)
[07/02/2026-03:41:05] [I] Average on 10 runs - GPU latency: 0.052652 ms - Host latency: 0.0667908 ms (enqueue 0.0500427 ms)
[07/02/2026-03:41:05] [I] Average on 10 runs - GPU latency: 0.052121 ms - Host latency: 0.0657867 ms (enqueue 0.0495361 ms)
[07/02/2026-03:41:05] [I] Average on 10 runs - GPU latency: 0.0591339 ms - Host latency: 0.0723053 ms (enqueue 0.0516327 ms)
[07/02/2026-03:41:05] [I] Average on 10 runs - GPU latency: 0.0530426 ms - Host latency: 0.0668243 ms (enqueue 0.0503998 ms)
[07/02/2026-03:41:05] [I] Average on 10 runs - GPU latency: 0.0533569 ms - Host latency: 0.0670807 ms (enqueue 0.0507477 ms)
[07/02/2026-03:41:05] [I] Average on 10 runs - GPU latency: 0.0508942 ms - Host latency: 0.0646851 ms (enqueue 0.0482697 ms)
[07/02/2026-03:41:05] [I] Average on 10 runs - GPU latency: 0.0504486 ms - Host latency: 0.0642883 ms (enqueue 0.0478363 ms)
[07/02/2026-03:41:05] [I] Average on 10 runs - GPU latency: 0.0505615 ms - Host latency: 0.0645569 ms (enqueue 0.0473358 ms)
[07/02/2026-03:41:05] [I] Average on 10 runs - GPU latency: 0.049881 ms - Host latency: 0.063736 ms (enqueue 0.0473511 ms)
[07/02/2026-03:41:05] [I] Average on 10 runs - GPU latency: 0.0512268 ms - Host latency: 0.0649292 ms (enqueue 0.048526 ms)
[07/02/2026-03:41:05] [I] Average on 10 runs - GPU latency: 0.0496338 ms - Host latency: 0.0639648 ms (enqueue 0.0470337 ms)
[07/02/2026-03:41:05] [I] Average on 10 runs - GPU latency: 0.0502472 ms - Host latency: 0.0640198 ms (enqueue 0.0475159 ms)
[07/02/2026-03:41:05] [I] Average on 10 runs - GPU latency: 0.0506378 ms - Host latency: 0.0644592 ms (enqueue 0.0479767 ms)
[07/02/2026-03:41:05] [I] Average on 10 runs - GPU latency: 0.0652924 ms - Host latency: 0.0788849 ms (enqueue 0.0479309 ms)
[07/02/2026-03:41:05] [I] Average on 10 runs - GPU latency: 0.0495361 ms - Host latency: 0.0634216 ms (enqueue 0.0486633 ms)
[07/02/2026-03:41:05] [I] Average on 10 runs - GPU latency: 0.0504333 ms - Host latency: 0.0640808 ms (enqueue 0.047821 ms)
[07/02/2026-03:41:05] [I] Average on 10 runs - GPU latency: 0.0501282 ms - Host latency: 0.0638733 ms (enqueue 0.0474579 ms)
[07/02/2026-03:41:05] [I] Average on 10 runs - GPU latency: 0.0516602 ms - Host latency: 0.0655518 ms (enqueue 0.0490479 ms)
[07/02/2026-03:41:05] [I] Average on 10 runs - GPU latency: 0.0497833 ms - Host latency: 0.0635559 ms (enqueue 0.0472046 ms)
[07/02/2026-03:41:05] [I] Average on 10 runs - GPU latency: 0.0499359 ms - Host latency: 0.063977 ms (enqueue 0.0473541 ms)
[07/02/2026-03:41:05] [I] Average on 10 runs - GPU latency: 0.0602142 ms - Host latency: 0.0746429 ms (enqueue 0.0491364 ms)
[07/02/2026-03:41:05] [I] Average on 10 runs - GPU latency: 0.0535858 ms - Host latency: 0.0714752 ms (enqueue 0.053418 ms)
[07/02/2026-03:41:05] [I] Average on 10 runs - GPU latency: 0.0588562 ms - Host latency: 0.0772888 ms (enqueue 0.0575287 ms)
[07/02/2026-03:41:05] [I] Average on 10 runs - GPU latency: 0.0684235 ms - Host latency: 0.0872894 ms (enqueue 0.0662292 ms)
[07/02/2026-03:41:05] [I] Average on 10 runs - GPU latency: 0.0606934 ms - Host latency: 0.0775116 ms (enqueue 0.0604156 ms)
[07/02/2026-03:41:05] [I] Average on 10 runs - GPU latency: 0.0642853 ms - Host latency: 0.082721 ms (enqueue 0.0625977 ms)
[07/02/2026-03:41:05] [I] Average on 10 runs - GPU latency: 0.0648315 ms - Host latency: 0.0806183 ms (enqueue 0.0585907 ms)
[07/02/2026-03:41:05] [I] Average on 10 runs - GPU latency: 0.0841614 ms - Host latency: 0.106259 ms (enqueue 0.080069 ms)
[07/02/2026-03:41:05] [I] Average on 10 runs - GPU latency: 0.0847412 ms - Host latency: 0.101968 ms (enqueue 0.0750885 ms)
[07/02/2026-03:41:05] [I] Average on 10 runs - GPU latency: 0.138165 ms - Host latency: 0.158841 ms (enqueue 0.124161 ms)
[07/02/2026-03:41:05] [I] Average on 10 runs - GPU latency: 0.0857819 ms - Host latency: 0.0994995 ms (enqueue 0.0715729 ms)
[07/02/2026-03:41:05] [I] Average on 10 runs - GPU latency: 0.0560028 ms - Host latency: 0.0708954 ms (enqueue 0.0530518 ms)
[07/02/2026-03:41:05] [I] Average on 10 runs - GPU latency: 0.0575165 ms - Host latency: 0.0722809 ms (enqueue 0.054538 ms)
[07/02/2026-03:41:05] [I] Average on 10 runs - GPU latency: 0.0571625 ms - Host latency: 0.0712067 ms (enqueue 0.0542786 ms)
[07/02/2026-03:41:05] [I] Average on 10 runs - GPU latency: 0.0540375 ms - Host latency: 0.0682587 ms (enqueue 0.0513824 ms)
[07/02/2026-03:41:05] [I] Average on 10 runs - GPU latency: 0.0372711 ms - Host latency: 0.0533051 ms (enqueue 0.0540588 ms)
[07/02/2026-03:41:05] [I] Average on 10 runs - GPU latency: 0.053949 ms - Host latency: 0.0687073 ms (enqueue 0.0518494 ms)
[07/02/2026-03:41:05] [I] Average on 10 runs - GPU latency: 0.0528748 ms - Host latency: 0.0696137 ms (enqueue 0.0508545 ms)
[07/02/2026-03:41:05] [I] Average on 10 runs - GPU latency: 0.0553131 ms - Host latency: 0.0699585 ms (enqueue 0.0531433 ms)
[07/02/2026-03:41:05] [I] Average on 10 runs - GPU latency: 0.079953 ms - Host latency: 0.096048 ms (enqueue 0.0521362 ms)
[07/02/2026-03:41:05] [I] Average on 10 runs - GPU latency: 0.0580048 ms - Host latency: 0.0743408 ms (enqueue 0.0550751 ms)
[07/02/2026-03:41:05] [I] Average on 10 runs - GPU latency: 0.0915985 ms - Host latency: 0.113794 ms (enqueue 0.0878784 ms)
[07/02/2026-03:41:05] [I] Average on 10 runs - GPU latency: 0.0545288 ms - Host latency: 0.073526 ms (enqueue 0.0517029 ms)
[07/02/2026-03:41:05] [I] Average on 10 runs - GPU latency: 0.0536865 ms - Host latency: 0.0682281 ms (enqueue 0.0509216 ms)
[07/02/2026-03:41:05] [I] Average on 10 runs - GPU latency: 0.0658875 ms - Host latency: 0.0795441 ms (enqueue 0.0522003 ms)
[07/02/2026-03:41:05] [I] Average on 10 runs - GPU latency: 0.0584106 ms - Host latency: 0.0724976 ms (enqueue 0.0542908 ms)
[07/02/2026-03:41:05] [I] Average on 10 runs - GPU latency: 0.0539642 ms - Host latency: 0.0672058 ms (enqueue 0.0524445 ms)
[07/02/2026-03:41:05] [I] Average on 10 runs - GPU latency: 0.0541443 ms - Host latency: 0.068808 ms (enqueue 0.051355 ms)
[07/02/2026-03:41:05] [I] Average on 10 runs - GPU latency: 0.0530945 ms - Host latency: 0.0665924 ms (enqueue 0.0501862 ms)
[07/02/2026-03:41:05] [I] Average on 10 runs - GPU latency: 0.0525085 ms - Host latency: 0.0662079 ms (enqueue 0.0498169 ms)
[07/02/2026-03:41:05] [I] Average on 10 runs - GPU latency: 0.0541748 ms - Host latency: 0.0680298 ms (enqueue 0.0514343 ms)
[07/02/2026-03:41:05] [I] Average on 10 runs - GPU latency: 0.0485901 ms - Host latency: 0.0761749 ms (enqueue 0.05065 ms)
[07/02/2026-03:41:05] [I] Average on 10 runs - GPU latency: 0.0623474 ms - Host latency: 0.0763061 ms (enqueue 0.0564606 ms)
[07/02/2026-03:41:05] [I] Average on 10 runs - GPU latency: 0.0519104 ms - Host latency: 0.0652435 ms (enqueue 0.0499146 ms)
[07/02/2026-03:41:05] [I] Average on 10 runs - GPU latency: 0.0522614 ms - Host latency: 0.066214 ms (enqueue 0.0495575 ms)
[07/02/2026-03:41:05] [I] Average on 10 runs - GPU latency: 0.0513519 ms - Host latency: 0.0649933 ms (enqueue 0.0486938 ms)
[07/02/2026-03:41:05] [I] Average on 10 runs - GPU latency: 0.0519531 ms - Host latency: 0.0657654 ms (enqueue 0.049295 ms)
[07/02/2026-03:41:05] [I] Average on 10 runs - GPU latency: 0.0526459 ms - Host latency: 0.0667084 ms (enqueue 0.0499878 ms)
[07/02/2026-03:41:05] [I] Average on 10 runs - GPU latency: 0.0523376 ms - Host latency: 0.0661896 ms (enqueue 0.0497009 ms)
[07/02/2026-03:41:05] [I] Average on 10 runs - GPU latency: 0.0518127 ms - Host latency: 0.0654388 ms (enqueue 0.0490906 ms)
[07/02/2026-03:41:05] [I] Average on 10 runs - GPU latency: 0.0604279 ms - Host latency: 0.0783051 ms (enqueue 0.0611847 ms)
[07/02/2026-03:41:05] [I] Average on 10 runs - GPU latency: 0.0587555 ms - Host latency: 0.0772797 ms (enqueue 0.0613007 ms)
[07/02/2026-03:41:05] [I] Average on 10 runs - GPU latency: 0.0731964 ms - Host latency: 0.0943909 ms (enqueue 0.071463 ms)
[07/02/2026-03:41:05] [I] Average on 10 runs - GPU latency: 0.0791962 ms - Host latency: 0.0980133 ms (enqueue 0.0718018 ms)
[07/02/2026-03:41:05] [I] Average on 10 runs - GPU latency: 0.0694061 ms - Host latency: 0.0922943 ms (enqueue 0.0703522 ms)
[07/02/2026-03:41:05] [I] Average on 10 runs - GPU latency: 0.05242 ms - Host latency: 0.0692444 ms (enqueue 0.065152 ms)
[07/02/2026-03:41:05] [I] Average on 10 runs - GPU latency: 0.0741333 ms - Host latency: 0.0921661 ms (enqueue 0.070343 ms)
[07/02/2026-03:41:05] [I] Average on 10 runs - GPU latency: 0.0738098 ms - Host latency: 0.0929901 ms (enqueue 0.0747406 ms)
[07/02/2026-03:41:05] [I] Average on 10 runs - GPU latency: 0.0725464 ms - Host latency: 0.0878662 ms (enqueue 0.0674103 ms)
[07/02/2026-03:41:05] [I] Average on 10 runs - GPU latency: 0.0644653 ms - Host latency: 0.0782196 ms (enqueue 0.0534363 ms)
[07/02/2026-03:41:05] [I] Average on 10 runs - GPU latency: 0.0593903 ms - Host latency: 0.0746246 ms (enqueue 0.0571472 ms)
[07/02/2026-03:41:05] [I] Average on 10 runs - GPU latency: 0.0534943 ms - Host latency: 0.0677093 ms (enqueue 0.0514679 ms)
[07/02/2026-03:41:05] [I] Average on 10 runs - GPU latency: 0.0529144 ms - Host latency: 0.0666046 ms (enqueue 0.0509796 ms)
[07/02/2026-03:41:05] [I] Average on 10 runs - GPU latency: 0.0548523 ms - Host latency: 0.0688171 ms (enqueue 0.0527466 ms)
[07/02/2026-03:41:05] [I] Average on 10 runs - GPU latency: 0.0542999 ms - Host latency: 0.0682037 ms (enqueue 0.0522705 ms)
[07/02/2026-03:41:05] [I] Average on 10 runs - GPU latency: 0.050592 ms - Host latency: 0.0642273 ms (enqueue 0.0485565 ms)
[07/02/2026-03:41:05] [I] Average on 10 runs - GPU latency: 0.0503296 ms - Host latency: 0.0638947 ms (enqueue 0.0483276 ms)
[07/02/2026-03:41:05] [I] Average on 10 runs - GPU latency: 0.0625153 ms - Host latency: 0.0856323 ms (enqueue 0.0490112 ms)
[07/02/2026-03:41:05] [I] Average on 10 runs - GPU latency: 0.0498108 ms - Host latency: 0.0639984 ms (enqueue 0.0478363 ms)
[07/02/2026-03:41:05] [I] Average on 10 runs - GPU latency: 0.0633484 ms - Host latency: 0.0768097 ms (enqueue 0.0497162 ms)
[07/02/2026-03:41:05] [I] Average on 10 runs - GPU latency: 0.049411 ms - Host latency: 0.0630768 ms (enqueue 0.047406 ms)
[07/02/2026-03:41:05] [I] Average on 10 runs - GPU latency: 0.0523499 ms - Host latency: 0.0663452 ms (enqueue 0.0502991 ms)
[07/02/2026-03:41:05] [I] Average on 10 runs - GPU latency: 0.0506348 ms - Host latency: 0.0644012 ms (enqueue 0.0486359 ms)
[07/02/2026-03:41:05] [I] Average on 10 runs - GPU latency: 0.0508484 ms - Host latency: 0.0648346 ms (enqueue 0.0487976 ms)
[07/02/2026-03:41:05] [I] Average on 10 runs - GPU latency: 0.0509308 ms - Host latency: 0.0646606 ms (enqueue 0.0488159 ms)
[07/02/2026-03:41:05] [I] Average on 10 runs - GPU latency: 0.0511841 ms - Host latency: 0.0649445 ms (enqueue 0.0491791 ms)
[07/02/2026-03:41:05] [I] Average on 10 runs - GPU latency: 0.0534149 ms - Host latency: 0.0671783 ms (enqueue 0.0513794 ms)
[07/02/2026-03:41:05] [I] Average on 10 runs - GPU latency: 0.0473358 ms - Host latency: 0.0610748 ms (enqueue 0.0493439 ms)
[07/02/2026-03:41:05] [I] Average on 10 runs - GPU latency: 0.0462067 ms - Host latency: 0.0595001 ms (enqueue 0.0526001 ms)
[07/02/2026-03:41:05] [I] Average on 10 runs - GPU latency: 0.0531097 ms - Host latency: 0.0670868 ms (enqueue 0.0503204 ms)
[07/02/2026-03:41:05] [I] Average on 10 runs - GPU latency: 0.0533966 ms - Host latency: 0.0674469 ms (enqueue 0.0505341 ms)
[07/02/2026-03:41:05] [I] Average on 10 runs - GPU latency: 0.0538208 ms - Host latency: 0.068338 ms (enqueue 0.0510986 ms)
[07/02/2026-03:41:05] [I] Average on 10 runs - GPU latency: 0.0544983 ms - Host latency: 0.0682983 ms (enqueue 0.0518921 ms)
[07/02/2026-03:41:05] [I] Average on 10 runs - GPU latency: 0.0536682 ms - Host latency: 0.0675323 ms (enqueue 0.050882 ms)
[07/02/2026-03:41:05] [I] Average on 10 runs - GPU latency: 0.0525635 ms - Host latency: 0.0665985 ms (enqueue 0.0498657 ms)
[07/02/2026-03:41:05] [I] Average on 10 runs - GPU latency: 0.0539703 ms - Host latency: 0.0677673 ms (enqueue 0.0512329 ms)
[07/02/2026-03:41:05] [I] Average on 10 runs - GPU latency: 0.0518341 ms - Host latency: 0.0658447 ms (enqueue 0.0491882 ms)
[07/02/2026-03:41:05] [I] Average on 10 runs - GPU latency: 0.0686981 ms - Host latency: 0.0822083 ms (enqueue 0.051535 ms)
[07/02/2026-03:41:05] [I] Average on 10 runs - GPU latency: 0.0436005 ms - Host latency: 0.0573395 ms (enqueue 0.0523926 ms)
[07/02/2026-03:41:05] [I] Average on 10 runs - GPU latency: 0.0495514 ms - Host latency: 0.0632996 ms (enqueue 0.0469788 ms)
[07/02/2026-03:41:05] [I] Average on 10 runs - GPU latency: 0.0532288 ms - Host latency: 0.0671051 ms (enqueue 0.0505005 ms)
[07/02/2026-03:41:05] [I] Average on 10 runs - GPU latency: 0.0510254 ms - Host latency: 0.0653748 ms (enqueue 0.0483307 ms)
[07/02/2026-03:41:05] [I] Average on 10 runs - GPU latency: 0.0552399 ms - Host latency: 0.0735748 ms (enqueue 0.0537292 ms)
[07/02/2026-03:41:05] [I] Average on 10 runs - GPU latency: 0.0483734 ms - Host latency: 0.0666992 ms (enqueue 0.0538574 ms)
[07/02/2026-03:41:05] [I] Average on 10 runs - GPU latency: 0.0524231 ms - Host latency: 0.0715637 ms (enqueue 0.0545197 ms)
[07/02/2026-03:41:05] [I] Average on 10 runs - GPU latency: 0.0597961 ms - Host latency: 0.080896 ms (enqueue 0.0579834 ms)
[07/02/2026-03:41:05] [I] Average on 10 runs - GPU latency: 0.0565247 ms - Host latency: 0.0747131 ms (enqueue 0.0569611 ms)
[07/02/2026-03:41:05] [I] Average on 10 runs - GPU latency: 0.0622223 ms - Host latency: 0.077243 ms (enqueue 0.0591766 ms)
[07/02/2026-03:41:05] [I] Average on 10 runs - GPU latency: 0.0891907 ms - Host latency: 0.109598 ms (enqueue 0.0855408 ms)
[07/02/2026-03:41:05] [I] Average on 10 runs - GPU latency: 0.0718689 ms - Host latency: 0.0906372 ms (enqueue 0.0689087 ms)
[07/02/2026-03:41:05] [I] Average on 10 runs - GPU latency: 0.0575439 ms - Host latency: 0.071936 ms (enqueue 0.0553406 ms)
[07/02/2026-03:41:05] [I] Average on 10 runs - GPU latency: 0.055014 ms - Host latency: 0.0687408 ms (enqueue 0.0529266 ms)
[07/02/2026-03:41:05] [I] Average on 10 runs - GPU latency: 0.0659882 ms - Host latency: 0.0795258 ms (enqueue 0.0533112 ms)
[07/02/2026-03:41:05] [I] Average on 10 runs - GPU latency: 0.0534088 ms - Host latency: 0.0673706 ms (enqueue 0.0513855 ms)
[07/02/2026-03:41:05] [I] Average on 10 runs - GPU latency: 0.0779449 ms - Host latency: 0.0909027 ms (enqueue 0.0536133 ms)
[07/02/2026-03:41:05] [I] Average on 10 runs - GPU latency: 0.0525208 ms - Host latency: 0.0668549 ms (enqueue 0.0497803 ms)
[07/02/2026-03:41:05] [I] Average on 10 runs - GPU latency: 0.0510956 ms - Host latency: 0.0657928 ms (enqueue 0.0483154 ms)
[07/02/2026-03:41:05] [I] Average on 10 runs - GPU latency: 0.0504669 ms - Host latency: 0.0642151 ms (enqueue 0.0476654 ms)
[07/02/2026-03:41:05] [I] Average on 10 runs - GPU latency: 0.0531372 ms - Host latency: 0.0674072 ms (enqueue 0.0503357 ms)
[07/02/2026-03:41:05] [I] Average on 10 runs - GPU latency: 0.0527069 ms - Host latency: 0.0668671 ms (enqueue 0.0499878 ms)
[07/02/2026-03:41:05] [I] Average on 10 runs - GPU latency: 0.0541992 ms - Host latency: 0.0681305 ms (enqueue 0.0514771 ms)
[07/02/2026-03:41:05] [I] Average on 10 runs - GPU latency: 0.0509796 ms - Host latency: 0.0647308 ms (enqueue 0.0482056 ms)
[07/02/2026-03:41:05] [I] Average on 10 runs - GPU latency: 0.052359 ms - Host latency: 0.0666962 ms (enqueue 0.0497253 ms)
[07/02/2026-03:41:05] [I] Average on 10 runs - GPU latency: 0.0600403 ms - Host latency: 0.0752258 ms (enqueue 0.0572296 ms)
[07/02/2026-03:41:05] [I] Average on 10 runs - GPU latency: 0.0543182 ms - Host latency: 0.0686584 ms (enqueue 0.0514587 ms)
[07/02/2026-03:41:05] [I] Average on 10 runs - GPU latency: 0.0533508 ms - Host latency: 0.0673279 ms (enqueue 0.0505249 ms)
[07/02/2026-03:41:05] [I] Average on 10 runs - GPU latency: 0.0515289 ms - Host latency: 0.0653015 ms (enqueue 0.0486816 ms)
[07/02/2026-03:41:05] [I] Average on 10 runs - GPU latency: 0.0513062 ms - Host latency: 0.0657745 ms (enqueue 0.0487 ms)
[07/02/2026-03:41:05] [I] Average on 10 runs - GPU latency: 0.0544617 ms - Host latency: 0.0692505 ms (enqueue 0.0514923 ms)
[07/02/2026-03:41:05] [I] Average on 10 runs - GPU latency: 0.0522522 ms - Host latency: 0.0664154 ms (enqueue 0.0494049 ms)
[07/02/2026-03:41:05] [I] Average on 10 runs - GPU latency: 0.0532867 ms - Host latency: 0.0670013 ms (enqueue 0.0505096 ms)
[07/02/2026-03:41:05] [I] Average on 10 runs - GPU latency: 0.0518341 ms - Host latency: 0.0660706 ms (enqueue 0.0490906 ms)
[07/02/2026-03:41:05] [I] Average on 10 runs - GPU latency: 0.0534607 ms - Host latency: 0.0671875 ms (enqueue 0.0507568 ms)
[07/02/2026-03:41:05] [I] Average on 10 runs - GPU latency: 0.045993 ms - Host latency: 0.0592316 ms (enqueue 0.0519318 ms)
[07/02/2026-03:41:05] [I] Average on 10 runs - GPU latency: 0.0513306 ms - Host latency: 0.0650757 ms (enqueue 0.0485443 ms)
[07/02/2026-03:41:05] [I] Average on 10 runs - GPU latency: 0.0520538 ms - Host latency: 0.0664795 ms (enqueue 0.0494385 ms)
[07/02/2026-03:41:05] [I] Average on 10 runs - GPU latency: 0.0519806 ms - Host latency: 0.0658112 ms (enqueue 0.0493225 ms)
[07/02/2026-03:41:05] [I] Average on 10 runs - GPU latency: 0.0512146 ms - Host latency: 0.0650848 ms (enqueue 0.0484619 ms)
[07/02/2026-03:41:05] [I] Average on 10 runs - GPU latency: 0.0523376 ms - Host latency: 0.0663208 ms (enqueue 0.0495514 ms)
[07/02/2026-03:41:05] [I] ... Omitting 25016 lines
[07/02/2026-03:41:05] [I] Average on 10 runs - GPU latency: 0.0900147 ms - Host latency: 0.111914 ms (enqueue 0.0864258 ms)
[07/02/2026-03:41:05] [I] Average on 10 runs - GPU latency: 0.0928223 ms - Host latency: 0.116016 ms (enqueue 0.0889404 ms)
[07/02/2026-03:41:05] [I] Average on 10 runs - GPU latency: 0.0829834 ms - Host latency: 0.103516 ms (enqueue 0.079248 ms)
[07/02/2026-03:41:05] [I] Average on 10 runs - GPU latency: 0.0673096 ms - Host latency: 0.0835449 ms (enqueue 0.0642334 ms)
[07/02/2026-03:41:05] [I] Average on 10 runs - GPU latency: 0.0608154 ms - Host latency: 0.076001 ms (enqueue 0.0578857 ms)
[07/02/2026-03:41:05] [I] Average on 10 runs - GPU latency: 0.0959473 ms - Host latency: 0.110986 ms (enqueue 0.06604 ms)
[07/02/2026-03:41:05] [I] Average on 10 runs - GPU latency: 0.0653564 ms - Host latency: 0.0818359 ms (enqueue 0.068457 ms)
[07/02/2026-03:41:05] [I] Average on 10 runs - GPU latency: 0.0727783 ms - Host latency: 0.0901123 ms (enqueue 0.0699463 ms)
[07/02/2026-03:41:05] [I] Average on 10 runs - GPU latency: 0.0539307 ms - Host latency: 0.0677246 ms (enqueue 0.0510498 ms)
[07/02/2026-03:41:05] [I] Average on 10 runs - GPU latency: 0.0523926 ms - Host latency: 0.0659912 ms (enqueue 0.0498047 ms)
[07/02/2026-03:41:05] [I] Average on 10 runs - GPU latency: 0.0528564 ms - Host latency: 0.0673584 ms (enqueue 0.0501221 ms)
[07/02/2026-03:41:05] [I] Average on 10 runs - GPU latency: 0.0540771 ms - Host latency: 0.0679932 ms (enqueue 0.0513672 ms)
[07/02/2026-03:41:05] [I] Average on 10 runs - GPU latency: 0.0439697 ms - Host latency: 0.0570313 ms (enqueue 0.0501709 ms)
[07/02/2026-03:41:05] [I] Average on 10 runs - GPU latency: 0.0496582 ms - Host latency: 0.0632324 ms (enqueue 0.0509277 ms)
[07/02/2026-03:41:05] [I] Average on 10 runs - GPU latency: 0.0521973 ms - Host latency: 0.0663574 ms (enqueue 0.0494629 ms)
[07/02/2026-03:41:05] [I] Average on 10 runs - GPU latency: 0.0550293 ms - Host latency: 0.0702881 ms (enqueue 0.0529053 ms)
[07/02/2026-03:41:05] [I] Average on 10 runs - GPU latency: 0.05625 ms - Host latency: 0.073291 ms (enqueue 0.0557373 ms)
[07/02/2026-03:41:05] [I] Average on 10 runs - GPU latency: 0.0554932 ms - Host latency: 0.0697998 ms (enqueue 0.0555176 ms)
[07/02/2026-03:41:05] [I] Average on 10 runs - GPU latency: 0.0458008 ms - Host latency: 0.063208 ms (enqueue 0.053833 ms)
[07/02/2026-03:41:05] [I] Average on 10 runs - GPU latency: 0.0515381 ms - Host latency: 0.0692627 ms (enqueue 0.0510254 ms)
[07/02/2026-03:41:05] [I] Average on 10 runs - GPU latency: 0.0507812 ms - Host latency: 0.0681885 ms (enqueue 0.0507812 ms)
[07/02/2026-03:41:05] [I] Average on 10 runs - GPU latency: 0.0873779 ms - Host latency: 0.113159 ms (enqueue 0.0982178 ms)
[07/02/2026-03:41:05] [I] Average on 10 runs - GPU latency: 0.100464 ms - Host latency: 0.125781 ms (enqueue 0.0966553 ms)
[07/02/2026-03:41:05] [I] Average on 10 runs - GPU latency: 0.0521729 ms - Host latency: 0.0659424 ms (enqueue 0.0500732 ms)
[07/02/2026-03:41:05] [I] Average on 10 runs - GPU latency: 0.0501465 ms - Host latency: 0.0638916 ms (enqueue 0.048291 ms)
[07/02/2026-03:41:05] [I] Average on 10 runs - GPU latency: 0.0502197 ms - Host latency: 0.0637451 ms (enqueue 0.0482178 ms)
[07/02/2026-03:41:05] [I] Average on 10 runs - GPU latency: 0.0515137 ms - Host latency: 0.0651367 ms (enqueue 0.0489502 ms)
[07/02/2026-03:41:05] [I] Average on 10 runs - GPU latency: 0.0697021 ms - Host latency: 0.0877686 ms (enqueue 0.0600098 ms)
[07/02/2026-03:41:05] [I] Average on 10 runs - GPU latency: 0.0645752 ms - Host latency: 0.0776855 ms (enqueue 0.0505371 ms)
[07/02/2026-03:41:05] [I] Average on 10 runs - GPU latency: 0.054248 ms - Host latency: 0.0682129 ms (enqueue 0.0515137 ms)
[07/02/2026-03:41:05] [I] Average on 10 runs - GPU latency: 0.0509521 ms - Host latency: 0.065625 ms (enqueue 0.0482422 ms)
[07/02/2026-03:41:05] [I] Average on 10 runs - GPU latency: 0.0510986 ms - Host latency: 0.0649414 ms (enqueue 0.048291 ms)
[07/02/2026-03:41:05] [I] Average on 10 runs - GPU latency: 0.0515137 ms - Host latency: 0.0651855 ms (enqueue 0.0486572 ms)
[07/02/2026-03:41:05] [I] Average on 10 runs - GPU latency: 0.0542725 ms - Host latency: 0.0679932 ms (enqueue 0.0513184 ms)
[07/02/2026-03:41:05] [I] Average on 10 runs - GPU latency: 0.0530518 ms - Host latency: 0.0669189 ms (enqueue 0.0500977 ms)
[07/02/2026-03:41:05] [I] Average on 10 runs - GPU latency: 0.0531006 ms - Host latency: 0.066748 ms (enqueue 0.0504883 ms)
[07/02/2026-03:41:05] [I] Average on 10 runs - GPU latency: 0.0523926 ms - Host latency: 0.065918 ms (enqueue 0.049585 ms)
[07/02/2026-03:41:05] [I] Average on 10 runs - GPU latency: 0.0515869 ms - Host latency: 0.0657715 ms (enqueue 0.0488037 ms)
[07/02/2026-03:41:05] [I] Average on 10 runs - GPU latency: 0.0537109 ms - Host latency: 0.0677734 ms (enqueue 0.0509277 ms)
[07/02/2026-03:41:05] [I] Average on 10 runs - GPU latency: 0.0943359 ms - Host latency: 0.114795 ms (enqueue 0.0906494 ms)
[07/02/2026-03:41:05] [I] Average on 10 runs - GPU latency: 0.0529297 ms - Host latency: 0.0665527 ms (enqueue 0.050293 ms)
[07/02/2026-03:41:05] [I] Average on 10 runs - GPU latency: 0.0531982 ms - Host latency: 0.0666992 ms (enqueue 0.050293 ms)
[07/02/2026-03:41:05] [I] Average on 10 runs - GPU latency: 0.0522217 ms - Host latency: 0.065625 ms (enqueue 0.0493896 ms)
[07/02/2026-03:41:05] [I] Average on 10 runs - GPU latency: 0.0533203 ms - Host latency: 0.0672607 ms (enqueue 0.0507324 ms)
[07/02/2026-03:41:05] [I] Average on 10 runs - GPU latency: 0.0514893 ms - Host latency: 0.0648926 ms (enqueue 0.0487305 ms)
[07/02/2026-03:41:05] [I] Average on 10 runs - GPU latency: 0.0517822 ms - Host latency: 0.0653076 ms (enqueue 0.049292 ms)
[07/02/2026-03:41:05] [I] Average on 10 runs - GPU latency: 0.0499268 ms - Host latency: 0.0634033 ms (enqueue 0.0473145 ms)
[07/02/2026-03:41:05] [I] Average on 10 runs - GPU latency: 0.0502441 ms - Host latency: 0.0644531 ms (enqueue 0.0475586 ms)
[07/02/2026-03:41:05] [I] Average on 10 runs - GPU latency: 0.0512695 ms - Host latency: 0.0650635 ms (enqueue 0.048584 ms)
[07/02/2026-03:41:05] [I] Average on 10 runs - GPU latency: 0.0510498 ms - Host latency: 0.0647217 ms (enqueue 0.0483398 ms)
[07/02/2026-03:41:05] [I] Average on 10 runs - GPU latency: 0.0517578 ms - Host latency: 0.0669189 ms (enqueue 0.0490723 ms)
[07/02/2026-03:41:05] [I] Average on 10 runs - GPU latency: 0.0515869 ms - Host latency: 0.0654297 ms (enqueue 0.0488281 ms)
[07/02/2026-03:41:05] [I] Average on 10 runs - GPU latency: 0.0519775 ms - Host latency: 0.0656738 ms (enqueue 0.0493408 ms)
[07/02/2026-03:41:05] [I] Average on 10 runs - GPU latency: 0.0424805 ms - Host latency: 0.0570801 ms (enqueue 0.0605713 ms)
[07/02/2026-03:41:05] [I] Average on 10 runs - GPU latency: 0.0536865 ms - Host latency: 0.0674561 ms (enqueue 0.0516113 ms)
[07/02/2026-03:41:05] [I] Average on 10 runs - GPU latency: 0.0822998 ms - Host latency: 0.0964355 ms (enqueue 0.0526123 ms)
[07/02/2026-03:41:05] [I] Average on 10 runs - GPU latency: 0.0547363 ms - Host latency: 0.0675049 ms (enqueue 0.051123 ms)
[07/02/2026-03:41:05] [I] Average on 10 runs - GPU latency: 0.0523437 ms - Host latency: 0.067041 ms (enqueue 0.0521729 ms)
[07/02/2026-03:41:05] [I] Average on 10 runs - GPU latency: 0.0564209 ms - Host latency: 0.0680908 ms (enqueue 0.0527588 ms)
[07/02/2026-03:41:05] [I] Average on 10 runs - GPU latency: 0.0540771 ms - Host latency: 0.0676514 ms (enqueue 0.0508301 ms)
[07/02/2026-03:41:05] [I] Average on 10 runs - GPU latency: 0.0574463 ms - Host latency: 0.07146 ms (enqueue 0.0534912 ms)
[07/02/2026-03:41:05] [I] Average on 10 runs - GPU latency: 0.0590088 ms - Host latency: 0.0725586 ms (enqueue 0.0562988 ms)
[07/02/2026-03:41:05] [I] Average on 10 runs - GPU latency: 0.0722168 ms - Host latency: 0.0926758 ms (enqueue 0.0606934 ms)
[07/02/2026-03:41:05] [I] Average on 10 runs - GPU latency: 0.0564453 ms - Host latency: 0.0751709 ms (enqueue 0.0595703 ms)
[07/02/2026-03:41:05] [I] Average on 10 runs - GPU latency: 0.0845703 ms - Host latency: 0.104248 ms (enqueue 0.0610352 ms)
[07/02/2026-03:41:05] [I] Average on 10 runs - GPU latency: 0.075415 ms - Host latency: 0.0896728 ms (enqueue 0.0571289 ms)
[07/02/2026-03:41:05] [I] Average on 10 runs - GPU latency: 0.107568 ms - Host latency: 0.143823 ms (enqueue 0.113721 ms)
[07/02/2026-03:41:05] [I] Average on 10 runs - GPU latency: 0.371265 ms - Host latency: 0.389502 ms (enqueue 0.368262 ms)
[07/02/2026-03:41:05] [I] Average on 10 runs - GPU latency: 0.0620117 ms - Host latency: 0.0776123 ms (enqueue 0.0592041 ms)
[07/02/2026-03:41:05] [I] Average on 10 runs - GPU latency: 0.0629395 ms - Host latency: 0.0790527 ms (enqueue 0.0600586 ms)
[07/02/2026-03:41:05] [I] Average on 10 runs - GPU latency: 0.0619629 ms - Host latency: 0.0772949 ms (enqueue 0.0592285 ms)
[07/02/2026-03:41:05] [I] Average on 10 runs - GPU latency: 0.0656982 ms - Host latency: 0.081543 ms (enqueue 0.0625732 ms)
[07/02/2026-03:41:05] [I] Average on 10 runs - GPU latency: 0.0674561 ms - Host latency: 0.0833008 ms (enqueue 0.064624 ms)
[07/02/2026-03:41:05] [I] Average on 10 runs - GPU latency: 0.0536621 ms - Host latency: 0.0678467 ms (enqueue 0.051123 ms)
[07/02/2026-03:41:05] [I] Average on 10 runs - GPU latency: 0.0513916 ms - Host latency: 0.0649658 ms (enqueue 0.0486816 ms)
[07/02/2026-03:41:05] [I] Average on 10 runs - GPU latency: 0.0639648 ms - Host latency: 0.0836914 ms (enqueue 0.0611328 ms)
[07/02/2026-03:41:05] [I] Average on 10 runs - GPU latency: 0.0502197 ms - Host latency: 0.0644043 ms (enqueue 0.0602051 ms)
[07/02/2026-03:41:05] [I] Average on 10 runs - GPU latency: 0.0620117 ms - Host latency: 0.0772949 ms (enqueue 0.0592041 ms)
[07/02/2026-03:41:05] [I] Average on 10 runs - GPU latency: 0.0614502 ms - Host latency: 0.0766846 ms (enqueue 0.0586182 ms)
[07/02/2026-03:41:05] [I] Average on 10 runs - GPU latency: 0.0577393 ms - Host latency: 0.0725098 ms (enqueue 0.0549561 ms)
[07/02/2026-03:41:05] [I] Average on 10 runs - GPU latency: 0.0497314 ms - Host latency: 0.063501 ms (enqueue 0.0470215 ms)
[07/02/2026-03:41:05] [I] Average on 10 runs - GPU latency: 0.0499023 ms - Host latency: 0.0631836 ms (enqueue 0.0471436 ms)
[07/02/2026-03:41:05] [I] Average on 10 runs - GPU latency: 0.0821289 ms - Host latency: 0.0970459 ms (enqueue 0.0489258 ms)
[07/02/2026-03:41:05] [I] Average on 10 runs - GPU latency: 0.0592773 ms - Host latency: 0.0727539 ms (enqueue 0.0484375 ms)
[07/02/2026-03:41:05] [I] Average on 10 runs - GPU latency: 0.0498291 ms - Host latency: 0.0631348 ms (enqueue 0.0478516 ms)
[07/02/2026-03:41:05] [I] Average on 10 runs - GPU latency: 0.050415 ms - Host latency: 0.0640137 ms (enqueue 0.0485352 ms)
[07/02/2026-03:41:05] [I] Average on 10 runs - GPU latency: 0.0493896 ms - Host latency: 0.0641602 ms (enqueue 0.0474854 ms)
[07/02/2026-03:41:05] [I] Average on 10 runs - GPU latency: 0.0497559 ms - Host latency: 0.0634277 ms (enqueue 0.0476074 ms)
[07/02/2026-03:41:05] [I] Average on 10 runs - GPU latency: 0.0498535 ms - Host latency: 0.0635986 ms (enqueue 0.0477051 ms)
[07/02/2026-03:41:05] [I] Average on 10 runs - GPU latency: 0.0486816 ms - Host latency: 0.0621582 ms (enqueue 0.0466553 ms)
[07/02/2026-03:41:05] [I] Average on 10 runs - GPU latency: 0.05 ms - Host latency: 0.0641602 ms (enqueue 0.0480469 ms)
[07/02/2026-03:41:05] [I] Average on 10 runs - GPU latency: 0.0505371 ms - Host latency: 0.0640869 ms (enqueue 0.0479004 ms)
[07/02/2026-03:41:05] [I] Average on 10 runs - GPU latency: 0.0496826 ms - Host latency: 0.0631592 ms (enqueue 0.0476807 ms)
[07/02/2026-03:41:05] [I] Average on 10 runs - GPU latency: 0.0502197 ms - Host latency: 0.0650879 ms (enqueue 0.0518555 ms)
[07/02/2026-03:41:05] [I] Average on 10 runs - GPU latency: 0.0572021 ms - Host latency: 0.072876 ms (enqueue 0.0566406 ms)
[07/02/2026-03:41:05] [I] Average on 10 runs - GPU latency: 0.0652344 ms - Host latency: 0.0812256 ms (enqueue 0.057959 ms)
[07/02/2026-03:41:05] [I] Average on 10 runs - GPU latency: 0.0557373 ms - Host latency: 0.0736572 ms (enqueue 0.0564453 ms)
[07/02/2026-03:41:05] [I] Average on 10 runs - GPU latency: 0.0610352 ms - Host latency: 0.0774658 ms (enqueue 0.0614014 ms)
[07/02/2026-03:41:05] [I] Average on 10 runs - GPU latency: 0.0612793 ms - Host latency: 0.0813721 ms (enqueue 0.0621826 ms)
[07/02/2026-03:41:05] [I] Average on 10 runs - GPU latency: 0.0703857 ms - Host latency: 0.0844727 ms (enqueue 0.0586914 ms)
[07/02/2026-03:41:05] [I] Average on 10 runs - GPU latency: 0.0867188 ms - Host latency: 0.106445 ms (enqueue 0.0831543 ms)
[07/02/2026-03:41:05] [I] Average on 10 runs - GPU latency: 0.0790039 ms - Host latency: 0.097168 ms (enqueue 0.0757812 ms)
[07/02/2026-03:41:05] [I] Average on 10 runs - GPU latency: 0.0601318 ms - Host latency: 0.0745361 ms (enqueue 0.0573242 ms)
[07/02/2026-03:41:05] [I] Average on 10 runs - GPU latency: 0.0551758 ms - Host latency: 0.0694092 ms (enqueue 0.0523193 ms)
[07/02/2026-03:41:05] [I] Average on 10 runs - GPU latency: 0.0544922 ms - Host latency: 0.0678711 ms (enqueue 0.0510254 ms)
[07/02/2026-03:41:05] [I] Average on 10 runs - GPU latency: 0.0537109 ms - Host latency: 0.0678223 ms (enqueue 0.0509277 ms)
[07/02/2026-03:41:05] [I] Average on 10 runs - GPU latency: 0.062207 ms - Host latency: 0.0749023 ms (enqueue 0.0513428 ms)
[07/02/2026-03:41:05] [I] Average on 10 runs - GPU latency: 0.0523682 ms - Host latency: 0.0658936 ms (enqueue 0.0496094 ms)
[07/02/2026-03:41:05] [I] Average on 10 runs - GPU latency: 0.0519287 ms - Host latency: 0.0652588 ms (enqueue 0.0491211 ms)
[07/02/2026-03:41:05] [I] Average on 10 runs - GPU latency: 0.0520752 ms - Host latency: 0.0654297 ms (enqueue 0.0493652 ms)
[07/02/2026-03:41:05] [I] Average on 10 runs - GPU latency: 0.0532959 ms - Host latency: 0.0667236 ms (enqueue 0.0503418 ms)
[07/02/2026-03:41:05] [I] Average on 10 runs - GPU latency: 0.0684814 ms - Host latency: 0.0822754 ms (enqueue 0.0538086 ms)
[07/02/2026-03:41:05] [I] Average on 10 runs - GPU latency: 0.0635498 ms - Host latency: 0.0765137 ms (enqueue 0.0509521 ms)
[07/02/2026-03:41:05] [I] Average on 10 runs - GPU latency: 0.0535645 ms - Host latency: 0.0668701 ms (enqueue 0.0508301 ms)
[07/02/2026-03:41:05] [I] Average on 10 runs - GPU latency: 0.0529785 ms - Host latency: 0.067041 ms (enqueue 0.0502197 ms)
[07/02/2026-03:41:05] [I] Average on 10 runs - GPU latency: 0.0512451 ms - Host latency: 0.0648193 ms (enqueue 0.048584 ms)
[07/02/2026-03:41:05] [I] Average on 10 runs - GPU latency: 0.0501465 ms - Host latency: 0.0644287 ms (enqueue 0.0474609 ms)
[07/02/2026-03:41:05] [I] Average on 10 runs - GPU latency: 0.0410156 ms - Host latency: 0.0633789 ms (enqueue 0.0478027 ms)
[07/02/2026-03:41:05] [I] Average on 10 runs - GPU latency: 0.0601318 ms - Host latency: 0.0742432 ms (enqueue 0.0489014 ms)
[07/02/2026-03:41:05] [I] Average on 10 runs - GPU latency: 0.0484131 ms - Host latency: 0.0619385 ms (enqueue 0.0464355 ms)
[07/02/2026-03:41:05] [I] Average on 10 runs - GPU latency: 0.0498779 ms - Host latency: 0.0633301 ms (enqueue 0.0479492 ms)
[07/02/2026-03:41:05] [I] Average on 10 runs - GPU latency: 0.0491943 ms - Host latency: 0.0626953 ms (enqueue 0.0467041 ms)
[07/02/2026-03:41:05] [I] Average on 10 runs - GPU latency: 0.0489014 ms - Host latency: 0.0623535 ms (enqueue 0.0468994 ms)
[07/02/2026-03:41:05] [I] Average on 10 runs - GPU latency: 0.0483398 ms - Host latency: 0.0622314 ms (enqueue 0.0464844 ms)
[07/02/2026-03:41:05] [I] Average on 10 runs - GPU latency: 0.0490723 ms - Host latency: 0.0624268 ms (enqueue 0.0471924 ms)
[07/02/2026-03:41:05] [I] Average on 10 runs - GPU latency: 0.0491211 ms - Host latency: 0.0626953 ms (enqueue 0.0470947 ms)
[07/02/2026-03:41:05] [I] Average on 10 runs - GPU latency: 0.0483154 ms - Host latency: 0.0617188 ms (enqueue 0.0463623 ms)
[07/02/2026-03:41:05] [I] Average on 10 runs - GPU latency: 0.0495361 ms - Host latency: 0.0628906 ms (enqueue 0.0476318 ms)
[07/02/2026-03:41:05] [I] Average on 10 runs - GPU latency: 0.0465332 ms - Host latency: 0.0596924 ms (enqueue 0.0479736 ms)
[07/02/2026-03:41:05] [I] Average on 10 runs - GPU latency: 0.0729248 ms - Host latency: 0.086792 ms (enqueue 0.0539307 ms)
[07/02/2026-03:41:05] [I] Average on 10 runs - GPU latency: 0.0447266 ms - Host latency: 0.0577637 ms (enqueue 0.0501953 ms)
[07/02/2026-03:41:05] [I] Average on 10 runs - GPU latency: 0.0509033 ms - Host latency: 0.065332 ms (enqueue 0.0480469 ms)
[07/02/2026-03:41:05] [I] Average on 10 runs - GPU latency: 0.0516357 ms - Host latency: 0.0651855 ms (enqueue 0.0487793 ms)
[07/02/2026-03:41:05] [I] Average on 10 runs - GPU latency: 0.0508545 ms - Host latency: 0.0642578 ms (enqueue 0.0481934 ms)
[07/02/2026-03:41:05] [I] Average on 10 runs - GPU latency: 0.0500488 ms - Host latency: 0.0641846 ms (enqueue 0.0474365 ms)
[07/02/2026-03:41:05] [I] Average on 10 runs - GPU latency: 0.0514893 ms - Host latency: 0.0650879 ms (enqueue 0.0487793 ms)
[07/02/2026-03:41:05] [I] Average on 10 runs - GPU latency: 0.0656982 ms - Host latency: 0.0812012 ms (enqueue 0.0554443 ms)
[07/02/2026-03:41:05] [I] Average on 10 runs - GPU latency: 0.0653809 ms - Host latency: 0.0842285 ms (enqueue 0.0645752 ms)
[07/02/2026-03:41:05] [I] Average on 10 runs - GPU latency: 0.0656006 ms - Host latency: 0.083252 ms (enqueue 0.0651611 ms)
[07/02/2026-03:41:05] [I] Average on 10 runs - GPU latency: 0.0805908 ms - Host latency: 0.105444 ms (enqueue 0.0784912 ms)
[07/02/2026-03:41:05] [I] Average on 10 runs - GPU latency: 0.114233 ms - Host latency: 0.1396 ms (enqueue 0.0960205 ms)
[07/02/2026-03:41:05] [I] Average on 10 runs - GPU latency: 0.0576904 ms - Host latency: 0.0718994 ms (enqueue 0.0627686 ms)
[07/02/2026-03:41:05] [I] Average on 10 runs - GPU latency: 0.080957 ms - Host latency: 0.0996826 ms (enqueue 0.0786865 ms)
[07/02/2026-03:41:05] [I] Average on 10 runs - GPU latency: 0.072998 ms - Host latency: 0.0914307 ms (enqueue 0.070752 ms)
[07/02/2026-03:41:05] [I] Average on 10 runs - GPU latency: 0.0515869 ms - Host latency: 0.0653564 ms (enqueue 0.055127 ms)
[07/02/2026-03:41:05] [I] Average on 10 runs - GPU latency: 0.0742676 ms - Host latency: 0.0923096 ms (enqueue 0.0762207 ms)
[07/02/2026-03:41:05] [I] Average on 10 runs - GPU latency: 0.0760254 ms - Host latency: 0.0950195 ms (enqueue 0.0734863 ms)
[07/02/2026-03:41:05] [I] Average on 10 runs - GPU latency: 0.0639893 ms - Host latency: 0.0803467 ms (enqueue 0.0616455 ms)
[07/02/2026-03:41:05] [I] Average on 10 runs - GPU latency: 0.0565674 ms - Host latency: 0.0711182 ms (enqueue 0.0544189 ms)
[07/02/2026-03:41:05] [I] Average on 10 runs - GPU latency: 0.0510498 ms - Host latency: 0.0651855 ms (enqueue 0.0491455 ms)
[07/02/2026-03:41:05] [I] Average on 10 runs - GPU latency: 0.0655273 ms - Host latency: 0.0790771 ms (enqueue 0.050415 ms)
[07/02/2026-03:41:05] [I] Average on 10 runs - GPU latency: 0.0585693 ms - Host latency: 0.0751465 ms (enqueue 0.0593262 ms)
[07/02/2026-03:41:05] [I] Average on 10 runs - GPU latency: 0.0477539 ms - Host latency: 0.0610596 ms (enqueue 0.048999 ms)
[07/02/2026-03:41:05] [I] Average on 10 runs - GPU latency: 0.0665283 ms - Host latency: 0.0801514 ms (enqueue 0.0495117 ms)
[07/02/2026-03:41:05] [I] Average on 10 runs - GPU latency: 0.0517578 ms - Host latency: 0.0654785 ms (enqueue 0.0490967 ms)
[07/02/2026-03:41:05] [I] Average on 10 runs - GPU latency: 0.0525391 ms - Host latency: 0.0663574 ms (enqueue 0.0498779 ms)
[07/02/2026-03:41:05] [I] Average on 10 runs - GPU latency: 0.052417 ms - Host latency: 0.0660645 ms (enqueue 0.0496338 ms)
[07/02/2026-03:41:05] [I] Average on 10 runs - GPU latency: 0.0518066 ms - Host latency: 0.0656738 ms (enqueue 0.048877 ms)
[07/02/2026-03:41:05] [I] Average on 10 runs - GPU latency: 0.0515381 ms - Host latency: 0.0649902 ms (enqueue 0.0489746 ms)
[07/02/2026-03:41:05] [I] Average on 10 runs - GPU latency: 0.0530029 ms - Host latency: 0.0665283 ms (enqueue 0.0502441 ms)
[07/02/2026-03:41:05] [I] Average on 10 runs - GPU latency: 0.0524902 ms - Host latency: 0.0661377 ms (enqueue 0.0498047 ms)
[07/02/2026-03:41:05] [I] Average on 10 runs - GPU latency: 0.064502 ms - Host latency: 0.078418 ms (enqueue 0.0500488 ms)
[07/02/2026-03:41:05] [I] Average on 10 runs - GPU latency: 0.0888184 ms - Host latency: 0.105298 ms (enqueue 0.0619141 ms)
[07/02/2026-03:41:05] [I] Average on 10 runs - GPU latency: 0.0415283 ms - Host latency: 0.0545166 ms (enqueue 0.050415 ms)
[07/02/2026-03:41:05] [I] Average on 10 runs - GPU latency: 0.0526123 ms - Host latency: 0.0661865 ms (enqueue 0.0498535 ms)
[07/02/2026-03:41:05] [I] Average on 10 runs - GPU latency: 0.0524902 ms - Host latency: 0.0663086 ms (enqueue 0.049707 ms)
[07/02/2026-03:41:05] [I] Average on 10 runs - GPU latency: 0.0635498 ms - Host latency: 0.0886963 ms (enqueue 0.0608154 ms)
[07/02/2026-03:41:05] [I] Average on 10 runs - GPU latency: 0.0533203 ms - Host latency: 0.0674805 ms (enqueue 0.0504395 ms)
[07/02/2026-03:41:05] [I] Average on 10 runs - GPU latency: 0.0575195 ms - Host latency: 0.0712158 ms (enqueue 0.0513184 ms)
[07/02/2026-03:41:05] [I] Average on 10 runs - GPU latency: 0.0757568 ms - Host latency: 0.100171 ms (enqueue 0.0550537 ms)
[07/02/2026-03:41:05] [I] Average on 10 runs - GPU latency: 0.0739746 ms - Host latency: 0.0934082 ms (enqueue 0.0715088 ms)
[07/02/2026-03:41:05] [I] Average on 10 runs - GPU latency: 0.073877 ms - Host latency: 0.0924805 ms (enqueue 0.0708252 ms)
[07/02/2026-03:41:05] [I] Average on 10 runs - GPU latency: 0.0748535 ms - Host latency: 0.0935791 ms (enqueue 0.0717773 ms)
[07/02/2026-03:41:05] [I] Average on 10 runs - GPU latency: 0.0734375 ms - Host latency: 0.092627 ms (enqueue 0.0710693 ms)
[07/02/2026-03:41:05] [I] Average on 10 runs - GPU latency: 0.0830078 ms - Host latency: 0.10647 ms (enqueue 0.0802246 ms)
[07/02/2026-03:41:05] [I] Average on 10 runs - GPU latency: 0.0783691 ms - Host latency: 0.100415 ms (enqueue 0.0761719 ms)
[07/02/2026-03:41:05] [I] Average on 10 runs - GPU latency: 0.0627197 ms - Host latency: 0.0827881 ms (enqueue 0.0708496 ms)
[07/02/2026-03:41:05] [I] Average on 10 runs - GPU latency: 0.0671143 ms - Host latency: 0.0858154 ms (enqueue 0.0712646 ms)
[07/02/2026-03:41:05] [I] Average on 10 runs - GPU latency: 0.0743897 ms - Host latency: 0.111084 ms (enqueue 0.0749268 ms)
[07/02/2026-03:41:05] [I] Average on 10 runs - GPU latency: 0.10835 ms - Host latency: 0.143018 ms (enqueue 0.111084 ms)
[07/02/2026-03:41:05] [I] Average on 10 runs - GPU latency: 0.097583 ms - Host latency: 0.116382 ms (enqueue 0.0862305 ms)
[07/02/2026-03:41:05] [I] Average on 10 runs - GPU latency: 0.0635986 ms - Host latency: 0.108545 ms (enqueue 0.077002 ms)
[07/02/2026-03:41:05] [I] Average on 10 runs - GPU latency: 0.0634521 ms - Host latency: 0.0789551 ms (enqueue 0.0602539 ms)
[07/02/2026-03:41:05] [I] Average on 10 runs - GPU latency: 0.0629883 ms - Host latency: 0.0786621 ms (enqueue 0.0601318 ms)
[07/02/2026-03:41:05] [I] Average on 10 runs - GPU latency: 0.0622803 ms - Host latency: 0.0770996 ms (enqueue 0.0594238 ms)
[07/02/2026-03:41:05] [I] Average on 10 runs - GPU latency: 0.0624756 ms - Host latency: 0.0775635 ms (enqueue 0.0596436 ms)
[07/02/2026-03:41:05] [I] Average on 10 runs - GPU latency: 0.0636475 ms - Host latency: 0.0788086 ms (enqueue 0.0606689 ms)
[07/02/2026-03:41:05] [I] Average on 10 runs - GPU latency: 0.073291 ms - Host latency: 0.085791 ms (enqueue 0.0591553 ms)
[07/02/2026-03:41:05] [I] Average on 10 runs - GPU latency: 0.0560547 ms - Host latency: 0.0711914 ms (enqueue 0.0605957 ms)
[07/02/2026-03:41:05] [I] Average on 10 runs - GPU latency: 0.0705811 ms - Host latency: 0.0860107 ms (enqueue 0.0596924 ms)
[07/02/2026-03:41:05] [I] Average on 10 runs - GPU latency: 0.0627686 ms - Host latency: 0.0777344 ms (enqueue 0.0604492 ms)
[07/02/2026-03:41:05] [I] Average on 10 runs - GPU latency: 0.0449219 ms - Host latency: 0.0586426 ms (enqueue 0.061792 ms)
[07/02/2026-03:41:05] [I] Average on 10 runs - GPU latency: 0.0631592 ms - Host latency: 0.0778564 ms (enqueue 0.0601562 ms)
[07/02/2026-03:41:05] [I] Average on 10 runs - GPU latency: 0.0655518 ms - Host latency: 0.0794189 ms (enqueue 0.0616943 ms)
[07/02/2026-03:41:05] [I] Average on 10 runs - GPU latency: 0.0624512 ms - Host latency: 0.0773682 ms (enqueue 0.0595703 ms)
[07/02/2026-03:41:05] [I] Average on 10 runs - GPU latency: 0.0642334 ms - Host latency: 0.0796631 ms (enqueue 0.0614746 ms)
[07/02/2026-03:41:05] [I] Average on 10 runs - GPU latency: 0.0620605 ms - Host latency: 0.0772949 ms (enqueue 0.0593506 ms)
[07/02/2026-03:41:05] [I] Average on 10 runs - GPU latency: 0.0637207 ms - Host latency: 0.0789307 ms (enqueue 0.0606934 ms)
[07/02/2026-03:41:05] [I] Average on 10 runs - GPU latency: 0.0625 ms - Host latency: 0.0776367 ms (enqueue 0.0596924 ms)
[07/02/2026-03:41:05] [I] Average on 10 runs - GPU latency: 0.0624512 ms - Host latency: 0.0780518 ms (enqueue 0.0595947 ms)
[07/02/2026-03:41:05] [I]
[07/02/2026-03:41:05] [I] === Performance summary ===
[07/02/2026-03:41:05] [I] Throughput: 9671.53 qps
[07/02/2026-03:41:05] [I] Latency: min = 0.0384521 ms, max = 3.12451 ms, mean = 0.0778351 ms, median = 0.0693359 ms, percentile(90%) = 0.0949707 ms, percentile(95%) = 0.113403 ms, percentile(99%) = 0.238525 ms
[07/02/2026-03:41:05] [I] Enqueue Time: min = 0.0444336 ms, max = 3.09717 ms, mean = 0.0585183 ms, median = 0.0529785 ms, percentile(90%) = 0.0717773 ms, percentile(95%) = 0.081543 ms, percentile(99%) = 0.111084 ms
[07/02/2026-03:41:05] [I] H2D Latency: min = 0.00323486 ms, max = 0.278564 ms, mean = 0.00671562 ms, median = 0.00561523 ms, percentile(90%) = 0.00854492 ms, percentile(95%) = 0.0106201 ms, percentile(99%) = 0.0214233 ms
[07/02/2026-03:41:05] [I] GPU Compute Time: min = 0.0292969 ms, max = 3.10107 ms, mean = 0.0617757 ms, median = 0.0549316 ms, percentile(90%) = 0.0753784 ms, percentile(95%) = 0.0893555 ms, percentile(99%) = 0.216919 ms
[07/02/2026-03:41:05] [I] D2H Latency: min = 0.00463867 ms, max = 0.256958 ms, mean = 0.0093439 ms, median = 0.00842285 ms, percentile(90%) = 0.012207 ms, percentile(95%) = 0.0158691 ms, percentile(99%) = 0.0202637 ms
[07/02/2026-03:41:05] [I] Total Host Walltime: 3.00015 s
[07/02/2026-03:41:05] [I] Total GPU Compute Time: 1.79248 s
[07/02/2026-03:41:05] [W] * Throughput may be bound by Enqueue Time rather than GPU Compute and the GPU may be under-utilized.
[07/02/2026-03:41:05] [W]   If not already in use, --useCudaGraph (utilize CUDA graphs where possible) may increase the throughput.
[07/02/2026-03:41:05] [W] * GPU compute time is unstable, with coefficient of variance = 64.46%.
[07/02/2026-03:41:05] [W]   If not already in use, locking GPU clock frequency or adding --useSpinWait may improve the stability.
[07/02/2026-03:41:05] [I] Explanations of the performance metrics are printed in the verbose logs.
[07/02/2026-03:41:05] [I]
&&&& PASSED TensorRT.trtexec [TensorRT v101600] [b72] # /usr/bin/trtexec --onnx=/work/github/trt-samples-for-hackathon-cn-wili/cookbook/00-Data/model/model-trained.onnx --saveEngine=model-trained.trt
Collecting data...
Generating '/tmp/nsys-report-cf17.qdstrm'
[1/1] [0%                          ] BuildAndRun.nsys-rep[1/1] [0%                          ] BuildAndRun.nsys-rep[1/1] [0%                          ] BuildAndRun.nsys-rep[1/1] [5%                          ] BuildAndRun.nsys-rep[1/1] [6%                          ] BuildAndRun.nsys-rep[1/1] [7%                          ] BuildAndRun.nsys-rep[1/1] [8%                          ] BuildAndRun.nsys-rep[1/1] [9%                          ] BuildAndRun.nsys-rep[1/1] [10%                         ] BuildAndRun.nsys-rep[1/1] [11%                         ] BuildAndRun.nsys-rep[1/1] [12%                         ] BuildAndRun.nsys-rep[1/1] [13%                         ] BuildAndRun.nsys-rep[1/1] [14%                         ] BuildAndRun.nsys-rep[1/1] [=15%                        ] BuildAndRun.nsys-rep[1/1] [=16%                        ] BuildAndRun.nsys-rep[1/1] [=17%                        ] BuildAndRun.nsys-rep[1/1] [==18%                       ] BuildAndRun.nsys-rep[1/1] [==19%                       ] BuildAndRun.nsys-rep[1/1] [==20%                       ] BuildAndRun.nsys-rep[1/1] [==21%                       ] BuildAndRun.nsys-rep[1/1] [===22%                      ] BuildAndRun.nsys-rep[1/1] [===23%                      ] BuildAndRun.nsys-rep[1/1] [===24%                      ] BuildAndRun.nsys-rep[1/1] [====25%                     ] BuildAndRun.nsys-rep[1/1] [====26%                     ] BuildAndRun.nsys-rep[1/1] [====27%                     ] BuildAndRun.nsys-rep[1/1] [====28%                     ] BuildAndRun.nsys-rep[1/1] [=====29%                    ] BuildAndRun.nsys-rep[1/1] [=====30%                    ] BuildAndRun.nsys-rep[1/1] [=====31%                    ] BuildAndRun.nsys-rep[1/1] [=====32%                    ] BuildAndRun.nsys-rep[1/1] [======33%                   ] BuildAndRun.nsys-rep[1/1] [======34%                   ] BuildAndRun.nsys-rep[1/1] [======35%                   ] BuildAndRun.nsys-rep[1/1] [=======36%                  ] BuildAndRun.nsys-rep[1/1] [=======37%                  ] BuildAndRun.nsys-rep[1/1] [=======38%                  ] BuildAndRun.nsys-rep[1/1] [=======39%                  ] BuildAndRun.nsys-rep[1/1] [========40%                 ] BuildAndRun.nsys-rep[1/1] [========41%                 ] BuildAndRun.nsys-rep[1/1] [========42%                 ] BuildAndRun.nsys-rep[1/1] [=========43%                ] BuildAndRun.nsys-rep[1/1] [=========44%                ] BuildAndRun.nsys-rep[1/1] [=========45%                ] BuildAndRun.nsys-rep[1/1] [=========46%                ] BuildAndRun.nsys-rep[1/1] [==========47%               ] BuildAndRun.nsys-rep[1/1] [==========48%               ] BuildAndRun.nsys-rep[1/1] [==========49%               ] BuildAndRun.nsys-rep[1/1] [===========50%              ] BuildAndRun.nsys-rep[1/1] [========================100%] BuildAndRun.nsys-rep[1/1] [========================100%] BuildAndRun.nsys-rep
Generated:
	/work/github/trt-samples-for-hackathon-cn-wili/cookbook/07-Tool/NsightSystems/BuildAndRun.nsys-rep
