&&&& RUNNING TensorRT.trtexec [TensorRT v101601] [b11] # /usr/bin/trtexec --loadEngine=model-trained.trt
[07/07/2026-02:02:38] [I] TF32 is enabled by default. Add --noTF32 flag to further improve accuracy with some performance cost.
[07/07/2026-02:02:38] [I] === Model Options ===
[07/07/2026-02:02:38] [I] Format: *
[07/07/2026-02:02:38] [I] Model:
[07/07/2026-02:02:38] [I] Output:
[07/07/2026-02:02:38] [I]
[07/07/2026-02:02:38] [I] === System Options ===
[07/07/2026-02:02:38] [I] Device: 0
[07/07/2026-02:02:38] [I] DLACore:
[07/07/2026-02:02:38] [I] Loaded static plugins:
[07/07/2026-02:02:38] [I] setPluginsToSerialize:
[07/07/2026-02:02:38] [I] dynamicPlugins:
[07/07/2026-02:02:38] [I] ignoreParsedPluginLibs: 0
[07/07/2026-02:02:38] [I]
[07/07/2026-02:02:38] [I] === Inference Options ===
[07/07/2026-02:02:38] [I] Batch: Explicit
[07/07/2026-02:02:38] [I] Input inference shapes: model
[07/07/2026-02:02:38] [I] Iterations: 10
[07/07/2026-02:02:38] [I] Duration: 3s (+ 200ms warm up)
[07/07/2026-02:02:38] [I] Sleep time: 0ms
[07/07/2026-02:02:38] [I] Idle time: 0ms
[07/07/2026-02:02:38] [I] Inference Streams: 1
[07/07/2026-02:02:38] [I] ExposeDMA: Disabled
[07/07/2026-02:02:38] [I] Data transfers: Enabled
[07/07/2026-02:02:38] [I] Spin-wait: Disabled
[07/07/2026-02:02:38] [I] Multithreading: Disabled
[07/07/2026-02:02:38] [I] CUDA Graph: Disabled
[07/07/2026-02:02:38] [I] Separate profiling: Disabled
[07/07/2026-02:02:38] [I] Time Deserialize: Disabled
[07/07/2026-02:02:38] [I] Time Refit: Disabled
[07/07/2026-02:02:38] [I] NVTX verbosity: 0
[07/07/2026-02:02:38] [I] Persistent Cache Ratio: 0
[07/07/2026-02:02:38] [I] Optimization Profile Index: 0
[07/07/2026-02:02:38] [I] Weight Streaming Budget: 100.000000%
[07/07/2026-02:02:38] [I] Inputs:
[07/07/2026-02:02:38] [I] Debug Tensor Save Destinations:
[07/07/2026-02:02:38] [I] Dump All Debug Tensor in Formats:
[07/07/2026-02:02:38] [I] === Reporting Options ===
[07/07/2026-02:02:38] [I] Verbose: Disabled
[07/07/2026-02:02:38] [I] Averages: 10 inferences
[07/07/2026-02:02:38] [I] Percentiles: 90,95,99
[07/07/2026-02:02:38] [I] Dump refittable layers:Disabled
[07/07/2026-02:02:38] [I] Dump output: Disabled
[07/07/2026-02:02:38] [I] Profile: Disabled
[07/07/2026-02:02:38] [I] Export timing to JSON file:
[07/07/2026-02:02:38] [I] Export output to JSON file:
[07/07/2026-02:02:38] [I] Export profile to JSON file:
[07/07/2026-02:02:38] [I]
[07/07/2026-02:02:38] [I] === Device Information ===
[07/07/2026-02:02:38] [I] Available Devices:
[07/07/2026-02:02:38] [I]   Device 0: "NVIDIA H100 PCIe" UUID: GPU-31e9692b-62b7-2d62-f0b1-f4195b568ac7
[07/07/2026-02:02:38] [I] Selected Device: NVIDIA H100 PCIe
[07/07/2026-02:02:38] [I] Selected Device ID: 0
[07/07/2026-02:02:38] [I] Selected Device UUID: GPU-31e9692b-62b7-2d62-f0b1-f4195b568ac7
[07/07/2026-02:02:38] [I] Compute Capability: 9.0
[07/07/2026-02:02:38] [I] SMs: 114
[07/07/2026-02:02:38] [I] Device Global Memory: 81081 MiB
[07/07/2026-02:02:38] [I] Shared Memory per SM: 228 KiB
[07/07/2026-02:02:38] [I] Memory Bus Width: 5120 bits (ECC enabled)
[07/07/2026-02:02:38] [I] Application Compute Clock Rate: 1.755 GHz
[07/07/2026-02:02:38] [I] Application Memory Clock Rate: 1.593 GHz
[07/07/2026-02:02:38] [I]
[07/07/2026-02:02:38] [I] Note: The application clock rates do not reflect the actual clock rates that the GPU is currently running at.
[07/07/2026-02:02:38] [I]
[07/07/2026-02:02:38] [I] TensorRT version: 10.16.1
[07/07/2026-02:02:38] [I] Loading standard plugins
[07/07/2026-02:02:38] [I] [TRT] Loaded engine size: 12 MiB
[07/07/2026-02:02:38] [I] Engine deserialized in 0.0283957 sec.
[07/07/2026-02:02:38] [I] [TRT] [MemUsageChange] TensorRT-managed allocation in IExecutionContext creation: CPU +0, GPU +0, now: CPU 0, GPU 12 (MiB)
[07/07/2026-02:02:38] [I] Setting persistentCacheLimit to 0 bytes.
[07/07/2026-02:02:38] [I] Created execution context with device memory size: 0.119629 MiB
[07/07/2026-02:02:38] [I] Using random values for input x
[07/07/2026-02:02:38] [I] Input binding for x with dimensions 1x1x28x28 and type fp32 is created.
[07/07/2026-02:02:38] [I] Output binding for y with dimensions 1x10 and type fp32 is created.
[07/07/2026-02:02:38] [I] Output binding for z with dimensions 1 and type int64 is created.
[07/07/2026-02:02:38] [I] Starting inference
[07/07/2026-02:02:41] [I] Warmup completed 1727 queries over 200 ms
[07/07/2026-02:02:41] [I] Timing trace has 26056 queries over 3.00023 s
[07/07/2026-02:02:41] [I]
[07/07/2026-02:02:41] [I] === Trace details ===
[07/07/2026-02:02:41] [I] Trace averages of 10 runs:
[07/07/2026-02:02:41] [I] Average on 10 runs - GPU latency: 0.058075 ms - Host latency: 0.07509 ms (enqueue 0.0560867 ms)
[07/07/2026-02:02:41] [I] Average on 10 runs - GPU latency: 0.0610641 ms - Host latency: 0.0764221 ms (enqueue 0.0592011 ms)
[07/07/2026-02:02:41] [I] Average on 10 runs - GPU latency: 0.0599838 ms - Host latency: 0.0757187 ms (enqueue 0.0580948 ms)
[07/07/2026-02:02:41] [I] Average on 10 runs - GPU latency: 0.0609589 ms - Host latency: 0.0764938 ms (enqueue 0.0589005 ms)
[07/07/2026-02:02:41] [I] Average on 10 runs - GPU latency: 0.058522 ms - Host latency: 0.0740265 ms (enqueue 0.0565384 ms)
[07/07/2026-02:02:41] [I] Average on 10 runs - GPU latency: 0.0607269 ms - Host latency: 0.0775406 ms (enqueue 0.0586487 ms)
[07/07/2026-02:02:41] [I] Average on 10 runs - GPU latency: 0.0594055 ms - Host latency: 0.0753921 ms (enqueue 0.0574371 ms)
[07/07/2026-02:02:41] [I] Average on 10 runs - GPU latency: 0.059375 ms - Host latency: 0.0748215 ms (enqueue 0.0573715 ms)
[07/07/2026-02:02:41] [I] Average on 10 runs - GPU latency: 0.0621353 ms - Host latency: 0.0780136 ms (enqueue 0.0601685 ms)
[07/07/2026-02:02:41] [I] Average on 10 runs - GPU latency: 0.0581696 ms - Host latency: 0.0734695 ms (enqueue 0.0562042 ms)
[07/07/2026-02:02:41] [I] Average on 10 runs - GPU latency: 0.0592651 ms - Host latency: 0.0754761 ms (enqueue 0.0573746 ms)
[07/07/2026-02:02:41] [I] Average on 10 runs - GPU latency: 0.0602051 ms - Host latency: 0.0755402 ms (enqueue 0.0582153 ms)
[07/07/2026-02:02:41] [I] Average on 10 runs - GPU latency: 0.0615417 ms - Host latency: 0.0767593 ms (enqueue 0.0596451 ms)
[07/07/2026-02:02:41] [I] Average on 10 runs - GPU latency: 0.0617462 ms - Host latency: 0.0786072 ms (enqueue 0.0596069 ms)
[07/07/2026-02:02:41] [I] Average on 10 runs - GPU latency: 0.060733 ms - Host latency: 0.0776291 ms (enqueue 0.058699 ms)
[07/07/2026-02:02:41] [I] Average on 10 runs - GPU latency: 0.0615128 ms - Host latency: 0.0769058 ms (enqueue 0.059491 ms)
[07/07/2026-02:02:41] [I] Average on 10 runs - GPU latency: 0.0591736 ms - Host latency: 0.0755722 ms (enqueue 0.0570969 ms)
[07/07/2026-02:02:41] [I] Average on 10 runs - GPU latency: 0.0606186 ms - Host latency: 0.0758926 ms (enqueue 0.0586136 ms)
[07/07/2026-02:02:41] [I] Average on 10 runs - GPU latency: 0.0608597 ms - Host latency: 0.0760956 ms (enqueue 0.0588531 ms)
[07/07/2026-02:02:41] [I] Average on 10 runs - GPU latency: 0.0594528 ms - Host latency: 0.0746506 ms (enqueue 0.0576599 ms)
[07/07/2026-02:02:41] [I] Average on 10 runs - GPU latency: 0.0609528 ms - Host latency: 0.0762802 ms (enqueue 0.0590439 ms)
[07/07/2026-02:02:41] [I] Average on 10 runs - GPU latency: 0.0581741 ms - Host latency: 0.0736954 ms (enqueue 0.0561691 ms)
[07/07/2026-02:02:41] [I] Average on 10 runs - GPU latency: 0.0600616 ms - Host latency: 0.0753693 ms (enqueue 0.0580338 ms)
[07/07/2026-02:02:41] [I] Average on 10 runs - GPU latency: 0.0619843 ms - Host latency: 0.0779938 ms (enqueue 0.0599213 ms)
[07/07/2026-02:02:41] [I] Average on 10 runs - GPU latency: 0.0588409 ms - Host latency: 0.0742508 ms (enqueue 0.0568649 ms)
[07/07/2026-02:02:41] [I] Average on 10 runs - GPU latency: 0.0577667 ms - Host latency: 0.0731323 ms (enqueue 0.0557098 ms)
[07/07/2026-02:02:41] [I] Average on 10 runs - GPU latency: 0.0571503 ms - Host latency: 0.0730606 ms (enqueue 0.0552383 ms)
[07/07/2026-02:02:41] [I] Average on 10 runs - GPU latency: 0.0565491 ms - Host latency: 0.0731094 ms (enqueue 0.0544708 ms)
[07/07/2026-02:02:41] [I] Average on 10 runs - GPU latency: 0.0583466 ms - Host latency: 0.0736832 ms (enqueue 0.055928 ms)
[07/07/2026-02:02:41] [I] Average on 10 runs - GPU latency: 0.0580551 ms - Host latency: 0.0732483 ms (enqueue 0.0561218 ms)
[07/07/2026-02:02:41] [I] Average on 10 runs - GPU latency: 0.0570526 ms - Host latency: 0.0733902 ms (enqueue 0.055069 ms)
[07/07/2026-02:02:41] [I] Average on 10 runs - GPU latency: 0.0572784 ms - Host latency: 0.0727417 ms (enqueue 0.0552521 ms)
[07/07/2026-02:02:41] [I] Average on 10 runs - GPU latency: 0.0598145 ms - Host latency: 0.0753754 ms (enqueue 0.0576859 ms)
[07/07/2026-02:02:41] [I] Average on 10 runs - GPU latency: 0.0578949 ms - Host latency: 0.0734665 ms (enqueue 0.0557785 ms)
[07/07/2026-02:02:41] [I] Average on 10 runs - GPU latency: 0.0566544 ms - Host latency: 0.072316 ms (enqueue 0.0547379 ms)
[07/07/2026-02:02:41] [I] Average on 10 runs - GPU latency: 0.0587433 ms - Host latency: 0.0762039 ms (enqueue 0.0559448 ms)
[07/07/2026-02:02:41] [I] Average on 10 runs - GPU latency: 0.0578918 ms - Host latency: 0.073732 ms (enqueue 0.055867 ms)
[07/07/2026-02:02:41] [I] Average on 10 runs - GPU latency: 0.05802 ms - Host latency: 0.0738358 ms (enqueue 0.05616 ms)
[07/07/2026-02:02:41] [I] Average on 10 runs - GPU latency: 0.058107 ms - Host latency: 0.0744553 ms (enqueue 0.0562149 ms)
[07/07/2026-02:02:41] [I] Average on 10 runs - GPU latency: 0.0574982 ms - Host latency: 0.0726807 ms (enqueue 0.0555984 ms)
[07/07/2026-02:02:41] [I] Average on 10 runs - GPU latency: 0.0587585 ms - Host latency: 0.0743301 ms (enqueue 0.0555588 ms)
[07/07/2026-02:02:41] [I] Average on 10 runs - GPU latency: 0.056749 ms - Host latency: 0.0720627 ms (enqueue 0.0548141 ms)
[07/07/2026-02:02:41] [I] Average on 10 runs - GPU latency: 0.0604828 ms - Host latency: 0.0757874 ms (enqueue 0.0586624 ms)
[07/07/2026-02:02:41] [I] Average on 10 runs - GPU latency: 0.0595444 ms - Host latency: 0.0746841 ms (enqueue 0.0564301 ms)
[07/07/2026-02:02:41] [I] Average on 10 runs - GPU latency: 0.0579788 ms - Host latency: 0.0732651 ms (enqueue 0.0559998 ms)
[07/07/2026-02:02:41] [I] Average on 10 runs - GPU latency: 0.0572388 ms - Host latency: 0.0738998 ms (enqueue 0.0551025 ms)
[07/07/2026-02:02:41] [I] Average on 10 runs - GPU latency: 0.0584564 ms - Host latency: 0.0755386 ms (enqueue 0.0564743 ms)
[07/07/2026-02:02:41] [I] Average on 10 runs - GPU latency: 0.0557678 ms - Host latency: 0.0708755 ms (enqueue 0.053894 ms)
[07/07/2026-02:02:41] [I] Average on 10 runs - GPU latency: 0.0593277 ms - Host latency: 0.0745911 ms (enqueue 0.0567017 ms)
[07/07/2026-02:02:41] [I] Average on 10 runs - GPU latency: 0.057637 ms - Host latency: 0.072963 ms (enqueue 0.0556961 ms)
[07/07/2026-02:02:41] [I] Average on 10 runs - GPU latency: 0.0581207 ms - Host latency: 0.0733643 ms (enqueue 0.0562103 ms)
[07/07/2026-02:02:41] [I] Average on 10 runs - GPU latency: 0.0585388 ms - Host latency: 0.0737396 ms (enqueue 0.0555603 ms)
[07/07/2026-02:02:41] [I] Average on 10 runs - GPU latency: 0.0587128 ms - Host latency: 0.0740143 ms (enqueue 0.0567719 ms)
[07/07/2026-02:02:41] [I] Average on 10 runs - GPU latency: 0.0597168 ms - Host latency: 0.077594 ms (enqueue 0.057724 ms)
[07/07/2026-02:02:41] [I] Average on 10 runs - GPU latency: 0.0598084 ms - Host latency: 0.0753235 ms (enqueue 0.0566376 ms)
[07/07/2026-02:02:41] [I] Average on 10 runs - GPU latency: 0.0586853 ms - Host latency: 0.0739655 ms (enqueue 0.0567749 ms)
[07/07/2026-02:02:41] [I] Average on 10 runs - GPU latency: 0.0707581 ms - Host latency: 0.0865295 ms (enqueue 0.0573761 ms)
[07/07/2026-02:02:41] [I] Average on 10 runs - GPU latency: 0.058844 ms - Host latency: 0.075354 ms (enqueue 0.0565552 ms)
[07/07/2026-02:02:41] [I] Average on 10 runs - GPU latency: 0.0590363 ms - Host latency: 0.0754852 ms (enqueue 0.0567444 ms)
[07/07/2026-02:02:41] [I] Average on 10 runs - GPU latency: 0.0593964 ms - Host latency: 0.0753052 ms (enqueue 0.057196 ms)
[07/07/2026-02:02:41] [I] Average on 10 runs - GPU latency: 0.0588043 ms - Host latency: 0.0757202 ms (enqueue 0.0565155 ms)
[07/07/2026-02:02:41] [I] Average on 10 runs - GPU latency: 0.0605011 ms - Host latency: 0.0774139 ms (enqueue 0.0581146 ms)
[07/07/2026-02:02:41] [I] Average on 10 runs - GPU latency: 0.0591553 ms - Host latency: 0.0747131 ms (enqueue 0.0567932 ms)
[07/07/2026-02:02:41] [I] Average on 10 runs - GPU latency: 0.0599152 ms - Host latency: 0.0757019 ms (enqueue 0.0576355 ms)
[07/07/2026-02:02:41] [I] Average on 10 runs - GPU latency: 0.0585175 ms - Host latency: 0.0752563 ms (enqueue 0.0561859 ms)
[07/07/2026-02:02:41] [I] Average on 10 runs - GPU latency: 0.059082 ms - Host latency: 0.0747711 ms (enqueue 0.0567535 ms)
[07/07/2026-02:02:41] [I] Average on 10 runs - GPU latency: 0.0616425 ms - Host latency: 0.0776581 ms (enqueue 0.0594788 ms)
[07/07/2026-02:02:41] [I] Average on 10 runs - GPU latency: 0.0594055 ms - Host latency: 0.0751617 ms (enqueue 0.0571503 ms)
[07/07/2026-02:02:41] [I] Average on 10 runs - GPU latency: 0.0617676 ms - Host latency: 0.0775269 ms (enqueue 0.0594849 ms)
[07/07/2026-02:02:41] [I] Average on 10 runs - GPU latency: 0.0590424 ms - Host latency: 0.0754272 ms (enqueue 0.0568054 ms)
[07/07/2026-02:02:41] [I] Average on 10 runs - GPU latency: 0.0585175 ms - Host latency: 0.0753296 ms (enqueue 0.0562897 ms)
[07/07/2026-02:02:41] [I] Average on 10 runs - GPU latency: 0.0587677 ms - Host latency: 0.0745087 ms (enqueue 0.0565247 ms)
[07/07/2026-02:02:41] [I] Average on 10 runs - GPU latency: 0.0598114 ms - Host latency: 0.0757324 ms (enqueue 0.0574951 ms)
[07/07/2026-02:02:41] [I] Average on 10 runs - GPU latency: 0.0603119 ms - Host latency: 0.0766937 ms (enqueue 0.0581848 ms)
[07/07/2026-02:02:41] [I] Average on 10 runs - GPU latency: 0.0594635 ms - Host latency: 0.0759338 ms (enqueue 0.0571686 ms)
[07/07/2026-02:02:41] [I] Average on 10 runs - GPU latency: 0.063974 ms - Host latency: 0.0798676 ms (enqueue 0.0617493 ms)
[07/07/2026-02:02:41] [I] Average on 10 runs - GPU latency: 0.0603119 ms - Host latency: 0.0761108 ms (enqueue 0.0581085 ms)
[07/07/2026-02:02:41] [I] Average on 10 runs - GPU latency: 0.0595856 ms - Host latency: 0.0759705 ms (enqueue 0.0572327 ms)
[07/07/2026-02:02:41] [I] Average on 10 runs - GPU latency: 0.0609558 ms - Host latency: 0.0769806 ms (enqueue 0.0587677 ms)
[07/07/2026-02:02:41] [I] Average on 10 runs - GPU latency: 0.0588226 ms - Host latency: 0.0744293 ms (enqueue 0.056665 ms)
[07/07/2026-02:02:41] [I] Average on 10 runs - GPU latency: 0.0579224 ms - Host latency: 0.0756134 ms (enqueue 0.0556946 ms)
[07/07/2026-02:02:41] [I] Average on 10 runs - GPU latency: 0.0579468 ms - Host latency: 0.0736298 ms (enqueue 0.0556976 ms)
[07/07/2026-02:02:41] [I] Average on 10 runs - GPU latency: 0.0593811 ms - Host latency: 0.0752533 ms (enqueue 0.0571014 ms)
[07/07/2026-02:02:41] [I] Average on 10 runs - GPU latency: 0.0609741 ms - Host latency: 0.0767517 ms (enqueue 0.0587219 ms)
[07/07/2026-02:02:41] [I] Average on 10 runs - GPU latency: 0.0584839 ms - Host latency: 0.0743103 ms (enqueue 0.0561584 ms)
[07/07/2026-02:02:41] [I] Average on 10 runs - GPU latency: 0.0636627 ms - Host latency: 0.0798492 ms (enqueue 0.0613068 ms)
[07/07/2026-02:02:41] [I] Average on 10 runs - GPU latency: 0.0585815 ms - Host latency: 0.0752441 ms (enqueue 0.0562225 ms)
[07/07/2026-02:02:41] [I] Average on 10 runs - GPU latency: 0.0617218 ms - Host latency: 0.0774872 ms (enqueue 0.0594513 ms)
[07/07/2026-02:02:41] [I] Average on 10 runs - GPU latency: 0.0590485 ms - Host latency: 0.0746491 ms (enqueue 0.0567444 ms)
[07/07/2026-02:02:41] [I] Average on 10 runs - GPU latency: 0.0588837 ms - Host latency: 0.0745758 ms (enqueue 0.0565765 ms)
[07/07/2026-02:02:41] [I] Average on 10 runs - GPU latency: 0.0599182 ms - Host latency: 0.0755127 ms (enqueue 0.0576508 ms)
[07/07/2026-02:02:41] [I] Average on 10 runs - GPU latency: 0.0584625 ms - Host latency: 0.0743408 ms (enqueue 0.0561554 ms)
[07/07/2026-02:02:41] [I] Average on 10 runs - GPU latency: 0.0592896 ms - Host latency: 0.0750092 ms (enqueue 0.0568451 ms)
[07/07/2026-02:02:41] [I] Average on 10 runs - GPU latency: 0.059433 ms - Host latency: 0.0751953 ms (enqueue 0.0571442 ms)
[07/07/2026-02:02:41] [I] Average on 10 runs - GPU latency: 0.0587555 ms - Host latency: 0.075061 ms (enqueue 0.0564911 ms)
[07/07/2026-02:02:41] [I] Average on 10 runs - GPU latency: 0.0599335 ms - Host latency: 0.0757111 ms (enqueue 0.0576752 ms)
[07/07/2026-02:02:41] [I] Average on 10 runs - GPU latency: 0.0598541 ms - Host latency: 0.0762085 ms (enqueue 0.057724 ms)
[07/07/2026-02:02:41] [I] Average on 10 runs - GPU latency: 0.0586823 ms - Host latency: 0.0757263 ms (enqueue 0.0563721 ms)
[07/07/2026-02:02:41] [I] Average on 10 runs - GPU latency: 0.0588318 ms - Host latency: 0.0748749 ms (enqueue 0.0565308 ms)
[07/07/2026-02:02:41] [I] Average on 10 runs - GPU latency: 0.0579559 ms - Host latency: 0.0736359 ms (enqueue 0.0556458 ms)
[07/07/2026-02:02:41] [I] Average on 10 runs - GPU latency: 0.0615295 ms - Host latency: 0.0772919 ms (enqueue 0.0591736 ms)
[07/07/2026-02:02:41] [I] Average on 10 runs - GPU latency: 0.0615692 ms - Host latency: 0.0773285 ms (enqueue 0.0592682 ms)
[07/07/2026-02:02:41] [I] Average on 10 runs - GPU latency: 0.060614 ms - Host latency: 0.0782043 ms (enqueue 0.0582733 ms)
[07/07/2026-02:02:41] [I] Average on 10 runs - GPU latency: 0.0596619 ms - Host latency: 0.0751709 ms (enqueue 0.0573822 ms)
[07/07/2026-02:02:41] [I] Average on 10 runs - GPU latency: 0.0616211 ms - Host latency: 0.0776825 ms (enqueue 0.0594025 ms)
[07/07/2026-02:02:41] [I] Average on 10 runs - GPU latency: 0.0619751 ms - Host latency: 0.0778381 ms (enqueue 0.0587311 ms)
[07/07/2026-02:02:41] [I] Average on 10 runs - GPU latency: 0.0722931 ms - Host latency: 0.0885193 ms (enqueue 0.0601715 ms)
[07/07/2026-02:02:41] [I] Average on 10 runs - GPU latency: 0.0617676 ms - Host latency: 0.0772644 ms (enqueue 0.0597656 ms)
[07/07/2026-02:02:41] [I] Average on 10 runs - GPU latency: 0.0584198 ms - Host latency: 0.0740601 ms (enqueue 0.0564117 ms)
[07/07/2026-02:02:41] [I] Average on 10 runs - GPU latency: 0.0588837 ms - Host latency: 0.0750641 ms (enqueue 0.0568634 ms)
[07/07/2026-02:02:41] [I] Average on 10 runs - GPU latency: 0.0611877 ms - Host latency: 0.0778748 ms (enqueue 0.0592255 ms)
[07/07/2026-02:02:41] [I] Average on 10 runs - GPU latency: 0.0605041 ms - Host latency: 0.0757599 ms (enqueue 0.0585693 ms)
[07/07/2026-02:02:41] [I] Average on 10 runs - GPU latency: 0.0586731 ms - Host latency: 0.0746033 ms (enqueue 0.0566925 ms)
[07/07/2026-02:02:41] [I] Average on 10 runs - GPU latency: 0.0589111 ms - Host latency: 0.0745636 ms (enqueue 0.0569153 ms)
[07/07/2026-02:02:41] [I] Average on 10 runs - GPU latency: 0.0585815 ms - Host latency: 0.0748901 ms (enqueue 0.0564209 ms)
[07/07/2026-02:02:41] [I] Average on 10 runs - GPU latency: 0.073703 ms - Host latency: 0.0922211 ms (enqueue 0.0711823 ms)
[07/07/2026-02:02:41] [I] Average on 10 runs - GPU latency: 0.0753723 ms - Host latency: 0.0972839 ms (enqueue 0.0727203 ms)
[07/07/2026-02:02:41] [I] Average on 10 runs - GPU latency: 0.0615112 ms - Host latency: 0.0777771 ms (enqueue 0.0594482 ms)
[07/07/2026-02:02:41] [I] Average on 10 runs - GPU latency: 0.0612549 ms - Host latency: 0.0777069 ms (enqueue 0.0591278 ms)
[07/07/2026-02:02:41] [I] Average on 10 runs - GPU latency: 0.0620239 ms - Host latency: 0.0784515 ms (enqueue 0.06008 ms)
[07/07/2026-02:02:41] [I] Average on 10 runs - GPU latency: 0.0600311 ms - Host latency: 0.0753723 ms (enqueue 0.0580109 ms)
[07/07/2026-02:02:41] [I] Average on 10 runs - GPU latency: 0.0592743 ms - Host latency: 0.0753998 ms (enqueue 0.0574585 ms)
[07/07/2026-02:02:41] [I] Average on 10 runs - GPU latency: 0.0614746 ms - Host latency: 0.0779449 ms (enqueue 0.0594543 ms)
[07/07/2026-02:02:41] [I] Average on 10 runs - GPU latency: 0.0609436 ms - Host latency: 0.0767242 ms (enqueue 0.059079 ms)
[07/07/2026-02:02:41] [I] Average on 10 runs - GPU latency: 0.0608521 ms - Host latency: 0.0764282 ms (enqueue 0.0589203 ms)
[07/07/2026-02:02:41] [I] Average on 10 runs - GPU latency: 0.06138 ms - Host latency: 0.076712 ms (enqueue 0.0593964 ms)
[07/07/2026-02:02:41] [I] Average on 10 runs - GPU latency: 0.0619537 ms - Host latency: 0.0773834 ms (enqueue 0.0599701 ms)
[07/07/2026-02:02:41] [I] Average on 10 runs - GPU latency: 0.0613525 ms - Host latency: 0.0767181 ms (enqueue 0.059259 ms)
[07/07/2026-02:02:41] [I] Average on 10 runs - GPU latency: 0.0601624 ms - Host latency: 0.0762848 ms (enqueue 0.0580505 ms)
[07/07/2026-02:02:41] [I] Average on 10 runs - GPU latency: 0.0665192 ms - Host latency: 0.0819153 ms (enqueue 0.0645325 ms)
[07/07/2026-02:02:41] [I] Average on 10 runs - GPU latency: 0.0606079 ms - Host latency: 0.0764374 ms (enqueue 0.0595337 ms)
[07/07/2026-02:02:41] [I] Average on 10 runs - GPU latency: 0.0628723 ms - Host latency: 0.0781677 ms (enqueue 0.0603668 ms)
[07/07/2026-02:02:41] [I] Average on 10 runs - GPU latency: 0.0629272 ms - Host latency: 0.0782471 ms (enqueue 0.060849 ms)
[07/07/2026-02:02:41] [I] Average on 10 runs - GPU latency: 0.0615051 ms - Host latency: 0.078421 ms (enqueue 0.0594543 ms)
[07/07/2026-02:02:41] [I] Average on 10 runs - GPU latency: 0.0612732 ms - Host latency: 0.0781067 ms (enqueue 0.0586914 ms)
[07/07/2026-02:02:41] [I] Average on 10 runs - GPU latency: 0.0606537 ms - Host latency: 0.0759583 ms (enqueue 0.0587158 ms)
[07/07/2026-02:02:41] [I] Average on 10 runs - GPU latency: 0.0609894 ms - Host latency: 0.0769806 ms (enqueue 0.0588745 ms)
[07/07/2026-02:02:41] [I] Average on 10 runs - GPU latency: 0.0576752 ms - Host latency: 0.0741089 ms (enqueue 0.0556671 ms)
[07/07/2026-02:02:41] [I] Average on 10 runs - GPU latency: 0.0580933 ms - Host latency: 0.0740112 ms (enqueue 0.0561584 ms)
[07/07/2026-02:02:41] [I] Average on 10 runs - GPU latency: 0.0594818 ms - Host latency: 0.0748535 ms (enqueue 0.0575134 ms)
[07/07/2026-02:02:41] [I] Average on 10 runs - GPU latency: 0.0579346 ms - Host latency: 0.0734375 ms (enqueue 0.0561157 ms)
[07/07/2026-02:02:41] [I] Average on 10 runs - GPU latency: 0.0592255 ms - Host latency: 0.0751434 ms (enqueue 0.0573364 ms)
[07/07/2026-02:02:41] [I] Average on 10 runs - GPU latency: 0.0572144 ms - Host latency: 0.0739166 ms (enqueue 0.0552887 ms)
[07/07/2026-02:02:41] [I] Average on 10 runs - GPU latency: 0.0592865 ms - Host latency: 0.0752441 ms (enqueue 0.0573517 ms)
[07/07/2026-02:02:41] [I] Average on 10 runs - GPU latency: 0.060022 ms - Host latency: 0.0756775 ms (enqueue 0.0581757 ms)
[07/07/2026-02:02:41] [I] Average on 10 runs - GPU latency: 0.061145 ms - Host latency: 0.0767761 ms (enqueue 0.059024 ms)
[07/07/2026-02:02:41] [I] Average on 10 runs - GPU latency: 0.060495 ms - Host latency: 0.0772461 ms (enqueue 0.0585114 ms)
[07/07/2026-02:02:41] [I] Average on 10 runs - GPU latency: 0.0613708 ms - Host latency: 0.076648 ms (enqueue 0.0593536 ms)
[07/07/2026-02:02:41] [I] Average on 10 runs - GPU latency: 0.060907 ms - Host latency: 0.0761566 ms (enqueue 0.0588776 ms)
[07/07/2026-02:02:41] [I] Average on 10 runs - GPU latency: 0.0606537 ms - Host latency: 0.0777435 ms (enqueue 0.0585663 ms)
[07/07/2026-02:02:41] [I] Average on 10 runs - GPU latency: 0.0584229 ms - Host latency: 0.0741821 ms (enqueue 0.0564758 ms)
[07/07/2026-02:02:41] [I] Average on 10 runs - GPU latency: 0.0611298 ms - Host latency: 0.0766357 ms (enqueue 0.0580048 ms)
[07/07/2026-02:02:41] [I] Average on 10 runs - GPU latency: 0.0592041 ms - Host latency: 0.0745483 ms (enqueue 0.0572815 ms)
[07/07/2026-02:02:41] [I] Average on 10 runs - GPU latency: 0.0639526 ms - Host latency: 0.0794495 ms (enqueue 0.0618896 ms)
[07/07/2026-02:02:41] [I] Average on 10 runs - GPU latency: 0.0596222 ms - Host latency: 0.0748413 ms (enqueue 0.0575226 ms)
[07/07/2026-02:02:41] [I] Average on 10 runs - GPU latency: 0.0602905 ms - Host latency: 0.0758575 ms (enqueue 0.0583466 ms)
[07/07/2026-02:02:41] [I] Average on 10 runs - GPU latency: 0.0623657 ms - Host latency: 0.0776489 ms (enqueue 0.0604065 ms)
[07/07/2026-02:02:41] [I] Average on 10 runs - GPU latency: 0.0615631 ms - Host latency: 0.0769287 ms (enqueue 0.0595947 ms)
[07/07/2026-02:02:41] [I] Average on 10 runs - GPU latency: 0.0609528 ms - Host latency: 0.080896 ms (enqueue 0.0577667 ms)
[07/07/2026-02:02:41] [I] Average on 10 runs - GPU latency: 0.0580811 ms - Host latency: 0.073468 ms (enqueue 0.0560455 ms)
[07/07/2026-02:02:41] [I] Average on 10 runs - GPU latency: 0.0612427 ms - Host latency: 0.0764832 ms (enqueue 0.0591309 ms)
[07/07/2026-02:02:41] [I] Average on 10 runs - GPU latency: 0.0622986 ms - Host latency: 0.0775208 ms (enqueue 0.0593323 ms)
[07/07/2026-02:02:41] [I] Average on 10 runs - GPU latency: 0.0588196 ms - Host latency: 0.0744415 ms (enqueue 0.0568512 ms)
[07/07/2026-02:02:41] [I] Average on 10 runs - GPU latency: 0.057019 ms - Host latency: 0.0722504 ms (enqueue 0.055127 ms)
[07/07/2026-02:02:41] [I] Average on 10 runs - GPU latency: 0.0582397 ms - Host latency: 0.0735565 ms (enqueue 0.0561096 ms)
[07/07/2026-02:02:41] [I] Average on 10 runs - GPU latency: 0.0575439 ms - Host latency: 0.0728333 ms (enqueue 0.0556091 ms)
[07/07/2026-02:02:41] [I] Average on 10 runs - GPU latency: 0.0596222 ms - Host latency: 0.0749786 ms (enqueue 0.0576843 ms)
[07/07/2026-02:02:41] [I] Average on 10 runs - GPU latency: 0.058725 ms - Host latency: 0.0739258 ms (enqueue 0.0567932 ms)
[07/07/2026-02:02:41] [I] Average on 10 runs - GPU latency: 0.0574127 ms - Host latency: 0.0729309 ms (enqueue 0.0554718 ms)
[07/07/2026-02:02:41] [I] Average on 10 runs - GPU latency: 0.0603607 ms - Host latency: 0.0756348 ms (enqueue 0.0584473 ms)
[07/07/2026-02:02:41] [I] Average on 10 runs - GPU latency: 0.0609894 ms - Host latency: 0.0772705 ms (enqueue 0.0590057 ms)
[07/07/2026-02:02:41] [I] Average on 10 runs - GPU latency: 0.0609222 ms - Host latency: 0.0761871 ms (enqueue 0.0581482 ms)
[07/07/2026-02:02:41] [I] Average on 10 runs - GPU latency: 0.059314 ms - Host latency: 0.0751038 ms (enqueue 0.0572083 ms)
[07/07/2026-02:02:41] [I] Average on 10 runs - GPU latency: 0.0571777 ms - Host latency: 0.072226 ms (enqueue 0.0551666 ms)
[07/07/2026-02:02:41] [I] Average on 10 runs - GPU latency: 0.0576569 ms - Host latency: 0.0748108 ms (enqueue 0.0555786 ms)
[07/07/2026-02:02:41] [I] Average on 10 runs - GPU latency: 0.0571991 ms - Host latency: 0.0724274 ms (enqueue 0.0550415 ms)
[07/07/2026-02:02:41] [I] Average on 10 runs - GPU latency: 0.0585388 ms - Host latency: 0.0736938 ms (enqueue 0.0565399 ms)
[07/07/2026-02:02:41] [I] Average on 10 runs - GPU latency: 0.0603607 ms - Host latency: 0.0756744 ms (enqueue 0.0584869 ms)
[07/07/2026-02:02:41] [I] Average on 10 runs - GPU latency: 0.05672 ms - Host latency: 0.0724396 ms (enqueue 0.0547119 ms)
[07/07/2026-02:02:41] [I] Average on 10 runs - GPU latency: 0.0603424 ms - Host latency: 0.0755463 ms (enqueue 0.0582123 ms)
[07/07/2026-02:02:41] [I] Average on 10 runs - GPU latency: 0.0567657 ms - Host latency: 0.0730347 ms (enqueue 0.0548798 ms)
[07/07/2026-02:02:41] [I] Average on 10 runs - GPU latency: 0.0580353 ms - Host latency: 0.073526 ms (enqueue 0.056076 ms)
[07/07/2026-02:02:41] [I] Average on 10 runs - GPU latency: 0.0594604 ms - Host latency: 0.0748596 ms (enqueue 0.0574982 ms)
[07/07/2026-02:02:41] [I] Average on 10 runs - GPU latency: 0.0577637 ms - Host latency: 0.0738068 ms (enqueue 0.055835 ms)
[07/07/2026-02:02:41] [I] Average on 10 runs - GPU latency: 0.0584167 ms - Host latency: 0.0737732 ms (enqueue 0.0563263 ms)
[07/07/2026-02:02:41] [I] Average on 10 runs - GPU latency: 0.0588409 ms - Host latency: 0.0752136 ms (enqueue 0.0568848 ms)
[07/07/2026-02:02:41] [I] Average on 10 runs - GPU latency: 0.0568359 ms - Host latency: 0.0719513 ms (enqueue 0.0549744 ms)
[07/07/2026-02:02:41] [I] Average on 10 runs - GPU latency: 0.060318 ms - Host latency: 0.0759766 ms (enqueue 0.0583405 ms)
[07/07/2026-02:02:41] [I] Average on 10 runs - GPU latency: 0.0605316 ms - Host latency: 0.0757233 ms (enqueue 0.0585388 ms)
[07/07/2026-02:02:41] [I] Average on 10 runs - GPU latency: 0.058786 ms - Host latency: 0.0740265 ms (enqueue 0.0567322 ms)
[07/07/2026-02:02:41] [I] Average on 10 runs - GPU latency: 0.0588562 ms - Host latency: 0.0758453 ms (enqueue 0.056665 ms)
[07/07/2026-02:02:41] [I] Average on 10 runs - GPU latency: 0.0587341 ms - Host latency: 0.0738831 ms (enqueue 0.0566681 ms)
[07/07/2026-02:02:41] [I] Average on 10 runs - GPU latency: 0.0590118 ms - Host latency: 0.0747681 ms (enqueue 0.0569366 ms)
[07/07/2026-02:02:41] [I] Average on 10 runs - GPU latency: 0.0590363 ms - Host latency: 0.0743011 ms (enqueue 0.0571014 ms)
[07/07/2026-02:02:41] [I] Average on 10 runs - GPU latency: 0.0628204 ms - Host latency: 0.078595 ms (enqueue 0.0606812 ms)
[07/07/2026-02:02:41] [I] Average on 10 runs - GPU latency: 0.0597626 ms - Host latency: 0.0754242 ms (enqueue 0.05737 ms)
[07/07/2026-02:02:41] [I] Average on 10 runs - GPU latency: 0.0595123 ms - Host latency: 0.0750671 ms (enqueue 0.0572083 ms)
[07/07/2026-02:02:41] [I] Average on 10 runs - GPU latency: 0.0604797 ms - Host latency: 0.0761047 ms (enqueue 0.0582092 ms)
[07/07/2026-02:02:41] [I] Average on 10 runs - GPU latency: 0.060611 ms - Host latency: 0.0763184 ms (enqueue 0.0582703 ms)
[07/07/2026-02:02:41] [I] Average on 10 runs - GPU latency: 0.0637787 ms - Host latency: 0.079483 ms (enqueue 0.0614624 ms)
[07/07/2026-02:02:41] [I] ... Omitting 22056 lines
[07/07/2026-02:02:41] [I] Average on 10 runs - GPU latency: 0.0594971 ms - Host latency: 0.0757324 ms (enqueue 0.057666 ms)
[07/07/2026-02:02:41] [I] Average on 10 runs - GPU latency: 0.0599854 ms - Host latency: 0.0768311 ms (enqueue 0.0581055 ms)
[07/07/2026-02:02:41] [I] Average on 10 runs - GPU latency: 0.060791 ms - Host latency: 0.0781738 ms (enqueue 0.0587891 ms)
[07/07/2026-02:02:41] [I] Average on 10 runs - GPU latency: 0.0628418 ms - Host latency: 0.0782715 ms (enqueue 0.0608887 ms)
[07/07/2026-02:02:41] [I] Average on 10 runs - GPU latency: 0.0602051 ms - Host latency: 0.0760986 ms (enqueue 0.0583984 ms)
[07/07/2026-02:02:41] [I] Average on 10 runs - GPU latency: 0.061499 ms - Host latency: 0.0768066 ms (enqueue 0.0585938 ms)
[07/07/2026-02:02:41] [I] Average on 10 runs - GPU latency: 0.0664307 ms - Host latency: 0.0818848 ms (enqueue 0.0644775 ms)
[07/07/2026-02:02:41] [I] Average on 10 runs - GPU latency: 0.0599365 ms - Host latency: 0.0762695 ms (enqueue 0.0579346 ms)
[07/07/2026-02:02:41] [I] Average on 10 runs - GPU latency: 0.0608887 ms - Host latency: 0.0765869 ms (enqueue 0.059082 ms)
[07/07/2026-02:02:41] [I] Average on 10 runs - GPU latency: 0.0593506 ms - Host latency: 0.0745117 ms (enqueue 0.0575928 ms)
[07/07/2026-02:02:41] [I] Average on 10 runs - GPU latency: 0.0693848 ms - Host latency: 0.085498 ms (enqueue 0.0674805 ms)
[07/07/2026-02:02:41] [I] Average on 10 runs - GPU latency: 0.0664062 ms - Host latency: 0.0817139 ms (enqueue 0.0645996 ms)
[07/07/2026-02:02:41] [I] Average on 10 runs - GPU latency: 0.0632568 ms - Host latency: 0.0802979 ms (enqueue 0.0608154 ms)
[07/07/2026-02:02:41] [I] Average on 10 runs - GPU latency: 0.0616211 ms - Host latency: 0.0774658 ms (enqueue 0.059375 ms)
[07/07/2026-02:02:41] [I] Average on 10 runs - GPU latency: 0.0655273 ms - Host latency: 0.0828613 ms (enqueue 0.0633057 ms)
[07/07/2026-02:02:41] [I] Average on 10 runs - GPU latency: 0.0638184 ms - Host latency: 0.0794434 ms (enqueue 0.0618164 ms)
[07/07/2026-02:02:41] [I] Average on 10 runs - GPU latency: 0.0639648 ms - Host latency: 0.0797607 ms (enqueue 0.0617432 ms)
[07/07/2026-02:02:41] [I] Average on 10 runs - GPU latency: 0.0637451 ms - Host latency: 0.0794434 ms (enqueue 0.060376 ms)
[07/07/2026-02:02:41] [I] Average on 10 runs - GPU latency: 0.0642822 ms - Host latency: 0.0800293 ms (enqueue 0.0623047 ms)
[07/07/2026-02:02:41] [I] Average on 10 runs - GPU latency: 0.0695557 ms - Host latency: 0.0853271 ms (enqueue 0.0666016 ms)
[07/07/2026-02:02:41] [I] Average on 10 runs - GPU latency: 0.0647461 ms - Host latency: 0.0809082 ms (enqueue 0.0626221 ms)
[07/07/2026-02:02:41] [I] Average on 10 runs - GPU latency: 0.0634277 ms - Host latency: 0.0790039 ms (enqueue 0.0613525 ms)
[07/07/2026-02:02:41] [I] Average on 10 runs - GPU latency: 0.0634277 ms - Host latency: 0.0792969 ms (enqueue 0.0613037 ms)
[07/07/2026-02:02:41] [I] Average on 10 runs - GPU latency: 0.0654785 ms - Host latency: 0.0812988 ms (enqueue 0.0632813 ms)
[07/07/2026-02:02:41] [I] Average on 10 runs - GPU latency: 0.0621582 ms - Host latency: 0.0779541 ms (enqueue 0.0599121 ms)
[07/07/2026-02:02:41] [I] Average on 10 runs - GPU latency: 0.0631104 ms - Host latency: 0.078833 ms (enqueue 0.0608887 ms)
[07/07/2026-02:02:41] [I] Average on 10 runs - GPU latency: 0.0619385 ms - Host latency: 0.0776611 ms (enqueue 0.0599365 ms)
[07/07/2026-02:02:41] [I] Average on 10 runs - GPU latency: 0.0614258 ms - Host latency: 0.0786865 ms (enqueue 0.0593262 ms)
[07/07/2026-02:02:41] [I] Average on 10 runs - GPU latency: 0.062915 ms - Host latency: 0.0786377 ms (enqueue 0.0607666 ms)
[07/07/2026-02:02:41] [I] Average on 10 runs - GPU latency: 0.0634033 ms - Host latency: 0.0791504 ms (enqueue 0.0602295 ms)
[07/07/2026-02:02:41] [I] Average on 10 runs - GPU latency: 0.0623779 ms - Host latency: 0.0780029 ms (enqueue 0.0600586 ms)
[07/07/2026-02:02:41] [I] Average on 10 runs - GPU latency: 0.0639648 ms - Host latency: 0.0797852 ms (enqueue 0.0606934 ms)
[07/07/2026-02:02:41] [I] Average on 10 runs - GPU latency: 0.0661133 ms - Host latency: 0.0817383 ms (enqueue 0.0639893 ms)
[07/07/2026-02:02:41] [I] Average on 10 runs - GPU latency: 0.0634277 ms - Host latency: 0.0797119 ms (enqueue 0.0612549 ms)
[07/07/2026-02:02:41] [I] Average on 10 runs - GPU latency: 0.0627197 ms - Host latency: 0.0783447 ms (enqueue 0.0606445 ms)
[07/07/2026-02:02:41] [I] Average on 10 runs - GPU latency: 0.0630615 ms - Host latency: 0.078833 ms (enqueue 0.0609375 ms)
[07/07/2026-02:02:41] [I] Average on 10 runs - GPU latency: 0.0629639 ms - Host latency: 0.0786133 ms (enqueue 0.0608154 ms)
[07/07/2026-02:02:41] [I] Average on 10 runs - GPU latency: 0.0639648 ms - Host latency: 0.0807373 ms (enqueue 0.0619385 ms)
[07/07/2026-02:02:41] [I] Average on 10 runs - GPU latency: 0.0704102 ms - Host latency: 0.0861572 ms (enqueue 0.0682129 ms)
[07/07/2026-02:02:41] [I] Average on 10 runs - GPU latency: 0.0706055 ms - Host latency: 0.0881348 ms (enqueue 0.0683838 ms)
[07/07/2026-02:02:41] [I] Average on 10 runs - GPU latency: 0.0625977 ms - Host latency: 0.0796387 ms (enqueue 0.0604736 ms)
[07/07/2026-02:02:41] [I] Average on 10 runs - GPU latency: 0.0627686 ms - Host latency: 0.0782715 ms (enqueue 0.0605469 ms)
[07/07/2026-02:02:41] [I] Average on 10 runs - GPU latency: 0.0654297 ms - Host latency: 0.0823975 ms (enqueue 0.0629883 ms)
[07/07/2026-02:02:41] [I] Average on 10 runs - GPU latency: 0.0633057 ms - Host latency: 0.0789795 ms (enqueue 0.0613037 ms)
[07/07/2026-02:02:41] [I] Average on 10 runs - GPU latency: 0.0647949 ms - Host latency: 0.0806152 ms (enqueue 0.0626953 ms)
[07/07/2026-02:02:41] [I] Average on 10 runs - GPU latency: 0.0645264 ms - Host latency: 0.0801758 ms (enqueue 0.0625 ms)
[07/07/2026-02:02:41] [I] Average on 10 runs - GPU latency: 0.0605713 ms - Host latency: 0.0766357 ms (enqueue 0.0586182 ms)
[07/07/2026-02:02:41] [I] Average on 10 runs - GPU latency: 0.0627197 ms - Host latency: 0.0783936 ms (enqueue 0.0604004 ms)
[07/07/2026-02:02:41] [I] Average on 10 runs - GPU latency: 0.0638428 ms - Host latency: 0.0795898 ms (enqueue 0.0616699 ms)
[07/07/2026-02:02:41] [I] Average on 10 runs - GPU latency: 0.0672852 ms - Host latency: 0.0830078 ms (enqueue 0.0651855 ms)
[07/07/2026-02:02:41] [I] Average on 10 runs - GPU latency: 0.0647949 ms - Host latency: 0.0806152 ms (enqueue 0.0627441 ms)
[07/07/2026-02:02:41] [I] Average on 10 runs - GPU latency: 0.0655762 ms - Host latency: 0.08125 ms (enqueue 0.0634521 ms)
[07/07/2026-02:02:41] [I] Average on 10 runs - GPU latency: 0.0614014 ms - Host latency: 0.0784424 ms (enqueue 0.0594482 ms)
[07/07/2026-02:02:41] [I] Average on 10 runs - GPU latency: 0.0616943 ms - Host latency: 0.0773437 ms (enqueue 0.0590576 ms)
[07/07/2026-02:02:41] [I] Average on 10 runs - GPU latency: 0.0630615 ms - Host latency: 0.0802002 ms (enqueue 0.0609863 ms)
[07/07/2026-02:02:41] [I] Average on 10 runs - GPU latency: 0.0634277 ms - Host latency: 0.0803711 ms (enqueue 0.0611084 ms)
[07/07/2026-02:02:41] [I] Average on 10 runs - GPU latency: 0.0633057 ms - Host latency: 0.0809814 ms (enqueue 0.0611572 ms)
[07/07/2026-02:02:41] [I] Average on 10 runs - GPU latency: 0.0644775 ms - Host latency: 0.080249 ms (enqueue 0.0623047 ms)
[07/07/2026-02:02:41] [I] Average on 10 runs - GPU latency: 0.0643555 ms - Host latency: 0.0802246 ms (enqueue 0.0621826 ms)
[07/07/2026-02:02:41] [I] Average on 10 runs - GPU latency: 0.0659424 ms - Host latency: 0.0822754 ms (enqueue 0.0637939 ms)
[07/07/2026-02:02:41] [I] Average on 10 runs - GPU latency: 0.0650635 ms - Host latency: 0.0804443 ms (enqueue 0.0607178 ms)
[07/07/2026-02:02:41] [I] Average on 10 runs - GPU latency: 0.0645752 ms - Host latency: 0.080957 ms (enqueue 0.0619629 ms)
[07/07/2026-02:02:41] [I] Average on 10 runs - GPU latency: 0.0707031 ms - Host latency: 0.0967285 ms (enqueue 0.0686768 ms)
[07/07/2026-02:02:41] [I] Average on 10 runs - GPU latency: 0.0793701 ms - Host latency: 0.095166 ms (enqueue 0.0773437 ms)
[07/07/2026-02:02:41] [I] Average on 10 runs - GPU latency: 0.0713135 ms - Host latency: 0.0866211 ms (enqueue 0.0693115 ms)
[07/07/2026-02:02:41] [I] Average on 10 runs - GPU latency: 0.077124 ms - Host latency: 0.0933594 ms (enqueue 0.0751465 ms)
[07/07/2026-02:02:41] [I] Average on 10 runs - GPU latency: 0.0680908 ms - Host latency: 0.0842285 ms (enqueue 0.06604 ms)
[07/07/2026-02:02:41] [I] Average on 10 runs - GPU latency: 0.0638672 ms - Host latency: 0.0804688 ms (enqueue 0.061792 ms)
[07/07/2026-02:02:41] [I] Average on 10 runs - GPU latency: 0.0632568 ms - Host latency: 0.0787598 ms (enqueue 0.0611328 ms)
[07/07/2026-02:02:41] [I] Average on 10 runs - GPU latency: 0.0695801 ms - Host latency: 0.0852051 ms (enqueue 0.066333 ms)
[07/07/2026-02:02:41] [I] Average on 10 runs - GPU latency: 0.0735596 ms - Host latency: 0.0891357 ms (enqueue 0.0715576 ms)
[07/07/2026-02:02:41] [I] Average on 10 runs - GPU latency: 0.0741943 ms - Host latency: 0.089502 ms (enqueue 0.0724365 ms)
[07/07/2026-02:02:41] [I] Average on 10 runs - GPU latency: 0.0767334 ms - Host latency: 0.0926758 ms (enqueue 0.0748047 ms)
[07/07/2026-02:02:41] [I] Average on 10 runs - GPU latency: 0.0793213 ms - Host latency: 0.0949463 ms (enqueue 0.0774658 ms)
[07/07/2026-02:02:41] [I] Average on 10 runs - GPU latency: 0.0639404 ms - Host latency: 0.0798584 ms (enqueue 0.0618408 ms)
[07/07/2026-02:02:41] [I] Average on 10 runs - GPU latency: 0.0606201 ms - Host latency: 0.0760986 ms (enqueue 0.0586914 ms)
[07/07/2026-02:02:41] [I] Average on 10 runs - GPU latency: 0.0666992 ms - Host latency: 0.0823242 ms (enqueue 0.0647949 ms)
[07/07/2026-02:02:41] [I] Average on 10 runs - GPU latency: 0.0728027 ms - Host latency: 0.0888916 ms (enqueue 0.0707031 ms)
[07/07/2026-02:02:41] [I] Average on 10 runs - GPU latency: 0.0621582 ms - Host latency: 0.0779053 ms (enqueue 0.0601807 ms)
[07/07/2026-02:02:41] [I] Average on 10 runs - GPU latency: 0.0600586 ms - Host latency: 0.0762939 ms (enqueue 0.0582764 ms)
[07/07/2026-02:02:41] [I] Average on 10 runs - GPU latency: 0.0677246 ms - Host latency: 0.0834473 ms (enqueue 0.0658203 ms)
[07/07/2026-02:02:41] [I] Average on 10 runs - GPU latency: 0.0694092 ms - Host latency: 0.0849854 ms (enqueue 0.067334 ms)
[07/07/2026-02:02:41] [I] Average on 10 runs - GPU latency: 0.0610107 ms - Host latency: 0.0761719 ms (enqueue 0.0580566 ms)
[07/07/2026-02:02:41] [I] Average on 10 runs - GPU latency: 0.060498 ms - Host latency: 0.0759033 ms (enqueue 0.0585693 ms)
[07/07/2026-02:02:41] [I] Average on 10 runs - GPU latency: 0.0710205 ms - Host latency: 0.0866699 ms (enqueue 0.0687988 ms)
[07/07/2026-02:02:41] [I] Average on 10 runs - GPU latency: 0.0653076 ms - Host latency: 0.0804932 ms (enqueue 0.0634033 ms)
[07/07/2026-02:02:41] [I] Average on 10 runs - GPU latency: 0.0619385 ms - Host latency: 0.0772461 ms (enqueue 0.0599854 ms)
[07/07/2026-02:02:41] [I] Average on 10 runs - GPU latency: 0.0616455 ms - Host latency: 0.0772949 ms (enqueue 0.0596191 ms)
[07/07/2026-02:02:41] [I] Average on 10 runs - GPU latency: 0.0738525 ms - Host latency: 0.09021 ms (enqueue 0.0719971 ms)
[07/07/2026-02:02:41] [I] Average on 10 runs - GPU latency: 0.0648682 ms - Host latency: 0.0803711 ms (enqueue 0.0629395 ms)
[07/07/2026-02:02:41] [I] Average on 10 runs - GPU latency: 0.0638672 ms - Host latency: 0.0807129 ms (enqueue 0.0618408 ms)
[07/07/2026-02:02:41] [I] Average on 10 runs - GPU latency: 0.0619873 ms - Host latency: 0.0800781 ms (enqueue 0.0600586 ms)
[07/07/2026-02:02:41] [I] Average on 10 runs - GPU latency: 0.0759766 ms - Host latency: 0.091333 ms (enqueue 0.0740723 ms)
[07/07/2026-02:02:41] [I] Average on 10 runs - GPU latency: 0.0638428 ms - Host latency: 0.0796387 ms (enqueue 0.0618408 ms)
[07/07/2026-02:02:41] [I] Average on 10 runs - GPU latency: 0.0616211 ms - Host latency: 0.0770996 ms (enqueue 0.0595947 ms)
[07/07/2026-02:02:41] [I] Average on 10 runs - GPU latency: 0.0618164 ms - Host latency: 0.0771973 ms (enqueue 0.0597412 ms)
[07/07/2026-02:02:41] [I] Average on 10 runs - GPU latency: 0.0779785 ms - Host latency: 0.0947754 ms (enqueue 0.0759521 ms)
[07/07/2026-02:02:41] [I] Average on 10 runs - GPU latency: 0.0625488 ms - Host latency: 0.0786377 ms (enqueue 0.0606689 ms)
[07/07/2026-02:02:41] [I] Average on 10 runs - GPU latency: 0.0637939 ms - Host latency: 0.0802734 ms (enqueue 0.0606689 ms)
[07/07/2026-02:02:41] [I] Average on 10 runs - GPU latency: 0.0643311 ms - Host latency: 0.0800293 ms (enqueue 0.0620117 ms)
[07/07/2026-02:02:41] [I] Average on 10 runs - GPU latency: 0.0750977 ms - Host latency: 0.0905029 ms (enqueue 0.0719238 ms)
[07/07/2026-02:02:41] [I] Average on 10 runs - GPU latency: 0.066748 ms - Host latency: 0.0822754 ms (enqueue 0.0648682 ms)
[07/07/2026-02:02:41] [I] Average on 10 runs - GPU latency: 0.0616455 ms - Host latency: 0.0774658 ms (enqueue 0.059668 ms)
[07/07/2026-02:02:41] [I] Average on 10 runs - GPU latency: 0.0635498 ms - Host latency: 0.0791504 ms (enqueue 0.0614502 ms)
[07/07/2026-02:02:41] [I] Average on 10 runs - GPU latency: 0.0721924 ms - Host latency: 0.0880371 ms (enqueue 0.0701416 ms)
[07/07/2026-02:02:41] [I] Average on 10 runs - GPU latency: 0.0631592 ms - Host latency: 0.0794678 ms (enqueue 0.0611816 ms)
[07/07/2026-02:02:41] [I] Average on 10 runs - GPU latency: 0.0618164 ms - Host latency: 0.0772705 ms (enqueue 0.0599365 ms)
[07/07/2026-02:02:41] [I] Average on 10 runs - GPU latency: 0.0596436 ms - Host latency: 0.0754639 ms (enqueue 0.0579102 ms)
[07/07/2026-02:02:41] [I] Average on 10 runs - GPU latency: 0.0713379 ms - Host latency: 0.0878906 ms (enqueue 0.0684082 ms)
[07/07/2026-02:02:41] [I] Average on 10 runs - GPU latency: 0.0657715 ms - Host latency: 0.0830566 ms (enqueue 0.0638672 ms)
[07/07/2026-02:02:41] [I] Average on 10 runs - GPU latency: 0.0617676 ms - Host latency: 0.0787842 ms (enqueue 0.0597656 ms)
[07/07/2026-02:02:41] [I] Average on 10 runs - GPU latency: 0.0628662 ms - Host latency: 0.0790771 ms (enqueue 0.0610107 ms)
[07/07/2026-02:02:41] [I] Average on 10 runs - GPU latency: 0.0681641 ms - Host latency: 0.0834961 ms (enqueue 0.0652588 ms)
[07/07/2026-02:02:41] [I] Average on 10 runs - GPU latency: 0.0710693 ms - Host latency: 0.0864502 ms (enqueue 0.0690918 ms)
[07/07/2026-02:02:41] [I] Average on 10 runs - GPU latency: 0.062085 ms - Host latency: 0.0774414 ms (enqueue 0.0603027 ms)
[07/07/2026-02:02:41] [I] Average on 10 runs - GPU latency: 0.0601318 ms - Host latency: 0.0764648 ms (enqueue 0.0581543 ms)
[07/07/2026-02:02:41] [I] Average on 10 runs - GPU latency: 0.0633545 ms - Host latency: 0.0790771 ms (enqueue 0.061377 ms)
[07/07/2026-02:02:41] [I] Average on 10 runs - GPU latency: 0.0664551 ms - Host latency: 0.0818603 ms (enqueue 0.0645996 ms)
[07/07/2026-02:02:41] [I] Average on 10 runs - GPU latency: 0.0610596 ms - Host latency: 0.0764648 ms (enqueue 0.0591553 ms)
[07/07/2026-02:02:41] [I] Average on 10 runs - GPU latency: 0.063916 ms - Host latency: 0.0803223 ms (enqueue 0.0620361 ms)
[07/07/2026-02:02:41] [I] Average on 10 runs - GPU latency: 0.0605957 ms - Host latency: 0.0759033 ms (enqueue 0.0587402 ms)
[07/07/2026-02:02:41] [I] Average on 10 runs - GPU latency: 0.0624756 ms - Host latency: 0.0776611 ms (enqueue 0.0606201 ms)
[07/07/2026-02:02:41] [I] Average on 10 runs - GPU latency: 0.0613037 ms - Host latency: 0.0764648 ms (enqueue 0.0593506 ms)
[07/07/2026-02:02:41] [I] Average on 10 runs - GPU latency: 0.0595215 ms - Host latency: 0.0750977 ms (enqueue 0.0576416 ms)
[07/07/2026-02:02:41] [I] Average on 10 runs - GPU latency: 0.0601562 ms - Host latency: 0.0754639 ms (enqueue 0.0582764 ms)
[07/07/2026-02:02:41] [I] Average on 10 runs - GPU latency: 0.0608643 ms - Host latency: 0.0760986 ms (enqueue 0.0589355 ms)
[07/07/2026-02:02:41] [I] Average on 10 runs - GPU latency: 0.0648193 ms - Host latency: 0.0801025 ms (enqueue 0.0629395 ms)
[07/07/2026-02:02:41] [I] Average on 10 runs - GPU latency: 0.0630615 ms - Host latency: 0.0784424 ms (enqueue 0.0610352 ms)
[07/07/2026-02:02:41] [I] Average on 10 runs - GPU latency: 0.0603027 ms - Host latency: 0.0763916 ms (enqueue 0.0583984 ms)
[07/07/2026-02:02:41] [I] Average on 10 runs - GPU latency: 0.059082 ms - Host latency: 0.0746582 ms (enqueue 0.0571777 ms)
[07/07/2026-02:02:41] [I] Average on 10 runs - GPU latency: 0.0611816 ms - Host latency: 0.0774414 ms (enqueue 0.0592529 ms)
[07/07/2026-02:02:41] [I] Average on 10 runs - GPU latency: 0.0585693 ms - Host latency: 0.0746338 ms (enqueue 0.0566162 ms)
[07/07/2026-02:02:41] [I] Average on 10 runs - GPU latency: 0.0618164 ms - Host latency: 0.0770264 ms (enqueue 0.0599609 ms)
[07/07/2026-02:02:41] [I] Average on 10 runs - GPU latency: 0.0612549 ms - Host latency: 0.0766357 ms (enqueue 0.0593018 ms)
[07/07/2026-02:02:41] [I] Average on 10 runs - GPU latency: 0.0594727 ms - Host latency: 0.0755859 ms (enqueue 0.0575684 ms)
[07/07/2026-02:02:41] [I] Average on 10 runs - GPU latency: 0.0604248 ms - Host latency: 0.0757324 ms (enqueue 0.0584473 ms)
[07/07/2026-02:02:41] [I] Average on 10 runs - GPU latency: 0.0599609 ms - Host latency: 0.0756104 ms (enqueue 0.0580811 ms)
[07/07/2026-02:02:41] [I] Average on 10 runs - GPU latency: 0.0650391 ms - Host latency: 0.0802246 ms (enqueue 0.0630615 ms)
[07/07/2026-02:02:41] [I] Average on 10 runs - GPU latency: 0.0643311 ms - Host latency: 0.0797119 ms (enqueue 0.0623779 ms)
[07/07/2026-02:02:41] [I] Average on 10 runs - GPU latency: 0.0614258 ms - Host latency: 0.0767334 ms (enqueue 0.0596191 ms)
[07/07/2026-02:02:41] [I] Average on 10 runs - GPU latency: 0.060376 ms - Host latency: 0.0755859 ms (enqueue 0.0584473 ms)
[07/07/2026-02:02:41] [I] Average on 10 runs - GPU latency: 0.0618408 ms - Host latency: 0.0770264 ms (enqueue 0.0599609 ms)
[07/07/2026-02:02:41] [I] Average on 10 runs - GPU latency: 0.0638916 ms - Host latency: 0.0806152 ms (enqueue 0.0620605 ms)
[07/07/2026-02:02:41] [I] Average on 10 runs - GPU latency: 0.0606445 ms - Host latency: 0.0757568 ms (enqueue 0.0587402 ms)
[07/07/2026-02:02:41] [I] Average on 10 runs - GPU latency: 0.0601318 ms - Host latency: 0.0755127 ms (enqueue 0.0583496 ms)
[07/07/2026-02:02:41] [I] Average on 10 runs - GPU latency: 0.0621338 ms - Host latency: 0.0773682 ms (enqueue 0.0603516 ms)
[07/07/2026-02:02:41] [I] Average on 10 runs - GPU latency: 0.0614258 ms - Host latency: 0.0766113 ms (enqueue 0.0595459 ms)
[07/07/2026-02:02:41] [I] Average on 10 runs - GPU latency: 0.0590088 ms - Host latency: 0.0740967 ms (enqueue 0.0571533 ms)
[07/07/2026-02:02:41] [I] Average on 10 runs - GPU latency: 0.0615967 ms - Host latency: 0.0789551 ms (enqueue 0.0596924 ms)
[07/07/2026-02:02:41] [I] Average on 10 runs - GPU latency: 0.0614502 ms - Host latency: 0.076709 ms (enqueue 0.0595459 ms)
[07/07/2026-02:02:41] [I] Average on 10 runs - GPU latency: 0.0602783 ms - Host latency: 0.0756592 ms (enqueue 0.0584473 ms)
[07/07/2026-02:02:41] [I] Average on 10 runs - GPU latency: 0.0632568 ms - Host latency: 0.0788818 ms (enqueue 0.0612793 ms)
[07/07/2026-02:02:41] [I] Average on 10 runs - GPU latency: 0.0641113 ms - Host latency: 0.0798096 ms (enqueue 0.0619873 ms)
[07/07/2026-02:02:41] [I] Average on 10 runs - GPU latency: 0.0641846 ms - Host latency: 0.0820557 ms (enqueue 0.0620117 ms)
[07/07/2026-02:02:41] [I] Average on 10 runs - GPU latency: 0.0631348 ms - Host latency: 0.0801025 ms (enqueue 0.061084 ms)
[07/07/2026-02:02:41] [I] Average on 10 runs - GPU latency: 0.0656494 ms - Host latency: 0.0818115 ms (enqueue 0.0633545 ms)
[07/07/2026-02:02:41] [I] Average on 10 runs - GPU latency: 0.0633301 ms - Host latency: 0.0790039 ms (enqueue 0.0612305 ms)
[07/07/2026-02:02:41] [I] Average on 10 runs - GPU latency: 0.0625488 ms - Host latency: 0.0785156 ms (enqueue 0.060376 ms)
[07/07/2026-02:02:41] [I] Average on 10 runs - GPU latency: 0.073584 ms - Host latency: 0.0908203 ms (enqueue 0.0715332 ms)
[07/07/2026-02:02:41] [I] Average on 10 runs - GPU latency: 0.067334 ms - Host latency: 0.0837158 ms (enqueue 0.0650146 ms)
[07/07/2026-02:02:41] [I] Average on 10 runs - GPU latency: 0.0662842 ms - Host latency: 0.0823486 ms (enqueue 0.0640869 ms)
[07/07/2026-02:02:41] [I] Average on 10 runs - GPU latency: 0.0645264 ms - Host latency: 0.0807861 ms (enqueue 0.0625244 ms)
[07/07/2026-02:02:41] [I] Average on 10 runs - GPU latency: 0.0650391 ms - Host latency: 0.080835 ms (enqueue 0.0628174 ms)
[07/07/2026-02:02:41] [I] Average on 10 runs - GPU latency: 0.064502 ms - Host latency: 0.0800781 ms (enqueue 0.0624268 ms)
[07/07/2026-02:02:41] [I] Average on 10 runs - GPU latency: 0.0613525 ms - Host latency: 0.0781738 ms (enqueue 0.0586182 ms)
[07/07/2026-02:02:41] [I] Average on 10 runs - GPU latency: 0.0634766 ms - Host latency: 0.0811035 ms (enqueue 0.0613281 ms)
[07/07/2026-02:02:41] [I] Average on 10 runs - GPU latency: 0.0645264 ms - Host latency: 0.0802734 ms (enqueue 0.0624023 ms)
[07/07/2026-02:02:41] [I] Average on 10 runs - GPU latency: 0.0725586 ms - Host latency: 0.088501 ms (enqueue 0.0706055 ms)
[07/07/2026-02:02:41] [I] Average on 10 runs - GPU latency: 0.0635742 ms - Host latency: 0.0797119 ms (enqueue 0.061377 ms)
[07/07/2026-02:02:41] [I] Average on 10 runs - GPU latency: 0.064209 ms - Host latency: 0.0797852 ms (enqueue 0.0619873 ms)
[07/07/2026-02:02:41] [I] Average on 10 runs - GPU latency: 0.0655273 ms - Host latency: 0.0813721 ms (enqueue 0.0635254 ms)
[07/07/2026-02:02:41] [I] Average on 10 runs - GPU latency: 0.0614258 ms - Host latency: 0.0771729 ms (enqueue 0.0592773 ms)
[07/07/2026-02:02:41] [I] Average on 10 runs - GPU latency: 0.0645508 ms - Host latency: 0.0803955 ms (enqueue 0.0623291 ms)
[07/07/2026-02:02:41] [I] Average on 10 runs - GPU latency: 0.0635254 ms - Host latency: 0.079248 ms (enqueue 0.0615479 ms)
[07/07/2026-02:02:41] [I] Average on 10 runs - GPU latency: 0.0672852 ms - Host latency: 0.0845215 ms (enqueue 0.0650635 ms)
[07/07/2026-02:02:41] [I] Average on 10 runs - GPU latency: 0.0661377 ms - Host latency: 0.0827148 ms (enqueue 0.0641602 ms)
[07/07/2026-02:02:41] [I] Average on 10 runs - GPU latency: 0.0685059 ms - Host latency: 0.0843994 ms (enqueue 0.066333 ms)
[07/07/2026-02:02:41] [I] Average on 10 runs - GPU latency: 0.0624756 ms - Host latency: 0.079834 ms (enqueue 0.0602783 ms)
[07/07/2026-02:02:41] [I] Average on 10 runs - GPU latency: 0.0619385 ms - Host latency: 0.0777832 ms (enqueue 0.0597412 ms)
[07/07/2026-02:02:41] [I] Average on 10 runs - GPU latency: 0.0612305 ms - Host latency: 0.0768555 ms (enqueue 0.059082 ms)
[07/07/2026-02:02:41] [I] Average on 10 runs - GPU latency: 0.0628174 ms - Host latency: 0.0798096 ms (enqueue 0.0595459 ms)
[07/07/2026-02:02:41] [I] Average on 10 runs - GPU latency: 0.0633057 ms - Host latency: 0.0789063 ms (enqueue 0.0613037 ms)
[07/07/2026-02:02:41] [I] Average on 10 runs - GPU latency: 0.062793 ms - Host latency: 0.079541 ms (enqueue 0.0607422 ms)
[07/07/2026-02:02:41] [I] Average on 10 runs - GPU latency: 0.0636475 ms - Host latency: 0.0800049 ms (enqueue 0.0616699 ms)
[07/07/2026-02:02:41] [I] Average on 10 runs - GPU latency: 0.063501 ms - Host latency: 0.0803223 ms (enqueue 0.0603027 ms)
[07/07/2026-02:02:41] [I] Average on 10 runs - GPU latency: 0.0656738 ms - Host latency: 0.0813477 ms (enqueue 0.0634766 ms)
[07/07/2026-02:02:41] [I] Average on 10 runs - GPU latency: 0.0617188 ms - Host latency: 0.077124 ms (enqueue 0.0596924 ms)
[07/07/2026-02:02:41] [I] Average on 10 runs - GPU latency: 0.0693848 ms - Host latency: 0.0856201 ms (enqueue 0.0671631 ms)
[07/07/2026-02:02:41] [I] Average on 10 runs - GPU latency: 0.07229 ms - Host latency: 0.0879639 ms (enqueue 0.069873 ms)
[07/07/2026-02:02:41] [I] Average on 10 runs - GPU latency: 0.0616699 ms - Host latency: 0.0774902 ms (enqueue 0.0594727 ms)
[07/07/2026-02:02:41] [I] Average on 10 runs - GPU latency: 0.0637695 ms - Host latency: 0.0803711 ms (enqueue 0.0617676 ms)
[07/07/2026-02:02:41] [I] Average on 10 runs - GPU latency: 0.0622559 ms - Host latency: 0.0793701 ms (enqueue 0.0602295 ms)
[07/07/2026-02:02:41] [I] Average on 10 runs - GPU latency: 0.0638428 ms - Host latency: 0.0808594 ms (enqueue 0.0617676 ms)
[07/07/2026-02:02:41] [I] Average on 10 runs - GPU latency: 0.0629639 ms - Host latency: 0.0791748 ms (enqueue 0.0609619 ms)
[07/07/2026-02:02:41] [I] Average on 10 runs - GPU latency: 0.0629639 ms - Host latency: 0.0799805 ms (enqueue 0.0608154 ms)
[07/07/2026-02:02:41] [I] Average on 10 runs - GPU latency: 0.0656982 ms - Host latency: 0.082251 ms (enqueue 0.0634521 ms)
[07/07/2026-02:02:41] [I] Average on 10 runs - GPU latency: 0.0661377 ms - Host latency: 0.0819092 ms (enqueue 0.0640137 ms)
[07/07/2026-02:02:41] [I] Average on 10 runs - GPU latency: 0.0690918 ms - Host latency: 0.0864502 ms (enqueue 0.0667969 ms)
[07/07/2026-02:02:41] [I] Average on 10 runs - GPU latency: 0.0639893 ms - Host latency: 0.0809326 ms (enqueue 0.0616699 ms)
[07/07/2026-02:02:41] [I] Average on 10 runs - GPU latency: 0.0610352 ms - Host latency: 0.0809814 ms (enqueue 0.0603271 ms)
[07/07/2026-02:02:41] [I]
[07/07/2026-02:02:41] [I] === Performance summary ===
[07/07/2026-02:02:41] [I] Throughput: 8684.66 qps
[07/07/2026-02:02:41] [I] Latency: min = 0.0664062 ms, max = 1.6731 ms, mean = 0.0798839 ms, median = 0.0770874 ms, percentile(90%) = 0.0913086 ms, percentile(95%) = 0.0959473 ms, percentile(99%) = 0.105835 ms
[07/07/2026-02:02:41] [I] Enqueue Time: min = 0.0512695 ms, max = 1.65137 ms, mean = 0.0618489 ms, median = 0.059082 ms, percentile(90%) = 0.072998 ms, percentile(95%) = 0.0766602 ms, percentile(99%) = 0.0860596 ms
[07/07/2026-02:02:41] [I] H2D Latency: min = 0.00537109 ms, max = 0.111816 ms, mean = 0.00622011 ms, median = 0.006073 ms, percentile(90%) = 0.00634766 ms, percentile(95%) = 0.0065918 ms, percentile(99%) = 0.013916 ms
[07/07/2026-02:02:41] [I] GPU Compute Time: min = 0.036377 ms, max = 1.65405 ms, mean = 0.063954 ms, median = 0.0612183 ms, percentile(90%) = 0.0750732 ms, percentile(95%) = 0.0789795 ms, percentile(99%) = 0.0883789 ms
[07/07/2026-02:02:41] [I] D2H Latency: min = 0.00683594 ms, max = 0.124634 ms, mean = 0.00970973 ms, median = 0.00927734 ms, percentile(90%) = 0.0100098 ms, percentile(95%) = 0.0105591 ms, percentile(99%) = 0.0202637 ms
[07/07/2026-02:02:41] [I] Total Host Walltime: 3.00023 s
[07/07/2026-02:02:41] [I] Total GPU Compute Time: 1.66639 s
[07/07/2026-02:02:41] [I] Explanations of the performance metrics are printed in the verbose logs.
[07/07/2026-02:02:41] [I]
&&&& PASSED TensorRT.trtexec [TensorRT v101601] [b11] # /usr/bin/trtexec --loadEngine=model-trained.trt
[07/07/2026-02:02:41] [W] * Throughput may be bound by Enqueue Time rather than GPU Compute and the GPU may be under-utilized.
[07/07/2026-02:02:41] [W]   If not already in use, --useCudaGraph (utilize CUDA graphs where possible) may increase the throughput.
[07/07/2026-02:02:41] [W] * GPU compute time is unstable, with coefficient of variance = 20.3008%.
[07/07/2026-02:02:41] [W]   If not already in use, locking GPU clock frequency or adding --useSpinWait may improve the stability.
Collecting data...
Generating '/tmp/nsys-wili/nsys-report-f3a9.qdstrm'

[1/1] [0%                          ] LoadAndRun.nsys-rep
[1/1] [0%                          ] LoadAndRun.nsys-rep
[1/1] [0%                          ] LoadAndRun.nsys-rep
[1/1] [====27%                     ] LoadAndRun.nsys-rep
[1/1] [====25%                     ] LoadAndRun.nsys-rep
[1/1] [===23%                      ] LoadAndRun.nsys-rep
[1/1] [===22%                      ] LoadAndRun.nsys-rep
[1/1] [==21%                       ] LoadAndRun.nsys-rep
[1/1] [==19%                       ] LoadAndRun.nsys-rep
[1/1] [==18%                       ] LoadAndRun.nsys-rep
[1/1] [=17%                        ] LoadAndRun.nsys-rep
[1/1] [=16%                        ] LoadAndRun.nsys-rep
[1/1] [=15%                        ] LoadAndRun.nsys-rep
[1/1] [14%                         ] LoadAndRun.nsys-rep
[1/1] [13%                         ] LoadAndRun.nsys-rep
[1/1] [12%                         ] LoadAndRun.nsys-rep
[1/1] [11%                         ] LoadAndRun.nsys-rep
[1/1] [10%                         ] LoadAndRun.nsys-rep
[1/1] [9%                          ] LoadAndRun.nsys-rep
[1/1] [8%                          ] LoadAndRun.nsys-rep
[1/1] [7%                          ] LoadAndRun.nsys-rep
[1/1] [6%                          ] LoadAndRun.nsys-rep
[1/1] [5%                          ] LoadAndRun.nsys-rep
[1/1] [5%                          ] LoadAndRun.nsys-rep
[1/1] [6%                          ] LoadAndRun.nsys-rep
[1/1] [7%                          ] LoadAndRun.nsys-rep
[1/1] [8%                          ] LoadAndRun.nsys-rep
[1/1] [9%                          ] LoadAndRun.nsys-rep
[1/1] [10%                         ] LoadAndRun.nsys-rep
[1/1] [11%                         ] LoadAndRun.nsys-rep
[1/1] [12%                         ] LoadAndRun.nsys-rep
[1/1] [13%                         ] LoadAndRun.nsys-rep
[1/1] [14%                         ] LoadAndRun.nsys-rep
[1/1] [=15%                        ] LoadAndRun.nsys-rep
[1/1] [=16%                        ] LoadAndRun.nsys-rep
[1/1] [=17%                        ] LoadAndRun.nsys-rep
[1/1] [==18%                       ] LoadAndRun.nsys-rep
[1/1] [==19%                       ] LoadAndRun.nsys-rep
[1/1] [==20%                       ] LoadAndRun.nsys-rep
[1/1] [==21%                       ] LoadAndRun.nsys-rep
[1/1] [===22%                      ] LoadAndRun.nsys-rep
[1/1] [===23%                      ] LoadAndRun.nsys-rep
[1/1] [===24%                      ] LoadAndRun.nsys-rep
[1/1] [====25%                     ] LoadAndRun.nsys-rep
[1/1] [====26%                     ] LoadAndRun.nsys-rep
[1/1] [====27%                     ] LoadAndRun.nsys-rep
[1/1] [====28%                     ] LoadAndRun.nsys-rep
[1/1] [=====29%                    ] LoadAndRun.nsys-rep
[1/1] [=====30%                    ] LoadAndRun.nsys-rep
[1/1] [=====31%                    ] LoadAndRun.nsys-rep
[1/1] [=====32%                    ] LoadAndRun.nsys-rep
[1/1] [======33%                   ] LoadAndRun.nsys-rep
[1/1] [======34%                   ] LoadAndRun.nsys-rep
[1/1] [======35%                   ] LoadAndRun.nsys-rep
[1/1] [=======36%                  ] LoadAndRun.nsys-rep
[1/1] [=======37%                  ] LoadAndRun.nsys-rep
[1/1] [=======38%                  ] LoadAndRun.nsys-rep
[1/1] [=======39%                  ] LoadAndRun.nsys-rep
[1/1] [========40%                 ] LoadAndRun.nsys-rep
[1/1] [========41%                 ] LoadAndRun.nsys-rep
[1/1] [========42%                 ] LoadAndRun.nsys-rep
[1/1] [=========43%                ] LoadAndRun.nsys-rep
[1/1] [=========44%                ] LoadAndRun.nsys-rep
[1/1] [=========45%                ] LoadAndRun.nsys-rep
[1/1] [=========46%                ] LoadAndRun.nsys-rep
[1/1] [==========47%               ] LoadAndRun.nsys-rep
[1/1] [==========48%               ] LoadAndRun.nsys-rep
[1/1] [==========49%               ] LoadAndRun.nsys-rep
[1/1] [===========50%              ] LoadAndRun.nsys-rep
[1/1] [===========51%              ] LoadAndRun.nsys-rep
[1/1] [========================100%] LoadAndRun.nsys-rep
[1/1] [========================100%] LoadAndRun.nsys-rep
Generated:
	/work/trt-samples-for-hackathon-cn/cookbook/07-Tool/NsightSystems/LoadAndRun.nsys-rep
