[TensorRT-Cookbook] Version: 1.0.0
[07/02/2026-03:25:41] [TRT] [W] Using default stream in enqueueV3() may lead to performance issues due to additional calls to cudaStreamSynchronize() by TensorRT to ensure correct synchronization. Please use non-default stream instead.
[07/02/2026-03:25:41] [TRT] [W] Using default stream in enqueueV3() may lead to performance issues due to additional calls to cudaStreamSynchronize() by TensorRT to ensure correct synchronization. Please use non-default stream instead.
============================== Start [case_simple,(),{}]

================ Public members of <tensorrt.tensorrt.INMSLayer object at 0x7218b04e31f0> (instance)
 0 Callback members: []
 0 Callable methods: []
 3 Non-callable attributions: ['bounding_box_format', 'indices_type', 'topk_box_limit']
Input ->DataType.FLOAT, (5, 3, 4), (5, 3, 4), tensor
Input ->DataType.FLOAT, (5, 3, 10), (5, 3, 10), tensor1
Output->DataType.INT64, (-1, 3), (-1, 3), (Unnamed Layer* 1) [NMS]_output
Output->DataType.INT32, (), (), (Unnamed Layer* 1) [NMS]_output (1)
tensor
[[[0.06265437 0.08316588 0.94471586 0.38046017]
  [0.96775025 0.24068636 0.7486949  0.6406391 ]
  [0.4538845  0.04503808 0.47258148 0.02672782]]

 [[0.6611271  0.6552821  0.08630358 0.62051463]
  [0.69264644 0.11027684 0.09483624 0.08186048]
  [0.09275864 0.75315934 0.5786195  0.9170098 ]]

 [[0.70449054 0.60727066 0.01787099 0.0735167 ]
  [0.8259679  0.02067056 0.55368274 0.85602003]
  [0.6707198  0.8373989  0.94591826 0.95306194]]

 [[0.15813076 0.9370232  0.88207453 0.2948417 ]
  [0.32302588 0.8908262  0.2142351  0.43174067]
  [0.36592183 0.28641346 0.5663173  0.7098204 ]]

 [[0.60631025 0.23930761 0.03917187 0.45080882]
  [0.12926508 0.22744423 0.92762804 0.97191423]
  [0.27608263 0.7115417  0.34398586 0.8258464 ]]]
tensor1
[[[0.03321427 0.89796126 0.44045255 0.3747208  0.4748877  0.32377243
   0.6837424  0.3186506  0.9795838  0.9555438 ]
  [0.779439   0.18827671 0.45331764 0.7414262  0.8303634  0.16595651
   0.7405022  0.15844347 0.15202177 0.4585921 ]
  [0.1419639  0.02615048 0.8145907  0.20666802 0.93468946 0.2613423
   0.6147256  0.04905751 0.8934395  0.59749067]]

 [[0.31498674 0.48576054 0.7839021  0.91753125 0.81832385 0.59401304
   0.08424442 0.853282   0.00173624 0.6880767 ]
  [0.9660653  0.58977836 0.37592977 0.30400628 0.80180585 0.42277113
   0.6032166  0.7125958  0.286986   0.61730754]
  [0.4405866  0.3881114  0.9601444  0.12758644 0.280804   0.46317294
   0.6834086  0.66134    0.96520716 0.37772173]]

 [[0.00474129 0.7065062  0.01452937 0.2384676  0.1713976  0.07077885
   0.23892178 0.06934299 0.11496338 0.45624498]
  [0.15414399 0.7049338  0.21103802 0.32126412 0.5917344  0.14497024
   0.5967522  0.7238512  0.3846681  0.86768156]
  [0.82576054 0.3989824  0.01552546 0.87919503 0.32902443 0.3869813
   0.19455343 0.46644288 0.3484174  0.8600302 ]]

 [[0.35345003 0.15384796 0.02670826 0.07791677 0.5664679  0.01266051
   0.9629419  0.38603404 0.8695569  0.23489085]
  [0.9199527  0.641384   0.10411013 0.08713507 0.840538   0.9138416
   0.93047327 0.1733043  0.15089768 0.02316962]
  [0.71882915 0.62878835 0.11186715 0.3651396  0.9736839  0.33351013
   0.85295296 0.94961816 0.7607701  0.50098103]]

 [[0.31108662 0.77385646 0.18240657 0.6906475  0.6479974  0.93790877
   0.46682522 0.13732831 0.03596897 0.37122014]
  [0.90645456 0.8696257  0.6912535  0.2565315  0.9429921  0.08458225
   0.6200769  0.9295703  0.5760184  0.2663997 ]
  [0.9803786  0.15884344 0.00776937 0.4882159  0.92772216 0.01160323
   0.86362433 0.06604535 0.35154912 0.21616992]]]
(Unnamed Layer* 1) [NMS]_output
[[0 8 0]
 [0 9 0]
 [0 4 2]
 [0 1 0]
 [0 2 2]
 [0 0 1]
 [0 3 1]
 [0 6 1]
 [0 6 0]
 [0 9 1]
 [0 3 0]
 [0 5 0]
 [0 7 0]
 [0 1 1]
 [0 5 1]
 [0 7 1]
 [0 8 1]
 [0 0 0]
 [1 0 1]
 [1 8 2]
 [1 2 2]
 [1 3 0]
 [1 7 0]
 [1 4 0]
 [1 4 1]
 [1 2 0]
 [1 7 1]
 [1 9 0]
 [1 6 2]
 [1 7 2]
 [1 9 1]
 [1 6 1]
 [1 5 0]
 [1 1 1]
 [1 1 0]
 [1 5 2]
 [1 0 2]
 [1 5 1]
 [1 1 2]
 [1 9 2]
 [1 2 1]
 [1 0 0]
 [1 3 1]
 [1 8 1]
 [1 4 2]
 [1 3 2]
 [1 6 0]
 [1 8 0]
 [2 3 2]
 [2 9 1]
 [2 0 2]
 [2 7 1]
 [2 1 0]
 [2 1 1]
 [2 6 1]
 [2 4 1]
 [2 9 0]
 [2 5 2]
 [2 8 1]
 [2 6 0]
 [2 2 1]
 [2 4 0]
 [2 8 0]
 [2 7 0]
 [2 2 0]
 [3 4 2]
 [3 6 0]
 [3 7 2]
 [3 0 1]
 [3 5 1]
 [3 8 0]
 [3 6 2]
 [3 4 1]
 [3 8 2]
 [3 0 2]
 [3 1 1]
 [3 1 2]
 [3 9 2]
 [3 7 0]
 [3 3 2]
 [3 5 2]
 [3 9 0]
 [3 2 2]
 [3 2 1]
 [3 3 1]
 [4 0 2]
 [4 4 1]
 [4 5 0]
 [4 7 1]
 [4 1 1]
 [4 6 2]
 [4 2 1]
 [4 3 0]
 [4 8 1]
 [4 3 2]
 [4 6 0]
 [4 9 0]
 [4 0 0]
 [4 9 2]
 [4 5 2]]
(Unnamed Layer* 1) [NMS]_output (1)
100
============================== End   [case_simple]
============================== Start [case_deprecated,(),{}]
Input ->DataType.FLOAT, (5, 3, 4), (5, 3, 4), tensor
Input ->DataType.FLOAT, (5, 3, 10), (5, 3, 10), tensor1
Output->DataType.INT64, (-1, 3), (-1, 3), (Unnamed Layer* 1) [NMS]_output
Output->DataType.INT32, (), (), (Unnamed Layer* 1) [NMS]_output (1)
tensor
[[[0.7365483  0.02021108 0.84331685 0.7334763 ]
  [0.8324071  0.12973583 0.72453845 0.15556192]
  [0.94586986 0.72023594 0.34187225 0.70514905]]

 [[0.7049878  0.40848994 0.8566745  0.05454703]
  [0.31471586 0.2840546  0.5969946  0.6431604 ]
  [0.00370344 0.02157767 0.12089996 0.21751434]]

 [[0.66176856 0.39322716 0.50525916 0.2883167 ]
  [0.1716661  0.423616   0.6541448  0.25026932]
  [0.7159522  0.7995659  0.04145499 0.06219062]]

 [[0.3679883  0.6323302  0.47899544 0.40063417]
  [0.97218454 0.6473594  0.44244775 0.99110943]
  [0.49112418 0.7426201  0.9858238  0.45751616]]

 [[0.5946826  0.31168458 0.2964703  0.1738231 ]
  [0.5304757  0.6851664  0.98154825 0.39975646]
  [0.9160518  0.25371122 0.7408824  0.29706132]]]
tensor1
[[[0.8703193  0.14965183 0.45148    0.01845132 0.49033496 0.9213037
   0.30761576 0.4378648  0.4105394  0.6374996 ]
  [0.23935907 0.7884225  0.06154374 0.35429615 0.9835573  0.4551308
   0.29188302 0.32059577 0.45751134 0.6337272 ]
  [0.8986291  0.6953068  0.6480479  0.5994258  0.5080331  0.8426945
   0.09262393 0.3747754  0.82231414 0.92695963]]

 [[0.4835995  0.20214032 0.8197091  0.02827286 0.7582222  0.43747386
   0.06877013 0.43093368 0.40336946 0.39873606]
  [0.9209723  0.5152478  0.10446532 0.09650272 0.9351015  0.77820736
   0.16063625 0.32508877 0.47723138 0.85560554]
  [0.51320034 0.11578342 0.5913885  0.14768647 0.5145357  0.2357456
   0.5173242  0.1493569  0.38077936 0.27224445]]

 [[0.3486363  0.41253114 0.9658974  0.7857117  0.26662153 0.63125604
   0.7683706  0.51456267 0.26984388 0.96925914]
  [0.8957323  0.6864256  0.2894536  0.5348401  0.20408253 0.12270336
   0.82742566 0.16070706 0.77145666 0.27062905]
  [0.20597214 0.577844   0.9837891  0.21778752 0.9223749  0.20727214
   0.8807128  0.1504692  0.7548306  0.5848973 ]]

 [[0.17366001 0.06005386 0.8207119  0.39830384 0.36566463 0.28362408
   0.38397145 0.05570094 0.27333763 0.68969977]
  [0.3550153  0.47681013 0.16469227 0.39044186 0.47481665 0.35276294
   0.34313196 0.8580445  0.85692436 0.68176615]
  [0.43565175 0.5813666  0.41964337 0.12257922 0.01032406 0.31392995
   0.6074716  0.84087974 0.29514527 0.38230056]]

 [[0.5650846  0.4833283  0.5554673  0.7653051  0.45771503 0.95061636
   0.7566805  0.13436677 0.67889005 0.10181759]
  [0.34157616 0.6123736  0.1821947  0.4285646  0.12184961 0.74595773
   0.52703136 0.89034027 0.27207366 0.41613057]
  [0.26123667 0.50162625 0.10155816 0.33233768 0.19349316 0.6745478
   0.941188   0.7124112  0.6624186  0.9877588 ]]]
(Unnamed Layer* 1) [NMS]_output
[[0 4 1]
 [0 9 2]
 [0 5 0]
 [0 0 2]
 [0 8 2]
 [0 1 1]
 [0 1 2]
 [0 2 2]
 [0 9 1]
 [0 3 2]
 [0 4 2]
 [0 8 1]
 [0 7 0]
 [0 3 1]
 [0 6 0]
 [0 0 1]
 [0 2 1]
 [1 4 1]
 [1 0 1]
 [1 9 1]
 [1 2 0]
 [1 5 1]
 [1 2 2]
 [1 6 2]
 [1 1 1]
 [1 8 1]
 [1 7 0]
 [1 7 2]
 [1 3 2]
 [1 6 0]
 [1 3 0]
 [2 2 2]
 [2 9 0]
 [2 2 0]
 [2 4 2]
 [2 0 1]
 [2 6 2]
 [2 6 1]
 [2 3 0]
 [2 8 1]
 [2 8 2]
 [2 1 1]
 [2 5 0]
 [2 9 2]
 [2 1 2]
 [2 7 0]
 [2 4 0]
 [2 3 2]
 [2 5 2]
 [2 0 2]
 [2 7 2]
 [3 7 1]
 [3 8 1]
 [3 2 0]
 [3 9 0]
 [3 9 1]
 [3 6 2]
 [3 1 2]
 [3 4 1]
 [3 0 2]
 [3 3 0]
 [3 3 1]
 [3 4 0]
 [3 5 1]
 [3 5 0]
 [3 8 0]
 [3 2 1]
 [3 7 0]
 [4 9 2]
 [4 5 0]
 [4 6 2]
 [4 7 1]
 [4 3 0]
 [4 5 1]
 [4 7 2]
 [4 8 0]
 [4 1 1]
 [4 0 0]
 [4 2 0]
 [4 6 1]
 [4 1 2]
 [4 4 0]
 [4 3 1]
 [4 9 1]
 [4 0 1]
 [4 8 1]
 [4 2 1]
 [4 4 1]]
(Unnamed Layer* 1) [NMS]_output (1)
88
============================== End   [case_deprecated]
Members of tensorrt.tensorrt.BoundingBoxFormat:
 0 -> CORNER_PAIRS
 1 -> CENTER_SIZES
Finish
