[TensorRT-Cookbook] Version: 0.2.0
[04/30/2026-18:00:13] [TRT] [W] Using default stream in enqueueV3() may lead to performance issues due to additional calls to cudaStreamSynchronize() by TensorRT to ensure correct synchronization. Please use non-default stream instead.
[04/30/2026-18:00:16] [TRT] [W] Using default stream in enqueueV3() may lead to performance issues due to additional calls to cudaStreamSynchronize() by TensorRT to ensure correct synchronization. Please use non-default stream instead.
[04/30/2026-18:00:23] [TRT] [W] Using default stream in enqueueV3() may lead to performance issues due to additional calls to cudaStreamSynchronize() by TensorRT to ensure correct synchronization. Please use non-default stream instead.
[04/30/2026-18:00:30] [TRT] [W] Using default stream in enqueueV3() may lead to performance issues due to additional calls to cudaStreamSynchronize() by TensorRT to ensure correct synchronization. Please use non-default stream instead.
[04/30/2026-18:00:42] [TRT] [W] Using default stream in enqueueV3() may lead to performance issues due to additional calls to cudaStreamSynchronize() by TensorRT to ensure correct synchronization. Please use non-default stream instead.
[04/30/2026-18:01:26] [TRT] [W] Using default stream in enqueueV3() may lead to performance issues due to additional calls to cudaStreamSynchronize() by TensorRT to ensure correct synchronization. Please use non-default stream instead.
============================== Start [case_normal,(0,),{}]
Test Level = 0
Time of building: 1873.82322 ms
Time of inference: 20.007076 ms
============================== End   [case_normal]
============================== Start [case_normal,(1,),{}]
Test Level = 1
Time of building: 2875.19476 ms
Time of inference: 16.219509 ms
============================== End   [case_normal]
============================== Start [case_normal,(2,),{}]
Test Level = 2
Time of building: 6558.05574 ms
Time of inference: 15.009227 ms
============================== End   [case_normal]
============================== Start [case_normal,(3,),{}]
Test Level = 3
Time of building: 6704.289468 ms
Time of inference: 14.897566 ms
============================== End   [case_normal]
============================== Start [case_normal,(4,),{}]
Test Level = 4
Time of building: 12126.098987 ms
Time of inference: 15.500126 ms
============================== End   [case_normal]
============================== Start [case_normal,(5,),{}]
Test Level = 5
Time of building: 43464.039873 ms
Time of inference: 15.053425 ms
============================== End   [case_normal]
Finish
