[I] Loading model: /work/trt-samples-for-hackathon-cn/cookbook/00-Data/model/model-redundant.onnx
[I] Original Model:
    Name: onnx_graphsurgeon_graph | ONNX Opset: 11

    ---- 1 Graph Input(s) ----
    {inputT0 [dtype=float32, shape=(7, 2, 3, 4)]}

    ---- 2 Graph Output(s) ----
    {RedundantModel-V-2-Reshape-0 [dtype=float32, shape=('7*24',)],
     RedundantModel-V-7-Reshape-0 [dtype=float32, shape=(7, 2, 12)]}

    ---- 2 Initializer(s) ----

    ---- 8 Node(s) ----

[I] Saving ONNX model to: model-redundant-IN.onnx
[I] New Model:
    Name: onnx_graphsurgeon_graph | ONNX Opset: 11

    ---- 1 Graph Input(s) ----
    {inputT0 [dtype=float32, shape=(7, 2, 3, 4)]}

    ---- 2 Graph Output(s) ----
    {RedundantModel-V-2-Reshape-0 [dtype=float32, shape=('7*24',)],
     RedundantModel-V-7-Reshape-0 [dtype=float32, shape=(7, 2, 12)]}

    ---- 2 Initializer(s) ----

    ---- 9 Node(s) ----
