[TensorRT-Cookbook] Version: 0.1.0
[04/25/2026-04:16:42] [TRT] [I] [MemUsageChange] Init CUDA: CPU +26, GPU +0, now: CPU 152, GPU 1686 (MiB)
[04/25/2026-04:16:42] [TRT] [I] [MemUsageChange] Init builder kernel library: CPU +206, GPU +6, now: CPU 569, GPU 1695 (MiB)
[04/25/2026-04:16:42] [TRT] [I] Local timing cache in use. Profiling results in this builder pass will not be stored.
[04/25/2026-04:16:42] [TRT] [I] Compiler backend is used during engine build.
[04/25/2026-04:16:45] [TRT] [I] Detected 1 inputs and 2 output network tensors.
[04/25/2026-04:16:45] [TRT] [I] Total Host Persistent Memory: 8560 bytes
[04/25/2026-04:16:45] [TRT] [I] Total Device Persistent Memory: 0 bytes
[04/25/2026-04:16:45] [TRT] [I] Max Scratch Memory: 541696 bytes
[04/25/2026-04:16:45] [TRT] [I] [BlockAssignment] Started assigning block shifts. This will take 7 steps to complete.
[04/25/2026-04:16:45] [TRT] [I] [BlockAssignment] Algorithm ShiftNTopDown took 0.01679ms to assign 3 blocks to 7 nodes requiring 943616 bytes.
[04/25/2026-04:16:45] [TRT] [I] Total Activation Memory: 943104 bytes
[04/25/2026-04:16:45] [TRT] [I] Total Weights Memory: 13098880 bytes
[04/25/2026-04:16:45] [TRT] [I] Engine generation completed in 2.5875 seconds.
[04/25/2026-04:16:45] [TRT] [I] [MemUsageStats] Peak memory usage of TRT CPU/GPU memory allocators: CPU 0 MiB, GPU 12 MiB
[04/25/2026-04:16:45] [TRT] [I] Loaded engine size: 12 MiB
[04/25/2026-04:16:45] [TRT] [W] Providing user-owned deserialization memory with weight streaming enabled will increase peak CPU memory usage by 1X weights size. Please use IRuntime::deserializeCudaEngine(IStreamReader&) or IRuntime::deserializeCudaEngine(IStreamReaderV2&) instead.
[04/25/2026-04:16:45] [TRT] [I] This engine can stream its weights. Please use setWeightStreamingBudgetV2() to enable it during execution.
[04/25/2026-04:16:45] [TRT] [I] - Minimum budget: 0 bytes
[04/25/2026-04:16:45] [TRT] [I] - Maximum budget: 13098880 bytes
[04/25/2026-04:16:45] [TRT] [I] [MemUsageChange] TensorRT-managed allocation in IExecutionContext creation: CPU +0, GPU +14, now: CPU 12, GPU 14 (MiB)
[04/25/2026-04:16:45] [TRT] [W] Using default stream in enqueueV3() may lead to performance issues due to additional calls to cudaStreamSynchronize() by TensorRT to ensure correct synchronization. Please use non-default stream instead.
============================== Start [case_normal,(),{}]
tw.engine.get_weight_streaming_automatic_budget()=13098880B
tw.engine.weight_streaming_scratch_memory_size=12891136B
Input ->DataType.FLOAT, (-1, 1, 28, 28), (1, 1, 28, 28), x
Output->DataType.FLOAT, (-1, 10), (1, 10), y
Output->DataType.INT32, (-1, 1), (1, 1), z
x
[[[[  0.   0.   0.   0.   0.   0.   0.   0.   1.   0.   2.   1.   0.
      0.   1.   0.   0.   2.   0.   1.   1.   1.   0.   0.   0.   0.
      0.   0.]
   [  0.   0.   0.   0.   0.   0.   0.   0.   2.   2.   0.   0.   0.
      0.   1.   0.   1.   0.   0.   0.   0.   0.   0.   1.   0.   0.
      0.   0.]
   [  0.   0.   0.   0.   0.   0.   0.   0.   0.   2.   0.   2.   2.
      0.   0.   0.   0.   1.   0.   0.   2.   1.   6.   0.   0.   0.
      0.   0.]
   [  0.   0.   0.   0.   0.   0.   0.   0.   0.   1.   0.   0.   0.
      3.   0.   0.   0.   0.   2.   1.   0.   0.   0.   0.   0.   0.
      0.   0.]
   [  0.   0.   0.   0.   0.   0.   0.   0.   0.   1.   0.   3.   2.
      0.   4.  53. 129. 208. 173. 136.  10.   0.   0.   2.   0.   0.
      0.   0.]
   [  0.   0.   0.   0.   0.   0.   0.   0.   3.   0.   0.   0.   1.
     56. 173. 245. 250. 255. 251. 253. 169.   6.   0.   1.   0.   0.
      0.   0.]
   [  0.   0.   0.   0.   0.   0.   0.   0.   0.   0.   2.   3.  52.
    238. 255. 216. 109.  75. 116. 255. 250.  79.   0.   0.   0.   0.
      0.   0.]
   [  0.   0.   0.   0.   0.   0.   0.   0.   0.   0.   2.  40. 240.
    252. 128.  11.   0.   1.  51. 255. 251.  78.   0.   1.   0.   0.
      0.   0.]
   [  0.   0.   0.   0.   0.   0.   0.   0.   1.   0.  10. 181. 253.
    138.   0.   0.   0.  32. 216. 253. 203.  18.   1.   0.   0.   0.
      0.   0.]
   [  0.   0.   0.   0.   0.   0.   0.   0.   0.   3.   6. 204. 255.
     58.   1.   0. 104. 252. 254. 220.  27.   0.   3.   1.   0.   0.
      0.   0.]
   [  0.   0.   0.   0.   0.   0.   0.   0.   1.   0.   1. 172. 252.
     65.  34. 126. 239. 255. 201.  56.   3.   1.   0.   0.   0.   0.
      0.   0.]
   [  0.   0.   0.   0.   0.   0.   0.   0.   0.   2.   0. 178. 255.
    222. 228. 249. 255. 251. 192. 146.  26.   4.   0.   1.   0.   0.
      0.   0.]
   [  0.   0.   0.   0.   0.   0.   0.   0.   1.   1.   0. 140. 252.
    249. 253. 250. 185. 234. 136.  10.   2.   0.   0.   2.   0.   0.
      0.   0.]
   [  0.   0.   0.   0.   0.   0.   0.   0.   0.   1.   0.  70. 245.
    255. 252. 251. 191.  26.   2.   0.   1.   1.   3.   0.   0.   0.
      0.   0.]
   [  0.   0.   0.   0.   0.   0.   0.   0.   1.   0.   3.  38. 167.
    255. 255. 238.  17.   0.   1.   1.   0.   1.   0.   4.   0.   0.
      0.   0.]
   [  0.   0.   0.   0.   0.   0.   0.   0.   0.   0. 107. 243. 250.
    206. 202. 254. 226.  28.   0.   0.   2.   1.   1.   0.   0.   0.
      0.   0.]
   [  0.   0.   3.   1.   0.   0.   3.   0.   0. 102. 242. 253. 195.
     46.  41. 242. 253. 149.   0.   0.   2.   0.   0.   3.   0.   0.
      0.   0.]
   [  1.   1.   0.   1.   0.   1.   0.   9. 155. 253. 247. 116.  15.
      0.   0.  73. 250. 251.  52.   3.   0.   3.   3.   0.   0.   0.
      0.   0.]
   [  0.   3.   2.   0.   0.   0.   0.  41. 252. 255. 122.   0.   0.
      1.   3.  17. 254. 251.  62.   0.   0.   1.   0.   3.   0.   0.
      0.   0.]
   [  3.   0.   2.   0.   2.   4.   0. 198. 254. 220.  13.   0.   0.
      1.   0.  45. 255. 243.  42.   2.   2.   1.   0.   3.   0.   0.
      0.   0.]
   [  1.   1.   0.   0.   0.   0.  71. 248. 253.  67.   2.   1.   0.
     12. 101. 232. 251. 128.   0.   0.   0.   0.   1.   0.   0.   0.
      0.   0.]
   [  0.   2.   0.   0.   4.   0.  76. 254. 254.  80.  16.  79. 169.
    202. 254. 253. 169.   4.   0.   3.   1.   3.   1.   1.   0.   0.
      0.   0.]
   [  0.   0.   0.   3.   0.   1.  39. 227. 253. 253. 236. 255. 252.
    253. 196. 109.   6.   1.   3.   0.   0.   0.   1.   0.   0.   0.
      0.   0.]
   [  0.   1.   0.   0.   1.   1.   0.  48. 229. 255. 253. 223. 101.
     59.   0.   0.   0.   2.   0.   1.   2.   0.   1.   1.   0.   0.
      0.   0.]
   [  0.   0.   0.   0.   0.   0.   0.   0.   0.   0.   0.   0.   0.
      0.   0.   0.   0.   0.   0.   0.   0.   0.   0.   0.   0.   0.
      0.   0.]
   [  0.   0.   0.   0.   0.   0.   0.   0.   0.   0.   0.   0.   0.
      0.   0.   0.   0.   0.   0.   0.   0.   0.   0.   0.   0.   0.
      0.   0.]
   [  0.   0.   0.   0.   0.   0.   0.   0.   0.   0.   0.   0.   0.
      0.   0.   0.   0.   0.   0.   0.   0.   0.   0.   0.   0.   0.
      0.   0.]
   [  0.   0.   0.   0.   0.   0.   0.   0.   0.   0.   0.   0.   0.
      0.   0.   0.   0.   0.   0.   0.   0.   0.   0.   0.   0.   0.
      0.   0.]]]]
y
[[2.0767390e-11 2.7023146e-14 4.0189125e-13 6.3942357e-10 2.6260184e-16
  3.2671146e-10 8.3506574e-13 8.1920232e-15 1.0000000e+00 9.8409516e-15]]
z
[[8]]
============================== End   [case_normal]
Finish
