[ 0]Input -> DataType.FLOAT (1, 3, 4, 5) (1, 3, 4, 5) inputT0
[ 1]Output-> DataType.FLOAT (1, 3, 4, 5) (1, 3, 4, 5) (Unnamed Layer* 7) [Output]_output
inputT0
[[[[ 1.  2.  3.  4.  5.]
   [ 6.  7.  8.  9. 10.]
   [11. 12. 13. 14. 15.]
   [16. 17. 18. 19. 20.]]

  [[21. 22. 23. 24. 25.]
   [26. 27. 28. 29. 30.]
   [31. 32. 33. 34. 35.]
   [36. 37. 38. 39. 40.]]

  [[41. 42. 43. 44. 45.]
   [46. 47. 48. 49. 50.]
   [51. 52. 53. 54. 55.]
   [56. 57. 58. 59. 60.]]]]
(Unnamed Layer* 7) [Output]_output
[[[[  2.   4.   6.   8.  10.]
   [ 12.  14.  16.  18.  20.]
   [ 22.  24.  26.  28.  30.]
   [ 32.  34.  36.  38.  40.]]

  [[ 42.  44.  46.  48.  50.]
   [ 52.  54.  56.  58.  60.]
   [ 62.  64.  66.  68.  70.]
   [ 72.  74.  76.  78.  80.]]

  [[ 82.  84.  86.  88.  90.]
   [ 92.  94.  96.  98. 100.]
   [102. 104. 106. 108. 110.]
   [112. 114. 116. 118. 120.]]]]
inputT0
[[[[ 0.  1.  2.  3.  4.]
   [ 5.  6.  7.  8.  9.]
   [10. 11. 12. 13. 14.]
   [15. 16. 17. 18. 19.]]

  [[20. 21. 22. 23. 24.]
   [25. 26. 27. 28. 29.]
   [30. 31. 32. 33. 34.]
   [35. 36. 37. 38. 39.]]

  [[40. 41. 42. 43. 44.]
   [45. 46. 47. 48. 49.]
   [50. 51. 52. 53. 54.]
   [55. 56. 57. 58. 59.]]]]
(Unnamed Layer* 7) [Output]_output
[[[[ 0.  1.  2.  3.  4.]
   [ 5.  6.  7.  8.  9.]
   [10. 11. 12. 13. 14.]
   [15. 16. 17. 18. 19.]]

  [[20. 21. 22. 23. 24.]
   [25. 26. 27. 28. 29.]
   [30. 31. 32. 33. 34.]
   [35. 36. 37. 38. 39.]]

  [[40. 41. 42. 43. 44.]
   [45. 46. 47. 48. 49.]
   [50. 51. 52. 53. 54.]
   [55. 56. 57. 58. 59.]]]]
