[TensorRT-Cookbook] Version: 1.0.0
[07/07/2026-06:11:28] [TRT] [W] Using default stream in enqueueV3() may lead to performance issues due to additional calls to cudaStreamSynchronize() by TensorRT to ensure correct synchronization. Please use non-default stream instead.
[07/07/2026-06:11:28] [TRT] [W] Using default stream in enqueueV3() may lead to performance issues due to additional calls to cudaStreamSynchronize() by TensorRT to ensure correct synchronization. Please use non-default stream instead.
[07/07/2026-06:11:29] [TRT] [W] Using default stream in enqueueV3() may lead to performance issues due to additional calls to cudaStreamSynchronize() by TensorRT to ensure correct synchronization. Please use non-default stream instead.
[07/07/2026-06:11:30] [TRT] [W] Using default stream in enqueueV3() may lead to performance issues due to additional calls to cudaStreamSynchronize() by TensorRT to ensure correct synchronization. Please use non-default stream instead.
============================== Start [case_simple,(),{}]

================ Public members of <tensorrt.tensorrt.ITopKLayer object at 0x70d660ccebb0> (instance)
 0 Callback members: []
 0 Callable methods: []
 4 Non-callable attributions: ['axes', 'indices_type', 'k', 'op']
Input ->DataType.FLOAT, (3, 4, 5), (3, 4, 5), tensor
Output->DataType.FLOAT, (3, 2, 5), (3, 2, 5), (Unnamed Layer* 0) [TopK]_output
Output->DataType.INT64, (3, 2, 5), (3, 2, 5), (Unnamed Layer* 0) [TopK]_output (1)
tensor
[[[34. 26. 35. 39.  2.]
  [14. 17. 28. 45. 13.]
  [10. 41. 49. 56. 16.]
  [ 8. 30.  3. 55. 33.]]

 [[54. 37. 48. 52. 38.]
  [47. 25. 31.  6. 46.]
  [12. 29. 42. 59. 44.]
  [50.  9. 53.  7. 23.]]

 [[ 4. 58. 57. 19. 20.]
  [51. 18. 22.  0. 11.]
  [24. 21. 27.  5.  1.]
  [15. 32. 43. 36. 40.]]]
(Unnamed Layer* 0) [TopK]_output
[[[34. 41. 49. 56. 33.]
  [14. 30. 35. 55. 16.]]

 [[54. 37. 53. 59. 46.]
  [50. 29. 48. 52. 44.]]

 [[51. 58. 57. 36. 40.]
  [24. 32. 43. 19. 20.]]]
(Unnamed Layer* 0) [TopK]_output (1)
[[[0 2 2 2 3]
  [1 3 0 3 2]]

 [[0 0 3 2 1]
  [3 2 0 0 2]]

 [[1 0 0 3 3]
  [2 3 3 0 0]]]
============================== End   [case_simple]
============================== Start [case_deprecated,(),{}]
Input ->DataType.FLOAT, (3, 4, 5), (3, 4, 5), tensor
Output->DataType.FLOAT, (3, 2, 5), (3, 2, 5), (Unnamed Layer* 0) [TopK]_output
Output->DataType.INT64, (3, 2, 5), (3, 2, 5), (Unnamed Layer* 0) [TopK]_output (1)
tensor
[[[53. 20.  3. 10. 46.]
  [48. 14. 56. 15.  4.]
  [ 0. 18. 59.  1. 55.]
  [38. 42.  7. 17.  8.]]

 [[57. 44. 47. 16. 34.]
  [ 6. 51. 58. 31. 35.]
  [13. 30. 23. 32. 41.]
  [43.  2. 28.  9.  5.]]

 [[21. 50. 37. 19. 29.]
  [45. 11. 24. 54. 33.]
  [25. 49. 26. 39. 22.]
  [52. 36. 40. 27. 12.]]]
(Unnamed Layer* 0) [TopK]_output
[[[53. 42. 59. 17. 55.]
  [48. 20. 56. 15. 46.]]

 [[57. 51. 58. 32. 41.]
  [43. 44. 47. 31. 35.]]

 [[52. 50. 40. 54. 33.]
  [45. 49. 37. 39. 29.]]]
(Unnamed Layer* 0) [TopK]_output (1)
[[[0 3 2 3 2]
  [1 0 1 1 0]]

 [[0 1 1 2 2]
  [3 0 0 1 1]]

 [[3 0 3 1 1]
  [1 2 0 2 0]]]
============================== End   [case_deprecated]
============================== Start [case_shape_input,(),{}]
Input ->DataType.FLOAT, (3, 4, 5), (3, 4, 5), tensor
Input ->DataType.INT32, (), (), tensor1
Output->DataType.FLOAT, (3, -1, 5), (3, 2, 5), (Unnamed Layer* 0) [TopK]_output
Output->DataType.INT32, (3, -1, 5), (3, 2, 5), (Unnamed Layer* 0) [TopK]_output (1)
tensor
[[[31. 18. 30. 17. 51.]
  [50. 27. 58. 43.  4.]
  [34. 41. 11. 38. 10.]
  [53.  5.  9.  3. 57.]]

 [[44. 37. 19. 25. 12.]
  [15. 46.  2. 55. 40.]
  [35.  1. 54. 29. 45.]
  [33. 59. 47. 14. 42.]]

 [[32.  0. 22. 52. 24.]
  [48.  7. 26. 13.  8.]
  [20.  6. 21. 39. 28.]
  [49. 56. 36. 16. 23.]]]
tensor1
[2]
(Unnamed Layer* 0) [TopK]_output
[[[53. 41. 58. 43. 57.]
  [50. 27. 30. 38. 51.]]

 [[44. 59. 54. 55. 45.]
  [35. 46. 47. 29. 42.]]

 [[49. 56. 36. 52. 28.]
  [48.  7. 26. 39. 24.]]]
(Unnamed Layer* 0) [TopK]_output (1)
[[[3 2 1 1 3]
  [1 1 0 2 0]]

 [[0 3 2 1 2]
  [2 1 3 2 3]]

 [[3 3 3 0 2]
  [1 1 1 2 0]]]
============================== End   [case_shape_input]
============================== Start [case_dds,(),{}]
Input ->DataType.FLOAT, (3, 4, 5), (3, 4, 5), tensor
Input ->DataType.INT32, (-1,), (2,), tensor1
Output->DataType.FLOAT, (3, -1, 5), (3, -1, 5), (Unnamed Layer* 1) [TopK]_output
Output->DataType.INT32, (3, -1, 5), (3, -1, 5), (Unnamed Layer* 1) [TopK]_output (1)
tensor
[[[ 0.  3. 16. 19. 48.]
  [ 4. 12. 30. 54. 24.]
  [45. 40. 15. 37. 34.]
  [25. 57. 18.  6. 55.]]

 [[52. 46. 22. 44. 43.]
  [13.  9. 59. 35. 31.]
  [11.  7. 47. 28. 21.]
  [29. 27. 50. 58. 10.]]

 [[39.  5. 56. 36. 38.]
  [42.  1.  2. 26. 32.]
  [53. 14. 51.  8. 33.]
  [17. 20. 23. 41. 49.]]]
tensor1
[ 3 -1]
(Unnamed Layer* 1) [TopK]_output
[[[45. 57. 30. 54. 55.]
  [25. 40. 18. 37. 48.]]

 [[52. 46. 59. 58. 43.]
  [29. 27. 50. 44. 31.]]

 [[53. 20. 56. 41. 49.]
  [42. 14. 51. 36. 38.]]]
(Unnamed Layer* 1) [TopK]_output (1)
[[[2 3 1 1 3]
  [3 2 3 2 0]]

 [[0 0 1 3 0]
  [3 3 3 0 1]]

 [[2 3 0 3 3]
  [1 2 2 0 0]]]
============================== End   [case_dds]
Members of tensorrt.tensorrt.TopKOperation:
 0 -> MAX
 1 -> MIN
Members of tensorrt.tensorrt.ReduceOperation:
 0 -> SUM
 1 -> PROD
 2 -> MAX
 3 -> MIN
 4 -> AVG
 5 -> NONE
Finish
