./TopKLayer/Axes.py:42: DeprecationWarning: Use set_input_shape instead.
  context.set_binding_shape(0, data.shape)
./TopKLayer/Axes.py:43: DeprecationWarning: Use get_tensor_mode instead.
  nInput = np.sum([engine.binding_is_input(i) for i in range(engine.num_bindings)])
./TopKLayer/Axes.py:49: DeprecationWarning: Use get_tensor_shape instead.
  bufferH.append(np.empty(context.get_binding_shape(nInput + i), dtype=trt.nptype(engine.get_binding_dtype(nInput + i))))
./TopKLayer/Axes.py:49: DeprecationWarning: Use get_tensor_dtype instead.
  bufferH.append(np.empty(context.get_binding_shape(nInput + i), dtype=trt.nptype(engine.get_binding_dtype(nInput + i))))
Input 0: (1, 3, 4, 5) 
 [[[[ 0. 32. 43. 36. 27.]
   [38. 39. 54. 59. 21.]
   [40. 44. 26. 25. 51.]
   [49. 11. 31. 48.  5.]]

  [[19. 42.  7. 33. 16.]
   [30.  4. 37.  1.  2.]
   [56. 28. 14. 29. 57.]
   [20. 55.  8. 15. 45.]]

  [[22. 13.  6. 58. 50.]
   [24. 34. 53. 17.  9.]
   [10. 23. 12.  3. 18.]
   [47. 35. 41. 52. 46.]]]]
Output 0: (1, 2, 4, 5) 
 [[[[22. 42. 43. 58. 50.]
   [38. 39. 54. 59. 21.]
   [56. 44. 26. 29. 57.]
   [49. 55. 41. 52. 46.]]

  [[19. 32.  7. 36. 27.]
   [30. 34. 53. 17.  9.]
   [40. 28. 14. 25. 51.]
   [47. 35. 31. 48. 45.]]]]
Output 1: (1, 2, 4, 5) 
 [[[[2 1 0 2 2]
   [0 0 0 0 0]
   [1 0 0 1 1]
   [0 1 2 2 2]]

  [[1 0 1 0 0]
   [1 2 2 2 2]
   [0 1 1 0 0]
   [2 2 0 0 1]]]]
