Input 0: (1, 3, 4, 5) 
 [[[[ 9. 52.  2. 27. 49.]
   [ 0. 59. 22.  6. 11.]
   [45. 33.  8. 31. 37.]
   [23. 21.  1. 55. 17.]]

  [[34. 15. 32. 54. 39.]
   [10. 43. 57. 30. 12.]
   [19. 38. 40. 36. 25.]
   [ 3. 42. 24. 16. 47.]]

  [[13. 14. 58. 46. 50.]
   [48. 44. 29. 20. 18.]
   [ 4.  5. 56. 28.  7.]
   [53. 51. 41. 35. 26.]]]]
Output 0: (1, 2, 4, 5) 
 [[[[34. 52. 58. 54. 50.]
   [48. 59. 57. 30. 18.]
   [45. 38. 56. 36. 37.]
   [53. 51. 41. 55. 47.]]

  [[13. 15. 32. 46. 49.]
   [10. 44. 29. 20. 12.]
   [19. 33. 40. 31. 25.]
   [23. 42. 24. 35. 26.]]]]
Output 1: (1, 2, 4, 5) 
 [[[[1 0 2 1 2]
   [2 0 1 1 2]
   [0 1 2 1 0]
   [2 2 2 0 1]]

  [[2 1 1 2 0]
   [1 2 2 2 1]
   [1 0 1 0 1]
   [0 1 1 2 2]]]]
