[TensorRT-Cookbook] Version: 0.1.0
[04/25/2026-00:37:13] [TRT] [W] Using default stream in enqueueV3() may lead to performance issues due to additional calls to cudaStreamSynchronize() by TensorRT to ensure correct synchronization. Please use non-default stream instead.
[04/25/2026-00:37:14] [TRT] [W] Using default stream in enqueueV3() may lead to performance issues due to additional calls to cudaStreamSynchronize() by TensorRT to ensure correct synchronization. Please use non-default stream instead.
============================== Start [case_simple,(),{}]
attention.num_inputs = 3
attention.num_outputs = 1
Input ->DataType.FLOAT, (1, 4, 3, 8), (1, 4, 3, 8), q
Input ->DataType.FLOAT, (1, 4, 3, 8), (1, 4, 3, 8), k
Input ->DataType.FLOAT, (1, 4, 3, 8), (1, 4, 3, 8), v
Output->DataType.FLOAT, (1, 4, 3, 8), (1, 4, 3, 8), attention_output
q
[[[[0.84724283 0.7401236  0.33612764 0.10320783 0.59214467 0.10744353
    0.18554638 0.99548554]
   [0.10597762 0.27505478 0.08913728 0.8843445  0.37465122 0.09896497
    0.28750783 0.81399006]
   [0.04855319 0.9543905  0.25643158 0.76567405 0.5418007  0.4604596
    0.3318096  0.37539348]]

  [[0.42963886 0.9789266  0.39356825 0.5611428  0.26054695 0.33040953
    0.2685762  0.502159  ]
   [0.6151032  0.62242264 0.26385432 0.9548048  0.38387376 0.29098818
    0.35394058 0.9184636 ]
   [0.18262735 0.67893237 0.3327917  0.95831496 0.70259    0.39002067
    0.4287021  0.741368  ]]

  [[0.01125122 0.8473822  0.16231562 0.06954654 0.05421435 0.95201576
    0.6781505  0.94087505]
   [0.6930845  0.9106863  0.6400327  0.5377986  0.8971329  0.8113509
    0.04892756 0.1509138 ]
   [0.96979624 0.45309713 0.79119676 0.56869733 0.48946756 0.95762974
    0.06915093 0.08780827]]

  [[0.24788944 0.65813214 0.70157164 0.30623993 0.91043854 0.04777209
    0.5323392  0.5677017 ]
   [0.7190127  0.90102774 0.5300062  0.5072646  0.1248035  0.03944722
    0.79306763 0.6734867 ]
   [0.5727586  0.37989125 0.50349367 0.9728222  0.3961225  0.6534654
    0.55069137 0.8303667 ]]]]
k
[[[[0.36956248 0.8275317  0.08727237 0.90718144 0.14880975 0.21060957
    0.304133   0.2398569 ]
   [0.7503743  0.8207008  0.41784206 0.11548427 0.22497758 0.3543504
    0.46387136 0.01866234]
   [0.4561357  0.757893   0.2143143  0.13942705 0.42997298 0.66177344
    0.63887244 0.85219246]]

  [[0.84473854 0.7328977  0.7810978  0.77388585 0.10811386 0.26991248
    0.12638126 0.78076375]
   [0.18599379 0.7203717  0.60975605 0.14714217 0.06035392 0.9754296
    0.03446965 0.04340329]
   [0.83853686 0.5452544  0.998749   0.74845207 0.36491063 0.8124275
    0.16944873 0.51304096]]

  [[0.72440964 0.3735719  0.00431607 0.8058926  0.6803424  0.27255183
    0.8886511  0.25708303]
   [0.5967933  0.52798235 0.970801   0.45303315 0.0173847  0.46568406
    0.6647758  0.853895  ]
   [0.5625754  0.9709208  0.8548658  0.17921633 0.17661847 0.01524295
    0.05831761 0.9447786 ]]

  [[0.89080095 0.29609615 0.88978887 0.77835083 0.06004507 0.38686898
    0.9895226  0.2882435 ]
   [0.58745086 0.6498514  0.82144064 0.17105846 0.59423697 0.09105994
    0.7830945  0.31288627]
   [0.25311276 0.35283133 0.3126197  0.19716768 0.53939986 0.72984606
    0.69747806 0.54735476]]]]
v
[[[[-0.5698461  -0.87515616 -0.76552093 -0.14932331 -0.56269705
    -0.3098746  -0.08899607 -0.5547812 ]
   [-0.13521951 -0.23091835 -0.00260174 -0.34319204 -0.88959104
    -0.05086517 -0.05153799 -0.3734959 ]
   [-0.9663882  -0.6143425  -0.5569268  -0.36919725 -0.4274311
    -0.85818887 -0.09470522 -0.90338904]]

  [[-0.537095   -0.06124527 -0.23070367 -0.40801156 -0.22741379
    -0.2705734  -0.48334032 -0.97112733]
   [-0.49151072 -0.8637443  -0.60786235 -0.56758076 -0.09686128
    -0.23259194 -0.02295121 -0.20559902]
   [-0.3149116  -0.21444443 -0.933505   -0.41532892 -0.8685507
    -0.816751   -0.709701   -0.4755538 ]]

  [[-0.8394909  -0.26718026 -0.21433137 -0.6936498  -0.749595
    -0.9083631  -0.77580863 -0.14313383]
   [-0.30814916 -0.24576505 -0.90795135 -0.86904174 -0.9239681
    -0.1873866  -0.01820416 -0.1481608 ]
   [-0.21399285 -0.28027478 -0.125729   -0.8455614  -0.08297159
    -0.4976252  -0.98175514 -0.2050564 ]]

  [[-0.6245088  -0.73179454 -0.43061137 -0.30755776 -0.29021677
    -0.22303315 -0.09269136 -0.8000705 ]
   [-0.7784987  -0.09057751 -0.04368694 -0.2843932  -0.29175705
    -0.53493375 -0.24847218 -0.0498174 ]
   [-0.2743197  -0.03355773 -0.9304408  -0.2174594  -0.8703873
    -0.00841873 -0.57742655 -0.56876945]]]]
attention_output
[[[[-0.65797716 -0.567832   -0.45332876 -0.31477532 -0.5805266
    -0.5234174  -0.08190008 -0.686094  ]
   [-0.6533247  -0.64364237 -0.5333326  -0.27818194 -0.56814116
    -0.49023646 -0.08427355 -0.6662976 ]
   [-0.62426704 -0.6186902  -0.5016429  -0.28267178 -0.58651614
    -0.46625808 -0.08237705 -0.6502656 ]]

  [[-0.43675226 -0.2614721  -0.58769554 -0.43817905 -0.47242394
    -0.49174076 -0.49943662 -0.6344974 ]
   [-0.43538922 -0.20541357 -0.5747856  -0.42653933 -0.4957312
    -0.5061823  -0.5382908  -0.68053013]
   [-0.42824668 -0.23732357 -0.60553163 -0.43230647 -0.5071693
    -0.51848936 -0.52782995 -0.641366  ]]

  [[-0.38966906 -0.26114014 -0.5158599  -0.82491237 -0.62203157
    -0.43623996 -0.4809209  -0.1650655 ]
   [-0.44469783 -0.2638568  -0.43223834 -0.8060374  -0.592619
    -0.5166118  -0.5736779  -0.16527416]
   [-0.43663004 -0.261417   -0.49273935 -0.8117127  -0.6434009
    -0.48148435 -0.501569   -0.16225868]]

  [[-0.6045308  -0.2818989  -0.38685164 -0.27526757 -0.4343049
    -0.30485675 -0.27988675 -0.41845316]
   [-0.61501014 -0.38787588 -0.38689026 -0.28359705 -0.39391443
    -0.2917614  -0.23227835 -0.5018174 ]
   [-0.5759935  -0.40394714 -0.45912364 -0.27977353 -0.4331485
    -0.24631722 -0.2497655  -0.56038123]]]]
[check]:True,maxAbsDiff=1.19e-07,meanAbsDiff=3.00e-08,maxRelDiff=2.13e-07,meanRelDiff=6.55e-08
    worstPair=(-0.5603812336921692:-0.5603811144828796)@[0, 3, 2, 7]
============================== End   [case_simple]
============================== Start [case_mask,(),{}]
attention.num_inputs = 4
attention.num_outputs = 1
Input ->DataType.FLOAT, (1, 4, 3, 8), (1, 4, 3, 8), q
Input ->DataType.FLOAT, (1, 4, 3, 8), (1, 4, 3, 8), k
Input ->DataType.FLOAT, (1, 4, 3, 8), (1, 4, 3, 8), v
Output->DataType.FLOAT, (1, 4, 3, 8), (1, 4, 3, 8), (Unnamed Layer* 3) [AttentionOutput]_output
q
[[[[0.54484165 0.28118068 0.49748173 0.21391435 0.40915057 0.29414666
    0.2523772  0.35262698]
   [0.30769455 0.4243211  0.9151526  0.05074391 0.87092763 0.25012928
    0.6527233  0.4923812 ]
   [0.64676714 0.69051886 0.19953156 0.6499887  0.17411281 0.12242939
    0.4402392  0.969917  ]]

  [[0.17032444 0.4228656  0.61883587 0.11723156 0.34463078 0.67851007
    0.79279286 0.6995704 ]
   [0.02365374 0.08487963 0.9309756  0.97065824 0.68317455 0.5234371
    0.7473045  0.8644226 ]
   [0.30355436 0.26336053 0.7248402  0.34159863 0.5440674  0.25252122
    0.04802893 0.76516634]]

  [[0.63119847 0.5519781  0.7794324  0.22033548 0.8974535  0.56487346
    0.33182976 0.43029314]
   [0.29126367 0.8384742  0.7439718  0.9887816  0.4613093  0.4113942
    0.76570064 0.39305818]
   [0.23071441 0.39448616 0.8625272  0.7750682  0.47800454 0.25907925
    0.9649668  0.04647492]]

  [[0.37617213 0.6800825  0.17745204 0.19981027 0.40128234 0.28809386
    0.22601207 0.15870912]
   [0.47805816 0.3922581  0.887388   0.611046   0.6226461  0.70486593
    0.19369015 0.75286204]
   [0.5256387  0.4126079  0.4567126  0.9778772  0.6457576  0.6022937
    0.19221483 0.8626391 ]]]]
k
[[[[0.9931407  0.20118114 0.29577547 0.19783932 0.0861061  0.6322698
    0.4875328  0.39212444]
   [0.11305473 0.08945    0.44595465 0.8784139  0.9300207  0.7110102
    0.46740058 0.5098673 ]
   [0.6403062  0.6251839  0.2418209  0.6648554  0.89752877 0.8636857
    0.7804209  0.1677167 ]]

  [[0.52727777 0.44314185 0.8372702  0.17687611 0.21972774 0.1460712
    0.06103608 0.08840155]
   [0.8791825  0.9280629  0.15235837 0.30772793 0.41768888 0.1698615
    0.836068   0.16477828]
   [0.44553325 0.4928176  0.22313686 0.74965227 0.36396885 0.73731756
    0.29451355 0.14554319]]

  [[0.74622196 0.985193   0.6655944  0.65007055 0.19881836 0.230506
    0.7690246  0.2803721 ]
   [0.92818266 0.67786    0.9732792  0.62169456 0.3603353  0.4620649
    0.31415316 0.4369408 ]
   [0.7905834  0.02904245 0.57581633 0.696155   0.24093562 0.16117382
    0.35030133 0.5247289 ]]

  [[0.54616827 0.60573107 0.77654415 0.24629718 0.38386518 0.5820544
    0.37807262 0.94886506]
   [0.48511395 0.79646724 0.7417251  0.45709386 0.3795225  0.13370085
    0.4611274  0.50591695]
   [0.19772322 0.7154386  0.9200429  0.8463482  0.24382351 0.40428472
    0.41747415 0.31603494]]]]
v
[04/25/2026-00:37:16] [TRT] [W] Using default stream in enqueueV3() may lead to performance issues due to additional calls to cudaStreamSynchronize() by TensorRT to ensure correct synchronization. Please use non-default stream instead.
[[[[-0.26710823 -0.13979341 -0.7776455  -0.28188434 -0.05170988
    -0.1588563  -0.94382066 -0.08807085]
   [-0.31783745 -0.91783303 -0.4938862  -0.1295499  -0.505388
    -0.55816865 -0.6812963  -0.8613476 ]
   [-0.851411   -0.8853413  -0.03573936 -0.49019808 -0.75224876
    -0.10364999 -0.07320802 -0.8059251 ]]

  [[-0.92915034 -0.55664754 -0.22852854 -0.13393983 -0.7468237
    -0.23754835 -0.9930957  -0.13421303]
   [-0.04569375 -0.3962323  -0.73482054 -0.05808693 -0.8743211
    -0.92990524 -0.8139992  -0.38634577]
   [-0.45620066 -0.75960296 -0.70824826 -0.6177592  -0.600999
    -0.26666784 -0.28951    -0.5065228 ]]

  [[-0.56945544 -0.12482507 -0.37537652 -0.65930355 -0.15632263
    -0.6033813  -0.28942853 -0.04633111]
   [-0.23546076 -0.5843932  -0.12257775 -0.8510252  -0.53900665
    -0.55427146 -0.8590061  -0.14262062]
   [-0.07533655 -0.14435862 -0.7158204  -0.39998212 -0.94405854
    -0.02901707 -0.70027864 -0.76141703]]

  [[-0.38015193 -0.2809133  -0.67125565 -0.5891885  -0.7743683
    -0.480903   -0.3781751  -0.31807405]
   [-0.65467626 -0.79063714 -0.54888004 -0.5723243  -0.72485965
    -0.5920056  -0.8573622  -0.6904327 ]
   [-0.0410709  -0.33904216 -0.06955773 -0.9329949  -0.16861351
    -0.07227258 -0.40237665 -0.35297227]]]]
(Unnamed Layer* 3) [AttentionOutput]_output
[[[[-0.52342933 -0.6886504  -0.38398215 -0.32027563 -0.48117864
    -0.26029336 -0.50377405 -0.62404585]
   [-0.5510418  -0.75787795 -0.33846813 -0.32199803 -0.53300697
    -0.2769434  -0.45372227 -0.6918523 ]
   [-0.53100175 -0.6903671  -0.37681043 -0.32487363 -0.48588148
    -0.25507665 -0.49457332 -0.6254299 ]]

  [[-0.3904996  -0.5564162  -0.60771704 -0.26485687 -0.75223833
    -0.54430723 -0.6785992  -0.36811784]
   [-0.43288928 -0.5926886  -0.60407007 -0.32038024 -0.72494096
    -0.47729805 -0.6270693  -0.37950045]
   [-0.47798318 -0.57264125 -0.5578276  -0.27298552 -0.739361
    -0.47534516 -0.6956186  -0.34343   ]]

  [[-0.31732318 -0.3503468  -0.31588694 -0.7042124  -0.4859482
    -0.47407016 -0.64001757 -0.22429712]
   [-0.35948336 -0.309847   -0.3288522  -0.69440967 -0.431766
    -0.49357373 -0.5795702  -0.19695738]
   [-0.34802303 -0.30192387 -0.34581035 -0.68150806 -0.45284694
    -0.4738884  -0.5836222  -0.22080609]]

  [[-0.3661783  -0.47061053 -0.44141874 -0.69132024 -0.56777155
    -0.3901465  -0.54696155 -0.45427763]
   [-0.3457043  -0.43197203 -0.4512278  -0.69228524 -0.5720684
    -0.38210645 -0.51066536 -0.42605865]
   [-0.3444833  -0.43779048 -0.44292092 -0.6961576  -0.5644479
    -0.3784215  -0.5157773  -0.43022013]]]]
============================== End   [case_mask]
============================== Start [case_quantization,(),{}]
attention.num_inputs = 5
attention.num_outputs = 1
Input ->DataType.FLOAT, (1, 32, 16, 32), (1, 32, 16, 32), q
Input ->DataType.FLOAT, (1, 32, 16, 32), (1, 32, 16, 32), k
Input ->DataType.FLOAT, (1, 32, 16, 32), (1, 32, 16, 32), v
Output->DataType.FLOAT, (1, 32, 16, 32), (1, 32, 16, 32), (Unnamed Layer* 15) [AttentionOutput]_output
q
[[[[0.4442041  0.9080384  0.77635    ... 0.18353826 0.63050634
    0.14849469]
   [0.27237388 0.3121382  0.2113121  ... 0.61053956 0.32651848
    0.00858506]
   [0.29545593 0.69919395 0.11181538 ... 0.9415793  0.5815738
    0.34245947]
   ...
   [0.08152352 0.74415654 0.28141326 ... 0.18515842 0.8535932
    0.9871133 ]
   [0.05312761 0.17400803 0.49554408 ... 0.12234388 0.0160312
    0.76921225]
   [0.2516039  0.94718766 0.40421757 ... 0.61256975 0.439921
    0.5707039 ]]

  [[0.64011675 0.9243959  0.54969835 ... 0.9949045  0.53842735
    0.17995822]
   [0.2057226  0.5813879  0.33669704 ... 0.9849627  0.37847763
    0.83619195]
   [0.6483377  0.96501553 0.19783102 ... 0.71065885 0.21872225
    0.12403917]
   ...
   [0.49213916 0.0307392  0.97469604 ... 0.2165921  0.04602148
    0.05134325]
   [0.1488805  0.6812457  0.34416872 ... 0.9923168  0.26583278
    0.69214135]
   [0.11912408 0.61521846 0.7961847  ... 0.9104724  0.39541724
    0.6534273 ]]

  [[0.10766102 0.43979117 0.96666163 ... 0.44090056 0.8204153
    0.29149306]
   [0.7116681  0.46477678 0.8838153  ... 0.06620601 0.7039026
    0.58598787]
   [0.07498062 0.64792573 0.10485634 ... 0.66934025 0.10847247
    0.8018889 ]
   ...
   [0.08843163 0.6861359  0.22211592 ... 0.7343328  0.75441754
    0.80440986]
   [0.80027765 0.7000657  0.89634913 ... 0.6803726  0.28306904
    0.9036944 ]
   [0.86627424 0.7308418  0.3181156  ... 0.7359285  0.5036703
    0.90288836]]

  ...

  [[0.74669117 0.07969873 0.25531667 ... 0.40210116 0.02448864
    0.15145777]
   [0.7599061  0.24004045 0.17744327 ... 0.62750256 0.549687
    0.7467088 ]
   [0.38031182 0.90352124 0.12186984 ... 0.20961994 0.31375536
    0.8145845 ]
   ...
   [0.38034663 0.32056576 0.31227237 ... 0.77314824 0.09548946
    0.35202646]
   [0.92571706 0.78191656 0.83703655 ... 0.08573641 0.8344082
    0.82875663]
   [0.687313   0.9325448  0.2673914  ... 0.98183066 0.59846777
    0.06835813]]

  [[0.3086295  0.99056983 0.52656657 ... 0.50521696 0.5656948
    0.45260808]
   [0.8690607  0.6327927  0.38982114 ... 0.89067733 0.7707901
    0.45600033]
   [0.10114887 0.9528842  0.28979117 ... 0.5194314  0.8905628
    0.9086658 ]
   ...
   [0.29362288 0.92925966 0.41049454 ... 0.9064398  0.49519885
    0.7640304 ]
   [0.03399421 0.99202317 0.58655053 ... 0.8155169  0.07360988
    0.26917374]
   [0.2608095  0.9942768  0.04538147 ... 0.86901367 0.5295212
    0.35734355]]

  [[0.2276507  0.82201946 0.71321535 ... 0.96140724 0.5876124
    0.3191473 ]
   [0.69941586 0.19035226 0.53498906 ... 0.73129135 0.4953309
    0.44900408]
   [0.08398417 0.08648117 0.8323621  ... 0.06340767 0.8565397
    0.48651734]
   ...
   [0.61689764 0.16788487 0.62753075 ... 0.49846977 0.8443211
    0.8123232 ]
   [0.62662303 0.457694   0.68950856 ... 0.19486764 0.2778659
    0.6835688 ]
   [0.50944275 0.48184308 0.02737426 ... 0.7527889  0.37694353
    0.836762  ]]]]
k
[[[[0.90202606 0.6925655  0.43036076 ... 0.6645551  0.39384657
    0.7618737 ]
   [0.50990933 0.3997168  0.3741956  ... 0.13435882 0.5716383
    0.06120399]
   [0.3519894  0.7250653  0.9087471  ... 0.52420497 0.15540011
    0.24851891]
   ...
   [0.28629485 0.5135575  0.1870187  ... 0.89087987 0.8965661
    0.51317024]
   [0.4179978  0.6274563  0.81419384 ... 0.4561793  0.921953
    0.7307044 ]
   [0.61283654 0.90720505 0.22100632 ... 0.20184465 0.766246
    0.44649976]]

  [[0.68591523 0.25050303 0.2648244  ... 0.9309703  0.48146358
    0.16577786]
   [0.79329056 0.7132123  0.87445426 ... 0.95590687 0.9111918
    0.05732995]
   [0.5334441  0.12523359 0.34020212 ... 0.9868983  0.25515953
    0.46990967]
   ...
   [0.23948582 0.2336147  0.26622912 ... 0.26808515 0.6082141
    0.9112035 ]
   [0.14432031 0.79676855 0.11469335 ... 0.00774399 0.7180635
    0.01375068]
   [0.5002862  0.44847155 0.74437916 ... 0.07491782 0.5118114
    0.350655  ]]

  [[0.8754829  0.69981444 0.9179445  ... 0.55362916 0.760992
    0.01399612]
   [0.20565382 0.22257538 0.48218626 ... 0.4322843  0.83125985
    0.9230038 ]
   [0.9940444  0.16358459 0.8189809  ... 0.25105655 0.7344009
    0.18547758]
   ...
   [0.16453888 0.803149   0.26881292 ... 0.59878176 0.57087296
    0.9092987 ]
   [0.1323322  0.66374236 0.8138448  ... 0.181862   0.19537722
    0.01218641]
   [0.25417936 0.96144783 0.7087791  ... 0.20430021 0.9887801
    0.8459878 ]]

  ...

  [[0.09984636 0.14277408 0.88550276 ... 0.6662365  0.10083944
    0.75269186]
   [0.905419   0.13365978 0.9870607  ... 0.17022373 0.14665501
    0.68150395]
   [0.48308983 0.0066522  0.947557   ... 0.63681376 0.20101987
    0.64848197]
   ...
   [0.16449434 0.04960362 0.19014238 ... 0.44364503 0.4663993
    0.35229984]
   [0.35520348 0.16279945 0.6219808  ... 0.8228777  0.6132556
    0.0032768 ]
   [0.5648251  0.29595917 0.87898976 ... 0.41264448 0.9415564
    0.29047844]]

  [[0.7574035  0.91489804 0.35871357 ... 0.5472038  0.48358974
    0.2156281 ]
   [0.07630981 0.562093   0.8862459  ... 0.26577133 0.6298624
    0.02055311]
   [0.9449609  0.01507107 0.03496639 ... 0.29217064 0.52062607
    0.46287003]
   ...
   [0.6259964  0.27746415 0.21203446 ... 0.799165   0.68889725
    0.9222535 ]
   [0.6209632  0.5908074  0.51311827 ... 0.3317985  0.35209408
    0.80654407]
   [0.15919934 0.6205884  0.01909502 ... 0.15408069 0.22103725
    0.7806363 ]]

  [[0.01541961 0.01052209 0.9764892  ... 0.4246849  0.19156857
    0.54066116]
   [0.42429549 0.7653606  0.52644813 ... 0.62763125 0.7480576
    0.7625456 ]
   [0.5043332  0.39232072 0.66546965 ... 0.08897838 0.00321511
    0.82755995]
   ...
   [0.15298744 0.907278   0.8936235  ... 0.8375089  0.32729483
    0.9062661 ]
   [0.8248677  0.6250617  0.9833791  ... 0.16203184 0.39461005
    0.33174536]
   [0.486394   0.4862786  0.04732682 ... 0.00190617 0.89234996
    0.3620397 ]]]]
v
[[[[-0.70421135 -0.39189982 -0.36538398 ... -0.49838915 -0.07339815
    -0.8286973 ]
   [-0.5763629  -0.78463715 -0.51499003 ... -0.1673065  -0.8087242
    -0.6804224 ]
   [-0.97575146 -0.01940608 -0.7584411  ... -0.7787646  -0.1805224
    -0.5502481 ]
   ...
   [-0.31256253 -0.19552182 -0.02030638 ... -0.7714472  -0.640964
    -0.26066658]
   [-0.8109006  -0.69741017 -0.8809307  ... -0.43842703 -0.04372185
    -0.2983168 ]
   [-0.4829604  -0.4281236  -0.4376456  ... -0.4347325  -0.73130524
    -0.87475026]]

  [[-0.676916   -0.62416863 -0.37345687 ... -0.7323101  -0.06308374
    -0.4236482 ]
   [-0.34388816 -0.99750656 -0.71772486 ... -0.91991484 -0.2588267
    -0.13495284]
   [-0.8403783  -0.82831323 -0.09096149 ... -0.0213479  -0.4058744
    -0.7013861 ]
   ...
   [-0.16127633 -0.00208043 -0.41760474 ... -0.01963651 -0.87602586
    -0.62869674]
   [-0.5783163  -0.27023    -0.21450353 ... -0.5331107  -0.5921829
    -0.92698973]
   [-0.636703   -0.27192882 -0.98955566 ... -0.5495771  -0.31527662
    -0.66431737]]

  [[-0.15119071 -0.3449888  -0.12249321 ... -0.24933895 -0.23801564
    -0.74845845]
   [-0.00660727 -0.7726903  -0.57760054 ... -0.45297977 -0.5811586
    -0.44979402]
   [-0.77442235 -0.294832   -0.91144663 ... -0.20398146 -0.5593694
    -0.05695754]
   ...
   [-0.11469743 -0.00896042 -0.09324072 ... -0.94258714 -0.8658496
    -0.27624065]
   [-0.66781026 -0.2910871  -0.8110901  ... -0.74652904 -0.20476429
    -0.3776589 ]
   [-0.7172265  -0.6543352  -0.61044604 ... -0.5016399  -0.78360397
    -0.30277938]]

  ...

  [[-0.95492935 -0.4110596  -0.6676389  ... -0.90016365 -0.81111264
    -0.42950222]
   [-0.32010093 -0.79119873 -0.32523146 ... -0.26286587 -0.60566384
    -0.38837308]
   [-0.02663188 -0.08303314 -0.5575805  ... -0.9575349  -0.5135896
    -0.44168818]
   ...
   [-0.36455125 -0.02621368 -0.07991804 ... -0.7616354  -0.48056757
    -0.5575691 ]
   [-0.3072606  -0.19762829 -0.23536047 ... -0.54314935 -0.6831481
    -0.3591041 ]
   [-0.28445306 -0.72862023 -0.6822324  ... -0.59325004 -0.43085772
    -0.45422286]]

  [[-0.5266157  -0.6389794  -0.9187073  ... -0.6392245  -0.02401248
    -0.20925374]
   [-0.8337568  -0.28475046 -0.69409275 ... -0.03400754 -0.4261363
    -0.05437396]
   [-0.34902975 -0.23779254 -0.46152177 ... -0.5504798  -0.08525507
    -0.18643467]
   ...
   [-0.79375803 -0.2820042  -0.823711   ... -0.0826981  -0.5219295
    -0.4706034 ]
   [-0.8292713  -0.55617577 -0.48215523 ... -0.74460137 -0.24928904
    -0.0156439 ]
   [-0.6293842  -0.04676333 -0.29834694 ... -0.07440583 -0.6106056
    -0.7158373 ]]

  [[-0.25866866 -0.5162208  -0.5291739  ... -0.8755402  -0.11441725
    -0.47574192]
   [-0.7689687  -0.5082566  -0.3857733  ... -0.75375444 -0.5373683
    -0.94495165]
   [-0.80743265 -0.71994555 -0.9729403  ... -0.35686332 -0.67359036
    -0.7406911 ]
   ...
   [-0.48100102 -0.6892226  -0.12281655 ... -0.78100014 -0.31563294
    -0.827982  ]
   [-0.9858188  -0.7019004  -0.37716845 ... -0.11767201 -0.18124942
    -0.21167319]
   [-0.29989767 -0.37963304 -0.55197966 ... -0.3628994  -0.04168696
    -0.45872772]]]]
(Unnamed Layer* 15) [AttentionOutput]_output
[[[[-1.7956357  -0.9475753  -1.386802   ... -1.680028   -1.857401
    -0.51829976]
   [-1.4937507  -0.8071994  -0.7449207  ... -1.0036734  -0.17865962
    -1.7322094 ]
   [-1.4540548  -0.7813573  -0.8773818  ... -1.1941872  -0.9089132
    -1.1463982 ]
   ...
   [-1.8427484  -0.9223898  -1.4566834  ... -1.7128234  -1.9195487
    -0.48730728]
   [-1.4829663  -0.80797243 -0.7440288  ... -1.0131283  -0.18329439
    -1.72305   ]
   [-1.3756045  -0.98725367 -0.76968235 ... -1.16989    -0.7953539
    -1.1451992 ]]

  [[-0.7484469  -1.9856848  -1.495971   ... -1.9923167  -0.56719744
    -0.29602927]
   [-0.72507495 -0.7469897  -1.2652078  ... -1.2121111  -0.90982133
    -1.6196722 ]
   [-0.74940044 -1.9724793  -1.4935968  ... -1.9817338  -0.5707116
    -0.3099776 ]
   ...
   [-0.74235415 -1.946166   -1.4801569  ... -1.9728708  -0.5804004
    -0.335108  ]
   [-0.70729774 -1.701735   -1.401957   ... -1.8533422  -0.6580237
    -0.5894495 ]
   [-0.752501   -1.9531785  -1.4947449  ... -1.9660732  -0.5741498
    -0.3315792 ]]

  [[-1.2066466  -1.0020552  -1.783089   ... -0.96378165 -0.9247714
    -0.24941403]
   [-0.9774918  -1.1216959  -1.7111737  ... -1.2736782  -0.9254575
    -0.33925375]
   [-1.4106765  -0.87062585 -1.7547568  ... -0.73911595 -1.0932775
    -0.2450523 ]
   ...
   [-1.1940957  -1.3643131  -1.3945944  ... -1.2075227  -1.2919781
    -0.5525041 ]
   [-0.49142554 -1.5637021  -1.5892969  ... -1.9088576  -0.65296733
    -0.53482246]
   [-1.1062949  -1.0768291  -1.7525676  ... -1.0957854  -0.87516177
    -0.30420148]]

  ...

  [[-0.2378657  -1.2362188  -1.473295   ... -0.65784514 -1.0825299
    -0.7073436 ]
   [-0.09022574 -1.4768013  -1.6131424  ... -0.49298945 -0.83911294
    -0.69216555]
   [-0.07422859 -1.5009736  -1.6221194  ... -0.47041005 -0.8113089
    -0.68911546]
   ...
   [-0.32851475 -1.0659289  -1.4704357  ... -0.80700845 -1.2916548
    -0.72790545]
   [-0.10791896 -1.4931698  -1.6115414  ... -0.49159747 -0.83312196
    -0.6965208 ]
   [-0.2045925  -1.2638808  -1.4282365  ... -0.63338876 -0.9955649
    -0.7069355 ]]

  [[-1.6569464  -0.24370931 -1.4549638  ... -1.2557117  -1.1728505
    -1.6533443 ]
   [-1.5692966  -0.894613   -1.4417001  ... -0.6768883  -0.75805575
    -1.161226  ]
   [-1.701207   -0.8968054  -1.0467575  ... -0.6432839  -0.81163263
    -1.5150847 ]
   ...
   [-1.6973858  -0.35165182 -1.2762675  ... -1.0854245  -1.2095596
    -1.7852767 ]
   [-1.1996571  -1.0644438  -1.8656151  ... -1.3232588  -0.32246023
    -0.77936107]
   [-1.5645329  -0.42162284 -1.5390261  ... -1.1638981  -0.93204
    -1.413631  ]]

  [[-0.9988355  -1.4956505  -0.2566481  ... -1.6207972  -0.6882467
    -1.7410663 ]
   [-1.4382905  -1.442107   -1.3956631  ... -1.0490022  -1.1112227
    -1.5639642 ]
   [-1.0121255  -1.4998267  -0.26747742 ... -1.610119   -0.70116574
    -1.7404959 ]
   ...
   [-1.3507395  -1.3779386  -1.1013535  ... -1.2029526  -0.9977648
    -1.5420148 ]
   [-1.0524056  -1.4948478  -0.38319808 ... -1.5614718  -0.73696643
    -1.7344562 ]
   [-1.0064863  -1.4986492  -0.26765782 ... -1.616031   -0.6939313
    -1.7464257 ]]]]
============================== End   [case_quantization]
Finish
