[TensorRT-Cookbook] Version: 1.0.0
[07/07/2026-01:53:40] [TRT] [W] ITensor::setType(Float) was called on non I/O tensor: (Unnamed Layer* 0) [PluginV3_V3ONE]_output. This will have no effect unless this tensor is marked as an output.
[07/07/2026-01:53:41] [TRT] [W] Using default stream in enqueueV3() may lead to performance issues due to additional calls to cudaStreamSynchronize() by TensorRT to ensure correct synchronization. Please use non-default stream instead.
Input ->DataType.FLOAT, (-1, -1, -1), (3, 4, 5), inputT0
Output->DataType.FLOAT, (-1, -1, -1), (3, 4, 5), outputT0
[check]:True,maxAbsDiff=0.000e+00,meanAbsDiff=0.000e+00,maxRelDiff=0.000e+00,meanRelDiff=0.000e+00
[07/07/2026-01:53:41] [TRT] [W] Using default stream in enqueueV3() may lead to performance issues due to additional calls to cudaStreamSynchronize() by TensorRT to ensure correct synchronization. Please use non-default stream instead.
Input ->DataType.FLOAT, (-1, -1, -1), (3, 4, 5), inputT0
Output->DataType.FLOAT, (-1, -1, -1), (3, 4, 5), outputT0
[check]:True,maxAbsDiff=0.000e+00,meanAbsDiff=0.000e+00,maxRelDiff=0.000e+00,meanRelDiff=0.000e+00
[07/07/2026-01:53:41] [TRT] [W] ITensor::setType(Half) was called on non I/O tensor: (Unnamed Layer* 0) [PluginV3_V3ONE]_output. This will have no effect unless this tensor is marked as an output.
[07/07/2026-01:53:42] [TRT] [W] Using default stream in enqueueV3() may lead to performance issues due to additional calls to cudaStreamSynchronize() by TensorRT to ensure correct synchronization. Please use non-default stream instead.
Input ->DataType.HALF, (-1, -1, -1), (3, 4, 5), inputT0
Output->DataType.HALF, (-1, -1, -1), (3, 4, 5), outputT0
[check]:True,maxAbsDiff=0.000e+00,meanAbsDiff=0.000e+00,maxRelDiff=0.000e+00,meanRelDiff=0.000e+00
[07/07/2026-01:53:42] [TRT] [W] Using default stream in enqueueV3() may lead to performance issues due to additional calls to cudaStreamSynchronize() by TensorRT to ensure correct synchronization. Please use non-default stream instead.
Input ->DataType.HALF, (-1, -1, -1), (3, 4, 5), inputT0
Output->DataType.HALF, (-1, -1, -1), (3, 4, 5), outputT0
[check]:True,maxAbsDiff=0.000e+00,meanAbsDiff=0.000e+00,maxRelDiff=0.000e+00,meanRelDiff=0.000e+00
Finish
