[V] Loaded Module: polygraphy | Version: 0.49.26 | Path: ['/usr/local/lib/python3.12/dist-packages/polygraphy']
[V] Loaded Module: tensorrt | Version: 10.16.0.72 | Path: ['/usr/local/lib/python3.12/dist-packages/tensorrt']
[I] TF32 is disabled by default. Turn on TF32 for better performance with minor accuracy differences.
[V] [MemUsageChange] Init CUDA: CPU +27, GPU +0, now: CPU 40, GPU 2507 (MiB)
[V] ----------------------------------------------------------------
[V] Input filename:   /cookbook/00-Data/model/model-trained.onnx
[V] ONNX IR version:  0.0.10
[V] Opset version:    17
[V] Producer name:    pytorch
[V] Producer version: 2.10.0a0+b4e4ee81d3.nv25.12
[V] Domain:           
[V] Model version:    0
[V] Doc string:       
[V] ----------------------------------------------------------------
[W] ModelImporter.cpp:994: Make sure output z has Int64 binding.
[V] Setting TensorRT Optimization Profiles
[V] Input tensor: x (dtype=DataType.FLOAT, shape=(-1, 1, 28, 28)) | Setting input tensor shapes to: (min=[1, 1, 28, 28], opt=[4, 1, 28, 28], max=[16, 1, 28, 28])
[I] Configuring with profiles:[
        Profile 0:
            {x [min=[1, 1, 28, 28], opt=[4, 1, 28, 28], max=[16, 1, 28, 28]]}
    ]
[W] Disabling tactic timing cache because algorithm selector is enabled.
[W] profileSharing0806 is on by default in TensorRT 10.0. This flag is deprecated and has no effect.
[I] Building engine with configuration:
    Flags                  | [FP16, DISABLE_TIMING_CACHE]
    Engine Capability      | EngineCapability.STANDARD
    Memory Pools           | [WORKSPACE: 1024.00 MiB, TACTIC_DRAM: 48501.94 MiB, TACTIC_SHARED_MEMORY: 1024.00 MiB]
    Tactic Sources         | [EDGE_MASK_CONVOLUTIONS, JIT_CONVOLUTIONS]
    Profiling Verbosity    | ProfilingVerbosity.DETAILED
    Preview Features       | [PROFILE_SHARING_0806]
[V] [MemUsageChange] Init builder kernel library: CPU +206, GPU +7, now: CPU 457, GPU 2518 (MiB)
[V] Timing cache disabled. Turning it on will improve builder speed.
[V] Compiler backend is used during engine build.
[V] Loaded Module: numpy | Version: 1.26.4 | Path: ['/usr/local/lib/python3.12/dist-packages/numpy']
[V] Loaded Module: torch | Version: 2.11.0a0+a6c236b9fd.nv26.03.46836102 | Path: ['/usr/local/lib/python3.12/dist-packages/torch']
[I] Saving tactic replay file to model-trained-tactics.json
[V] [MS] Multi stream is disabled as cannot find an opportunity to leverage it
[W] [MS] Multi stream is disabled because the stream assignment failed.
[V] Detected 1 inputs and 2 output network tensors.
[V] Total Host Persistent Memory: 19856 bytes
[V] Total Device Persistent Memory: 0 bytes
[V] Max Scratch Memory: 199168 bytes
[V] [BlockAssignment] Started assigning block shifts. This will take 7 steps to complete.
[V] [BlockAssignment] Algorithm ShiftNTopDown took 0.02994ms to assign 3 blocks to 7 nodes requiring 1004032 bytes.
[V] Total Activation Memory: 1003520 bytes
[V] Total Weights Memory: 6553216 bytes
[V] Compiler backend is used during engine execution.
[V] Engine generation completed in 8.56735 seconds.
[V] [MemUsageStats] Peak memory usage of TRT CPU/GPU memory allocators: CPU 6 MiB, GPU 30 MiB
[I] Finished engine building in 8.925 seconds
[V] Loaded Module: fcntl
[V] Serialized 27 bytes of code generator cache.
[V] Serialized 3 bytes of compilation cache.
[V] Serialized 0 timing cache entries
[I] Saving tactic timing cache to model-trained.TimingCache
