[TensorRT-Cookbook] Version: 1.0.0
============================== Start [case_,(8, 64, 128, 128, 1, 3, 3),{}]
Input ->DataType.FLOAT, (-1, 64, 128, 128), (8, 64, 128, 128), inputT0
Output->DataType.FLOAT, (-1, 1, 128, 128), (8, 1, 128, 128), outputT0
 3.028ms - 1 stream, DataCopyHtoD
 0.048ms - 1 stream, Inference
 0.121ms - 1 stream, DataCopyDtoH
 3.943ms - 1 stream, DataCopy + Inference
 1.326ms - 2 stream, DataCopy + Inference
============================== End   [case_]
============================== Start [case_,(8, 64, 128, 128, 64, 16, 16),{}]
Input ->DataType.FLOAT, (-1, 64, 128, 128), (8, 64, 128, 128), inputT0
Output->DataType.FLOAT, (-1, 64, 129, 129), (8, 64, 129, 129), outputT0
 3.540ms - 1 stream, DataCopyHtoD
 6.148ms - 1 stream, Inference
 4.539ms - 1 stream, DataCopyDtoH
13.738ms - 1 stream, DataCopy + Inference
 7.293ms - 2 stream, DataCopy + Inference
============================== End   [case_]
============================== Start [case_,(8, 64, 128, 128, 64, 3, 3),{}]
Input ->DataType.FLOAT, (-1, 64, 128, 128), (8, 64, 128, 128), inputT0
Output->DataType.FLOAT, (-1, 64, 128, 128), (8, 64, 128, 128), outputT0
 4.157ms - 1 stream, DataCopyHtoD
 0.172ms - 1 stream, Inference
 4.614ms - 1 stream, DataCopyDtoH
 8.995ms - 1 stream, DataCopy + Inference
 2.169ms - 2 stream, DataCopy + Inference
============================== End   [case_]
Finish
