Succeeded building serialized engine!
Succeeded building engine!
Bind[ 0]:i[ 0]-> DataType.FLOAT (-1, 1, 28, 28) (1, 1, 28, 28) inputT0
Bind[ 1]:o[ 0]-> DataType.INT32 (-1, 1) (1, 1) (Unnamed Layer* 17) [TopK]_output_2
Timing:   20.384us -> (Unnamed Layer* 0) [Convolution] + (Unnamed Layer* 1) [Activation]
Timing:    5.120us -> (Unnamed Layer* 2) [Pooling]
Timing:    6.144us -> Reformatting CopyNode for Input Tensor 0 to (Unnamed Layer* 3) [Convolution] + (Unnamed Layer* 4) [Activation]
Timing:   34.816us -> (Unnamed Layer* 3) [Convolution] + (Unnamed Layer* 4) [Activation]
Timing:    5.120us -> Reformatting CopyNode for Input Tensor 0 to (Unnamed Layer* 5) [Pooling]
Timing:    4.096us -> (Unnamed Layer* 5) [Pooling]
Timing:    0.000us -> (Unnamed Layer* 6) [Shuffle] + reshape_before_(Unnamed Layer* 8) [Matrix Multiply]
Timing:   91.136us -> (Unnamed Layer* 8) [Matrix Multiply] + (Unnamed Layer* 11) [Activation]
Timing:   11.264us -> (Unnamed Layer* 13) [Matrix Multiply]
Timing:    0.000us -> reshape_after_(Unnamed Layer* 13) [Matrix Multiply]
Timing:    6.144us -> (Unnamed Layer* 16) [Softmax] + (Unnamed Layer* 17) [TopK]
inputT0
[[[[-0.434 -0.525 -0.382 -0.12  -0.663 -0.842 -0.801 -0.265  0.688 -0.274 -0.606 -0.532 -0.301  0.636  0.845  0.06   0.447  0.244  0.334 -0.226 -0.228 -0.987  0.561  0.024 -0.596  0.724 -0.034
    -0.662]
   [ 0.368  0.029 -0.506  0.634 -0.027  0.012  0.144 -0.955 -0.603  0.187 -0.697  0.98   0.412 -0.154  0.474  0.202  0.678 -0.459  0.547  0.856  0.49   0.087  0.725 -0.078 -0.76   0.331 -0.729
    -0.717]
   [ 0.518 -0.054 -0.388 -0.593 -0.088 -0.912 -0.907  0.134 -0.015 -0.228 -0.203 -0.622  0.208 -0.189  0.387 -0.28  -0.837 -0.732  0.881 -0.417  0.025  0.347 -0.07   0.955  0.301 -0.188 -0.302
     0.012]
   [-0.072 -0.709 -0.966 -0.91   0.836 -0.321  0.357  0.694 -0.127 -0.227  0.385 -0.775  0.909 -0.924 -0.3    0.568  0.785 -0.898  0.062  0.888  0.179  0.197  0.12   0.341 -0.532  0.492  0.812
    -0.858]
   [-0.245  0.64   0.115  0.239 -0.674  0.064  0.216  0.655  0.755 -0.508  0.368 -0.544  0.877  0.84  -0.465 -0.062  0.961 -0.513  0.184 -0.856  0.665 -0.727 -0.085 -0.852 -0.559  0.4   -0.531
    -0.746]
   [ 0.706  0.107  0.993 -0.715 -0.425  0.167  0.704 -0.288 -0.677 -0.88  -0.444  0.766 -0.975 -0.817 -0.807 -0.357 -0.808 -0.126 -0.908  0.382 -0.006 -0.026 -0.809  0.287  0.948 -0.679  0.77
     0.718]
   [-0.478  0.856  0.504  0.927  0.137 -0.339 -0.445  0.86  -0.162  0.327  0.005  0.59   0.984 -0.481 -0.103  0.466  0.097 -0.751 -0.487 -0.292 -0.967 -0.478  0.044  0.888  0.808  0.354  0.731
     0.841]
   [ 0.082 -0.517  0.471  0.025 -0.851  0.093  0.414 -0.292  0.085  0.024  0.16   0.328  0.999  0.303  0.944 -0.27   0.139  0.515  0.95  -0.503  0.47  -0.532 -0.295 -0.693 -0.878 -0.432  0.234
     0.103]
   [-0.116 -0.392 -0.175  0.315  0.173  0.052 -0.31   0.341  0.414 -0.096  0.706 -0.851 -0.263 -0.947  0.395 -0.616 -0.591  0.22   0.114  0.879  0.446 -0.577 -0.411 -0.197 -0.231 -0.821 -0.179
     0.858]
   [-0.907  0.537 -0.709 -0.238  0.711  0.58  -0.406  0.417 -0.548  0.601 -0.367  0.25  -0.724  0.257 -0.722 -0.916 -0.688  0.114  0.318  0.447  0.195  0.113 -0.749  0.341 -0.834  0.25   0.77
     0.514]
   [-0.115 -0.081  0.813 -0.29  -0.146 -0.26   0.141  0.972  0.235  0.443 -0.414 -0.801 -0.885 -0.309 -0.672  0.643  0.031  0.369 -0.211  0.984 -0.489 -0.779 -0.511  0.22   0.798  0.777  0.488
    -0.761]
   [-0.553 -0.72  -0.677  0.497 -0.423  0.9   -0.977 -0.694  0.097  0.96  -0.722 -0.685  0.918 -0.263 -0.835 -0.277 -0.246  0.55   0.782  0.481  0.983 -0.615  0.209  0.059 -0.481  0.475  0.66
    -0.655]
   [ 0.127 -0.58   0.277 -0.326  0.427  0.41  -0.903  0.447  0.562 -0.86   0.019  0.154 -0.482  0.051 -0.098 -0.046 -0.16   0.488  0.984  0.166 -0.197  0.138  0.922  0.878 -0.337 -0.886  0.993
    -0.678]
   [ 0.109 -0.241  0.612  0.244 -0.741  0.66  -0.896 -0.098 -0.483 -0.043  0.759 -0.73   0.63   0.586 -0.198  0.636 -0.946  0.261 -0.545  0.718  0.198 -0.65   0.925  0.522 -0.422 -0.666 -0.461
     0.963]
   [ 0.718 -0.569  0.721 -0.264 -0.561 -0.331  0.442 -0.205  0.213  0.934  0.417  0.806  0.043  0.767  0.039 -0.554  0.268  0.373  0.233  0.574 -0.731  0.415  0.991 -0.34   0.279  0.777 -0.131
    -0.311]
   [ 0.026  0.276 -0.399  0.377 -0.058 -0.159  0.259  0.121 -0.408  0.262  0.997 -0.125  0.239 -0.585  0.607 -0.492 -0.045  0.086 -0.332 -0.883  0.004 -0.04   0.031  0.728  0.925 -0.037 -0.483
     0.99 ]
   [-0.665 -0.671 -0.907 -0.102 -0.983  0.789 -0.211 -0.268  0.172 -0.199 -0.22   0.631 -0.711  0.676  0.641  0.244 -0.069  0.784 -0.39   0.136  0.313  0.026  0.066  0.381  0.288  0.125 -0.23
     0.78 ]
   [ 0.083 -0.492  0.957 -0.824 -0.135  0.545 -0.254 -0.265 -0.715 -0.765 -0.856 -0.793 -0.737  0.176 -0.417 -0.774 -0.272  0.906  0.65  -0.768 -0.647 -0.316 -0.3   -0.762 -0.105 -0.417  0.352
    -0.161]
   [-0.627 -0.031 -0.955  0.674 -0.185  0.569 -0.404  0.948 -0.48   0.461  0.159  0.227  0.316  0.95   0.565  0.922 -0.282 -0.377  0.16  -0.59  -0.219  0.68   0.764 -0.864  0.383  0.929 -0.049
     0.41 ]
   [-0.177 -0.901 -0.197 -0.796  0.086  0.52  -0.902  0.593 -0.958 -0.831  0.649  0.333  0.034  0.24   0.039 -0.635  0.981  0.707 -0.042 -0.582 -0.25  -0.367 -0.423  0.435  0.956  0.455 -0.319
     0.073]
   [-0.811 -0.609  0.123 -0.688  0.655  0.328  0.913 -0.428 -0.333 -0.57   0.942  0.384  0.983  0.915  0.932  0.159  0.229  0.442  0.783 -0.483 -0.354 -0.105 -0.136  0.446  0.325  0.254 -0.749
     0.37 ]
   [-0.123  0.446 -0.114  0.273 -0.949 -0.94  -0.145  0.448  0.437 -0.732  0.222  0.422  0.114  0.797 -0.517  0.98   0.498 -0.428  0.023  0.343 -0.261  0.735  0.801 -0.144  0.483 -0.279 -0.732
    -0.958]
   [ 0.267 -0.309  0.319 -0.864  0.343 -0.5    0.455 -0.214 -0.606  0.293  0.791 -0.775 -0.117  0.366 -0.358  0.301  0.904  0.748  0.264 -0.751 -0.306  0.909 -0.586 -0.914 -0.737 -0.175  0.407
     0.266]
   [ 0.401 -0.835  0.242  0.7    0.67   0.9    0.803  0.557  0.256  0.468 -0.521  0.486 -0.463  0.701  0.952  0.178 -0.666 -0.267  0.841  0.839  0.655  0.624  0.182  0.806 -0.284  0.048  0.459
     0.67 ]
   [ 0.814 -0.353 -0.179  0.335  0.691  0.94   0.756 -0.023 -0.658  0.974 -0.889  0.239 -0.544  0.638  0.055 -0.614  0.94  -0.746  0.808 -0.579 -0.414  0.304 -0.394  0.709  0.857  0.91  -0.945
     0.936]
   [ 0.052 -0.235 -0.408  0.186  0.317  0.222  0.166  0.625  0.438 -0.233 -0.524 -0.541  0.508  0.478  0.993 -0.027  0.885  0.833  0.248  0.247 -0.521  0.398  0.415 -0.59  -0.12  -0.709  0.746
     0.098]
   [-0.362  0.07   0.927  0.695 -0.3    0.277 -0.958  0.295 -0.215 -0.426  0.071  0.407  0.317  0.486  0.146  0.74   0.787  0.861 -0.281 -0.844  0.586  0.694 -0.996 -0.462  0.636  0.324  0.326
     0.408]
   [ 0.371  0.06   0.294  0.925 -0.815  0.331  0.332 -0.36  -0.561 -0.256  0.031  0.285  0.301  0.635  0.716  0.021 -0.467 -0.07  -0.796  0.951 -0.229  0.481  0.234 -0.735 -0.063 -0.434  0.509
    -0.344]]]]
(Unnamed Layer* 17) [TopK]_output_2
[[4]]
