[07/02/2026-03:32:57] [TRT] [I] [MemUsageChange] Init CUDA: CPU +0, GPU +0, now: CPU 43, GPU 1653 (MiB)
[07/02/2026-03:32:58] [TRT] [I] [MemUsageChange] Init builder kernel library: CPU +205, GPU +3, now: CPU 459, GPU 1656 (MiB)
[07/02/2026-03:32:58] [TRT] [I] Local timing cache in use. Profiling results in this builder pass will not be stored.
[07/02/2026-03:32:59] [TRT] [I] Compiler backend is used during engine build.
[07/02/2026-03:33:01] [TRT] [I] Detected 1 inputs and 1 output network tensors.
[07/02/2026-03:33:01] [TRT] [I] Total Host Persistent Memory: 19664 bytes
[07/02/2026-03:33:01] [TRT] [I] Total Device Persistent Memory: 0 bytes
[07/02/2026-03:33:01] [TRT] [I] Max Scratch Memory: 558592 bytes
[07/02/2026-03:33:01] [TRT] [I] [BlockAssignment] Started assigning block shifts. This will take 8 steps to complete.
[07/02/2026-03:33:01] [TRT] [I] [BlockAssignment] Algorithm ShiftNTopDown took 0.01947ms to assign 3 blocks to 8 nodes requiring 633856 bytes.
[07/02/2026-03:33:01] [TRT] [I] Total Activation Memory: 633856 bytes
[07/02/2026-03:33:01] [TRT] [I] Total Weights Memory: 13100672 bytes
[07/02/2026-03:33:01] [TRT] [I] Compiler backend is used during engine execution.
[07/02/2026-03:33:01] [TRT] [I] Engine generation completed in 3.20122 seconds.
[07/02/2026-03:33:01] [TRT] [I] [MemUsageStats] Peak memory usage of TRT CPU/GPU memory allocators: CPU 0 MiB, GPU 13 MiB
[07/02/2026-03:33:01] [TRT] [I] Loaded engine size: 12 MiB
[07/02/2026-03:33:01] [TRT] [I] [MemUsageChange] TensorRT-managed allocation in IExecutionContext creation: CPU +0, GPU +1, now: CPU 0, GPU 13 (MiB)
[07/02/2026-03:33:01] [TRT] [W] Using default stream in enqueueV3() may lead to performance issues due to additional calls to cudaStreamSynchronize() by TensorRT to ensure correct synchronization. Please use non-default stream instead.
[07/02/2026-03:33:02] [TRT] [I] [MemUsageChange] Init builder kernel library: CPU -199, GPU +2, now: CPU 2608, GPU 1710 (MiB)
[07/02/2026-03:33:02] [TRT] [I] Local timing cache in use. Profiling results in this builder pass will not be stored.
[07/02/2026-03:33:03] [TRT] [I] Compiler backend is used during engine build.
[07/02/2026-03:33:04] [TRT] [I] Detected 1 inputs and 1 output network tensors.
[07/02/2026-03:33:04] [TRT] [I] Total Host Persistent Memory: 19600 bytes
[07/02/2026-03:33:04] [TRT] [I] Total Device Persistent Memory: 0 bytes
[07/02/2026-03:33:04] [TRT] [I] Max Scratch Memory: 558592 bytes
[07/02/2026-03:33:04] [TRT] [I] [BlockAssignment] Started assigning block shifts. This will take 8 steps to complete.
[07/02/2026-03:33:04] [TRT] [I] [BlockAssignment] Algorithm ShiftNTopDown took 0.01792ms to assign 3 blocks to 8 nodes requiring 633856 bytes.
[07/02/2026-03:33:04] [TRT] [I] Total Activation Memory: 633856 bytes
[07/02/2026-03:33:04] [TRT] [I] Total Weights Memory: 13100672 bytes
[07/02/2026-03:33:04] [TRT] [I] Compiler backend is used during engine execution.
[07/02/2026-03:33:04] [TRT] [I] Engine generation completed in 2.5834 seconds.
[07/02/2026-03:33:04] [TRT] [I] [MemUsageStats] Peak memory usage of TRT CPU/GPU memory allocators: CPU 0 MiB, GPU 13 MiB
[07/02/2026-03:33:04] [TRT] [I] Loaded engine size: 12 MiB
[07/02/2026-03:33:04] [TRT] [I] [MemUsageChange] TensorRT-managed allocation in IExecutionContext creation: CPU +0, GPU +1, now: CPU 0, GPU 13 (MiB)
[07/02/2026-03:33:04] [TRT] [W] Using default stream in enqueueV3() may lead to performance issues due to additional calls to cudaStreamSynchronize() by TensorRT to ensure correct synchronization. Please use non-default stream instead.
[ 0]Input -> DataType.FLOAT (-1, 1, 28, 28) (1, 1, 28, 28) inputT0
[ 1]Output-> DataType.INT32 (-1, 1) (1, 1) (Unnamed Layer* 17) [TopK]_output (1)
inputT0
[[[[ 0.73  -0.194  0.449  0.206 -0.094  0.399 -0.151  0.162 -0.19  -0.77  -0.754 -0.733  0.664  0.649 -0.366  0.718 -0.124 -0.69   0.699 -0.834 -0.42   0.911 -0.844 -0.761  0.689  0.197  0.61
    -0.028]
   [ 0.072  0.094  0.518  0.714 -0.652  0.01   0.322  0.387  0.837 -0.826  0.905 -0.683 -0.88   0.311  0.337 -0.108 -0.018  0.683 -0.672 -0.982  0.041  0.247 -0.719 -0.49   0.649 -0.143 -0.181
    -0.369]
   [ 0.628 -0.521  0.713 -0.315 -0.711 -0.126  0.143  0.857 -0.531  0.264  0.644 -0.553 -0.918  0.524 -0.165 -0.324 -0.987  0.327 -0.855  0.3    0.63  -0.926 -0.497 -0.035  0.128  0.108  0.655
     0.84 ]
   [-0.202 -0.209 -0.457 -0.143 -0.064 -0.049 -0.534 -0.193 -0.607 -0.396 -0.338 -0.536  0.457 -0.235 -0.428  0.313  0.07   0.333 -0.093  0.599  0.155 -0.296 -0.967  0.632  0.121 -0.612 -0.009
     0.592]
   [-0.6   -0.713  0.616  0.423 -0.183  0.069 -0.556  0.342  0.021  0.592  0.838  0.34   0.186 -0.726  0.2   -0.229  0.304  0.161  0.691 -0.277  0.514  0.383 -0.314  0.875  0.577 -0.151  0.665
    -0.631]
   [-0.885 -0.042  0.329 -0.604  0.095 -0.262  0.027  0.58   0.009 -0.286 -0.823  0.776  0.645 -0.443  0.243 -0.406  0.154 -0.153 -0.126  0.062  0.802  0.13   0.57  -0.568 -0.869 -0.734 -0.478
     0.816]
   [ 0.001 -0.829  0.563  0.269 -0.528  0.612 -0.43   0.321 -0.229 -0.714 -0.339  0.128  0.259 -0.433 -0.855 -0.199  0.874 -0.904  0.142  0.911  0.001 -0.031 -0.26   0.677  0.489 -0.146  0.388
     0.8  ]
   [ 0.467  0.886  0.396 -0.092 -0.323  0.35   0.629 -0.166 -0.437 -0.273 -0.458  0.947  0.4    0.028  0.28  -0.877  0.773  0.579  0.294 -0.232 -0.819  0.197  0.236  0.367 -0.769  0.521 -0.539
     0.805]
   [-0.617  0.799 -0.339  0.533  0.67  -0.804  0.646 -0.501  0.503  0.202  0.972 -0.173  0.532 -0.803  0.128  0.259  0.901 -0.473  0.42   0.525 -0.735  0.493 -0.314 -0.162  0.742 -0.278  0.666
    -0.274]
   [-0.987  0.612  0.207 -0.19   0.994  0.519  0.429 -0.266  0.639  0.469 -0.225  0.854 -0.09   0.352 -0.116 -0.035  0.303 -0.359  0.093  0.373  0.888 -0.172 -0.045  0.199  0.491  0.007 -0.389
    -0.258]
   [-0.102  0.502 -0.968 -0.798 -0.378 -0.94   0.275  0.427 -0.916 -0.984 -0.098  0.201 -0.58   0.796 -0.404  0.768  0.927  0.195 -0.674 -0.753 -0.933 -0.897 -0.829 -0.864 -0.984  0.316  0.036
    -0.859]
   [ 0.268 -0.205 -0.824 -0.713 -0.139 -0.215  0.093 -0.889  0.841 -0.384 -0.964 -0.452 -0.788  0.429  0.663  0.631  0.814 -0.517  0.82  -0.831  0.193  0.875 -0.769 -0.169  0.596 -0.895  0.05
    -0.42 ]
   [-0.55  -0.839  0.211 -0.263  0.282 -0.789 -0.517  0.813 -0.951  0.135  0.673 -0.285  0.605  0.29  -0.778  0.741  0.459  0.147 -0.554 -0.113 -0.471  0.659 -0.236  0.973  0.027 -0.206 -0.037
    -0.952]
   [ 0.103 -0.07   0.237 -0.418 -0.686  0.828 -0.917 -0.948  0.827 -0.368 -0.792  0.89   0.755  0.763 -0.029 -0.554 -0.695 -0.046 -0.04   0.985 -0.916  0.595 -0.902 -0.452  0.968  0.625 -0.273
     0.828]
   [-0.399 -0.16  -0.235 -0.167 -0.271  0.145  0.484 -0.907 -0.164  0.056 -0.774 -0.155 -0.911 -0.671 -0.568  0.843 -0.827  0.25  -0.277  0.553  0.201 -0.195 -0.129 -0.51   0.997 -0.959  0.526
     0.107]
   [ 0.024 -0.066  0.326 -0.028 -0.97  -0.631  0.864 -0.244 -0.57  -0.298 -0.061 -0.953  0.966  0.72   0.307 -0.626  0.902  0.52  -0.255 -0.28  -0.864 -0.446  0.208  0.55  -0.358  0.473 -0.369
     0.961]
   [-0.436  0.379  0.453 -0.726 -0.93  -0.444  0.954  0.29  -0.504  0.139 -0.778  0.196  0.325  0.135 -0.576  0.672  0.274 -0.241 -0.258  0.237 -0.57  -0.778  0.048  0.679  0.174 -0.201  0.173
    -0.52 ]
   [-0.926  0.297 -0.349 -0.921 -0.019 -0.026 -0.816 -0.914  0.461  0.631 -0.618  0.809 -0.83   0.926  0.62  -0.453  0.555 -0.096  0.976  0.163  0.101 -0.292  0.147  0.803 -0.868 -0.942  0.173
     0.307]
   [-0.109  0.028 -0.924  0.955  0.36  -0.887  0.129  0.445  0.697 -0.481  0.503 -0.405 -0.472 -0.548 -0.566  0.408  0.007  0.706 -0.318  0.464 -0.601 -0.943  0.521  0.41   0.322 -0.152  0.58
    -0.717]
   [-0.425  0.439  0.323 -0.292  0.358 -0.996 -0.4    0.365  0.155  0.341  0.211 -0.881 -0.74  -0.721 -0.533 -0.051  0.987  0.239 -0.272  0.183  0.684 -0.705 -0.282  0.394  0.965  0.506  0.302
    -0.222]
   [-0.388 -0.331  0.306  0.157 -0.227 -0.82   0.641  0.105 -0.189 -0.902 -0.438  0.963 -0.695 -0.342  0.433 -0.413  0.918  0.645  0.326  0.018  0.162 -0.5   -0.154 -0.019  0.324  0.899 -0.388
     0.824]
   [ 0.632  0.162  0.903 -0.924 -0.017 -0.111  0.844  0.682 -0.205  0.991  0.894  0.641 -0.914  0.55   0.126 -0.487 -0.964  0.489 -0.866 -0.578  0.595 -0.79  -0.087  0.175  0.494  0.464 -0.192
     0.023]
   [-0.351 -0.334  0.705  0.667 -0.617 -0.984 -0.77  -0.458 -0.654  0.66  -0.167 -0.764  0.855  0.28   0.816  0.232  0.407 -0.851  0.463 -0.753  0.052  0.167 -0.681 -0.025 -0.053 -0.418  0.349
    -0.583]
   [ 0.06  -0.466  0.218 -0.506  0.646  0.354 -0.015 -0.655 -0.482  0.849 -0.963  0.334 -0.413 -0.265  0.149 -0.805  0.592 -0.738 -0.674  0.246 -0.026 -0.084  0.26  -0.856 -0.041  0.542 -0.884
     0.987]
   [ 0.211  0.72  -0.941 -0.473 -0.496  0.947  0.821  0.741 -0.378 -0.474 -0.381 -0.284  0.389  0.323 -0.196  0.322 -0.583 -0.212  0.061 -0.252  0.132  0.83  -0.174  0.381 -0.865 -0.862 -0.446
     0.477]
   [ 0.058 -0.155 -0.983 -0.181 -0.662  0.972  0.564 -0.546 -0.71  -0.742  0.473 -0.34   0.175  0.302 -0.975 -0.563  0.536  0.884 -0.465 -0.756  0.483  0.824  0.833 -0.297  0.28  -0.672  0.093
     0.879]
   [ 0.721 -0.497 -0.999 -0.643 -0.242  0.117  0.726  0.34   0.63  -0.7   -0.937 -0.958 -0.267  0.821 -0.597 -0.334  0.16  -0.994  0.788 -0.766 -0.527 -0.696  0.113 -0.924  0.244 -0.12  -0.248
    -0.099]
   [-0.54   0.912 -0.77  -0.738  0.304 -0.814 -0.329 -0.18   0.77  -0.541  0.614 -0.441 -0.58   0.705 -0.277  0.269  0.43  -0.488  0.843 -0.07   0.692 -0.944  0.598 -0.244 -0.092 -0.437  0.18
     0.486]]]]
(Unnamed Layer* 17) [TopK]_output (1)
[[4]]
Timing:0.349283 ms
[ 0]Input -> DataType.FLOAT (-1, 1, 28, 28) (1, 1, 28, 28) inputT0
[ 1]Output-> DataType.INT32 (-1, 1) (1, 1) (Unnamed Layer* 17) [TopK]_output (1)
inputT0
[[[[ 0.73  -0.194  0.449  0.206 -0.094  0.399 -0.151  0.162 -0.19  -0.77  -0.754 -0.733  0.664  0.649 -0.366  0.718 -0.124 -0.69   0.699 -0.834 -0.42   0.911 -0.844 -0.761  0.689  0.197  0.61
    -0.028]
   [ 0.072  0.094  0.518  0.714 -0.652  0.01   0.322  0.387  0.837 -0.826  0.905 -0.683 -0.88   0.311  0.337 -0.108 -0.018  0.683 -0.672 -0.982  0.041  0.247 -0.719 -0.49   0.649 -0.143 -0.181
    -0.369]
   [ 0.628 -0.521  0.713 -0.315 -0.711 -0.126  0.143  0.857 -0.531  0.264  0.644 -0.553 -0.918  0.524 -0.165 -0.324 -0.987  0.327 -0.855  0.3    0.63  -0.926 -0.497 -0.035  0.128  0.108  0.655
     0.84 ]
   [-0.202 -0.209 -0.457 -0.143 -0.064 -0.049 -0.534 -0.193 -0.607 -0.396 -0.338 -0.536  0.457 -0.235 -0.428  0.313  0.07   0.333 -0.093  0.599  0.155 -0.296 -0.967  0.632  0.121 -0.612 -0.009
     0.592]
   [-0.6   -0.713  0.616  0.423 -0.183  0.069 -0.556  0.342  0.021  0.592  0.838  0.34   0.186 -0.726  0.2   -0.229  0.304  0.161  0.691 -0.277  0.514  0.383 -0.314  0.875  0.577 -0.151  0.665
    -0.631]
   [-0.885 -0.042  0.329 -0.604  0.095 -0.262  0.027  0.58   0.009 -0.286 -0.823  0.776  0.645 -0.443  0.243 -0.406  0.154 -0.153 -0.126  0.062  0.802  0.13   0.57  -0.568 -0.869 -0.734 -0.478
     0.816]
   [ 0.001 -0.829  0.563  0.269 -0.528  0.612 -0.43   0.321 -0.229 -0.714 -0.339  0.128  0.259 -0.433 -0.855 -0.199  0.874 -0.904  0.142  0.911  0.001 -0.031 -0.26   0.677  0.489 -0.146  0.388
     0.8  ]
   [ 0.467  0.886  0.396 -0.092 -0.323  0.35   0.629 -0.166 -0.437 -0.273 -0.458  0.947  0.4    0.028  0.28  -0.877  0.773  0.579  0.294 -0.232 -0.819  0.197  0.236  0.367 -0.769  0.521 -0.539
     0.805]
   [-0.617  0.799 -0.339  0.533  0.67  -0.804  0.646 -0.501  0.503  0.202  0.972 -0.173  0.532 -0.803  0.128  0.259  0.901 -0.473  0.42   0.525 -0.735  0.493 -0.314 -0.162  0.742 -0.278  0.666
    -0.274]
   [-0.987  0.612  0.207 -0.19   0.994  0.519  0.429 -0.266  0.639  0.469 -0.225  0.854 -0.09   0.352 -0.116 -0.035  0.303 -0.359  0.093  0.373  0.888 -0.172 -0.045  0.199  0.491  0.007 -0.389
    -0.258]
   [-0.102  0.502 -0.968 -0.798 -0.378 -0.94   0.275  0.427 -0.916 -0.984 -0.098  0.201 -0.58   0.796 -0.404  0.768  0.927  0.195 -0.674 -0.753 -0.933 -0.897 -0.829 -0.864 -0.984  0.316  0.036
    -0.859]
   [ 0.268 -0.205 -0.824 -0.713 -0.139 -0.215  0.093 -0.889  0.841 -0.384 -0.964 -0.452 -0.788  0.429  0.663  0.631  0.814 -0.517  0.82  -0.831  0.193  0.875 -0.769 -0.169  0.596 -0.895  0.05
    -0.42 ]
   [-0.55  -0.839  0.211 -0.263  0.282 -0.789 -0.517  0.813 -0.951  0.135  0.673 -0.285  0.605  0.29  -0.778  0.741  0.459  0.147 -0.554 -0.113 -0.471  0.659 -0.236  0.973  0.027 -0.206 -0.037
    -0.952]
   [ 0.103 -0.07   0.237 -0.418 -0.686  0.828 -0.917 -0.948  0.827 -0.368 -0.792  0.89   0.755  0.763 -0.029 -0.554 -0.695 -0.046 -0.04   0.985 -0.916  0.595 -0.902 -0.452  0.968  0.625 -0.273
     0.828]
   [-0.399 -0.16  -0.235 -0.167 -0.271  0.145  0.484 -0.907 -0.164  0.056 -0.774 -0.155 -0.911 -0.671 -0.568  0.843 -0.827  0.25  -0.277  0.553  0.201 -0.195 -0.129 -0.51   0.997 -0.959  0.526
     0.107]
   [ 0.024 -0.066  0.326 -0.028 -0.97  -0.631  0.864 -0.244 -0.57  -0.298 -0.061 -0.953  0.966  0.72   0.307 -0.626  0.902  0.52  -0.255 -0.28  -0.864 -0.446  0.208  0.55  -0.358  0.473 -0.369
     0.961]
   [-0.436  0.379  0.453 -0.726 -0.93  -0.444  0.954  0.29  -0.504  0.139 -0.778  0.196  0.325  0.135 -0.576  0.672  0.274 -0.241 -0.258  0.237 -0.57  -0.778  0.048  0.679  0.174 -0.201  0.173
    -0.52 ]
   [-0.926  0.297 -0.349 -0.921 -0.019 -0.026 -0.816 -0.914  0.461  0.631 -0.618  0.809 -0.83   0.926  0.62  -0.453  0.555 -0.096  0.976  0.163  0.101 -0.292  0.147  0.803 -0.868 -0.942  0.173
     0.307]
   [-0.109  0.028 -0.924  0.955  0.36  -0.887  0.129  0.445  0.697 -0.481  0.503 -0.405 -0.472 -0.548 -0.566  0.408  0.007  0.706 -0.318  0.464 -0.601 -0.943  0.521  0.41   0.322 -0.152  0.58
    -0.717]
   [-0.425  0.439  0.323 -0.292  0.358 -0.996 -0.4    0.365  0.155  0.341  0.211 -0.881 -0.74  -0.721 -0.533 -0.051  0.987  0.239 -0.272  0.183  0.684 -0.705 -0.282  0.394  0.965  0.506  0.302
    -0.222]
   [-0.388 -0.331  0.306  0.157 -0.227 -0.82   0.641  0.105 -0.189 -0.902 -0.438  0.963 -0.695 -0.342  0.433 -0.413  0.918  0.645  0.326  0.018  0.162 -0.5   -0.154 -0.019  0.324  0.899 -0.388
     0.824]
   [ 0.632  0.162  0.903 -0.924 -0.017 -0.111  0.844  0.682 -0.205  0.991  0.894  0.641 -0.914  0.55   0.126 -0.487 -0.964  0.489 -0.866 -0.578  0.595 -0.79  -0.087  0.175  0.494  0.464 -0.192
     0.023]
   [-0.351 -0.334  0.705  0.667 -0.617 -0.984 -0.77  -0.458 -0.654  0.66  -0.167 -0.764  0.855  0.28   0.816  0.232  0.407 -0.851  0.463 -0.753  0.052  0.167 -0.681 -0.025 -0.053 -0.418  0.349
    -0.583]
   [ 0.06  -0.466  0.218 -0.506  0.646  0.354 -0.015 -0.655 -0.482  0.849 -0.963  0.334 -0.413 -0.265  0.149 -0.805  0.592 -0.738 -0.674  0.246 -0.026 -0.084  0.26  -0.856 -0.041  0.542 -0.884
     0.987]
   [ 0.211  0.72  -0.941 -0.473 -0.496  0.947  0.821  0.741 -0.378 -0.474 -0.381 -0.284  0.389  0.323 -0.196  0.322 -0.583 -0.212  0.061 -0.252  0.132  0.83  -0.174  0.381 -0.865 -0.862 -0.446
     0.477]
   [ 0.058 -0.155 -0.983 -0.181 -0.662  0.972  0.564 -0.546 -0.71  -0.742  0.473 -0.34   0.175  0.302 -0.975 -0.563  0.536  0.884 -0.465 -0.756  0.483  0.824  0.833 -0.297  0.28  -0.672  0.093
     0.879]
   [ 0.721 -0.497 -0.999 -0.643 -0.242  0.117  0.726  0.34   0.63  -0.7   -0.937 -0.958 -0.267  0.821 -0.597 -0.334  0.16  -0.994  0.788 -0.766 -0.527 -0.696  0.113 -0.924  0.244 -0.12  -0.248
    -0.099]
   [-0.54   0.912 -0.77  -0.738  0.304 -0.814 -0.329 -0.18   0.77  -0.541  0.614 -0.441 -0.58   0.705 -0.277  0.269  0.43  -0.488  0.843 -0.07   0.692 -0.944  0.598 -0.244 -0.092 -0.437  0.18
     0.486]]]]
(Unnamed Layer* 17) [TopK]_output (1)
[[2]]
Timing:0.378132 ms
