[TensorRT-Cookbook] Version: 0.2.0
[04/30/2026-18:05:02] [TRT] [W] Using default stream in enqueueV3() may lead to performance issues due to additional calls to cudaStreamSynchronize() by TensorRT to ensure correct synchronization. Please use non-default stream instead.
    [enqueue]Try FP32 kernel
[04/30/2026-18:05:03] [TRT] [W] Using default stream in enqueueV3() may lead to performance issues due to additional calls to cudaStreamSynchronize() by TensorRT to ensure correct synchronization. Please use non-default stream instead.
============================== Start [case_int8_qdq_plugin_skeleton,(),{}]
Input ->DataType.FLOAT, (1, 8), (1, 8), inputT0
Output->DataType.FLOAT, (1, 8), (1, 8), outputT0
inputT0
[[0. 1. 2. 3. 4. 5. 6. 7.]]
outputT0
[[1. 2. 3. 4. 5. 6. 7. 8.]]
[check]:True,maxAbsDiff=0.00e+00,meanAbsDiff=0.00e+00,maxRelDiff=0.00e+00,meanRelDiff=0.00e+00
    worstPair=(1.0:1.0)@[np.int64(0), np.int64(0)]
============================== End   [case_int8_qdq_plugin_skeleton]
============================== Start [case_int8_qdq_plugin_skeleton,(),{}]
Input ->DataType.FLOAT, (1, 8), (1, 8), inputT0
Output->DataType.FLOAT, (1, 8), (1, 8), outputT0
inputT0
[[0. 1. 2. 3. 4. 5. 6. 7.]]
outputT0
[[1. 2. 3. 4. 5. 6. 7. 8.]]
[check]:True,maxAbsDiff=0.00e+00,meanAbsDiff=0.00e+00,maxRelDiff=0.00e+00,meanRelDiff=0.00e+00
    worstPair=(1.0:1.0)@[np.int64(0), np.int64(0)]
============================== End   [case_int8_qdq_plugin_skeleton]
Finish
    [enqueue]Try FP32 kernel
