[TensorRT-Cookbook] Version: 0.1.0
[04/24/2026-01:38:46] [TRT] [W] Using default stream in enqueueV3() may lead to performance issues due to additional calls to cudaStreamSynchronize() by TensorRT to ensure correct synchronization. Please use non-default stream instead.
============================== Start [case_simple,(),{}]
Input ->DataType.FLOAT, (3, 4, 5), (3, 4, 5), tensor
Input ->DataType.INT32, (3, 4, 1), (3, 4, 1), tensor1
Output->DataType.FLOAT, (3, 4, 5), (3, 4, 5), (Unnamed Layer* 0) [Ragged SoftMax]_output
tensor
[[[1. 1. 1. 1. 1.]
  [1. 1. 1. 1. 1.]
  [1. 1. 1. 1. 1.]
  [1. 1. 1. 1. 1.]]

 [[1. 1. 1. 1. 1.]
  [1. 1. 1. 1. 1.]
  [1. 1. 1. 1. 1.]
  [1. 1. 1. 1. 1.]]

 [[1. 1. 1. 1. 1.]
  [1. 1. 1. 1. 1.]
  [1. 1. 1. 1. 1.]
  [1. 1. 1. 1. 1.]]]
tensor1
[[[0]
  [2]
  [4]
  [6]]

 [[0]
  [2]
  [4]
  [6]]

 [[0]
  [2]
  [4]
  [6]]]
(Unnamed Layer* 0) [Ragged SoftMax]_output
[[[0.         0.         0.         0.         0.        ]
  [0.5        0.5        0.         0.         0.        ]
  [0.25       0.25       0.25       0.25       0.        ]
  [0.16666667 0.16666667 0.16666667 0.16666667 0.16666667]]

 [[0.         0.         0.         0.         0.        ]
  [0.5        0.5        0.         0.         0.        ]
  [0.25       0.25       0.25       0.25       0.        ]
  [0.16666667 0.16666667 0.16666667 0.16666667 0.16666667]]

 [[0.         0.         0.         0.         0.        ]
  [0.5        0.5        0.         0.         0.        ]
  [0.25       0.25       0.25       0.25       0.        ]
  [0.1862933  0.1862933  0.1862933  0.1862933  0.1862933 ]]]
============================== End   [case_simple]
Finish
