[V] Loaded Module: polygraphy | Version: 0.49.26 | Path: ['/usr/local/lib/python3.12/dist-packages/polygraphy']
[V] Starting shape inference
[V] Loaded Module: onnx | Version: 1.18.0 | Path: ['/usr/local/lib/python3.12/dist-packages/onnx']
[I] Loading model: /work/github/trt-samples-for-hackathon-cn-wili/cookbook/00-Data/model/model-trained.onnx
[V] Loaded Module: onnxruntime.tools.symbolic_shape_infer
[V] Inferred shapes in the model with `onnxruntime.tools.symbolic_shape_infer`.
    Note: To force Polygraphy to use `onnx.shape_inference` instead, set `allow_onnxruntime=False` or use the `--no-onnxruntime-shape-inference` command-line option.
[V] Shape inference completed successfully
[V] Loaded Module: polygraphy.backend.onnx.util
[V] Loaded Module: onnx.numpy_helper
[I] ==== ONNX Model ====
    Name: main_graph | ONNX Opset: 18

    ---- 1 Graph Input(s) ----
    {x [dtype=float32, shape=('nBS', 1, 28, 28)]}

    ---- 2 Graph Output(s) ----
    {y [dtype=float32, shape=('nBS', 10)],
     z [dtype=int64, shape=('nBS',)]}

    ---- 9 Initializer(s) ----
    Initializer | conv1.weight [dtype=float32, shape=[32, 1, 5, 5]] | Values:
        [[[[ 0.14425282  0.03081407 -0.02416015 -0.06947041 -0.19486248]
           [-0.09189754 -0.04502386  0.1555867   0.02366813 -0.07508937]
           [-0.00873843  0.03245685 -0.01166937  0.06245925  0.12455671]
           [ 0.0805057  -0.16044344 -0.05051542 -0.04733379 -0.1616041 ]
           [ 0.1162689  -0.05308666 -0.0545565   0.16796722  0.14994991]]]


         [[[-0.07441145 -0.08002929  0.00966871  0.01655604  0.05910624]
           [-0.05946665 -0.15475139 -0.03987052  0.13021031 -0.0855554 ]
           [ 0.03611694  0.04002866 -0.09510061 -0.20396443  0.18082912]
           [ 0.05752397  0.00934512  0.13791183  0.09075736  0.16620603]
           [ 0.04394277 -0.17644992 -0.15114944  0.18147646  0.15185954]]]


         [[[ 0.0302399   0.05444716  0.09080621  0.09442156  0.05213569]
           [ 0.06730334  0.06903815 -0.13160148  0.02480152 -0.07899552]
           [ 0.08928407 -0.16261853  0.01209893  0.18343396 -0.02440339]
           [ 0.14457816 -0.0755442   0.1124642   0.00722808  0.1228167 ]
           [-0.0425144  -0.1453703  -0.10602223  0.12261089 -0.01637546]]]


         [[[ 0.11851022  0.03193019 -0.13416626 -0.14568117  0.1536003 ]
           [ 0.09355986  0.16150673  0.11671722 -0.11606225 -0.1426991 ]
           [-0.02398166 -0.07659823 -0.1812055   0.13623205  0.02015638]
           [ 0.12995578  0.08394317  0.08595502 -0.20764406  0.09671833]
           [-0.18790622  0.13869165  0.01924257  0.16262782 -0.00113583]]]


         [[[ 0.00964719  0.05175461  0.11090761  0.02444894  0.14053984]
           [-0.18730508  0.07579289  0.16388884  0.03143666  0.01006187]
           [ 0.13445204  0.13089755 -0.03908398  0.08498631 -0.1566188 ]
           [-0.04066504  0.12938148  0.10954206  0.05951571 -0.16465117]
           [ 0.05599231  0.14546049  0.07239287 -0.06301797  0.00432135]]]


         [[[-0.19107392  0.0441206  -0.03341445 -0.10631569 -0.12492903]
           [ 0.1924938   0.07473275  0.01667244 -0.06429993  0.02577032]
           [ 0.04965679 -0.08482939 -0.16834374 -0.13631624  0.03914315]
           [ 0.06693116  0.08830803 -0.01219961  0.02070021 -0.01633256]
           [-0.11298478 -0.00513143  0.18245243  0.04333309 -0.17808509]]]


         [[[-0.058391    0.07998843 -0.16845812  0.13417159 -0.09995432]
           [ 0.17060986 -0.10127294  0.05851128 -0.06758066  0.10650416]
           [-0.19790687 -0.1943803   0.05074203  0.16498588  0.06924319]
           [-0.17068087  0.12190729 -0.02455842  0.1915007  -0.08060297]
           [-0.19022834 -0.12081265 -0.15292302  0.15048161 -0.01959212]]]


         [[[ 0.10419311  0.04216521 -0.01891586 -0.08897699 -0.06973722]
           [ 0.1523191   0.08962473 -0.17620793 -0.15059558 -0.0232451 ]
           [ 0.03481229 -0.09283965 -0.01950067  0.18621553 -0.00203169]
           [ 0.02229015 -0.03135863  0.03026377 -0.13186821  0.14103456]
           [ 0.14099371 -0.06793347 -0.08669949 -0.10972948  0.12789632]]]


         [[[-0.17025393 -0.19090487  0.15204692  0.0608443   0.1313025 ]
           [ 0.05673534 -0.05338625  0.09854962 -0.17206545  0.0640987 ]
           [-0.17829357 -0.19920526  0.1770271  -0.11814744  0.01352963]
           [-0.06592569  0.02774375 -0.07438777  0.07505504  0.15209101]
           [ 0.08413131  0.05589673  0.0976511  -0.09477634  0.09721307]]]


         [[[-0.08633786 -0.1732414  -0.09851999  0.11730063  0.09930054]
           [ 0.08068558 -0.01649228 -0.17956498  0.04587994 -0.05648703]
           [ 0.17308646  0.02233123 -0.04593518 -0.14264353 -0.05411969]
           [-0.10574545 -0.12270225  0.04665987 -0.08978064  0.18346146]
           [ 0.17969377 -0.14894375  0.13985184  0.08432984 -0.06474614]]]


         [[[-0.15420471 -0.17348956 -0.04930456  0.14285667  0.15601873]
           [ 0.12806943  0.05775981  0.05480211 -0.0267793   0.03019285]
           [-0.14415434  0.13543771  0.07147694 -0.1950204  -0.01911923]
           [-0.02256913  0.08733106  0.02392757  0.12614112  0.12806049]
           [-0.13890131 -0.11948892  0.06607555  0.01901359  0.02825411]]]


         [[[-0.12968925  0.06761334  0.06911188  0.04493332 -0.00792375]
           [-0.03528545  0.10509666  0.19022618 -0.05052    -0.05171182]
           [-0.11807849 -0.07736304 -0.14368698 -0.01570441 -0.2125057 ]
           [ 0.03940231  0.17052855 -0.133038    0.03746315 -0.0563019 ]
           [-0.03482213 -0.1390278  -0.20011955  0.11714426 -0.20042442]]]


         [[[-0.0008901  -0.11236269  0.12325708  0.11144616  0.11315043]
           [ 0.11952204 -0.1298847   0.11347328  0.01510363 -0.05382494]
           [ 0.19321816  0.03231477 -0.01633933 -0.18075484 -0.11338403]
           [ 0.14114301 -0.12011243 -0.03418132  0.04606739  0.10735396]
           [-0.18961096  0.11132982  0.02902446  0.14930888  0.12503222]]]


         [[[ 0.00264005  0.15137297 -0.1697209  -0.11383604  0.15793772]
           [ 0.15862088  0.03208398  0.17685859  0.00356118  0.13808526]
           [-0.06179293 -0.17616965 -0.01911087  0.11394881 -0.05818127]
           [ 0.11025114 -0.0567187  -0.10068461  0.07226893 -0.05853197]
           [ 0.11240812 -0.18771993  0.10355481 -0.08992516 -0.07584194]]]


         [[[ 0.11091    -0.03451851 -0.05251344 -0.14768858 -0.0727263 ]
           [ 0.05990321 -0.08569975 -0.15516819  0.10552225  0.1799216 ]
           [-0.14768927  0.13687359 -0.0852733   0.18366578 -0.02143768]
           [ 0.09484589 -0.16791004  0.06164661  0.10670413  0.09290326]
           [-0.06523886 -0.082689   -0.19971076  0.04215461 -0.02374644]]]


         [[[ 0.04978172 -0.17262779 -0.00685658  0.12709044  0.05498222]
           [ 0.01294356  0.04278529 -0.15631935  0.06462396  0.14475521]
           [ 0.14554417 -0.19130014 -0.00289543  0.18385272 -0.18230696]
           [-0.12526055 -0.16227822 -0.18920709  0.18412957 -0.07312218]
           [ 0.12840284  0.10531874 -0.16005802 -0.19525108  0.08151335]]]


         [[[ 0.04435281 -0.10250961 -0.15544122  0.11479104  0.07057145]
           [ 0.12500957  0.14232089 -0.01034542  0.08755418 -0.0717393 ]
           [-0.19767265 -0.14695977 -0.12239128  0.06277544  0.04240776]
           [-0.16822572 -0.07420219 -0.10277781 -0.10269134  0.13348764]
           [ 0.02775368  0.02104014 -0.00451007 -0.05390533 -0.02769598]]]


         [[[ 0.02583902  0.06320181 -0.19569935 -0.12643653 -0.21153471]
           [-0.10388945  0.16479808 -0.01436224  0.07184526  0.04829328]
           [ 0.10250734 -0.18875489 -0.07017475 -0.02856798  0.17403923]
           [-0.12001524  0.18583232 -0.10209888 -0.02946541  0.08154937]
           [ 0.15357481  0.03400023  0.13186052  0.11814203  0.11299025]]]


         [[[-0.14343123 -0.13391313  0.0547872  -0.02424901 -0.06959514]
           [ 0.06379515  0.12801011 -0.02864758  0.02747405  0.0155181 ]
           [ 0.15903497  0.14729646  0.06239903 -0.18885767  0.05813265]
           [-0.02044106  0.1679981   0.16924284  0.19897258 -0.07710188]
           [-0.05964605  0.10601771 -0.05335466 -0.11431275 -0.15759365]]]


         [[[-0.15621728  0.07615364 -0.16068296  0.09742999 -0.06445023]
           [ 0.16452457  0.10300316 -0.04109864  0.08335853  0.14418472]
           [ 0.1257692   0.02408479 -0.11506044  0.15329763 -0.07542302]
           [ 0.00801869  0.1358012   0.03619754 -0.03338963  0.05129185]
           [-0.01815172  0.15294711 -0.19577426  0.16359276 -0.0523824 ]]]


         [[[-0.03690514 -0.16444822 -0.02971151 -0.09024965 -0.00102861]
           [ 0.02450238  0.17492853 -0.10653906  0.0512055  -0.00999587]
           [ 0.15887031  0.11019862  0.09978054 -0.2015024   0.08946257]
           [ 0.00460602 -0.14383712 -0.0757842  -0.0319541  -0.15083429]
           [-0.10972644 -0.01735141 -0.0608013  -0.07205384 -0.08356895]]]


         [[[-0.1331012   0.04163788 -0.03054661  0.17838573  0.04858993]
           [-0.06300108 -0.18202944 -0.08486772 -0.17739871  0.11900686]
           [ 0.12524283 -0.08440027  0.02669327 -0.15157007 -0.05141405]
           [ 0.08861151  0.0514372   0.12103266 -0.20679186 -0.0861498 ]
           [-0.0433207  -0.13675241  0.13303122 -0.10472857 -0.0512228 ]]]


         [[[ 0.11312411 -0.06991201  0.06550527  0.14359117  0.16418314]
           [-0.01274509  0.0347931   0.18254103  0.0901549   0.08713739]
           [-0.12058884 -0.04018387  0.02577188 -0.12804365 -0.13405177]
           [ 0.03842887  0.05447734 -0.17457466  0.11624817  0.02988506]
           [-0.15789701 -0.16429539  0.11230686  0.15324104  0.02590947]]]


         [[[-0.04581563 -0.02131739 -0.03257929  0.17960142 -0.04283795]
           [-0.07202734 -0.03824501  0.09299576 -0.09046603  0.08609043]
           [-0.03176484 -0.09204311 -0.14266612  0.03377213  0.09021737]
           [-0.10555022 -0.12243704  0.09878281  0.03770204  0.03909952]
           [ 0.00302176 -0.10060209 -0.0238419   0.18497331  0.09191703]]]


         [[[ 0.1847596  -0.17589942 -0.22730541  0.09742879 -0.0866944 ]
           [ 0.1249221  -0.21808371  0.17177469  0.06046144  0.0562873 ]
           [ 0.11181486 -0.21591268 -0.17700228  0.05167498 -0.03896567]
           [-0.16136916 -0.00378738  0.00431094 -0.05436169 -0.12466489]
           [ 0.07001053 -0.04377805 -0.12866569 -0.05388778  0.09191538]]]


         [[[ 0.14228185 -0.07871459 -0.1294737  -0.0240183   0.07183874]
           [-0.17799652 -0.01918267 -0.10459498  0.18805093  0.09237836]
           [ 0.19087942  0.18467411 -0.07357857 -0.15317489  0.13454472]
           [-0.18337084 -0.12801635  0.09381859 -0.06358491 -0.04622918]
           [-0.05269884 -0.00303295 -0.16315235  0.16904254  0.09149736]]]


         [[[ 0.18414623 -0.11982335 -0.08666941 -0.06623553 -0.07952574]
           [-0.01448659  0.07302782  0.13714655 -0.04669792 -0.10739399]
           [ 0.00928307 -0.16330433 -0.03443458 -0.15906553 -0.09793219]
           [ 0.03510545  0.04516509  0.16994049 -0.0882698   0.13942507]
           [ 0.14192015  0.18552555  0.02741427  0.14710352 -0.08674407]]]


         [[[-0.17930123  0.0025113  -0.1405029  -0.04960911 -0.1531285 ]
           [ 0.09787304 -0.00886059  0.0311961  -0.07813294  0.17394735]
           [ 0.11230453 -0.14887084 -0.07542244  0.01792399  0.0891032 ]
           [ 0.05628292 -0.00305272 -0.0337092   0.08131197 -0.15670109]
           [ 0.15159406 -0.16865899 -0.07271928 -0.0874296   0.07152368]]]


         [[[-0.17936902  0.1252656   0.02512808 -0.13481651 -0.15244333]
           [-0.05188125  0.19858289  0.00545395  0.13489047 -0.1499957 ]
           [-0.02384226 -0.07426227 -0.05097818  0.0876802  -0.05057753]
           [-0.05356035 -0.19685921  0.02412518  0.17765678  0.15786149]
           [-0.07791149 -0.00818951 -0.18729793 -0.15894829 -0.01068251]]]


         [[[ 0.17793468 -0.15415964 -0.08813025  0.08383763 -0.16089582]
           [ 0.08681487  0.15796922  0.1372425   0.0632715   0.04576242]
           [-0.01722695 -0.05634532 -0.02503698 -0.03979776 -0.02931404]
           [-0.16128862 -0.06614592 -0.0396903  -0.0912701  -0.05690993]
           [ 0.05875747 -0.01332157 -0.14307612  0.03646329  0.16104795]]]


         [[[ 0.08496179 -0.07089327  0.01769594  0.12348383  0.04363694]
           [-0.05694974  0.16365515  0.07889457 -0.07222793  0.15972076]
           [-0.07738275  0.01730447 -0.13099816  0.0378904  -0.1450533 ]
           [-0.14842904  0.12616873 -0.13192298 -0.13189742 -0.01932022]
           [ 0.00313264 -0.01392226  0.07403439  0.10785083  0.04304883]]]


         [[[ 0.13093147 -0.19582295 -0.18325503  0.13115032  0.07824204]
           [ 0.11038148  0.11445022 -0.05905423  0.00277609  0.16348921]
           [ 0.18497962  0.14708102 -0.04230077 -0.1481597  -0.12534021]
           [ 0.13729833  0.15609042 -0.17938358 -0.05983749 -0.2052961 ]
           [ 0.06620519  0.0509433   0.17672801  0.0040861  -0.07866966]]]]

    Initializer | conv1.bias [dtype=float32, shape=[32]] | Values:
        [ 0.1581641  -0.07401273 -0.19404012 -0.18741624  0.1599998  -0.15240106
         -0.10360127 -0.19443303  0.09682197 -0.03490824 -0.15501732  0.16717377
          0.12332135 -0.18911728  0.1773059  -0.08308118  0.19622888 -0.03860844
         -0.01180898 -0.06562616 -0.07096887  0.10713689 -0.09868818 -0.05794285
         -0.07337479  0.17912035 -0.04740842  0.12951751  0.0659231   0.15656002
          0.04279087  0.03223195]

    Initializer | conv2.weight [dtype=float32, shape=[64, 32, 5, 5]] | Values:
        [[[[-4.29373384e-02  2.30461210e-02 -3.36697348e-03 -3.22465561e-02
            -4.35604826e-02]
           [-1.19177913e-02  1.03985239e-02 -7.54987495e-03  1.98160950e-02
            -2.17516944e-02]
           [-1.02020316e-02 -4.37034294e-02 -4.75500450e-02 -6.59696152e-03
            -2.92203687e-02]
           [-1.75659638e-02 -4.28279676e-02 -4.30941395e-02 -3.63370627e-02
            -3.09505165e-02]
           [-3.45346518e-02 -3.07551231e-02  8.83991271e-03 -9.96203534e-03
            -2.69987099e-02]]

          [[-3.92894214e-03  9.14066005e-03  1.53001007e-02 -1.33094303e-02
             9.09841247e-03]
           [-2.48584040e-02 -2.47110110e-02 -4.15456146e-02 -1.05359890e-02
            -2.07477640e-02]
           [-4.11855876e-02 -2.39521079e-02 -3.75440530e-02 -9.78765357e-03
             3.63312056e-03]
           [ 1.74269527e-02 -6.12148177e-03 -4.66760211e-02 -2.43082456e-02
             3.11724562e-02]
           [ 1.47273345e-03  4.88303555e-03 -3.51267755e-02  2.82895146e-03
             4.25328277e-02]]

          [[-1.10945422e-02 -5.93467662e-03 -3.62975933e-02 -2.74307206e-02
            -2.89643500e-02]
           [-2.06254106e-02 -2.60592438e-02  3.94539675e-03 -2.49470565e-02
            -1.96352992e-02]
           [-1.45101557e-02 -2.49512997e-02  1.67649686e-02  6.27693080e-04
            -1.28124356e-02]
           [-1.47916172e-02 -1.57697015e-02 -3.89757380e-02 -1.39308833e-02
            -1.99962948e-02]
           [-2.74577904e-02 -2.85332091e-02 -3.04624578e-03  2.44861636e-02
            -1.71573311e-02]]

          ...

          [[-2.09045671e-02  1.32023515e-02  1.54882446e-02  5.91990212e-03
            -1.43626714e-02]
           [ 2.15237252e-02 -3.59973148e-03 -3.78775410e-02 -1.14834076e-03
             8.92853830e-03]
           [ 5.73613727e-03 -2.21917406e-02 -7.41424412e-03 -1.97920334e-02
             1.60008613e-02]
           [-2.47411849e-03 -2.49090865e-02  6.72020391e-03 -1.93161294e-02
             1.07023055e-02]
           [-1.75820254e-02 -8.42288788e-03 -3.32569033e-02 -3.10367048e-02
             4.60511036e-02]]

          [[-3.80209880e-03 -3.66317369e-02 -1.73644070e-02 -2.88378019e-02
             2.26111896e-02]
           [-4.57096174e-02 -1.56018985e-02 -3.36580053e-02 -3.23294215e-02
            -1.07259990e-03]
           [ 1.75452437e-02  9.86304041e-03  6.21098839e-03 -6.36667293e-03
            -1.10196453e-02]
           [ 1.29069174e-02  1.43808359e-02 -3.05919107e-02 -2.60057636e-02
            -2.75088288e-02]
           [ 5.42706717e-03 -9.93761700e-03 -2.31281407e-02 -1.69591103e-02
            -2.11326759e-02]]

          [[-4.29321788e-02 -1.89607474e-03 -2.06762869e-02  2.45134179e-02
            -2.41877027e-02]
           [ 1.44825103e-02  5.65108890e-03 -2.15477515e-02 -3.69326174e-02
            -3.26204784e-02]
           [-1.72075129e-03 -3.87073793e-02  1.08894566e-02 -4.75933068e-02
             1.26979202e-02]
           [-1.37133580e-02 -1.21499635e-02  1.90876946e-02 -4.68334220e-02
             7.48084206e-03]
           [ 3.83577030e-03 -3.23461257e-02 -3.02006286e-02 -4.26313542e-02
            -3.88064459e-02]]]


         [[[-1.72689408e-02  1.59337707e-02  1.49681922e-02 -1.64919440e-02
             1.42907398e-02]
           [-1.25301927e-02 -3.77277508e-02  1.09600434e-02  1.74321290e-02
            -3.02003957e-02]
           [ 1.03215885e-03 -1.58812683e-02  2.14512423e-02 -3.43106836e-02
            -8.31231102e-03]
           [ 2.06066035e-02 -1.81143600e-02  2.42797360e-02 -1.65781155e-02
            -3.80322933e-02]
           [-3.85771170e-02 -1.58472825e-02  1.81683674e-02  1.85653362e-02
            -2.26648003e-02]]

          [[-3.09711248e-02 -2.91357301e-02 -2.31318120e-02 -5.01420768e-03
             2.01148838e-02]
           [-9.27472208e-03 -4.05084006e-02 -3.40254903e-02  1.95891894e-02
            -3.16320546e-02]
           [-3.41318473e-02 -2.72679310e-02  1.57913857e-03 -1.96526852e-02
            -1.28195528e-02]
           [-7.42982561e-03 -2.62850709e-03 -3.42057943e-02  1.16793402e-02
             1.96756106e-02]
           [ 4.69587278e-03 -1.00838684e-03 -1.82915404e-02  2.21505156e-03
             1.71111226e-02]]

          [[-1.95444468e-02 -1.58708487e-02  2.27275025e-02  1.51471468e-02
            -2.77104205e-03]
           [-3.58269811e-02  1.59195922e-02  6.94624940e-03 -1.27930520e-02
             1.06430249e-02]
           [ 6.95878349e-04 -1.85531918e-02  2.24790610e-02 -4.18351851e-02
             5.83166769e-03]
           [-2.68141832e-02 -4.10257578e-02 -1.29415598e-02  2.11401582e-02
             1.62413623e-02]
           [-4.29483764e-02 -9.70833935e-03  1.00707393e-02 -2.79713050e-03
             9.00976919e-03]]

          ...

          [[-3.95617038e-02 -1.20553887e-02 -4.20395518e-03  1.62354708e-02
             5.85284643e-03]
           [ 1.84118245e-02 -6.56078942e-03  2.48062611e-02  1.08386548e-02
             8.61947518e-03]
           [-7.78990099e-04 -1.48669770e-02  1.56348255e-02 -4.17082235e-02
            -4.72590588e-02]
           [-2.34872438e-02  8.76442902e-03  4.09841491e-03  2.15279665e-02
            -3.88285667e-02]
           [-2.34461464e-02 -4.00156192e-02 -2.03369781e-02  7.67742225e-04
             5.47807803e-03]]

          [[ 8.39337893e-03 -2.65582334e-02 -6.61000283e-03  1.48698280e-03
            -3.25507447e-02]
           [-3.37091498e-02 -9.79773607e-03  7.33395573e-04 -1.17297415e-02
             2.30933186e-02]
           [ 1.38388975e-02 -1.78441685e-02  1.12378662e-02 -1.70475151e-02
             1.26216467e-02]
           [-6.87964587e-03 -2.71357354e-02 -1.18474048e-02  2.84196297e-03
             7.64455274e-03]
           [-4.58655469e-02 -2.23384257e-02 -3.00127757e-03  1.94157623e-02
            -1.91555861e-02]]

          [[-5.50896442e-03 -1.89029947e-02  8.68419744e-03 -2.54706498e-02
             1.02336099e-03]
           [-1.32039087e-02 -2.11449321e-02 -4.27134447e-02 -1.18031492e-03
            -2.60387138e-02]
           [ 2.05006544e-02  1.26540698e-02 -4.52919491e-02 -6.46878127e-03
             8.20412766e-03]
           [-4.12079170e-02 -3.20749320e-02 -7.56406458e-03  9.46897827e-03
            -3.01535092e-02]
           [ 9.96777788e-03 -4.81068669e-03 -3.83989736e-02 -3.29091400e-02
            -3.82621475e-02]]]


         [[[-2.07932573e-02 -3.72677967e-02 -7.21156783e-03 -3.84450927e-02
            -7.15630362e-03]
           [-1.06877005e-02  8.35809298e-03 -5.74658252e-03 -2.60541961e-02
             6.98154327e-03]
           [-2.90115327e-02 -3.60682271e-02 -4.13411483e-03 -2.70188693e-02
             1.00758923e-02]
           [-5.80758462e-03  1.91309825e-02  2.17222795e-02 -3.54235098e-02
             9.79348272e-03]
           [-2.64920108e-02  1.07363435e-02  4.77635022e-03 -4.20566313e-02
            -2.53673387e-03]]

          [[-1.58735421e-02 -3.62654515e-02 -2.37262994e-03 -2.89313868e-02
            -4.50378023e-02]
           [-4.11096886e-02 -3.01776584e-02 -1.51418708e-03 -4.30043675e-02
            -1.15736071e-02]
           [-9.08359140e-03 -4.00904976e-02  2.57229879e-02 -2.38806970e-05
            -2.33786032e-02]
           [-1.82601810e-02 -3.13935727e-02 -2.38040294e-02 -4.13962118e-02
            -3.84273306e-02]
           [ 4.16690629e-04 -1.55274402e-02  4.22460074e-03 -2.37578573e-03
            -3.73079963e-02]]

          [[-6.46462617e-03  1.65641867e-02  2.37063412e-02 -1.61180943e-02
            -7.48262834e-03]
           [ 3.50994268e-03  2.38315482e-02  4.19305172e-03 -1.79535057e-02
            -3.54549009e-03]
           [-3.92541476e-03 -4.17572111e-02  1.03871515e-02 -2.83374023e-02
            -3.75314765e-02]
           [-3.58926356e-02 -3.50345112e-02 -2.17118748e-02  2.36181747e-02
            -6.36176439e-03]
           [-3.60103622e-02 -3.74337360e-02 -2.33836868e-03  3.85767920e-03
             1.04356231e-02]]

          ...

          [[-5.42095816e-03 -3.45954299e-03 -2.02572905e-02 -2.10241992e-02
             1.54375774e-03]
           [-1.40418420e-02 -4.02257740e-02 -5.26850624e-03  9.37625486e-03
             1.70251932e-02]
           [-4.28986847e-02 -2.09777392e-02 -3.04151606e-02  1.05828010e-02
            -3.78716029e-02]
           [-3.17942314e-02  1.16625875e-02 -2.23290883e-02 -1.43743884e-02
             1.16073794e-03]
           [ 2.32065469e-02 -9.54290293e-03 -9.71029326e-03 -3.14803533e-02
            -4.33374271e-02]]

          [[-1.73280220e-02  2.73850244e-02  2.67650876e-02  1.21587692e-02
            -3.81642953e-02]
           [-3.56772654e-02  1.42090842e-02  1.70882996e-02 -3.74824787e-03
            -2.76915785e-02]
           [ 2.58250050e-02  1.50171081e-02 -3.74880619e-02 -2.39165127e-02
            -2.82490440e-02]
           [-3.32299620e-02 -2.43010186e-02 -3.20325568e-02 -4.95290942e-03
            -3.82730328e-02]
           [-3.48272990e-03 -1.36270467e-02 -1.16597153e-02 -1.66207850e-02
            -2.64567006e-02]]

          [[-3.53763886e-02 -3.34537067e-02 -2.99131665e-02 -8.24452378e-03
            -9.41928942e-03]
           [-3.98490280e-02 -4.38625328e-02 -1.96873602e-02  2.31813490e-02
            -1.01849623e-03]
           [-1.33848721e-02  2.53438726e-02  1.43717146e-02  2.00755317e-02
             9.34491493e-03]
           [-2.02649441e-02 -2.68584006e-02 -4.32159053e-03 -9.58465878e-03
            -1.06087355e-02]
           [ 2.06413935e-03  2.23035216e-02 -3.14491838e-02 -1.96831813e-03
            -5.68203256e-03]]]


         ...


         [[[-4.06840965e-02  1.51613094e-02  1.24999937e-02 -3.88547778e-02
             2.71145646e-02]
           [-1.92667861e-02 -8.15566722e-03 -7.82823656e-03  2.41798162e-02
             2.00112220e-02]
           [-2.07183789e-02  2.48993821e-02 -2.76426338e-02  2.54434515e-02
            -1.81631595e-02]
           [ 2.05026171e-03 -7.43909460e-03  2.15621088e-02 -3.54460925e-02
            -4.67177201e-03]
           [ 1.53759606e-02 -3.69506665e-02  1.36303352e-02 -6.34272676e-03
            -1.93631425e-02]]

          [[ 1.27735445e-02  2.25106385e-02 -3.40684317e-02 -3.73242493e-03
             9.20626707e-03]
           [-3.55423316e-02 -2.57369559e-02  5.51146641e-03 -3.43128182e-02
            -1.13565698e-02]
           [ 2.34605726e-02 -3.83556308e-03  2.52202172e-02 -3.55399301e-04
             2.14625448e-02]
           [ 2.44004223e-02  6.62868330e-03 -3.73938903e-02 -1.41568482e-02
             1.82443839e-02]
           [-4.37582564e-03 -4.42495896e-03 -3.48511003e-02  1.35713024e-02
            -4.21626270e-02]]

          [[-3.10822576e-02 -2.33904570e-02 -2.81072315e-02 -1.44173456e-02
            -3.82154784e-03]
           [-1.56822633e-02 -1.58767961e-02 -2.19039898e-02 -3.98446545e-02
            -3.35003175e-02]
           [-8.91719479e-03 -1.43547785e-02 -1.75556932e-02  4.19862522e-03
            -1.87199172e-02]
           [ 2.21687928e-02  4.99336421e-03 -3.93112339e-02  1.89409032e-02
            -1.07475370e-02]
           [-4.30214219e-02  1.81397367e-02  1.43576404e-02  1.78460646e-02
             9.95450653e-03]]

          ...

          [[-2.37184446e-02 -4.26003821e-02  1.43737402e-02 -4.86682495e-03
            -2.91369595e-02]
           [ 1.03118969e-02 -3.05103380e-02 -1.66174751e-02 -3.33759226e-02
             1.93099002e-03]
           [-2.66505256e-02  1.10070044e-02 -3.40622142e-02  8.81736260e-03
            -2.70954128e-02]
           [-2.20091417e-02 -3.67786326e-02  2.47923769e-02 -1.66773126e-02
            -2.48582959e-02]
           [-2.61903498e-02  2.53511816e-02 -2.31736451e-02  5.18984068e-03
            -3.21062952e-02]]

          [[-3.67529988e-02 -3.03039476e-02 -2.03574654e-02 -3.83972712e-02
            -3.57507952e-02]
           [ 1.62895191e-02  1.54689131e-02 -9.03003663e-03  1.68460887e-02
            -9.59815271e-03]
           [-1.92761365e-02 -2.21715290e-02  2.41843914e-03  7.89808389e-03
             5.95414825e-03]
           [-2.18025409e-02 -4.04006094e-02 -4.24921475e-02 -1.83317680e-02
             7.56370788e-03]
           [-1.96034554e-02 -1.94596257e-02  2.20320988e-02  2.13921573e-02
            -5.41674020e-03]]

          [[-3.11728213e-02 -2.84135863e-02 -2.46838685e-02 -1.68687443e-03
            -2.37971935e-02]
           [-4.44832295e-02  8.95485561e-03 -1.95177812e-02 -2.04008613e-02
            -8.38455651e-03]
           [-3.95309590e-02 -2.43720766e-02 -4.02188627e-03  1.34769920e-02
            -2.77874041e-02]
           [ 2.10135360e-03  8.06940254e-03  2.57174633e-02 -9.58471559e-04
            -2.42599808e-02]
           [ 1.48507524e-02 -9.75700095e-03 -2.55676769e-02 -3.99305262e-02
            -2.30040476e-02]]]


         [[[-3.85482050e-02 -4.04126234e-02  4.53079073e-03 -1.72886215e-02
            -3.99599876e-03]
           [ 2.26626769e-02 -9.33797657e-03 -4.18777205e-02 -1.96598750e-02
             3.70383402e-03]
           [-3.76917087e-02 -2.82645635e-02 -1.18670492e-02 -2.45251693e-03
            -1.45311467e-02]
           [ 2.10924614e-02 -8.79305042e-03 -3.71336900e-02 -1.29045919e-02
             2.30514444e-03]
           [ 1.64841656e-02 -1.42103340e-02 -8.97101033e-03  1.74244959e-02
             1.77179258e-02]]

          [[-2.09795590e-02  2.81831599e-03  6.28382433e-03 -4.15275135e-04
             1.78796295e-02]
           [ 1.10333208e-02 -9.98272374e-03  2.23250743e-02 -3.57188880e-02
            -1.35795330e-03]
           [ 1.40876854e-02  1.99649353e-02 -3.47794630e-02  1.60532631e-02
             2.47897208e-03]
           [-1.01228626e-02  1.73172690e-02  1.95303541e-02 -1.40020223e-02
            -8.38715769e-03]
           [-1.71773192e-02  5.01373596e-03 -4.19121161e-02 -2.34544948e-02
             3.65038309e-03]]

          [[-8.39997362e-03 -4.18319181e-02 -2.83171367e-02  1.17177470e-03
            -2.66631432e-02]
           [-4.02394198e-02  1.11263630e-03 -3.78441215e-02 -5.60380938e-03
             1.96949998e-03]
           [ 6.83948910e-03  4.33803024e-03 -4.12165709e-02 -2.05189791e-02
            -2.25339383e-02]
           [ 1.55118639e-02 -2.58239955e-02 -1.06024304e-02 -1.02455858e-02
            -4.18976042e-03]
           [-3.51910591e-02  2.23154277e-02 -2.40503829e-02 -8.38737935e-03
             1.75279174e-02]]

          ...

          [[-1.20918490e-02 -2.31098887e-02 -3.33041623e-02 -4.53198254e-02
             1.61657725e-02]
           [ 5.26088383e-03 -2.29085665e-02  1.96258314e-02 -2.83550266e-02
            -9.58766695e-03]
           [-5.17816469e-03  2.17309240e-02 -3.11986040e-02  1.00159468e-02
            -3.16923000e-02]
           [-3.63931544e-02 -2.23037507e-02 -1.80596579e-02  4.70148539e-03
            -1.78059805e-02]
           [-3.19686495e-02 -2.61953641e-02 -2.63654049e-02 -3.01443618e-02
             2.43861452e-02]]

          [[-3.98446657e-02 -3.30762044e-02  2.17554718e-02 -4.41459641e-02
            -6.18943525e-03]
           [-1.50187686e-02  3.66400345e-03 -4.07540686e-02 -1.87752303e-02
            -1.48314226e-03]
           [-3.27759795e-02  1.60063114e-02 -1.81762557e-02 -2.56857760e-02
             6.92015048e-03]
           [ 2.00135931e-02 -3.19694206e-02 -4.41418216e-02 -1.80460922e-02
             1.07924631e-02]
           [-1.30194528e-02  8.35913047e-03  1.17000164e-02  2.15979218e-02
            -3.86584476e-02]]

          [[ 4.66266472e-04  6.32549112e-04  4.48176498e-03  3.83561850e-03
            -2.84219310e-02]
           [-3.21745574e-02 -3.46245393e-02 -1.69397779e-02 -2.10374612e-02
             2.35578995e-02]
           [-6.23068772e-03 -1.01536633e-02 -8.09985120e-03  1.56460665e-02
            -3.58939990e-02]
           [-4.04205322e-02 -2.97148945e-03 -4.58129635e-03  1.04505960e-02
            -1.43652065e-02]
           [-2.76819114e-02 -3.68292304e-03  2.52825264e-02 -4.46786694e-02
            -7.24890083e-03]]]


         [[[ 1.16175357e-02 -3.97897791e-03  1.38901826e-02  2.48729829e-02
            -1.34465620e-02]
           [ 1.77879687e-02 -2.92327832e-02  6.86925370e-03 -2.32344307e-02
            -1.77961104e-02]
           [ 7.08730845e-03 -4.51253690e-02  1.67995840e-02 -1.86413042e-02
            -2.61676162e-02]
           [-3.67400562e-03 -4.13067862e-02  1.88801773e-02 -3.31824757e-02
            -1.12500135e-02]
           [-2.58667618e-02 -4.52690944e-03 -3.86125408e-02  1.44773191e-02
            -3.79004963e-02]]

          [[ 9.93881002e-03  2.54814140e-03 -3.02341171e-02  1.89091600e-02
             5.66181075e-03]
           [-3.30439000e-03 -4.11012024e-02 -3.54538262e-02 -6.29243068e-03
            -1.32502560e-02]
           [ 1.35527048e-02 -3.24981660e-02  2.58775940e-03 -4.29850854e-02
             2.19089277e-02]
           [-6.25421153e-03  6.77440548e-03 -1.40747465e-02 -8.93328711e-03
            -7.35264132e-03]
           [-2.30681952e-02 -2.61625368e-02  1.46095743e-02 -7.03582540e-03
            -7.91352056e-03]]

          [[-2.55432371e-02 -2.03270130e-02 -3.08711287e-02 -3.74092460e-02
            -3.96951251e-02]
           [ 1.47813950e-02 -3.44613530e-02  2.27102097e-02 -4.21095230e-02
            -2.69290023e-02]
           [-9.40667931e-04 -2.88335849e-02 -4.40506488e-02 -3.83088365e-02
            -1.97752863e-02]
           [-1.06843635e-02  1.48718348e-02 -2.99866982e-02  1.81346782e-03
            -3.31724733e-02]
           [-3.57654206e-02  2.11632922e-02 -3.82890925e-02  5.16801898e-04
            -2.21018270e-02]]

          ...

          [[-4.41503860e-02 -2.10136250e-02  1.48724969e-02  1.14372522e-02
            -3.93368751e-02]
           [-3.66191939e-02  9.70115326e-03 -3.67801115e-02  6.53640600e-03
             1.40453083e-02]
           [ 3.82957421e-03 -9.68832243e-03  1.24821644e-02 -4.15920280e-03
            -7.89325964e-03]
           [ 6.23030122e-03  1.61847528e-02 -1.72991771e-02  1.51466448e-02
            -3.15434523e-02]
           [ 1.35485642e-02  2.19714548e-02  1.79540534e-02  2.04602163e-02
            -2.36262381e-02]]

          [[-1.13322427e-02  7.92095251e-03  1.19411098e-02  2.44406331e-02
             6.48079626e-03]
           [ 1.49315624e-02  1.98735092e-02 -4.37192805e-02 -1.14752888e-03
            -2.01693252e-02]
           [-2.43372116e-02 -2.77321581e-02 -2.40457449e-02 -2.34109964e-02
             3.47400084e-04]
           [-3.10611259e-02 -1.23978062e-02  2.46044733e-02  6.31046016e-04
            -3.32975504e-03]
           [-1.70773659e-02 -4.00386043e-02 -3.93233337e-02  2.91024754e-03
             3.75254313e-03]]

          [[ 1.79172270e-02  1.97674688e-02  1.45871639e-02 -2.21366491e-02
             8.03633220e-03]
           [-1.20510152e-02  2.09286008e-02 -8.47198907e-03  1.39447069e-02
             5.14465990e-03]
           [ 1.25922235e-02 -2.30810512e-02  1.31980060e-02 -7.81999156e-03
            -5.47367893e-03]
           [-7.76467007e-03 -2.73319520e-02 -2.02255882e-02  3.10632354e-03
             1.18915606e-02]
           [-1.19276298e-02 -8.44377838e-03 -1.12617593e-02  1.64527651e-02
            -2.31683776e-02]]]]

    Initializer | conv2.bias [dtype=float32, shape=[64]] | Values:
        [-0.02410109 -0.00584437  0.01847673  0.02081132  0.00722984  0.007786
          0.0224679  -0.00443171  0.00135595 -0.0315102   0.02169964  0.02166308
         -0.00863803  0.00874607 -0.02624565  0.01850608  0.00924999 -0.03635722
         -0.03036553 -0.01185372 -0.02638381 -0.04082923 -0.01173185 -0.03771091
          0.01386444  0.01769098  0.00677237  0.00222087  0.00537753 -0.01674102
          0.02197954  0.01232709 -0.02448868 -0.0190452  -0.01617556 -0.02234222
         -0.00453532 -0.02549173  0.01602521  0.00176622  0.00489102 -0.04472909
          0.02311371  0.00759377 -0.018499   -0.03424083 -0.03557787  0.01985692
         -0.00056718 -0.00812761 -0.02128181  0.01961499 -0.02558335 -0.04419667
          0.01485035 -0.02029825 -0.01258452  0.00570182 -0.03327196 -0.02377531
         -0.04467496 -0.00721386 -0.04415416 -0.04504582]

    Initializer | gemm1.weight [dtype=float32, shape=[1024, 3136]] | Values:
        [[-0.01045778 -0.01465555 -0.00485128 ... -0.00708444  0.00716439
          -0.01896634]
         [-0.00802286 -0.00022574 -0.00770363 ...  0.00501662 -0.0107719
           0.00901539]
         [-0.01929612  0.01516028 -0.00889516 ...  0.00772299 -0.00259135
          -0.00197001]
         ...
         [ 0.00196266 -0.02245026  0.01300662 ...  0.00379566 -0.01543549
           0.00507462]
         [-0.0042515  -0.00556331 -0.02124994 ...  0.00231875 -0.02353551
           0.0102589 ]
         [-0.00513409 -0.01085697 -0.01354071 ...  0.00594392  0.00337656
           0.00400964]]

    Initializer | gemm1.bias [dtype=float32, shape=[1024]] | Values:
        [-0.01501185 -0.00883514  0.00950982 ... -0.00835608 -0.00887325
          0.00826178]

    Initializer | gemm2.weight [dtype=float32, shape=[10, 1024]] | Values:
        [[-1.5332035e-02 -3.0883575e-02 -3.1877011e-02 ... -3.3304945e-02
           9.8321238e-04  3.1344178e-03]
         [ 2.9942362e-02  2.1467347e-02 -1.5702840e-02 ...  4.6833865e-03
           3.1838873e-03 -3.8252848e-03]
         [ 7.3837456e-03 -2.0176860e-02 -1.9562239e-02 ...  9.9094305e-04
          -9.0481993e-03 -3.3856861e-02]
         ...
         [ 1.2253375e-02  2.6877545e-02 -1.6093068e-02 ...  2.5969932e-02
           2.6114933e-02 -1.0070486e-02]
         [-1.8386478e-02 -6.3778213e-03  3.1220610e-03 ... -1.0116675e-02
          -1.1011911e-02 -1.0088828e-03]
         [-2.4494553e-05 -2.9440032e-02  1.2609479e-02 ... -5.3090295e-03
           1.8390987e-02 -6.0635409e-03]]

    Initializer | gemm2.bias [dtype=float32, shape=[10]] | Values:
        [ 0.01403506 -0.00809759  0.00486339  0.00857257 -0.00679241 -0.00019929
         -0.03755541  0.00772439 -0.00847439 -0.00423296]

    Initializer | val_5 [dtype=int64, shape=[2]] | Values:
        [  -1 3136]

    ---- 12 Node(s) ----
    Node 0    | node_conv2d [Op: Conv]
        {x [dtype=float32, shape=('nBS', 1, 28, 28)],
         Initializer | conv1.weight [dtype=float32, shape=(32, 1, 5, 5)],
         Initializer | conv1.bias [dtype=float32, shape=(32,)]}
         -> {conv2d [dtype=float32, shape=('nBS', 32, 28, 28)]}
        ---- Attributes ----
        node_conv2d.group = 1
        node_conv2d.pads = [2, 2, 2, 2]
        node_conv2d.auto_pad = NOTSET
        node_conv2d.strides = [1, 1]
        node_conv2d.dilations = [1, 1]

    Node 1    | node_relu [Op: Relu]
        {conv2d [dtype=float32, shape=('nBS', 32, 28, 28)]}
         -> {relu [dtype=float32, shape=('nBS', 32, 28, 28)]}

    Node 2    | node_max_pool2d [Op: MaxPool]
        {relu [dtype=float32, shape=('nBS', 32, 28, 28)]}
         -> {max_pool2d [dtype=float32, shape=('nBS', 32, 14, 14)]}
        ---- Attributes ----
        node_max_pool2d.storage_order = 0
        node_max_pool2d.dilations = [1, 1]
        node_max_pool2d.ceil_mode = 0
        node_max_pool2d.pads = [0, 0, 0, 0]
        node_max_pool2d.auto_pad = NOTSET
        node_max_pool2d.strides = [2, 2]
        node_max_pool2d.kernel_shape = [2, 2]

    Node 3    | node_conv2d_1 [Op: Conv]
        {max_pool2d [dtype=float32, shape=('nBS', 32, 14, 14)],
         Initializer | conv2.weight [dtype=float32, shape=(64, 32, 5, 5)],
         Initializer | conv2.bias [dtype=float32, shape=(64,)]}
         -> {conv2d_1 [dtype=float32, shape=('nBS', 64, 14, 14)]}
        ---- Attributes ----
        node_conv2d_1.group = 1
        node_conv2d_1.pads = [2, 2, 2, 2]
        node_conv2d_1.auto_pad = NOTSET
        node_conv2d_1.strides = [1, 1]
        node_conv2d_1.dilations = [1, 1]

    Node 4    | node_relu_1 [Op: Relu]
        {conv2d_1 [dtype=float32, shape=('nBS', 64, 14, 14)]}
         -> {relu_1 [dtype=float32, shape=('nBS', 64, 14, 14)]}

    Node 5    | node_max_pool2d_1 [Op: MaxPool]
        {relu_1 [dtype=float32, shape=('nBS', 64, 14, 14)]}
         -> {max_pool2d_1 [dtype=float32, shape=('nBS', 64, 7, 7)]}
        ---- Attributes ----
        node_max_pool2d_1.storage_order = 0
        node_max_pool2d_1.dilations = [1, 1]
        node_max_pool2d_1.ceil_mode = 0
        node_max_pool2d_1.pads = [0, 0, 0, 0]
        node_max_pool2d_1.auto_pad = NOTSET
        node_max_pool2d_1.strides = [2, 2]
        node_max_pool2d_1.kernel_shape = [2, 2]

    Node 6    | node_view [Op: Reshape]
        {max_pool2d_1 [dtype=float32, shape=('nBS', 64, 7, 7)],
         Initializer | val_5 [dtype=int64, shape=(2,)]}
         -> {view [dtype=float32, shape=('nBS', 3136)]}
        ---- Attributes ----
        node_view.allowzero = 1

    Node 7    | node_linear [Op: Gemm]
        {view [dtype=float32, shape=('nBS', 3136)],
         Initializer | gemm1.weight [dtype=float32, shape=(1024, 3136)],
         Initializer | gemm1.bias [dtype=float32, shape=(1024,)]}
         -> {linear [dtype=float32, shape=('nBS', 1024)]}
        ---- Attributes ----
        node_linear.beta = 1.0
        node_linear.transB = 1
        node_linear.alpha = 1.0
        node_linear.transA = 0

    Node 8    | node_relu_2 [Op: Relu]
        {linear [dtype=float32, shape=('nBS', 1024)]}
         -> {relu_2 [dtype=float32, shape=('nBS', 1024)]}

    Node 9    | node_linear_1 [Op: Gemm]
        {relu_2 [dtype=float32, shape=('nBS', 1024)],
         Initializer | gemm2.weight [dtype=float32, shape=(10, 1024)],
         Initializer | gemm2.bias [dtype=float32, shape=(10,)]}
         -> {y [dtype=float32, shape=('nBS', 10)]}
        ---- Attributes ----
        node_linear_1.beta = 1.0
        node_linear_1.transB = 1
        node_linear_1.alpha = 1.0
        node_linear_1.transA = 0

    Node 10   | node_softmax [Op: Softmax]
        {y [dtype=float32, shape=('nBS', 10)]}
         -> {softmax [dtype=float32, shape=('nBS', 10)]}
        ---- Attributes ----
        node_softmax.axis = 1

    Node 11   | node_argmax [Op: ArgMax]
        {softmax [dtype=float32, shape=('nBS', 10)]}
         -> {z [dtype=int64, shape=('nBS',)]}
        ---- Attributes ----
        node_argmax.select_last_index = 0
        node_argmax.keepdims = 0
        node_argmax.axis = 1
[V] Loaded Module: polygraphy.backend.onnx | Path: ['/usr/local/lib/python3.12/dist-packages/polygraphy/backend/onnx']
[V] Loaded Module: onnx_graphsurgeon | Version: 0.6.1 | Path: ['/usr/local/lib/python3.12/dist-packages/onnx_graphsurgeon']
[I] Found tensors with unbounded DDS: []
