[I] ==== Data (1 iterations) ====
    
    x [dtype=float32, shape=(4, 1, 28, 28)] | Stats: mean=0.50137, std-dev=0.28847, var=0.083217, median=0.50577, min=0.00011437 at (0, 0, 0, 2), max=0.99988 at (3, 0, 10, 13), avg-magnitude=0.50137, p90=0.90182, p95=0.94839, p99=0.98728
        ---- Histogram ----
        Bin Range       |  Num Elems | Visualization
        (0.000114, 0.1) |        298 | ###################################
        (0.1     , 0.2) |        327 | #######################################
        (0.2     , 0.3) |        323 | ######################################
        (0.3     , 0.4) |        305 | ####################################
        (0.4     , 0.5) |        298 | ###################################
        (0.5     , 0.6) |        320 | ######################################
        (0.6     , 0.7) |        333 | ########################################
        (0.7     , 0.8) |        298 | ###################################
        (0.8     , 0.9) |        313 | #####################################
        (0.9     , 1  ) |        321 | ######################################
        [[[[4.17021990e-01 7.20324516e-01 1.14374816e-04 3.02332580e-01 1.46755889e-01 ...
            6.92322612e-01 8.76389146e-01 8.94606650e-01 8.50442126e-02 3.90547849e-02]
           [1.69830427e-01 8.78142476e-01 9.83468369e-02 4.21107620e-01 9.57889557e-01 ...
            6.78835511e-01 2.11628109e-01 2.65546650e-01 4.91573155e-01 5.33625446e-02]
           [5.74117601e-01 1.46728575e-01 5.89305520e-01 6.99758351e-01 1.02334432e-01 ...
            7.25997984e-01 8.83306086e-01 6.23672187e-01 7.50942409e-01 3.48898351e-01]
           [2.69927889e-01 8.95886242e-01 4.28091198e-01 9.64840055e-01 6.63441479e-01 ...
            9.29437220e-01 6.90896928e-01 9.97322857e-01 1.72340512e-01 1.37135744e-01]
           [9.32595491e-01 6.96818173e-01 6.60001710e-02 7.55463064e-01 7.53876209e-01 ...
            2.32974276e-01 8.07105184e-01 3.87860656e-01 8.63541842e-01 7.47121632e-01]
           ...
           [4.94116277e-01 1.32161140e-01 2.06454054e-01 7.61888102e-02 5.07921696e-01 ...
            1.76549032e-01 8.61966550e-01 1.97751001e-02 8.60237002e-01 5.58903813e-01]
           [4.03220475e-01 7.58746922e-01 7.16929018e-01 9.87326145e-01 2.78085053e-01 ...
            2.20283985e-01 3.02096725e-01 8.83028507e-01 5.43166459e-01 2.86711663e-01]
           [1.38354689e-01 2.90144473e-01 6.13871098e-01 3.24138522e-01 4.57360178e-01 ...
            7.66774595e-01 5.04700601e-01 4.98055637e-01 8.42899859e-01 6.78069368e-02]
           [5.73272288e-01 9.42762554e-01 5.17860055e-01 1.94465816e-01 8.47939372e-01 ...
            1.34338602e-01 9.27848995e-01 8.95969987e-01 4.91545141e-01 8.56702507e-01]
           [4.18578029e-01 6.83464885e-01 3.97990644e-01 5.05742013e-01 1.89551696e-01 ...
            2.41418749e-01 4.06921983e-01 9.75222349e-01 3.20319325e-01 9.82490957e-01]]]
        
        
         [[[6.36306107e-01 3.75091016e-01 8.57484519e-01 6.19586766e-01 2.52033085e-01 ...
            6.08831167e-01 6.82453692e-01 2.28205740e-01 1.37675125e-02 4.16723967e-01]
           [9.38481867e-01 3.43028098e-01 7.79744267e-01 1.74736306e-01 3.41952831e-01 ...
            8.75332713e-01 1.83953434e-01 4.62839127e-01 4.28932339e-01 4.97289181e-01]
           [1.61510766e-01 3.42440635e-01 2.61880398e-01 8.44526947e-01 8.00332248e-01 ...
            5.99269748e-01 8.49969864e-01 7.51121044e-01 5.79360545e-01 9.24704194e-01]
           [6.47399798e-02 9.91346538e-01 5.29945418e-02 1.99495539e-01 4.22752649e-01 ...
            4.33883369e-01 3.82467449e-01 4.69789028e-01 9.79483366e-01 3.64378065e-01]
           [7.74410129e-01 5.52767575e-01 8.89131069e-01 3.54952842e-01 2.45518684e-01 ...
            5.28533518e-01 1.50784403e-01 3.69399935e-01 1.42221257e-01 7.26893783e-01]
           ...
           [5.03005207e-01 6.43357933e-01 1.11245669e-01 7.58061647e-01 8.51945758e-01 ...
            8.37749541e-02 1.65318489e-01 1.97196350e-01 6.91027343e-01 5.73802888e-01]
           [8.73323143e-01 2.44634062e-01 6.29607975e-01 3.44312638e-02 5.16198456e-01 ...
            3.53394359e-01 2.87043959e-01 1.33207113e-01 9.37080383e-01 8.04835856e-01]
           [9.38028514e-01 1.85380518e-01 9.33155775e-01 9.35753226e-01 2.83544511e-01 ...
            8.06746840e-01 2.56660998e-01 3.91430348e-01 2.40172207e-01 6.86443388e-01]
           [9.89883482e-01 1.77429542e-01 8.21446717e-01 2.30988562e-01 5.79758137e-02 ...
            2.44880632e-01 2.92313755e-01 1.95931941e-01 8.79386812e-02 8.69976163e-01]
           [8.81886482e-02 6.83710337e-01 1.20400876e-01 1.06990030e-02 5.57268202e-01 ...
            8.24858546e-01 2.81845093e-01 1.78494826e-01 9.69870567e-01 7.41939545e-01]]]
        
        
         [[[2.59791702e-01 5.81235349e-01 9.55262244e-01 8.07539076e-02 8.35342035e-02 ...
            7.43749201e-01 2.87986875e-01 3.14417213e-01 6.05896354e-01 5.94847143e-01]
           [8.78660977e-01 2.54600763e-01 7.66188383e-01 9.41013277e-01 1.03293266e-03 ...
            6.50831282e-01 8.46054614e-01 9.27580953e-01 6.60457730e-01 5.78173935e-01]
           [3.98715556e-01 9.66612518e-01 1.54079169e-01 8.95086825e-01 3.11013073e-01 ...
            5.28001368e-01 6.50398135e-01 5.94290853e-01 2.31462941e-01 4.26821351e-01]
           [2.48111457e-01 8.45614970e-01 9.86677468e-01 6.65708035e-02 7.13928044e-01 ...
            7.42383420e-01 3.90264690e-01 7.59825408e-01 9.02935922e-01 5.87420046e-01]
           [9.04097185e-02 1.28975987e-01 1.05262525e-01 1.72727466e-01 1.26430884e-01 ...
            9.85444903e-01 3.26438658e-02 7.25166678e-01 5.65554261e-01 4.92424041e-01]
           ...
           [4.40440565e-01 7.54175007e-01 9.19953585e-01 4.41351742e-01 5.27965486e-01 ...
            3.66731972e-01 5.74939728e-01 8.09216559e-01 2.01596633e-01 3.27524066e-01]
           [7.42921233e-01 3.40920240e-01 4.76109274e-02 1.56356931e-01 1.93864867e-01 ...
            7.54622221e-01 6.28023088e-01 3.03758442e-01 5.21659315e-01 7.12312222e-01]
           [3.05313528e-01 1.25228371e-02 2.68262833e-01 7.96745479e-01 9.29993093e-01 ...
            5.42076170e-01 8.25175345e-01 3.19841839e-02 8.77960443e-01 3.46340016e-02]
           [6.93194568e-01 5.87484479e-01 6.41749203e-01 3.74080181e-01 2.75462031e-01 ...
            6.23551786e-01 4.08047140e-01 5.03351279e-02 7.44833887e-01 2.95725524e-01]
           [3.98458183e-01 3.77239555e-01 6.63602650e-01 8.63332897e-02 5.49889922e-01 ...
            5.71635365e-01 8.33904684e-01 6.98281825e-01 1.46608695e-01 6.12461150e-01]]]
        
        
         [[[2.79320329e-01 9.15878713e-01 1.98232293e-01 2.85716504e-01 4.76547033e-02 ...
            9.75826159e-02 2.50961542e-01 4.26492959e-01 1.15826748e-01 2.70551980e-01]
           [2.10796725e-02 9.85045552e-01 6.11573637e-01 3.78353834e-01 2.65283510e-02 ...
            8.61352503e-01 5.19297600e-01 3.18935871e-01 9.63032365e-01 9.38261747e-01]
           [2.60018975e-01 2.01391861e-01 5.88908732e-01 8.42518210e-01 3.36721092e-01 ...
            6.45564437e-01 1.15293428e-01 2.08097413e-01 7.45498359e-01 4.03406620e-01]
           [4.84470069e-01 8.87455106e-01 1.37443542e-01 9.64372814e-01 4.26296815e-02 ...
            2.61610806e-01 4.12278920e-01 6.11544073e-01 5.46834469e-01 3.89274955e-01]
           [1.01420775e-01 7.12244809e-01 8.81351605e-02 8.66077423e-01 8.63448441e-01 ...
            1.80306062e-01 6.81300610e-02 5.51256657e-01 5.95866919e-01 1.45499796e-01]
           ...
           [2.14146927e-01 4.39539105e-01 1.68476969e-01 5.29087186e-01 7.93484688e-01 ...
            7.06949472e-01 2.63179606e-03 7.76205778e-01 4.91557181e-01 2.04386860e-01]
           [7.29246616e-01 3.15654129e-01 8.83817613e-01 1.80233523e-01 9.38550651e-01 ...
            3.25331330e-01 8.38944972e-01 6.28239810e-02 1.05419748e-01 7.01787353e-01]
           [5.14158249e-01 4.98166829e-01 3.73609722e-01 6.03513598e-01 8.51468742e-01 ...
            8.77809525e-01 9.75869954e-01 4.64277059e-01 7.67986953e-01 4.94772136e-01]
           [6.65098786e-01 2.24874973e-01 1.09541714e-01 9.79008913e-01 8.14994633e-01 ...
            2.38814130e-01 1.06714085e-01 1.83961943e-01 7.66224802e-01 7.08764255e-01]
           [4.37941939e-01 7.93804526e-01 5.17512679e-01 4.13598150e-01 1.17441937e-01 ...
            7.37588525e-01 2.73580593e-03 6.33605123e-02 5.84269404e-01 3.35715115e-01]]]]
[I] ==== Run Results (1 runners) ====
    
    ---- trt-runner-N0-04/25/26-04:25:39 (1 iterations) ----
    
    y [dtype=float32, shape=(4, 10)] | Stats: mean=-0.0014239, std-dev=0.020423, var=0.00041709, median=-0.0079817, min=-0.030431 at (1, 7), max=0.034879 at (1, 1), avg-magnitude=0.01812, p90=0.026324, p95=0.034473, p99=0.034755
        ---- Histogram ----
        Bin Range            |  Num Elems | Visualization
        (-0.0304 , -0.0239 ) |          8 | #############################
        (-0.0239 , -0.0174 ) |          0 | 
        (-0.0174 , -0.0108 ) |         11 | ########################################
        (-0.0108 , -0.00431) |          5 | ##################
        (-0.00431, 0.00222 ) |          0 | 
        (0.00222 , 0.00876 ) |          4 | ##############
        (0.00876 , 0.0153  ) |          0 | 
        (0.0153  , 0.0218  ) |          4 | ##############
        (0.0218  , 0.0283  ) |          4 | ##############
        (0.0283  , 0.0349  ) |          4 | ##############
        [[ 0.02543026  0.03436921 -0.02473126 -0.01201589 -0.01477157  0.00629272 -0.01261034 -0.0298146
           0.01746983 -0.00494363]
         [ 0.02487904  0.03487933 -0.02437618 -0.01148668 -0.01365639  0.00644216 -0.01041185 -0.03043102
           0.01719007 -0.00555159]
         [ 0.025213    0.03456087 -0.0245923  -0.01181525 -0.01435494  0.0063386  -0.01177144 -0.03005084
           0.01735797 -0.00518478]
         [ 0.02531772  0.03446821 -0.02466045 -0.01190981 -0.01455753  0.00631386 -0.012178   -0.02993877
           0.01740883 -0.00507194]]
    z [dtype=int64, shape=(4,)] | Stats: mean=1, std-dev=0, var=0, median=1, min=1 at (0,), max=1 at (0,), avg-magnitude=1, p90=1, p95=1, p99=1
        ---- Histogram ----
        Bin Range  |  Num Elems | Visualization
        (0.5, 0.6) |          0 | 
        (0.6, 0.7) |          0 | 
        (0.7, 0.8) |          0 | 
        (0.8, 0.9) |          0 | 
        (0.9, 1  ) |          0 | 
        (1  , 1.1) |          4 | ########################################
        (1.1, 1.2) |          0 | 
        (1.2, 1.3) |          0 | 
        (1.3, 1.4) |          0 | 
        (1.4, 1.5) |          0 | 
        [1 1 1 1]
