[08/13/2022-15:20:14] [TRT] [I] [MemUsageChange] Init CUDA: CPU +195, GPU +0, now: CPU 214, GPU 398 (MiB)
[08/13/2022-15:20:15] [TRT] [I] [MemUsageChange] Init builder kernel library: CPU +7, GPU +2, now: CPU 240, GPU 400 (MiB)
[08/13/2022-15:20:15] [TRT] [I] ----------------------------------------------------------------
[08/13/2022-15:20:15] [TRT] [I] Input filename:   /work/gitlab/tensorrt-cookbook-in-chinese/08-Tool/OnnxGraphSurgeon/model-09-01.onnx
[08/13/2022-15:20:15] [TRT] [I] ONNX IR version:  0.0.8
[08/13/2022-15:20:15] [TRT] [I] Opset version:    11
[08/13/2022-15:20:15] [TRT] [I] Producer name:    
[08/13/2022-15:20:15] [TRT] [I] Producer version: 
[08/13/2022-15:20:15] [TRT] [I] Domain:           
[08/13/2022-15:20:15] [TRT] [I] Model version:    0
[08/13/2022-15:20:15] [TRT] [I] Doc string:       
[08/13/2022-15:20:15] [TRT] [I] ----------------------------------------------------------------
[08/13/2022-15:20:15] [TRT] [I] [MemUsageChange] Init cuBLAS/cuBLASLt: CPU +255, GPU +106, now: CPU 495, GPU 506 (MiB)
[08/13/2022-15:20:15] [TRT] [I] [MemUsageChange] Init cuDNN: CPU +113, GPU +46, now: CPU 608, GPU 552 (MiB)
[08/13/2022-15:20:15] [TRT] [I] Global timing cache in use. Profiling results in this builder pass will be stored.
[08/13/2022-15:20:17] [TRT] [I] Detected 1 inputs and 1 output network tensors.
[08/13/2022-15:20:17] [TRT] [I] Total Host Persistent Memory: 656
[08/13/2022-15:20:17] [TRT] [I] Total Device Persistent Memory: 0
[08/13/2022-15:20:17] [TRT] [I] Total Scratch Memory: 0
[08/13/2022-15:20:17] [TRT] [I] [MemUsageStats] Peak memory usage of TRT CPU/GPU memory allocators: CPU 0 MiB, GPU 4 MiB
[08/13/2022-15:20:17] [TRT] [I] [BlockAssignment] Algorithm ShiftNTopDown took 0.00202ms to assign 1 blocks to 1 nodes requiring 16384 bytes.
[08/13/2022-15:20:17] [TRT] [I] Total Activation Memory: 16384
[08/13/2022-15:20:17] [TRT] [I] [MemUsageChange] Init cuBLAS/cuBLASLt: CPU +0, GPU +8, now: CPU 611, GPU 564 (MiB)
[08/13/2022-15:20:17] [TRT] [I] [MemUsageChange] TensorRT-managed allocation in building engine: CPU +0, GPU +4, now: CPU 0, GPU 4 (MiB)
[08/13/2022-15:20:17] [TRT] [W] The getMaxBatchSize() function should not be used with an engine built from a network created with NetworkDefinitionCreationFlag::kEXPLICIT_BATCH flag. This function will always return 1.
[08/13/2022-15:20:17] [TRT] [W] The getMaxBatchSize() function should not be used with an engine built from a network created with NetworkDefinitionCreationFlag::kEXPLICIT_BATCH flag. This function will always return 1.
[08/13/2022-15:20:17] [TRT] [I] [MemUsageChange] Init CUDA: CPU +0, GPU +0, now: CPU 610, GPU 534 (MiB)
[08/13/2022-15:20:17] [TRT] [I] Loaded engine size: 0 MiB
[08/13/2022-15:20:17] [TRT] [I] [MemUsageChange] Init cuBLAS/cuBLASLt: CPU +0, GPU +8, now: CPU 610, GPU 544 (MiB)
[08/13/2022-15:20:17] [TRT] [I] [MemUsageChange] TensorRT-managed allocation in engine deserialization: CPU +0, GPU +0, now: CPU 0, GPU 0 (MiB)
[08/13/2022-15:20:17] [TRT] [I] [MemUsageChange] Init cuBLAS/cuBLASLt: CPU +0, GPU +8, now: CPU 610, GPU 544 (MiB)
[08/13/2022-15:20:17] [TRT] [I] [MemUsageChange] TensorRT-managed allocation in IExecutionContext creation: CPU +0, GPU +0, now: CPU 0, GPU 0 (MiB)
[V] Loaded Module: polygraphy.util    | Path: ['/opt/conda/lib/python3.8/site-packages/polygraphy/util']
[V] Model: model-09-01.onnx
[V] Loaded Module: polygraphy         | Version: 0.38.0 | Path: ['/opt/conda/lib/python3.8/site-packages/polygraphy']
[V] Loaded extension modules: []
[V] Loaded Module: tensorrt           | Version: 8.4.1.5 | Path: ['/opt/conda/lib/python3.8/site-packages/tensorrt']
[I] Will generate inference input data according to provided TensorMetadata: {tensor0 [shape=(64, 64)]}
[I] onnxrt-runner-N0-08/13/22-15:20:14  | Activating and starting inference
[V] Loaded Module: onnxruntime        | Version: 1.12.0 | Path: ['/opt/conda/lib/python3.8/site-packages/onnxruntime']
[I] Creating ONNX-Runtime Inference Session with providers: ['CPUExecutionProvider']
[V] Loaded Module: numpy              | Version: 1.22.4 | Path: ['/opt/conda/lib/python3.8/site-packages/numpy']
[V] Loading inputs from data loader
[V] Generating data using numpy seed: 1
[V] Input tensor: tensor0 | Generating input data in range: [0.0, 1.0]
[I] onnxrt-runner-N0-08/13/22-15:20:14 
    ---- Inference Input(s) ----
    {tensor0 [dtype=float32, shape=(64, 64)]}
[V] Runner input metadata is: {tensor0 [dtype=float32, shape=(64, 64)]}
[I] onnxrt-runner-N0-08/13/22-15:20:14 
    ---- Inference Output(s) ----
    {myMax_10 [dtype=float32, shape=(64, 64)]}
[I] onnxrt-runner-N0-08/13/22-15:20:14  | Completed 1 iteration(s) in 0.1118 ms | Average inference time: 0.1118 ms.
[I] trt-runner-N0-08/13/22-15:20:14     | Activating and starting inference
[V]     Setting TensorRT Optimization Profiles
[V]     Input tensor: tensor0 (dtype=DataType.FLOAT, shape=(64, 64)) | Setting input tensor shapes to: (min=[64, 64], opt=[64, 64], max=[64, 64])
[I]     Configuring with profiles: [Profile().add('tensor0', min=[64, 64], opt=[64, 64], max=[64, 64])]
[I] Building engine with configuration:
    Workspace            | 1000000000 bytes (953.67 MiB)
    Precision            | TF32: False, FP16: False, INT8: False, Obey Precision Constraints: False, Strict Types: False
    Tactic Sources       | ['CUBLAS', 'CUBLAS_LT', 'CUDNN', 'EDGE_MASK_CONVOLUTIONS']
    Safety Restricted    | False
    Profiles             | 1 profile(s)
[I] Finished engine building in 2.104 seconds
[V] Found candidate CUDA libraries: ['/usr/local/cuda/lib64/libcudart.so.11.7.99', '/usr/local/cuda/lib64/libcudart.so.11.0', '/usr/local/cuda/lib64/libcudart.so']
[I] trt-runner-N0-08/13/22-15:20:14    
    ---- Inference Input(s) ----
    {tensor0 [dtype=float32, shape=(64, 64)]}
[V] Runner input metadata is: {tensor0 [dtype=float32, shape=(64, 64)]}
[I] trt-runner-N0-08/13/22-15:20:14    
    ---- Inference Output(s) ----
    {myMax_10 [dtype=float32, shape=(64, 64)]}
[I] trt-runner-N0-08/13/22-15:20:14     | Completed 1 iteration(s) in 0.2844 ms | Average inference time: 0.2844 ms.
[V] Successfully ran: ['onnxrt-runner-N0-08/13/22-15:20:14', 'trt-runner-N0-08/13/22-15:20:14']
[I] Accuracy Comparison | onnxrt-runner-N0-08/13/22-15:20:14 vs. trt-runner-N0-08/13/22-15:20:14
[I]     Comparing Output: 'myMax_10' (dtype=float32, shape=(64, 64)) with 'myMax_10' (dtype=float32, shape=(64, 64))
[I]     Tolerance: [abs=0.001, rel=0.001] | Checking elemwise error
[I]         onnxrt-runner-N0-08/13/22-15:20:14: myMax_10 | Stats: mean=3, std-dev=0, var=0, median=3, min=3 at (0, 0), max=3 at (0, 0), avg-magnitude=3
[V]             ---- Histogram ----
                Bin Range  |  Num Elems | Visualization
                (2.5, 2.6) |          0 | 
                (2.6, 2.7) |          0 | 
                (2.7, 2.8) |          0 | 
                (2.8, 2.9) |          0 | 
                (2.9, 3  ) |          0 | 
                (3  , 3.1) |       4096 | ########################################
                (3.1, 3.2) |          0 | 
                (3.2, 3.3) |          0 | 
                (3.3, 3.4) |          0 | 
                (3.4, 3.5) |          0 | 
[I]         trt-runner-N0-08/13/22-15:20:14: myMax_10 | Stats: mean=3, std-dev=0, var=0, median=3, min=3 at (0, 0), max=3 at (0, 0), avg-magnitude=3
[V]             ---- Histogram ----
                Bin Range  |  Num Elems | Visualization
                (2.5, 2.6) |          0 | 
                (2.6, 2.7) |          0 | 
                (2.7, 2.8) |          0 | 
                (2.8, 2.9) |          0 | 
                (2.9, 3  ) |          0 | 
                (3  , 3.1) |       4096 | ########################################
                (3.1, 3.2) |          0 | 
                (3.2, 3.3) |          0 | 
                (3.3, 3.4) |          0 | 
                (3.4, 3.5) |          0 | 
[I]         Error Metrics: myMax_10
[I]             Minimum Required Tolerance: elemwise error | [abs=0] OR [rel=0] (requirements may be lower if both abs/rel tolerances are set)
[I]             Absolute Difference | Stats: mean=0, std-dev=0, var=0, median=0, min=0 at (0, 0), max=0 at (0, 0), avg-magnitude=0
[V]                 ---- Histogram ----
                    Bin Range    |  Num Elems | Visualization
                    (-0.5, -0.4) |          0 | 
                    (-0.4, -0.3) |          0 | 
                    (-0.3, -0.2) |          0 | 
                    (-0.2, -0.1) |          0 | 
                    (-0.1, 0   ) |          0 | 
                    (0   , 0.1 ) |       4096 | ########################################
                    (0.1 , 0.2 ) |          0 | 
                    (0.2 , 0.3 ) |          0 | 
                    (0.3 , 0.4 ) |          0 | 
                    (0.4 , 0.5 ) |          0 | 
[I]             Relative Difference | Stats: mean=0, std-dev=0, var=0, median=0, min=0 at (0, 0), max=0 at (0, 0), avg-magnitude=0
[V]                 ---- Histogram ----
                    Bin Range    |  Num Elems | Visualization
                    (-0.5, -0.4) |          0 | 
                    (-0.4, -0.3) |          0 | 
                    (-0.3, -0.2) |          0 | 
                    (-0.2, -0.1) |          0 | 
                    (-0.1, 0   ) |          0 | 
                    (0   , 0.1 ) |       4096 | ########################################
                    (0.1 , 0.2 ) |          0 | 
                    (0.2 , 0.3 ) |          0 | 
                    (0.3 , 0.4 ) |          0 | 
                    (0.4 , 0.5 ) |          0 | 
[I]         PASSED | Difference is within tolerance (rel=0.001, abs=0.001)
[I]     PASSED | All outputs matched | Outputs: ['myMax_10']
[I] PASSED | Command: /opt/conda/bin/polygraphy run model-09-01.onnx --onnxrt --trt --pool-limit workspace:1000000000 --atol 1e-3 --rtol 1e-3 --verbose --input-shapes tensor0:[64,64]
[08/13/2022-15:20:17] [TRT] [I] [MemUsageChange] Init CUDA: CPU +195, GPU +0, now: CPU 214, GPU 398 (MiB)
[08/13/2022-15:20:18] [TRT] [I] [MemUsageChange] Init builder kernel library: CPU +7, GPU +2, now: CPU 240, GPU 400 (MiB)
[08/13/2022-15:20:18] [TRT] [I] ----------------------------------------------------------------
[08/13/2022-15:20:18] [TRT] [I] Input filename:   /work/gitlab/tensorrt-cookbook-in-chinese/08-Tool/OnnxGraphSurgeon/model-09-02.onnx
[08/13/2022-15:20:18] [TRT] [I] ONNX IR version:  0.0.8
[08/13/2022-15:20:18] [TRT] [I] Opset version:    11
[08/13/2022-15:20:18] [TRT] [I] Producer name:    
[08/13/2022-15:20:18] [TRT] [I] Producer version: 
[08/13/2022-15:20:18] [TRT] [I] Domain:           
[08/13/2022-15:20:18] [TRT] [I] Model version:    0
[08/13/2022-15:20:18] [TRT] [I] Doc string:       
[08/13/2022-15:20:18] [TRT] [I] ----------------------------------------------------------------
[08/13/2022-15:20:18] [TRT] [I] [MemUsageChange] Init cuBLAS/cuBLASLt: CPU +255, GPU +106, now: CPU 495, GPU 506 (MiB)
[08/13/2022-15:20:18] [TRT] [I] [MemUsageChange] Init cuDNN: CPU +113, GPU +46, now: CPU 608, GPU 552 (MiB)
[08/13/2022-15:20:18] [TRT] [I] Global timing cache in use. Profiling results in this builder pass will be stored.
[08/13/2022-15:20:20] [TRT] [I] Detected 1 inputs and 1 output network tensors.
[08/13/2022-15:20:20] [TRT] [I] Total Host Persistent Memory: 656
[08/13/2022-15:20:20] [TRT] [I] Total Device Persistent Memory: 0
[08/13/2022-15:20:20] [TRT] [I] Total Scratch Memory: 0
[08/13/2022-15:20:20] [TRT] [I] [MemUsageStats] Peak memory usage of TRT CPU/GPU memory allocators: CPU 0 MiB, GPU 4 MiB
[08/13/2022-15:20:20] [TRT] [I] [BlockAssignment] Algorithm ShiftNTopDown took 0.001707ms to assign 1 blocks to 1 nodes requiring 16384 bytes.
[08/13/2022-15:20:20] [TRT] [I] Total Activation Memory: 16384
[08/13/2022-15:20:20] [TRT] [I] [MemUsageChange] Init cuBLAS/cuBLASLt: CPU +0, GPU +8, now: CPU 611, GPU 564 (MiB)
[08/13/2022-15:20:20] [TRT] [I] [MemUsageChange] TensorRT-managed allocation in building engine: CPU +0, GPU +4, now: CPU 0, GPU 4 (MiB)
[08/13/2022-15:20:20] [TRT] [W] The getMaxBatchSize() function should not be used with an engine built from a network created with NetworkDefinitionCreationFlag::kEXPLICIT_BATCH flag. This function will always return 1.
[08/13/2022-15:20:20] [TRT] [W] The getMaxBatchSize() function should not be used with an engine built from a network created with NetworkDefinitionCreationFlag::kEXPLICIT_BATCH flag. This function will always return 1.
[08/13/2022-15:20:20] [TRT] [I] [MemUsageChange] Init CUDA: CPU +0, GPU +0, now: CPU 610, GPU 534 (MiB)
[08/13/2022-15:20:20] [TRT] [I] Loaded engine size: 0 MiB
[08/13/2022-15:20:20] [TRT] [I] [MemUsageChange] Init cuBLAS/cuBLASLt: CPU +0, GPU +8, now: CPU 610, GPU 544 (MiB)
[08/13/2022-15:20:20] [TRT] [I] [MemUsageChange] TensorRT-managed allocation in engine deserialization: CPU +0, GPU +0, now: CPU 0, GPU 0 (MiB)
[08/13/2022-15:20:20] [TRT] [I] [MemUsageChange] Init cuBLAS/cuBLASLt: CPU +0, GPU +8, now: CPU 610, GPU 544 (MiB)
[08/13/2022-15:20:20] [TRT] [I] [MemUsageChange] TensorRT-managed allocation in IExecutionContext creation: CPU +0, GPU +0, now: CPU 0, GPU 0 (MiB)
[V] Loaded Module: polygraphy.util    | Path: ['/opt/conda/lib/python3.8/site-packages/polygraphy/util']
[V] Model: model-09-02.onnx
[V] Loaded Module: polygraphy         | Version: 0.38.0 | Path: ['/opt/conda/lib/python3.8/site-packages/polygraphy']
[V] Loaded extension modules: []
[V] Loaded Module: tensorrt           | Version: 8.4.1.5 | Path: ['/opt/conda/lib/python3.8/site-packages/tensorrt']
[I] Will generate inference input data according to provided TensorMetadata: {tensor0 [shape=(64, 64)]}
[I] onnxrt-runner-N0-08/13/22-15:20:17  | Activating and starting inference
[V] Loaded Module: onnxruntime        | Version: 1.12.0 | Path: ['/opt/conda/lib/python3.8/site-packages/onnxruntime']
[I] Creating ONNX-Runtime Inference Session with providers: ['CPUExecutionProvider']
[V] Loaded Module: numpy              | Version: 1.22.4 | Path: ['/opt/conda/lib/python3.8/site-packages/numpy']
[V] Loading inputs from data loader
[V] Generating data using numpy seed: 1
[V] Input tensor: tensor0 | Generating input data in range: [0.0, 1.0]
[I] onnxrt-runner-N0-08/13/22-15:20:17 
    ---- Inference Input(s) ----
    {tensor0 [dtype=float32, shape=(64, 64)]}
[V] Runner input metadata is: {tensor0 [dtype=float32, shape=(64, 64)]}
[I] onnxrt-runner-N0-08/13/22-15:20:17 
    ---- Inference Output(s) ----
    {myMax_10 [dtype=float32, shape=(64, 64)]}
[I] onnxrt-runner-N0-08/13/22-15:20:17  | Completed 1 iteration(s) in 0.1092 ms | Average inference time: 0.1092 ms.
[I] trt-runner-N0-08/13/22-15:20:17     | Activating and starting inference
[V]     Setting TensorRT Optimization Profiles
[V]     Input tensor: tensor0 (dtype=DataType.FLOAT, shape=(64, 64)) | Setting input tensor shapes to: (min=[64, 64], opt=[64, 64], max=[64, 64])
[I]     Configuring with profiles: [Profile().add('tensor0', min=[64, 64], opt=[64, 64], max=[64, 64])]
[I] Building engine with configuration:
    Workspace            | 1000000000 bytes (953.67 MiB)
    Precision            | TF32: False, FP16: False, INT8: False, Obey Precision Constraints: False, Strict Types: False
    Tactic Sources       | ['CUBLAS', 'CUBLAS_LT', 'CUDNN', 'EDGE_MASK_CONVOLUTIONS']
    Safety Restricted    | False
    Profiles             | 1 profile(s)
[I] Finished engine building in 2.105 seconds
[V] Found candidate CUDA libraries: ['/usr/local/cuda/lib64/libcudart.so.11.7.99', '/usr/local/cuda/lib64/libcudart.so.11.0', '/usr/local/cuda/lib64/libcudart.so']
[I] trt-runner-N0-08/13/22-15:20:17    
    ---- Inference Input(s) ----
    {tensor0 [dtype=float32, shape=(64, 64)]}
[V] Runner input metadata is: {tensor0 [dtype=float32, shape=(64, 64)]}
[I] trt-runner-N0-08/13/22-15:20:17    
    ---- Inference Output(s) ----
    {myMax_10 [dtype=float32, shape=(64, 64)]}
[I] trt-runner-N0-08/13/22-15:20:17     | Completed 1 iteration(s) in 0.2952 ms | Average inference time: 0.2952 ms.
[V] Successfully ran: ['onnxrt-runner-N0-08/13/22-15:20:17', 'trt-runner-N0-08/13/22-15:20:17']
[I] Accuracy Comparison | onnxrt-runner-N0-08/13/22-15:20:17 vs. trt-runner-N0-08/13/22-15:20:17
[I]     Comparing Output: 'myMax_10' (dtype=float32, shape=(64, 64)) with 'myMax_10' (dtype=float32, shape=(64, 64))
[I]     Tolerance: [abs=0.001, rel=0.001] | Checking elemwise error
[I]         onnxrt-runner-N0-08/13/22-15:20:17: myMax_10 | Stats: mean=3, std-dev=0, var=0, median=3, min=3 at (0, 0), max=3 at (0, 0), avg-magnitude=3
[V]             ---- Histogram ----
                Bin Range  |  Num Elems | Visualization
                (2.5, 2.6) |          0 | 
                (2.6, 2.7) |          0 | 
                (2.7, 2.8) |          0 | 
                (2.8, 2.9) |          0 | 
                (2.9, 3  ) |          0 | 
                (3  , 3.1) |       4096 | ########################################
                (3.1, 3.2) |          0 | 
                (3.2, 3.3) |          0 | 
                (3.3, 3.4) |          0 | 
                (3.4, 3.5) |          0 | 
[I]         trt-runner-N0-08/13/22-15:20:17: myMax_10 | Stats: mean=3, std-dev=0, var=0, median=3, min=3 at (0, 0), max=3 at (0, 0), avg-magnitude=3
[V]             ---- Histogram ----
                Bin Range  |  Num Elems | Visualization
                (2.5, 2.6) |          0 | 
                (2.6, 2.7) |          0 | 
                (2.7, 2.8) |          0 | 
                (2.8, 2.9) |          0 | 
                (2.9, 3  ) |          0 | 
                (3  , 3.1) |       4096 | ########################################
                (3.1, 3.2) |          0 | 
                (3.2, 3.3) |          0 | 
                (3.3, 3.4) |          0 | 
                (3.4, 3.5) |          0 | 
[I]         Error Metrics: myMax_10
[I]             Minimum Required Tolerance: elemwise error | [abs=0] OR [rel=0] (requirements may be lower if both abs/rel tolerances are set)
[I]             Absolute Difference | Stats: mean=0, std-dev=0, var=0, median=0, min=0 at (0, 0), max=0 at (0, 0), avg-magnitude=0
[V]                 ---- Histogram ----
                    Bin Range    |  Num Elems | Visualization
                    (-0.5, -0.4) |          0 | 
                    (-0.4, -0.3) |          0 | 
                    (-0.3, -0.2) |          0 | 
                    (-0.2, -0.1) |          0 | 
                    (-0.1, 0   ) |          0 | 
                    (0   , 0.1 ) |       4096 | ########################################
                    (0.1 , 0.2 ) |          0 | 
                    (0.2 , 0.3 ) |          0 | 
                    (0.3 , 0.4 ) |          0 | 
                    (0.4 , 0.5 ) |          0 | 
[I]             Relative Difference | Stats: mean=0, std-dev=0, var=0, median=0, min=0 at (0, 0), max=0 at (0, 0), avg-magnitude=0
[V]                 ---- Histogram ----
                    Bin Range    |  Num Elems | Visualization
                    (-0.5, -0.4) |          0 | 
                    (-0.4, -0.3) |          0 | 
                    (-0.3, -0.2) |          0 | 
                    (-0.2, -0.1) |          0 | 
                    (-0.1, 0   ) |          0 | 
                    (0   , 0.1 ) |       4096 | ########################################
                    (0.1 , 0.2 ) |          0 | 
                    (0.2 , 0.3 ) |          0 | 
                    (0.3 , 0.4 ) |          0 | 
                    (0.4 , 0.5 ) |          0 | 
[I]         PASSED | Difference is within tolerance (rel=0.001, abs=0.001)
[I]     PASSED | All outputs matched | Outputs: ['myMax_10']
[I] PASSED | Command: /opt/conda/bin/polygraphy run model-09-02.onnx --onnxrt --trt --pool-limit workspace:1000000000 --atol 1e-3 --rtol 1e-3 --verbose --input-shapes tensor0:[64,64]
