[08/13/2022-15:20:11] [TRT] [I] [MemUsageChange] Init CUDA: CPU +196, GPU +0, now: CPU 215, GPU 404 (MiB)
[08/13/2022-15:20:11] [TRT] [I] [MemUsageChange] Init builder kernel library: CPU +6, GPU +2, now: CPU 240, GPU 406 (MiB)
[08/13/2022-15:20:11] [TRT] [I] ----------------------------------------------------------------
[08/13/2022-15:20:11] [TRT] [I] Input filename:   /work/gitlab/tensorrt-cookbook-in-chinese/08-Tool/OnnxGraphSurgeon/model-08-01.onnx
[08/13/2022-15:20:11] [TRT] [I] ONNX IR version:  0.0.8
[08/13/2022-15:20:11] [TRT] [I] Opset version:    11
[08/13/2022-15:20:11] [TRT] [I] Producer name:    
[08/13/2022-15:20:11] [TRT] [I] Producer version: 
[08/13/2022-15:20:11] [TRT] [I] Domain:           
[08/13/2022-15:20:11] [TRT] [I] Model version:    0
[08/13/2022-15:20:11] [TRT] [I] Doc string:       
[08/13/2022-15:20:11] [TRT] [I] ----------------------------------------------------------------
[08/13/2022-15:20:11] [TRT] [I] [MemUsageChange] Init cuBLAS/cuBLASLt: CPU +255, GPU +106, now: CPU 495, GPU 512 (MiB)
[08/13/2022-15:20:12] [TRT] [I] [MemUsageChange] Init cuDNN: CPU +114, GPU +46, now: CPU 609, GPU 558 (MiB)
[08/13/2022-15:20:12] [TRT] [I] Global timing cache in use. Profiling results in this builder pass will be stored.
[08/13/2022-15:20:12] [TRT] [I] Detected 1 inputs and 1 output network tensors.
[08/13/2022-15:20:12] [TRT] [I] Total Host Persistent Memory: 0
[08/13/2022-15:20:12] [TRT] [I] Total Device Persistent Memory: 0
[08/13/2022-15:20:12] [TRT] [I] Total Scratch Memory: 0
[08/13/2022-15:20:12] [TRT] [I] [MemUsageStats] Peak memory usage of TRT CPU/GPU memory allocators: CPU 0 MiB, GPU 16 MiB
[08/13/2022-15:20:12] [TRT] [I] [BlockAssignment] Algorithm ShiftNTopDown took 0.003421ms to assign 2 blocks to 2 nodes requiring 8 bytes.
[08/13/2022-15:20:12] [TRT] [I] Total Activation Memory: 8
[08/13/2022-15:20:12] [TRT] [I] [MemUsageChange] TensorRT-managed allocation in building engine: CPU +0, GPU +4, now: CPU 0, GPU 4 (MiB)
[08/13/2022-15:20:12] [TRT] [W] The getMaxBatchSize() function should not be used with an engine built from a network created with NetworkDefinitionCreationFlag::kEXPLICIT_BATCH flag. This function will always return 1.
[08/13/2022-15:20:12] [TRT] [W] The getMaxBatchSize() function should not be used with an engine built from a network created with NetworkDefinitionCreationFlag::kEXPLICIT_BATCH flag. This function will always return 1.
[08/13/2022-15:20:12] [TRT] [I] [MemUsageChange] Init CUDA: CPU +0, GPU +0, now: CPU 608, GPU 540 (MiB)
[08/13/2022-15:20:12] [TRT] [I] Loaded engine size: 0 MiB
[08/13/2022-15:20:12] [TRT] [I] [MemUsageChange] TensorRT-managed allocation in engine deserialization: CPU +0, GPU +0, now: CPU 0, GPU 0 (MiB)
[08/13/2022-15:20:12] [TRT] [I] [MemUsageChange] TensorRT-managed allocation in IExecutionContext creation: CPU +0, GPU +0, now: CPU 0, GPU 0 (MiB)
[V] Loaded Module: polygraphy.util    | Path: ['/opt/conda/lib/python3.8/site-packages/polygraphy/util']
[V] Model: model-08-01.onnx
[V] Loaded Module: polygraphy         | Version: 0.38.0 | Path: ['/opt/conda/lib/python3.8/site-packages/polygraphy']
[V] Loaded extension modules: []
[V] Loaded Module: tensorrt           | Version: 8.4.1.5 | Path: ['/opt/conda/lib/python3.8/site-packages/tensorrt']
[I] Will generate inference input data according to provided TensorMetadata: {tensor0 [shape=(4, 3, 64, 64)]}
[I] onnxrt-runner-N0-08/13/22-15:20:10  | Activating and starting inference
[V] Loaded Module: onnxruntime        | Version: 1.12.0 | Path: ['/opt/conda/lib/python3.8/site-packages/onnxruntime']
[I] Creating ONNX-Runtime Inference Session with providers: ['CPUExecutionProvider']
[V] Loaded Module: numpy              | Version: 1.22.4 | Path: ['/opt/conda/lib/python3.8/site-packages/numpy']
[V] Loading inputs from data loader
[V] Generating data using numpy seed: 1
[V] Input tensor: tensor0 | Generating input data in range: [0.0, 1.0]
[I] onnxrt-runner-N0-08/13/22-15:20:10 
    ---- Inference Input(s) ----
    {tensor0 [dtype=float32, shape=(4, 3, 64, 64)]}
[V] Runner input metadata is: {tensor0 [dtype=float32, shape=('B', 3, 64, 64)]}
[I] onnxrt-runner-N0-08/13/22-15:20:10 
    ---- Inference Output(s) ----
    {tensor3 [dtype=float32, shape=(4, 3, 64, 64)]}
[I] onnxrt-runner-N0-08/13/22-15:20:10  | Completed 1 iteration(s) in 0.1745 ms | Average inference time: 0.1745 ms.
[I] trt-runner-N0-08/13/22-15:20:10     | Activating and starting inference
[V]     Setting TensorRT Optimization Profiles
[V]     Input tensor: tensor0 (dtype=DataType.FLOAT, shape=(-1, 3, 64, 64)) | Setting input tensor shapes to: (min=[1, 3, 64, 64], opt=[4, 3, 64, 64], max=[16, 3, 64, 64])
[I]     Configuring with profiles: [Profile().add('tensor0', min=[1, 3, 64, 64], opt=[4, 3, 64, 64], max=[16, 3, 64, 64])]
[I] Building engine with configuration:
    Workspace            | 1000000000 bytes (953.67 MiB)
    Precision            | TF32: False, FP16: False, INT8: False, Obey Precision Constraints: False, Strict Types: False
    Tactic Sources       | ['CUBLAS', 'CUBLAS_LT', 'CUDNN', 'EDGE_MASK_CONVOLUTIONS']
    Safety Restricted    | False
    Profiles             | 1 profile(s)
[I] Finished engine building in 0.508 seconds
[V] Found candidate CUDA libraries: ['/usr/local/cuda/lib64/libcudart.so.11.7.99', '/usr/local/cuda/lib64/libcudart.so.11.0', '/usr/local/cuda/lib64/libcudart.so']
[I] trt-runner-N0-08/13/22-15:20:10    
    ---- Inference Input(s) ----
    {tensor0 [dtype=float32, shape=(4, 3, 64, 64)]}
[V] Runner input metadata is: {tensor0 [dtype=float32, shape=(-1, 3, 64, 64)]}
[V] Setting binding: tensor0 (index: 0) to shape: (4, 3, 64, 64)
[I] trt-runner-N0-08/13/22-15:20:10    
    ---- Inference Output(s) ----
    {tensor3 [dtype=float32, shape=(4, 3, 64, 64)]}
[I] trt-runner-N0-08/13/22-15:20:10     | Completed 1 iteration(s) in 0.4656 ms | Average inference time: 0.4656 ms.
[V] Successfully ran: ['onnxrt-runner-N0-08/13/22-15:20:10', 'trt-runner-N0-08/13/22-15:20:10']
[I] Accuracy Comparison | onnxrt-runner-N0-08/13/22-15:20:10 vs. trt-runner-N0-08/13/22-15:20:10
[I]     Comparing Output: 'tensor3' (dtype=float32, shape=(4, 3, 64, 64)) with 'tensor3' (dtype=float32, shape=(4, 3, 64, 64))
[I]     Tolerance: [abs=0.001, rel=0.001] | Checking elemwise error
[I]         onnxrt-runner-N0-08/13/22-15:20:10: tensor3 | Stats: mean=1.4995, std-dev=0.2893, var=0.083692, median=1.502, min=1 at (3, 2, 35, 12), max=2 at (3, 0, 30, 21), avg-magnitude=1.4995
[V]             ---- Histogram ----
                Bin Range  |  Num Elems | Visualization
                (1  , 1.1) |       4986 | #######################################
                (1.1, 1.2) |       4912 | #######################################
                (1.2, 1.3) |       4978 | #######################################
                (1.3, 1.4) |       4840 | ######################################
                (1.4, 1.5) |       4785 | ######################################
                (1.5, 1.6) |       5011 | ########################################
                (1.6, 1.7) |       4908 | #######################################
                (1.7, 1.8) |       4915 | #######################################
                (1.8, 1.9) |       4899 | #######################################
                (1.9, 2  ) |       4918 | #######################################
[I]         trt-runner-N0-08/13/22-15:20:10: tensor3 | Stats: mean=1.4995, std-dev=0.2893, var=0.083692, median=1.502, min=1 at (3, 2, 35, 12), max=2 at (3, 0, 30, 21), avg-magnitude=1.4995
[V]             ---- Histogram ----
                Bin Range  |  Num Elems | Visualization
                (1  , 1.1) |       4986 | #######################################
                (1.1, 1.2) |       4912 | #######################################
                (1.2, 1.3) |       4978 | #######################################
                (1.3, 1.4) |       4840 | ######################################
                (1.4, 1.5) |       4785 | ######################################
                (1.5, 1.6) |       5011 | ########################################
                (1.6, 1.7) |       4908 | #######################################
                (1.7, 1.8) |       4915 | #######################################
                (1.8, 1.9) |       4899 | #######################################
                (1.9, 2  ) |       4918 | #######################################
[I]         Error Metrics: tensor3
[I]             Minimum Required Tolerance: elemwise error | [abs=0] OR [rel=0] (requirements may be lower if both abs/rel tolerances are set)
[I]             Absolute Difference | Stats: mean=0, std-dev=0, var=0, median=0, min=0 at (0, 0, 0, 0), max=0 at (0, 0, 0, 0), avg-magnitude=0
[V]                 ---- Histogram ----
                    Bin Range    |  Num Elems | Visualization
                    (-0.5, -0.4) |          0 | 
                    (-0.4, -0.3) |          0 | 
                    (-0.3, -0.2) |          0 | 
                    (-0.2, -0.1) |          0 | 
                    (-0.1, 0   ) |          0 | 
                    (0   , 0.1 ) |      49152 | ########################################
                    (0.1 , 0.2 ) |          0 | 
                    (0.2 , 0.3 ) |          0 | 
                    (0.3 , 0.4 ) |          0 | 
                    (0.4 , 0.5 ) |          0 | 
[I]             Relative Difference | Stats: mean=0, std-dev=0, var=0, median=0, min=0 at (0, 0, 0, 0), max=0 at (0, 0, 0, 0), avg-magnitude=0
[V]                 ---- Histogram ----
                    Bin Range    |  Num Elems | Visualization
                    (-0.5, -0.4) |          0 | 
                    (-0.4, -0.3) |          0 | 
                    (-0.3, -0.2) |          0 | 
                    (-0.2, -0.1) |          0 | 
                    (-0.1, 0   ) |          0 | 
                    (0   , 0.1 ) |      49152 | ########################################
                    (0.1 , 0.2 ) |          0 | 
                    (0.2 , 0.3 ) |          0 | 
                    (0.3 , 0.4 ) |          0 | 
                    (0.4 , 0.5 ) |          0 | 
[I]         PASSED | Difference is within tolerance (rel=0.001, abs=0.001)
[I]     PASSED | All outputs matched | Outputs: ['tensor3']
[I] PASSED | Command: /opt/conda/bin/polygraphy run model-08-01.onnx --onnxrt --trt --pool-limit workspace:1000000000 --atol 1e-3 --rtol 1e-3 --verbose --trt-min-shapes tensor0:[1,3,64,64] --trt-opt-shapes tensor0:[4,3,64,64] --trt-max-shapes tensor0:[16,3,64,64] --input-shapes tensor0:[4,3,64,64]
[08/13/2022-15:20:12] [TRT] [I] [MemUsageChange] Init CUDA: CPU +196, GPU +0, now: CPU 215, GPU 404 (MiB)
[08/13/2022-15:20:13] [TRT] [I] [MemUsageChange] Init builder kernel library: CPU +6, GPU +2, now: CPU 240, GPU 406 (MiB)
[08/13/2022-15:20:13] [TRT] [I] ----------------------------------------------------------------
[08/13/2022-15:20:13] [TRT] [I] Input filename:   /work/gitlab/tensorrt-cookbook-in-chinese/08-Tool/OnnxGraphSurgeon/model-08-02.onnx
[08/13/2022-15:20:13] [TRT] [I] ONNX IR version:  0.0.8
[08/13/2022-15:20:13] [TRT] [I] Opset version:    11
[08/13/2022-15:20:13] [TRT] [I] Producer name:    
[08/13/2022-15:20:13] [TRT] [I] Producer version: 
[08/13/2022-15:20:13] [TRT] [I] Domain:           
[08/13/2022-15:20:13] [TRT] [I] Model version:    0
[08/13/2022-15:20:13] [TRT] [I] Doc string:       
[08/13/2022-15:20:13] [TRT] [I] ----------------------------------------------------------------
[08/13/2022-15:20:13] [TRT] [I] [MemUsageChange] Init cuBLAS/cuBLASLt: CPU +255, GPU +106, now: CPU 495, GPU 512 (MiB)
[08/13/2022-15:20:13] [TRT] [I] [MemUsageChange] Init cuDNN: CPU +114, GPU +46, now: CPU 609, GPU 558 (MiB)
[08/13/2022-15:20:13] [TRT] [I] Global timing cache in use. Profiling results in this builder pass will be stored.
[08/13/2022-15:20:13] [TRT] [I] Detected 1 inputs and 1 output network tensors.
[08/13/2022-15:20:13] [TRT] [I] Total Host Persistent Memory: 0
[08/13/2022-15:20:13] [TRT] [I] Total Device Persistent Memory: 0
[08/13/2022-15:20:13] [TRT] [I] Total Scratch Memory: 0
[08/13/2022-15:20:13] [TRT] [I] [MemUsageStats] Peak memory usage of TRT CPU/GPU memory allocators: CPU 0 MiB, GPU 4 MiB
[08/13/2022-15:20:13] [TRT] [I] Total Activation Memory: 0
[08/13/2022-15:20:13] [TRT] [I] [MemUsageChange] TensorRT-managed allocation in building engine: CPU +0, GPU +4, now: CPU 0, GPU 4 (MiB)
[08/13/2022-15:20:13] [TRT] [W] The getMaxBatchSize() function should not be used with an engine built from a network created with NetworkDefinitionCreationFlag::kEXPLICIT_BATCH flag. This function will always return 1.
[08/13/2022-15:20:13] [TRT] [W] The getMaxBatchSize() function should not be used with an engine built from a network created with NetworkDefinitionCreationFlag::kEXPLICIT_BATCH flag. This function will always return 1.
[08/13/2022-15:20:13] [TRT] [I] [MemUsageChange] Init CUDA: CPU +0, GPU +0, now: CPU 608, GPU 540 (MiB)
[08/13/2022-15:20:13] [TRT] [I] Loaded engine size: 0 MiB
[08/13/2022-15:20:13] [TRT] [I] [MemUsageChange] TensorRT-managed allocation in engine deserialization: CPU +0, GPU +0, now: CPU 0, GPU 0 (MiB)
[08/13/2022-15:20:13] [TRT] [I] [MemUsageChange] TensorRT-managed allocation in IExecutionContext creation: CPU +0, GPU +0, now: CPU 0, GPU 0 (MiB)
[V] Loaded Module: polygraphy.util    | Path: ['/opt/conda/lib/python3.8/site-packages/polygraphy/util']
[V] Model: model-08-02.onnx
[V] Loaded Module: polygraphy         | Version: 0.38.0 | Path: ['/opt/conda/lib/python3.8/site-packages/polygraphy']
[V] Loaded extension modules: []
[V] Loaded Module: tensorrt           | Version: 8.4.1.5 | Path: ['/opt/conda/lib/python3.8/site-packages/tensorrt']
[I] Will generate inference input data according to provided TensorMetadata: {tensor1 [shape=(4, 3, 64, 64)]}
[I] onnxrt-runner-N0-08/13/22-15:20:12  | Activating and starting inference
[V] Loaded Module: onnxruntime        | Version: 1.12.0 | Path: ['/opt/conda/lib/python3.8/site-packages/onnxruntime']
[I] Creating ONNX-Runtime Inference Session with providers: ['CPUExecutionProvider']
[V] Loaded Module: numpy              | Version: 1.22.4 | Path: ['/opt/conda/lib/python3.8/site-packages/numpy']
[V] Loading inputs from data loader
[V] Generating data using numpy seed: 1
[V] Input tensor: tensor1 | Generating input data in range: [0.0, 1.0]
[I] onnxrt-runner-N0-08/13/22-15:20:12 
    ---- Inference Input(s) ----
    {tensor1 [dtype=float32, shape=(4, 3, 64, 64)]}
[V] Runner input metadata is: {tensor1 [dtype=float32, shape=('B', 3, 64, 64)]}
[I] onnxrt-runner-N0-08/13/22-15:20:12 
    ---- Inference Output(s) ----
    {tensor2 [dtype=float32, shape=(4, 3, 64, 64)]}
[I] onnxrt-runner-N0-08/13/22-15:20:12  | Completed 1 iteration(s) in 0.1774 ms | Average inference time: 0.1774 ms.
[I] trt-runner-N0-08/13/22-15:20:12     | Activating and starting inference
[V]     Setting TensorRT Optimization Profiles
[V]     Input tensor: tensor1 (dtype=DataType.FLOAT, shape=(-1, 3, 64, 64)) | Setting input tensor shapes to: (min=[1, 3, 64, 64], opt=[4, 3, 64, 64], max=[16, 3, 64, 64])
[I]     Configuring with profiles: [Profile().add('tensor1', min=[1, 3, 64, 64], opt=[4, 3, 64, 64], max=[16, 3, 64, 64])]
[I] Building engine with configuration:
    Workspace            | 1000000000 bytes (953.67 MiB)
    Precision            | TF32: False, FP16: False, INT8: False, Obey Precision Constraints: False, Strict Types: False
    Tactic Sources       | ['CUBLAS', 'CUBLAS_LT', 'CUDNN', 'EDGE_MASK_CONVOLUTIONS']
    Safety Restricted    | False
    Profiles             | 1 profile(s)
[I] Finished engine building in 0.337 seconds
[V] Found candidate CUDA libraries: ['/usr/local/cuda/lib64/libcudart.so.11.7.99', '/usr/local/cuda/lib64/libcudart.so.11.0', '/usr/local/cuda/lib64/libcudart.so']
[I] trt-runner-N0-08/13/22-15:20:12    
    ---- Inference Input(s) ----
    {tensor1 [dtype=float32, shape=(4, 3, 64, 64)]}
[V] Runner input metadata is: {tensor1 [dtype=float32, shape=(-1, 3, 64, 64)]}
[V] Setting binding: tensor1 (index: 0) to shape: (4, 3, 64, 64)
[I] trt-runner-N0-08/13/22-15:20:12    
    ---- Inference Output(s) ----
    {tensor2 [dtype=float32, shape=(4, 3, 64, 64)]}
[I] trt-runner-N0-08/13/22-15:20:12     | Completed 1 iteration(s) in 0.3679 ms | Average inference time: 0.3679 ms.
[V] Successfully ran: ['onnxrt-runner-N0-08/13/22-15:20:12', 'trt-runner-N0-08/13/22-15:20:12']
[I] Accuracy Comparison | onnxrt-runner-N0-08/13/22-15:20:12 vs. trt-runner-N0-08/13/22-15:20:12
[I]     Comparing Output: 'tensor2' (dtype=float32, shape=(4, 3, 64, 64)) with 'tensor2' (dtype=float32, shape=(4, 3, 64, 64))
[I]     Tolerance: [abs=0.001, rel=0.001] | Checking elemwise error
[I]         onnxrt-runner-N0-08/13/22-15:20:12: tensor2 | Stats: mean=1.4995, std-dev=0.2893, var=0.083692, median=1.502, min=1 at (3, 2, 35, 12), max=2 at (3, 0, 30, 21), avg-magnitude=1.4995
[V]             ---- Histogram ----
                Bin Range  |  Num Elems | Visualization
                (1  , 1.1) |       4986 | #######################################
                (1.1, 1.2) |       4912 | #######################################
                (1.2, 1.3) |       4978 | #######################################
                (1.3, 1.4) |       4840 | ######################################
                (1.4, 1.5) |       4785 | ######################################
                (1.5, 1.6) |       5011 | ########################################
                (1.6, 1.7) |       4908 | #######################################
                (1.7, 1.8) |       4915 | #######################################
                (1.8, 1.9) |       4899 | #######################################
                (1.9, 2  ) |       4918 | #######################################
[I]         trt-runner-N0-08/13/22-15:20:12: tensor2 | Stats: mean=1.4995, std-dev=0.2893, var=0.083692, median=1.502, min=1 at (3, 2, 35, 12), max=2 at (3, 0, 30, 21), avg-magnitude=1.4995
[V]             ---- Histogram ----
                Bin Range  |  Num Elems | Visualization
                (1  , 1.1) |       4986 | #######################################
                (1.1, 1.2) |       4912 | #######################################
                (1.2, 1.3) |       4978 | #######################################
                (1.3, 1.4) |       4840 | ######################################
                (1.4, 1.5) |       4785 | ######################################
                (1.5, 1.6) |       5011 | ########################################
                (1.6, 1.7) |       4908 | #######################################
                (1.7, 1.8) |       4915 | #######################################
                (1.8, 1.9) |       4899 | #######################################
                (1.9, 2  ) |       4918 | #######################################
[I]         Error Metrics: tensor2
[I]             Minimum Required Tolerance: elemwise error | [abs=0] OR [rel=0] (requirements may be lower if both abs/rel tolerances are set)
[I]             Absolute Difference | Stats: mean=0, std-dev=0, var=0, median=0, min=0 at (0, 0, 0, 0), max=0 at (0, 0, 0, 0), avg-magnitude=0
[V]                 ---- Histogram ----
                    Bin Range    |  Num Elems | Visualization
                    (-0.5, -0.4) |          0 | 
                    (-0.4, -0.3) |          0 | 
                    (-0.3, -0.2) |          0 | 
                    (-0.2, -0.1) |          0 | 
                    (-0.1, 0   ) |          0 | 
                    (0   , 0.1 ) |      49152 | ########################################
                    (0.1 , 0.2 ) |          0 | 
                    (0.2 , 0.3 ) |          0 | 
                    (0.3 , 0.4 ) |          0 | 
                    (0.4 , 0.5 ) |          0 | 
[I]             Relative Difference | Stats: mean=0, std-dev=0, var=0, median=0, min=0 at (0, 0, 0, 0), max=0 at (0, 0, 0, 0), avg-magnitude=0
[V]                 ---- Histogram ----
                    Bin Range    |  Num Elems | Visualization
                    (-0.5, -0.4) |          0 | 
                    (-0.4, -0.3) |          0 | 
                    (-0.3, -0.2) |          0 | 
                    (-0.2, -0.1) |          0 | 
                    (-0.1, 0   ) |          0 | 
                    (0   , 0.1 ) |      49152 | ########################################
                    (0.1 , 0.2 ) |          0 | 
                    (0.2 , 0.3 ) |          0 | 
                    (0.3 , 0.4 ) |          0 | 
                    (0.4 , 0.5 ) |          0 | 
[I]         PASSED | Difference is within tolerance (rel=0.001, abs=0.001)
[I]     PASSED | All outputs matched | Outputs: ['tensor2']
[I] PASSED | Command: /opt/conda/bin/polygraphy run model-08-02.onnx --onnxrt --trt --pool-limit workspace:1000000000 --atol 1e-3 --rtol 1e-3 --verbose --trt-min-shapes tensor1:[1,3,64,64] --trt-opt-shapes tensor1:[4,3,64,64] --trt-max-shapes tensor1:[16,3,64,64] --input-shapes tensor1:[4,3,64,64]
