[TensorRT-Cookbook] Version: 1.0.0
[07/07/2026-06:31:28] [TRT] [W] Using default stream in enqueueV3() may lead to performance issues due to additional calls to cudaStreamSynchronize() by TensorRT to ensure correct synchronization. Please use non-default stream instead.
============================== Start [case_simple,(),{}]

================ Public members of <tensorrt.tensorrt.IOneHotLayer object at 0x72e43fe9c1b0> (instance)
 0 Callback members: []
 0 Callable methods: []
 1 Non-callable attributions: ['axis']
Input ->DataType.INT32, (3, 4), (3, 4), tensor
Output->DataType.FLOAT, (3, 16, 4), (3, 16, 4), (Unnamed Layer* 2) [OneHot]_output
tensor
[[ 0  1  2  3]
 [ 5  4  3  2]
 [ 5  7  9 11]]
(Unnamed Layer* 2) [OneHot]_output
[[[1. 0. 0. 0.]
  [0. 1. 0. 0.]
  [0. 0. 1. 0.]
  [0. 0. 0. 1.]
  [0. 0. 0. 0.]
  [0. 0. 0. 0.]
  [0. 0. 0. 0.]
  [0. 0. 0. 0.]
  [0. 0. 0. 0.]
  [0. 0. 0. 0.]
  [0. 0. 0. 0.]
  [0. 0. 0. 0.]
  [0. 0. 0. 0.]
  [0. 0. 0. 0.]
  [0. 0. 0. 0.]
  [0. 0. 0. 0.]]

 [[0. 0. 0. 0.]
  [0. 0. 0. 0.]
  [0. 0. 0. 1.]
  [0. 0. 1. 0.]
  [0. 1. 0. 0.]
  [1. 0. 0. 0.]
  [0. 0. 0. 0.]
  [0. 0. 0. 0.]
  [0. 0. 0. 0.]
  [0. 0. 0. 0.]
  [0. 0. 0. 0.]
  [0. 0. 0. 0.]
  [0. 0. 0. 0.]
  [0. 0. 0. 0.]
  [0. 0. 0. 0.]
  [0. 0. 0. 0.]]

 [[0. 0. 0. 0.]
  [0. 0. 0. 0.]
  [0. 0. 0. 0.]
  [0. 0. 0. 0.]
  [0. 0. 0. 0.]
  [1. 0. 0. 0.]
  [0. 0. 0. 0.]
  [0. 1. 0. 0.]
  [0. 0. 0. 0.]
  [0. 0. 1. 0.]
  [0. 0. 0. 0.]
  [0. 0. 0. 1.]
  [0. 0. 0. 0.]
  [0. 0. 0. 0.]
  [0. 0. 0. 0.]
  [0. 0. 0. 0.]]]
============================== End   [case_simple]
Finish
