
tf.nn.conv2d ------------------------------------------------------
Weight:
w1:0 (5, 5, 1, 32)
input:(2, 28, 28, 1),SumAbs=8.02872e+02,Var=0.08171,Max=0.99902,Min=0.00196,SAD=523.30005
	 [0.8369 0.9702 0.4472 0.2846 0.7712] [0.0617 0.8033 0.1269 0.8212 0.8278]
TF output:(2, 28, 28, 32),SumAbs=1.18977e+04,Var=0.08197,Max=0.80867,Min=-0.91408,SAD=17396.17188
	 [-0.2167 -0.2563 -0.033  -0.1389  0.16  ] [0.0525 0.0273 0.1379 0.2999 0.1269]
TRT output:(2, 28, 28, 32),SumAbs=1.18977e+04,Var=0.08197,Max=0.80867,Min=-0.91408,SAD=17396.17188
	 [-0.2167 -0.2563 -0.033  -0.1389  0.16  ] [0.0525 0.0273 0.1379 0.2999 0.1269]
check:True, absDiff=0.000000, relDiff=0.000000

tf.layers.Conv2D --------------------------------------------------
Weight:
w1:0 (5, 5, 1, 32)
convolution/kernel:0 (5, 5, 1, 32)
convolution/bias:0 (32,)
input:(2, 28, 28, 1),SumAbs=8.02872e+02,Var=0.08171,Max=0.99902,Min=0.00196,SAD=523.30005
	 [0.8369 0.9702 0.4472 0.2846 0.7712] [0.0617 0.8033 0.1269 0.8212 0.8278]
TF output:(2, 28, 28, 32),SumAbs=5.34610e+03,Var=0.02233,Max=0.83653,Min=0.00000,SAD=6971.44531
	 [0.     0.0524 0.0772 0.1787 0.    ] [0.     0.0268 0.     0.0668 0.0063]
TRT output:(2, 28, 28, 32),SumAbs=5.34610e+03,Var=0.02233,Max=0.83653,Min=0.00000,SAD=6971.44531
	 [0.     0.0524 0.0772 0.1787 0.    ] [0.     0.0268 0.     0.0668 0.0063]
check:True, absDiff=0.000000, relDiff=0.000000

tf.keras.layers.Conv2D --------------------------------------------
Weight:
w1:0 (5, 5, 1, 32)
convolution/kernel:0 (5, 5, 1, 32)
convolution/bias:0 (32,)
conv2d/kernel:0 (5, 5, 1, 32)
conv2d/bias:0 (32,)
input:(2, 28, 28, 1),SumAbs=8.02872e+02,Var=0.08171,Max=0.99902,Min=0.00196,SAD=523.30005
	 [0.8369 0.9702 0.4472 0.2846 0.7712] [0.0617 0.8033 0.1269 0.8212 0.8278]
TF output:(2, 28, 28, 32),SumAbs=5.27459e+03,Var=0.02359,Max=0.93630,Min=0.00000,SAD=7355.62891
	 [0.4211 0.0456 0.264  0.1219 0.    ] [0.     0.0663 0.0416 0.0928 0.    ]
TRT output:(2, 28, 28, 32),SumAbs=5.27459e+03,Var=0.02359,Max=0.93630,Min=0.00000,SAD=7355.62891
	 [0.4211 0.0456 0.264  0.1219 0.    ] [0.     0.0663 0.0416 0.0928 0.    ]
check:True, absDiff=0.000000, relDiff=0.000000

test finish!
