[TensorRT-Cookbook] Version: 0.1.0
0x72221582d2c0[AddScalarPluginCreator]
0x72221582d2c0[getPluginName]
0x72221582d2c0[getPluginName]
0x72221582d2c0[getPluginNamespace]
0x72221582d2c0[getPluginVersion]
0x72221582d2c0[getPluginVersion]
0x72221582d2c0[getPluginNamespace]
0x72221582d2c0[getPluginNamespace]
0x72221582d2c0[createPlugin]
    0x4f39bb80[AddScalarPlugin]
    0x4f39bb80[getCapabilityInterface]
    0x4f39bb80[getCapabilityInterface]
    0x4f39bb80[getNbOutputs]
    0x4f39bb80[getCapabilityInterface]
    0x4f39bb80[getOutputDataTypes]
    0x4f39bb80[getCapabilityInterface]
    0x4f39bb80[getNbOutputs]
    0x4f39bb80[getCapabilityInterface]
    0x4f39bb80[getCapabilityInterface]
    0x4f39bb80[getNbOutputs]
    0x4f39bb80[clone]
    0x4f39bb80[getCapabilityInterface]
    0x4f39bb80[getCapabilityInterface]
    0x4f39bb80[getPluginName]
    0x4f39c160[getCapabilityInterface]
    0x4f39c160[getNbOutputs]
    0x4f39c160[getCapabilityInterface]
    0x4f39c160[getOutputDataTypes]
    0x4f39c160[getCapabilityInterface]
    0x4f39c160[getOutputShapes]
    0x4f39c160[clone]
    0x5b6cea30[getCapabilityInterface]
    0x5b6cea30[getOutputShapes]
    0x5b6cea30[getCapabilityInterface]
    0x5b6cea30[getOutputShapes]
    0x5b6cea30[getCapabilityInterface]
    0x5b6cea30[getCapabilityInterface]
    0x5b6cea30[clone]
    0x5a5ea6e0[getCapabilityInterface]
    0x5a5ea6e0[getCapabilityInterface]
    0x5a5ea6e0[supportsFormatCombination]
    pos=0:[FP32 ,Unknown,],[LINE ,None ,]->res=1
    0x5a5ea6e0[getCapabilityInterface]
    0x5a5ea6e0[supportsFormatCombination]
    pos=1:[FP32 ,FP32 ,],[LINE ,LINE ,]->res=1
    0x5a5ea6e0[getCapabilityInterface]
    0x5a5ea6e0[getFormatCombinationLimit]
    0x5a5ea6e0[getCapabilityInterface]
    0x5a5ea6e0[supportsFormatCombination]
    pos=1:[FP32 ,FP32 ,],[LINE ,CHW32,]->res=0
    0x5a5ea6e0[getCapabilityInterface]
    0x5a5ea6e0[supportsFormatCombination]
    pos=1:[FP32 ,FP32 ,],[LINE ,HWC  ,]->res=0
    0x5a5ea6e0[getCapabilityInterface]
    0x5a5ea6e0[supportsFormatCombination]
    pos=0:[FP32 ,Unknown,],[CHW32,None ,]->res=0
    0x5a5ea6e0[getCapabilityInterface]
    0x5a5ea6e0[supportsFormatCombination]
    pos=0:[FP32 ,Unknown,],[HWC  ,None ,]->res=0
    0x5a5ea6e0[getCapabilityInterface]
    0x5a5ea6e0[getTimingCacheID]
    0x5a5ea6e0[getCapabilityInterface]
    0x5a5ea6e0[getCapabilityInterface]
    0x5a5ea6e0[supportsFormatCombination]
    pos=0:[FP32 ,Unknown,],[LINE ,None ,]->res=1
    0x5a5ea6e0[getCapabilityInterface]
    0x5a5ea6e0[supportsFormatCombination]
    pos=1:[FP32 ,FP32 ,],[LINE ,LINE ,]->res=1
    0x5a5ea6e0[getCapabilityInterface]
    0x5a5ea6e0[getFormatCombinationLimit]
    0x5a5ea6e0[getCapabilityInterface]
    0x5a5ea6e0[supportsFormatCombination]
    pos=1:[FP32 ,FP32 ,],[LINE ,CHW32,]->res=0
    0x5a5ea6e0[getCapabilityInterface]
    0x5a5ea6e0[supportsFormatCombination]
    pos=1:[FP32 ,FP32 ,],[LINE ,HWC  ,]->res=0
    0x5a5ea6e0[getCapabilityInterface]
    0x5a5ea6e0[supportsFormatCombination]
    pos=0:[FP32 ,Unknown,],[CHW32,None ,]->res=0
    0x5a5ea6e0[getCapabilityInterface]
    0x5a5ea6e0[supportsFormatCombination]
    pos=0:[FP32 ,Unknown,],[HWC  ,None ,]->res=0
    0x5a5ea6e0[getCapabilityInterface]
    0x5a5ea6e0[attachToContext]
    0x5a5ea6e0[clone]
    0x5a5e90a0[getCapabilityInterface]
    0x5a5e90a0[configurePlugin]
    0x5a5e90a0[getCapabilityInterface]
    0x5a5e90a0[getNbTactics]
    0x5a5e90a0[getCapabilityInterface]
    0x5a5e90a0[getValidTactics]
    0x5a5ea6e0[getCapabilityInterface]
    0x5a5ea6e0[getTimingCacheID]
    0x5a5ea6e0[getCapabilityInterface]
    0x5a5ea6e0[attachToContext]
    0x5a5ea6e0[clone]
    0x5a5e8d90[getCapabilityInterface]
    0x5a5e8d90[configurePlugin]
    0x5a5e8d90[getCapabilityInterface]
    0x5a5e8d90[setTactic]
    0x5a5e8d90[getCapabilityInterface]
    0x5a5e8d90[getWorkspaceSize]
    0x5a5e8d90[getCapabilityInterface]
    0x5a5e8d90[getWorkspaceSize]
    0x5a5e8d90[getCapabilityInterface]
    0x5a5e8d90[getWorkspaceSize]
    0x5a5e8d90[getCapabilityInterface]
    0x5a5e8d90[getWorkspaceSize]
    0x5a5e8d90[getCapabilityInterface]
    0x5a5e8d90[getPluginName]
    0x5a5e8d90[getCapabilityInterface]
    0x5a5e8d90[getPluginVersion]
    0x5a5e8d90[getCapabilityInterface]
    0x5a5e8d90[getMetadataString]
    0x5a5e8d90[getCapabilityInterface]
    0x5a5e8d90[getCapabilityInterface]
    0x5a5e8d90[getPluginName]
    0x5a5e8d90[getCapabilityInterface]
    0x5a5e8d90[getPluginVersion]
    0x5a5e8d90[getCapabilityInterface]
    0x5a5e8d90[getPluginNamespace]
    0x5a5e8d90[getCapabilityInterface]
    0x5a5e8d90[getFieldsToSerialize]
    0x5a5e8d90[getCapabilityInterface]
    0x5a5e8d90[getCapabilityInterface]
    0x5a5e8d90[getCapabilityInterface]
    0x5a5e8d90[getPluginName]
    0x5a5e8d90[getCapabilityInterface]
    0x5a5e8d90[getPluginVersion]
    0x5a5e8d90[getCapabilityInterface]
    0x5a5e8d90[getPluginNamespace]
    0x5a5e8d90[getCapabilityInterface]
    0x5a5e8d90[getFieldsToSerialize]
    0x5a5e8d90[getCapabilityInterface]
0x72221582d2c0[getPluginVersion]
0x72221582d2c0[getPluginNamespace]
0x72221582d2c0[getPluginNamespace]
0x72221582d2c0[createPlugin]
    0x5a5ea6e0[AddScalarPlugin]
    0x5a5ea6e0[getCapabilityInterface]
    0x5a5ea6e0[setTactic]
    0x5a5ea6e0[getCapabilityInterface]
    0x5a5ea6e0[attachToContext]
    0x5a5ea6e0[clone]
[04/25/2026-00:44:48] [TRT] [W] Using default stream in enqueueV3() may lead to performance issues due to additional calls to cudaStreamSynchronize() by TensorRT to ensure correct synchronization. Please use non-default stream instead.
    0x5ad1d260[getCapabilityInterface]
    0x5ad1d260[onShapeChange]
    0x5a5ea6e0[getCapabilityInterface]
    0x5ad1d260[getCapabilityInterface]
    0x5ad1d260[enqueue]
0x72221582d2c0[getPluginVersion]
0x72221582d2c0[getPluginNamespace]
0x72221582d2c0[getPluginNamespace]
0x72221582d2c0[createPlugin]
    0x5a5ea6e0[AddScalarPlugin]
    0x5a5ea6e0[getCapabilityInterface]
    0x5a5ea6e0[setTactic]
    0x5a5ea6e0[getCapabilityInterface]
    0x5a5ea6e0[attachToContext]
    0x5a5ea6e0[clone]
[04/25/2026-00:44:48] [TRT] [W] Using default stream in enqueueV3() may lead to performance issues due to additional calls to cudaStreamSynchronize() by TensorRT to ensure correct synchronization. Please use non-default stream instead.
    0x5ad1d4b0[getCapabilityInterface]
    0x5ad1d4b0[onShapeChange]
    0x5a5ea6e0[getCapabilityInterface]
    0x5ad1d4b0[getCapabilityInterface]
    0x5ad1d4b0[enqueue]
============================== Start [case_simple,(),{}]
Input ->DataType.FLOAT, (-1, -1, -1), (3, 4, 5), inputT0
Output->DataType.FLOAT, (-1, -1, -1), (3, 4, 5), outputT0
[check]:True,maxAbsDiff=0.00e+00,meanAbsDiff=0.00e+00,maxRelDiff=0.00e+00,meanRelDiff=0.00e+00
    worstPair=(1.0:1.0)@[0, 0, 0]
============================== End   [case_simple]
============================== Start [case_simple,(),{}]
Input ->DataType.FLOAT, (-1, -1, -1), (3, 4, 5), inputT0
Output->DataType.FLOAT, (-1, -1, -1), (3, 4, 5), outputT0
[check]:True,maxAbsDiff=0.00e+00,meanAbsDiff=0.00e+00,maxRelDiff=0.00e+00,meanRelDiff=0.00e+00
    worstPair=(1.0:1.0)@[0, 0, 0]
============================== End   [case_simple]
Finish
