Fail finding cache file
Fail finding cache file
Succeed building engine
Succeed saving engine (model.trt)
Succeed getting engine for inference
Input -> FP32 , (-1, 1, 28, 28), (1, 1, 28, 28), x
Output-> FP32 , (-1, 10), (1, 10), y
Output-> INT32, (-1, 1), (1, 1), z

x: f, (1, 1, 28, 28)
 0.000  0.000  0.000  0.000  0.000  0.000  0.000  0.000  1.000  0.000  2.000  1.000  0.000  0.000  1.000  0.000  0.000  2.000  0.000  1.000  1.000  1.000  0.000  0.000  0.000  0.000  0.000  0.000
 0.000  0.000  0.000  0.000  0.000  0.000  0.000  0.000  2.000  2.000  0.000  0.000  0.000  0.000  1.000  0.000  1.000  0.000  0.000  0.000  0.000  0.000  0.000  1.000  0.000  0.000  0.000  0.000
 0.000  0.000  0.000  0.000  0.000  0.000  0.000  0.000  0.000  2.000  0.000  2.000  2.000  0.000  0.000  0.000  0.000  1.000  0.000  0.000  2.000  1.000  6.000  0.000  0.000  0.000  0.000  0.000
 0.000  0.000  0.000  0.000  0.000  0.000  0.000  0.000  0.000  1.000  0.000  0.000  0.000  3.000  0.000  0.000  0.000  0.000  2.000  1.000  0.000  0.000  0.000  0.000  0.000  0.000  0.000  0.000
 0.000  0.000  0.000  0.000  0.000  0.000  0.000  0.000  0.000  1.000  0.000  3.000  2.000  0.000  4.000 53.000 129.000 208.000 173.000 136.000 10.000  0.000  0.000  2.000  0.000  0.000  0.000  0.000
 0.000  0.000  0.000  0.000  0.000  0.000  0.000  0.000  3.000  0.000  0.000  0.000  1.000 56.000 173.000 245.000 250.000 255.000 251.000 253.000 169.000  6.000  0.000  1.000  0.000  0.000  0.000  0.000
 0.000  0.000  0.000  0.000  0.000  0.000  0.000  0.000  0.000  0.000  2.000  3.000 52.000 238.000 255.000 216.000 109.000 75.000 116.000 255.000 250.000 79.000  0.000  0.000  0.000  0.000  0.000  0.000
 0.000  0.000  0.000  0.000  0.000  0.000  0.000  0.000  0.000  0.000  2.000 40.000 240.000 252.000 128.000 11.000  0.000  1.000 51.000 255.000 251.000 78.000  0.000  1.000  0.000  0.000  0.000  0.000
 0.000  0.000  0.000  0.000  0.000  0.000  0.000  0.000  1.000  0.000 10.000 181.000 253.000 138.000  0.000  0.000  0.000 32.000 216.000 253.000 203.000 18.000  1.000  0.000  0.000  0.000  0.000  0.000
 0.000  0.000  0.000  0.000  0.000  0.000  0.000  0.000  0.000  3.000  6.000 204.000 255.000 58.000  1.000  0.000 104.000 252.000 254.000 220.000 27.000  0.000  3.000  1.000  0.000  0.000  0.000  0.000
 0.000  0.000  0.000  0.000  0.000  0.000  0.000  0.000  1.000  0.000  1.000 172.000 252.000 65.000 34.000 126.000 239.000 255.000 201.000 56.000  3.000  1.000  0.000  0.000  0.000  0.000  0.000  0.000
 0.000  0.000  0.000  0.000  0.000  0.000  0.000  0.000  0.000  2.000  0.000 178.000 255.000 222.000 228.000 249.000 255.000 251.000 192.000 146.000 26.000  4.000  0.000  1.000  0.000  0.000  0.000  0.000
 0.000  0.000  0.000  0.000  0.000  0.000  0.000  0.000  1.000  1.000  0.000 140.000 252.000 249.000 253.000 250.000 185.000 234.000 136.000 10.000  2.000  0.000  0.000  2.000  0.000  0.000  0.000  0.000
 0.000  0.000  0.000  0.000  0.000  0.000  0.000  0.000  0.000  1.000  0.000 70.000 245.000 255.000 252.000 251.000 191.000 26.000  2.000  0.000  1.000  1.000  3.000  0.000  0.000  0.000  0.000  0.000
 0.000  0.000  0.000  0.000  0.000  0.000  0.000  0.000  1.000  0.000  3.000 38.000 167.000 255.000 255.000 238.000 17.000  0.000  1.000  1.000  0.000  1.000  0.000  4.000  0.000  0.000  0.000  0.000
 0.000  0.000  0.000  0.000  0.000  0.000  0.000  0.000  0.000  0.000 107.000 243.000 250.000 206.000 202.000 254.000 226.000 28.000  0.000  0.000  2.000  1.000  1.000  0.000  0.000  0.000  0.000  0.000
 0.000  0.000  3.000  1.000  0.000  0.000  3.000  0.000  0.000 102.000 242.000 253.000 195.000 46.000 41.000 242.000 253.000 149.000  0.000  0.000  2.000  0.000  0.000  3.000  0.000  0.000  0.000  0.000
 1.000  1.000  0.000  1.000  0.000  1.000  0.000  9.000 155.000 253.000 247.000 116.000 15.000  0.000  0.000 73.000 250.000 251.000 52.000  3.000  0.000  3.000  3.000  0.000  0.000  0.000  0.000  0.000
 0.000  3.000  2.000  0.000  0.000  0.000  0.000 41.000 252.000 255.000 122.000  0.000  0.000  1.000  3.000 17.000 254.000 251.000 62.000  0.000  0.000  1.000  0.000  3.000  0.000  0.000  0.000  0.000
 3.000  0.000  2.000  0.000  2.000  4.000  0.000 198.000 254.000 220.000 13.000  0.000  0.000  1.000  0.000 45.000 255.000 243.000 42.000  2.000  2.000  1.000  0.000  3.000  0.000  0.000  0.000  0.000
 1.000  1.000  0.000  0.000  0.000  0.000 71.000 248.000 253.000 67.000  2.000  1.000  0.000 12.000 101.000 232.000 251.000 128.000  0.000  0.000  0.000  0.000  1.000  0.000  0.000  0.000  0.000  0.000
 0.000  2.000  0.000  0.000  4.000  0.000 76.000 254.000 254.000 80.000 16.000 79.000 169.000 202.000 254.000 253.000 169.000  4.000  0.000  3.000  1.000  3.000  1.000  1.000  0.000  0.000  0.000  0.000
 0.000  0.000  0.000  3.000  0.000  1.000 39.000 227.000 253.000 253.000 236.000 255.000 252.000 253.000 196.000 109.000  6.000  1.000  3.000  0.000  0.000  0.000  1.000  0.000  0.000  0.000  0.000  0.000
 0.000  1.000  0.000  0.000  1.000  1.000  0.000 48.000 229.000 255.000 253.000 223.000 101.000 59.000  0.000  0.000  0.000  2.000  0.000  1.000  2.000  0.000  1.000  1.000  0.000  0.000  0.000  0.000
 0.000  0.000  0.000  0.000  0.000  0.000  0.000  0.000  0.000  0.000  0.000  0.000  0.000  0.000  0.000  0.000  0.000  0.000  0.000  0.000  0.000  0.000  0.000  0.000  0.000  0.000  0.000  0.000
 0.000  0.000  0.000  0.000  0.000  0.000  0.000  0.000  0.000  0.000  0.000  0.000  0.000  0.000  0.000  0.000  0.000  0.000  0.000  0.000  0.000  0.000  0.000  0.000  0.000  0.000  0.000  0.000
 0.000  0.000  0.000  0.000  0.000  0.000  0.000  0.000  0.000  0.000  0.000  0.000  0.000  0.000  0.000  0.000  0.000  0.000  0.000  0.000  0.000  0.000  0.000  0.000  0.000  0.000  0.000  0.000
 0.000  0.000  0.000  0.000  0.000  0.000  0.000  0.000  0.000  0.000  0.000  0.000  0.000  0.000  0.000  0.000  0.000  0.000  0.000  0.000  0.000  0.000  0.000  0.000  0.000  0.000  0.000  0.000




y: f, (1, 10)
 0.102  0.103  0.100  0.100  0.100  0.101  0.098  0.098  0.100  0.099


z: i, (1, 1)
 1.000

Succeed getting engine for inference
Input -> FP32 , (-1, 1, 28, 28), (1, 1, 28, 28), x
Output-> FP32 , (-1, 10), (1, 10), y
Output-> INT32, (-1, 1), (1, 1), z

x: f, (1, 1, 28, 28)
 0.000  0.000  0.000  0.000  0.000  0.000  0.000  0.000  1.000  0.000  2.000  1.000  0.000  0.000  1.000  0.000  0.000  2.000  0.000  1.000  1.000  1.000  0.000  0.000  0.000  0.000  0.000  0.000
 0.000  0.000  0.000  0.000  0.000  0.000  0.000  0.000  2.000  2.000  0.000  0.000  0.000  0.000  1.000  0.000  1.000  0.000  0.000  0.000  0.000  0.000  0.000  1.000  0.000  0.000  0.000  0.000
 0.000  0.000  0.000  0.000  0.000  0.000  0.000  0.000  0.000  2.000  0.000  2.000  2.000  0.000  0.000  0.000  0.000  1.000  0.000  0.000  2.000  1.000  6.000  0.000  0.000  0.000  0.000  0.000
 0.000  0.000  0.000  0.000  0.000  0.000  0.000  0.000  0.000  1.000  0.000  0.000  0.000  3.000  0.000  0.000  0.000  0.000  2.000  1.000  0.000  0.000  0.000  0.000  0.000  0.000  0.000  0.000
 0.000  0.000  0.000  0.000  0.000  0.000  0.000  0.000  0.000  1.000  0.000  3.000  2.000  0.000  4.000 53.000 129.000 208.000 173.000 136.000 10.000  0.000  0.000  2.000  0.000  0.000  0.000  0.000
 0.000  0.000  0.000  0.000  0.000  0.000  0.000  0.000  3.000  0.000  0.000  0.000  1.000 56.000 173.000 245.000 250.000 255.000 251.000 253.000 169.000  6.000  0.000  1.000  0.000  0.000  0.000  0.000
 0.000  0.000  0.000  0.000  0.000  0.000  0.000  0.000  0.000  0.000  2.000  3.000 52.000 238.000 255.000 216.000 109.000 75.000 116.000 255.000 250.000 79.000  0.000  0.000  0.000  0.000  0.000  0.000
 0.000  0.000  0.000  0.000  0.000  0.000  0.000  0.000  0.000  0.000  2.000 40.000 240.000 252.000 128.000 11.000  0.000  1.000 51.000 255.000 251.000 78.000  0.000  1.000  0.000  0.000  0.000  0.000
 0.000  0.000  0.000  0.000  0.000  0.000  0.000  0.000  1.000  0.000 10.000 181.000 253.000 138.000  0.000  0.000  0.000 32.000 216.000 253.000 203.000 18.000  1.000  0.000  0.000  0.000  0.000  0.000
 0.000  0.000  0.000  0.000  0.000  0.000  0.000  0.000  0.000  3.000  6.000 204.000 255.000 58.000  1.000  0.000 104.000 252.000 254.000 220.000 27.000  0.000  3.000  1.000  0.000  0.000  0.000  0.000
 0.000  0.000  0.000  0.000  0.000  0.000  0.000  0.000  1.000  0.000  1.000 172.000 252.000 65.000 34.000 126.000 239.000 255.000 201.000 56.000  3.000  1.000  0.000  0.000  0.000  0.000  0.000  0.000
 0.000  0.000  0.000  0.000  0.000  0.000  0.000  0.000  0.000  2.000  0.000 178.000 255.000 222.000 228.000 249.000 255.000 251.000 192.000 146.000 26.000  4.000  0.000  1.000  0.000  0.000  0.000  0.000
 0.000  0.000  0.000  0.000  0.000  0.000  0.000  0.000  1.000  1.000  0.000 140.000 252.000 249.000 253.000 250.000 185.000 234.000 136.000 10.000  2.000  0.000  0.000  2.000  0.000  0.000  0.000  0.000
 0.000  0.000  0.000  0.000  0.000  0.000  0.000  0.000  0.000  1.000  0.000 70.000 245.000 255.000 252.000 251.000 191.000 26.000  2.000  0.000  1.000  1.000  3.000  0.000  0.000  0.000  0.000  0.000
 0.000  0.000  0.000  0.000  0.000  0.000  0.000  0.000  1.000  0.000  3.000 38.000 167.000 255.000 255.000 238.000 17.000  0.000  1.000  1.000  0.000  1.000  0.000  4.000  0.000  0.000  0.000  0.000
 0.000  0.000  0.000  0.000  0.000  0.000  0.000  0.000  0.000  0.000 107.000 243.000 250.000 206.000 202.000 254.000 226.000 28.000  0.000  0.000  2.000  1.000  1.000  0.000  0.000  0.000  0.000  0.000
 0.000  0.000  3.000  1.000  0.000  0.000  3.000  0.000  0.000 102.000 242.000 253.000 195.000 46.000 41.000 242.000 253.000 149.000  0.000  0.000  2.000  0.000  0.000  3.000  0.000  0.000  0.000  0.000
 1.000  1.000  0.000  1.000  0.000  1.000  0.000  9.000 155.000 253.000 247.000 116.000 15.000  0.000  0.000 73.000 250.000 251.000 52.000  3.000  0.000  3.000  3.000  0.000  0.000  0.000  0.000  0.000
 0.000  3.000  2.000  0.000  0.000  0.000  0.000 41.000 252.000 255.000 122.000  0.000  0.000  1.000  3.000 17.000 254.000 251.000 62.000  0.000  0.000  1.000  0.000  3.000  0.000  0.000  0.000  0.000
 3.000  0.000  2.000  0.000  2.000  4.000  0.000 198.000 254.000 220.000 13.000  0.000  0.000  1.000  0.000 45.000 255.000 243.000 42.000  2.000  2.000  1.000  0.000  3.000  0.000  0.000  0.000  0.000
 1.000  1.000  0.000  0.000  0.000  0.000 71.000 248.000 253.000 67.000  2.000  1.000  0.000 12.000 101.000 232.000 251.000 128.000  0.000  0.000  0.000  0.000  1.000  0.000  0.000  0.000  0.000  0.000
 0.000  2.000  0.000  0.000  4.000  0.000 76.000 254.000 254.000 80.000 16.000 79.000 169.000 202.000 254.000 253.000 169.000  4.000  0.000  3.000  1.000  3.000  1.000  1.000  0.000  0.000  0.000  0.000
 0.000  0.000  0.000  3.000  0.000  1.000 39.000 227.000 253.000 253.000 236.000 255.000 252.000 253.000 196.000 109.000  6.000  1.000  3.000  0.000  0.000  0.000  1.000  0.000  0.000  0.000  0.000  0.000
 0.000  1.000  0.000  0.000  1.000  1.000  0.000 48.000 229.000 255.000 253.000 223.000 101.000 59.000  0.000  0.000  0.000  2.000  0.000  1.000  2.000  0.000  1.000  1.000  0.000  0.000  0.000  0.000
 0.000  0.000  0.000  0.000  0.000  0.000  0.000  0.000  0.000  0.000  0.000  0.000  0.000  0.000  0.000  0.000  0.000  0.000  0.000  0.000  0.000  0.000  0.000  0.000  0.000  0.000  0.000  0.000
 0.000  0.000  0.000  0.000  0.000  0.000  0.000  0.000  0.000  0.000  0.000  0.000  0.000  0.000  0.000  0.000  0.000  0.000  0.000  0.000  0.000  0.000  0.000  0.000  0.000  0.000  0.000  0.000
 0.000  0.000  0.000  0.000  0.000  0.000  0.000  0.000  0.000  0.000  0.000  0.000  0.000  0.000  0.000  0.000  0.000  0.000  0.000  0.000  0.000  0.000  0.000  0.000  0.000  0.000  0.000  0.000
 0.000  0.000  0.000  0.000  0.000  0.000  0.000  0.000  0.000  0.000  0.000  0.000  0.000  0.000  0.000  0.000  0.000  0.000  0.000  0.000  0.000  0.000  0.000  0.000  0.000  0.000  0.000  0.000




y: f, (1, 10)
 0.102  0.103  0.100  0.100  0.100  0.101  0.098  0.098  0.100  0.099


z: i, (1, 1)
 1.000
